<?xml version="1.0" encoding="UTF-8"?>
<testExecutions version="1">
  <file path="/Users/work/Documents/retailcore-mfe-investment-management/src/__tests__/modals/EarlyLiquidation.test.tsx">
    <testCase name="code snippet should render the component with the correct UI elements and styles" duration="207"/>
    <testCase name="code snippet should allow the user to input a reason for part liquidation" duration="57"/>
    <testCase name="code snippet should allow the user to upload supporting documents" duration="71"/>
    <testCase name="code snippet should disable the submit button when the user does not input a reason for part liquidation" duration="66"/>
    <testCase name="code snippet should not allow the user to upload an unsupported file type" duration="62"/>
  </file>
</testExecutions>