<?xml version="1.0" encoding="UTF-8"?>
<testExecutions version="1">
  <file path="/Users/work/Documents/retailcore-mfe-investment-management/src/__tests__/components/product-information.test.tsx">
    <testCase name="ProductInformation should render the form without errors" duration="397"/>
    <testCase name="ProductInformation Changes values" duration="252"/>
    <testCase name="ProductInformation values should not exceed limit when user tries to type beyond limit" duration="5014">
      <failure message="Error: thrown: &quot;Exceeded timeout of 5000 ms for a test."><![CDATA[Error: thrown: "Exceeded timeout of 5000 ms for a test.
Use jest.setTimeout(newTimeout) to increase the timeout value, if this is a long-running test."
    at /Users/work/Documents/retailcore-mfe-investment-management/src/__tests__/components/product-information.test.tsx:62:3
    at _dispatchDescribe (/Users/work/Documents/retailcore-mfe-investment-management/node_modules/jest-circus/build/index.js:98:26)
    at describe (/Users/work/Documents/retailcore-mfe-investment-management/node_modules/jest-circus/build/index.js:60:5)
    at Object.<anonymous> (/Users/work/Documents/retailcore-mfe-investment-management/src/__tests__/components/product-information.test.tsx:28:1)
    at Runtime._execModule (/Users/work/Documents/retailcore-mfe-investment-management/node_modules/jest-runtime/build/index.js:1646:24)
    at Runtime._loadModule (/Users/work/Documents/retailcore-mfe-investment-management/node_modules/jest-runtime/build/index.js:1185:12)
    at Runtime.requireModule (/Users/work/Documents/retailcore-mfe-investment-management/node_modules/jest-runtime/build/index.js:1009:12)
    at jestAdapter (/Users/work/Documents/retailcore-mfe-investment-management/node_modules/jest-circus/build/legacy-code-todo-rewrite/jestAdapter.js:79:13)
    at processTicksAndRejections (node:internal/process/task_queues:95:5)
    at runTestInternal (/Users/work/Documents/retailcore-mfe-investment-management/node_modules/jest-runner/build/runTest.js:389:16)
    at runTest (/Users/work/Documents/retailcore-mfe-investment-management/node_modules/jest-runner/build/runTest.js:475:34)
    at Object.worker (/Users/work/Documents/retailcore-mfe-investment-management/node_modules/jest-runner/build/testWorker.js:133:12)]]></failure>
    </testCase>
    <testCase name="ProductInformation should update character count for product name in real-time" duration="55"/>
    <testCase name="ProductInformation should display negative character count message for product name with more than 50 characters" duration="35"/>
    <testCase name="ProductInformation Should show error when invalid name is typed" duration="72"/>
    <testCase name="ProductInformation Should show error when description is too short" duration="82">
      <failure message="TestingLibraryElementError: Unable to find an element with the text: Minimum of 4 chars. This could be because the text is broken up by multiple elements. In this case, you can provide a function for your text matcher to make your matcher more flexible."><![CDATA[TestingLibraryElementError: Unable to find an element with the text: Minimum of 4 chars. This could be because the text is broken up by multiple elements. In this case, you can provide a function for your text matcher to make your matcher more flexible.

Ignored nodes: comments, script, style
<body>
  <div>
    <form
      data-testid="submit-button"
      id="productform"
    >
      <div
        class=""
      >
        <div
          class="mb-6 flex flex-col gap-[1px]"
        >
          <div
            class="flex itemx-center gap-2 w-[300px]"
          >
             
            <label
              class=" pt-[10px]  flex text-base font-semibold text-[#636363]"
            >
              Product Name
               
              <span
                class="flex"
              >
                 
                <div>
                  <svg
                    data-testid="red-dot"
                    fill="none"
                    height="5"
                    viewBox="0 0 5 5"
                    width="5"
                    xmlns="http://www.w3.org/2000/svg"
                  >
                    <circle
                      cx="2.5"
                      cy="2.5"
                      fill="#CF2A2A"
                      r="2.5"
                    />
                  </svg>
                </div>
              </span>
            </label>
            <div
              class="flex items-end cursor-pointer"
            >
              <div
                aria-describedby="tippy-tooltip-25"
                class="bg-white max-w-[320px]"
                data-tooltipped=""
                style="display: inline;"
              >
                <div
                  class="w-[18px] h-[18px] text-[#636363]"
                >
                  <svg
                    fill="currentColor"
                    height="1em"
                    stroke="currentColor"
                    stroke-width="0"
                    version="1.1"
                    viewBox="0 0 16 16"
                    width="1em"
                    xmlns="http://www.w3.org/2000/svg"
                  >
                    <path
                      d="M7 4.75c0-0.412 0.338-0.75 0.75-0.75h0.5c0.412 0 0.75 0.338 0.75 0.75v0.5c0 0.412-0.338 0.75-0.75 0.75h-0.5c-0.412 0-0.75-0.338-0.75-0.75v-0.5z"
                    />
                    <path
                      d="M10 12h-4v-1h1v-3h-1v-1h3v4h1z"
                    />
                    <path
                      d="M8 0c-4.418 0-8 3.582-8 8s3.582 8 8 8 8-3.582 8-8-3.582-8-8-8zM8 14.5c-3.59 0-6.5-2.91-6.5-6.5s2.91-6.5 6.5-6.5 6.5 2.91 6.5 6.5-2.91 6.5-6.5 6.5z"
                    />
                  </svg>
                </div>
              </div>
            </div>
          </div>
          <div
            class="w-full flex flex-col gap-2"
          >
            <div
              class="relative flex items-center max-w-[642px]"
            >
              <input
                aria-invalid="true"
                class="placeholder-[#BCBBBB] ring-0 outline-none w-full pt-[10px] pb-[16px] border-b border-[#8F8F8F] pr-[74px] placeholder:text-[#BCBBBB] border-red-500 "
                data-testid="product-name"
                maxlength="50"
                placeholder="Enter Name"
                value=""
              />
              <div
                class="absolute right-0 text-xs text-[#8F8F8F] flex items-center gap-x-[11px]"
                data-testid="product-name-char-count"
              >
                <span>
                   
                  50
                  /
                  50
                </span>
                 
                <span>
                  <svg
                    class="text-danger-500 text-xl w-5 h-5"
                    fill="currentColor"
                    height="1em"
                    stroke="currentColor"
                    stroke-width="0"
                    viewBox="0 0 24 24"
                    width="1em"
                    xmlns="http://www.w3.org/2000/svg"
                  >
                    <path
                      d="M12 22C6.47715 22 2 17.5228 2 12C2 6.47715 6.47715 2 12 2C17.5228 2 22 6.47715 22 12C22 17.5228 17.5228 22 12 22ZM11 15V17H13V15H11ZM11 7V13H13V7H11Z"
                    />
                  </svg>
                </span>
              </div>
            </div>
            <span
              class="text-sm text-danger-500"
            >
              Product name is required
            </span>
            
          </div>
        </div>
        <div
          class="mb-6 flex flex-col gap-[1px]"
        >
          <label
            class="w-[300px] pt-[10px]  text-base font-semibold text-[#636363]"
          >
            Slogan
          </label>
          <div
            class="w-full flex flex-col gap-2"
          >
            <div
              class="relative flex items-center"
            >
              <input
                aria-invalid="false"
                class="placeholder-[#BCBBBB] ring-0 outline-none w-full pt-[10px] pb-[16px] border-b border-[#8F8F8F] pr-[74px] placeholder:text-[#BCBBBB] "
                data-testid="investment-slogan"
               ...
    at Object.getElementError (/Users/work/Documents/retailcore-mfe-investment-management/node_modules/@testing-library/dom/dist/config.js:37:19)
    at /Users/work/Documents/retailcore-mfe-investment-management/node_modules/@testing-library/dom/dist/query-helpers.js:76:38
    at /Users/work/Documents/retailcore-mfe-investment-management/node_modules/@testing-library/dom/dist/query-helpers.js:52:17
    at getByText (/Users/work/Documents/retailcore-mfe-investment-management/node_modules/@testing-library/dom/dist/query-helpers.js:95:19)
    at Object.<anonymous> (/Users/work/Documents/retailcore-mfe-investment-management/src/__tests__/components/product-information.test.tsx:124:12)]]></failure>
    </testCase>
  </file>
</testExecutions>