<?xml version="1.0" encoding="UTF-8"?>
<testExecutions version="1">
  <file path="/Users/work/Documents/retailcore-mfe-investment-management/src/__tests__/components/product-information.test.tsx">
    <testCase name="ProductInformation should render the form without errors" duration="184"/>
    <testCase name="ProductInformation Changes values" duration="176"/>
    <testCase name="ProductInformation values should not exceed limit when user tries to type beyond limit" duration="4764"/>
    <testCase name="ProductInformation should update character count for product name in real-time" duration="63"/>
    <testCase name="ProductInformation should display negative character count message for product name with more than 50 characters" duration="39"/>
    <testCase name="ProductInformation Should show error when invalid name is typed" duration="84"/>
    <testCase name="ProductInformation Should show error when description is too short" duration="81"/>
  </file>
</testExecutions>