<?xml version="1.0" encoding="UTF-8"?>
<testExecutions version="1">
  <file path="/Users/work/Documents/retailcore-mfe-investment-management/src/__tests__/pages/investment/term-deposit/create-term-deposit/IndexComponent.test.tsx">
    <testCase name="IndexComponent renders" duration="1194"/>
    <testCase name="IndexComponent Changes values" duration="347"/>
    <testCase name="IndexComponent values should not exceed limit when user tries to type beyond limit" duration="5015">
      <failure message="Error: thrown: &quot;Exceeded timeout of 5000 ms for a test."><![CDATA[Error: thrown: "Exceeded timeout of 5000 ms for a test.
Use jest.setTimeout(newTimeout) to increase the timeout value, if this is a long-running test."
    at /Users/work/Documents/retailcore-mfe-investment-management/src/__tests__/pages/investment/term-deposit/create-term-deposit/IndexComponent.test.tsx:61:5
    at _dispatchDescribe (/Users/work/Documents/retailcore-mfe-investment-management/node_modules/jest-circus/build/index.js:98:26)
    at describe (/Users/work/Documents/retailcore-mfe-investment-management/node_modules/jest-circus/build/index.js:60:5)
    at Object.<anonymous> (/Users/work/Documents/retailcore-mfe-investment-management/src/__tests__/pages/investment/term-deposit/create-term-deposit/IndexComponent.test.tsx:24:1)
    at Runtime._execModule (/Users/work/Documents/retailcore-mfe-investment-management/node_modules/jest-runtime/build/index.js:1646:24)
    at Runtime._loadModule (/Users/work/Documents/retailcore-mfe-investment-management/node_modules/jest-runtime/build/index.js:1185:12)
    at Runtime.requireModule (/Users/work/Documents/retailcore-mfe-investment-management/node_modules/jest-runtime/build/index.js:1009:12)
    at jestAdapter (/Users/work/Documents/retailcore-mfe-investment-management/node_modules/jest-circus/build/legacy-code-todo-rewrite/jestAdapter.js:79:13)
    at processTicksAndRejections (node:internal/process/task_queues:95:5)
    at runTestInternal (/Users/work/Documents/retailcore-mfe-investment-management/node_modules/jest-runner/build/runTest.js:389:16)
    at runTest (/Users/work/Documents/retailcore-mfe-investment-management/node_modules/jest-runner/build/runTest.js:475:34)
    at Object.worker (/Users/work/Documents/retailcore-mfe-investment-management/node_modules/jest-runner/build/testWorker.js:133:12)]]></failure>
    </testCase>
    <testCase name="IndexComponent Show modal when clicking save to Draft" duration="281">
      <failure message="TestingLibraryElementError: Unable to find an element by: [data-testid=&quot;confirm-modal&quot;]"><![CDATA[TestingLibraryElementError: Unable to find an element by: [data-testid="confirm-modal"]

Ignored nodes: comments, script, style
<body>
  <div>
    <div>
      <div
        class="flex flex-col min-h-[100vh] "
      >
        <div
          class="px-[37px] py-[11px] bg-white"
        >
          <h1
            class="text-[#747373] text-[24px] font-bold mb-7 uppercase"
          >
            New Term Deposit Product
          </h1>
          <div
            class="flex items-center gap-x-2"
            data-testid="breadcrumbs"
          >
            <button
              class="py-1 px-1 h-8 w-8 rounded flex items-center justify-center outline-none bg-transparent hover:bg-[#F9F2F2]"
              data-testid="back button"
            >
              <svg
                class="text-[#636363]"
                fill="currentColor"
                height="1em"
                stroke="currentColor"
                stroke-width="0"
                viewBox="0 0 16 16"
                width="1em"
                xmlns="http://www.w3.org/2000/svg"
              >
                <path
                  d="M15 8a.5.5 0 0 0-.5-.5H2.707l3.147-3.146a.5.5 0 1 0-.708-.708l-4 4a.5.5 0 0 0 0 .708l4 4a.5.5 0 0 0 .708-.708L2.707 8.5H14.5A.5.5 0 0 0 15 8z"
                  fill-rule="evenodd"
                />
              </svg>
               
            </button>
            <ul
              class="flex gap-x-8 uppercase items-center"
            >
              <li
                class="first-of-type:hover:bg-[#F9F2F2] hover:bg-[#F9F2F2] cursor-pointer px-2 py-1 rounded first-of-type:cursor-pointer relative text-[#8F8F8F] text-base font-medium last-of-type:text-[#636363] after:absolute after:content-[''] after:right-[-16px] after:top-1/2 after:translate-y-[-50%] after:w-2 after:h-2 after:border-b-2 after:border-r-2 after:border-[#636363] after:-rotate-45 last-of-type:after:content-none"
                data-testid="Product Factory"
              >
                <span>
                  Product Factory
                </span>
              </li>
              <li
                class="first-of-type:hover:bg-[#F9F2F2] hover:bg-[#F9F2F2] cursor-pointer px-2 py-1 rounded first-of-type:cursor-pointer relative text-[#8F8F8F] text-base font-medium last-of-type:text-[#636363] after:absolute after:content-[''] after:right-[-16px] after:top-1/2 after:translate-y-[-50%] after:w-2 after:h-2 after:border-b-2 after:border-r-2 after:border-[#636363] after:-rotate-45 last-of-type:after:content-none"
                data-testid="Investment"
              >
                <span>
                  Investment
                </span>
              </li>
              <li
                class="first-of-type:hover:bg-[#F9F2F2] hover:bg-[#F9F2F2] cursor-pointer px-2 py-1 rounded first-of-type:cursor-pointer relative text-[#8F8F8F] text-base font-medium last-of-type:text-[#636363] after:absolute after:content-[''] after:right-[-16px] after:top-1/2 after:translate-y-[-50%] after:w-2 after:h-2 after:border-b-2 after:border-r-2 after:border-[#636363] after:-rotate-45 last-of-type:after:content-none"
                data-testid="Term Deposit"
              >
                <span>
                  Term Deposit
                </span>
              </li>
              <li
                class="first-of-type:hover:bg-[#F9F2F2]  px-2 py-1 rounded first-of-type:cursor-pointer relative text-[#8F8F8F] text-base font-medium last-of-type:text-[#636363] after:absolute after:content-[''] after:right-[-16px] after:top-1/2 after:translate-y-[-50%] after:w-2 after:h-2 after:border-b-2 after:border-r-2 after:border-[#636363] after:-rotate-45 last-of-type:after:content-none"
                data-testid=""
              >
                <span />
              </li>
            </ul>
          </div>
        </div>
        <div
          class="h-full px-[37px] py-[30px] bg-[#F7F7F7]"
        >
          <div
            class=" bg-[#ffffff] rounded-md px-[100px] pt-[54px] pb-[49px] "
          >
            <div
              class="pb-[49px] "
            >
              <div
                class="flex bg-white justify-center "
              >
                <div
                  class="flex flex-col items-center w-[172px]"
                  data-testid="form-step"
                >
                  <div>
                    <svg
                      fill="none"
                      height="15"
                      viewBox="0 0 16 15"
                      width="16"
                      xmlns="http://www.w3.org/2000/svg"
                    >
                      <g
                        clip-path="url(#clip0_49301_118241)"
                      >
                        <path
                          d="M15.7599 0H-0.0997126C-0.575403 0 -0.841018 0.490595 -0.546427 0.82552L7.38336 9.80718C7.61034 10.0643 8.0474 10.0643 8.27679 9.80718L16.2066 0.82552C16.5012 0.490595 16.2356 0 15.7599 0Z"
                          fill="#CF2A2A"
                        />
                      </g>
                      <defs>
                        <clippath
                          id="clip0_49301_118241"
                        >
                          <rect
                            fill="white"
                            height="15"
                            transform="translate(0.330078)"
                            width="15"
                          />
                        </clippath>
                      </defs>
  ...
    at Object.getElementError (/Users/work/Documents/retailcore-mfe-investment-management/node_modules/@testing-library/dom/dist/config.js:37:19)
    at /Users/work/Documents/retailcore-mfe-investment-management/node_modules/@testing-library/dom/dist/query-helpers.js:76:38
    at /Users/work/Documents/retailcore-mfe-investment-management/node_modules/@testing-library/dom/dist/query-helpers.js:52:17
    at getByTestId (/Users/work/Documents/retailcore-mfe-investment-management/node_modules/@testing-library/dom/dist/query-helpers.js:95:19)
    at Object.<anonymous> (/Users/work/Documents/retailcore-mfe-investment-management/src/__tests__/pages/investment/term-deposit/create-term-deposit/IndexComponent.test.tsx:88:16)
    at runNextTicks (node:internal/process/task_queues:60:5)
    at processTimers (node:internal/timers:504:9)]]></failure>
    </testCase>
    <testCase name="IndexComponent Shows disabled button when form is not valid" duration="79"/>
    <testCase name="IndexComponent Should not have disabled button when fom is valid" duration="209"/>
    <testCase name="handleDetailsSuccess Works" duration="3"/>
  </file>
</testExecutions>