<?xml version="1.0" encoding="UTF-8"?>
<testExecutions version="1">
  <file path="/Users/work/Documents/retailcore-mfe-investment-management/src/__tests__/components/Pages/management/overview/index.test.tsx">
    <testCase name="updateInvestmentTabs should return an array of objects with updated amount and totalValue properties" duration="17"/>
    <testCase name="updateInvestmentTabs should update amount property with the total value of investments for each tab" duration="5"/>
    <testCase name="updateInvestmentTabs should update totalValue property with the total count of investments for each tab" duration="4"/>
    <testCase name="updateInvestmentTabs should return an empty array when the input tabs array is empty" duration="13"/>
    <testCase name="updateInvestmentTabs should return an array of objects with amount property set to 0.00 and totalValue property set to 0 total investments when the input tabs array is empty" duration="3"/>
    <testCase name="updateInvestmentTabs should return an array of objects with the same length as the input tabs array" duration="5"/>
  </file>
  <file path="/Users/work/Documents/retailcore-mfe-investment-management/src/__tests__/components/Pages/management/manage-investment/IndexComponent.test.tsx">
    <testCase name="code snippet should render the Investment Management page with the correct title and breadcrumbs" duration="1464"/>
    <testCase name="code snippet should display the Investment PRODUCTS section with the Individual Investments and Corporate Investments subsections" duration="356"/>
    <testCase name="code snippet should toggle the display of the Individual Investments and Corporate Investments subsections when clicking on their respective headers" duration="904"/>
  </file>
  <file path="/Users/work/Documents/retailcore-mfe-investment-management/src/__tests__/pages/management/IndexComponent.test.tsx">
    <testCase name="Dashboard should render Investment Management dashboard with Overview tab selected by default" duration="1851"/>
    <testCase name="Dashboard should render Investment Management dashboard with Book Investment button" duration="1620"/>
    <testCase name="Dashboard should allow user to switch between Overview, Corporate and Individual tabs" duration="1816"/>
  </file>
  <file path="/Users/work/Documents/retailcore-mfe-investment-management/src/__tests__/Sterling-investment.tsx">
    <testCase name="microfrontend bootstraps the app" duration="23"/>
    <testCase name="microfrontend mounts and unmounts" duration="115"/>
  </file>
  <file path="/Users/work/Documents/retailcore-mfe-investment-management/src/__tests__/pages/management/book-investment/IndexComponent.test.tsx">
    <testCase name="IndexComponent should render the component without crashing" duration="825"/>
    <testCase name="IndexComponent should display the correct title and breadcrumbs based on the investmentType parameter" duration="230"/>
    <testCase name="IndexComponent should render the correct form step based on the step state" duration="175"/>
    <testCase name="handleDraft should set isConfirmOpen to false when called" duration="7"/>
    <testCase name="handleDraft should call modifyProduct with updated form data and isDraft set to true when process is modify" duration="4"/>
    <testCase name="handleDraft should call createInvestment with form data and isDraft set to true when process is create or clone" duration="8"/>
    <testCase name="handleLinks should return the input &quot;links&quot; array unmodified when &quot;process&quot; is not &quot;restructure&quot;" duration="3"/>
    <testCase name="handleLinks should update the title of the object with id=2 to &quot;Restructure Investment&quot; when &quot;process&quot; is &quot;restructure&quot;" duration="4"/>
    <testCase name="handleLinks should return the input &quot;links&quot; array unmodified when &quot;links&quot; array does not contain an object with id=2 and &quot;process&quot; is &quot;restructure&quot;" duration="4"/>
    <testCase name="handleLinks should update the title of the first object with id=2 to &quot;Restructure Investment&quot; when &quot;process&quot; is &quot;restructure&quot; and there are multiple objects with id=2" duration="5"/>
    <testCase name="handleNav should call handleNext and increment step by 1 when current step is less than total number of steps" duration="7"/>
    <testCase name="handleNav should navigate to summary page when current step is equal to total number of steps" duration="25"/>
    <testCase name="handleNav should throw an error when setStep parameter is not a function" duration="36"/>
  </file>
  <file path="/Users/work/Documents/retailcore-mfe-investment-management/src/__tests__/App.test.tsx">
    <testCase name="Test App Component If App is rendered wihout issues" duration="39"/>
  </file>
</testExecutions>