<?xml version="1.0" encoding="UTF-8"?>
<testExecutions version="1">
  <file path="/Users/work/Documents/retailcore-mfe-investment-management/src/__tests__/forms/FormDate.test.tsx">
    <testCase name="FormDate component should update date on date change" duration="63"/>
  </file>
</testExecutions>