<?xml version="1.0" encoding="UTF-8"?>
<testExecutions version="1">
  <file path="/Users/work/Documents/retailcore-mfe-investment-management/src/__tests__/pages/management/book-investment/FormComponent.test.tsx">
    <testCase name="code snippet should render the customer information form when step is 1" duration="87"/>
    <testCase name="code snippet should render the customer information form when step is 2" duration="37"/>
    <testCase name="code snippet should pass the &apos;proceed&apos; function to the &apos;CustomerInformation&apos; component" duration="24"/>
    <testCase name="code snippet should allow the user to input customer information" duration="35"/>
    <testCase name="code snippet should handle invalid input data correctly" duration="23"/>
  </file>
</testExecutions>