<?xml version="1.0" encoding="UTF-8"?>
<testExecutions version="1">
  <file path="/Users/work/Documents/retailcore-mfe-investment-management/src/__tests__/utils/checkDocument.test.tsx">
    <testCase name="checkDocuments should return an object with &apos;hasAllDocuments&apos; property as true when all documents are present in the object" duration="40"/>
    <testCase name="checkDocuments should return an object with &apos;hasAllDocuments&apos; property as false when at least one document is missing from the object" duration="6"/>
    <testCase name="checkDocuments should return an object with &apos;missingDocuments&apos; property as an empty array when all documents are present in the object" duration="3"/>
    <testCase name="checkDocuments should return undefined when the &apos;keys&apos; parameter is undefined" duration="3"/>
    <testCase name="checkDocuments should return undefined when the &apos;obj&apos; parameter is undefined" duration="6"/>
  </file>
</testExecutions>