<?xml version="1.0" encoding="UTF-8"?>
<testExecutions version="1">
  <file path="/Users/work/Documents/retailcore-mfe-investment-management/src/__tests__/components/Pages/management/corporate/TableComponent.test.tsx">
    <testCase name="handleDropdown should return an array of options based on the status, isChecker, locked, and permissions parameters" duration="11"/>
    <testCase name="handleDropdown should filter out &quot;deactivate&quot; and &quot;activate&quot; options if user does not have &quot;CREATE_PRODUCT&quot; permission" duration="3"/>
    <testCase name="handleDropdown should filter out &quot;modify&quot; option if user does not have &quot;CREATE_PRODUCT&quot; permission and is not a checker" duration="2"/>
    <testCase name="handleDropdown should return an array with only &quot;view&quot; option if locked parameter is true and &quot;view&quot; option exists" duration="5"/>
    <testCase name="handleDropdown should return an empty array if locked parameter is true and &quot;view&quot; option does not exist" duration="2"/>
    <testCase name="handleDropdown should return an array with only &quot;view&quot; option if isChecker parameter is true and &quot;view&quot; option exists" duration="2"/>
    <testCase name="handleHeaders should filter out &apos;created_by&apos; when isChecker is true" duration="0"/>
    <testCase name="handleHeaders should filter out &apos;approved_By&apos; when isChecker is false" duration="0"/>
    <testCase name="handleDownload should generate CSV for requests category" duration="0"/>
    <testCase name="handleDownload should generate CSV for product category" duration="0"/>
    <testCase name="handleDownload should not generate CSV if downloadData is empty" duration="0"/>
    <testCase name="initiateDownload should download all requests when category is &quot;requests&quot;" duration="0"/>
    <testCase name="initiateDownload should not call download functions when category is not &quot;all products&quot; or &quot;requests&quot;" duration="0"/>
    <testCase name="initiateDownload should call downloadProducts with the correct parameters when category is Investments" duration="0"/>
    <testCase name="initiateDownload should call downloadRequests with the correct parameters when category is not Investments" duration="0"/>
    <testCase name="initiateDownload should not call downloadProducts or downloadRequests when category is not defined or has an invalid value" duration="0"/>
    <testCase name="getSearchResult should call setSearchResults with an empty array when value is empty" duration="0"/>
    <testCase name="getSearchResult should call getRequests with the correct parameters when category is Requests" duration="0"/>
    <testCase name="getSearchResult should call setSearchResults with an empty array when value is null" duration="0"/>
    <testCase name="getSearchResult should not call setSearchResults when category is not a valid StatusCategoryType" duration="0"/>
  </file>
</testExecutions>