<?xml version="1.0" encoding="UTF-8"?>
<testExecutions version="1">
  <file path="/Users/work/Documents/retailcore-mfe-investment-management/src/__tests__/components/ui/Tooltip.test.tsx">
    <testCase name="Tooltip Should render without error" duration="48"/>
  </file>
</testExecutions>