<?xml version="1.0" encoding="UTF-8"?>
<testExecutions version="1">
<<<<<<< HEAD
  <file path="/Users/mac/Work/kpmg/investment-management/src/__tests__/forms/FormDate.test.tsx">
    <testCase name="FormDate component should update date on date change" duration="122">
=======
  <file path="/Users/user/Documents/GitHub/retailcore-mfe-investment-management/src/__tests__/components/table/index.test.tsx">
  </file>
  <file path="/Users/user/Documents/GitHub/retailcore-mfe-investment-management/src/__tests__/components/investment/dashboard/TableComponent.test.tsx">
    <testCase name="handleDropdown should return an array of options based on the status, isChecker, locked, and permissions parameters" duration="6"/>
    <testCase name="handleDropdown should filter out &quot;deactivate&quot; and &quot;activate&quot; options if user does not have &quot;CREATE_PRODUCT&quot; permission" duration="1"/>
    <testCase name="handleDropdown should filter out &quot;modify&quot; option if user does not have &quot;CREATE_PRODUCT&quot; permission and is not a checker" duration="2"/>
    <testCase name="handleDropdown should return an array with only &quot;view&quot; option if locked parameter is true and &quot;view&quot; option exists" duration="1"/>
    <testCase name="handleDropdown should return an empty array if locked parameter is true and &quot;view&quot; option does not exist" duration="1"/>
    <testCase name="handleDropdown should return an array with only &quot;view&quot; option if isChecker parameter is true and &quot;view&quot; option exists" duration="2"/>
    <testCase name="handleHeaders should filter out &apos;created_by&apos; when isChecker is true" duration="18">
      <failure message="Error: expect(received).toEqual(expected) // deep equality"><![CDATA[Error: expect(received).toEqual(expected) // deep equality

- Expected  - 0
+ Received  + 3

  Array [
    Object {
+     "key": "created_by",
+   },
+   Object {
      "key": "other_key",
    },
  ]
    at Object.<anonymous> (/Users/user/Documents/GitHub/retailcore-mfe-investment-management/src/__tests__/components/investment/dashboard/TableComponent.test.tsx:194:20)
    at Promise.then.completed (/Users/user/Documents/GitHub/retailcore-mfe-investment-management/node_modules/jest-circus/build/utils.js:391:28)
    at new Promise (<anonymous>)
    at callAsyncCircusFn (/Users/user/Documents/GitHub/retailcore-mfe-investment-management/node_modules/jest-circus/build/utils.js:316:10)
    at _callCircusTest (/Users/user/Documents/GitHub/retailcore-mfe-investment-management/node_modules/jest-circus/build/run.js:218:40)
    at processTicksAndRejections (node:internal/process/task_queues:95:5)
    at _runTest (/Users/user/Documents/GitHub/retailcore-mfe-investment-management/node_modules/jest-circus/build/run.js:155:3)
    at _runTestsForDescribeBlock (/Users/user/Documents/GitHub/retailcore-mfe-investment-management/node_modules/jest-circus/build/run.js:66:9)
    at _runTestsForDescribeBlock (/Users/user/Documents/GitHub/retailcore-mfe-investment-management/node_modules/jest-circus/build/run.js:60:9)
    at run (/Users/user/Documents/GitHub/retailcore-mfe-investment-management/node_modules/jest-circus/build/run.js:25:3)
    at runAndTransformResultsToJestFormat (/Users/user/Documents/GitHub/retailcore-mfe-investment-management/node_modules/jest-circus/build/legacy-code-todo-rewrite/jestAdapterInit.js:170:21)
    at jestAdapter (/Users/user/Documents/GitHub/retailcore-mfe-investment-management/node_modules/jest-circus/build/legacy-code-todo-rewrite/jestAdapter.js:82:19)
    at runTestInternal (/Users/user/Documents/GitHub/retailcore-mfe-investment-management/node_modules/jest-runner/build/runTest.js:389:16)
    at runTest (/Users/user/Documents/GitHub/retailcore-mfe-investment-management/node_modules/jest-runner/build/runTest.js:475:34)
    at Object.worker (/Users/user/Documents/GitHub/retailcore-mfe-investment-management/node_modules/jest-runner/build/testWorker.js:133:12)]]></failure>
    </testCase>
    <testCase name="handleHeaders should filter out &apos;approved_By&apos; when isChecker is false" duration="1">
      <failure message="Error: expect(received).toEqual(expected) // deep equality"><![CDATA[Error: expect(received).toEqual(expected) // deep equality

- Expected  - 0
+ Received  + 3

  Array [
    Object {
+     "key": "approved_By",
+   },
+   Object {
      "key": "other_key",
    },
  ]
    at Object.<anonymous> (/Users/user/Documents/GitHub/retailcore-mfe-investment-management/src/__tests__/components/investment/dashboard/TableComponent.test.tsx:203:20)
    at Promise.then.completed (/Users/user/Documents/GitHub/retailcore-mfe-investment-management/node_modules/jest-circus/build/utils.js:391:28)
    at new Promise (<anonymous>)
    at callAsyncCircusFn (/Users/user/Documents/GitHub/retailcore-mfe-investment-management/node_modules/jest-circus/build/utils.js:316:10)
    at _callCircusTest (/Users/user/Documents/GitHub/retailcore-mfe-investment-management/node_modules/jest-circus/build/run.js:218:40)
    at processTicksAndRejections (node:internal/process/task_queues:95:5)
    at _runTest (/Users/user/Documents/GitHub/retailcore-mfe-investment-management/node_modules/jest-circus/build/run.js:155:3)
    at _runTestsForDescribeBlock (/Users/user/Documents/GitHub/retailcore-mfe-investment-management/node_modules/jest-circus/build/run.js:66:9)
    at _runTestsForDescribeBlock (/Users/user/Documents/GitHub/retailcore-mfe-investment-management/node_modules/jest-circus/build/run.js:60:9)
    at run (/Users/user/Documents/GitHub/retailcore-mfe-investment-management/node_modules/jest-circus/build/run.js:25:3)
    at runAndTransformResultsToJestFormat (/Users/user/Documents/GitHub/retailcore-mfe-investment-management/node_modules/jest-circus/build/legacy-code-todo-rewrite/jestAdapterInit.js:170:21)
    at jestAdapter (/Users/user/Documents/GitHub/retailcore-mfe-investment-management/node_modules/jest-circus/build/legacy-code-todo-rewrite/jestAdapter.js:82:19)
    at runTestInternal (/Users/user/Documents/GitHub/retailcore-mfe-investment-management/node_modules/jest-runner/build/runTest.js:389:16)
    at runTest (/Users/user/Documents/GitHub/retailcore-mfe-investment-management/node_modules/jest-runner/build/runTest.js:475:34)
    at Object.worker (/Users/user/Documents/GitHub/retailcore-mfe-investment-management/node_modules/jest-runner/build/testWorker.js:133:12)]]></failure>
    </testCase>
    <testCase name="handleDownload should generate CSV for requests category" duration="12"/>
    <testCase name="handleDownload should generate CSV for product category" duration="1"/>
    <testCase name="handleDownload should not generate CSV if downloadData is empty" duration="1"/>
  </file>
  <file path="/Users/user/Documents/GitHub/retailcore-mfe-investment-management/src/__tests__/forms/FormDate.test.tsx">
    <testCase name="FormDate component should update date on date change" duration="141">
>>>>>>> 23757ba4e8b87d88019bf936c7fdfe12b2a96598
      <failure message="TestingLibraryElementError: Unable to find an element by: [data-testid=&quot;date-picker&quot;]"><![CDATA[TestingLibraryElementError: Unable to find an element by: [data-testid="date-picker"]

Ignored nodes: comments, script, style
<body>
  <div>
    <div>
      <div
        class="relative flex items-center date-picker"
      >
        <div
          class="react-datepicker-wrapper"
        >
          <div
            class="react-datepicker__input-container react-datepicker__view-calendar-icon"
          >
            <svg
              class="react-datepicker__calendar-icon"
              viewBox="0 0 448 512"
              xmlns="http://www.w3.org/2000/svg"
            >
              <path
                d="M96 32V64H48C21.5 64 0 85.5 0 112v48H448V112c0-26.5-21.5-48-48-48H352V32c0-17.7-14.3-32-32-32s-32 14.3-32 32V64H160V32c0-17.7-14.3-32-32-32S96 14.3 96 32zM448 192H0V464c0 26.5 21.5 48 48 48H400c26.5 0 48-21.5 48-48V192z"
              />
            </svg>
            <input
              class="placeholder-[#BCBBBB] ring-0 outline-none w-full py-1 pl-2 pr-4 border-b placeholder:text-[#BCBBBB] border-[#8F8F8F]"
              placeholder="dd/mm/yyyy"
              type="text"
              value="31/12/2023"
            />
          </div>
        </div>
      </div>
    </div>
  </div>
</body>
    at Object.getElementError (/Users/user/Documents/GitHub/retailcore-mfe-investment-management/node_modules/@testing-library/dom/dist/config.js:37:19)
    at /Users/user/Documents/GitHub/retailcore-mfe-investment-management/node_modules/@testing-library/dom/dist/query-helpers.js:76:38
    at /Users/user/Documents/GitHub/retailcore-mfe-investment-management/node_modules/@testing-library/dom/dist/query-helpers.js:52:17
    at getByTestId (/Users/user/Documents/GitHub/retailcore-mfe-investment-management/node_modules/@testing-library/dom/dist/query-helpers.js:95:19)
    at Object.<anonymous> (/Users/user/Documents/GitHub/retailcore-mfe-investment-management/src/__tests__/forms/FormDate.test.tsx:20:36)
    at Promise.then.completed (/Users/user/Documents/GitHub/retailcore-mfe-investment-management/node_modules/jest-circus/build/utils.js:391:28)
    at new Promise (<anonymous>)
    at callAsyncCircusFn (/Users/user/Documents/GitHub/retailcore-mfe-investment-management/node_modules/jest-circus/build/utils.js:316:10)
    at _callCircusTest (/Users/user/Documents/GitHub/retailcore-mfe-investment-management/node_modules/jest-circus/build/run.js:218:40)
    at processTicksAndRejections (node:internal/process/task_queues:95:5)
    at _runTest (/Users/user/Documents/GitHub/retailcore-mfe-investment-management/node_modules/jest-circus/build/run.js:155:3)
    at _runTestsForDescribeBlock (/Users/user/Documents/GitHub/retailcore-mfe-investment-management/node_modules/jest-circus/build/run.js:66:9)
    at _runTestsForDescribeBlock (/Users/user/Documents/GitHub/retailcore-mfe-investment-management/node_modules/jest-circus/build/run.js:60:9)
    at run (/Users/user/Documents/GitHub/retailcore-mfe-investment-management/node_modules/jest-circus/build/run.js:25:3)
    at runAndTransformResultsToJestFormat (/Users/user/Documents/GitHub/retailcore-mfe-investment-management/node_modules/jest-circus/build/legacy-code-todo-rewrite/jestAdapterInit.js:170:21)
    at jestAdapter (/Users/user/Documents/GitHub/retailcore-mfe-investment-management/node_modules/jest-circus/build/legacy-code-todo-rewrite/jestAdapter.js:82:19)
    at runTestInternal (/Users/user/Documents/GitHub/retailcore-mfe-investment-management/node_modules/jest-runner/build/runTest.js:389:16)
    at runTest (/Users/user/Documents/GitHub/retailcore-mfe-investment-management/node_modules/jest-runner/build/runTest.js:475:34)
    at Object.worker (/Users/user/Documents/GitHub/retailcore-mfe-investment-management/node_modules/jest-runner/build/testWorker.js:133:12)]]></failure>
    </testCase>
<<<<<<< HEAD
    <testCase name="FormDate component should display error message when there is an error" duration="40">
=======
    <testCase name="FormDate component should display error message when there is an error" duration="48">
>>>>>>> 23757ba4e8b87d88019bf936c7fdfe12b2a96598
      <failure message="TypeError: handleChange is not a function"><![CDATA[TypeError: handleChange is not a function
    at /Users/user/Documents/GitHub/retailcore-mfe-investment-management/src/components/forms/FormDate.tsx:42:5
    at invokePassiveEffectCreate (/Users/user/Documents/GitHub/retailcore-mfe-investment-management/node_modules/react-dom/cjs/react-dom.development.js:23487:20)
    at HTMLUnknownElement.callCallback (/Users/user/Documents/GitHub/retailcore-mfe-investment-management/node_modules/react-dom/cjs/react-dom.development.js:3945:14)
    at HTMLUnknownElement.callTheUserObjectsOperation (/Users/user/Documents/GitHub/retailcore-mfe-investment-management/node_modules/jsdom/lib/jsdom/living/generated/EventListener.js:26:30)
    at innerInvokeEventListeners (/Users/user/Documents/GitHub/retailcore-mfe-investment-management/node_modules/jsdom/lib/jsdom/living/events/EventTarget-impl.js:338:25)
    at invokeEventListeners (/Users/user/Documents/GitHub/retailcore-mfe-investment-management/node_modules/jsdom/lib/jsdom/living/events/EventTarget-impl.js:274:3)
    at HTMLUnknownElementImpl._dispatch (/Users/user/Documents/GitHub/retailcore-mfe-investment-management/node_modules/jsdom/lib/jsdom/living/events/EventTarget-impl.js:221:9)
    at HTMLUnknownElementImpl.dispatchEvent (/Users/user/Documents/GitHub/retailcore-mfe-investment-management/node_modules/jsdom/lib/jsdom/living/events/EventTarget-impl.js:94:17)
    at HTMLUnknownElement.dispatchEvent (/Users/user/Documents/GitHub/retailcore-mfe-investment-management/node_modules/jsdom/lib/jsdom/living/generated/EventTarget.js:231:34)
    at Object.invokeGuardedCallbackDev (/Users/user/Documents/GitHub/retailcore-mfe-investment-management/node_modules/react-dom/cjs/react-dom.development.js:3994:16)
    at invokeGuardedCallback (/Users/user/Documents/GitHub/retailcore-mfe-investment-management/node_modules/react-dom/cjs/react-dom.development.js:4056:31)
    at flushPassiveEffectsImpl (/Users/user/Documents/GitHub/retailcore-mfe-investment-management/node_modules/react-dom/cjs/react-dom.development.js:23574:9)
    at unstable_runWithPriority (/Users/user/Documents/GitHub/retailcore-mfe-investment-management/node_modules/scheduler/cjs/scheduler.development.js:468:12)
    at runWithPriority$1 (/Users/user/Documents/GitHub/retailcore-mfe-investment-management/node_modules/react-dom/cjs/react-dom.development.js:11276:10)
    at flushPassiveEffects (/Users/user/Documents/GitHub/retailcore-mfe-investment-management/node_modules/react-dom/cjs/react-dom.development.js:23447:14)
    at performSyncWorkOnRoot (/Users/user/Documents/GitHub/retailcore-mfe-investment-management/node_modules/react-dom/cjs/react-dom.development.js:22269:3)
    at /Users/user/Documents/GitHub/retailcore-mfe-investment-management/node_modules/react-dom/cjs/react-dom.development.js:11327:26
    at unstable_runWithPriority (/Users/user/Documents/GitHub/retailcore-mfe-investment-management/node_modules/scheduler/cjs/scheduler.development.js:468:12)
    at runWithPriority$1 (/Users/user/Documents/GitHub/retailcore-mfe-investment-management/node_modules/react-dom/cjs/react-dom.development.js:11276:10)
    at flushSyncCallbackQueueImpl (/Users/user/Documents/GitHub/retailcore-mfe-investment-management/node_modules/react-dom/cjs/react-dom.development.js:11322:9)
    at flushSyncCallbackQueue (/Users/user/Documents/GitHub/retailcore-mfe-investment-management/node_modules/react-dom/cjs/react-dom.development.js:11309:3)
    at batchedUpdates$1 (/Users/user/Documents/GitHub/retailcore-mfe-investment-management/node_modules/react-dom/cjs/react-dom.development.js:22387:7)
    at act (/Users/user/Documents/GitHub/retailcore-mfe-investment-management/node_modules/react-dom/cjs/react-dom-test-utils.development.js:1042:14)
    at render (/Users/user/Documents/GitHub/retailcore-mfe-investment-management/node_modules/@testing-library/react/dist/pure.js:97:26)
    at Object.<anonymous> (/Users/user/Documents/GitHub/retailcore-mfe-investment-management/src/__tests__/forms/FormDate.test.tsx:34:11)
    at Promise.then.completed (/Users/user/Documents/GitHub/retailcore-mfe-investment-management/node_modules/jest-circus/build/utils.js:391:28)
    at new Promise (<anonymous>)
    at callAsyncCircusFn (/Users/user/Documents/GitHub/retailcore-mfe-investment-management/node_modules/jest-circus/build/utils.js:316:10)
    at _callCircusTest (/Users/user/Documents/GitHub/retailcore-mfe-investment-management/node_modules/jest-circus/build/run.js:218:40)
    at processTicksAndRejections (node:internal/process/task_queues:95:5)
    at _runTest (/Users/user/Documents/GitHub/retailcore-mfe-investment-management/node_modules/jest-circus/build/run.js:155:3)
    at _runTestsForDescribeBlock (/Users/user/Documents/GitHub/retailcore-mfe-investment-management/node_modules/jest-circus/build/run.js:66:9)
    at _runTestsForDescribeBlock (/Users/user/Documents/GitHub/retailcore-mfe-investment-management/node_modules/jest-circus/build/run.js:60:9)
    at run (/Users/user/Documents/GitHub/retailcore-mfe-investment-management/node_modules/jest-circus/build/run.js:25:3)
    at runAndTransformResultsToJestFormat (/Users/user/Documents/GitHub/retailcore-mfe-investment-management/node_modules/jest-circus/build/legacy-code-todo-rewrite/jestAdapterInit.js:170:21)
    at jestAdapter (/Users/user/Documents/GitHub/retailcore-mfe-investment-management/node_modules/jest-circus/build/legacy-code-todo-rewrite/jestAdapter.js:82:19)
    at runTestInternal (/Users/user/Documents/GitHub/retailcore-mfe-investment-management/node_modules/jest-runner/build/runTest.js:389:16)
    at runTest (/Users/user/Documents/GitHub/retailcore-mfe-investment-management/node_modules/jest-runner/build/runTest.js:475:34)
    at Object.worker (/Users/user/Documents/GitHub/retailcore-mfe-investment-management/node_modules/jest-runner/build/testWorker.js:133:12)]]></failure>
    </testCase>
  </file>
<<<<<<< HEAD
  <file path="/Users/mac/Work/kpmg/investment-management/src/__tests__/forms/Checkbox.test.tsx">
    <testCase name="Checkbox renders without crashing" duration="57"/>
    <testCase name="Checkbox matches snapshot" duration="40">
      <failure message="Error: expect([38;2;0;95;95m[48;2;215;255;255mreceived).toMatchSnapshot()"><![CDATA[Error: expect([38;2;0;95;95m[48;2;215;255;255mreceived).toMatchSnapshot()

Snapshot name: `Checkbox matches snapshot 1`

[38;2;128;0;128m[48;2;255;215;255m- Snapshot  - 1
[38;2;0;95;95m[48;2;215;255;255m+ Received  + 6

@@ -6,11 +6,16 @@
        <input
          class="accent-sterling-red-800"
          data-testid="Test"
          type="checkbox"
        />
[38;2;128;0;128m[48;2;255;215;255m-       <span>
[38;2;0;95;95m[48;2;215;255;255m+       <span
[38;2;0;95;95m[48;2;215;255;255m+         class="whitespace-nowrap block"
[38;2;0;95;95m[48;2;215;255;255m+       >
          Test
        </span>
[38;2;0;95;95m[48;2;215;255;255m+       <span
[38;2;0;95;95m[48;2;215;255;255m+         class="whitespace-nowrap text-xs text-[#aaa]"
[38;2;0;95;95m[48;2;215;255;255m+       />
      </label>
    </div>
  </DocumentFragment>
    at Object.<anonymous> (/Users/mac/Work/kpmg/investment-management/src/__tests__/forms/Checkbox.test.tsx:14:26)
    at Promise.then.completed (/Users/mac/Work/kpmg/investment-management/node_modules/jest-circus/build/utils.js:391:28)
    at new Promise (<anonymous>)
    at callAsyncCircusFn (/Users/mac/Work/kpmg/investment-management/node_modules/jest-circus/build/utils.js:316:10)
    at _callCircusTest (/Users/mac/Work/kpmg/investment-management/node_modules/jest-circus/build/run.js:218:40)
    at processTicksAndRejections (node:internal/process/task_queues:96:5)
    at _runTest (/Users/mac/Work/kpmg/investment-management/node_modules/jest-circus/build/run.js:155:3)
    at _runTestsForDescribeBlock (/Users/mac/Work/kpmg/investment-management/node_modules/jest-circus/build/run.js:66:9)
    at _runTestsForDescribeBlock (/Users/mac/Work/kpmg/investment-management/node_modules/jest-circus/build/run.js:60:9)
    at run (/Users/mac/Work/kpmg/investment-management/node_modules/jest-circus/build/run.js:25:3)
    at runAndTransformResultsToJestFormat (/Users/mac/Work/kpmg/investment-management/node_modules/jest-circus/build/legacy-code-todo-rewrite/jestAdapterInit.js:170:21)
    at jestAdapter (/Users/mac/Work/kpmg/investment-management/node_modules/jest-circus/build/legacy-code-todo-rewrite/jestAdapter.js:82:19)
    at runTestInternal (/Users/mac/Work/kpmg/investment-management/node_modules/jest-runner/build/runTest.js:389:16)
    at runTest (/Users/mac/Work/kpmg/investment-management/node_modules/jest-runner/build/runTest.js:475:34)
    at Object.worker (/Users/mac/Work/kpmg/investment-management/node_modules/jest-runner/build/testWorker.js:133:12)]]></failure>
    </testCase>
    <testCase name="Checkbox displays the label" duration="35"/>
    <testCase name="Checkbox initially renders unchecked" duration="12"/>
    <testCase name="Checkbox renders checked when checked prop is true" duration="9"/>
    <testCase name="Checkbox calls onChange when clicked" duration="35"/>
    <testCase name="Checkbox should not call onChange if not provided when handleChange is invoked" duration="15"/>
  </file>
  <file path="/Users/mac/Work/kpmg/investment-management/src/__tests__/components/table/index.test.tsx">
    <testCase name="setOptionsByStatus should return &quot;inactive&quot; when status is &quot;P&quot;" duration="13">
      <failure message="TypeError: (0 , _table.setOptionsByStatus) is not a function"><![CDATA[TypeError: (0 , _table.setOptionsByStatus) is not a function
    at Object.<anonymous> (/Users/mac/Work/kpmg/investment-management/src/__tests__/components/table/index.test.tsx:30:38)
    at Promise.then.completed (/Users/mac/Work/kpmg/investment-management/node_modules/jest-circus/build/utils.js:391:28)
=======
  <file path="/Users/user/Documents/GitHub/retailcore-mfe-investment-management/src/__tests__/components/TopBar.test.tsx">
    <testCase name="Tabs should render a list of tabs with titles and urls" duration="97">
      <failure message="Error: could not find react-redux context value; please ensure the component is wrapped in a &lt;Provider&gt;"><![CDATA[Error: could not find react-redux context value; please ensure the component is wrapped in a <Provider>
    at useReduxContext (/Users/user/Documents/GitHub/retailcore-mfe-investment-management/node_modules/react-redux/lib/hooks/useReduxContext.js:23:13)
    at useStore (/Users/user/Documents/GitHub/retailcore-mfe-investment-management/node_modules/react-redux/lib/hooks/useStore.js:24:9)
    at useDispatch (/Users/user/Documents/GitHub/retailcore-mfe-investment-management/node_modules/react-redux/lib/hooks/useDispatch.js:21:19)
    at /Users/user/Documents/GitHub/retailcore-mfe-investment-management/node_modules/@reduxjs/toolkit/src/query/react/buildHooks.ts:992:24
    at Tabs (/Users/user/Documents/GitHub/retailcore-mfe-investment-management/src/components/TopBar.tsx:63:33)
    at renderWithHooks (/Users/user/Documents/GitHub/retailcore-mfe-investment-management/node_modules/react-dom/cjs/react-dom.development.js:14985:18)
    at mountIndeterminateComponent (/Users/user/Documents/GitHub/retailcore-mfe-investment-management/node_modules/react-dom/cjs/react-dom.development.js:17811:13)
    at beginWork (/Users/user/Documents/GitHub/retailcore-mfe-investment-management/node_modules/react-dom/cjs/react-dom.development.js:19049:16)
    at HTMLUnknownElement.callCallback (/Users/user/Documents/GitHub/retailcore-mfe-investment-management/node_modules/react-dom/cjs/react-dom.development.js:3945:14)
    at HTMLUnknownElement.callTheUserObjectsOperation (/Users/user/Documents/GitHub/retailcore-mfe-investment-management/node_modules/jsdom/lib/jsdom/living/generated/EventListener.js:26:30)
    at innerInvokeEventListeners (/Users/user/Documents/GitHub/retailcore-mfe-investment-management/node_modules/jsdom/lib/jsdom/living/events/EventTarget-impl.js:338:25)
    at invokeEventListeners (/Users/user/Documents/GitHub/retailcore-mfe-investment-management/node_modules/jsdom/lib/jsdom/living/events/EventTarget-impl.js:274:3)
    at HTMLUnknownElementImpl._dispatch (/Users/user/Documents/GitHub/retailcore-mfe-investment-management/node_modules/jsdom/lib/jsdom/living/events/EventTarget-impl.js:221:9)
    at HTMLUnknownElementImpl.dispatchEvent (/Users/user/Documents/GitHub/retailcore-mfe-investment-management/node_modules/jsdom/lib/jsdom/living/events/EventTarget-impl.js:94:17)
    at HTMLUnknownElement.dispatchEvent (/Users/user/Documents/GitHub/retailcore-mfe-investment-management/node_modules/jsdom/lib/jsdom/living/generated/EventTarget.js:231:34)
    at Object.invokeGuardedCallbackDev (/Users/user/Documents/GitHub/retailcore-mfe-investment-management/node_modules/react-dom/cjs/react-dom.development.js:3994:16)
    at invokeGuardedCallback (/Users/user/Documents/GitHub/retailcore-mfe-investment-management/node_modules/react-dom/cjs/react-dom.development.js:4056:31)
    at beginWork$1 (/Users/user/Documents/GitHub/retailcore-mfe-investment-management/node_modules/react-dom/cjs/react-dom.development.js:23964:7)
    at performUnitOfWork (/Users/user/Documents/GitHub/retailcore-mfe-investment-management/node_modules/react-dom/cjs/react-dom.development.js:22779:12)
    at workLoopSync (/Users/user/Documents/GitHub/retailcore-mfe-investment-management/node_modules/react-dom/cjs/react-dom.development.js:22707:5)
    at renderRootSync (/Users/user/Documents/GitHub/retailcore-mfe-investment-management/node_modules/react-dom/cjs/react-dom.development.js:22670:7)
    at performSyncWorkOnRoot (/Users/user/Documents/GitHub/retailcore-mfe-investment-management/node_modules/react-dom/cjs/react-dom.development.js:22293:18)
    at scheduleUpdateOnFiber (/Users/user/Documents/GitHub/retailcore-mfe-investment-management/node_modules/react-dom/cjs/react-dom.development.js:21881:7)
    at updateContainer (/Users/user/Documents/GitHub/retailcore-mfe-investment-management/node_modules/react-dom/cjs/react-dom.development.js:25482:3)
    at /Users/user/Documents/GitHub/retailcore-mfe-investment-management/node_modules/react-dom/cjs/react-dom.development.js:26021:7
    at unbatchedUpdates (/Users/user/Documents/GitHub/retailcore-mfe-investment-management/node_modules/react-dom/cjs/react-dom.development.js:22431:12)
    at legacyRenderSubtreeIntoContainer (/Users/user/Documents/GitHub/retailcore-mfe-investment-management/node_modules/react-dom/cjs/react-dom.development.js:26020:5)
    at Object.render (/Users/user/Documents/GitHub/retailcore-mfe-investment-management/node_modules/react-dom/cjs/react-dom.development.js:26103:10)
    at /Users/user/Documents/GitHub/retailcore-mfe-investment-management/node_modules/@testing-library/react/dist/pure.js:101:25
    at batchedUpdates$1 (/Users/user/Documents/GitHub/retailcore-mfe-investment-management/node_modules/react-dom/cjs/react-dom.development.js:22380:12)
    at act (/Users/user/Documents/GitHub/retailcore-mfe-investment-management/node_modules/react-dom/cjs/react-dom-test-utils.development.js:1042:14)
    at render (/Users/user/Documents/GitHub/retailcore-mfe-investment-management/node_modules/@testing-library/react/dist/pure.js:97:26)
    at Object.<anonymous> (/Users/user/Documents/GitHub/retailcore-mfe-investment-management/src/__tests__/components/TopBar.test.tsx:41:11)
    at Promise.then.completed (/Users/user/Documents/GitHub/retailcore-mfe-investment-management/node_modules/jest-circus/build/utils.js:391:28)
>>>>>>> 23757ba4e8b87d88019bf936c7fdfe12b2a96598
    at new Promise (<anonymous>)
    at callAsyncCircusFn (/Users/user/Documents/GitHub/retailcore-mfe-investment-management/node_modules/jest-circus/build/utils.js:316:10)
    at _callCircusTest (/Users/user/Documents/GitHub/retailcore-mfe-investment-management/node_modules/jest-circus/build/run.js:218:40)
    at processTicksAndRejections (node:internal/process/task_queues:95:5)
    at _runTest (/Users/user/Documents/GitHub/retailcore-mfe-investment-management/node_modules/jest-circus/build/run.js:155:3)
    at _runTestsForDescribeBlock (/Users/user/Documents/GitHub/retailcore-mfe-investment-management/node_modules/jest-circus/build/run.js:66:9)
    at _runTestsForDescribeBlock (/Users/user/Documents/GitHub/retailcore-mfe-investment-management/node_modules/jest-circus/build/run.js:60:9)
    at run (/Users/user/Documents/GitHub/retailcore-mfe-investment-management/node_modules/jest-circus/build/run.js:25:3)
    at runAndTransformResultsToJestFormat (/Users/user/Documents/GitHub/retailcore-mfe-investment-management/node_modules/jest-circus/build/legacy-code-todo-rewrite/jestAdapterInit.js:170:21)
    at jestAdapter (/Users/user/Documents/GitHub/retailcore-mfe-investment-management/node_modules/jest-circus/build/legacy-code-todo-rewrite/jestAdapter.js:82:19)
    at runTestInternal (/Users/user/Documents/GitHub/retailcore-mfe-investment-management/node_modules/jest-runner/build/runTest.js:389:16)
    at runTest (/Users/user/Documents/GitHub/retailcore-mfe-investment-management/node_modules/jest-runner/build/runTest.js:475:34)
    at Object.worker (/Users/user/Documents/GitHub/retailcore-mfe-investment-management/node_modules/jest-runner/build/testWorker.js:133:12)]]></failure>
    </testCase>
<<<<<<< HEAD
    <testCase name="setOptionsByStatus should return &quot;active&quot; when status is &quot;A&quot;" duration="2">
      <failure message="TypeError: (0 , _table.setOptionsByStatus) is not a function"><![CDATA[TypeError: (0 , _table.setOptionsByStatus) is not a function
    at Object.<anonymous> (/Users/mac/Work/kpmg/investment-management/src/__tests__/components/table/index.test.tsx:37:38)
    at Promise.then.completed (/Users/mac/Work/kpmg/investment-management/node_modules/jest-circus/build/utils.js:391:28)
=======
    <testCase name="should set active tab and update search term" duration="7">
      <failure message="Error: could not find react-redux context value; please ensure the component is wrapped in a &lt;Provider&gt;"><![CDATA[Error: could not find react-redux context value; please ensure the component is wrapped in a <Provider>
    at useReduxContext (/Users/user/Documents/GitHub/retailcore-mfe-investment-management/node_modules/react-redux/lib/hooks/useReduxContext.js:23:13)
    at useStore (/Users/user/Documents/GitHub/retailcore-mfe-investment-management/node_modules/react-redux/lib/hooks/useStore.js:24:9)
    at useDispatch (/Users/user/Documents/GitHub/retailcore-mfe-investment-management/node_modules/react-redux/lib/hooks/useDispatch.js:21:19)
    at /Users/user/Documents/GitHub/retailcore-mfe-investment-management/node_modules/@reduxjs/toolkit/src/query/react/buildHooks.ts:992:24
    at Tabs (/Users/user/Documents/GitHub/retailcore-mfe-investment-management/src/components/TopBar.tsx:63:33)
    at renderWithHooks (/Users/user/Documents/GitHub/retailcore-mfe-investment-management/node_modules/react-dom/cjs/react-dom.development.js:14985:18)
    at mountIndeterminateComponent (/Users/user/Documents/GitHub/retailcore-mfe-investment-management/node_modules/react-dom/cjs/react-dom.development.js:17811:13)
    at beginWork (/Users/user/Documents/GitHub/retailcore-mfe-investment-management/node_modules/react-dom/cjs/react-dom.development.js:19049:16)
    at HTMLUnknownElement.callCallback (/Users/user/Documents/GitHub/retailcore-mfe-investment-management/node_modules/react-dom/cjs/react-dom.development.js:3945:14)
    at HTMLUnknownElement.callTheUserObjectsOperation (/Users/user/Documents/GitHub/retailcore-mfe-investment-management/node_modules/jsdom/lib/jsdom/living/generated/EventListener.js:26:30)
    at innerInvokeEventListeners (/Users/user/Documents/GitHub/retailcore-mfe-investment-management/node_modules/jsdom/lib/jsdom/living/events/EventTarget-impl.js:338:25)
    at invokeEventListeners (/Users/user/Documents/GitHub/retailcore-mfe-investment-management/node_modules/jsdom/lib/jsdom/living/events/EventTarget-impl.js:274:3)
    at HTMLUnknownElementImpl._dispatch (/Users/user/Documents/GitHub/retailcore-mfe-investment-management/node_modules/jsdom/lib/jsdom/living/events/EventTarget-impl.js:221:9)
    at HTMLUnknownElementImpl.dispatchEvent (/Users/user/Documents/GitHub/retailcore-mfe-investment-management/node_modules/jsdom/lib/jsdom/living/events/EventTarget-impl.js:94:17)
    at HTMLUnknownElement.dispatchEvent (/Users/user/Documents/GitHub/retailcore-mfe-investment-management/node_modules/jsdom/lib/jsdom/living/generated/EventTarget.js:231:34)
    at Object.invokeGuardedCallbackDev (/Users/user/Documents/GitHub/retailcore-mfe-investment-management/node_modules/react-dom/cjs/react-dom.development.js:3994:16)
    at invokeGuardedCallback (/Users/user/Documents/GitHub/retailcore-mfe-investment-management/node_modules/react-dom/cjs/react-dom.development.js:4056:31)
    at beginWork$1 (/Users/user/Documents/GitHub/retailcore-mfe-investment-management/node_modules/react-dom/cjs/react-dom.development.js:23964:7)
    at performUnitOfWork (/Users/user/Documents/GitHub/retailcore-mfe-investment-management/node_modules/react-dom/cjs/react-dom.development.js:22779:12)
    at workLoopSync (/Users/user/Documents/GitHub/retailcore-mfe-investment-management/node_modules/react-dom/cjs/react-dom.development.js:22707:5)
    at renderRootSync (/Users/user/Documents/GitHub/retailcore-mfe-investment-management/node_modules/react-dom/cjs/react-dom.development.js:22670:7)
    at performSyncWorkOnRoot (/Users/user/Documents/GitHub/retailcore-mfe-investment-management/node_modules/react-dom/cjs/react-dom.development.js:22293:18)
    at scheduleUpdateOnFiber (/Users/user/Documents/GitHub/retailcore-mfe-investment-management/node_modules/react-dom/cjs/react-dom.development.js:21881:7)
    at updateContainer (/Users/user/Documents/GitHub/retailcore-mfe-investment-management/node_modules/react-dom/cjs/react-dom.development.js:25482:3)
    at /Users/user/Documents/GitHub/retailcore-mfe-investment-management/node_modules/react-dom/cjs/react-dom.development.js:26021:7
    at unbatchedUpdates (/Users/user/Documents/GitHub/retailcore-mfe-investment-management/node_modules/react-dom/cjs/react-dom.development.js:22431:12)
    at legacyRenderSubtreeIntoContainer (/Users/user/Documents/GitHub/retailcore-mfe-investment-management/node_modules/react-dom/cjs/react-dom.development.js:26020:5)
    at Object.render (/Users/user/Documents/GitHub/retailcore-mfe-investment-management/node_modules/react-dom/cjs/react-dom.development.js:26103:10)
    at /Users/user/Documents/GitHub/retailcore-mfe-investment-management/node_modules/@testing-library/react/dist/pure.js:101:25
    at batchedUpdates$1 (/Users/user/Documents/GitHub/retailcore-mfe-investment-management/node_modules/react-dom/cjs/react-dom.development.js:22380:12)
    at act (/Users/user/Documents/GitHub/retailcore-mfe-investment-management/node_modules/react-dom/cjs/react-dom-test-utils.development.js:1042:14)
    at render (/Users/user/Documents/GitHub/retailcore-mfe-investment-management/node_modules/@testing-library/react/dist/pure.js:97:26)
    at Object.<anonymous> (/Users/user/Documents/GitHub/retailcore-mfe-investment-management/src/__tests__/components/TopBar.test.tsx:50:9)
    at Promise.then.completed (/Users/user/Documents/GitHub/retailcore-mfe-investment-management/node_modules/jest-circus/build/utils.js:391:28)
>>>>>>> 23757ba4e8b87d88019bf936c7fdfe12b2a96598
    at new Promise (<anonymous>)
    at callAsyncCircusFn (/Users/user/Documents/GitHub/retailcore-mfe-investment-management/node_modules/jest-circus/build/utils.js:316:10)
    at _callCircusTest (/Users/user/Documents/GitHub/retailcore-mfe-investment-management/node_modules/jest-circus/build/run.js:218:40)
    at processTicksAndRejections (node:internal/process/task_queues:95:5)
    at _runTest (/Users/user/Documents/GitHub/retailcore-mfe-investment-management/node_modules/jest-circus/build/run.js:155:3)
    at _runTestsForDescribeBlock (/Users/user/Documents/GitHub/retailcore-mfe-investment-management/node_modules/jest-circus/build/run.js:66:9)
    at run (/Users/user/Documents/GitHub/retailcore-mfe-investment-management/node_modules/jest-circus/build/run.js:25:3)
    at runAndTransformResultsToJestFormat (/Users/user/Documents/GitHub/retailcore-mfe-investment-management/node_modules/jest-circus/build/legacy-code-todo-rewrite/jestAdapterInit.js:170:21)
    at jestAdapter (/Users/user/Documents/GitHub/retailcore-mfe-investment-management/node_modules/jest-circus/build/legacy-code-todo-rewrite/jestAdapter.js:82:19)
    at runTestInternal (/Users/user/Documents/GitHub/retailcore-mfe-investment-management/node_modules/jest-runner/build/runTest.js:389:16)
    at runTest (/Users/user/Documents/GitHub/retailcore-mfe-investment-management/node_modules/jest-runner/build/runTest.js:475:34)
    at Object.worker (/Users/user/Documents/GitHub/retailcore-mfe-investment-management/node_modules/jest-runner/build/testWorker.js:133:12)]]></failure>
    </testCase>
<<<<<<< HEAD
    <testCase name="setOptionsByStatus should return &quot;inactive&quot; when status is &quot;R&quot;" duration="2">
      <failure message="TypeError: (0 , _table.setOptionsByStatus) is not a function"><![CDATA[TypeError: (0 , _table.setOptionsByStatus) is not a function
    at Object.<anonymous> (/Users/mac/Work/kpmg/investment-management/src/__tests__/components/table/index.test.tsx:44:38)
    at Promise.then.completed (/Users/mac/Work/kpmg/investment-management/node_modules/jest-circus/build/utils.js:391:28)
    at new Promise (<anonymous>)
    at callAsyncCircusFn (/Users/mac/Work/kpmg/investment-management/node_modules/jest-circus/build/utils.js:316:10)
    at _callCircusTest (/Users/mac/Work/kpmg/investment-management/node_modules/jest-circus/build/run.js:218:40)
    at processTicksAndRejections (node:internal/process/task_queues:96:5)
    at _runTest (/Users/mac/Work/kpmg/investment-management/node_modules/jest-circus/build/run.js:155:3)
    at _runTestsForDescribeBlock (/Users/mac/Work/kpmg/investment-management/node_modules/jest-circus/build/run.js:66:9)
    at _runTestsForDescribeBlock (/Users/mac/Work/kpmg/investment-management/node_modules/jest-circus/build/run.js:60:9)
    at run (/Users/mac/Work/kpmg/investment-management/node_modules/jest-circus/build/run.js:25:3)
    at runAndTransformResultsToJestFormat (/Users/mac/Work/kpmg/investment-management/node_modules/jest-circus/build/legacy-code-todo-rewrite/jestAdapterInit.js:170:21)
    at jestAdapter (/Users/mac/Work/kpmg/investment-management/node_modules/jest-circus/build/legacy-code-todo-rewrite/jestAdapter.js:82:19)
    at runTestInternal (/Users/mac/Work/kpmg/investment-management/node_modules/jest-runner/build/runTest.js:389:16)
    at runTest (/Users/mac/Work/kpmg/investment-management/node_modules/jest-runner/build/runTest.js:475:34)
    at Object.worker (/Users/mac/Work/kpmg/investment-management/node_modules/jest-runner/build/testWorker.js:133:12)]]></failure>
    </testCase>
    <testCase name="setOptionsByStatus should return &quot;inactive&quot; when status is &quot;D&quot;" duration="2">
      <failure message="TypeError: (0 , _table.setOptionsByStatus) is not a function"><![CDATA[TypeError: (0 , _table.setOptionsByStatus) is not a function
    at Object.<anonymous> (/Users/mac/Work/kpmg/investment-management/src/__tests__/components/table/index.test.tsx:51:38)
    at Promise.then.completed (/Users/mac/Work/kpmg/investment-management/node_modules/jest-circus/build/utils.js:391:28)
    at new Promise (<anonymous>)
    at callAsyncCircusFn (/Users/mac/Work/kpmg/investment-management/node_modules/jest-circus/build/utils.js:316:10)
    at _callCircusTest (/Users/mac/Work/kpmg/investment-management/node_modules/jest-circus/build/run.js:218:40)
    at processTicksAndRejections (node:internal/process/task_queues:96:5)
    at _runTest (/Users/mac/Work/kpmg/investment-management/node_modules/jest-circus/build/run.js:155:3)
    at _runTestsForDescribeBlock (/Users/mac/Work/kpmg/investment-management/node_modules/jest-circus/build/run.js:66:9)
    at _runTestsForDescribeBlock (/Users/mac/Work/kpmg/investment-management/node_modules/jest-circus/build/run.js:60:9)
    at run (/Users/mac/Work/kpmg/investment-management/node_modules/jest-circus/build/run.js:25:3)
    at runAndTransformResultsToJestFormat (/Users/mac/Work/kpmg/investment-management/node_modules/jest-circus/build/legacy-code-todo-rewrite/jestAdapterInit.js:170:21)
    at jestAdapter (/Users/mac/Work/kpmg/investment-management/node_modules/jest-circus/build/legacy-code-todo-rewrite/jestAdapter.js:82:19)
    at runTestInternal (/Users/mac/Work/kpmg/investment-management/node_modules/jest-runner/build/runTest.js:389:16)
    at runTest (/Users/mac/Work/kpmg/investment-management/node_modules/jest-runner/build/runTest.js:475:34)
    at Object.worker (/Users/mac/Work/kpmg/investment-management/node_modules/jest-runner/build/testWorker.js:133:12)]]></failure>
    </testCase>
    <testCase name="setOptionsByStatus should return &quot;inactive&quot; when status is &quot;I&quot;" duration="1">
      <failure message="TypeError: (0 , _table.setOptionsByStatus) is not a function"><![CDATA[TypeError: (0 , _table.setOptionsByStatus) is not a function
    at Object.<anonymous> (/Users/mac/Work/kpmg/investment-management/src/__tests__/components/table/index.test.tsx:58:38)
    at Promise.then.completed (/Users/mac/Work/kpmg/investment-management/node_modules/jest-circus/build/utils.js:391:28)
    at new Promise (<anonymous>)
    at callAsyncCircusFn (/Users/mac/Work/kpmg/investment-management/node_modules/jest-circus/build/utils.js:316:10)
    at _callCircusTest (/Users/mac/Work/kpmg/investment-management/node_modules/jest-circus/build/run.js:218:40)
    at processTicksAndRejections (node:internal/process/task_queues:96:5)
    at _runTest (/Users/mac/Work/kpmg/investment-management/node_modules/jest-circus/build/run.js:155:3)
    at _runTestsForDescribeBlock (/Users/mac/Work/kpmg/investment-management/node_modules/jest-circus/build/run.js:66:9)
    at _runTestsForDescribeBlock (/Users/mac/Work/kpmg/investment-management/node_modules/jest-circus/build/run.js:60:9)
    at run (/Users/mac/Work/kpmg/investment-management/node_modules/jest-circus/build/run.js:25:3)
    at runAndTransformResultsToJestFormat (/Users/mac/Work/kpmg/investment-management/node_modules/jest-circus/build/legacy-code-todo-rewrite/jestAdapterInit.js:170:21)
    at jestAdapter (/Users/mac/Work/kpmg/investment-management/node_modules/jest-circus/build/legacy-code-todo-rewrite/jestAdapter.js:82:19)
    at runTestInternal (/Users/mac/Work/kpmg/investment-management/node_modules/jest-runner/build/runTest.js:389:16)
    at runTest (/Users/mac/Work/kpmg/investment-management/node_modules/jest-runner/build/runTest.js:475:34)
    at Object.worker (/Users/mac/Work/kpmg/investment-management/node_modules/jest-runner/build/testWorker.js:133:12)]]></failure>
    </testCase>
    <testCase name="setOptionsByStatus should return status if not available" duration="1">
      <failure message="TypeError: (0 , _table.setOptionsByStatus) is not a function"><![CDATA[TypeError: (0 , _table.setOptionsByStatus) is not a function
    at Object.<anonymous> (/Users/mac/Work/kpmg/investment-management/src/__tests__/components/table/index.test.tsx:64:38)
    at Promise.then.completed (/Users/mac/Work/kpmg/investment-management/node_modules/jest-circus/build/utils.js:391:28)
    at new Promise (<anonymous>)
    at callAsyncCircusFn (/Users/mac/Work/kpmg/investment-management/node_modules/jest-circus/build/utils.js:316:10)
    at _callCircusTest (/Users/mac/Work/kpmg/investment-management/node_modules/jest-circus/build/run.js:218:40)
    at processTicksAndRejections (node:internal/process/task_queues:96:5)
    at _runTest (/Users/mac/Work/kpmg/investment-management/node_modules/jest-circus/build/run.js:155:3)
    at _runTestsForDescribeBlock (/Users/mac/Work/kpmg/investment-management/node_modules/jest-circus/build/run.js:66:9)
    at _runTestsForDescribeBlock (/Users/mac/Work/kpmg/investment-management/node_modules/jest-circus/build/run.js:60:9)
    at run (/Users/mac/Work/kpmg/investment-management/node_modules/jest-circus/build/run.js:25:3)
    at runAndTransformResultsToJestFormat (/Users/mac/Work/kpmg/investment-management/node_modules/jest-circus/build/legacy-code-todo-rewrite/jestAdapterInit.js:170:21)
    at jestAdapter (/Users/mac/Work/kpmg/investment-management/node_modules/jest-circus/build/legacy-code-todo-rewrite/jestAdapter.js:82:19)
    at runTestInternal (/Users/mac/Work/kpmg/investment-management/node_modules/jest-runner/build/runTest.js:389:16)
    at runTest (/Users/mac/Work/kpmg/investment-management/node_modules/jest-runner/build/runTest.js:475:34)
    at Object.worker (/Users/mac/Work/kpmg/investment-management/node_modules/jest-runner/build/testWorker.js:133:12)]]></failure>
    </testCase>
    <testCase name="handleProductsDropdown should return an array of dropdown options based on the status parameter" duration="1">
      <failure message="TypeError: Cannot read properties of undefined (reading &apos;filter&apos;)"><![CDATA[TypeError: Cannot read properties of undefined (reading 'filter')
    at handleProductsDropdown (/Users/mac/Work/kpmg/investment-management/src/components/table/index.tsx:73:25)
    at Object.<anonymous> (/Users/mac/Work/kpmg/investment-management/src/__tests__/components/table/index.test.tsx:89:42)
    at Promise.then.completed (/Users/mac/Work/kpmg/investment-management/node_modules/jest-circus/build/utils.js:391:28)
    at new Promise (<anonymous>)
    at callAsyncCircusFn (/Users/mac/Work/kpmg/investment-management/node_modules/jest-circus/build/utils.js:316:10)
    at _callCircusTest (/Users/mac/Work/kpmg/investment-management/node_modules/jest-circus/build/run.js:218:40)
    at processTicksAndRejections (node:internal/process/task_queues:96:5)
    at _runTest (/Users/mac/Work/kpmg/investment-management/node_modules/jest-circus/build/run.js:155:3)
    at _runTestsForDescribeBlock (/Users/mac/Work/kpmg/investment-management/node_modules/jest-circus/build/run.js:66:9)
    at _runTestsForDescribeBlock (/Users/mac/Work/kpmg/investment-management/node_modules/jest-circus/build/run.js:60:9)
    at run (/Users/mac/Work/kpmg/investment-management/node_modules/jest-circus/build/run.js:25:3)
    at runAndTransformResultsToJestFormat (/Users/mac/Work/kpmg/investment-management/node_modules/jest-circus/build/legacy-code-todo-rewrite/jestAdapterInit.js:170:21)
    at jestAdapter (/Users/mac/Work/kpmg/investment-management/node_modules/jest-circus/build/legacy-code-todo-rewrite/jestAdapter.js:82:19)
    at runTestInternal (/Users/mac/Work/kpmg/investment-management/node_modules/jest-runner/build/runTest.js:389:16)
    at runTest (/Users/mac/Work/kpmg/investment-management/node_modules/jest-runner/build/runTest.js:475:34)
    at Object.worker (/Users/mac/Work/kpmg/investment-management/node_modules/jest-runner/build/testWorker.js:133:12)]]></failure>
    </testCase>
    <testCase name="handleProductsDropdown should filter out options based on the isChecker parameter" duration="2">
      <failure message="TypeError: (0 , _table.setOptionsByStatus) is not a function"><![CDATA[TypeError: (0 , _table.setOptionsByStatus) is not a function
    at Object.<anonymous> (/Users/mac/Work/kpmg/investment-management/src/__tests__/components/table/index.test.tsx:130:41)
    at Promise.then.completed (/Users/mac/Work/kpmg/investment-management/node_modules/jest-circus/build/utils.js:391:28)
    at new Promise (<anonymous>)
    at callAsyncCircusFn (/Users/mac/Work/kpmg/investment-management/node_modules/jest-circus/build/utils.js:316:10)
    at _callCircusTest (/Users/mac/Work/kpmg/investment-management/node_modules/jest-circus/build/run.js:218:40)
    at processTicksAndRejections (node:internal/process/task_queues:96:5)
    at _runTest (/Users/mac/Work/kpmg/investment-management/node_modules/jest-circus/build/run.js:155:3)
    at _runTestsForDescribeBlock (/Users/mac/Work/kpmg/investment-management/node_modules/jest-circus/build/run.js:66:9)
    at _runTestsForDescribeBlock (/Users/mac/Work/kpmg/investment-management/node_modules/jest-circus/build/run.js:60:9)
    at run (/Users/mac/Work/kpmg/investment-management/node_modules/jest-circus/build/run.js:25:3)
    at runAndTransformResultsToJestFormat (/Users/mac/Work/kpmg/investment-management/node_modules/jest-circus/build/legacy-code-todo-rewrite/jestAdapterInit.js:170:21)
    at jestAdapter (/Users/mac/Work/kpmg/investment-management/node_modules/jest-circus/build/legacy-code-todo-rewrite/jestAdapter.js:82:19)
    at runTestInternal (/Users/mac/Work/kpmg/investment-management/node_modules/jest-runner/build/runTest.js:389:16)
    at runTest (/Users/mac/Work/kpmg/investment-management/node_modules/jest-runner/build/runTest.js:475:34)
    at Object.worker (/Users/mac/Work/kpmg/investment-management/node_modules/jest-runner/build/testWorker.js:133:12)]]></failure>
    </testCase>
    <testCase name="handleProductsDropdown should filter out options based on the permissions parameter" duration="1">
      <failure message="TypeError: Cannot read properties of undefined (reading &apos;filter&apos;)"><![CDATA[TypeError: Cannot read properties of undefined (reading 'filter')
    at handleProductsDropdown (/Users/mac/Work/kpmg/investment-management/src/components/table/index.tsx:73:25)
    at Object.<anonymous> (/Users/mac/Work/kpmg/investment-management/src/__tests__/components/table/index.test.tsx:155:42)
    at Promise.then.completed (/Users/mac/Work/kpmg/investment-management/node_modules/jest-circus/build/utils.js:391:28)
    at new Promise (<anonymous>)
    at callAsyncCircusFn (/Users/mac/Work/kpmg/investment-management/node_modules/jest-circus/build/utils.js:316:10)
    at _callCircusTest (/Users/mac/Work/kpmg/investment-management/node_modules/jest-circus/build/run.js:218:40)
    at processTicksAndRejections (node:internal/process/task_queues:96:5)
    at _runTest (/Users/mac/Work/kpmg/investment-management/node_modules/jest-circus/build/run.js:155:3)
    at _runTestsForDescribeBlock (/Users/mac/Work/kpmg/investment-management/node_modules/jest-circus/build/run.js:66:9)
    at _runTestsForDescribeBlock (/Users/mac/Work/kpmg/investment-management/node_modules/jest-circus/build/run.js:60:9)
    at run (/Users/mac/Work/kpmg/investment-management/node_modules/jest-circus/build/run.js:25:3)
    at runAndTransformResultsToJestFormat (/Users/mac/Work/kpmg/investment-management/node_modules/jest-circus/build/legacy-code-todo-rewrite/jestAdapterInit.js:170:21)
    at jestAdapter (/Users/mac/Work/kpmg/investment-management/node_modules/jest-circus/build/legacy-code-todo-rewrite/jestAdapter.js:82:19)
    at runTestInternal (/Users/mac/Work/kpmg/investment-management/node_modules/jest-runner/build/runTest.js:389:16)
    at runTest (/Users/mac/Work/kpmg/investment-management/node_modules/jest-runner/build/runTest.js:475:34)
    at Object.worker (/Users/mac/Work/kpmg/investment-management/node_modules/jest-runner/build/testWorker.js:133:12)]]></failure>
    </testCase>
    <testCase name="TableComponent should render a table with headers and rows" duration="70">
      <failure message="TypeError: (0 , _reactRouterDom.useNavigate) is not a function"><![CDATA[TypeError: (0 , _reactRouterDom.useNavigate) is not a function
    at TableComponent (/Users/mac/Work/kpmg/investment-management/src/components/table/index.tsx:156:31)
    at renderWithHooks (/Users/mac/Work/kpmg/investment-management/node_modules/react-dom/cjs/react-dom.development.js:14985:18)
    at mountIndeterminateComponent (/Users/mac/Work/kpmg/investment-management/node_modules/react-dom/cjs/react-dom.development.js:17811:13)
    at beginWork (/Users/mac/Work/kpmg/investment-management/node_modules/react-dom/cjs/react-dom.development.js:19049:16)
    at HTMLUnknownElement.callCallback (/Users/mac/Work/kpmg/investment-management/node_modules/react-dom/cjs/react-dom.development.js:3945:14)
    at HTMLUnknownElement.callTheUserObjectsOperation (/Users/mac/Work/kpmg/investment-management/node_modules/jsdom/lib/jsdom/living/generated/EventListener.js:26:30)
    at innerInvokeEventListeners (/Users/mac/Work/kpmg/investment-management/node_modules/jsdom/lib/jsdom/living/events/EventTarget-impl.js:338:25)
    at invokeEventListeners (/Users/mac/Work/kpmg/investment-management/node_modules/jsdom/lib/jsdom/living/events/EventTarget-impl.js:274:3)
    at HTMLUnknownElementImpl._dispatch (/Users/mac/Work/kpmg/investment-management/node_modules/jsdom/lib/jsdom/living/events/EventTarget-impl.js:221:9)
    at HTMLUnknownElementImpl.dispatchEvent (/Users/mac/Work/kpmg/investment-management/node_modules/jsdom/lib/jsdom/living/events/EventTarget-impl.js:94:17)
    at HTMLUnknownElement.dispatchEvent (/Users/mac/Work/kpmg/investment-management/node_modules/jsdom/lib/jsdom/living/generated/EventTarget.js:231:34)
    at Object.invokeGuardedCallbackDev (/Users/mac/Work/kpmg/investment-management/node_modules/react-dom/cjs/react-dom.development.js:3994:16)
    at invokeGuardedCallback (/Users/mac/Work/kpmg/investment-management/node_modules/react-dom/cjs/react-dom.development.js:4056:31)
    at beginWork$1 (/Users/mac/Work/kpmg/investment-management/node_modules/react-dom/cjs/react-dom.development.js:23964:7)
    at performUnitOfWork (/Users/mac/Work/kpmg/investment-management/node_modules/react-dom/cjs/react-dom.development.js:22779:12)
    at workLoopSync (/Users/mac/Work/kpmg/investment-management/node_modules/react-dom/cjs/react-dom.development.js:22707:5)
    at renderRootSync (/Users/mac/Work/kpmg/investment-management/node_modules/react-dom/cjs/react-dom.development.js:22670:7)
    at performSyncWorkOnRoot (/Users/mac/Work/kpmg/investment-management/node_modules/react-dom/cjs/react-dom.development.js:22293:18)
    at scheduleUpdateOnFiber (/Users/mac/Work/kpmg/investment-management/node_modules/react-dom/cjs/react-dom.development.js:21881:7)
    at updateContainer (/Users/mac/Work/kpmg/investment-management/node_modules/react-dom/cjs/react-dom.development.js:25482:3)
    at /Users/mac/Work/kpmg/investment-management/node_modules/react-dom/cjs/react-dom.development.js:26021:7
    at unbatchedUpdates (/Users/mac/Work/kpmg/investment-management/node_modules/react-dom/cjs/react-dom.development.js:22431:12)
    at legacyRenderSubtreeIntoContainer (/Users/mac/Work/kpmg/investment-management/node_modules/react-dom/cjs/react-dom.development.js:26020:5)
    at Object.render (/Users/mac/Work/kpmg/investment-management/node_modules/react-dom/cjs/react-dom.development.js:26103:10)
    at /Users/mac/Work/kpmg/investment-management/node_modules/@testing-library/react/dist/pure.js:101:25
    at batchedUpdates$1 (/Users/mac/Work/kpmg/investment-management/node_modules/react-dom/cjs/react-dom.development.js:22380:12)
    at act (/Users/mac/Work/kpmg/investment-management/node_modules/react-dom/cjs/react-dom-test-utils.development.js:1042:14)
    at render (/Users/mac/Work/kpmg/investment-management/node_modules/@testing-library/react/dist/pure.js:97:26)
    at Object.<anonymous> (/Users/mac/Work/kpmg/investment-management/src/__tests__/components/table/index.test.tsx:192:11)
    at Promise.then.completed (/Users/mac/Work/kpmg/investment-management/node_modules/jest-circus/build/utils.js:391:28)
    at new Promise (<anonymous>)
    at callAsyncCircusFn (/Users/mac/Work/kpmg/investment-management/node_modules/jest-circus/build/utils.js:316:10)
    at _callCircusTest (/Users/mac/Work/kpmg/investment-management/node_modules/jest-circus/build/run.js:218:40)
    at processTicksAndRejections (node:internal/process/task_queues:96:5)
    at _runTest (/Users/mac/Work/kpmg/investment-management/node_modules/jest-circus/build/run.js:155:3)
    at _runTestsForDescribeBlock (/Users/mac/Work/kpmg/investment-management/node_modules/jest-circus/build/run.js:66:9)
    at _runTestsForDescribeBlock (/Users/mac/Work/kpmg/investment-management/node_modules/jest-circus/build/run.js:60:9)
    at run (/Users/mac/Work/kpmg/investment-management/node_modules/jest-circus/build/run.js:25:3)
    at runAndTransformResultsToJestFormat (/Users/mac/Work/kpmg/investment-management/node_modules/jest-circus/build/legacy-code-todo-rewrite/jestAdapterInit.js:170:21)
    at jestAdapter (/Users/mac/Work/kpmg/investment-management/node_modules/jest-circus/build/legacy-code-todo-rewrite/jestAdapter.js:82:19)
    at runTestInternal (/Users/mac/Work/kpmg/investment-management/node_modules/jest-runner/build/runTest.js:389:16)
    at runTest (/Users/mac/Work/kpmg/investment-management/node_modules/jest-runner/build/runTest.js:475:34)
    at Object.worker (/Users/mac/Work/kpmg/investment-management/node_modules/jest-runner/build/testWorker.js:133:12)]]></failure>
    </testCase>
    <testCase name="TableComponent should display a loading indicator when data is being fetched" duration="7">
      <failure message="TypeError: (0 , _reactRouterDom.useNavigate) is not a function"><![CDATA[TypeError: (0 , _reactRouterDom.useNavigate) is not a function
    at TableComponent (/Users/mac/Work/kpmg/investment-management/src/components/table/index.tsx:156:31)
    at renderWithHooks (/Users/mac/Work/kpmg/investment-management/node_modules/react-dom/cjs/react-dom.development.js:14985:18)
    at mountIndeterminateComponent (/Users/mac/Work/kpmg/investment-management/node_modules/react-dom/cjs/react-dom.development.js:17811:13)
    at beginWork (/Users/mac/Work/kpmg/investment-management/node_modules/react-dom/cjs/react-dom.development.js:19049:16)
    at HTMLUnknownElement.callCallback (/Users/mac/Work/kpmg/investment-management/node_modules/react-dom/cjs/react-dom.development.js:3945:14)
    at HTMLUnknownElement.callTheUserObjectsOperation (/Users/mac/Work/kpmg/investment-management/node_modules/jsdom/lib/jsdom/living/generated/EventListener.js:26:30)
    at innerInvokeEventListeners (/Users/mac/Work/kpmg/investment-management/node_modules/jsdom/lib/jsdom/living/events/EventTarget-impl.js:338:25)
    at invokeEventListeners (/Users/mac/Work/kpmg/investment-management/node_modules/jsdom/lib/jsdom/living/events/EventTarget-impl.js:274:3)
    at HTMLUnknownElementImpl._dispatch (/Users/mac/Work/kpmg/investment-management/node_modules/jsdom/lib/jsdom/living/events/EventTarget-impl.js:221:9)
    at HTMLUnknownElementImpl.dispatchEvent (/Users/mac/Work/kpmg/investment-management/node_modules/jsdom/lib/jsdom/living/events/EventTarget-impl.js:94:17)
    at HTMLUnknownElement.dispatchEvent (/Users/mac/Work/kpmg/investment-management/node_modules/jsdom/lib/jsdom/living/generated/EventTarget.js:231:34)
    at Object.invokeGuardedCallbackDev (/Users/mac/Work/kpmg/investment-management/node_modules/react-dom/cjs/react-dom.development.js:3994:16)
    at invokeGuardedCallback (/Users/mac/Work/kpmg/investment-management/node_modules/react-dom/cjs/react-dom.development.js:4056:31)
    at beginWork$1 (/Users/mac/Work/kpmg/investment-management/node_modules/react-dom/cjs/react-dom.development.js:23964:7)
    at performUnitOfWork (/Users/mac/Work/kpmg/investment-management/node_modules/react-dom/cjs/react-dom.development.js:22779:12)
    at workLoopSync (/Users/mac/Work/kpmg/investment-management/node_modules/react-dom/cjs/react-dom.development.js:22707:5)
    at renderRootSync (/Users/mac/Work/kpmg/investment-management/node_modules/react-dom/cjs/react-dom.development.js:22670:7)
    at performSyncWorkOnRoot (/Users/mac/Work/kpmg/investment-management/node_modules/react-dom/cjs/react-dom.development.js:22293:18)
    at scheduleUpdateOnFiber (/Users/mac/Work/kpmg/investment-management/node_modules/react-dom/cjs/react-dom.development.js:21881:7)
    at updateContainer (/Users/mac/Work/kpmg/investment-management/node_modules/react-dom/cjs/react-dom.development.js:25482:3)
    at /Users/mac/Work/kpmg/investment-management/node_modules/react-dom/cjs/react-dom.development.js:26021:7
    at unbatchedUpdates (/Users/mac/Work/kpmg/investment-management/node_modules/react-dom/cjs/react-dom.development.js:22431:12)
    at legacyRenderSubtreeIntoContainer (/Users/mac/Work/kpmg/investment-management/node_modules/react-dom/cjs/react-dom.development.js:26020:5)
    at Object.render (/Users/mac/Work/kpmg/investment-management/node_modules/react-dom/cjs/react-dom.development.js:26103:10)
    at /Users/mac/Work/kpmg/investment-management/node_modules/@testing-library/react/dist/pure.js:101:25
    at batchedUpdates$1 (/Users/mac/Work/kpmg/investment-management/node_modules/react-dom/cjs/react-dom.development.js:22380:12)
    at act (/Users/mac/Work/kpmg/investment-management/node_modules/react-dom/cjs/react-dom-test-utils.development.js:1042:14)
    at render (/Users/mac/Work/kpmg/investment-management/node_modules/@testing-library/react/dist/pure.js:97:26)
    at Object.<anonymous> (/Users/mac/Work/kpmg/investment-management/src/__tests__/components/table/index.test.tsx:224:11)
    at Promise.then.completed (/Users/mac/Work/kpmg/investment-management/node_modules/jest-circus/build/utils.js:391:28)
    at new Promise (<anonymous>)
    at callAsyncCircusFn (/Users/mac/Work/kpmg/investment-management/node_modules/jest-circus/build/utils.js:316:10)
    at _callCircusTest (/Users/mac/Work/kpmg/investment-management/node_modules/jest-circus/build/run.js:218:40)
    at processTicksAndRejections (node:internal/process/task_queues:96:5)
    at _runTest (/Users/mac/Work/kpmg/investment-management/node_modules/jest-circus/build/run.js:155:3)
    at _runTestsForDescribeBlock (/Users/mac/Work/kpmg/investment-management/node_modules/jest-circus/build/run.js:66:9)
    at _runTestsForDescribeBlock (/Users/mac/Work/kpmg/investment-management/node_modules/jest-circus/build/run.js:60:9)
    at run (/Users/mac/Work/kpmg/investment-management/node_modules/jest-circus/build/run.js:25:3)
    at runAndTransformResultsToJestFormat (/Users/mac/Work/kpmg/investment-management/node_modules/jest-circus/build/legacy-code-todo-rewrite/jestAdapterInit.js:170:21)
    at jestAdapter (/Users/mac/Work/kpmg/investment-management/node_modules/jest-circus/build/legacy-code-todo-rewrite/jestAdapter.js:82:19)
    at runTestInternal (/Users/mac/Work/kpmg/investment-management/node_modules/jest-runner/build/runTest.js:389:16)
    at runTest (/Users/mac/Work/kpmg/investment-management/node_modules/jest-runner/build/runTest.js:475:34)
    at Object.worker (/Users/mac/Work/kpmg/investment-management/node_modules/jest-runner/build/testWorker.js:133:12)]]></failure>
    </testCase>
    <testCase name="TextCellContent renders text content and dot correctly" duration="34"/>
    <testCase name="TextCellContent renders &quot;-&quot; when value is falsy" duration="4"/>
    <testCase name="ProductNameCellContent renders product code correctly" duration="20"/>
    <testCase name="ProductNameCellContent renders &quot;-&quot; when product code is falsy" duration="21"/>
    <testCase name="UpdatedOnCellContent should render the date and time in the correct format" duration="23"/>
    <testCase name="UpdatedOnCellContent should render nothing when value is null or undefined" duration="19"/>
    <testCase name="UpdatedOnCellContent should render nothing when value is not a valid date" duration="6"/>
    <testCase name="UpdatedOnCellContent should render nothing when value is not a string or a date object" duration="13"/>
    <testCase name="UpdatedOnCellContent should render the date and time in the correct format for a different timezone" duration="6"/>
    <testCase name="StateCellContent should render a span element with the given value as its text content" duration="13"/>
    <testCase name="StateCellContent should apply a class to the span element based on the value passed to the function" duration="3"/>
    <testCase name="StatusCellContent should render a span element with the specific class based on the value passed as props" duration="8"/>
    <testCase name="StatusCellContent should call handleUserView function to determine the text content of the span element" duration="6"/>
    <testCase name="StatusCellContent should call handleColorState function to determine the background color of the span element" duration="43"/>
    <testCase name="StatusCellContent should render a span element with the default class and value as text content when the value passed as props does not match any of the cases in handleUserView and handleColorState" duration="8"/>
    <testCase name="StatusCellContent should default the isChecker prop to false if it is not a boolean" duration="4"/>
    <testCase name="StatusCellContent should render a FaEye icon next to the text content" duration="24"/>
    <testCase name="ActionsCellContent should render a DropdownButton component with the given dropDownOptions and onClick props" duration="156"/>
    <testCase name="ActionsCellContent should render a DropdownButton component with empty options when dropDownOptions prop is not provided" duration="153"/>
  </file>
  <file path="/Users/mac/Work/kpmg/investment-management/src/__tests__/components/CreateButton.test.tsx">
    <testCase name="closeButton should set isOpen state to false" duration="7"/>
    <testCase name="closeButton should set secondActive, thirdActive, and fourthActive states to empty strings" duration="2"/>
    <testCase name="closeButton should not return any value" duration="2"/>
    <testCase name="closeButton should require function parameters" duration="1"/>
    <testCase name="closeButton should not throw any errors" duration="1"/>
    <testCase name="goToUrl should navigate to the provided URL" duration="1"/>
    <testCase name="goToUrl should throw an error when url is null" duration="2"/>
    <testCase name="goToUrl should throw an error when navigate function is not a function" duration="33"/>
    <testCase name="goToUrl should handle relative URLs" duration="1"/>
    <testCase name="CreateButton should render the component without crashing" duration="99"/>
    <testCase name="CreateButton should open the dropdown menu when the button is clicked" duration="188">
      <failure message="TestingLibraryElementError: Unable to find an element with the text: Loans. This could be because the text is broken up by multiple elements. In this case, you can provide a function for your text matcher to make your matcher more flexible."><![CDATA[TestingLibraryElementError: Unable to find an element with the text: Loans. This could be because the text is broken up by multiple elements. In this case, you can provide a function for your text matcher to make your matcher more flexible.
=======
    <testCase name="renders TopBar component" duration="182"/>
  </file>
  <file path="/Users/user/Documents/GitHub/retailcore-mfe-investment-management/src/__tests__/components/MultiRangeSlider.test.tsx">
    <testCase name="Slider renders without crashing" duration="45"/>
    <testCase name="Slider matches snapshot" duration="4"/>
  </file>
  <file path="/Users/user/Documents/GitHub/retailcore-mfe-investment-management/src/__tests__/utils/capitalizeFirstLetter.test.tsx">
    <testCase name="capitalizeFirstLetter should capitalize the first letter of a string with one word" duration="6"/>
    <testCase name="capitalizeFirstLetter should capitalize the first letter of the first word in a string with multiple words" duration="2"/>
    <testCase name="capitalizeFirstLetter should return an empty string if the input is an empty string" duration="2"/>
    <testCase name="capitalizeFirstLetter should return the input if its not a string" duration="1"/>
    <testCase name="capitalizeFirstLetter should capitalize the first letter of a string with only one letter" duration="1"/>
    <testCase name="capitalizeFirstLetter should capitalize the first letter of a string with non-alphabetic characters after the first letter" duration="1"/>
    <testCase name="capitalizeFirstLetter should capitalize the first letter of a string with numbers as the first letter" duration="21"/>
    <testCase name="capitalizeFirstLetter should capitalize the first letter of a string with a non-ASCII character as the first letter" duration="3"/>
    <testCase name="capitalizeFirstLetter should capitalize the first letter of a string with a non-ASCII character after the first letter" duration="1"/>
    <testCase name="capitalizeFirstLetter should capitalize the first letter of a string with multiple spaces between words" duration="2"/>
    <testCase name="capitalizeFirstLetter should capitalize the first letter of a non-empty string" duration="2"/>
    <testCase name="capitalizeFirstLetter should not modify an empty string" duration="1"/>
    <testCase name="capitalizeFirstLetter should return the input if it&apos;s not a string" duration="1"/>
    <testCase name="capitalizeFirstLetter should capitalize the first letter of a single-word string" duration="26"/>
    <testCase name="capitalizeFirstLetter should capitalize the first letter of each word in a sentence" duration="0"/>
    <testCase name="capitalizeFirstLetter should not modify a string with only non-alphabetic characters" duration="1"/>
    <testCase name="capitalizeFirstLetter should handle mixed case strings" duration="1"/>
    <testCase name="capitalizeFirstLetter should return a string with the first letter capitalized when input is a non-empty string" duration="1"/>
    <testCase name="capitalizeFirstLetter should return an empty string when input is an empty string" duration="15"/>
    <testCase name="capitalizeFirstLetter should return the input when it is not a string" duration="1"/>
    <testCase name="capitalizeFirstLetter should return the input when it is null" duration="0"/>
    <testCase name="capitalizeFirstLetter should return the input when it is undefined" duration="2"/>
    <testCase name="capitalizeFirstLetter should return the input when it is a number" duration="0"/>
  </file>
  <file path="/Users/user/Documents/GitHub/retailcore-mfe-investment-management/src/__tests__/components/Loader.test.tsx">
    <testCase name="Breadcrumbs renders without crashing" duration="29"/>
    <testCase name="Breadcrumbs matches snapshot" duration="10"/>
    <testCase name="Loader should render Loader component when isOpen is true" duration="190"/>
    <testCase name="Loader should not render Loader component when isOpen is false" duration="5"/>
    <testCase name="Loader should not throw an error when setIsOpen is not provided" duration="50"/>
    <testCase name="Loader should spin the AiOutlineLoading icon when Loader component is rendered" duration="45"/>
    <testCase name="Loader should display the text prop in the Loader component" duration="56"/>
  </file>
  <file path="/Users/user/Documents/GitHub/retailcore-mfe-investment-management/src/__tests__/components/QuickLinks.test.tsx">
    <testCase name="QuickLinks should renderWithProviders a container with a title and a list of links" duration="237"/>
    <testCase name="QuickLinks component renderWithProviderss QuickLinks component with suggested links" duration="29">
      <failure message="TestingLibraryElementError: Unable to find an element with the text: ProductFactory. This could be because the text is broken up by multiple elements. In this case, you can provide a function for your text matcher to make your matcher more flexible."><![CDATA[TestingLibraryElementError: Unable to find an element with the text: ProductFactory. This could be because the text is broken up by multiple elements. In this case, you can provide a function for your text matcher to make your matcher more flexible.
>>>>>>> 23757ba4e8b87d88019bf936c7fdfe12b2a96598

Ignored nodes: comments, script, style
<body>
  <div>
    <div
      class="border border-[#E5E9EB] rounded-lg bg-white px-[13px] py-8 w-[300px]"
    >
      <h1
        class="uppercase text-xl mb-5 font-medium"
      >
        Quick Links
      </h1>
      <hr
        class="border-[#ddd] mb-[15px]"
      />
      <div
        class="relative bg-[#F9F2F2] mb-7  rounded-[6px] border border-[#E5E9EB] p-4"
      >
        <h2
          class="text-sm font-semibold mb-4"
        >
<<<<<<< HEAD
          <div
            class="fixed top-0 h-2 w-2 bg-transparent z-[-4px]"
            data-testid="click-element-test"
          >
             
          </div>
          <span>
            <button>
              Button
            </button>
          </span>
          <div
            class="top-0 absolute w-[286px] z-10 bg-white rounded-b-lg shadow-[0px_0px_4px_0px_rgba(0,0,0,0.25)] pt-[1px]"
=======
          Suggested from your activity
        </h2>
        <p
          class="text-sm text-[#5B6871"
        >
          As you use the application, suggested items will automatically show up here.
        </p>
        <span
          class="absolute top-3 right-2"
          data-testid="close"
        >
           
          <svg
            class="w-3 h-3  text-[#002266]/40"
            fill="currentColor"
            height="1em"
            stroke="currentColor"
            stroke-width="0"
            viewBox="0 0 352 512"
            width="1em"
            xmlns="http://www.w3.org/2000/svg"
>>>>>>> 23757ba4e8b87d88019bf936c7fdfe12b2a96598
          >
            <path
              d="M242.72 256l100.07-100.07c12.28-12.28 12.28-32.19 0-44.48l-22.24-22.24c-12.28-12.28-32.19-12.28-44.48 0L176 189.28 75.93 89.21c-12.28-12.28-32.19-12.28-44.48 0L9.21 111.45c-12.28 12.28-12.28 32.19 0 44.48L109.28 256 9.21 356.07c-12.28 12.28-12.28 32.19 0 44.48l22.24 22.24c12.28 12.28 32.2 12.28 44.48 0L176 322.72l100.07 100.07c12.28 12.28 32.2 12.28 44.48 0l22.24-22.24c12.28-12.28 12.28-32.19 0-44.48L242.72 256z"
            />
          </svg>
        </span>
      </div>
      <div>
        <ul
          class="grid grid-cols-2 gap-11"
        >
          <li>
            <a
              class="flex flex-col items-center justify-center text-center"
              role="link"
              to="product-management"
            >
              <span
                class="mb-2 block"
              >
                <svg
                  fill="none"
                  height="88"
                  viewBox="0 0 88 88"
                  width="88"
                  xmlns="http://www.w3.org/2000/svg"
                >
                  <circle
                    cx="44"
                    cy="44"
                    fill="#F9F2F2"
                    r="44"
                  />
                  <path
                    d="M60.4167 42.6667C59.8641 42.6667 59.3342 42.8862 58.9435 43.2769C58.5528 43.6676 58.3333 44.1975 58.3333 44.75V57.25C58.3333 57.8025 58.1138 58.3324 57.7231 58.7231C57.3324 59.1138 56.8025 59.3333 56.25 59.3333H31.25C30.6975 59.3333 30.1676 59.1138 29.7769 58.7231C29.3862 58.3324 29.1667 57.8025 29.1667 57.25V32.25C29.1667 31.6975 29.3862 31.1676 29.7769 30.7769C30.1676 30.3862 30.6975 30.1667 31.25 30.1667H43.75C44.3025 30.1667 44.8324 29.9472 45.2231 29.5565C45.6138 29.1658 45.8333 28.6359 45.8333 28.0833C45.8333 27.5308 45.6138 27.0009 45.2231 26.6102C44.8324 26.2195 44.3025 26 43.75 26H31.25C29.5924 26 28.0027 26.6585 26.8306 27.8306C25.6585 29.0027 25 30.5924 25 32.25V57.25C25 58.9076 25.6585 60.4973 26.8306 61.6694C28.0027 62.8415 29.5924 63.5 31.25 63.5H56.25C57.9076 63.5 59.4973 62.8415 60.6694 61.6694C61.8415 60.4973 62.5 58.9076 62.5 57.25V44.75C62.5 44.1975 62.2805 43.6676 61.8898 43.2769C61.4991 42.8862 60.9692 42.6667 60.4167 42.6667Z"
                    fill="#CF2A2A"
                  />
                  <path
                    d="M52.0833 30.1667H55.375L42.2708 43.25C42.0755 43.4437 41.9205 43.6741 41.8148 43.928C41.709 44.1818 41.6545 44.4541 41.6545 44.7292C41.6545 45.0042 41.709 45.2765 41.8148 45.5304C41.9205 45.7842 42.0755 46.0147 42.2708 46.2083C42.4645 46.4036 42.6949 46.5586 42.9488 46.6644C43.2026 46.7701 43.4749 46.8246 43.75 46.8246C44.025 46.8246 44.2973 46.7701 44.5512 46.6644C44.805 46.5586 45.0354 46.4036 45.2291 46.2083L58.3333 33.125V36.4167C58.3333 36.9692 58.5528 37.4991 58.9435 37.8898C59.3342 38.2805 59.8641 38.5 60.4166 38.5C60.9692 38.5 61.4991 38.2805 61.8898 37.8898C62.2805 37.4991 62.5 36.9692 62.5 36.4167V28.0833C62.5 27.5308 62.2805 27.0009 61.8898 26.6102C61.4991 26.2195 60.9692 26 60.4166 26H52.0833C51.5308 26 51.0009 26.2195 50.6101 26.6102C50.2194 27.0009 50 27.5308 50 28.0833C50 28.6359 50.2194 29.1658 50.6101 29.5565C51.0009 29.9472 51.5308 30.1667 52.0833 30.1667Z"
                    fill="#CF2A2A"
                  />
                </svg>
              </span>
              <span
                class="block text-sm"
              >
                Product management
              </span>
            </a>
          </li>
        </ul>
      </div>
    </div>
  </div>
</body>
<<<<<<< HEAD
    at Object.getElementError (/Users/mac/Work/kpmg/investment-management/node_modules/@testing-library/dom/dist/config.js:37:19)
    at /Users/mac/Work/kpmg/investment-management/node_modules/@testing-library/dom/dist/query-helpers.js:76:38
    at /Users/mac/Work/kpmg/investment-management/node_modules/@testing-library/dom/dist/query-helpers.js:52:17
    at getByText (/Users/mac/Work/kpmg/investment-management/node_modules/@testing-library/dom/dist/query-helpers.js:95:19)
    at Object.<anonymous> (/Users/mac/Work/kpmg/investment-management/src/__tests__/components/CreateButton.test.tsx:231:19)
    at Promise.then.completed (/Users/mac/Work/kpmg/investment-management/node_modules/jest-circus/build/utils.js:391:28)
=======
    at Object.getElementError (/Users/user/Documents/GitHub/retailcore-mfe-investment-management/node_modules/@testing-library/dom/dist/config.js:37:19)
    at /Users/user/Documents/GitHub/retailcore-mfe-investment-management/node_modules/@testing-library/dom/dist/query-helpers.js:76:38
    at /Users/user/Documents/GitHub/retailcore-mfe-investment-management/node_modules/@testing-library/dom/dist/query-helpers.js:52:17
    at getByText (/Users/user/Documents/GitHub/retailcore-mfe-investment-management/node_modules/@testing-library/dom/dist/query-helpers.js:95:19)
    at Object.<anonymous> (/Users/user/Documents/GitHub/retailcore-mfe-investment-management/src/__tests__/components/QuickLinks.test.tsx:48:19)
    at Promise.then.completed (/Users/user/Documents/GitHub/retailcore-mfe-investment-management/node_modules/jest-circus/build/utils.js:391:28)
>>>>>>> 23757ba4e8b87d88019bf936c7fdfe12b2a96598
    at new Promise (<anonymous>)
    at callAsyncCircusFn (/Users/user/Documents/GitHub/retailcore-mfe-investment-management/node_modules/jest-circus/build/utils.js:316:10)
    at _callCircusTest (/Users/user/Documents/GitHub/retailcore-mfe-investment-management/node_modules/jest-circus/build/run.js:218:40)
    at processTicksAndRejections (node:internal/process/task_queues:95:5)
    at _runTest (/Users/user/Documents/GitHub/retailcore-mfe-investment-management/node_modules/jest-circus/build/run.js:155:3)
    at _runTestsForDescribeBlock (/Users/user/Documents/GitHub/retailcore-mfe-investment-management/node_modules/jest-circus/build/run.js:66:9)
    at _runTestsForDescribeBlock (/Users/user/Documents/GitHub/retailcore-mfe-investment-management/node_modules/jest-circus/build/run.js:60:9)
    at run (/Users/user/Documents/GitHub/retailcore-mfe-investment-management/node_modules/jest-circus/build/run.js:25:3)
    at runAndTransformResultsToJestFormat (/Users/user/Documents/GitHub/retailcore-mfe-investment-management/node_modules/jest-circus/build/legacy-code-todo-rewrite/jestAdapterInit.js:170:21)
    at jestAdapter (/Users/user/Documents/GitHub/retailcore-mfe-investment-management/node_modules/jest-circus/build/legacy-code-todo-rewrite/jestAdapter.js:82:19)
    at runTestInternal (/Users/user/Documents/GitHub/retailcore-mfe-investment-management/node_modules/jest-runner/build/runTest.js:389:16)
    at runTest (/Users/user/Documents/GitHub/retailcore-mfe-investment-management/node_modules/jest-runner/build/runTest.js:475:34)
    at Object.worker (/Users/user/Documents/GitHub/retailcore-mfe-investment-management/node_modules/jest-runner/build/testWorker.js:133:12)]]></failure>
    </testCase>
<<<<<<< HEAD
    <testCase name="CreateButton should close the dropdown menu when clicked outside" duration="24"/>
  </file>
  <file path="/Users/mac/Work/kpmg/investment-management/src/__tests__/components/Breadcrumbs.test.tsx">
    <testCase name="Breadcrumbs renders without crashing" duration="40"/>
    <testCase name="Breadcrumbs matches snapshot" duration="29">
      <failure message="Error: expect([38;2;0;95;95m[48;2;215;255;255mreceived).toMatchSnapshot()"><![CDATA[Error: expect([38;2;0;95;95m[48;2;215;255;255mreceived).toMatchSnapshot()

Snapshot name: `Breadcrumbs matches snapshot 1`

[38;2;128;0;128m[48;2;255;215;255m- Snapshot  - 2
[38;2;0;95;95m[48;2;215;255;255m+ Received  + 2

@@ -26,19 +26,19 @@
      </button>
      <ul
        class="flex gap-x-8 uppercase items-center"
      >
        <li
[38;2;128;0;128m[48;2;255;215;255m-         class="first-of-type:hover:bg-[#F9F2F2] px-2 py-1 rounded first-of-type:cursor-pointer relative text-[#8F8F8F] text-base font-medium last-of-type:text-[#636363] after:absolute after:content-[''] after:right-[-16px] after:top-1/2 after:translate-y-[-50%] after:w-2 after:h-2 after:border-b-2 after:border-r-2 after:border-[#636363] after:-rotate-45 last-of-type:after:content-none"
[38;2;0;95;95m[48;2;215;255;255m+         class="first-of-type:hover:bg-[#F9F2F2] hover:bg-[#F9F2F2] cursor-pointer px-2 py-1 rounded first-of-type:cursor-pointer relative text-[#8F8F8F] text-base font-medium last-of-type:text-[#636363] after:absolute after:content-[''] after:right-[-16px] after:top-1/2 after:translate-y-[-50%] after:w-2 after:h-2 after:border-b-2 after:border-r-2 after:border-[#636363] after:-rotate-45 last-of-type:after:content-none"
          data-testid="Home"
        >
          <span>
            Home
          </span>
        </li>
        <li
[38;2;128;0;128m[48;2;255;215;255m-         class="first-of-type:hover:bg-[#F9F2F2] px-2 py-1 rounded first-of-type:cursor-pointer relative text-[#8F8F8F] text-base font-medium last-of-type:text-[#636363] after:absolute after:content-[''] after:right-[-16px] after:top-1/2 after:translate-y-[-50%] after:w-2 after:h-2 after:border-b-2 after:border-r-2 after:border-[#636363] after:-rotate-45 last-of-type:after:content-none"
[38;2;0;95;95m[48;2;215;255;255m+         class="first-of-type:hover:bg-[#F9F2F2] hover:bg-[#F9F2F2] cursor-pointer px-2 py-1 rounded first-of-type:cursor-pointer relative text-[#8F8F8F] text-base font-medium last-of-type:text-[#636363] after:absolute after:content-[''] after:right-[-16px] after:top-1/2 after:translate-y-[-50%] after:w-2 after:h-2 after:border-b-2 after:border-r-2 after:border-[#636363] after:-rotate-45 last-of-type:after:content-none"
          data-testid="Productes"
        >
          <span>
            Productes
          </span>
    at Object.<anonymous> (/Users/mac/Work/kpmg/investment-management/src/__tests__/components/Breadcrumbs.test.tsx:31:26)
    at Promise.then.completed (/Users/mac/Work/kpmg/investment-management/node_modules/jest-circus/build/utils.js:391:28)
    at new Promise (<anonymous>)
    at callAsyncCircusFn (/Users/mac/Work/kpmg/investment-management/node_modules/jest-circus/build/utils.js:316:10)
    at _callCircusTest (/Users/mac/Work/kpmg/investment-management/node_modules/jest-circus/build/run.js:218:40)
    at processTicksAndRejections (node:internal/process/task_queues:96:5)
    at _runTest (/Users/mac/Work/kpmg/investment-management/node_modules/jest-circus/build/run.js:155:3)
    at _runTestsForDescribeBlock (/Users/mac/Work/kpmg/investment-management/node_modules/jest-circus/build/run.js:66:9)
    at _runTestsForDescribeBlock (/Users/mac/Work/kpmg/investment-management/node_modules/jest-circus/build/run.js:60:9)
    at run (/Users/mac/Work/kpmg/investment-management/node_modules/jest-circus/build/run.js:25:3)
    at runAndTransformResultsToJestFormat (/Users/mac/Work/kpmg/investment-management/node_modules/jest-circus/build/legacy-code-todo-rewrite/jestAdapterInit.js:170:21)
    at jestAdapter (/Users/mac/Work/kpmg/investment-management/node_modules/jest-circus/build/legacy-code-todo-rewrite/jestAdapter.js:82:19)
    at runTestInternal (/Users/mac/Work/kpmg/investment-management/node_modules/jest-runner/build/runTest.js:389:16)
    at runTest (/Users/mac/Work/kpmg/investment-management/node_modules/jest-runner/build/runTest.js:475:34)
    at Object.worker (/Users/mac/Work/kpmg/investment-management/node_modules/jest-runner/build/testWorker.js:133:12)]]></failure>
    </testCase>
    <testCase name="Breadcrumbs displays breadcrumb links" duration="32"/>
    <testCase name="Breadcrumbs Can click on links" duration="68"/>
  </file>
  <file path="/Users/mac/Work/kpmg/investment-management/src/__tests__/components/investment/dashboard/TableComponent.test.tsx">
    <testCase name="handleDropdown should return an array of options based on the status, isChecker, locked, and permissions parameters" duration="5"/>
    <testCase name="handleDropdown should filter out &quot;deactivate&quot; and &quot;activate&quot; options if user does not have &quot;CREATE_PRODUCT&quot; permission" duration="1"/>
    <testCase name="handleDropdown should filter out &quot;modify&quot; option if user does not have &quot;CREATE_PRODUCT&quot; permission and is not a checker" duration="7"/>
    <testCase name="handleDropdown should return an array with only &quot;view&quot; option if locked parameter is true and &quot;view&quot; option exists" duration="3"/>
    <testCase name="handleDropdown should return an empty array if locked parameter is true and &quot;view&quot; option does not exist" duration="1"/>
    <testCase name="handleDropdown should return an array with only &quot;view&quot; option if isChecker parameter is true and &quot;view&quot; option exists" duration="1"/>
    <testCase name="handleHeaders should filter out &apos;created_by&apos; when isChecker is true" duration="5">
      <failure message="Error: expect(received).toEqual(expected) // deep equality"><![CDATA[Error: expect(received).toEqual(expected) // deep equality

- Expected  - 0
+ Received  + 3

  Array [
    Object {
+     "key": "created_by",
+   },
+   Object {
      "key": "other_key",
    },
  ]
    at Object.<anonymous> (/Users/mac/Work/kpmg/investment-management/src/__tests__/components/investment/dashboard/TableComponent.test.tsx:194:20)
    at Promise.then.completed (/Users/mac/Work/kpmg/investment-management/node_modules/jest-circus/build/utils.js:391:28)
    at new Promise (<anonymous>)
    at callAsyncCircusFn (/Users/mac/Work/kpmg/investment-management/node_modules/jest-circus/build/utils.js:316:10)
    at _callCircusTest (/Users/mac/Work/kpmg/investment-management/node_modules/jest-circus/build/run.js:218:40)
    at processTicksAndRejections (node:internal/process/task_queues:96:5)
    at _runTest (/Users/mac/Work/kpmg/investment-management/node_modules/jest-circus/build/run.js:155:3)
    at _runTestsForDescribeBlock (/Users/mac/Work/kpmg/investment-management/node_modules/jest-circus/build/run.js:66:9)
    at _runTestsForDescribeBlock (/Users/mac/Work/kpmg/investment-management/node_modules/jest-circus/build/run.js:60:9)
    at run (/Users/mac/Work/kpmg/investment-management/node_modules/jest-circus/build/run.js:25:3)
    at runAndTransformResultsToJestFormat (/Users/mac/Work/kpmg/investment-management/node_modules/jest-circus/build/legacy-code-todo-rewrite/jestAdapterInit.js:170:21)
    at jestAdapter (/Users/mac/Work/kpmg/investment-management/node_modules/jest-circus/build/legacy-code-todo-rewrite/jestAdapter.js:82:19)
    at runTestInternal (/Users/mac/Work/kpmg/investment-management/node_modules/jest-runner/build/runTest.js:389:16)
    at runTest (/Users/mac/Work/kpmg/investment-management/node_modules/jest-runner/build/runTest.js:475:34)
    at Object.worker (/Users/mac/Work/kpmg/investment-management/node_modules/jest-runner/build/testWorker.js:133:12)]]></failure>
    </testCase>
    <testCase name="handleHeaders should filter out &apos;approved_By&apos; when isChecker is false" duration="2">
      <failure message="Error: expect(received).toEqual(expected) // deep equality"><![CDATA[Error: expect(received).toEqual(expected) // deep equality

- Expected  - 0
+ Received  + 3

  Array [
    Object {
+     "key": "approved_By",
+   },
+   Object {
      "key": "other_key",
    },
  ]
    at Object.<anonymous> (/Users/mac/Work/kpmg/investment-management/src/__tests__/components/investment/dashboard/TableComponent.test.tsx:203:20)
    at Promise.then.completed (/Users/mac/Work/kpmg/investment-management/node_modules/jest-circus/build/utils.js:391:28)
    at new Promise (<anonymous>)
    at callAsyncCircusFn (/Users/mac/Work/kpmg/investment-management/node_modules/jest-circus/build/utils.js:316:10)
    at _callCircusTest (/Users/mac/Work/kpmg/investment-management/node_modules/jest-circus/build/run.js:218:40)
    at processTicksAndRejections (node:internal/process/task_queues:96:5)
    at _runTest (/Users/mac/Work/kpmg/investment-management/node_modules/jest-circus/build/run.js:155:3)
    at _runTestsForDescribeBlock (/Users/mac/Work/kpmg/investment-management/node_modules/jest-circus/build/run.js:66:9)
    at _runTestsForDescribeBlock (/Users/mac/Work/kpmg/investment-management/node_modules/jest-circus/build/run.js:60:9)
    at run (/Users/mac/Work/kpmg/investment-management/node_modules/jest-circus/build/run.js:25:3)
    at runAndTransformResultsToJestFormat (/Users/mac/Work/kpmg/investment-management/node_modules/jest-circus/build/legacy-code-todo-rewrite/jestAdapterInit.js:170:21)
    at jestAdapter (/Users/mac/Work/kpmg/investment-management/node_modules/jest-circus/build/legacy-code-todo-rewrite/jestAdapter.js:82:19)
    at runTestInternal (/Users/mac/Work/kpmg/investment-management/node_modules/jest-runner/build/runTest.js:389:16)
    at runTest (/Users/mac/Work/kpmg/investment-management/node_modules/jest-runner/build/runTest.js:475:34)
    at Object.worker (/Users/mac/Work/kpmg/investment-management/node_modules/jest-runner/build/testWorker.js:133:12)]]></failure>
    </testCase>
    <testCase name="handleDownload should generate CSV for requests category" duration="3"/>
    <testCase name="handleDownload should generate CSV for product category" duration="2"/>
    <testCase name="handleDownload should not generate CSV if downloadData is empty" duration="1"/>
  </file>
  <file path="/Users/mac/Work/kpmg/investment-management/src/__tests__/utils/formatCurrency.test.tsx">
    <testCase name="formatCurrency should return a formatted currency string with default parameters" duration="39">
      <failure message="Error: expect(received).toBe(expected) // Object.is equality"><![CDATA[Error: expect(received).toBe(expected) // Object.is equality

Expected: "₦1,000"
Received: "NGN 1,000"
    at Object.<anonymous> (/Users/mac/Work/kpmg/investment-management/src/__tests__/utils/formatCurrency.test.tsx:11:22)
    at Promise.then.completed (/Users/mac/Work/kpmg/investment-management/node_modules/jest-circus/build/utils.js:391:28)
=======
    <testCase name="QuickLinks component closes the suggested links section when close button is clicked" duration="27"/>
    <testCase name="QuickLinks component should fetch data from useGetLinksQuery hook and update state with received data" duration="63">
      <failure message="Error: Cannot find module &apos;../src/components/QuickLinks&apos; from &apos;__tests__/components/QuickLinks.test.tsx&apos;"><![CDATA[Error: Cannot find module '../src/components/QuickLinks' from '__tests__/components/QuickLinks.test.tsx'
    at Resolver.resolveModule (/Users/user/Documents/GitHub/retailcore-mfe-investment-management/node_modules/jest-resolve/build/resolver.js:324:11)
    at Resolver._getVirtualMockPath (/Users/user/Documents/GitHub/retailcore-mfe-investment-management/node_modules/jest-resolve/build/resolver.js:471:14)
    at Resolver._getAbsolutePath (/Users/user/Documents/GitHub/retailcore-mfe-investment-management/node_modules/jest-resolve/build/resolver.js:457:14)
    at Resolver.getModuleID (/Users/user/Documents/GitHub/retailcore-mfe-investment-management/node_modules/jest-resolve/build/resolver.js:424:31)
    at Runtime._shouldMock (/Users/user/Documents/GitHub/retailcore-mfe-investment-management/node_modules/jest-runtime/build/index.js:1917:37)
    at Runtime.require [as requireModuleOrMock] (/Users/user/Documents/GitHub/retailcore-mfe-investment-management/node_modules/jest-runtime/build/index.js:1204:14)
    at Object.<anonymous> (/Users/user/Documents/GitHub/retailcore-mfe-investment-management/src/__tests__/components/QuickLinks.test.tsx:102:24)
    at Promise.then.completed (/Users/user/Documents/GitHub/retailcore-mfe-investment-management/node_modules/jest-circus/build/utils.js:391:28)
>>>>>>> 23757ba4e8b87d88019bf936c7fdfe12b2a96598
    at new Promise (<anonymous>)
    at callAsyncCircusFn (/Users/user/Documents/GitHub/retailcore-mfe-investment-management/node_modules/jest-circus/build/utils.js:316:10)
    at _callCircusTest (/Users/user/Documents/GitHub/retailcore-mfe-investment-management/node_modules/jest-circus/build/run.js:218:40)
    at processTicksAndRejections (node:internal/process/task_queues:95:5)
    at _runTest (/Users/user/Documents/GitHub/retailcore-mfe-investment-management/node_modules/jest-circus/build/run.js:155:3)
    at _runTestsForDescribeBlock (/Users/user/Documents/GitHub/retailcore-mfe-investment-management/node_modules/jest-circus/build/run.js:66:9)
    at _runTestsForDescribeBlock (/Users/user/Documents/GitHub/retailcore-mfe-investment-management/node_modules/jest-circus/build/run.js:60:9)
    at run (/Users/user/Documents/GitHub/retailcore-mfe-investment-management/node_modules/jest-circus/build/run.js:25:3)
    at runAndTransformResultsToJestFormat (/Users/user/Documents/GitHub/retailcore-mfe-investment-management/node_modules/jest-circus/build/legacy-code-todo-rewrite/jestAdapterInit.js:170:21)
    at jestAdapter (/Users/user/Documents/GitHub/retailcore-mfe-investment-management/node_modules/jest-circus/build/legacy-code-todo-rewrite/jestAdapter.js:82:19)
    at runTestInternal (/Users/user/Documents/GitHub/retailcore-mfe-investment-management/node_modules/jest-runner/build/runTest.js:389:16)
    at runTest (/Users/user/Documents/GitHub/retailcore-mfe-investment-management/node_modules/jest-runner/build/runTest.js:475:34)
    at Object.worker (/Users/user/Documents/GitHub/retailcore-mfe-investment-management/node_modules/jest-runner/build/testWorker.js:133:12)]]></failure>
    </testCase>
<<<<<<< HEAD
    <testCase name="formatCurrency should return a formatted currency string with custom fraction and currency parameters" duration="2"/>
    <testCase name="formatCurrency should return a formatted currency string with custom fraction, currency, and price parameters" duration="1"/>
    <testCase name="formatCurrency should return a formatted currency string with a price of 0" duration="1">
      <failure message="Error: expect(received).toBe(expected) // Object.is equality"><![CDATA[Error: expect(received).toBe(expected) // Object.is equality

Expected: "₦0"
Received: "NGN 0"
    at Object.<anonymous> (/Users/mac/Work/kpmg/investment-management/src/__tests__/utils/formatCurrency.test.tsx:39:22)
    at Promise.then.completed (/Users/mac/Work/kpmg/investment-management/node_modules/jest-circus/build/utils.js:391:28)
=======
    <testCase name="QuickLinks component should renderWithProviders a message when isOpen state is true" duration="2">
      <failure message="Error: Cannot find module &apos;../src/components/QuickLinks&apos; from &apos;__tests__/components/QuickLinks.test.tsx&apos;"><![CDATA[Error: Cannot find module '../src/components/QuickLinks' from '__tests__/components/QuickLinks.test.tsx'
    at Resolver.resolveModule (/Users/user/Documents/GitHub/retailcore-mfe-investment-management/node_modules/jest-resolve/build/resolver.js:324:11)
    at Resolver._getVirtualMockPath (/Users/user/Documents/GitHub/retailcore-mfe-investment-management/node_modules/jest-resolve/build/resolver.js:471:14)
    at Resolver._getAbsolutePath (/Users/user/Documents/GitHub/retailcore-mfe-investment-management/node_modules/jest-resolve/build/resolver.js:457:14)
    at Resolver.getModuleID (/Users/user/Documents/GitHub/retailcore-mfe-investment-management/node_modules/jest-resolve/build/resolver.js:424:31)
    at Runtime._shouldMock (/Users/user/Documents/GitHub/retailcore-mfe-investment-management/node_modules/jest-runtime/build/index.js:1917:37)
    at Runtime.require [as requireModuleOrMock] (/Users/user/Documents/GitHub/retailcore-mfe-investment-management/node_modules/jest-runtime/build/index.js:1204:14)
    at Object.<anonymous> (/Users/user/Documents/GitHub/retailcore-mfe-investment-management/src/__tests__/components/QuickLinks.test.tsx:120:24)
    at Promise.then.completed (/Users/user/Documents/GitHub/retailcore-mfe-investment-management/node_modules/jest-circus/build/utils.js:391:28)
>>>>>>> 23757ba4e8b87d88019bf936c7fdfe12b2a96598
    at new Promise (<anonymous>)
    at callAsyncCircusFn (/Users/user/Documents/GitHub/retailcore-mfe-investment-management/node_modules/jest-circus/build/utils.js:316:10)
    at _callCircusTest (/Users/user/Documents/GitHub/retailcore-mfe-investment-management/node_modules/jest-circus/build/run.js:218:40)
    at processTicksAndRejections (node:internal/process/task_queues:95:5)
    at _runTest (/Users/user/Documents/GitHub/retailcore-mfe-investment-management/node_modules/jest-circus/build/run.js:155:3)
    at _runTestsForDescribeBlock (/Users/user/Documents/GitHub/retailcore-mfe-investment-management/node_modules/jest-circus/build/run.js:66:9)
    at _runTestsForDescribeBlock (/Users/user/Documents/GitHub/retailcore-mfe-investment-management/node_modules/jest-circus/build/run.js:60:9)
    at run (/Users/user/Documents/GitHub/retailcore-mfe-investment-management/node_modules/jest-circus/build/run.js:25:3)
    at runAndTransformResultsToJestFormat (/Users/user/Documents/GitHub/retailcore-mfe-investment-management/node_modules/jest-circus/build/legacy-code-todo-rewrite/jestAdapterInit.js:170:21)
    at jestAdapter (/Users/user/Documents/GitHub/retailcore-mfe-investment-management/node_modules/jest-circus/build/legacy-code-todo-rewrite/jestAdapter.js:82:19)
    at runTestInternal (/Users/user/Documents/GitHub/retailcore-mfe-investment-management/node_modules/jest-runner/build/runTest.js:389:16)
    at runTest (/Users/user/Documents/GitHub/retailcore-mfe-investment-management/node_modules/jest-runner/build/runTest.js:475:34)
    at Object.worker (/Users/user/Documents/GitHub/retailcore-mfe-investment-management/node_modules/jest-runner/build/testWorker.js:133:12)]]></failure>
    </testCase>
<<<<<<< HEAD
    <testCase name="formatCurrency should return a formatted currency string with a negative price" duration="1">
      <failure message="Error: expect(received).toBe(expected) // Object.is equality"><![CDATA[Error: expect(received).toBe(expected) // Object.is equality

Expected: "-₦1,000"
Received: "-NGN 1,000"
    at Object.<anonymous> (/Users/mac/Work/kpmg/investment-management/src/__tests__/utils/formatCurrency.test.tsx:47:22)
    at Promise.then.completed (/Users/mac/Work/kpmg/investment-management/node_modules/jest-circus/build/utils.js:391:28)
    at new Promise (<anonymous>)
    at callAsyncCircusFn (/Users/mac/Work/kpmg/investment-management/node_modules/jest-circus/build/utils.js:316:10)
    at _callCircusTest (/Users/mac/Work/kpmg/investment-management/node_modules/jest-circus/build/run.js:218:40)
    at processTicksAndRejections (node:internal/process/task_queues:96:5)
    at _runTest (/Users/mac/Work/kpmg/investment-management/node_modules/jest-circus/build/run.js:155:3)
    at _runTestsForDescribeBlock (/Users/mac/Work/kpmg/investment-management/node_modules/jest-circus/build/run.js:66:9)
    at _runTestsForDescribeBlock (/Users/mac/Work/kpmg/investment-management/node_modules/jest-circus/build/run.js:60:9)
    at run (/Users/mac/Work/kpmg/investment-management/node_modules/jest-circus/build/run.js:25:3)
    at runAndTransformResultsToJestFormat (/Users/mac/Work/kpmg/investment-management/node_modules/jest-circus/build/legacy-code-todo-rewrite/jestAdapterInit.js:170:21)
    at jestAdapter (/Users/mac/Work/kpmg/investment-management/node_modules/jest-circus/build/legacy-code-todo-rewrite/jestAdapter.js:82:19)
    at runTestInternal (/Users/mac/Work/kpmg/investment-management/node_modules/jest-runner/build/runTest.js:389:16)
    at runTest (/Users/mac/Work/kpmg/investment-management/node_modules/jest-runner/build/runTest.js:475:34)
    at Object.worker (/Users/mac/Work/kpmg/investment-management/node_modules/jest-runner/build/testWorker.js:133:12)]]></failure>
    </testCase>
  </file>
  <file path="/Users/mac/Work/kpmg/investment-management/src/__tests__/components/TopBar.test.tsx">
    <testCase name="Tabs should render a list of tabs with titles and urls" duration="92">
      <failure message="TypeError: (0 , _reactRouterDom.useNavigate) is not a function"><![CDATA[TypeError: (0 , _reactRouterDom.useNavigate) is not a function
    at Tabs (/Users/mac/Work/kpmg/investment-management/src/components/TopBar.tsx:35:31)
    at renderWithHooks (/Users/mac/Work/kpmg/investment-management/node_modules/react-dom/cjs/react-dom.development.js:14985:18)
    at mountIndeterminateComponent (/Users/mac/Work/kpmg/investment-management/node_modules/react-dom/cjs/react-dom.development.js:17811:13)
    at beginWork (/Users/mac/Work/kpmg/investment-management/node_modules/react-dom/cjs/react-dom.development.js:19049:16)
    at HTMLUnknownElement.callCallback (/Users/mac/Work/kpmg/investment-management/node_modules/react-dom/cjs/react-dom.development.js:3945:14)
    at HTMLUnknownElement.callTheUserObjectsOperation (/Users/mac/Work/kpmg/investment-management/node_modules/jsdom/lib/jsdom/living/generated/EventListener.js:26:30)
    at innerInvokeEventListeners (/Users/mac/Work/kpmg/investment-management/node_modules/jsdom/lib/jsdom/living/events/EventTarget-impl.js:338:25)
    at invokeEventListeners (/Users/mac/Work/kpmg/investment-management/node_modules/jsdom/lib/jsdom/living/events/EventTarget-impl.js:274:3)
    at HTMLUnknownElementImpl._dispatch (/Users/mac/Work/kpmg/investment-management/node_modules/jsdom/lib/jsdom/living/events/EventTarget-impl.js:221:9)
    at HTMLUnknownElementImpl.dispatchEvent (/Users/mac/Work/kpmg/investment-management/node_modules/jsdom/lib/jsdom/living/events/EventTarget-impl.js:94:17)
    at HTMLUnknownElement.dispatchEvent (/Users/mac/Work/kpmg/investment-management/node_modules/jsdom/lib/jsdom/living/generated/EventTarget.js:231:34)
    at Object.invokeGuardedCallbackDev (/Users/mac/Work/kpmg/investment-management/node_modules/react-dom/cjs/react-dom.development.js:3994:16)
    at invokeGuardedCallback (/Users/mac/Work/kpmg/investment-management/node_modules/react-dom/cjs/react-dom.development.js:4056:31)
    at beginWork$1 (/Users/mac/Work/kpmg/investment-management/node_modules/react-dom/cjs/react-dom.development.js:23964:7)
    at performUnitOfWork (/Users/mac/Work/kpmg/investment-management/node_modules/react-dom/cjs/react-dom.development.js:22779:12)
    at workLoopSync (/Users/mac/Work/kpmg/investment-management/node_modules/react-dom/cjs/react-dom.development.js:22707:5)
    at renderRootSync (/Users/mac/Work/kpmg/investment-management/node_modules/react-dom/cjs/react-dom.development.js:22670:7)
    at performSyncWorkOnRoot (/Users/mac/Work/kpmg/investment-management/node_modules/react-dom/cjs/react-dom.development.js:22293:18)
    at scheduleUpdateOnFiber (/Users/mac/Work/kpmg/investment-management/node_modules/react-dom/cjs/react-dom.development.js:21881:7)
    at updateContainer (/Users/mac/Work/kpmg/investment-management/node_modules/react-dom/cjs/react-dom.development.js:25482:3)
    at /Users/mac/Work/kpmg/investment-management/node_modules/react-dom/cjs/react-dom.development.js:26021:7
    at unbatchedUpdates (/Users/mac/Work/kpmg/investment-management/node_modules/react-dom/cjs/react-dom.development.js:22431:12)
    at legacyRenderSubtreeIntoContainer (/Users/mac/Work/kpmg/investment-management/node_modules/react-dom/cjs/react-dom.development.js:26020:5)
    at Object.render (/Users/mac/Work/kpmg/investment-management/node_modules/react-dom/cjs/react-dom.development.js:26103:10)
    at /Users/mac/Work/kpmg/investment-management/node_modules/@testing-library/react/dist/pure.js:101:25
    at batchedUpdates$1 (/Users/mac/Work/kpmg/investment-management/node_modules/react-dom/cjs/react-dom.development.js:22380:12)
    at act (/Users/mac/Work/kpmg/investment-management/node_modules/react-dom/cjs/react-dom-test-utils.development.js:1042:14)
    at render (/Users/mac/Work/kpmg/investment-management/node_modules/@testing-library/react/dist/pure.js:97:26)
    at Object.<anonymous> (/Users/mac/Work/kpmg/investment-management/src/__tests__/components/TopBar.test.tsx:30:11)
    at Promise.then.completed (/Users/mac/Work/kpmg/investment-management/node_modules/jest-circus/build/utils.js:391:28)
    at new Promise (<anonymous>)
    at callAsyncCircusFn (/Users/mac/Work/kpmg/investment-management/node_modules/jest-circus/build/utils.js:316:10)
    at _callCircusTest (/Users/mac/Work/kpmg/investment-management/node_modules/jest-circus/build/run.js:218:40)
    at processTicksAndRejections (node:internal/process/task_queues:96:5)
    at _runTest (/Users/mac/Work/kpmg/investment-management/node_modules/jest-circus/build/run.js:155:3)
    at _runTestsForDescribeBlock (/Users/mac/Work/kpmg/investment-management/node_modules/jest-circus/build/run.js:66:9)
    at _runTestsForDescribeBlock (/Users/mac/Work/kpmg/investment-management/node_modules/jest-circus/build/run.js:60:9)
    at run (/Users/mac/Work/kpmg/investment-management/node_modules/jest-circus/build/run.js:25:3)
    at runAndTransformResultsToJestFormat (/Users/mac/Work/kpmg/investment-management/node_modules/jest-circus/build/legacy-code-todo-rewrite/jestAdapterInit.js:170:21)
    at jestAdapter (/Users/mac/Work/kpmg/investment-management/node_modules/jest-circus/build/legacy-code-todo-rewrite/jestAdapter.js:82:19)
    at runTestInternal (/Users/mac/Work/kpmg/investment-management/node_modules/jest-runner/build/runTest.js:389:16)
    at runTest (/Users/mac/Work/kpmg/investment-management/node_modules/jest-runner/build/runTest.js:475:34)
    at Object.worker (/Users/mac/Work/kpmg/investment-management/node_modules/jest-runner/build/testWorker.js:133:12)]]></failure>
    </testCase>
    <testCase name="should set active tab and update search term" duration="9">
      <failure message="TypeError: (0 , _reactRouterDom.useNavigate) is not a function"><![CDATA[TypeError: (0 , _reactRouterDom.useNavigate) is not a function
    at Tabs (/Users/mac/Work/kpmg/investment-management/src/components/TopBar.tsx:35:31)
    at renderWithHooks (/Users/mac/Work/kpmg/investment-management/node_modules/react-dom/cjs/react-dom.development.js:14985:18)
    at mountIndeterminateComponent (/Users/mac/Work/kpmg/investment-management/node_modules/react-dom/cjs/react-dom.development.js:17811:13)
    at beginWork (/Users/mac/Work/kpmg/investment-management/node_modules/react-dom/cjs/react-dom.development.js:19049:16)
    at HTMLUnknownElement.callCallback (/Users/mac/Work/kpmg/investment-management/node_modules/react-dom/cjs/react-dom.development.js:3945:14)
    at HTMLUnknownElement.callTheUserObjectsOperation (/Users/mac/Work/kpmg/investment-management/node_modules/jsdom/lib/jsdom/living/generated/EventListener.js:26:30)
    at innerInvokeEventListeners (/Users/mac/Work/kpmg/investment-management/node_modules/jsdom/lib/jsdom/living/events/EventTarget-impl.js:338:25)
    at invokeEventListeners (/Users/mac/Work/kpmg/investment-management/node_modules/jsdom/lib/jsdom/living/events/EventTarget-impl.js:274:3)
    at HTMLUnknownElementImpl._dispatch (/Users/mac/Work/kpmg/investment-management/node_modules/jsdom/lib/jsdom/living/events/EventTarget-impl.js:221:9)
    at HTMLUnknownElementImpl.dispatchEvent (/Users/mac/Work/kpmg/investment-management/node_modules/jsdom/lib/jsdom/living/events/EventTarget-impl.js:94:17)
    at HTMLUnknownElement.dispatchEvent (/Users/mac/Work/kpmg/investment-management/node_modules/jsdom/lib/jsdom/living/generated/EventTarget.js:231:34)
    at Object.invokeGuardedCallbackDev (/Users/mac/Work/kpmg/investment-management/node_modules/react-dom/cjs/react-dom.development.js:3994:16)
    at invokeGuardedCallback (/Users/mac/Work/kpmg/investment-management/node_modules/react-dom/cjs/react-dom.development.js:4056:31)
    at beginWork$1 (/Users/mac/Work/kpmg/investment-management/node_modules/react-dom/cjs/react-dom.development.js:23964:7)
    at performUnitOfWork (/Users/mac/Work/kpmg/investment-management/node_modules/react-dom/cjs/react-dom.development.js:22779:12)
    at workLoopSync (/Users/mac/Work/kpmg/investment-management/node_modules/react-dom/cjs/react-dom.development.js:22707:5)
    at renderRootSync (/Users/mac/Work/kpmg/investment-management/node_modules/react-dom/cjs/react-dom.development.js:22670:7)
    at performSyncWorkOnRoot (/Users/mac/Work/kpmg/investment-management/node_modules/react-dom/cjs/react-dom.development.js:22293:18)
    at scheduleUpdateOnFiber (/Users/mac/Work/kpmg/investment-management/node_modules/react-dom/cjs/react-dom.development.js:21881:7)
    at updateContainer (/Users/mac/Work/kpmg/investment-management/node_modules/react-dom/cjs/react-dom.development.js:25482:3)
    at /Users/mac/Work/kpmg/investment-management/node_modules/react-dom/cjs/react-dom.development.js:26021:7
    at unbatchedUpdates (/Users/mac/Work/kpmg/investment-management/node_modules/react-dom/cjs/react-dom.development.js:22431:12)
    at legacyRenderSubtreeIntoContainer (/Users/mac/Work/kpmg/investment-management/node_modules/react-dom/cjs/react-dom.development.js:26020:5)
    at Object.render (/Users/mac/Work/kpmg/investment-management/node_modules/react-dom/cjs/react-dom.development.js:26103:10)
    at /Users/mac/Work/kpmg/investment-management/node_modules/@testing-library/react/dist/pure.js:101:25
    at batchedUpdates$1 (/Users/mac/Work/kpmg/investment-management/node_modules/react-dom/cjs/react-dom.development.js:22380:12)
    at act (/Users/mac/Work/kpmg/investment-management/node_modules/react-dom/cjs/react-dom-test-utils.development.js:1042:14)
    at render (/Users/mac/Work/kpmg/investment-management/node_modules/@testing-library/react/dist/pure.js:97:26)
    at Object.<anonymous> (/Users/mac/Work/kpmg/investment-management/src/__tests__/components/TopBar.test.tsx:39:9)
    at Promise.then.completed (/Users/mac/Work/kpmg/investment-management/node_modules/jest-circus/build/utils.js:391:28)
    at new Promise (<anonymous>)
    at callAsyncCircusFn (/Users/mac/Work/kpmg/investment-management/node_modules/jest-circus/build/utils.js:316:10)
    at _callCircusTest (/Users/mac/Work/kpmg/investment-management/node_modules/jest-circus/build/run.js:218:40)
    at processTicksAndRejections (node:internal/process/task_queues:96:5)
    at _runTest (/Users/mac/Work/kpmg/investment-management/node_modules/jest-circus/build/run.js:155:3)
    at _runTestsForDescribeBlock (/Users/mac/Work/kpmg/investment-management/node_modules/jest-circus/build/run.js:66:9)
    at run (/Users/mac/Work/kpmg/investment-management/node_modules/jest-circus/build/run.js:25:3)
    at runAndTransformResultsToJestFormat (/Users/mac/Work/kpmg/investment-management/node_modules/jest-circus/build/legacy-code-todo-rewrite/jestAdapterInit.js:170:21)
    at jestAdapter (/Users/mac/Work/kpmg/investment-management/node_modules/jest-circus/build/legacy-code-todo-rewrite/jestAdapter.js:82:19)
    at runTestInternal (/Users/mac/Work/kpmg/investment-management/node_modules/jest-runner/build/runTest.js:389:16)
    at runTest (/Users/mac/Work/kpmg/investment-management/node_modules/jest-runner/build/runTest.js:475:34)
    at Object.worker (/Users/mac/Work/kpmg/investment-management/node_modules/jest-runner/build/testWorker.js:133:12)]]></failure>
    </testCase>
    <testCase name="renders TopBar component" duration="27">
      <failure message="TypeError: (0 , _reactRouterDom.useNavigate) is not a function"><![CDATA[TypeError: (0 , _reactRouterDom.useNavigate) is not a function
    at Tabs (/Users/mac/Work/kpmg/investment-management/src/components/TopBar.tsx:35:31)
    at renderWithHooks (/Users/mac/Work/kpmg/investment-management/node_modules/react-dom/cjs/react-dom.development.js:14985:18)
    at mountIndeterminateComponent (/Users/mac/Work/kpmg/investment-management/node_modules/react-dom/cjs/react-dom.development.js:17811:13)
    at beginWork (/Users/mac/Work/kpmg/investment-management/node_modules/react-dom/cjs/react-dom.development.js:19049:16)
    at HTMLUnknownElement.callCallback (/Users/mac/Work/kpmg/investment-management/node_modules/react-dom/cjs/react-dom.development.js:3945:14)
    at HTMLUnknownElement.callTheUserObjectsOperation (/Users/mac/Work/kpmg/investment-management/node_modules/jsdom/lib/jsdom/living/generated/EventListener.js:26:30)
    at innerInvokeEventListeners (/Users/mac/Work/kpmg/investment-management/node_modules/jsdom/lib/jsdom/living/events/EventTarget-impl.js:338:25)
    at invokeEventListeners (/Users/mac/Work/kpmg/investment-management/node_modules/jsdom/lib/jsdom/living/events/EventTarget-impl.js:274:3)
    at HTMLUnknownElementImpl._dispatch (/Users/mac/Work/kpmg/investment-management/node_modules/jsdom/lib/jsdom/living/events/EventTarget-impl.js:221:9)
    at HTMLUnknownElementImpl.dispatchEvent (/Users/mac/Work/kpmg/investment-management/node_modules/jsdom/lib/jsdom/living/events/EventTarget-impl.js:94:17)
    at HTMLUnknownElement.dispatchEvent (/Users/mac/Work/kpmg/investment-management/node_modules/jsdom/lib/jsdom/living/generated/EventTarget.js:231:34)
    at Object.invokeGuardedCallbackDev (/Users/mac/Work/kpmg/investment-management/node_modules/react-dom/cjs/react-dom.development.js:3994:16)
    at invokeGuardedCallback (/Users/mac/Work/kpmg/investment-management/node_modules/react-dom/cjs/react-dom.development.js:4056:31)
    at beginWork$1 (/Users/mac/Work/kpmg/investment-management/node_modules/react-dom/cjs/react-dom.development.js:23964:7)
    at performUnitOfWork (/Users/mac/Work/kpmg/investment-management/node_modules/react-dom/cjs/react-dom.development.js:22779:12)
    at workLoopSync (/Users/mac/Work/kpmg/investment-management/node_modules/react-dom/cjs/react-dom.development.js:22707:5)
    at renderRootSync (/Users/mac/Work/kpmg/investment-management/node_modules/react-dom/cjs/react-dom.development.js:22670:7)
    at performSyncWorkOnRoot (/Users/mac/Work/kpmg/investment-management/node_modules/react-dom/cjs/react-dom.development.js:22293:18)
    at scheduleUpdateOnFiber (/Users/mac/Work/kpmg/investment-management/node_modules/react-dom/cjs/react-dom.development.js:21881:7)
    at updateContainer (/Users/mac/Work/kpmg/investment-management/node_modules/react-dom/cjs/react-dom.development.js:25482:3)
    at /Users/mac/Work/kpmg/investment-management/node_modules/react-dom/cjs/react-dom.development.js:26021:7
    at unbatchedUpdates (/Users/mac/Work/kpmg/investment-management/node_modules/react-dom/cjs/react-dom.development.js:22431:12)
    at legacyRenderSubtreeIntoContainer (/Users/mac/Work/kpmg/investment-management/node_modules/react-dom/cjs/react-dom.development.js:26020:5)
    at Object.render (/Users/mac/Work/kpmg/investment-management/node_modules/react-dom/cjs/react-dom.development.js:26103:10)
    at /Users/mac/Work/kpmg/investment-management/node_modules/@testing-library/react/dist/pure.js:101:25
    at batchedUpdates$1 (/Users/mac/Work/kpmg/investment-management/node_modules/react-dom/cjs/react-dom.development.js:22380:12)
    at act (/Users/mac/Work/kpmg/investment-management/node_modules/react-dom/cjs/react-dom-test-utils.development.js:1042:14)
    at render (/Users/mac/Work/kpmg/investment-management/node_modules/@testing-library/react/dist/pure.js:97:26)
    at Object.<anonymous> (/Users/mac/Work/kpmg/investment-management/src/__tests__/components/TopBar.test.tsx:83:9)
    at Promise.then.completed (/Users/mac/Work/kpmg/investment-management/node_modules/jest-circus/build/utils.js:391:28)
    at new Promise (<anonymous>)
    at callAsyncCircusFn (/Users/mac/Work/kpmg/investment-management/node_modules/jest-circus/build/utils.js:316:10)
    at _callCircusTest (/Users/mac/Work/kpmg/investment-management/node_modules/jest-circus/build/run.js:218:40)
    at processTicksAndRejections (node:internal/process/task_queues:96:5)
    at _runTest (/Users/mac/Work/kpmg/investment-management/node_modules/jest-circus/build/run.js:155:3)
    at _runTestsForDescribeBlock (/Users/mac/Work/kpmg/investment-management/node_modules/jest-circus/build/run.js:66:9)
    at run (/Users/mac/Work/kpmg/investment-management/node_modules/jest-circus/build/run.js:25:3)
    at runAndTransformResultsToJestFormat (/Users/mac/Work/kpmg/investment-management/node_modules/jest-circus/build/legacy-code-todo-rewrite/jestAdapterInit.js:170:21)
    at jestAdapter (/Users/mac/Work/kpmg/investment-management/node_modules/jest-circus/build/legacy-code-todo-rewrite/jestAdapter.js:82:19)
    at runTestInternal (/Users/mac/Work/kpmg/investment-management/node_modules/jest-runner/build/runTest.js:389:16)
    at runTest (/Users/mac/Work/kpmg/investment-management/node_modules/jest-runner/build/runTest.js:475:34)
    at Object.worker (/Users/mac/Work/kpmg/investment-management/node_modules/jest-runner/build/testWorker.js:133:12)]]></failure>
    </testCase>
  </file>
  <file path="/Users/mac/Work/kpmg/investment-management/src/__tests__/components/Pages/term-deposit/forms/accounting-entries-and-events.test.tsx">
    <testCase name="AccountingEntriesAndEvents renders component" duration="256">
      <failure message="TypeError: Cannot read properties of undefined (reading &apos;length&apos;)"><![CDATA[TypeError: Cannot read properties of undefined (reading 'length')
    at /Users/mac/Work/kpmg/investment-management/src/components/forms/GlInput.tsx:145:22
    at invokePassiveEffectCreate (/Users/mac/Work/kpmg/investment-management/node_modules/react-dom/cjs/react-dom.development.js:23487:20)
    at HTMLUnknownElement.callCallback (/Users/mac/Work/kpmg/investment-management/node_modules/react-dom/cjs/react-dom.development.js:3945:14)
    at HTMLUnknownElement.callTheUserObjectsOperation (/Users/mac/Work/kpmg/investment-management/node_modules/jsdom/lib/jsdom/living/generated/EventListener.js:26:30)
    at innerInvokeEventListeners (/Users/mac/Work/kpmg/investment-management/node_modules/jsdom/lib/jsdom/living/events/EventTarget-impl.js:338:25)
    at invokeEventListeners (/Users/mac/Work/kpmg/investment-management/node_modules/jsdom/lib/jsdom/living/events/EventTarget-impl.js:274:3)
    at HTMLUnknownElementImpl._dispatch (/Users/mac/Work/kpmg/investment-management/node_modules/jsdom/lib/jsdom/living/events/EventTarget-impl.js:221:9)
    at HTMLUnknownElementImpl.dispatchEvent (/Users/mac/Work/kpmg/investment-management/node_modules/jsdom/lib/jsdom/living/events/EventTarget-impl.js:94:17)
    at HTMLUnknownElement.dispatchEvent (/Users/mac/Work/kpmg/investment-management/node_modules/jsdom/lib/jsdom/living/generated/EventTarget.js:231:34)
    at Object.invokeGuardedCallbackDev (/Users/mac/Work/kpmg/investment-management/node_modules/react-dom/cjs/react-dom.development.js:3994:16)
    at invokeGuardedCallback (/Users/mac/Work/kpmg/investment-management/node_modules/react-dom/cjs/react-dom.development.js:4056:31)
    at flushPassiveEffectsImpl (/Users/mac/Work/kpmg/investment-management/node_modules/react-dom/cjs/react-dom.development.js:23574:9)
    at unstable_runWithPriority (/Users/mac/Work/kpmg/investment-management/node_modules/scheduler/cjs/scheduler.development.js:468:12)
    at runWithPriority$1 (/Users/mac/Work/kpmg/investment-management/node_modules/react-dom/cjs/react-dom.development.js:11276:10)
    at flushPassiveEffects (/Users/mac/Work/kpmg/investment-management/node_modules/react-dom/cjs/react-dom.development.js:23447:14)
    at Object.<anonymous>.flushWork (/Users/mac/Work/kpmg/investment-management/node_modules/react-dom/cjs/react-dom-test-utils.development.js:992:10)
    at act (/Users/mac/Work/kpmg/investment-management/node_modules/react-dom/cjs/react-dom-test-utils.development.js:1107:9)
    at render (/Users/mac/Work/kpmg/investment-management/node_modules/@testing-library/react/dist/pure.js:97:26)
    at renderComponent (/Users/mac/Work/kpmg/investment-management/src/__tests__/components/Pages/term-deposit/forms/accounting-entries-and-events.test.tsx:14:18)
    at Object.<anonymous> (/Users/mac/Work/kpmg/investment-management/src/__tests__/components/Pages/term-deposit/forms/accounting-entries-and-events.test.tsx:25:5)
    at Promise.then.completed (/Users/mac/Work/kpmg/investment-management/node_modules/jest-circus/build/utils.js:391:28)
    at new Promise (<anonymous>)
    at callAsyncCircusFn (/Users/mac/Work/kpmg/investment-management/node_modules/jest-circus/build/utils.js:316:10)
    at _callCircusTest (/Users/mac/Work/kpmg/investment-management/node_modules/jest-circus/build/run.js:218:40)
    at processTicksAndRejections (node:internal/process/task_queues:96:5)
    at _runTest (/Users/mac/Work/kpmg/investment-management/node_modules/jest-circus/build/run.js:155:3)
    at _runTestsForDescribeBlock (/Users/mac/Work/kpmg/investment-management/node_modules/jest-circus/build/run.js:66:9)
    at _runTestsForDescribeBlock (/Users/mac/Work/kpmg/investment-management/node_modules/jest-circus/build/run.js:60:9)
    at run (/Users/mac/Work/kpmg/investment-management/node_modules/jest-circus/build/run.js:25:3)
    at runAndTransformResultsToJestFormat (/Users/mac/Work/kpmg/investment-management/node_modules/jest-circus/build/legacy-code-todo-rewrite/jestAdapterInit.js:170:21)
    at jestAdapter (/Users/mac/Work/kpmg/investment-management/node_modules/jest-circus/build/legacy-code-todo-rewrite/jestAdapter.js:82:19)
    at runTestInternal (/Users/mac/Work/kpmg/investment-management/node_modules/jest-runner/build/runTest.js:389:16)
    at runTest (/Users/mac/Work/kpmg/investment-management/node_modules/jest-runner/build/runTest.js:475:34)
    at Object.worker (/Users/mac/Work/kpmg/investment-management/node_modules/jest-runner/build/testWorker.js:133:12)]]></failure>
    </testCase>
    <testCase name="AccountingEntriesAndEvents handles form submission" duration="42">
      <failure message="TypeError: Cannot read properties of undefined (reading &apos;length&apos;)"><![CDATA[TypeError: Cannot read properties of undefined (reading 'length')
    at /Users/mac/Work/kpmg/investment-management/src/components/forms/GlInput.tsx:145:22
    at invokePassiveEffectCreate (/Users/mac/Work/kpmg/investment-management/node_modules/react-dom/cjs/react-dom.development.js:23487:20)
    at HTMLUnknownElement.callCallback (/Users/mac/Work/kpmg/investment-management/node_modules/react-dom/cjs/react-dom.development.js:3945:14)
    at HTMLUnknownElement.callTheUserObjectsOperation (/Users/mac/Work/kpmg/investment-management/node_modules/jsdom/lib/jsdom/living/generated/EventListener.js:26:30)
    at innerInvokeEventListeners (/Users/mac/Work/kpmg/investment-management/node_modules/jsdom/lib/jsdom/living/events/EventTarget-impl.js:338:25)
    at invokeEventListeners (/Users/mac/Work/kpmg/investment-management/node_modules/jsdom/lib/jsdom/living/events/EventTarget-impl.js:274:3)
    at HTMLUnknownElementImpl._dispatch (/Users/mac/Work/kpmg/investment-management/node_modules/jsdom/lib/jsdom/living/events/EventTarget-impl.js:221:9)
    at HTMLUnknownElementImpl.dispatchEvent (/Users/mac/Work/kpmg/investment-management/node_modules/jsdom/lib/jsdom/living/events/EventTarget-impl.js:94:17)
    at HTMLUnknownElement.dispatchEvent (/Users/mac/Work/kpmg/investment-management/node_modules/jsdom/lib/jsdom/living/generated/EventTarget.js:231:34)
    at Object.invokeGuardedCallbackDev (/Users/mac/Work/kpmg/investment-management/node_modules/react-dom/cjs/react-dom.development.js:3994:16)
    at invokeGuardedCallback (/Users/mac/Work/kpmg/investment-management/node_modules/react-dom/cjs/react-dom.development.js:4056:31)
    at flushPassiveEffectsImpl (/Users/mac/Work/kpmg/investment-management/node_modules/react-dom/cjs/react-dom.development.js:23574:9)
    at unstable_runWithPriority (/Users/mac/Work/kpmg/investment-management/node_modules/scheduler/cjs/scheduler.development.js:468:12)
    at runWithPriority$1 (/Users/mac/Work/kpmg/investment-management/node_modules/react-dom/cjs/react-dom.development.js:11276:10)
    at flushPassiveEffects (/Users/mac/Work/kpmg/investment-management/node_modules/react-dom/cjs/react-dom.development.js:23447:14)
    at Object.<anonymous>.flushWork (/Users/mac/Work/kpmg/investment-management/node_modules/react-dom/cjs/react-dom-test-utils.development.js:992:10)
    at act (/Users/mac/Work/kpmg/investment-management/node_modules/react-dom/cjs/react-dom-test-utils.development.js:1107:9)
    at render (/Users/mac/Work/kpmg/investment-management/node_modules/@testing-library/react/dist/pure.js:97:26)
    at renderComponent (/Users/mac/Work/kpmg/investment-management/src/__tests__/components/Pages/term-deposit/forms/accounting-entries-and-events.test.tsx:14:18)
    at Object.<anonymous> (/Users/mac/Work/kpmg/investment-management/src/__tests__/components/Pages/term-deposit/forms/accounting-entries-and-events.test.tsx:32:5)
    at Promise.then.completed (/Users/mac/Work/kpmg/investment-management/node_modules/jest-circus/build/utils.js:391:28)
    at new Promise (<anonymous>)
    at callAsyncCircusFn (/Users/mac/Work/kpmg/investment-management/node_modules/jest-circus/build/utils.js:316:10)
    at _callCircusTest (/Users/mac/Work/kpmg/investment-management/node_modules/jest-circus/build/run.js:218:40)
    at processTicksAndRejections (node:internal/process/task_queues:96:5)
    at _runTest (/Users/mac/Work/kpmg/investment-management/node_modules/jest-circus/build/run.js:155:3)
    at _runTestsForDescribeBlock (/Users/mac/Work/kpmg/investment-management/node_modules/jest-circus/build/run.js:66:9)
    at _runTestsForDescribeBlock (/Users/mac/Work/kpmg/investment-management/node_modules/jest-circus/build/run.js:60:9)
    at run (/Users/mac/Work/kpmg/investment-management/node_modules/jest-circus/build/run.js:25:3)
    at runAndTransformResultsToJestFormat (/Users/mac/Work/kpmg/investment-management/node_modules/jest-circus/build/legacy-code-todo-rewrite/jestAdapterInit.js:170:21)
    at jestAdapter (/Users/mac/Work/kpmg/investment-management/node_modules/jest-circus/build/legacy-code-todo-rewrite/jestAdapter.js:82:19)
    at runTestInternal (/Users/mac/Work/kpmg/investment-management/node_modules/jest-runner/build/runTest.js:389:16)
    at runTest (/Users/mac/Work/kpmg/investment-management/node_modules/jest-runner/build/runTest.js:475:34)
    at Object.worker (/Users/mac/Work/kpmg/investment-management/node_modules/jest-runner/build/testWorker.js:133:12)]]></failure>
    </testCase>
    <testCase name="AccountingEntriesAndEvents handles clearing entries" duration="45">
      <failure message="TypeError: Cannot read properties of undefined (reading &apos;length&apos;)"><![CDATA[TypeError: Cannot read properties of undefined (reading 'length')
    at /Users/mac/Work/kpmg/investment-management/src/components/forms/GlInput.tsx:145:22
    at invokePassiveEffectCreate (/Users/mac/Work/kpmg/investment-management/node_modules/react-dom/cjs/react-dom.development.js:23487:20)
    at HTMLUnknownElement.callCallback (/Users/mac/Work/kpmg/investment-management/node_modules/react-dom/cjs/react-dom.development.js:3945:14)
    at HTMLUnknownElement.callTheUserObjectsOperation (/Users/mac/Work/kpmg/investment-management/node_modules/jsdom/lib/jsdom/living/generated/EventListener.js:26:30)
    at innerInvokeEventListeners (/Users/mac/Work/kpmg/investment-management/node_modules/jsdom/lib/jsdom/living/events/EventTarget-impl.js:338:25)
    at invokeEventListeners (/Users/mac/Work/kpmg/investment-management/node_modules/jsdom/lib/jsdom/living/events/EventTarget-impl.js:274:3)
    at HTMLUnknownElementImpl._dispatch (/Users/mac/Work/kpmg/investment-management/node_modules/jsdom/lib/jsdom/living/events/EventTarget-impl.js:221:9)
    at HTMLUnknownElementImpl.dispatchEvent (/Users/mac/Work/kpmg/investment-management/node_modules/jsdom/lib/jsdom/living/events/EventTarget-impl.js:94:17)
    at HTMLUnknownElement.dispatchEvent (/Users/mac/Work/kpmg/investment-management/node_modules/jsdom/lib/jsdom/living/generated/EventTarget.js:231:34)
    at Object.invokeGuardedCallbackDev (/Users/mac/Work/kpmg/investment-management/node_modules/react-dom/cjs/react-dom.development.js:3994:16)
    at invokeGuardedCallback (/Users/mac/Work/kpmg/investment-management/node_modules/react-dom/cjs/react-dom.development.js:4056:31)
    at flushPassiveEffectsImpl (/Users/mac/Work/kpmg/investment-management/node_modules/react-dom/cjs/react-dom.development.js:23574:9)
    at unstable_runWithPriority (/Users/mac/Work/kpmg/investment-management/node_modules/scheduler/cjs/scheduler.development.js:468:12)
    at runWithPriority$1 (/Users/mac/Work/kpmg/investment-management/node_modules/react-dom/cjs/react-dom.development.js:11276:10)
    at flushPassiveEffects (/Users/mac/Work/kpmg/investment-management/node_modules/react-dom/cjs/react-dom.development.js:23447:14)
    at Object.<anonymous>.flushWork (/Users/mac/Work/kpmg/investment-management/node_modules/react-dom/cjs/react-dom-test-utils.development.js:992:10)
    at act (/Users/mac/Work/kpmg/investment-management/node_modules/react-dom/cjs/react-dom-test-utils.development.js:1107:9)
    at render (/Users/mac/Work/kpmg/investment-management/node_modules/@testing-library/react/dist/pure.js:97:26)
    at renderComponent (/Users/mac/Work/kpmg/investment-management/src/__tests__/components/Pages/term-deposit/forms/accounting-entries-and-events.test.tsx:14:18)
    at Object.<anonymous> (/Users/mac/Work/kpmg/investment-management/src/__tests__/components/Pages/term-deposit/forms/accounting-entries-and-events.test.tsx:50:5)
    at Promise.then.completed (/Users/mac/Work/kpmg/investment-management/node_modules/jest-circus/build/utils.js:391:28)
    at new Promise (<anonymous>)
    at callAsyncCircusFn (/Users/mac/Work/kpmg/investment-management/node_modules/jest-circus/build/utils.js:316:10)
    at _callCircusTest (/Users/mac/Work/kpmg/investment-management/node_modules/jest-circus/build/run.js:218:40)
    at processTicksAndRejections (node:internal/process/task_queues:96:5)
    at _runTest (/Users/mac/Work/kpmg/investment-management/node_modules/jest-circus/build/run.js:155:3)
    at _runTestsForDescribeBlock (/Users/mac/Work/kpmg/investment-management/node_modules/jest-circus/build/run.js:66:9)
    at _runTestsForDescribeBlock (/Users/mac/Work/kpmg/investment-management/node_modules/jest-circus/build/run.js:60:9)
    at run (/Users/mac/Work/kpmg/investment-management/node_modules/jest-circus/build/run.js:25:3)
    at runAndTransformResultsToJestFormat (/Users/mac/Work/kpmg/investment-management/node_modules/jest-circus/build/legacy-code-todo-rewrite/jestAdapterInit.js:170:21)
    at jestAdapter (/Users/mac/Work/kpmg/investment-management/node_modules/jest-circus/build/legacy-code-todo-rewrite/jestAdapter.js:82:19)
    at runTestInternal (/Users/mac/Work/kpmg/investment-management/node_modules/jest-runner/build/runTest.js:389:16)
    at runTest (/Users/mac/Work/kpmg/investment-management/node_modules/jest-runner/build/runTest.js:475:34)
    at Object.worker (/Users/mac/Work/kpmg/investment-management/node_modules/jest-runner/build/testWorker.js:133:12)]]></failure>
    </testCase>
  </file>
  <file path="/Users/mac/Work/kpmg/investment-management/src/__tests__/utils/handleDropdown.test.tsx">
    <testCase name="handleDropdown should return an array of dropdown options when valid status and type are provided" duration="5"/>
    <testCase name="handleDropdown should return an empty array when an invalid status is provided" duration="15"/>
    <testCase name="handleDropdown should return an empty array when either status or type is falsy" duration="2"/>
    <testCase name="handleDropdown should return an array of options based on status and type" duration="4">
      <failure message="Error: expect(received).toEqual(expected) // deep equality"><![CDATA[Error: expect(received).toEqual(expected) // deep equality
=======
    <testCase name="QuickLinks component should renderWithProviders default link when useGetLinksQuery hook returns null" duration="2">
      <failure message="Error: Cannot find module &apos;../src/components/QuickLinks&apos; from &apos;__tests__/components/QuickLinks.test.tsx&apos;"><![CDATA[Error: Cannot find module '../src/components/QuickLinks' from '__tests__/components/QuickLinks.test.tsx'
    at Resolver.resolveModule (/Users/user/Documents/GitHub/retailcore-mfe-investment-management/node_modules/jest-resolve/build/resolver.js:324:11)
    at Resolver._getVirtualMockPath (/Users/user/Documents/GitHub/retailcore-mfe-investment-management/node_modules/jest-resolve/build/resolver.js:471:14)
    at Resolver._getAbsolutePath (/Users/user/Documents/GitHub/retailcore-mfe-investment-management/node_modules/jest-resolve/build/resolver.js:457:14)
    at Resolver.getModuleID (/Users/user/Documents/GitHub/retailcore-mfe-investment-management/node_modules/jest-resolve/build/resolver.js:424:31)
    at Runtime._shouldMock (/Users/user/Documents/GitHub/retailcore-mfe-investment-management/node_modules/jest-runtime/build/index.js:1917:37)
    at Runtime.require [as requireModuleOrMock] (/Users/user/Documents/GitHub/retailcore-mfe-investment-management/node_modules/jest-runtime/build/index.js:1204:14)
    at Object.<anonymous> (/Users/user/Documents/GitHub/retailcore-mfe-investment-management/src/__tests__/components/QuickLinks.test.tsx:143:24)
    at Promise.then.completed (/Users/user/Documents/GitHub/retailcore-mfe-investment-management/node_modules/jest-circus/build/utils.js:391:28)
    at new Promise (<anonymous>)
    at callAsyncCircusFn (/Users/user/Documents/GitHub/retailcore-mfe-investment-management/node_modules/jest-circus/build/utils.js:316:10)
    at _callCircusTest (/Users/user/Documents/GitHub/retailcore-mfe-investment-management/node_modules/jest-circus/build/run.js:218:40)
    at processTicksAndRejections (node:internal/process/task_queues:95:5)
    at _runTest (/Users/user/Documents/GitHub/retailcore-mfe-investment-management/node_modules/jest-circus/build/run.js:155:3)
    at _runTestsForDescribeBlock (/Users/user/Documents/GitHub/retailcore-mfe-investment-management/node_modules/jest-circus/build/run.js:66:9)
    at _runTestsForDescribeBlock (/Users/user/Documents/GitHub/retailcore-mfe-investment-management/node_modules/jest-circus/build/run.js:60:9)
    at run (/Users/user/Documents/GitHub/retailcore-mfe-investment-management/node_modules/jest-circus/build/run.js:25:3)
    at runAndTransformResultsToJestFormat (/Users/user/Documents/GitHub/retailcore-mfe-investment-management/node_modules/jest-circus/build/legacy-code-todo-rewrite/jestAdapterInit.js:170:21)
    at jestAdapter (/Users/user/Documents/GitHub/retailcore-mfe-investment-management/node_modules/jest-circus/build/legacy-code-todo-rewrite/jestAdapter.js:82:19)
    at runTestInternal (/Users/user/Documents/GitHub/retailcore-mfe-investment-management/node_modules/jest-runner/build/runTest.js:389:16)
    at runTest (/Users/user/Documents/GitHub/retailcore-mfe-investment-management/node_modules/jest-runner/build/runTest.js:475:34)
    at Object.worker (/Users/user/Documents/GitHub/retailcore-mfe-investment-management/node_modules/jest-runner/build/testWorker.js:133:12)]]></failure>
    </testCase>
    <testCase name="QuickLinks component renderWithProviderss QuickLinks component with mocked useUpdateLinkMutation" duration="5">
      <failure message="TypeError: _api.useUpdateLinkMutation.mockReturnValue is not a function"><![CDATA[TypeError: _api.useUpdateLinkMutation.mockReturnValue is not a function
    at Object.<anonymous> (/Users/user/Documents/GitHub/retailcore-mfe-investment-management/src/__tests__/components/QuickLinks.test.tsx:159:27)
    at Promise.then.completed (/Users/user/Documents/GitHub/retailcore-mfe-investment-management/node_modules/jest-circus/build/utils.js:391:28)
    at new Promise (<anonymous>)
    at callAsyncCircusFn (/Users/user/Documents/GitHub/retailcore-mfe-investment-management/node_modules/jest-circus/build/utils.js:316:10)
    at _callCircusTest (/Users/user/Documents/GitHub/retailcore-mfe-investment-management/node_modules/jest-circus/build/run.js:218:40)
    at processTicksAndRejections (node:internal/process/task_queues:95:5)
    at _runTest (/Users/user/Documents/GitHub/retailcore-mfe-investment-management/node_modules/jest-circus/build/run.js:155:3)
    at _runTestsForDescribeBlock (/Users/user/Documents/GitHub/retailcore-mfe-investment-management/node_modules/jest-circus/build/run.js:66:9)
    at _runTestsForDescribeBlock (/Users/user/Documents/GitHub/retailcore-mfe-investment-management/node_modules/jest-circus/build/run.js:60:9)
    at run (/Users/user/Documents/GitHub/retailcore-mfe-investment-management/node_modules/jest-circus/build/run.js:25:3)
    at runAndTransformResultsToJestFormat (/Users/user/Documents/GitHub/retailcore-mfe-investment-management/node_modules/jest-circus/build/legacy-code-todo-rewrite/jestAdapterInit.js:170:21)
    at jestAdapter (/Users/user/Documents/GitHub/retailcore-mfe-investment-management/node_modules/jest-circus/build/legacy-code-todo-rewrite/jestAdapter.js:82:19)
    at runTestInternal (/Users/user/Documents/GitHub/retailcore-mfe-investment-management/node_modules/jest-runner/build/runTest.js:389:16)
    at runTest (/Users/user/Documents/GitHub/retailcore-mfe-investment-management/node_modules/jest-runner/build/runTest.js:475:34)
    at Object.worker (/Users/user/Documents/GitHub/retailcore-mfe-investment-management/node_modules/jest-runner/build/testWorker.js:133:12)]]></failure>
    </testCase>
    <testCase name="QuickLinks component calls updateLink with correct arguments" duration="1">
      <failure message="TypeError: _api.useUpdateLinkMutation.mockReturnValue is not a function"><![CDATA[TypeError: _api.useUpdateLinkMutation.mockReturnValue is not a function
    at Object.<anonymous> (/Users/user/Documents/GitHub/retailcore-mfe-investment-management/src/__tests__/components/QuickLinks.test.tsx:172:27)
    at Promise.then.completed (/Users/user/Documents/GitHub/retailcore-mfe-investment-management/node_modules/jest-circus/build/utils.js:391:28)
    at new Promise (<anonymous>)
    at callAsyncCircusFn (/Users/user/Documents/GitHub/retailcore-mfe-investment-management/node_modules/jest-circus/build/utils.js:316:10)
    at _callCircusTest (/Users/user/Documents/GitHub/retailcore-mfe-investment-management/node_modules/jest-circus/build/run.js:218:40)
    at processTicksAndRejections (node:internal/process/task_queues:95:5)
    at _runTest (/Users/user/Documents/GitHub/retailcore-mfe-investment-management/node_modules/jest-circus/build/run.js:155:3)
    at _runTestsForDescribeBlock (/Users/user/Documents/GitHub/retailcore-mfe-investment-management/node_modules/jest-circus/build/run.js:66:9)
    at _runTestsForDescribeBlock (/Users/user/Documents/GitHub/retailcore-mfe-investment-management/node_modules/jest-circus/build/run.js:60:9)
    at run (/Users/user/Documents/GitHub/retailcore-mfe-investment-management/node_modules/jest-circus/build/run.js:25:3)
    at runAndTransformResultsToJestFormat (/Users/user/Documents/GitHub/retailcore-mfe-investment-management/node_modules/jest-circus/build/legacy-code-todo-rewrite/jestAdapterInit.js:170:21)
    at jestAdapter (/Users/user/Documents/GitHub/retailcore-mfe-investment-management/node_modules/jest-circus/build/legacy-code-todo-rewrite/jestAdapter.js:82:19)
    at runTestInternal (/Users/user/Documents/GitHub/retailcore-mfe-investment-management/node_modules/jest-runner/build/runTest.js:389:16)
    at runTest (/Users/user/Documents/GitHub/retailcore-mfe-investment-management/node_modules/jest-runner/build/runTest.js:475:34)
    at Object.worker (/Users/user/Documents/GitHub/retailcore-mfe-investment-management/node_modules/jest-runner/build/testWorker.js:133:12)]]></failure>
    </testCase>
    <testCase name="QuickLinks component calls addLink when quickLinks is not available" duration="3">
      <failure message="TypeError: _api.useAddLinkMutation.mockReturnValue is not a function"><![CDATA[TypeError: _api.useAddLinkMutation.mockReturnValue is not a function
    at Object.<anonymous> (/Users/user/Documents/GitHub/retailcore-mfe-investment-management/src/__tests__/components/QuickLinks.test.tsx:194:24)
    at Promise.then.completed (/Users/user/Documents/GitHub/retailcore-mfe-investment-management/node_modules/jest-circus/build/utils.js:391:28)
    at new Promise (<anonymous>)
    at callAsyncCircusFn (/Users/user/Documents/GitHub/retailcore-mfe-investment-management/node_modules/jest-circus/build/utils.js:316:10)
    at _callCircusTest (/Users/user/Documents/GitHub/retailcore-mfe-investment-management/node_modules/jest-circus/build/run.js:218:40)
    at processTicksAndRejections (node:internal/process/task_queues:95:5)
    at _runTest (/Users/user/Documents/GitHub/retailcore-mfe-investment-management/node_modules/jest-circus/build/run.js:155:3)
    at _runTestsForDescribeBlock (/Users/user/Documents/GitHub/retailcore-mfe-investment-management/node_modules/jest-circus/build/run.js:66:9)
    at _runTestsForDescribeBlock (/Users/user/Documents/GitHub/retailcore-mfe-investment-management/node_modules/jest-circus/build/run.js:60:9)
    at run (/Users/user/Documents/GitHub/retailcore-mfe-investment-management/node_modules/jest-circus/build/run.js:25:3)
    at runAndTransformResultsToJestFormat (/Users/user/Documents/GitHub/retailcore-mfe-investment-management/node_modules/jest-circus/build/legacy-code-todo-rewrite/jestAdapterInit.js:170:21)
    at jestAdapter (/Users/user/Documents/GitHub/retailcore-mfe-investment-management/node_modules/jest-circus/build/legacy-code-todo-rewrite/jestAdapter.js:82:19)
    at runTestInternal (/Users/user/Documents/GitHub/retailcore-mfe-investment-management/node_modules/jest-runner/build/runTest.js:389:16)
    at runTest (/Users/user/Documents/GitHub/retailcore-mfe-investment-management/node_modules/jest-runner/build/runTest.js:475:34)
    at Object.worker (/Users/user/Documents/GitHub/retailcore-mfe-investment-management/node_modules/jest-runner/build/testWorker.js:133:12)]]></failure>
    </testCase>
    <testCase name="QuickLinks component sets links state when quickLinks is available" duration="1">
      <failure message="TypeError: _api.useGetLinksQuery.mockReturnValue is not a function"><![CDATA[TypeError: _api.useGetLinksQuery.mockReturnValue is not a function
    at Object.<anonymous> (/Users/user/Documents/GitHub/retailcore-mfe-investment-management/src/__tests__/components/QuickLinks.test.tsx:217:22)
    at Promise.then.completed (/Users/user/Documents/GitHub/retailcore-mfe-investment-management/node_modules/jest-circus/build/utils.js:391:28)
    at new Promise (<anonymous>)
    at callAsyncCircusFn (/Users/user/Documents/GitHub/retailcore-mfe-investment-management/node_modules/jest-circus/build/utils.js:316:10)
    at _callCircusTest (/Users/user/Documents/GitHub/retailcore-mfe-investment-management/node_modules/jest-circus/build/run.js:218:40)
    at processTicksAndRejections (node:internal/process/task_queues:95:5)
    at _runTest (/Users/user/Documents/GitHub/retailcore-mfe-investment-management/node_modules/jest-circus/build/run.js:155:3)
    at _runTestsForDescribeBlock (/Users/user/Documents/GitHub/retailcore-mfe-investment-management/node_modules/jest-circus/build/run.js:66:9)
    at _runTestsForDescribeBlock (/Users/user/Documents/GitHub/retailcore-mfe-investment-management/node_modules/jest-circus/build/run.js:60:9)
    at run (/Users/user/Documents/GitHub/retailcore-mfe-investment-management/node_modules/jest-circus/build/run.js:25:3)
    at runAndTransformResultsToJestFormat (/Users/user/Documents/GitHub/retailcore-mfe-investment-management/node_modules/jest-circus/build/legacy-code-todo-rewrite/jestAdapterInit.js:170:21)
    at jestAdapter (/Users/user/Documents/GitHub/retailcore-mfe-investment-management/node_modules/jest-circus/build/legacy-code-todo-rewrite/jestAdapter.js:82:19)
    at runTestInternal (/Users/user/Documents/GitHub/retailcore-mfe-investment-management/node_modules/jest-runner/build/runTest.js:389:16)
    at runTest (/Users/user/Documents/GitHub/retailcore-mfe-investment-management/node_modules/jest-runner/build/runTest.js:475:34)
    at Object.worker (/Users/user/Documents/GitHub/retailcore-mfe-investment-management/node_modules/jest-runner/build/testWorker.js:133:12)]]></failure>
    </testCase>
    <testCase name="QuickLinks component QuickLinks component should toggle the isOpen state when close button is clicked" duration="28">
      <failure message="TestingLibraryElementError: Unable to find an element by: [data-testid=&quot;close&quot;]"><![CDATA[TestingLibraryElementError: Unable to find an element by: [data-testid="close"]
>>>>>>> 23757ba4e8b87d88019bf936c7fdfe12b2a96598

Ignored nodes: comments, script, style
<body>
  <div>
    <div
      class="border border-[#E5E9EB] rounded-lg bg-white px-[13px] py-8 w-[300px]"
    >
      <h1
        class="uppercase text-xl mb-5 font-medium"
      >
        Quick Links
      </h1>
      <hr
        class="border-[#ddd] mb-[15px]"
      />
      <div>
        <ul
          class="grid grid-cols-2 gap-11"
        >
          <li>
            <a
              class="flex flex-col items-center justify-center text-center"
              role="link"
              to="product-management"
            >
              <span
                class="mb-2 block"
              >
                <svg
                  fill="none"
                  height="88"
                  viewBox="0 0 88 88"
                  width="88"
                  xmlns="http://www.w3.org/2000/svg"
                >
                  <circle
                    cx="44"
                    cy="44"
                    fill="#F9F2F2"
                    r="44"
                  />
                  <path
                    d="M60.4167 42.6667C59.8641 42.6667 59.3342 42.8862 58.9435 43.2769C58.5528 43.6676 58.3333 44.1975 58.3333 44.75V57.25C58.3333 57.8025 58.1138 58.3324 57.7231 58.7231C57.3324 59.1138 56.8025 59.3333 56.25 59.3333H31.25C30.6975 59.3333 30.1676 59.1138 29.7769 58.7231C29.3862 58.3324 29.1667 57.8025 29.1667 57.25V32.25C29.1667 31.6975 29.3862 31.1676 29.7769 30.7769C30.1676 30.3862 30.6975 30.1667 31.25 30.1667H43.75C44.3025 30.1667 44.8324 29.9472 45.2231 29.5565C45.6138 29.1658 45.8333 28.6359 45.8333 28.0833C45.8333 27.5308 45.6138 27.0009 45.2231 26.6102C44.8324 26.2195 44.3025 26 43.75 26H31.25C29.5924 26 28.0027 26.6585 26.8306 27.8306C25.6585 29.0027 25 30.5924 25 32.25V57.25C25 58.9076 25.6585 60.4973 26.8306 61.6694C28.0027 62.8415 29.5924 63.5 31.25 63.5H56.25C57.9076 63.5 59.4973 62.8415 60.6694 61.6694C61.8415 60.4973 62.5 58.9076 62.5 57.25V44.75C62.5 44.1975 62.2805 43.6676 61.8898 43.2769C61.4991 42.8862 60.9692 42.6667 60.4167 42.6667Z"
                    fill="#CF2A2A"
                  />
                  <path
                    d="M52.0833 30.1667H55.375L42.2708 43.25C42.0755 43.4437 41.9205 43.6741 41.8148 43.928C41.709 44.1818 41.6545 44.4541 41.6545 44.7292C41.6545 45.0042 41.709 45.2765 41.8148 45.5304C41.9205 45.7842 42.0755 46.0147 42.2708 46.2083C42.4645 46.4036 42.6949 46.5586 42.9488 46.6644C43.2026 46.7701 43.4749 46.8246 43.75 46.8246C44.025 46.8246 44.2973 46.7701 44.5512 46.6644C44.805 46.5586 45.0354 46.4036 45.2291 46.2083L58.3333 33.125V36.4167C58.3333 36.9692 58.5528 37.4991 58.9435 37.8898C59.3342 38.2805 59.8641 38.5 60.4166 38.5C60.9692 38.5 61.4991 38.2805 61.8898 37.8898C62.2805 37.4991 62.5 36.9692 62.5 36.4167V28.0833C62.5 27.5308 62.2805 27.0009 61.8898 26.6102C61.4991 26.2195 60.9692 26 60.4166 26H52.0833C51.5308 26 51.0009 26.2195 50.6101 26.6102C50.2194 27.0009 50 27.5308 50 28.0833C50 28.6359 50.2194 29.1658 50.6101 29.5565C51.0009 29.9472 51.5308 30.1667 52.0833 30.1667Z"
                    fill="#CF2A2A"
                  />
                </svg>
              </span>
              <span
                class="block text-sm"
              >
                Product management
              </span>
            </a>
          </li>
        </ul>
      </div>
    </div>
  </div>
</body>
    at Object.getElementError (/Users/user/Documents/GitHub/retailcore-mfe-investment-management/node_modules/@testing-library/dom/dist/config.js:37:19)
    at /Users/user/Documents/GitHub/retailcore-mfe-investment-management/node_modules/@testing-library/dom/dist/query-helpers.js:76:38
    at /Users/user/Documents/GitHub/retailcore-mfe-investment-management/node_modules/@testing-library/dom/dist/query-helpers.js:52:17
    at getByTestId (/Users/user/Documents/GitHub/retailcore-mfe-investment-management/node_modules/@testing-library/dom/dist/query-helpers.js:95:19)
    at Object.<anonymous> (/Users/user/Documents/GitHub/retailcore-mfe-investment-management/src/__tests__/components/QuickLinks.test.tsx:255:30)
    at Promise.then.completed (/Users/user/Documents/GitHub/retailcore-mfe-investment-management/node_modules/jest-circus/build/utils.js:391:28)
    at new Promise (<anonymous>)
    at callAsyncCircusFn (/Users/user/Documents/GitHub/retailcore-mfe-investment-management/node_modules/jest-circus/build/utils.js:316:10)
    at _callCircusTest (/Users/user/Documents/GitHub/retailcore-mfe-investment-management/node_modules/jest-circus/build/run.js:218:40)
    at processTicksAndRejections (node:internal/process/task_queues:95:5)
    at _runTest (/Users/user/Documents/GitHub/retailcore-mfe-investment-management/node_modules/jest-circus/build/run.js:155:3)
    at _runTestsForDescribeBlock (/Users/user/Documents/GitHub/retailcore-mfe-investment-management/node_modules/jest-circus/build/run.js:66:9)
    at _runTestsForDescribeBlock (/Users/user/Documents/GitHub/retailcore-mfe-investment-management/node_modules/jest-circus/build/run.js:60:9)
    at _runTestsForDescribeBlock (/Users/user/Documents/GitHub/retailcore-mfe-investment-management/node_modules/jest-circus/build/run.js:60:9)
    at run (/Users/user/Documents/GitHub/retailcore-mfe-investment-management/node_modules/jest-circus/build/run.js:25:3)
    at runAndTransformResultsToJestFormat (/Users/user/Documents/GitHub/retailcore-mfe-investment-management/node_modules/jest-circus/build/legacy-code-todo-rewrite/jestAdapterInit.js:170:21)
    at jestAdapter (/Users/user/Documents/GitHub/retailcore-mfe-investment-management/node_modules/jest-circus/build/legacy-code-todo-rewrite/jestAdapter.js:82:19)
    at runTestInternal (/Users/user/Documents/GitHub/retailcore-mfe-investment-management/node_modules/jest-runner/build/runTest.js:389:16)
    at runTest (/Users/user/Documents/GitHub/retailcore-mfe-investment-management/node_modules/jest-runner/build/runTest.js:475:34)
    at Object.worker (/Users/user/Documents/GitHub/retailcore-mfe-investment-management/node_modules/jest-runner/build/testWorker.js:133:12)]]></failure>
    </testCase>
<<<<<<< HEAD
    <testCase name="handleDropdown should filter options based on permissions if CREATE_PRODUCT is not included" duration="2">
      <failure message="Error: expect(received).toEqual(expected) // deep equality"><![CDATA[Error: expect(received).toEqual(expected) // deep equality
=======
    <testCase name="QuickLinks component should set the baseUrl correctly" duration="21"/>
    <testCase name="QuickLinks component should log an error when updateLink throws an error" duration="1015">
      <failure message="Error: expect(jest.fn()).toHaveBeenCalled()"><![CDATA[Error: expect(jest.fn()).toHaveBeenCalled()
>>>>>>> 23757ba4e8b87d88019bf936c7fdfe12b2a96598

Expected number of calls: >= 1
Received number of calls:    0

<<<<<<< HEAD
- Array [
-   Object {
-     "icon": "FaEye",
-     "id": "View",
-     "text": "View",
-   },
-   Object {
-     "icon": "FaTrash",
-     "id": "",
-     "text": "Withdraw & Delete Request",
-   },
- ]
+ Array []
    at Object.<anonymous> (/Users/mac/Work/kpmg/investment-management/src/__tests__/utils/handleDropdown.test.tsx:77:20)
    at Promise.then.completed (/Users/mac/Work/kpmg/investment-management/node_modules/jest-circus/build/utils.js:391:28)
    at new Promise (<anonymous>)
    at callAsyncCircusFn (/Users/mac/Work/kpmg/investment-management/node_modules/jest-circus/build/utils.js:316:10)
    at _callCircusTest (/Users/mac/Work/kpmg/investment-management/node_modules/jest-circus/build/run.js:218:40)
    at processTicksAndRejections (node:internal/process/task_queues:96:5)
    at _runTest (/Users/mac/Work/kpmg/investment-management/node_modules/jest-circus/build/run.js:155:3)
    at _runTestsForDescribeBlock (/Users/mac/Work/kpmg/investment-management/node_modules/jest-circus/build/run.js:66:9)
    at _runTestsForDescribeBlock (/Users/mac/Work/kpmg/investment-management/node_modules/jest-circus/build/run.js:60:9)
    at run (/Users/mac/Work/kpmg/investment-management/node_modules/jest-circus/build/run.js:25:3)
    at runAndTransformResultsToJestFormat (/Users/mac/Work/kpmg/investment-management/node_modules/jest-circus/build/legacy-code-todo-rewrite/jestAdapterInit.js:170:21)
    at jestAdapter (/Users/mac/Work/kpmg/investment-management/node_modules/jest-circus/build/legacy-code-todo-rewrite/jestAdapter.js:82:19)
    at runTestInternal (/Users/mac/Work/kpmg/investment-management/node_modules/jest-runner/build/runTest.js:389:16)
    at runTest (/Users/mac/Work/kpmg/investment-management/node_modules/jest-runner/build/runTest.js:475:34)
    at Object.worker (/Users/mac/Work/kpmg/investment-management/node_modules/jest-runner/build/testWorker.js:133:12)]]></failure>
    </testCase>
    <testCase name="handleDropdown should return an empty array if status is not found in firstLevel" duration="1"/>
  </file>
  <file path="/Users/mac/Work/kpmg/investment-management/src/__tests__/App.test.tsx">
    <testCase name="Test App Component If App is rendered wihout issues" duration="64"/>
  </file>
  <file path="/Users/mac/Work/kpmg/investment-management/src/__tests__/forms/ComboSelect.test.tsx">
    <testCase name="ComboSelect renders without crashing" duration="45"/>
    <testCase name="ComboSelect matches snapshot" duration="18"/>
    <testCase name="ComboSelect should open the dropdown when the button is clicked" duration="95"/>
    <testCase name="ComboSelect should update selected options when all products and their members are selected" duration="50"/>
    <testCase name="ComboSelect should update selected options when a product and its members are deselected" duration="40"/>
    <testCase name="ComboSelect should update selected options when all products and their members are deselected" duration="46"/>
    <testCase name="ComboSelect should filter the options correctly when searching for a product" duration="26"/>
    <testCase name="ComboSelect should update selected options when a product and its members are selected" duration="36"/>
    <testCase name="closeDropdown should set isOpen state to false when called with setIsOpen(false)" duration="1"/>
    <testCase name="closeDropdown should not throw an error when called with setIsOpen(undefined)" duration="1"/>
    <testCase name="closeDropdown should not throw an error when called with setIsOpen(null)" duration="1"/>
    <testCase name="closeDropdown should not throw an error when called with setIsOpen(0)" duration="1"/>
    <testCase name="closeDropdown should not throw an error when called with setIsOpen(&quot;&quot;)" duration="1"/>
    <testCase name="closeDropdown should not throw an error when called with setIsOpen({})" duration="1"/>
    <testCase name="handleChange should add a new product to selOptions if it doesnt exist" duration="4"/>
    <testCase name="handleChange should remove a product from selOptions if it already exists" duration="2"/>
    <testCase name="productContainsMember should return true when the product contains the member" duration="1"/>
    <testCase name="productContainsMember should return false when the product does not contain the member" duration="1"/>
    <testCase name="productContainsMember should return false when the product is empty" duration="1"/>
    <testCase name="productContainsMember should return false when the member is empty" duration="1"/>
    <testCase name="productContainsMember should return false when the member is null" duration="1"/>
    <testCase name="addNewProduct should return a new array with the new product added to the end of the input array" duration="1"/>
    <testCase name="addNewProduct should not modify the input array" duration="1"/>
    <testCase name="addNewProduct should work with an empty input array" duration="30"/>
    <testCase name="createProduct should return an object with &quot;product&quot; and &quot;members&quot; properties when valid id and members are provided" duration="2"/>
    <testCase name="createProduct should return an object with an empty &quot;members&quot; array when no members are provided" duration="1"/>
=======
Ignored nodes: comments, script, style
<html>
  <head />
  <body>
    <div>
      <div
        class="border border-[#E5E9EB] rounded-lg bg-white px-[13px] py-8 w-[300px]"
      >
        <h1
          class="uppercase text-xl mb-5 font-medium"
        >
          Quick Links
        </h1>
        <hr
          class="border-[#ddd] mb-[15px]"
        />
        <div
          class="relative bg-[#F9F2F2] mb-7  rounded-[6px] border border-[#E5E9EB] p-4"
        >
          <h2
            class="text-sm font-semibold mb-4"
          >
            Suggested from your activity
          </h2>
          <p
            class="text-sm text-[#5B6871"
          >
            As you use the application, suggested items will automatically show up here.
          </p>
          <span
            class="absolute top-3 right-2"
            data-testid="close"
          >
             
            <svg
              class="w-3 h-3  text-[#002266]/40"
              fill="currentColor"
              height="1em"
              stroke="currentColor"
              stroke-width="0"
              viewBox="0 0 352 512"
              width="1em"
              xmlns="http://www.w3.org/2000/svg"
            >
              <path
                d="M242.72 256l100.07-100.07c12.28-12.28 12.28-32.19 0-44.48l-22.24-22.24c-12.28-12.28-32.19-12.28-44.48 0L176 189.28 75.93 89.21c-12.28-12.28-32.19-12.28-44.48 0L9.21 111.45c-12.28 12.28-12.28 32.19 0 44.48L109.28 256 9.21 356.07c-12.28 12.28-12.28 32.19 0 44.48l22.24 22.24c12.28 12.28 32.2 12.28 44.48 0L176 322.72l100.07 100.07c12.28 12.28 32.2 12.28 44.48 0l22.24-22.24c12.28-12.28 12.28-32.19 0-44.48L242.72 256z"
              />
            </svg>
          </span>
        </div>
        <div>
          <ul
            class="grid grid-cols-2 gap-11"
          >
            <li>
              <a
                class="flex flex-col items-center justify-center text-center"
                role="link"
                to="product-management"
              >
                <span
                  class="mb-2 block"
                >
                  <svg
                    fill="none"
                    height="88"
                    viewBox="0 0 88 88"
                    width="88"
                    xmlns="http://www.w3.org/2000/svg"
                  >
                    <circle
                      cx="44"
                      cy="44"
                      fill="#F9F2F2"
                      r="44"
                    />
                    <path
                      d="M60.4167 42.6667C59.8641 42.6667 59.3342 42.8862 58.9435 43.2769C58.5528 43.6676 58.3333 44.1975 58.3333 44.75V57.25C58.3333 57.8025 58.1138 58.3324 57.7231 58.7231C57.3324 59.1138 56.8025 59.3333 56.25 59.3333H31.25C30.6975 59.3333 30.1676 59.1138 29.7769 58.7231C29.3862 58.3324 29.1667 57.8025 29.1667 57.25V32.25C29.1667 31.6975 29.3862 31.1676 29.7769 30.7769C30.1676 30.3862 30.6975 30.1667 31.25 30.1667H43.75C44.3025 30.1667 44.8324 29.9472 45.2231 29.5565C45.6138 29.1658 45.8333 28.6359 45.8333 28.0833C45.8333 27.5308 45.6138 27.0009 45.2231 26.6102C44.8324 26.2195 44.3025 26 43.75 26H31.25C29.5924 26 28.0027 26.6585 26.8306 27.8306C25.6585 29.0027 25 30.5924 25 32.25V57.25C25 58.9076 25.6585 60.4973 26.8306 61.6694C28.0027 62.8415 29.5924 63.5 31.25 63.5H56.25C57.9076 63.5 59.4973 62.8415 60.6694 61.6694C61.8415 60.4973 62.5 58.9076 62.5 57.25V44.75C62.5 44.1975 62.2805 43.6676 61.8898 43.2769C61.4991 42.8862 60.9692 42.6667 60.4167 42.6667Z"
                      fill="#CF2A2A"
                    />
                    <path
                      d="M52.0833 30.1667H55.375L42.2708 43.25C42.0755 43.4437 41.9205 43.6741 41.8148 43.928C41.709 44.1818 41.6545 44.4541 41.6545 44.7292C41.6545 45.0042 41.709 45.2765 41.8148 45.5304C41.9205 45.7842 42.0755 46.0147 42.2708 46.2083C42.4645 46.4036 42.6949 46.5586 42.9488 46.6644C43.2026 46.7701 43.4749 46.8246 43.75 46.8246C44.025 46.8246 44.2973 46.7701 44.5512 46.6644C44.805 46.5586 45.0354 46.4036 45.2291 46.2083L58.3333 33.125V36.4167C58.3333 36.9692 58.5528 37.4991 58.9435 37.8898C59.3342 38.2805 59.8641 38.5 60.4166 38.5C60.9692 38.5 61.4991 38.2805 61.8898 37.8898C62.2805 37.4991 62.5 36.9692 62.5 36.4167V28.0833C62.5 27.5308 62.2805 27.0009 61.8898 26.6102C61.4991 26.2195 60.9692 26 60.4166 26H52.0833C51.5308 26 51.0009 26.2195 50.6101 26.6102C50.2194 27.0009 50 27.5308 50 28.0833C50 28.6359 50.2194 29.1658 50.6101 29.5565C51.0009 29.9472 51.5308 30.1667 52.0833 30.1667Z"
                      fill="#CF2A2A"
                    />
                  </svg>
                </span>
                <span
                  class="block text-sm"
                >
                  Product management
                </span>
              </a>
            </li>
          </ul>
        </div>
      </div>
    </div>
  </body>
</html>
    at /Users/user/Documents/GitHub/retailcore-mfe-investment-management/src/__tests__/components/QuickLinks.test.tsx:283:30
    at runWithExpensiveErrorDiagnosticsDisabled (/Users/user/Documents/GitHub/retailcore-mfe-investment-management/node_modules/@testing-library/dom/dist/config.js:47:12)
    at checkCallback (/Users/user/Documents/GitHub/retailcore-mfe-investment-management/node_modules/@testing-library/dom/dist/wait-for.js:127:77)
    at checkRealTimersCallback (/Users/user/Documents/GitHub/retailcore-mfe-investment-management/node_modules/@testing-library/dom/dist/wait-for.js:121:16)
    at Timeout.task [as _onTimeout] (/Users/user/Documents/GitHub/retailcore-mfe-investment-management/node_modules/jsdom/lib/jsdom/browser/Window.js:516:19)
    at listOnTimeout (node:internal/timers:573:17)
    at processTimers (node:internal/timers:514:7)]]></failure>
    </testCase>
  </file>
  <file path="/Users/user/Documents/GitHub/retailcore-mfe-investment-management/src/__tests__/forms/Select.test.tsx">
    <testCase name="Select renders without crashing" duration="53"/>
    <testCase name="Select matches snapshot" duration="20"/>
    <testCase name="Select shows the selected option" duration="26"/>
    <testCase name="Select opens the dropdown when clicked" duration="85"/>
    <testCase name="Select calls onChange when option selected" duration="183"/>
  </file>
  <file path="/Users/user/Documents/GitHub/retailcore-mfe-investment-management/src/__tests__/forms/ComboSelect.test.tsx">
    <testCase name="ComboSelect renders without crashing" duration="56"/>
    <testCase name="ComboSelect matches snapshot" duration="33"/>
    <testCase name="ComboSelect should open the dropdown when the button is clicked" duration="103"/>
    <testCase name="ComboSelect should update selected options when all products and their members are selected" duration="48"/>
    <testCase name="ComboSelect should update selected options when a product and its members are deselected" duration="38"/>
    <testCase name="ComboSelect should update selected options when all products and their members are deselected" duration="51"/>
    <testCase name="ComboSelect should filter the options correctly when searching for a product" duration="44"/>
    <testCase name="ComboSelect should update selected options when a product and its members are selected" duration="39"/>
    <testCase name="closeDropdown should set isOpen state to false when called with setIsOpen(false)" duration="2"/>
    <testCase name="closeDropdown should not throw an error when called with setIsOpen(undefined)" duration="2"/>
    <testCase name="closeDropdown should not throw an error when called with setIsOpen(null)" duration="1"/>
    <testCase name="closeDropdown should not throw an error when called with setIsOpen(0)" duration="15"/>
    <testCase name="closeDropdown should not throw an error when called with setIsOpen(&quot;&quot;)" duration="1"/>
    <testCase name="closeDropdown should not throw an error when called with setIsOpen({})" duration="2"/>
    <testCase name="handleChange should add a new product to selOptions if it doesnt exist" duration="2"/>
    <testCase name="handleChange should remove a product from selOptions if it already exists" duration="2"/>
    <testCase name="productContainsMember should return true when the product contains the member" duration="2"/>
    <testCase name="productContainsMember should return false when the product does not contain the member" duration="1"/>
    <testCase name="productContainsMember should return false when the product is empty" duration="1"/>
    <testCase name="productContainsMember should return false when the member is empty" duration="12"/>
    <testCase name="productContainsMember should return false when the member is null" duration="1"/>
    <testCase name="addNewProduct should return a new array with the new product added to the end of the input array" duration="1"/>
    <testCase name="addNewProduct should not modify the input array" duration="1"/>
    <testCase name="addNewProduct should work with an empty input array" duration="1"/>
    <testCase name="createProduct should return an object with &quot;product&quot; and &quot;members&quot; properties when valid id and members are provided" duration="1"/>
    <testCase name="createProduct should return an object with an empty &quot;members&quot; array when no members are provided" duration="0"/>
>>>>>>> 23757ba4e8b87d88019bf936c7fdfe12b2a96598
    <testCase name="createProduct should handle special characters and spaces in id and member names" duration="1"/>
    <testCase name="createProduct should handle a large number of members" duration="2"/>
    <testCase name="createProduct should handle empty strings as id and member names" duration="1"/>
    <testCase name="handleMemberToggle should add member to product when member is not selected" duration="1"/>
    <testCase name="handleMemberToggle should remove member from product when member is already selected" duration="1"/>
    <testCase name="handleMemberToggle should add product and member to selected options when product is not selected" duration="1"/>
    <testCase name="handleMemberToggle should add member to product when product is already selected but with no members" duration="1"/>
<<<<<<< HEAD
    <testCase name="handleMemberToggle should add member to product when product is already selected with other members" duration="4"/>
    <testCase name="addMemberToProduct should add a member to a product with no existing members" duration="1"/>
    <testCase name="addMemberToProduct should add a member to a product with existing members" duration="12"/>
    <testCase name="addMemberToProduct should return the original products array if memberId is undefined" duration="1"/>
    <testCase name="addMemberToProduct should return the original products array if memberId is already in the product" duration="1"/>
    <testCase name="removeMemberFromProduct should remove a member from a product with multiple members" duration="1"/>
    <testCase name="removeMemberFromProduct should remove a member from a product with only one member" duration="4"/>
    <testCase name="removeMemberFromProduct should handle removing a non-existent member from a product" duration="1"/>
  </file>
  <file path="/Users/mac/Work/kpmg/investment-management/src/__tests__/components/Button.test.tsx">
    <testCase name="Button renders without crashing" duration="17"/>
    <testCase name="Button renders children" duration="19"/>
    <testCase name="Button applies custom className" duration="4"/>
    <testCase name="Button can show loader" duration="18"/>
    <testCase name="Button can hide loader" duration="4"/>
    <testCase name="Button can render button elements" duration="6"/>
    <testCase name="Button calls onClick handler" duration="6"/>
  </file>
  <file path="/Users/mac/Work/kpmg/investment-management/src/__tests__/modals/Approved.test.tsx">
    <testCase name="ApprovedSuccess Modal renders without crashing" duration="26"/>
    <testCase name="ApprovedSuccess Modal matches snapshot" duration="14"/>
    <testCase name="ApprovedSuccess Modal closes modal when cancel clicked" duration="223"/>
    <testCase name="ApprovedSuccess Modal calls onConfirm when form submitted" duration="43"/>
  </file>
  <file path="/Users/mac/Work/kpmg/investment-management/src/__tests__/modals/Status.test.tsx">
    <testCase name="Success Modal renders without crashing" duration="30"/>
    <testCase name="Success Modal matches snapshot" duration="6"/>
    <testCase name="Success Modal can close modal pathname !== /product-management" duration="128"/>
    <testCase name="Success Modal can close modal when canclose is true" duration="78"/>
    <testCase name="Prompt Modal renders without crashing" duration="13"/>
    <testCase name="Prompt Modal matches snapshot" duration="4"/>
    <testCase name="Prompt Modal can close modal pathname !== /product-management" duration="49"/>
    <testCase name="Prompt Modal can close modal when canclose is true" duration="94"/>
    <testCase name="Failed Modal matches snapshot" duration="4"/>
    <testCase name="Failed Modal can close modal pathname !== /product-management" duration="55"/>
    <testCase name="Failed Modal can close modal when canclose is true" duration="38"/>
  </file>
  <file path="/Users/mac/Work/kpmg/investment-management/src/__tests__/forms/Select.test.tsx">
    <testCase name="Select renders without crashing" duration="72"/>
    <testCase name="Select matches snapshot" duration="31"/>
    <testCase name="Select shows the selected option" duration="15"/>
    <testCase name="Select opens the dropdown when clicked" duration="64"/>
    <testCase name="Select calls onChange when option selected" duration="156"/>
  </file>
  <file path="/Users/mac/Work/kpmg/investment-management/src/__tests__/forms/FormUpload.test.tsx">
    <testCase name="FormUpload renders without crashing" duration="70"/>
    <testCase name="FormUpload matches snapshot" duration="23"/>
    <testCase name="FormUpload should reset all state variables when handleReset is called" duration="3"/>
    <testCase name="handleFileChange should select a file and set the file type correctly" duration="8"/>
    <testCase name="handleFileChange should set an error message when the file size exceeds the maximum allowed size" duration="2"/>
    <testCase name="handleFileChange should set an error message when no file is selected" duration="1"/>
    <testCase name="handleFileChange should display an error message when selecting a file with an invalid extension" duration="2"/>
    <testCase name="FormUpload should display error message when selecting a file with an unsupported file type" duration="40"/>
    <testCase name="handleDrag should set dragActive to true when dragenter event is triggered" duration="1"/>
    <testCase name="handleDrag should set dragActive to true when dragover event is triggered" duration="5"/>
    <testCase name="handleDrag should set dragActive to false when dragleave event is triggered" duration="1"/>
    <testCase name="handleReset should reset upload data to an empty array" duration="1"/>
    <testCase name="handleReset should set status to null" duration="1"/>
    <testCase name="handleDrop should read and process a valid file when dropped" duration="2"/>
    <testCase name="handleDrop should process a file with a valid file type when dropped" duration="16"/>
    <testCase name="handleDrop should read and process a file with a valid file type when dropped" duration="2"/>
    <testCase name="handleDrop should process a file with a valid file type when dropped" duration="1"/>
    <testCase name="handleDrop should process a file with a valid file type when dropped" duration="1"/>
    <testCase name="handleDrop should set an error message when the file type is not supported" duration="1"/>
    <testCase name="handleDrop should set the base64 image correctly when the file is read" duration="1"/>
  </file>
  <file path="/Users/mac/Work/kpmg/investment-management/src/__tests__/components/Loader.test.tsx">
    <testCase name="Breadcrumbs renders without crashing" duration="30"/>
    <testCase name="Breadcrumbs matches snapshot" duration="6"/>
    <testCase name="Loader should render Loader component when isOpen is true" duration="209"/>
    <testCase name="Loader should not render Loader component when isOpen is false" duration="3"/>
    <testCase name="Loader should not throw an error when setIsOpen is not provided" duration="37"/>
    <testCase name="Loader should spin the AiOutlineLoading icon when Loader component is rendered" duration="50"/>
    <testCase name="Loader should display the text prop in the Loader component" duration="55"/>
  </file>
  <file path="/Users/mac/Work/kpmg/investment-management/src/__tests__/components/Dropdown.test.tsx">
    <testCase name="Dropdown renders without crashing" duration="68"/>
    <testCase name="Dropdown matches snapshot" duration="13"/>
    <testCase name="Dropdown selects the right icon" duration="26"/>
    <testCase name="Dropdown renders right icon when button is clicked" duration="119"/>
    <testCase name="Dropdown applies active class to the selected option" duration="137"/>
  </file>
  <file path="/Users/mac/Work/kpmg/investment-management/src/__tests__/modals/Confirm.test.tsx">
    <testCase name="Confirm renders without crashing" duration="38"/>
    <testCase name="Confirm should render a modal with the given text and subtext" duration="186"/>
    <testCase name="Confirm should render a cancel buttons  and a confirm button" duration="50"/>
    <testCase name="Confirm closes modal when cancel button 1 clicked" duration="71"/>
    <testCase name="Confirm Calls onCancel when cancel button 2 clicked" duration="49"/>
    <testCase name="Confirm should call onConfirm when confirm button is clicked" duration="80"/>
  </file>
  <file path="/Users/mac/Work/kpmg/investment-management/src/__tests__/Sterling-investment.tsx">
    <testCase name="microfrontend bootstraps the app" duration="22"/>
    <testCase name="microfrontend mounts and unmounts" duration="29"/>
  </file>
  <file path="/Users/mac/Work/kpmg/investment-management/src/__tests__/components/ProductSearch.test.tsx">
    <testCase name="search input calls setSearchTerm function with debounce on input change" duration="69"/>
    <testCase name="classNames should concatenate all truthy class names into a single string" duration="3"/>
    <testCase name="classNames should ignore all falsy class names" duration="1"/>
    <testCase name="classNames should handle multiple truthy and falsy class names" duration="1"/>
    <testCase name="classNames should handle empty input" duration="11"/>
    <testCase name="classNames should handle input with only one truthy class name" duration="2"/>
    <testCase name="ProductSearch renders without crashing" duration="63"/>
    <testCase name="ProductSearch shows placeholder text" duration="16"/>
    <testCase name="ProductSearch filters options by search query" duration="27"/>
    <testCase name="ProductSearch renders the component with placeholder" duration="13"/>
    <testCase name="ProductSearch displays options when typing in the input" duration="32"/>
    <testCase name="ProductSearch applies the correct class when an option is active" duration="31"/>
    <testCase name="ProductSearch applies the correct class when an option is selected" duration="53"/>
  </file>
  <file path="/Users/mac/Work/kpmg/investment-management/src/__tests__/root.component.test.tsx">
    <testCase name="Root component should be in the document" duration="39"/>
  </file>
  <file path="/Users/mac/Work/kpmg/investment-management/src/__tests__/modals/Layout.test.tsx">
    <testCase name="Layout renders children and opens and closes the modal" duration="379"/>
    <testCase name="Layout should not render children when isOpen is false" duration="11"/>
    <testCase name="Layout should render dialog with correct data-testid" duration="77"/>
  </file>
  <file path="/Users/mac/Work/kpmg/investment-management/src/__tests__/components/SearchInput.test.tsx">
    <testCase name="handleInputChange should call setInputValue with the event target value" duration="22"/>
    <testCase name="SearchInput should render search input field with default props" duration="34"/>
    <testCase name="SearchInput applies custom CSS classes" duration="10"/>
    <testCase name="SearchInput should update input field when user inputs a search term" duration="22"/>
    <testCase name="SearchInput should update input field when user inputs a search term and isTruncated is true" duration="19"/>
  </file>
  <file path="/Users/mac/Work/kpmg/investment-management/src/__tests__/utils/capitalizeFirstLetter.test.tsx">
    <testCase name="capitalizeFirstLetter should capitalize the first letter of a string with one word" duration="6"/>
    <testCase name="capitalizeFirstLetter should capitalize the first letter of the first word in a string with multiple words" duration="2"/>
    <testCase name="capitalizeFirstLetter should return an empty string if the input is an empty string" duration="1"/>
    <testCase name="capitalizeFirstLetter should return the input if its not a string" duration="1"/>
    <testCase name="capitalizeFirstLetter should capitalize the first letter of a string with only one letter" duration="1"/>
    <testCase name="capitalizeFirstLetter should capitalize the first letter of a string with non-alphabetic characters after the first letter" duration="1"/>
    <testCase name="capitalizeFirstLetter should capitalize the first letter of a string with numbers as the first letter" duration="2"/>
    <testCase name="capitalizeFirstLetter should capitalize the first letter of a string with a non-ASCII character as the first letter" duration="2"/>
    <testCase name="capitalizeFirstLetter should capitalize the first letter of a string with a non-ASCII character after the first letter" duration="1"/>
    <testCase name="capitalizeFirstLetter should capitalize the first letter of a string with multiple spaces between words" duration="1"/>
    <testCase name="capitalizeFirstLetter should capitalize the first letter of a non-empty string" duration="1"/>
    <testCase name="capitalizeFirstLetter should not modify an empty string" duration="11"/>
    <testCase name="capitalizeFirstLetter should return the input if it&apos;s not a string" duration="1"/>
    <testCase name="capitalizeFirstLetter should capitalize the first letter of a single-word string" duration="9"/>
    <testCase name="capitalizeFirstLetter should capitalize the first letter of each word in a sentence" duration="6"/>
    <testCase name="capitalizeFirstLetter should not modify a string with only non-alphabetic characters" duration="1"/>
    <testCase name="capitalizeFirstLetter should handle mixed case strings" duration="1"/>
    <testCase name="capitalizeFirstLetter should return a string with the first letter capitalized when input is a non-empty string" duration="1"/>
    <testCase name="capitalizeFirstLetter should return an empty string when input is an empty string" duration="4"/>
    <testCase name="capitalizeFirstLetter should return the input when it is not a string" duration="0"/>
    <testCase name="capitalizeFirstLetter should return the input when it is null" duration="0"/>
    <testCase name="capitalizeFirstLetter should return the input when it is undefined" duration="1"/>
    <testCase name="capitalizeFirstLetter should return the input when it is a number" duration="1"/>
  </file>
  <file path="/Users/mac/Work/kpmg/investment-management/src/__tests__/components/DownloadButton.tsx">
    <testCase name="DownloadButton should call handleDownload function when button is clicked" duration="96"/>
    <testCase name="DownloadButton should display the text Download" duration="9"/>
    <testCase name="DownloadButton should not throw an error when handleDownload is not provided" duration="10"/>
    <testCase name="DownloadButton should have the correct class name, type attribute, text color, background color, and gap between icon and text" duration="23"/>
  </file>
  <file path="/Users/mac/Work/kpmg/investment-management/src/__tests__/components/MultiRangeSlider.test.tsx">
    <testCase name="Slider renders without crashing" duration="30"/>
    <testCase name="Slider matches snapshot" duration="4"/>
  </file>
  <file path="/Users/mac/Work/kpmg/investment-management/src/__tests__/components/ActivityLog.tsx">
    <testCase name="renders the ActivityLog component with loading state" duration="32"/>
    <testCase name="renders the ActivityLog component with no activities" duration="9"/>
    <testCase name="renders the ActivityLog component with activities" duration="24"/>
  </file>
  <file path="/Users/mac/Work/kpmg/investment-management/src/__tests__/utils/test-util.test.tsx">
    <testCase name="renderWithProviders should render the UI with the Provider wrapper and the passed options" duration="33"/>
    <testCase name="renderWithProviders should return the store and the rendered UI" duration="4"/>
  </file>
  <file path="/Users/mac/Work/kpmg/investment-management/src/__tests__/utils/parseQueryParams.test.tsx">
    <testCase name="parseQueryParams should return an instance of URLSearchParams when called with valid query params" duration="6"/>
    <testCase name="parseQueryParams should append all non-array query params to the URLSearchParams instance" duration="2"/>
    <testCase name="parseQueryParams should append all items in an array query param to the URLSearchParams instance" duration="2"/>
    <testCase name="parseQueryParams should set boolean query params to their corresponding key in the URLSearchParams instance" duration="1"/>
    <testCase name="parseQueryParams should handle an empty query params object" duration="1"/>
    <testCase name="parseQueryParams should handle a query params object with null or undefined values" duration="1"/>
  </file>
  <file path="/Users/mac/Work/kpmg/investment-management/src/__tests__/layouts/Layout.test.tsx">
    <testCase name="Layout renders AuthGuard and Outlet components" duration="28"/>
    <testCase name="handleRole should handle cases where is_superuser property is not a boolean" duration="2"/>
    <testCase name="handleRole should handle cases where is_superuser property is not a boolean" duration="2"/>
    <testCase name="handleRole should handle cases where is_superuser property is not present in user object" duration="8"/>
  </file>
  <file path="/Users/mac/Work/kpmg/investment-management/src/__tests__/layouts/AuthGuard.test.tsx">
    <testCase name="AuthGuard shows content if authenticated" duration="38"/>
    <testCase name="should return children when isAuthenticated is true" duration="3"/>
  </file>
  <file path="/Users/mac/Work/kpmg/investment-management/src/__tests__/components/BottomBarLoader.test.tsx">
    <testCase name="renders the BottomBarLoader component" duration="41"/>
  </file>
  <file path="/Users/mac/Work/kpmg/investment-management/src/__tests__/utils/downloadFile.test.tsx">
    <testCase name="downloadUsingFetch should download file" duration="19"/>
  </file>
  <file path="/Users/mac/Work/kpmg/investment-management/src/__tests__/utils/isNewLocation.test.tsx">
    <testCase name="isNewLocation should return false when oldData is null" duration="5"/>
    <testCase name="isNewLocation should return false when oldData is undefined" duration="1"/>
    <testCase name="isNewLocation should return false when all properties match" duration="2"/>
    <testCase name="isNewLocation should return true when at least one property does not match" duration="1"/>
    <testCase name="isNewLocation should return true when newData is null" duration="2"/>
    <testCase name="isNewLocation should return true when oldData is null and newData is defined" duration="1"/>
    <testCase name="isNewLocation should return false when oldData and newData are both null" duration="1"/>
  </file>
  <file path="/Users/mac/Work/kpmg/investment-management/src/__tests__/components/QuickLinks.test.tsx">
    <testCase name="QuickLinks renders correctly" duration="90"/>
    <testCase name="QuickLinks should render a list of links with names " duration="24"/>
    <testCase name="QuickLinks should display a default link when there are no links available" duration="20"/>
  </file>
  <file path="/Users/mac/Work/kpmg/investment-management/src/__tests__/components/ShareButton.test.tsx">
    <testCase name="ShareButton renders without crashing" duration="53"/>
    <testCase name="ShareButton triggers the share action when clicked" duration="6"/>
  </file>
  <file path="/Users/mac/Work/kpmg/investment-management/src/__tests__/components/PreLoader.test.tsx">
    <testCase name="renders the PreLoader component" duration="39"/>
  </file>
  <file path="/Users/mac/Work/kpmg/investment-management/src/__tests__/components/AppWrapper.test.tsx">
    <testCase name="AppWrapper Component renders children within the Provider component" duration="54"/>
  </file>
  <file path="/Users/mac/Work/kpmg/investment-management/src/__tests__/utils/countDuplicates.test.tsx">
    <testCase name="countDuplicates should return 0 when there are no duplicates in the array" duration="6"/>
    <testCase name="countDuplicates should return the correct number of duplicates when there are duplicates in the array" duration="1"/>
    <testCase name="countDuplicates should handle arrays with multiple types of elements" duration="11"/>
    <testCase name="countDuplicates should return 0 when the array is empty" duration="1"/>
    <testCase name="countDuplicates should handle arrays with only one element" duration="2"/>
    <testCase name="countDuplicates should handle arrays with only duplicate elements" duration="1"/>
  </file>
  <file path="/Users/mac/Work/kpmg/investment-management/src/__tests__/utils/requestType.test.tsx">
    <testCase name="getRequestType should return &quot;bulk creation&quot; when type is &quot;BULK_CREATE&quot;" duration="5"/>
    <testCase name="getRequestType should return &quot;creation&quot; when type is &quot;CREATE&quot;" duration="10"/>
    <testCase name="getRequestType should return &quot;deactivation&quot; when type is &quot;DEACTIVATE&quot;" duration="2"/>
    <testCase name="getRequestType should return &quot;reactivation&quot; when type is &quot;REACTIVATE&quot;" duration="1"/>
    <testCase name="getRequestType should return &quot;modification&quot; when type is &quot;CHANGE&quot;" duration="1"/>
    <testCase name="getRequestType should return &quot;configuration&quot; when type is &quot;CONFIGURATION&quot;" duration="1"/>
  </file>
  <file path="/Users/mac/Work/kpmg/investment-management/src/__tests__/utils/checkEmpty.test.tsx">
    <testCase name="checkEmpty should return an empty array when all objects have all required properties" duration="6"/>
    <testCase name="checkEmpty should return an array with objects that have missing required properties" duration="9"/>
    <testCase name="checkEmpty should return an empty array when uploadData is empty" duration="2"/>
    <testCase name="checkEmpty should return an array with objects that have all required properties when uploadData contains only such objects" duration="3"/>
    <testCase name="checkEmpty should return an array with objects that have missing required properties when uploadData contains only such objects" duration="2"/>
    <testCase name="checkEmpty should return an array with objects that have missing required properties when uploadData contains objects with missing and objects with all required properties" duration="2"/>
  </file>
  <file path="/Users/mac/Work/kpmg/investment-management/src/__tests__/utils/removeNullFromObj.test.tsx">
    <testCase name="removeNullEmptyKeys should return an empty object when the input object is empty" duration="6"/>
    <testCase name="removeNullEmptyKeys should return the same object when it has no null, undefined, empty string, or empty array values" duration="2"/>
  </file>
  <file path="/Users/mac/Work/kpmg/investment-management/src/__tests__/utils/lowerObjectKeys.test.tsx">
    <testCase name="lowerObjectKeys should return an empty array when given an empty array" duration="6"/>
    <testCase name="lowerObjectKeys should return an array of objects with lowerd keys when given an array of objects with lowercase keys" duration="1"/>
    <testCase name="lowerObjectKeys should throw an error when given a non-array input" duration="17"/>
    <testCase name="lowerObjectKeys should return an array of objects with lowerd keys when given an array of objects with mixed case keys" duration="2"/>
    <testCase name="lowerObjectKeys should return an array of objects with lowerd keys when given an array of objects with only one key" duration="1"/>
    <testCase name="lowerObjectKeys should return an array of objects with lowerd keys when given an array of objects with only non-string keys" duration="2"/>
    <testCase name="lowerObjectKeys should handle objects without own properties" duration="1"/>
  </file>
  <file path="/Users/mac/Work/kpmg/investment-management/src/__tests__/utils/getPercentage.test.tsx">
    <testCase name="getPercentage should return the correct percentage when total and success are positive integers" duration="16"/>
    <testCase name="getPercentage should return 100 when success is equal to total" duration="6"/>
    <testCase name="getPercentage should return 0 when success is equal to 0" duration="4"/>
    <testCase name="getPercentage should return the correct percentage when success is less than total" duration="4"/>
  </file>
  <file path="/Users/mac/Work/kpmg/investment-management/src/__tests__/utils/capitalizeObjectKeys.test.tsx">
    <testCase name="capitalizeObjectKeys should return an empty array when given an empty array" duration="6"/>
    <testCase name="capitalizeObjectKeys should return an array of objects with capitalized keys when given an array of objects with lowercase keys" duration="2"/>
    <testCase name="capitalizeObjectKeys should throw an error when given a non-array input" duration="21"/>
    <testCase name="capitalizeObjectKeys should return an array of objects with capitalized keys when given an array of objects with mixed case keys" duration="1"/>
    <testCase name="capitalizeObjectKeys should return an array of objects with capitalized keys when given an array of objects with only one key" duration="1"/>
    <testCase name="capitalizeObjectKeys should return an array of objects with capitalized keys when given an array of objects with only non-string keys" duration="5"/>
    <testCase name="capitalizeObjectKeys should handle objects without own properties" duration="1"/>
  </file>
  <file path="/Users/mac/Work/kpmg/investment-management/src/__tests__/utils/ucObjectKeys.test.tsx">
    <testCase name="ucObjectKeys should throw an error when the input is not an array" duration="17"/>
    <testCase name="ucObjectKeys should handle an array with non-object elements as input" duration="2"/>
    <testCase name="ucObjectKeys should capitalize the keys of an array of objects with different keys" duration="2"/>
    <testCase name="ucObjectKeys should capitalize the keys of an array of objects with same keys" duration="1"/>
  </file>
  <file path="/Users/mac/Work/kpmg/investment-management/src/__tests__/utils/handleColorState.test.tsx">
    <testCase name="handleColorState should return the correct color state for the value &quot;approved&quot;" duration="5"/>
    <testCase name="handleColorState should return the correct color state for the value &quot;A&quot;" duration="4"/>
    <testCase name="handleColorState should return the correct color state for the value &quot;in-review&quot;" duration="1"/>
    <testCase name="handleColorState should return the correct color state for the value &quot;P&quot;" duration="1"/>
    <testCase name="handleColorState should return the correct color state for the value &quot;in-issue&quot;" duration="1"/>
    <testCase name="handleColorState should return the correct color state for the value &quot;R&quot;" duration="1"/>
    <testCase name="handleColorState should return the correct color state for the value &quot;draft&quot;" duration="1"/>
    <testCase name="handleColorState should return the correct color state for the value &quot;D&quot;" duration="1"/>
    <testCase name="handleColorState should return the correct color state for the value &quot;I&quot;" duration="1"/>
  </file>
  <file path="/Users/mac/Work/kpmg/investment-management/src/__tests__/utils/handleUserView.test.tsx">
    <testCase name="handleUserView should return &quot;in-review&quot; when value is &quot;P&quot; and checker is false" duration="6"/>
    <testCase name="handleUserView should return &quot;pending&quot; when value is &quot;P&quot; and checker is true" duration="1"/>
    <testCase name="handleUserView should return &quot;draft&quot; when value is &quot;D&quot;" duration="2"/>
    <testCase name="handleUserView should return &quot;approved&quot; when value is &quot;A&quot;" duration="1"/>
    <testCase name="handleUserView should return &quot;in-issue&quot; when value is &quot;I&quot; and checker is false" duration="1"/>
    <testCase name="handleUserView should return &quot;rejected&quot; when value is &quot;I&quot; and checker is true" duration="2"/>
    <testCase name="handleUserView should return &quot;in-issue&quot; when value is &quot;R&quot; and checker is false" duration="1"/>
    <testCase name="handleUserView should return &quot;rejected&quot; when value is &quot;R&quot; and checker is true" duration="1"/>
    <testCase name="handleUserView should return valye when value is &quot;T&quot; and checker is true" duration="1"/>
=======
    <testCase name="handleMemberToggle should add member to product when product is already selected with other members" duration="0"/>
    <testCase name="addMemberToProduct should add a member to a product with no existing members" duration="0"/>
    <testCase name="addMemberToProduct should add a member to a product with existing members" duration="0"/>
    <testCase name="addMemberToProduct should return the original products array if memberId is undefined" duration="1"/>
    <testCase name="addMemberToProduct should return the original products array if memberId is already in the product" duration="14"/>
    <testCase name="removeMemberFromProduct should remove a member from a product with multiple members" duration="1"/>
    <testCase name="removeMemberFromProduct should remove a member from a product with only one member" duration="1"/>
    <testCase name="removeMemberFromProduct should handle removing a non-existent member from a product" duration="0"/>
  </file>
  <file path="/Users/user/Documents/GitHub/retailcore-mfe-investment-management/src/__tests__/components/Dropdown.test.tsx">
    <testCase name="Dropdown renders without crashing" duration="82"/>
    <testCase name="Dropdown matches snapshot" duration="32"/>
    <testCase name="Dropdown selects the right icon" duration="20"/>
    <testCase name="Dropdown renders right icon when button is clicked" duration="211"/>
    <testCase name="Dropdown applies active class to the selected option" duration="80"/>
  </file>
  <file path="/Users/user/Documents/GitHub/retailcore-mfe-investment-management/src/__tests__/components/CreateButton.test.tsx">
    <testCase name="closeButton should set isOpen state to false" duration="7"/>
    <testCase name="closeButton should set secondActive, thirdActive, and fourthActive states to empty strings" duration="2"/>
    <testCase name="closeButton should not return any value" duration="1"/>
    <testCase name="closeButton should require function parameters" duration="2"/>
    <testCase name="closeButton should not throw any errors" duration="1"/>
    <testCase name="goToUrl should navigate to the provided URL" duration="11"/>
    <testCase name="goToUrl should throw an error when url is null" duration="3"/>
    <testCase name="goToUrl should throw an error when navigate function is not a function" duration="31"/>
    <testCase name="goToUrl should handle relative URLs" duration="1"/>
    <testCase name="CreateButton should render the component without crashing" duration="46"/>
    <testCase name="CreateButton should open the dropdown menu when the button is clicked" duration="73"/>
    <testCase name="CreateButton should close the dropdown menu when clicked outside" duration="12"/>
  </file>
  <file path="/Users/user/Documents/GitHub/retailcore-mfe-investment-management/src/__tests__/components/Button.test.tsx">
    <testCase name="Button renders without crashing" duration="59"/>
    <testCase name="Button renders children" duration="8"/>
    <testCase name="Button applies custom className" duration="5"/>
    <testCase name="Button can show loader" duration="28"/>
    <testCase name="Button can hide loader" duration="3"/>
    <testCase name="Button can render button elements" duration="3"/>
    <testCase name="Button calls onClick handler" duration="12"/>
  </file>
  <file path="/Users/user/Documents/GitHub/retailcore-mfe-investment-management/src/__tests__/modals/Status.test.tsx">
    <testCase name="Success Modal renders without crashing" duration="26"/>
    <testCase name="Success Modal matches snapshot" duration="8"/>
    <testCase name="Success Modal can close modal pathname !== /product-management" duration="95"/>
    <testCase name="Success Modal can close modal when canclose is true" duration="71"/>
    <testCase name="Prompt Modal renders without crashing" duration="2"/>
    <testCase name="Prompt Modal matches snapshot" duration="6"/>
    <testCase name="Prompt Modal can close modal pathname !== /product-management" duration="73"/>
    <testCase name="Prompt Modal can close modal when canclose is true" duration="44"/>
    <testCase name="Failed Modal matches snapshot" duration="8"/>
    <testCase name="Failed Modal can close modal pathname !== /product-management" duration="74"/>
    <testCase name="Failed Modal can close modal when canclose is true" duration="73"/>
  </file>
  <file path="/Users/user/Documents/GitHub/retailcore-mfe-investment-management/src/__tests__/forms/FormUpload.test.tsx">
    <testCase name="FormUpload renders without crashing" duration="43"/>
    <testCase name="FormUpload matches snapshot" duration="32"/>
    <testCase name="FormUpload should reset all state variables when handleReset is called" duration="2"/>
    <testCase name="handleFileChange should select a file and set the file type correctly" duration="10"/>
    <testCase name="handleFileChange should set an error message when the file size exceeds the maximum allowed size" duration="2"/>
    <testCase name="handleFileChange should set an error message when no file is selected" duration="1"/>
    <testCase name="handleFileChange should display an error message when selecting a file with an invalid extension" duration="4"/>
    <testCase name="FormUpload should display error message when selecting a file with an unsupported file type" duration="25"/>
    <testCase name="handleDrag should set dragActive to true when dragenter event is triggered" duration="1"/>
    <testCase name="handleDrag should set dragActive to true when dragover event is triggered" duration="8"/>
    <testCase name="handleDrag should set dragActive to false when dragleave event is triggered" duration="9"/>
    <testCase name="handleReset should reset upload data to an empty array" duration="1"/>
    <testCase name="handleReset should set status to null" duration="1"/>
    <testCase name="handleDrop should read and process a valid file when dropped" duration="2"/>
    <testCase name="handleDrop should process a file with a valid file type when dropped" duration="11"/>
    <testCase name="handleDrop should read and process a file with a valid file type when dropped" duration="1"/>
    <testCase name="handleDrop should process a file with a valid file type when dropped" duration="1"/>
    <testCase name="handleDrop should process a file with a valid file type when dropped" duration="1"/>
    <testCase name="handleDrop should set an error message when the file type is not supported" duration="3"/>
    <testCase name="handleDrop should set the base64 image correctly when the file is read" duration="15"/>
  </file>
  <file path="/Users/user/Documents/GitHub/retailcore-mfe-investment-management/src/__tests__/components/ProductSearch.test.tsx">
    <testCase name="search input calls setSearchTerm function with debounce on input change" duration="79"/>
    <testCase name="classNames should concatenate all truthy class names into a single string" duration="2"/>
    <testCase name="classNames should ignore all falsy class names" duration="2"/>
    <testCase name="classNames should handle multiple truthy and falsy class names" duration="2"/>
    <testCase name="classNames should handle empty input" duration="1"/>
    <testCase name="classNames should handle input with only one truthy class name" duration="1"/>
    <testCase name="ProductSearch renders without crashing" duration="37"/>
    <testCase name="ProductSearch shows placeholder text" duration="10"/>
    <testCase name="ProductSearch filters options by search query" duration="23"/>
    <testCase name="ProductSearch renders the component with placeholder" duration="18"/>
    <testCase name="ProductSearch displays options when typing in the input" duration="49"/>
    <testCase name="ProductSearch applies the correct class when an option is active" duration="28"/>
    <testCase name="ProductSearch applies the correct class when an option is selected" duration="28"/>
  </file>
  <file path="/Users/user/Documents/GitHub/retailcore-mfe-investment-management/src/__tests__/modals/Confirm.test.tsx">
    <testCase name="Confirm renders without crashing" duration="43"/>
    <testCase name="Confirm should render a modal with the given text and subtext" duration="170"/>
    <testCase name="Confirm should render a cancel buttons  and a confirm button" duration="50"/>
    <testCase name="Confirm closes modal when cancel button 1 clicked" duration="72"/>
    <testCase name="Confirm Calls onCancel when cancel button 2 clicked" duration="51"/>
    <testCase name="Confirm should call onConfirm when confirm button is clicked" duration="49"/>
  </file>
  <file path="/Users/user/Documents/GitHub/retailcore-mfe-investment-management/src/__tests__/utils/lowerObjectKeys.test.tsx">
    <testCase name="lowerObjectKeys should return an empty array when given an empty array" duration="8"/>
    <testCase name="lowerObjectKeys should return an array of objects with lowerd keys when given an array of objects with lowercase keys" duration="2"/>
    <testCase name="lowerObjectKeys should throw an error when given a non-array input" duration="10"/>
    <testCase name="lowerObjectKeys should return an array of objects with lowerd keys when given an array of objects with mixed case keys" duration="1"/>
    <testCase name="lowerObjectKeys should return an array of objects with lowerd keys when given an array of objects with only one key" duration="4"/>
    <testCase name="lowerObjectKeys should return an array of objects with lowerd keys when given an array of objects with only non-string keys" duration="2"/>
    <testCase name="lowerObjectKeys should handle objects without own properties" duration="1"/>
  </file>
  <file path="/Users/user/Documents/GitHub/retailcore-mfe-investment-management/src/__tests__/utils/handleUserView.test.tsx">
    <testCase name="handleUserView should return &quot;in-review&quot; when value is &quot;P&quot; and checker is false" duration="5"/>
    <testCase name="handleUserView should return &quot;pending&quot; when value is &quot;P&quot; and checker is true" duration="1"/>
    <testCase name="handleUserView should return &quot;draft&quot; when value is &quot;D&quot;" duration="9"/>
    <testCase name="handleUserView should return &quot;approved&quot; when value is &quot;A&quot;" duration="1"/>
    <testCase name="handleUserView should return &quot;in-issue&quot; when value is &quot;I&quot; and checker is false" duration="1"/>
    <testCase name="handleUserView should return &quot;rejected&quot; when value is &quot;I&quot; and checker is true" duration="1"/>
    <testCase name="handleUserView should return &quot;in-issue&quot; when value is &quot;R&quot; and checker is false" duration="3"/>
    <testCase name="handleUserView should return &quot;rejected&quot; when value is &quot;R&quot; and checker is true" duration="1"/>
    <testCase name="handleUserView should return valye when value is &quot;T&quot; and checker is true" duration="20"/>
  </file>
  <file path="/Users/user/Documents/GitHub/retailcore-mfe-investment-management/src/__tests__/forms/Checkbox.test.tsx">
    <testCase name="Checkbox renders without crashing" duration="30"/>
    <testCase name="Checkbox matches snapshot" duration="28"/>
    <testCase name="Checkbox displays the label" duration="6"/>
    <testCase name="Checkbox initially renders unchecked" duration="5"/>
    <testCase name="Checkbox renders checked when checked prop is true" duration="16"/>
    <testCase name="Checkbox calls onChange when clicked" duration="21"/>
    <testCase name="Checkbox should not call onChange if not provided when handleChange is invoked" duration="6"/>
  </file>
  <file path="/Users/user/Documents/GitHub/retailcore-mfe-investment-management/src/__tests__/components/Breadcrumbs.test.tsx">
    <testCase name="Breadcrumbs renders without crashing" duration="23"/>
    <testCase name="Breadcrumbs matches snapshot" duration="21"/>
    <testCase name="Breadcrumbs displays breadcrumb links" duration="27"/>
    <testCase name="Breadcrumbs Can click on links" duration="6"/>
  </file>
  <file path="/Users/user/Documents/GitHub/retailcore-mfe-investment-management/src/__tests__/Sterling-investment.tsx">
    <testCase name="microfrontend bootstraps the app" duration="4"/>
    <testCase name="microfrontend mounts and unmounts" duration="39"/>
  </file>
  <file path="/Users/user/Documents/GitHub/retailcore-mfe-investment-management/src/__tests__/modals/Approved.test.tsx">
    <testCase name="ApprovedSuccess Modal renders without crashing" duration="19"/>
    <testCase name="ApprovedSuccess Modal matches snapshot" duration="8"/>
    <testCase name="ApprovedSuccess Modal closes modal when cancel clicked" duration="222"/>
    <testCase name="ApprovedSuccess Modal calls onConfirm when form submitted" duration="84"/>
  </file>
  <file path="/Users/user/Documents/GitHub/retailcore-mfe-investment-management/src/__tests__/utils/capitalizeObjectKeys.test.tsx">
    <testCase name="capitalizeObjectKeys should return an empty array when given an empty array" duration="10"/>
    <testCase name="capitalizeObjectKeys should return an array of objects with capitalized keys when given an array of objects with lowercase keys" duration="1"/>
    <testCase name="capitalizeObjectKeys should throw an error when given a non-array input" duration="15"/>
    <testCase name="capitalizeObjectKeys should return an array of objects with capitalized keys when given an array of objects with mixed case keys" duration="2"/>
    <testCase name="capitalizeObjectKeys should return an array of objects with capitalized keys when given an array of objects with only one key" duration="1"/>
    <testCase name="capitalizeObjectKeys should return an array of objects with capitalized keys when given an array of objects with only non-string keys" duration="1"/>
    <testCase name="capitalizeObjectKeys should handle objects without own properties" duration="2"/>
  </file>
  <file path="/Users/user/Documents/GitHub/retailcore-mfe-investment-management/src/__tests__/App.test.tsx">
    <testCase name="Test App Component If App is rendered wihout issues" duration="30"/>
  </file>
  <file path="/Users/user/Documents/GitHub/retailcore-mfe-investment-management/src/__tests__/components/ShareButton.test.tsx">
    <testCase name="ShareButton renders without crashing" duration="52"/>
    <testCase name="ShareButton triggers the share action when clicked" duration="34"/>
  </file>
  <file path="/Users/user/Documents/GitHub/retailcore-mfe-investment-management/src/__tests__/utils/handleDropdown.test.tsx">
    <testCase name="handleDropdown should return an array of dropdown options when valid status and type are provided" duration="7"/>
    <testCase name="handleDropdown should return an empty array when an invalid status is provided" duration="2"/>
    <testCase name="handleDropdown should return an empty array when either status or type is falsy" duration="1"/>
    <testCase name="handleDropdown should return an array of options based on status and type" duration="1"/>
    <testCase name="handleDropdown should filter options based on permissions if CREATE_PRODUCT is not included" duration="2"/>
    <testCase name="handleDropdown should return an empty array if status is not found in firstLevel" duration="1"/>
    <testCase name="handleDropdown should return an empty array when either &quot;status&quot; or &quot;type&quot; is falsy" duration="2"/>
    <testCase name="handleDropdown should return an array of options based on &quot;status&quot; and &quot;type&quot;" duration="1"/>
    <testCase name="handleDropdown should filter options based on permissions if &quot;CREATE_PRODUCT&quot; is not included" duration="1"/>
    <testCase name="handleDropdown should return an empty array if &quot;selectedType&quot; is falsy" duration="13"/>
    <testCase name="handleDropdown should return an empty array if &quot;status&quot; is not found in &quot;DropDownOptions&quot;" duration="1"/>
    <testCase name="handleDropdown should return an empty array if &quot;type&quot; is not found in &quot;creationMap&quot;" duration="2"/>
  </file>
  <file path="/Users/user/Documents/GitHub/retailcore-mfe-investment-management/src/__tests__/modals/Layout.test.tsx">
    <testCase name="Layout renders children and opens and closes the modal" duration="129"/>
    <testCase name="Layout should not render children when isOpen is false" duration="6"/>
    <testCase name="Layout should render dialog with correct data-testid" duration="39"/>
  </file>
  <file path="/Users/user/Documents/GitHub/retailcore-mfe-investment-management/src/__tests__/root.component.test.tsx">
    <testCase name="Root component should be in the document" duration="24"/>
  </file>
  <file path="/Users/user/Documents/GitHub/retailcore-mfe-investment-management/src/__tests__/components/SearchInput.test.tsx">
    <testCase name="handleInputChange should call setInputValue with the event target value" duration="8"/>
    <testCase name="SearchInput should render search input field with default props" duration="41"/>
    <testCase name="SearchInput applies custom CSS classes" duration="15"/>
    <testCase name="SearchInput should update input field when user inputs a search term" duration="14"/>
    <testCase name="SearchInput should update input field when user inputs a search term and isTruncated is true" duration="9"/>
  </file>
  <file path="/Users/user/Documents/GitHub/retailcore-mfe-investment-management/src/__tests__/utils/test-util.test.tsx">
    <testCase name="renderWithProviders should render the UI with the Provider wrapper and the passed options" duration="34"/>
    <testCase name="renderWithProviders should return the store and the rendered UI" duration="4"/>
  </file>
  <file path="/Users/user/Documents/GitHub/retailcore-mfe-investment-management/src/__tests__/components/ActivityLog.tsx">
    <testCase name="renders the ActivityLog component with loading state" duration="22"/>
    <testCase name="renders the ActivityLog component with no activities" duration="6"/>
    <testCase name="renders the ActivityLog component with activities" duration="23"/>
  </file>
  <file path="/Users/user/Documents/GitHub/retailcore-mfe-investment-management/src/__tests__/utils/convertKeysToLowerCase.test.tsx">
    <testCase name="convertKeysToLowerCase should convert all keys in a simple object to lowercase" duration="6"/>
    <testCase name="convertKeysToLowerCase should convert all keys in a nested object to lowercase" duration="1"/>
    <testCase name="convertKeysToLowerCase should return an empty object when given an empty object" duration="2"/>
    <testCase name="convertKeysToLowerCase should convert keys with one character to lowercase" duration="1"/>
    <testCase name="convertKeysToLowerCase should convert keys with all characters already lowercase" duration="1"/>
    <testCase name="convertKeysToLowerCase should convert keys with all characters already uppercase" duration="1"/>
  </file>
  <file path="/Users/user/Documents/GitHub/retailcore-mfe-investment-management/src/__tests__/utils/formatCurrency.test.tsx">
    <testCase name="formatCurrency should format a price with default parameters" duration="33"/>
    <testCase name="formatCurrency should format a price with custom fraction and currency parameters" duration="1"/>
    <testCase name="formatCurrency should format a price with custom fraction, currency, and price parameters" duration="2"/>
    <testCase name="formatCurrency should format a price with a price of 0" duration="7"/>
    <testCase name="formatCurrency should format a price with a negative price" duration="2"/>
    <testCase name="currencyFormatter should format a positive integer value with default currency and symbol" duration="1"/>
    <testCase name="currencyFormatter should format a negative float value with specified currency and symbol" duration="1"/>
    <testCase name="currencyFormatter should format a zero value with specified currency and symbol" duration="1"/>
    <testCase name="currencyFormatter should format a value with more than two decimal places" duration="1"/>
    <testCase name="currencyFormatter should format a value with less than two decimal places" duration="1"/>
  </file>
  <file path="/Users/user/Documents/GitHub/retailcore-mfe-investment-management/src/__tests__/utils/sortTabStatus.test.tsx">
    <testCase name="sortTabStatus should return the id of the status object when the category is &quot;Requests&quot; and the value matches a status object type" duration="5"/>
    <testCase name="sortTabStatus should return the id of the status object when the category is &quot;StatusTypes&quot; and the value matches a status object type" duration="3"/>
  </file>
  <file path="/Users/user/Documents/GitHub/retailcore-mfe-investment-management/src/__tests__/components/AppWrapper.test.tsx">
    <testCase name="AppWrapper Component renders children within the Provider component" duration="44"/>
  </file>
  <file path="/Users/user/Documents/GitHub/retailcore-mfe-investment-management/src/__tests__/layouts/Layout.test.tsx">
    <testCase name="Layout renders AuthGuard and Outlet components" duration="46"/>
    <testCase name="handleRole should handle cases where is_superuser property is not a boolean" duration="4"/>
    <testCase name="handleRole should handle cases where is_superuser property is not a boolean" duration="14"/>
    <testCase name="handleRole should handle cases where is_superuser property is not present in user object" duration="2"/>
  </file>
  <file path="/Users/user/Documents/GitHub/retailcore-mfe-investment-management/src/__tests__/components/PreLoader.test.tsx">
    <testCase name="renders the PreLoader component" duration="50"/>
  </file>
  <file path="/Users/user/Documents/GitHub/retailcore-mfe-investment-management/src/__tests__/utils/isNewLocation.test.tsx">
    <testCase name="isNewLocation should return false when oldData is null" duration="8"/>
    <testCase name="isNewLocation should return false when oldData is undefined" duration="1"/>
    <testCase name="isNewLocation should return false when all properties match" duration="1"/>
    <testCase name="isNewLocation should return true when at least one property does not match" duration="1"/>
    <testCase name="isNewLocation should return true when newData is null" duration="1"/>
    <testCase name="isNewLocation should return true when oldData is null and newData is defined" duration="6"/>
    <testCase name="isNewLocation should return false when oldData and newData are both null" duration="1"/>
  </file>
  <file path="/Users/user/Documents/GitHub/retailcore-mfe-investment-management/src/__tests__/layouts/AuthGuard.test.tsx">
    <testCase name="AuthGuard shows content if authenticated" duration="20"/>
    <testCase name="should return children when isAuthenticated is true" duration="11"/>
  </file>
  <file path="/Users/user/Documents/GitHub/retailcore-mfe-investment-management/src/__tests__/components/BottomBarLoader.test.tsx">
    <testCase name="renders the BottomBarLoader component" duration="36"/>
  </file>
  <file path="/Users/user/Documents/GitHub/retailcore-mfe-investment-management/src/__tests__/components/DownloadButton.tsx">
    <testCase name="DownloadButton should call handleDownload function when button is clicked" duration="71"/>
    <testCase name="DownloadButton should display the text Download" duration="8"/>
    <testCase name="DownloadButton should not throw an error when handleDownload is not provided" duration="5"/>
    <testCase name="DownloadButton should have the correct class name, type attribute, text color, background color, and gap between icon and text" duration="22"/>
  </file>
  <file path="/Users/user/Documents/GitHub/retailcore-mfe-investment-management/src/__tests__/utils/checkEmpty.test.tsx">
    <testCase name="checkEmpty should return an empty array when all objects have all required properties" duration="7"/>
    <testCase name="checkEmpty should return an array with objects that have missing required properties" duration="1"/>
    <testCase name="checkEmpty should return an empty array when uploadData is empty" duration="1"/>
    <testCase name="checkEmpty should return an array with objects that have all required properties when uploadData contains only such objects" duration="1"/>
    <testCase name="checkEmpty should return an array with objects that have missing required properties when uploadData contains only such objects" duration="12"/>
    <testCase name="checkEmpty should return an array with objects that have missing required properties when uploadData contains objects with missing and objects with all required properties" duration="2"/>
  </file>
  <file path="/Users/user/Documents/GitHub/retailcore-mfe-investment-management/src/__tests__/utils/parseQueryParams.test.tsx">
    <testCase name="parseQueryParams should return an instance of URLSearchParams when called with valid query params" duration="6"/>
    <testCase name="parseQueryParams should append all non-array query params to the URLSearchParams instance" duration="3"/>
    <testCase name="parseQueryParams should append all items in an array query param to the URLSearchParams instance" duration="20"/>
    <testCase name="parseQueryParams should set boolean query params to their corresponding key in the URLSearchParams instance" duration="1"/>
    <testCase name="parseQueryParams should handle an empty query params object" duration="1"/>
    <testCase name="parseQueryParams should handle a query params object with null or undefined values" duration="2"/>
>>>>>>> 23757ba4e8b87d88019bf936c7fdfe12b2a96598
  </file>
  <file path="/Users/user/Documents/GitHub/retailcore-mfe-investment-management/src/__tests__/utils/downloadFile.test.tsx">
    <testCase name="downloadUsingFetch should download file" duration="12"/>
  </file>
  <file path="/Users/user/Documents/GitHub/retailcore-mfe-investment-management/src/__tests__/utils/cleanObject.test.tsx">
    <testCase name="cleanObject should return an empty object when passed an empty object" duration="6"/>
    <testCase name="cleanObject should return an object with all non-null, non-undefined, and non-empty string values" duration="1"/>
    <testCase name="cleanObject should return an object with all non-null, non-undefined, and non-empty values of different types" duration="1"/>
  </file>
  <file path="/Users/user/Documents/GitHub/retailcore-mfe-investment-management/src/__tests__/utils/requestType.test.tsx">
    <testCase name="getRequestType should return &quot;bulk creation&quot; when type is &quot;BULK_CREATE&quot;" duration="5"/>
    <testCase name="getRequestType should return &quot;creation&quot; when type is &quot;CREATE&quot;" duration="4"/>
    <testCase name="getRequestType should return &quot;deactivation&quot; when type is &quot;DEACTIVATE&quot;" duration="1"/>
    <testCase name="getRequestType should return &quot;reactivation&quot; when type is &quot;REACTIVATE&quot;" duration="1"/>
    <testCase name="getRequestType should return &quot;modification&quot; when type is &quot;CHANGE&quot;" duration="1"/>
    <testCase name="getRequestType should return &quot;configuration&quot; when type is &quot;CONFIGURATION&quot;" duration="1"/>
  </file>
  <file path="/Users/user/Documents/GitHub/retailcore-mfe-investment-management/src/__tests__/utils/handleColorState.test.tsx">
    <testCase name="handleColorState should return the correct color state for the value &quot;approved&quot;" duration="5"/>
    <testCase name="handleColorState should return the correct color state for the value &quot;A&quot;" duration="1"/>
    <testCase name="handleColorState should return the correct color state for the value &quot;in-review&quot;" duration="1"/>
    <testCase name="handleColorState should return the correct color state for the value &quot;P&quot;" duration="1"/>
    <testCase name="handleColorState should return the correct color state for the value &quot;in-issue&quot;" duration="1"/>
    <testCase name="handleColorState should return the correct color state for the value &quot;R&quot;" duration="1"/>
    <testCase name="handleColorState should return the correct color state for the value &quot;draft&quot;" duration="1"/>
    <testCase name="handleColorState should return the correct color state for the value &quot;D&quot;" duration="1"/>
    <testCase name="handleColorState should return the correct color state for the value &quot;I&quot;" duration="1"/>
  </file>
  <file path="/Users/user/Documents/GitHub/retailcore-mfe-investment-management/src/__tests__/utils/countDuplicates.test.tsx">
    <testCase name="countDuplicates should return 0 when there are no duplicates in the array" duration="6"/>
    <testCase name="countDuplicates should return the correct number of duplicates when there are duplicates in the array" duration="1"/>
    <testCase name="countDuplicates should handle arrays with multiple types of elements" duration="3"/>
    <testCase name="countDuplicates should return 0 when the array is empty" duration="1"/>
    <testCase name="countDuplicates should handle arrays with only one element" duration="2"/>
    <testCase name="countDuplicates should handle arrays with only duplicate elements" duration="1"/>
  </file>
  <file path="/Users/user/Documents/GitHub/retailcore-mfe-investment-management/src/__tests__/utils/getPercentage.test.tsx">
    <testCase name="getPercentage should return the correct percentage when total and success are positive integers" duration="5"/>
    <testCase name="getPercentage should return 100 when success is equal to total" duration="1"/>
    <testCase name="getPercentage should return 0 when success is equal to 0" duration="9"/>
    <testCase name="getPercentage should return the correct percentage when success is less than total" duration="2"/>
  </file>
  <file path="/Users/user/Documents/GitHub/retailcore-mfe-investment-management/src/__tests__/utils/ucObjectKeys.test.tsx">
    <testCase name="ucObjectKeys should throw an error when the input is not an array" duration="8"/>
    <testCase name="ucObjectKeys should handle an array with non-object elements as input" duration="2"/>
    <testCase name="ucObjectKeys should capitalize the keys of an array of objects with different keys" duration="1"/>
    <testCase name="ucObjectKeys should capitalize the keys of an array of objects with same keys" duration="1"/>
  </file>
  <file path="/Users/user/Documents/GitHub/retailcore-mfe-investment-management/src/__tests__/utils/removeNullFromObj.test.tsx">
    <testCase name="removeNullEmptyKeys should return an empty object when the input object is empty" duration="6"/>
    <testCase name="removeNullEmptyKeys should return the same object when it has no null, undefined, empty string, or empty array values" duration="1"/>
  </file>
  <file path="/Users/user/Documents/GitHub/retailcore-mfe-investment-management/src/__tests__/components/FormStepComponent.test.tsx">
  </file>
</testExecutions>