<?xml version="1.0" encoding="UTF-8"?>
<testExecutions version="1">
  <file path="/Users/work/Documents/retailcore-mfe-investment-management/src/__tests__/components/FormTooltip.test.tsx">
    <testCase name="FormToolTip Renders without errors" duration="52"/>
  </file>
</testExecutions>