<?xml version="1.0" encoding="UTF-8"?>
<testExecutions version="1">
  <file path="/Users/work/Documents/retailcore-mfe-investment-management/src/__tests__/components/Pages/management/book-investment/FacilityDetails.test.tsx">
    <testCase name="hanldleDetailsIsSuccess should set product detail and form values when detailIsSuccess is true" duration="18"/>
    <testCase name="hanldleDetailsIsSuccess should set applicable tenor min and max values when detailIsSuccess is true" duration="3"/>
    <testCase name="hanldleDetailsIsSuccess should set applicable principal min and max values when detailIsSuccess is true" duration="3"/>
    <testCase name="hanldleDetailsIsSuccess should do nothing when detailIsSuccess is false" duration="8"/>
  </file>
</testExecutions>