<?xml version="1.0" encoding="UTF-8"?>
<testExecutions version="1">
  <file path="/Users/user/Documents/GitHub/retailcore-mfe-investment-management/src/__tests__/modals/ProductDetail.test.tsx">
    <testCase name="ProductDetail Should show product data when available" duration="602"/>
    <testCase name="ProductDetail Show spinner when loading" duration="152"/>
    <testCase name="ProductDetail Shows nothng when setOpen is false" duration="63"/>
  </file>
  <file path="/Users/user/Documents/GitHub/retailcore-mfe-investment-management/src/__tests__/components/product-information.test.tsx">
    <testCase name="ProductInformation should render the form without errors" duration="328"/>
    <testCase name="ProductInformation Changes values" duration="442"/>
    <testCase name="ProductInformation should handle input and display character count" duration="181"/>
    <testCase name="ProductInformation should update character count for product name in real-time" duration="127"/>
    <testCase name="ProductInformation should display negative character count message for product name with more than 50 characters" duration="126"/>
    <testCase name="ProductInformation Should show error when invalid name is typed" duration="207"/>
    <testCase name="ProductInformation Should show error when description is too short" duration="157"/>
    <testCase name="handleValidatingName should trigger productName and clear errors when nameIsSuccess is true and charLeft is less than 47" duration="4"/>
    <testCase name="handleValidatingName should assign error to productName and set setIsNameOkay to false when nameIsError is true" duration="3"/>
    <testCase name="handleValidatingName should not trigger productName and clear errors when nameIsSuccess is true but charLeft is greater than or equal to 47" duration="5"/>
    <testCase name="handleValidatingName should not assign error to productName when nameIsError is true but nameError is undefined" duration="3"/>
    <testCase name="handleValidatingName should not throw an error when setIsNameOkay is undefined" duration="25"/>
    <testCase name="InputDiv should render a div element with class &apos;w-full flex flex-col gap-2&apos;" duration="11"/>
    <testCase name="InputDiv should render the children passed as props inside the div element" duration="13"/>
    <testCase name="InputDiv should accept any valid React element as children" duration="4"/>
    <testCase name="InputDiv should render an empty div element if no children are passed as props" duration="5"/>
    <testCase name="InputDiv should not render any additional elements or components" duration="7"/>
    <testCase name="handleName should update character count, clear errors, set current name, and handle validation" duration="3"/>
    <testCase name="handleName should set character count based on name length" duration="4"/>
    <testCase name="handleName should clear errors on productName field" duration="2"/>
    <testCase name="handleName should set current name to watchName" duration="8"/>
    <testCase name="handleName should set disabled to true if watchName length is less than or equal to 3" duration="2"/>
    <testCase name="handleName should compare watchName to formData.oldValue" duration="2"/>
    <testCase name="handleName should validate name with productId if provided" duration="2"/>
    <testCase name="handleSlogan should call setSloganCharLeft with the correct remainder value when watchSlogan is not null" duration="2"/>
    <testCase name="handleSlogan should call setIsSloganOkay with true when watchSlogan is not null and has length greater than 0" duration="14"/>
    <testCase name="handleSlogan should call setIsSloganOkay with false when watchSlogan is null or has length 0" duration="2"/>
    <testCase name="handleSlogan should call setSloganCharLeft with defaultSloganLength when watchSlogan is an empty string" duration="6"/>
    <testCase name="handleSlogan should call setSloganCharLeft with a negative remainder value when watchSlogan is a string with length greater than defaultSloganLength" duration="4"/>
    <testCase name="ProductInformation should render the form with the correct inputs and labels" duration="164"/>
    <testCase name="ProductInformation should populate the form with default values from formData prop" duration="107"/>
    <testCase name="ProductInformation should update the form values when formData prop changes" duration="184"/>
    <testCase name="ProductInformation should handle empty form data prop" duration="74"/>
    <testCase name="ProductInformation should handle missing or invalid form inputs" duration="119"/>
    <testCase name="ProductInformation should handle long product names and slogans" duration="98"/>
    <testCase name="handleName should handle name with debounce" duration="13"/>
    <testCase name="handleName should handle name without debounce" duration="4"/>
    <testCase name="onProceed should set the start and end date of the form data to the formatted date strings when they exist" duration="8"/>
    <testCase name="onProceed should call the proceed function" duration="2"/>
    <testCase name="onProceed should not set the start and end date of the form data when d parameter is missing startDate or endDate fields" duration="2"/>
  </file>
  <file path="/Users/user/Documents/GitHub/retailcore-mfe-investment-management/src/__tests__/components/summary/Actions.test.tsx">
    <testCase name="Actions should renderWithProviders a div element with specific class and styling" duration="117"/>
    <testCase name="Actions should call the corresponding functions when Cancel, Modify, or Submit buttons are clicked" duration="84"/>
    <testCase name="Actions should call the corresponding functions when Print, Share, or Return to dashboard buttons are clicked" duration="56"/>
    <testCase name="Actions should set the confirm text to &quot;Product creation approve&quot; when sub_type is not provided and action is &quot;approve&quot;" duration="136"/>
    <testCase name="Actions should set the confirm text to &quot;Product creation reject&quot; when sub_type is not provided and action is &quot;reject&quot;" duration="87"/>
    <testCase name="Actions should set the confirm text to &quot;Product activation approve&quot; when sub_type is &quot;activation&quot; and action is &quot;approve&quot;" duration="31"/>
    <testCase name="Actions Should call initiate verdict" duration="110"/>
  </file>
  <file path="/Users/user/Documents/GitHub/retailcore-mfe-investment-management/src/__tests__/pages/investment/term-deposit/create-term-deposit/Summary.test.tsx">
    <testCase name="Container should render a div element with the correct class" duration="28"/>
    <testCase name="Container should render the children passed to it" duration="7"/>
    <testCase name="Container should render without any children" duration="15"/>
    <testCase name="Container should render without any children" duration="10"/>
    <testCase name="Container should render without any children" duration="4"/>
    <testCase name="Summary should render the component without crashing" duration="423"/>
    <testCase name="Summary should display the correct title and breadcrumbs" duration="266"/>
  </file>
  <file path="/Users/user/Documents/GitHub/retailcore-mfe-investment-management/src/__tests__/MessagesComponent.test.tsx">
    <testCase name="MessagesComponent renders confirm message without error" duration="179"/>
    <testCase name="MessagesComponent calls handleConfirm and calls setIsConfirmOpen with false when Confirm button is clicked" duration="183"/>
    <testCase name="MessagesComponent calls setIsConfirmOpen with false when cancel button is clicked" duration="85"/>
    <testCase name="MessagesComponent Renders success message" duration="68"/>
    <testCase name="MessagesComponent returns user to dashboard when user clicks on the dashboard link" duration="167"/>
    <testCase name="MessagesComponent Renders Failure message" duration="69"/>
    <testCase name="MessagesComponent Renders Detail component" duration="547"/>
    <testCase name="MessagesComponent Renders Deactivation modals" duration="116"/>
    <testCase name="MessagesComponent Renders loading while deleteLoading == true" duration="75"/>
    <testCase name="MessagesComponent Renders loading while deleteLoading == true" duration="103"/>
  </file>
  <file path="/Users/user/Documents/GitHub/retailcore-mfe-investment-management/src/__tests__/pages/investment/term-deposit/create-term-deposit/IndexComponent.test.tsx">
    <testCase name="IndexComponent renders" duration="446"/>
    <testCase name="IndexComponent Changes values" duration="538"/>
    <testCase name="IndexComponent values should not exceed limit when user tries to type beyond limit" duration="5023">
      <failure message="Error: thrown: &quot;Exceeded timeout of 5000 ms for a test."><![CDATA[Error: thrown: "Exceeded timeout of 5000 ms for a test.
Use jest.setTimeout(newTimeout) to increase the timeout value, if this is a long-running test."
    at /Users/user/Documents/GitHub/retailcore-mfe-investment-management/src/__tests__/pages/investment/term-deposit/create-term-deposit/IndexComponent.test.tsx:60:3
    at _dispatchDescribe (/Users/user/Documents/GitHub/retailcore-mfe-investment-management/node_modules/jest-circus/build/index.js:98:26)
    at describe (/Users/user/Documents/GitHub/retailcore-mfe-investment-management/node_modules/jest-circus/build/index.js:60:5)
    at Object.<anonymous> (/Users/user/Documents/GitHub/retailcore-mfe-investment-management/src/__tests__/pages/investment/term-deposit/create-term-deposit/IndexComponent.test.tsx:25:1)
    at Runtime._execModule (/Users/user/Documents/GitHub/retailcore-mfe-investment-management/node_modules/jest-runtime/build/index.js:1646:24)
    at Runtime._loadModule (/Users/user/Documents/GitHub/retailcore-mfe-investment-management/node_modules/jest-runtime/build/index.js:1185:12)
    at Runtime.requireModule (/Users/user/Documents/GitHub/retailcore-mfe-investment-management/node_modules/jest-runtime/build/index.js:1009:12)
    at jestAdapter (/Users/user/Documents/GitHub/retailcore-mfe-investment-management/node_modules/jest-circus/build/legacy-code-todo-rewrite/jestAdapter.js:79:13)
    at processTicksAndRejections (node:internal/process/task_queues:95:5)
    at runTestInternal (/Users/user/Documents/GitHub/retailcore-mfe-investment-management/node_modules/jest-runner/build/runTest.js:389:16)
    at runTest (/Users/user/Documents/GitHub/retailcore-mfe-investment-management/node_modules/jest-runner/build/runTest.js:475:34)
    at Object.worker (/Users/user/Documents/GitHub/retailcore-mfe-investment-management/node_modules/jest-runner/build/testWorker.js:133:12)]]></failure>
    </testCase>
    <testCase name="IndexComponent Show modal when clicking save to Draft" duration="431"/>
    <testCase name="IndexComponent Shows disabled button when form is not valid" duration="113"/>
    <testCase name="IndexComponent Should not have disabled button when fom is valid" duration="327"/>
    <testCase name="handleDetailsSuccess Works" duration="9"/>
    <testCase name="FormComponeent Should render if step === 1" duration="131"/>
    <testCase name="FormComponeent Should render if step === 2" duration="110">
      <failure message="TestingLibraryElementError: Unable to find an element with the text: Signature. This could be because the text is broken up by multiple elements. In this case, you can provide a function for your text matcher to make your matcher more flexible."><![CDATA[TestingLibraryElementError: Unable to find an element with the text: Signature. This could be because the text is broken up by multiple elements. In this case, you can provide a function for your text matcher to make your matcher more flexible.

Ignored nodes: comments, script, style
<body>
  <div>
    <div>
      <form
        id="customereligibilitycriteria"
      >
        <div
          class="flex gap-[18px] flex-wrap"
        >
          <div
            class="flex gap-[25px]"
          >
            <div
              class="w-[300px]"
            >
              <div
                class=" min-w-full"
                role="combobox"
              >
                <div
                  class="flex  gap-2 min-w-[300px]"
                >
                   
                  <label
                    class="flex  text-base font-semibold text-[#636363]"
                  >
                    Customer Category
                    <div>
                      <svg
                        data-testid="red-dot"
                        fill="none"
                        height="5"
                        viewBox="0 0 5 5"
                        width="5"
                        xmlns="http://www.w3.org/2000/svg"
                      >
                        <circle
                          cx="2.5"
                          cy="2.5"
                          fill="#CF2A2A"
                          r="2.5"
                        />
                      </svg>
                    </div>
                  </label>
                  <div
                    class="flex items-end cursor-pointer"
                  >
                    <div
                      aria-describedby="tippy-tooltip-29"
                      class="bg-white max-w-[320px]"
                      data-tooltipped=""
                      style="display: inline;"
                    >
                      <div
                        class="w-[18px] h-[18px] text-[#636363]"
                      >
                        <svg
                          fill="currentColor"
                          height="1em"
                          stroke="currentColor"
                          stroke-width="0"
                          version="1.1"
                          viewBox="0 0 16 16"
                          width="1em"
                          xmlns="http://www.w3.org/2000/svg"
                        >
                          <path
                            d="M7 4.75c0-0.412 0.338-0.75 0.75-0.75h0.5c0.412 0 0.75 0.338 0.75 0.75v0.5c0 0.412-0.338 0.75-0.75 0.75h-0.5c-0.412 0-0.75-0.338-0.75-0.75v-0.5z"
                          />
                          <path
                            d="M10 12h-4v-1h1v-3h-1v-1h3v4h1z"
                          />
                          <path
                            d="M8 0c-4.418 0-8 3.582-8 8s3.582 8 8 8 8-3.582 8-8-3.582-8-8-8zM8 14.5c-3.59 0-6.5-2.91-6.5-6.5s2.91-6.5 6.5-6.5 6.5 2.91 6.5 6.5-2.91 6.5-6.5 6.5z"
                          />
                        </svg>
                      </div>
                    </div>
                  </div>
                </div>
                <div
                  class="relative mt-1"
                  data-headlessui-state=""
                >
                  <button
                    aria-expanded="false"
                    aria-haspopup="listbox"
                    class="relative w-full cursor-pointer  bg-white py-1  pr-10 text-left  border-b border-[#636363] focus:outline-none  text-[#252C32] text-sm border-[#8F8F8F]"
                    data-headlessui-state=""
                    id="headlessui-listbox-button-9"
                    type="button"
                  >
                    <span
                      class="block truncate"
                    >
                      <span
                        class="text-[#aaa]"
                      >
                        Select customer category
                      </span>
                    </span>
                    <span
                      class="pointer-events-none absolute inset-y-0 right-0 flex items-center pr-2 text-xs"
                    >
                      <svg
                        fill="none"
                        height="10"
                        viewBox="0 0 15 10"
                        width="15"
                        xmlns="http://www.w3.org/2000/svg"
                      >
                        <path
                          d="M15 0H0L7.14286 9.47368L15 0Z"
                          fill="#636363"
                        />
                      </svg>
                    </span>
                  </button>
                </div>
              </div>
            </div>
            <div
              class="flex flex-col "
            >
              <span
                class="capitalize min-w-[300px] flex items-center gap-[5px] text-[##636363] text-base font-medium"
              >
                Age Group Eligibility
                    
                <div
                  class="flex items-end cursor-pointer"
                >
                  <div
                    aria-describedby="tippy-tooltip-30"
                    class="bg-white max-w-[320px]"
                    data-tooltipped=""
                    style="dis...
    at Object.getElementError (/Users/user/Documents/GitHub/retailcore-mfe-investment-management/node_modules/@testing-library/dom/dist/config.js:37:19)
    at /Users/user/Documents/GitHub/retailcore-mfe-investment-management/node_modules/@testing-library/dom/dist/query-helpers.js:76:38
    at /Users/user/Documents/GitHub/retailcore-mfe-investment-management/node_modules/@testing-library/dom/dist/query-helpers.js:52:17
    at getByText (/Users/user/Documents/GitHub/retailcore-mfe-investment-management/node_modules/@testing-library/dom/dist/query-helpers.js:95:19)
    at Object.<anonymous> (/Users/user/Documents/GitHub/retailcore-mfe-investment-management/src/__tests__/pages/investment/term-deposit/create-term-deposit/IndexComponent.test.tsx:330:19)
    at Promise.then.completed (/Users/user/Documents/GitHub/retailcore-mfe-investment-management/node_modules/jest-circus/build/utils.js:391:28)
    at new Promise (<anonymous>)
    at callAsyncCircusFn (/Users/user/Documents/GitHub/retailcore-mfe-investment-management/node_modules/jest-circus/build/utils.js:316:10)
    at _callCircusTest (/Users/user/Documents/GitHub/retailcore-mfe-investment-management/node_modules/jest-circus/build/run.js:218:40)
    at runNextTicks (node:internal/process/task_queues:60:5)
    at processTimers (node:internal/timers:511:9)
    at _runTest (/Users/user/Documents/GitHub/retailcore-mfe-investment-management/node_modules/jest-circus/build/run.js:155:3)
    at _runTestsForDescribeBlock (/Users/user/Documents/GitHub/retailcore-mfe-investment-management/node_modules/jest-circus/build/run.js:66:9)
    at _runTestsForDescribeBlock (/Users/user/Documents/GitHub/retailcore-mfe-investment-management/node_modules/jest-circus/build/run.js:60:9)
    at run (/Users/user/Documents/GitHub/retailcore-mfe-investment-management/node_modules/jest-circus/build/run.js:25:3)
    at runAndTransformResultsToJestFormat (/Users/user/Documents/GitHub/retailcore-mfe-investment-management/node_modules/jest-circus/build/legacy-code-todo-rewrite/jestAdapterInit.js:170:21)
    at jestAdapter (/Users/user/Documents/GitHub/retailcore-mfe-investment-management/node_modules/jest-circus/build/legacy-code-todo-rewrite/jestAdapter.js:82:19)
    at runTestInternal (/Users/user/Documents/GitHub/retailcore-mfe-investment-management/node_modules/jest-runner/build/runTest.js:389:16)
    at runTest (/Users/user/Documents/GitHub/retailcore-mfe-investment-management/node_modules/jest-runner/build/runTest.js:475:34)
    at Object.worker (/Users/user/Documents/GitHub/retailcore-mfe-investment-management/node_modules/jest-runner/build/testWorker.js:133:12)]]></failure>
    </testCase>
    <testCase name="FormComponeent Should render if step === 3" duration="157">
      <failure message="TestingLibraryElementError: Unable to find an element with the text: Actual/365. This could be because the text is broken up by multiple elements. In this case, you can provide a function for your text matcher to make your matcher more flexible."><![CDATA[TestingLibraryElementError: Unable to find an element with the text: Actual/365. This could be because the text is broken up by multiple elements. In this case, you can provide a function for your text matcher to make your matcher more flexible.

Ignored nodes: comments, script, style
<body>
  <div>
    <form
      id="pricingconfig"
    >
      <div
        class="flex flex-col gap-10"
      >
        <div
          class="flex flex-col gap-[10px] "
        >
          <div
            class="flex  gap-2 min-w-[300px]"
          >
             
            <label
              class=" flex text-base font-medium text-[#636363]"
            >
              Applicable Tenor
              <span
                class="flex"
              >
                 
                <div>
                  <svg
                    data-testid="red-dot"
                    fill="none"
                    height="5"
                    viewBox="0 0 5 5"
                    width="5"
                    xmlns="http://www.w3.org/2000/svg"
                  >
                    <circle
                      cx="2.5"
                      cy="2.5"
                      fill="#CF2A2A"
                      r="2.5"
                    />
                  </svg>
                </div>
              </span>
            </label>
            <div
              class="flex items-end cursor-pointer"
            >
              <div
                aria-describedby="tippy-tooltip-31"
                class="bg-white max-w-[320px]"
                data-tooltipped=""
                style="display: inline;"
              >
                <div
                  class="w-[18px] h-[18px] text-[#636363]"
                >
                  <svg
                    fill="currentColor"
                    height="1em"
                    stroke="currentColor"
                    stroke-width="0"
                    version="1.1"
                    viewBox="0 0 16 16"
                    width="1em"
                    xmlns="http://www.w3.org/2000/svg"
                  >
                    <path
                      d="M7 4.75c0-0.412 0.338-0.75 0.75-0.75h0.5c0.412 0 0.75 0.338 0.75 0.75v0.5c0 0.412-0.338 0.75-0.75 0.75h-0.5c-0.412 0-0.75-0.338-0.75-0.75v-0.5z"
                    />
                    <path
                      d="M10 12h-4v-1h1v-3h-1v-1h3v4h1z"
                    />
                    <path
                      d="M8 0c-4.418 0-8 3.582-8 8s3.582 8 8 8 8-3.582 8-8-3.582-8-8-8zM8 14.5c-3.59 0-6.5-2.91-6.5-6.5s2.91-6.5 6.5-6.5 6.5 2.91 6.5 6.5-2.91 6.5-6.5 6.5z"
                    />
                  </svg>
                </div>
              </div>
            </div>
          </div>
          <div
            class=" bg-[#ffffff]   border border-[#EEEEEE] rounded-[10px] px-6 py-5 flex flex-col gap-5 "
          >
            <div
              class="flex items-center gap-[25px] mt-[14px]"
            >
              <div
                class="flex gap-[25px]"
              >
                <div
                  class="w-[200px]"
                >
                  <div>
                    <div
                      class="undefined flex items-center gap-4"
                    >
                      <div>
                        Min
                      </div>
                      <div
                        class="w-full flex flex-col gap-2"
                      >
                        <div
                          class="relative flex items-center max-w-[642px]"
                        >
                          <input
                            class="placeholder-[#BCBBBB] ring-0 outline-none w-full py-1 pl-2 pr-4  border-b border-[#8F8F8F] placeholder:text-[#BCBBBB] border-[#8F8F8F]"
                            data-testid="min-max-input"
                            placeholder="0"
                            type="number"
                            value="0"
                          />
                          <div
                            class="absolute right-0 text-xs text-[#8F8F8F] flex items-center gap-x-[11px]"
                          />
                        </div>
                      </div>
                    </div>
                  </div>
                </div>
                <div
                  class="w-[200px]"
                >
                  <div
                    class=" min-w-full"
                    role="combobox"
                  >
                    <div
                      class="flex  gap-2 min-w-[300px]"
                    >
                       
                      <label
                        class="flex  text-base font-semibold text-[#636363]"
                      />
                    </div>
                    <div
                      class="relative mt-1"
                      data-headlessui-state=""
                    >
                      <button
                        aria-expanded="false"
                        aria-haspopup="listbox"
                        class="relative w-full cursor-pointer  bg-white py-1  pr-10 text-left  border-b border-[#636363] focus:outline-none  text-[#252C32] text-sm border-[#8F8F8F]"
                        data-headlessui-state=""
                        id="headlessui-lis...
    at Object.getElementError (/Users/user/Documents/GitHub/retailcore-mfe-investment-management/node_modules/@testing-library/dom/dist/config.js:37:19)
    at /Users/user/Documents/GitHub/retailcore-mfe-investment-management/node_modules/@testing-library/dom/dist/query-helpers.js:76:38
    at /Users/user/Documents/GitHub/retailcore-mfe-investment-management/node_modules/@testing-library/dom/dist/query-helpers.js:52:17
    at getByText (/Users/user/Documents/GitHub/retailcore-mfe-investment-management/node_modules/@testing-library/dom/dist/query-helpers.js:95:19)
    at Object.<anonymous> (/Users/user/Documents/GitHub/retailcore-mfe-investment-management/src/__tests__/pages/investment/term-deposit/create-term-deposit/IndexComponent.test.tsx:348:19)
    at Promise.then.completed (/Users/user/Documents/GitHub/retailcore-mfe-investment-management/node_modules/jest-circus/build/utils.js:391:28)
    at new Promise (<anonymous>)
    at callAsyncCircusFn (/Users/user/Documents/GitHub/retailcore-mfe-investment-management/node_modules/jest-circus/build/utils.js:316:10)
    at _callCircusTest (/Users/user/Documents/GitHub/retailcore-mfe-investment-management/node_modules/jest-circus/build/run.js:218:40)
    at runNextTicks (node:internal/process/task_queues:60:5)
    at processTimers (node:internal/timers:511:9)
    at _runTest (/Users/user/Documents/GitHub/retailcore-mfe-investment-management/node_modules/jest-circus/build/run.js:155:3)
    at _runTestsForDescribeBlock (/Users/user/Documents/GitHub/retailcore-mfe-investment-management/node_modules/jest-circus/build/run.js:66:9)
    at _runTestsForDescribeBlock (/Users/user/Documents/GitHub/retailcore-mfe-investment-management/node_modules/jest-circus/build/run.js:60:9)
    at run (/Users/user/Documents/GitHub/retailcore-mfe-investment-management/node_modules/jest-circus/build/run.js:25:3)
    at runAndTransformResultsToJestFormat (/Users/user/Documents/GitHub/retailcore-mfe-investment-management/node_modules/jest-circus/build/legacy-code-todo-rewrite/jestAdapterInit.js:170:21)
    at jestAdapter (/Users/user/Documents/GitHub/retailcore-mfe-investment-management/node_modules/jest-circus/build/legacy-code-todo-rewrite/jestAdapter.js:82:19)
    at runTestInternal (/Users/user/Documents/GitHub/retailcore-mfe-investment-management/node_modules/jest-runner/build/runTest.js:389:16)
    at runTest (/Users/user/Documents/GitHub/retailcore-mfe-investment-management/node_modules/jest-runner/build/runTest.js:475:34)
    at Object.worker (/Users/user/Documents/GitHub/retailcore-mfe-investment-management/node_modules/jest-runner/build/testWorker.js:133:12)]]></failure>
    </testCase>
    <testCase name="FormComponeent Should render if step === 4" duration="56"/>
    <testCase name="FormComponeent Should render if step === 5" duration="72"/>
  </file>
  <file path="/Users/user/Documents/GitHub/retailcore-mfe-investment-management/src/__tests__/forms/BorderlessSelect.test.tsx">
    <testCase name="BorderlessSelect Renders without error" duration="104"/>
    <testCase name="BorderlessSelect Shows options when input is clicked" duration="104"/>
    <testCase name="BorderlessSelect indicates that input is required" duration="9"/>
    <testCase name="BorderlessSelect indicates error" duration="38"/>
    <testCase name="BorderlessSelect changes value when clicked and hides options" duration="59"/>
  </file>
  <file path="/Users/user/Documents/GitHub/retailcore-mfe-investment-management/src/__tests__/forms/DateSelect.test.tsx">
    <testCase name="DateSelect renders without errors" duration="228"/>
    <testCase name="DateSelect Shows datePicker on button click" duration="759"/>
    <testCase name="closeDropdown should set isOpen state to false when called with setIsOpen function" duration="4"/>
    <testCase name="closeDropdown should not throw an error when called with setIsOpen function" duration="5"/>
    <testCase name="closeDropdown should not modify any other state or props" duration="29"/>
    <testCase name="handleClick should set the duration to the value of the clicked item" duration="19"/>
    <testCase name="handleClick should set both start and end dates to null when duration is falsy" duration="7"/>
    <testCase name="handleClick should handle gracefully if the item value is not a number" duration="3"/>
    <testCase name="onChange should set start and end date in state object when given an array of dates" duration="4"/>
    <testCase name="onChange should handle null values for start and end dates" duration="3"/>
    <testCase name="onChange should update the state object with new start and end dates" duration="2"/>
    <testCase name="onChange should handle invalid input types" duration="3"/>
    <testCase name="onChange should handle invalid input values" duration="26"/>
    <testCase name="onChange should handle unexpected input formats" duration="2"/>
    <testCase name="closeDropdown should set isOpen state to false when called with setIsOpen function" duration="10"/>
    <testCase name="closeDropdown should not have any side effects other than setting isOpen state to false" duration="2"/>
  </file>
  <file path="/Users/user/Documents/GitHub/retailcore-mfe-investment-management/src/__tests__/actionHandler.test.ts">
    <testCase name="actionHandler should call setAction, setDetail, and setSubText with expected values" duration="20"/>
    <testCase name="actionHandler should update previousData.current with expected values" duration="4"/>
    <testCase name="actionHandler should call setConfirmText, setSubText, and setIsConfirmOpen with expected values when action is DEACTIVATE" duration="9"/>
    <testCase name="actionHandler should not throw an error when action is undefined or null" duration="6"/>
    <testCase name="actionHandler should not throw an error when items is undefined or null" duration="5"/>
    <testCase name="actionHandler should call setConfirmText and setIsConfirmOpen with expected values when action is ACTIVATE" duration="27"/>
    <testCase name="actionHandler should call setConfirmText and setIsConfirmOpen with expected values when action is WITHDRAW_DELETE" duration="6"/>
    <testCase name="actionHandler should call setConfirmText and setIsConfirmOpen with expected values when action is DELETE_REQUESTS" duration="13"/>
    <testCase name="actionHandler should call setConfirmText and setIsConfirmOpen with expected values when action is WITHDARW_MODIFY" duration="4"/>
    <testCase name="actionHandler should call setConfirmText and setIsConfirmOpen with expected values when action is MODIFY" duration="4"/>
    <testCase name="actionHandler should call setConfirmText and setIsConfirmOpen with expected values when action is DELETE_DRAFT" duration="9"/>
    <testCase name="actionHandler should call navigate with expected values when action is CONTINUE_REQUEST" duration="2"/>
    <testCase name="actionHandler should call setDetailOpen or navigate with expected values when action is VIEW or REVIEW" duration="3"/>
    <testCase name="actionHandler should not call any functions and return early" duration="2"/>
    <testCase name="actionHandler should not call any functions and return early" duration="16"/>
    <testCase name="actionHandler should not call any functions and return early" duration="3"/>
    <testCase name="actionHandler should call navigate when action is CONTINUE_REQUEST" duration="2"/>
    <testCase name="actionHandler should set previousData.current with expected values" duration="2"/>
    <testCase name="actionHandler should call setAction with expected value" duration="2"/>
  </file>
  <file path="/Users/user/Documents/GitHub/retailcore-mfe-investment-management/src/__tests__/components/Dropdown.test.tsx">
    <testCase name="Dropdown renders without crashing" duration="142"/>
    <testCase name="Dropdown matches snapshot" duration="75"/>
    <testCase name="Dropdown selects the right icon" duration="19"/>
    <testCase name="Dropdown renders right icon when button is clicked" duration="150"/>
    <testCase name="Dropdown applies active class to the selected option" duration="138"/>
    <testCase name="handleIcons should return the correct React component for each input value" duration="4"/>
    <testCase name="handleIcons should handle all valid input values" duration="26"/>
    <testCase name="TestDrop should render a button with children passed as props" duration="17"/>
    <testCase name="TestDrop should render a dropdown menu on button click" duration="63"/>
    <testCase name="TestDrop should render menu items based on options passed as props" duration="206"/>
    <testCase name="TestDrop should not render dropdown menu when trigger button is not clicked" duration="7"/>
    <testCase name="TestDrop should not render menu items when options prop is not passed" duration="43"/>
  </file>
  <file path="/Users/user/Documents/GitHub/retailcore-mfe-investment-management/src/__tests__/components/table/index.test.tsx">
    <testCase name="handleProductsDropdown should return an array of dropdown options based on the status parameter" duration="11"/>
    <testCase name="handleProductsDropdown should filter out options based on the isChecker parameter" duration="69"/>
    <testCase name="handleProductsDropdown should filter out options based on the permissions parameter" duration="5"/>
    <testCase name="TableComponent should render a table with headers and rows" duration="130"/>
    <testCase name="TableComponent should display a loading indicator when data is being fetched" duration="40"/>
    <testCase name="TextCellContent renders text content and dot correctly" duration="12"/>
    <testCase name="TextCellContent renders &quot;-&quot; when value is falsy" duration="4"/>
    <testCase name="TextCellContent should render nothing when value is null or undefined" duration="21"/>
    <testCase name="ProductNameCellContent renders product code correctly" duration="5"/>
    <testCase name="ProductNameCellContent renders &quot;-&quot; when product code is falsy" duration="13"/>
    <testCase name="UpdatedOnCellContent should render the date and time in the correct format" duration="15"/>
    <testCase name="UpdatedOnCellContent should render nothing when value is null or undefined" duration="8"/>
    <testCase name="UpdatedOnCellContent should render nothing when value is not a valid date" duration="125"/>
    <testCase name="UpdatedOnCellContent should render nothing when value is not a string or a date object" duration="10"/>
    <testCase name="UpdatedOnCellContent should render the date and time in the correct format for a different timezone" duration="15"/>
    <testCase name="StateCellContent should render a span element with the given value as its text content" duration="5"/>
    <testCase name="StateCellContent should apply a class to the span element based on the value passed to the function" duration="4"/>
    <testCase name="StatusCellContent should render a span element with the specific class based on the value passed as props" duration="14"/>
    <testCase name="StatusCellContent should call handleUserView function to determine the text content of the span element" duration="4"/>
    <testCase name="StatusCellContent should call handleColorState function to determine the background color of the span element" duration="34"/>
    <testCase name="StatusCellContent should render a span element with the default class and value as text content when the value passed as props does not match any of the cases in handleUserView and handleColorState" duration="4"/>
    <testCase name="StatusCellContent should default the isChecker prop to false if it is not a boolean" duration="10"/>
    <testCase name="StatusCellContent should render a FaEye icon next to the text content" duration="4"/>
    <testCase name="ActionsCellContent should render a DropdownButton component with the given dropDownOptions and onClick props" duration="61"/>
    <testCase name="ActionsCellContent should render a DropdownButton component with empty options when dropDownOptions prop is not provided" duration="123"/>
    <testCase name="handleUpdated should return null when key is &quot;state&quot; and newState is equal to value" duration="2"/>
    <testCase name="handleProductsDropdown should return an array of options based on the status and user permissions" duration="14"/>
    <testCase name="handleProductsDropdown should filter out &quot;deactivate&quot; and &quot;activate&quot; options if user does not have RE_OR_DEACTIVATE_INVESTMENT_PRODUCT permission" duration="2"/>
    <testCase name="handleProductsDropdown should filter out &quot;modify&quot; and &quot;clone&quot; options if user does not have CREATE_INVESTMENT_PRODUCT permission" duration="2"/>
    <testCase name="handleProductsDropdown should return an empty array if status is falsy" duration="2"/>
    <testCase name="handleProductsDropdown should return an empty array if DropDownOptions[status] is falsy" duration="2"/>
    <testCase name="handleUpdated should return null when key is &quot;state&quot; and newState is equal to value" duration="6"/>
    <testCase name="handleProductsDropdown should return an array of options based on the status and user permissions" duration="9"/>
    <testCase name="handleProductsDropdown should filter out &quot;deactivate&quot; and &quot;activate&quot; options if user does not have RE_OR_DEACTIVATE_INVESTMENT_PRODUCT permission" duration="2"/>
    <testCase name="handleProductsDropdown should filter out &quot;modify&quot; and &quot;clone&quot; options if user does not have CREATE_INVESTMENT_PRODUCT permission" duration="2"/>
    <testCase name="handleProductsDropdown should return an empty array if status is falsy" duration="1"/>
    <testCase name="handleProductsDropdown should return an empty array if DropDownOptions[status] is falsy" duration="11"/>
    <testCase name="handleUpdated should return time of update if value was updated" duration="2"/>
    <testCase name="handleUpdated should not return time of update if value was not updated" duration="2"/>
    <testCase name="handleUpdated should handle change of state value" duration="2"/>
    <testCase name="handleUpdated should handle non change of state value" duration="2"/>
    <testCase name="handleUpdated Should return nothing when value is null" duration="4"/>
  </file>
  <file path="/Users/user/Documents/GitHub/retailcore-mfe-investment-management/src/__tests__/modals/RequestDeactivation.test.tsx">
    <testCase name="RequestDeactivation should render the component without crashing" duration="226"/>
    <testCase name="RequestDeactivation should display the deactivation request form" duration="114"/>
    <testCase name="RequestDeactivation should allow user to input reason for deactivation" duration="144"/>
    <testCase name="RequestDeactivation should display an error message when the deactivation request fails" duration="57"/>
    <testCase name="RequestDeactivation should allow user to upload supporting documents" duration="240"/>
  </file>
  <file path="/Users/user/Documents/GitHub/retailcore-mfe-investment-management/src/__tests__/components/Pages/term-deposit/forms/accounting-entries-and-events.test.tsx">
    <testCase name="AccountingEntriesAndEvents Renders without error" duration="539"/>
    <testCase name="AccountingEntriesAndEvents Should change gli inputs value" duration="64"/>
    <testCase name="handleClear should set clearFields state to true when handleClear is called" duration="8"/>
    <testCase name="handleClear should set mapOptions state to an empty array when handleClear is called" duration="4"/>
    <testCase name="handleClear should call reset function when handleClear is called" duration="22"/>
    <testCase name="handleClear should set clearFields state to false when handleClear is called and clearFields state is already true" duration="14"/>
    <testCase name="handleClear should not call setMapOptions function when handleClear is called and mapOptions state is already an empty array" duration="5"/>
    <testCase name="onProceed should call the &quot;proceed&quot; function" duration="2"/>
    <testCase name="onProceed should throw an error when &quot;proceed&quot; is not a function" duration="19"/>
    <testCase name="onProceed should throw an error when &quot;proceed&quot; function throws an error" duration="2"/>
    <testCase name="onProceed should call the &quot;proceed&quot; function each time &quot;onProceed&quot; is called" duration="7"/>
    <testCase name="handleClick should update GlInput value when clicking on a valid submenu" duration="3"/>
    <testCase name="handleClick should add a new object to mapOptions array when clicking on a valid submenu" duration="43"/>
    <testCase name="handleClick should update corresponding object in mapOptions array when clicking on a submenu that is already mapped" duration="29"/>
    <testCase name="handleClick should not update GlInput value when clicking on an invalid submenu" duration="27"/>
    <testCase name="handleClick should not add a new object to mapOptions array when clicking on an invalid submenu" duration="6"/>
  </file>
  <file path="/Users/user/Documents/GitHub/retailcore-mfe-investment-management/src/__tests__/confirmationHandler.test.ts">
    <testCase name="confirmationHandler should call deleteRequest when action includes the word &apos;delete &apos;" duration="16"/>
    <testCase name="confirmationHandler Should run if action == &apos;deactivate&apos;" duration="2"/>
    <testCase name="confirmationHandler Should run if action == &apos;activate&apos;" duration="3"/>
    <testCase name="confirmationHandler Should run if action == &apos;modify&apos;" duration="11"/>
    <testCase name="confirmationHandler Should run if action == &apos;withdraw-modify&apos;" duration="2"/>
  </file>
  <file path="/Users/user/Documents/GitHub/retailcore-mfe-investment-management/src/__tests__/components/Pages/term-deposit/forms/preview.test.tsx">
    <testCase name="Preview Renders without crashing" duration="334"/>
    <testCase name="handleSuccess Sets success message if isSuccess and role === superadmin" duration="6"/>
    <testCase name="handleSuccess Sets success message if isSuccess is false and role === superadmin" duration="4"/>
    <testCase name="handleSuccess Sets success message if role !== superadmin" duration="3"/>
    <testCase name="handleErrorMessage Sets error message if isError === true" duration="13"/>
    <testCase name="handleErrorMessage Sets error message if isError === false" duration="3"/>
    <testCase name="handleSubmit Should call modifyProduct if process === modify" duration="2"/>
    <testCase name="handleSubmit Should call modifyRequest if process === withdraw_modify" duration="2"/>
    <testCase name="handleSubmit Should call createProduct if process === create" duration="9"/>
    <testCase name="handleSubmit Should call createProduct if process === continue" duration="8"/>
    <testCase name="handleSubmit Should call createProduct if process === clone" duration="2"/>
    <testCase name="handleCancel Sets correct message when process === create" duration="3"/>
    <testCase name="handleCancel Sets correct message when process === modify" duration="3"/>
    <testCase name="handleCancel Sets correct message when process === continue" duration="2"/>
  </file>
  <file path="/Users/user/Documents/GitHub/retailcore-mfe-investment-management/src/__tests__/forms/FormDate.test.tsx">
    <testCase name="FormDate component should update date on date change" duration="114"/>
    <testCase name="FormDate component should display error message when there is an error" duration="22"/>
  </file>
  <file path="/Users/user/Documents/GitHub/retailcore-mfe-investment-management/src/__tests__/forms/Select.test.tsx">
    <testCase name="Select renders without crashing" duration="73"/>
    <testCase name="Select matches snapshot" duration="35"/>
    <testCase name="Select shows the selected option" duration="19"/>
    <testCase name="Select opens the dropdown when clicked" duration="94"/>
    <testCase name="Select calls onChange when option selected" duration="165"/>
  </file>
  <file path="/Users/user/Documents/GitHub/retailcore-mfe-investment-management/src/__tests__/IndexComponent.test.tsx">
    <testCase name="IndexComponent Renders without error" duration="534"/>
    <testCase name="IndexComponent should display the TopBar component" duration="300"/>
    <testCase name="handleToggle should set isChecker to true and hideCreate to true when selected option includes &quot;approved&quot;" duration="4"/>
    <testCase name="handleToggle should set isChecker to true and hideCreate to true when selected option includes &quot;sent&quot;" duration="2"/>
    <testCase name="handleToggle should set isChecker to false and hideCreate to false when selected option does not include &quot;approved&quot; or &quot;sent&quot;" duration="12"/>
    <testCase name="handleToggle should not throw an error and change values to &apos;false&apos; when selected values when selected value is null" duration="3"/>
    <testCase name="handleToggle should not throw an error and change values to &apos;false&apos; when selected values does not have a text property" duration="2"/>
    <testCase name="handleToggle should not throw an error and change values to &apos;false&apos; when selected values when selected value has a null text property" duration="3"/>
    <testCase name="handleChange should update query object with selected filter and reset page to 1" duration="8"/>
    <testCase name="handleChange should set status_In property of query object to null when activeType is &quot;all&quot;" duration="2"/>
    <testCase name="handleChange should update query object when activeType is not a valid string" duration="2"/>
    <testCase name="handleChange should update query object when category is not a valid string" duration="2"/>
    <testCase name="handleRefresh should call getProducts and prodStatRefetch with updated query when category is AllProducts" duration="2"/>
    <testCase name="handleRefresh should call getRequests and requestRefetch with updated query when category is Requests" duration="11"/>
    <testCase name="handleRefresh should call getRequests and RequestRefetch when category is undefined" duration="4"/>
    <testCase name="handleRefresh should call getProducts and getStatRefresh when StatusCategory type === &apos;all products&apos; " duration="2"/>
    <testCase name="handleSearch Should call setQuery with the provided values" duration="2"/>
    <testCase name="IndexComponent handles search input change and sets search state" duration="221"/>
    <testCase name="IndexComponent handles search and calls appropriate functions" duration="247"/>
  </file>
  <file path="/Users/user/Documents/GitHub/retailcore-mfe-investment-management/src/__tests__/modals/Rejection.test.tsx">
    <testCase name="handleSuccess should set options for ProductSearch component when userIsSuccess is true and branchMembersData is not null or undefined" duration="10"/>
    <testCase name="handleSuccess should not call setUsers when userIsSuccess is false" duration="2"/>
    <testCase name="handleSuccess should call setUsers with an empty array when branchMembersData is an empty array" duration="4"/>
    <testCase name="Rejection should render the Rejection modal with the correct UI and props" duration="486"/>
    <testCase name="Rejection should display the correct title and labels for the form inputs" duration="361"/>
  </file>
  <file path="/Users/user/Documents/GitHub/retailcore-mfe-investment-management/src/__tests__/ProductDetail.test.tsx">
    <testCase name="ProductDetail Renders without crashing" duration="217"/>
    <testCase name="ProductDetail Renders without crashing" duration="99"/>
    <testCase name="ProductDetail should render data rows correctly" duration="19"/>
    <testCase name="ProductDetail should handle no previous data available" duration="60"/>
    <testCase name="DebitCreditable should render product details correctly" duration="113"/>
    <testCase name="DebitCreditable should display an empty table when dataTab prop is an empty array" duration="4"/>
    <testCase name="DebitCreditable should display the correct S|N value for each row" duration="15"/>
  </file>
  <file path="/Users/user/Documents/GitHub/retailcore-mfe-investment-management/src/__tests__/forms/ComboSelect.test.tsx">
    <testCase name="ComboSelect renders without crashing" duration="47"/>
    <testCase name="ComboSelect matches snapshot" duration="32"/>
    <testCase name="ComboSelect should open the dropdown when the button is clicked" duration="119"/>
    <testCase name="ComboSelect should update selected options when all products and their members are selected" duration="46"/>
    <testCase name="ComboSelect should update selected options when a product and its members are deselected" duration="38"/>
    <testCase name="ComboSelect should update selected options when all products and their members are deselected" duration="54"/>
    <testCase name="ComboSelect should filter the options correctly when searching for a product" duration="26"/>
    <testCase name="ComboSelect should update selected options when a product and its members are selected" duration="38"/>
    <testCase name="closeDropdown should set isOpen state to false when called with setIsOpen(false)" duration="8"/>
    <testCase name="closeDropdown should not throw an error when called with setIsOpen(undefined)" duration="4"/>
    <testCase name="closeDropdown should not throw an error when called with setIsOpen(null)" duration="2"/>
    <testCase name="closeDropdown should not throw an error when called with setIsOpen(0)" duration="2"/>
    <testCase name="closeDropdown should not throw an error when called with setIsOpen(&quot;&quot;)" duration="8"/>
    <testCase name="closeDropdown should not throw an error when called with setIsOpen({})" duration="5"/>
    <testCase name="handleChange should add a new product to selOptions if it doesnt exist" duration="2"/>
    <testCase name="handleChange should remove a product from selOptions if it already exists" duration="5"/>
    <testCase name="productContainsMember should return true when the product contains the member" duration="2"/>
    <testCase name="productContainsMember should return false when the product does not contain the member" duration="7"/>
    <testCase name="productContainsMember should return false when the product is empty" duration="3"/>
    <testCase name="productContainsMember should return false when the member is empty" duration="4"/>
    <testCase name="productContainsMember should return false when the member is null" duration="3"/>
    <testCase name="addNewProduct should return a new array with the new product added to the end of the input array" duration="21"/>
    <testCase name="addNewProduct should not modify the input array" duration="2"/>
    <testCase name="addNewProduct should work with an empty input array" duration="7"/>
    <testCase name="createProduct should return an object with &quot;product&quot; and &quot;members&quot; properties when valid id and members are provided" duration="2"/>
    <testCase name="createProduct should return an object with an empty &quot;members&quot; array when no members are provided" duration="2"/>
    <testCase name="createProduct should handle special characters and spaces in id and member names" duration="27"/>
    <testCase name="createProduct should handle a large number of members" duration="2"/>
    <testCase name="createProduct should handle empty strings as id and member names" duration="11"/>
    <testCase name="handleMemberToggle should add member to product when member is not selected" duration="2"/>
    <testCase name="handleMemberToggle should remove member from product when member is already selected" duration="2"/>
    <testCase name="handleMemberToggle should add product and member to selected options when product is not selected" duration="7"/>
    <testCase name="handleMemberToggle should add member to product when product is already selected but with no members" duration="8"/>
    <testCase name="handleMemberToggle should add member to product when product is already selected with other members" duration="2"/>
    <testCase name="addMemberToProduct should add a member to a product with no existing members" duration="1"/>
    <testCase name="addMemberToProduct should add a member to a product with existing members" duration="2"/>
    <testCase name="addMemberToProduct should return the original products array if memberId is undefined" duration="12"/>
    <testCase name="addMemberToProduct should return the original products array if memberId is already in the product" duration="2"/>
    <testCase name="removeMemberFromProduct should remove a member from a product with multiple members" duration="3"/>
    <testCase name="removeMemberFromProduct should remove a member from a product with only one member" duration="2"/>
    <testCase name="removeMemberFromProduct should handle removing a non-existent member from a product" duration="2"/>
  </file>
  <file path="/Users/user/Documents/GitHub/retailcore-mfe-investment-management/src/__tests__/components/Loader.test.tsx">
    <testCase name="Breadcrumbs renders without crashing" duration="42"/>
    <testCase name="Breadcrumbs matches snapshot" duration="40"/>
    <testCase name="Loader should render Loader component when isOpen is true" duration="164"/>
    <testCase name="Loader should not render Loader component when isOpen is false" duration="7"/>
    <testCase name="Loader should not throw an error when setIsOpen is not provided" duration="91"/>
    <testCase name="Loader should spin the AiOutlineLoading icon when Loader component is rendered" duration="57"/>
    <testCase name="Loader should display the text prop in the Loader component" duration="74"/>
  </file>
  <file path="/Users/user/Documents/GitHub/retailcore-mfe-investment-management/src/__tests__/components/ProductSearch.test.tsx">
    <testCase name="search input calls setSearchTerm function with debounce on input change" duration="365"/>
    <testCase name="classNames should concatenate all truthy class names into a single string" duration="3"/>
    <testCase name="classNames should ignore all falsy class names" duration="3"/>
    <testCase name="classNames should handle multiple truthy and falsy class names" duration="5"/>
    <testCase name="classNames should handle empty input" duration="2"/>
    <testCase name="classNames should handle input with only one truthy class name" duration="25"/>
    <testCase name="ProductSearch renders without crashing" duration="48"/>
    <testCase name="ProductSearch shows placeholder text" duration="19"/>
    <testCase name="ProductSearch filters options by search query" duration="20"/>
    <testCase name="ProductSearch renders the component with placeholder" duration="22"/>
    <testCase name="ProductSearch displays options when typing in the input" duration="55"/>
    <testCase name="ProductSearch applies the correct class when an option is active" duration="25"/>
    <testCase name="ProductSearch applies the correct class when an option is selected" duration="72"/>
  </file>
  <file path="/Users/user/Documents/GitHub/retailcore-mfe-investment-management/src/__tests__/components/SideLabelSearchSelect.test.tsx">
    <testCase name="InputDivs should render a div with a label and a child div" duration="258"/>
    <testCase name="InputDivs should display a RedDot component next to the label" duration="8"/>
    <testCase name="InputDivs should accept a label prop and render it as text" duration="77"/>
    <testCase name="InputDivs should render without a label when label prop is not provided" duration="8"/>
    <testCase name="InputDivs should render without a child div when children prop is not provided" duration="15"/>
    <testCase name="InputDivs should render an empty label when label prop is an empty string" duration="17"/>
    <testCase name="SideLabelSearchSelect should render the component with default props and input options" duration="252"/>
    <testCase name="SideLabelSearchSelect should handle empty input field correctly" duration="78"/>
    <testCase name="SideLabelSearchSelect should handle long input field values correctly" duration="46"/>
    <testCase name="SideLabelSearchSelect should handle special characters in input field values correctly" duration="84"/>
  </file>
  <file path="/Users/user/Documents/GitHub/retailcore-mfe-investment-management/src/__tests__/components/summary/IndexComponent.test.tsx">
    <testCase name="IndexComponent Renders without crashing" duration="209"/>
  </file>
  <file path="/Users/user/Documents/GitHub/retailcore-mfe-investment-management/src/__tests__/utils/removeNullFromObj.test.tsx">
    <testCase name="removeNullEmptyKeys should return an empty object when the input object is empty" duration="12"/>
    <testCase name="removeNullEmptyKeys should return the same object when it has no null, undefined, empty string, or empty array values" duration="14"/>
  </file>
  <file path="/Users/user/Documents/GitHub/retailcore-mfe-investment-management/src/__tests__/components/forms/GlInput.tsx">
    <testCase name="closeDropdown should set isOpen state to false when called with a valid setIsOpen function" duration="27"/>
    <testCase name="EntriesAndEventsSearchResults should render a search input field with a search icon" duration="232"/>
    <testCase name="EntriesAndEventsSearchResults should allow user to input search query" duration="33"/>
    <testCase name="EntriesAndEventsSearchResults should display a dropdown menu when search input field is clicked" duration="29"/>
    <testCase name="EntriesAndEventsSearchResults should display an empty dropdown menu when there are no GL classes" duration="41"/>
    <testCase name="EntriesAndEventsSearchResults should display an empty list of ledgers when a GL class has no ledgers" duration="70"/>
    <testCase name="EntriesAndEventsSearchResults should display an error message when there is an error fetching GL classes or ledgers" duration="34"/>
    <testCase name="EntriesAndEventsSearchResults renders with default props" duration="35"/>
    <testCase name="EntriesAndEventsSearchResults handles input change and displays results" duration="28"/>
    <testCase name="EntriesAndEventsSearchResults handles click on a result and triggers functions" duration="46"/>
  </file>
  <file path="/Users/user/Documents/GitHub/retailcore-mfe-investment-management/src/__tests__/pricing-config.test.tsx">
    <testCase name="PricingConfig renders without errors" duration="480"/>
  </file>
  <file path="/Users/user/Documents/GitHub/retailcore-mfe-investment-management/src/__tests__/components/FormStepComponent.test.tsx">
    <testCase name="FormStepComponent should render the correct number of form step items when formStepItems is not empty" duration="59"/>
    <testCase name="FormStepComponent should render the correct label for each form step item when formStepItems is not empty" duration="10"/>
    <testCase name="FormStepComponent should render the correct index for each form step item when formStepItems is not empty" duration="12"/>
    <testCase name="FormStepComponent should handle empty formStepItems array and render default form step item" duration="18"/>
    <testCase name="FormStepComponent should handle step value greater than the number of formStepItems and render last form step item" duration="13"/>
    <testCase name="FormStepComponent should handle step value less than 1 and render first form step item" duration="31"/>
  </file>
  <file path="/Users/user/Documents/GitHub/retailcore-mfe-investment-management/src/__tests__/forms/Checkbox.test.tsx">
    <testCase name="Checkbox renders without crashing" duration="57"/>
    <testCase name="Checkbox matches snapshot" duration="12"/>
    <testCase name="Checkbox displays the label" duration="14"/>
    <testCase name="Checkbox initially renders unchecked" duration="45"/>
    <testCase name="Checkbox renders checked when checked prop is true" duration="16"/>
    <testCase name="Checkbox calls onChange when clicked" duration="20"/>
    <testCase name="Checkbox should not call onChange if not provided when handleChange is invoked" duration="12"/>
  </file>
  <file path="/Users/user/Documents/GitHub/retailcore-mfe-investment-management/src/__tests__/components/Pages/term-deposit/forms/toggle-input-children.test.tsx">
    <testCase name="ToggleInputChildren should render the label and a switch component when rendered" duration="128"/>
    <testCase name="ToggleInputChildren should toggle the switch component on click" duration="54"/>
    <testCase name="ToggleInputChildren should set the default value of the switch component if defaultValue prop is not null" duration="19"/>
    <testCase name="ToggleInputChildren should not set the default value of the switch component if defaultValue prop is null" duration="18"/>
    <testCase name="ToggleInputChildren should call setValue and trigger with the correct inputName when the switch component is toggled" duration="38"/>
  </file>
  <file path="/Users/user/Documents/GitHub/retailcore-mfe-investment-management/src/__tests__/liquidity-setup.test.tsx">
    <testCase name="LiquiditySetup Renders without error" duration="2125"/>
    <testCase name="handleSelected should set partOptionCharges and earlyOptionCharges when inputName is &quot;part_SpecificCharges&quot; or &quot;early_SpecificCharges&quot; respectively" duration="15"/>
    <testCase name="handleSelected should set value of &quot;part_SpecificCharges&quot; or &quot;early_SpecificCharges&quot; to selectedOptions when inputName is &quot;part_SpecificCharges&quot; or &quot;early_SpecificCharges&quot; respectively" duration="8"/>
    <testCase name="handleSelected should not set partOptionCharges, earlyOptionCharges, or value when inputName is not &quot;part_SpecificCharges&quot; or &quot;early_SpecificCharges&quot;" duration="15"/>
    <testCase name="handleSelected should not set partOptionCharges, earlyOptionCharges, or value when selectedOptions is null or undefined" duration="265"/>
    <testCase name="onProceed should set early_SpecificCharges and part_SpecificCharges in formData and call proceed function when all parameters are defined" duration="16"/>
    <testCase name="onProceed should set early_SpecificCharges and part_SpecificCharges in formData as undefined when earlyOptionCharges and partOptionCharges are undefined" duration="10"/>
    <testCase name="onProceed should set early_SpecificCharges and part_SpecificCharges in formData as null when earlyOptionCharges and partOptionCharges are null" duration="4"/>
    <testCase name="onProceed should set early_SpecificCharges and part_SpecificCharges in formData as null when formData is null" duration="30"/>
  </file>
  <file path="/Users/user/Documents/GitHub/retailcore-mfe-investment-management/src/__tests__/components/ShareButton.test.tsx">
    <testCase name="ShareButton renders without crashing" duration="90"/>
    <testCase name="ShareButton triggers the share action when clicked" duration="23"/>
  </file>
  <file path="/Users/user/Documents/GitHub/retailcore-mfe-investment-management/src/__tests__/modals/Confirm.test.tsx">
    <testCase name="Confirm renders without crashing" duration="299"/>
    <testCase name="Confirm should render a modal with the given text and subtext" duration="419"/>
    <testCase name="Confirm should render a cancel buttons  and a confirm button" duration="87"/>
    <testCase name="Confirm closes modal when cancel button 1 clicked" duration="568"/>
    <testCase name="Confirm Calls onCancel when cancel button 2 clicked" duration="115"/>
    <testCase name="Confirm should call onConfirm when confirm button is clicked" duration="322"/>
  </file>
  <file path="/Users/user/Documents/GitHub/retailcore-mfe-investment-management/src/__tests__/Sterling-investment.tsx">
    <testCase name="microfrontend bootstraps the app" duration="83"/>
    <testCase name="microfrontend mounts and unmounts" duration="112"/>
  </file>
  <file path="/Users/user/Documents/GitHub/retailcore-mfe-investment-management/src/__tests__/forms/CustomComboSelect.test.tsx">
    <testCase name="CustomComboSelect sets the input value when an option is selected" duration="199"/>
    <testCase name="CustomComboSelect handles default value correctly" duration="15"/>
    <testCase name="CustomComboSelect renders &quot;No data&quot; when there are no options" duration="23"/>
    <testCase name="CustomComboSelect Renders without errors" duration="36"/>
    <testCase name="handleDefault should set the selected item to the corresponding value in options when defaultValue matches an item name in options" duration="13"/>
    <testCase name="handleDefault should handle case sensitivity when matching defaultValue to item names in options" duration="3"/>
    <testCase name="classNames should return an empty string when no arguments are passed" duration="21"/>
    <testCase name="classNames should return a single class name when only one argument is passed" duration="3"/>
    <testCase name="classNames should return a concatenated string of class names when multiple arguments are passed" duration="2"/>
    <testCase name="classNames should handle very long class names and a large number of arguments without crashing" duration="3"/>
    <testCase name="classNames should handle special characters and unicode characters in class names" duration="14"/>
  </file>
  <file path="/Users/user/Documents/GitHub/retailcore-mfe-investment-management/src/__tests__/forms/FormUpload.test.tsx">
    <testCase name="FormUpload renders without crashing" duration="75"/>
    <testCase name="FormUpload matches snapshot" duration="30"/>
    <testCase name="FormUpload should reset all state variables when handleReset is called" duration="10"/>
    <testCase name="handleFileChange should select a file and set the file type correctly" duration="5"/>
    <testCase name="handleFileChange should set an error message when the file size exceeds the maximum allowed size" duration="3"/>
    <testCase name="handleFileChange should set an error message when no file is selected" duration="24"/>
    <testCase name="handleFileChange should display an error message when selecting a file with an invalid extension" duration="3"/>
    <testCase name="FormUpload should display error message when selecting a file with an unsupported file type" duration="40"/>
    <testCase name="handleDrag should set dragActive to true when dragenter event is triggered" duration="2"/>
    <testCase name="handleDrag should set dragActive to true when dragover event is triggered" duration="3"/>
    <testCase name="handleDrag should set dragActive to false when dragleave event is triggered" duration="2"/>
    <testCase name="handleReset should reset upload data to an empty array" duration="10"/>
    <testCase name="handleReset should set status to null" duration="6"/>
    <testCase name="handleDrop should read and process a valid file when dropped" duration="3"/>
    <testCase name="handleDrop should process a file with a valid file type when dropped" duration="61"/>
    <testCase name="handleDrop should read and process a file with a valid file type when dropped" duration="4"/>
    <testCase name="handleDrop should process a file with a valid file type when dropped" duration="3"/>
    <testCase name="handleDrop should process a file with a valid file type when dropped" duration="3"/>
    <testCase name="handleDrop should set an error message when the file type is not supported" duration="19"/>
    <testCase name="handleDrop should set the base64 image correctly when the file is read" duration="3"/>
  </file>
  <file path="/Users/user/Documents/GitHub/retailcore-mfe-investment-management/src/__tests__/forms/InfoLabel.test.tsx">
    <testCase name="InfoLabel Renders without errors" duration="128"/>
  </file>
  <file path="/Users/user/Documents/GitHub/retailcore-mfe-investment-management/src/__tests__/components/Button.test.tsx">
    <testCase name="Button renders without crashing" duration="221"/>
    <testCase name="Button renders children" duration="12"/>
    <testCase name="Button applies custom className" duration="45"/>
    <testCase name="Button can show loader" duration="26"/>
    <testCase name="Button can hide loader" duration="83"/>
    <testCase name="Button can render button elements" duration="7"/>
    <testCase name="Button calls onClick handler" duration="16"/>
  </file>
  <file path="/Users/user/Documents/GitHub/retailcore-mfe-investment-management/src/__tests__/components/StatusCard.test.tsx">
    <testCase name="StatusCard Renders without error" duration="123"/>
    <testCase name="StatusButton Renders without error" duration="11"/>
    <testCase name="StatusButton Shows spinner while loading" duration="14"/>
    <testCase name="sortOptions Sorts and returns expected options in &apos;all products&apos; category" duration="51"/>
    <testCase name="sortOptions Sorts and returns expected options in &apos;requests&apos; category" duration="11"/>
    <testCase name="StatusCategoryButton should handle button click and apply styles" duration="51"/>
    <testCase name="handleActiveType Sets status to &quot;&quot; when activeType === all " duration="13"/>
    <testCase name="handleActiveType Sets status according to various activeTypes" duration="13"/>
    <testCase name="filterDefaultOptions should return an array of objects filtered from" duration="5"/>
    <testCase name="filterDefaultOptions should not contain objects withroperty equal  or" duration="4"/>
    <testCase name="filterDefaultOptions should contain objects withroperty equal  or only" duration="9"/>
    <testCase name="filterDefaultOptions should contain objects withroperty equal  only" duration="2"/>
    <testCase name="filterDefaultOptions should contain objects withroperty equal to only" duration="4"/>
    <testCase name="StatusButton should render button element with correct type and styling" duration="39"/>
    <testCase name="StatusButton should display correct count when isLoading is false" duration="5"/>
    <testCase name="StatusButton should display spinner when isLoading is true" duration="26"/>
    <testCase name="StatusButton should render button element with correct type and styling when count returns undefined" duration="6"/>
    <testCase name="StatusButton should render button element with correct type and styling when count returns null" duration="21"/>
    <testCase name="StatusButton should render button element with correct type and styling when analyticsData is undefined" duration="6"/>
    <testCase name="StatusButton should render button element with correct type and styling" duration="24"/>
    <testCase name="StatusButton should display correct count based on provided analytics data" duration="6"/>
    <testCase name="StatusButton should display spinner animation when isLoading is true" duration="26"/>
    <testCase name="StatusButton should handle missing or invalid item prop" duration="8"/>
    <testCase name="StatusButton should handle missing or invalid analyticsData prop" duration="18"/>
    <testCase name="StatusButton should handle missing or invalid setActiveType prop" duration="14"/>
    <testCase name="count should return the correct count for each status type" duration="3"/>
    <testCase name="count should return 0 when the input item type is not recognized" duration="2"/>
    <testCase name="count should return 0 when the analyticsData is null" duration="3"/>
    <testCase name="count should return 0 when the analyticsData is undefined" duration="3"/>
    <testCase name="count should return 0 when the input item type is null" duration="2"/>
    <testCase name="count should return 0 when the input item type is undefined" duration="2"/>
    <testCase name="count should return 0 when the input item type is an empty string" duration="7"/>
    <testCase name="handleClick should set the category state to the selected item type" duration="2"/>
    <testCase name="handleClick should set the selected state to the first item of ProductOptions if category is AllProducts" duration="23"/>
    <testCase name="handleClick should set the selected state to the first item of RequestOptions if category is not AllProducts" duration="1"/>
    <testCase name="handlePermission should set filtered product options to ProductOptions when user has relevant permissions" duration="1"/>
    <testCase name="handlePermission should disable created_by_anyone and approved_system_wide options in filtered product options when user does not have relevant permissions" duration="2"/>
    <testCase name="handlePermission should set filtered request options to RequestOptions when user has relevant permissions" duration="3"/>
    <testCase name="handlePermission should do nothing when permissions is empty" duration="7"/>
    <testCase name="handlePermission should disable all options in filtered product options when user does not have any relevant permissions" duration="2"/>
    <testCase name="handlePermission should disable all options in filtered request options when user does not have any relevant permissions" duration="2"/>
  </file>
  <file path="/Users/user/Documents/GitHub/retailcore-mfe-investment-management/src/__tests__/components/forms/MinMaxInput.test.tsx">
    <testCase name="MinMaxInput should render an input field with default value and placeholder" duration="157"/>
    <testCase name="MinMaxInput should allow user input and trigger change event" duration="30"/>
    <testCase name="MinMaxInput should clear errors when input value changes" duration="26"/>
    <testCase name="MinMaxInput should display red border when there is an error" duration="37"/>
    <testCase name="MinMaxInput should not display red border when there is no error" duration="10"/>
    <testCase name="MinMaxInput should display default placeholder if not provided" duration="48"/>
    <testCase name="MinMaxInput renders without errors" duration="85"/>
    <testCase name="MinMaxInput handles value change" duration="43"/>
  </file>
  <file path="/Users/user/Documents/GitHub/retailcore-mfe-investment-management/src/__tests__/components/assets/images/SubmitSvg.test.tsx">
    <testCase name="SubmitSvg Renders without error" duration="185"/>
  </file>
  <file path="/Users/user/Documents/GitHub/retailcore-mfe-investment-management/src/__tests__/MultiSelect.test.tsx">
    <testCase name="MultiSelect Renders without error" duration="59"/>
    <testCase name="MultiSelect Renders options" duration="76"/>
  </file>
  <file path="/Users/user/Documents/GitHub/retailcore-mfe-investment-management/src/__tests__/customer-eligibility-criteria.test.tsx">
    <testCase name="ProductInformation Renders without error" duration="215"/>
  </file>
  <file path="/Users/user/Documents/GitHub/retailcore-mfe-investment-management/src/__tests__/components/forms/MultiSelect.test.tsx">
    <testCase name="MultiSelect renders without crashing" duration="48"/>
    <testCase name="MultiSelect opens and closes dropdown when clicked" duration="54"/>
    <testCase name="MultiSelect should toggle dropdown when button is clicked" duration="66"/>
    <testCase name="MultiSelect should select/deselect option when checkbox is clicked" duration="34"/>
    <testCase name="MultiSelect should render correctly with an empty options array" duration="26"/>
    <testCase name="MultiSelect should check select all" duration="57"/>
    <testCase name="MultiSelect should update checkbox state when props change" duration="20"/>
    <testCase name="closeDropdown should set isOpen state to false when setIsOpen is called with false" duration="3"/>
    <testCase name="closeDropdown should handle setIsOpen being called with a boolean value" duration="2"/>
    <testCase name="handleChange should add a new option to selectedOptions array when it does not exist" duration="3"/>
    <testCase name="handleChange should remove an option from selectedOptions array when it already exists" duration="2"/>
    <testCase name="handleChange should call setSelectedOptions with the same array when an option is already selected" duration="2"/>
  </file>
  <file path="/Users/user/Documents/GitHub/retailcore-mfe-investment-management/src/__tests__/components/Breadcrumbs.test.tsx">
    <testCase name="Breadcrumbs renders without crashing" duration="38"/>
    <testCase name="Breadcrumbs matches snapshot" duration="37"/>
    <testCase name="Breadcrumbs displays breadcrumb links" duration="28"/>
    <testCase name="Breadcrumbs Can click on links" duration="9"/>
  </file>
  <file path="/Users/user/Documents/GitHub/retailcore-mfe-investment-management/src/__tests__/components/MultiRangeSlider.test.tsx">
    <testCase name="Slider renders without crashing" duration="29"/>
    <testCase name="Slider matches snapshot" duration="6"/>
  </file>
  <file path="/Users/user/Documents/GitHub/retailcore-mfe-investment-management/src/__tests__/modals/Status.test.tsx">
    <testCase name="Success Modal renders without crashing" duration="88"/>
    <testCase name="Success Modal matches snapshot" duration="13"/>
    <testCase name="Success Modal can close modal pathname !== /product-management" duration="108"/>
    <testCase name="Success Modal can close modal when canclose is true" duration="63"/>
    <testCase name="Prompt Modal renders without crashing" duration="18"/>
    <testCase name="Prompt Modal matches snapshot" duration="9"/>
    <testCase name="Prompt Modal can close modal pathname !== /product-management" duration="36"/>
    <testCase name="Prompt Modal can close modal when canclose is true" duration="153"/>
    <testCase name="Failed Modal matches snapshot" duration="205"/>
    <testCase name="Failed Modal can close modal pathname !== /product-management" duration="83"/>
    <testCase name="Failed Modal can close modal when canclose is true" duration="38"/>
  </file>
  <file path="/Users/user/Documents/GitHub/retailcore-mfe-investment-management/src/__tests__/modals/SelectRequirements.test.tsx">
    <testCase name="SelectRequirements should render the modal layout with the given header and subtext" duration="203"/>
    <testCase name="SelectRequirements should render the children components passed to it" duration="162"/>
    <testCase name="SelectRequirements should render the select button when hideBtn is false" duration="83"/>
    <testCase name="SelectRequirements should render the modal layout without subtext" duration="125"/>
    <testCase name="SelectRequirements should render the modal layout without children components" duration="58"/>
    <testCase name="SelectRequirements should render the modal layout without a cancel button" duration="72"/>
  </file>
  <file path="/Users/user/Documents/GitHub/retailcore-mfe-investment-management/src/__tests__/utils/convertToDays.tsx">
    <testCase name="convertToDays should return the input duration when type is 1" duration="16"/>
    <testCase name="convertToDays should use the current date as a starting point for calculations" duration="8"/>
    <testCase name="convertToDays should throw an error when an invalid duration type is provided" duration="7"/>
    <testCase name="convertToDays should return 0 when duration is 0 and type is 2, 3 or 4" duration="5"/>
    <testCase name="convertToDays should return NaN when duration is NaN and type is 2, 3 or 4" duration="3"/>
  </file>
  <file path="/Users/user/Documents/GitHub/retailcore-mfe-investment-management/src/__tests__/components/QuickLinks.test.tsx">
    <testCase name="QuickLinks should renderWithProviders a container with a title and a list of links" duration="157"/>
    <testCase name="QuickLinks component renderWithProviderss QuickLinks component with suggested links" duration="28"/>
    <testCase name="QuickLinks component closes the suggested links section when close button is clicked" duration="32"/>
    <testCase name="QuickLinks component should renderWithProviders a message when isOpen state is true" duration="56"/>
    <testCase name="QuickLinks component should renderWithProviders default link when useGetLinksQuery hook returns null" duration="51"/>
    <testCase name="QuickLinks component sets links state when quickLinks is available" duration="30"/>
    <testCase name="QuickLinks component closes the suggested links section when close button is clicked" duration="36"/>
    <testCase name="handleLinksUpdate should set default link when quickLinks is empty" duration="40"/>
    <testCase name="handleLinksUpdate should add suggested link when it doesnt exist in quickLinks" duration="4"/>
    <testCase name="handleLinksUpdate should update link when it exists in quickLinks" duration="4"/>
    <testCase name="handleLinksUpdate should do nothing when isLinksQuerySuccessful is false" duration="10"/>
    <testCase name="handleLinksUpdate should do nothing when quickLinks is undefined" duration="9"/>
  </file>
  <file path="/Users/user/Documents/GitHub/retailcore-mfe-investment-management/src/__tests__/components/forms/MultiSelectForm.tsx">
    <testCase name="MultiSelectForm should render a label with the provided labelName prop" duration="57"/>
    <testCase name="MultiSelectForm should render a button with the provided placeholder prop" duration="18"/>
    <testCase name="MultiSelectForm should open a dropdown with options when the button is clicked" duration="72"/>
    <testCase name="MultiSelectForm should handle the case where no options are provided" duration="57"/>
    <testCase name="MultiSelectForm should handle the case where no labelName prop is provided" duration="24"/>
    <testCase name="MultiSelectForm should handle the case where no inputName prop is provided" duration="19"/>
    <testCase name="handleChange should add a new value to selectedOptions array when it doesnt already exist" duration="3"/>
    <testCase name="handleChange should remove a value from selectedOptions array when it already exists" duration="2"/>
    <testCase name="handleChange should handle null or undefined value parameter" duration="5"/>
    <testCase name="handleChange should handle null or undefined setSelectedOptions parameter" duration="42"/>
    <testCase name="handleChange should handle null or undefined id parameter" duration="2"/>
    <testCase name="closeDropdown should set isOpen state to false when called with setIsOpen(false)" duration="4"/>
    <testCase name="closeDropdown should not throw an error when called with setIsOpen" duration="2"/>
    <testCase name="closeDropdown should not have any side effects other than setting isOpen state to false" duration="2"/>
    <testCase name="closeDropdown should not affect any other state or props" duration="2"/>
    <testCase name="MultiSelectForm renders component with default values" duration="30"/>
    <testCase name="MultiSelectForm opens and closes the dropdown on button click" duration="78"/>
    <testCase name="MultiSelectForm handles checkbox change" duration="118"/>
    <testCase name="MultiSelectForm handles &quot;Select All&quot; checkbox change" duration="56"/>
    <testCase name="MultiSelectForm handles clearing selected options" duration="65"/>
  </file>
  <file path="/Users/user/Documents/GitHub/retailcore-mfe-investment-management/src/__tests__/components/forms/MultiSelectForm2.tsx">
    <testCase name="handleChange should add a new value to selectedOptions array when it doesnt already exist" duration="20"/>
    <testCase name="handleChange should remove a value from selectedOptions array when it already exists" duration="3"/>
    <testCase name="handleChange should handle null or undefined value parameter" duration="3"/>
    <testCase name="handleChange should handle null or undefined setSelectedOptions parameter" duration="23"/>
    <testCase name="handleChange should handle null or undefined id parameter" duration="2"/>
    <testCase name="closeDropdown should set isOpen state to false when called with setIsOpen(false)" duration="27"/>
    <testCase name="closeDropdown should not throw an error when called with setIsOpen" duration="4"/>
    <testCase name="closeDropdown should not have any side effects other than setting isOpen state to false" duration="4"/>
    <testCase name="closeDropdown should not affect any other state or props" duration="10"/>
    <testCase name="MultiSelectForm2 should render a search input with the provided placeholder prop" duration="44"/>
    <testCase name="MultiSelectForm2 should render a list of options with checkboxes" duration="22"/>
    <testCase name="MultiSelectForm2 should render a default placeholder when no placeholder prop is provided" duration="19"/>
    <testCase name="handleClick should register inputName when called" duration="4"/>
    <testCase name="handleClick should set value for inputName to selectedOptions when called" duration="2"/>
    <testCase name="handleClick should call handleSelected with inputName and selectedOptions when called" duration="2"/>
    <testCase name="MultiSelectForm2 renders error message when there are errors" duration="49"/>
  </file>
  <file path="/Users/user/Documents/GitHub/retailcore-mfe-investment-management/src/__tests__/components/AppWrapper.test.tsx">
    <testCase name="AppWrapper Component renders children within the Provider component" duration="47"/>
  </file>
  <file path="/Users/user/Documents/GitHub/retailcore-mfe-investment-management/src/__tests__/components/assets/images/CancelSvg.test.tsx">
    <testCase name="CancelSvg Renders without error" duration="71"/>
  </file>
  <file path="/Users/user/Documents/GitHub/retailcore-mfe-investment-management/src/__tests__/App.test.tsx">
    <testCase name="Test App Component If App is rendered wihout issues" duration="92"/>
  </file>
  <file path="/Users/user/Documents/GitHub/retailcore-mfe-investment-management/src/__tests__/components/ActivityLog.tsx">
    <testCase name="renders the ActivityLog component with loading state" duration="343"/>
    <testCase name="renders the ActivityLog component with no activities" duration="110"/>
    <testCase name="renders the ActivityLog component with activities" duration="14"/>
  </file>
  <file path="/Users/user/Documents/GitHub/retailcore-mfe-investment-management/src/__tests__/components/CreateButton.test.tsx">
    <testCase name="closeButton should set isOpen state to false" duration="71"/>
    <testCase name="closeButton should set secondActive, thirdActive, and fourthActive states to empty strings" duration="4"/>
    <testCase name="closeButton should not return any value" duration="4"/>
    <testCase name="closeButton should require function parameters" duration="29"/>
    <testCase name="closeButton should not throw any errors" duration="5"/>
    <testCase name="goToUrl should navigate to the provided URL" duration="5"/>
    <testCase name="goToUrl should throw an error when url is null" duration="12"/>
    <testCase name="goToUrl should throw an error when navigate function is not a function" duration="32"/>
    <testCase name="goToUrl should handle relative URLs" duration="5"/>
    <testCase name="CreateButton should render the component without crashing" duration="191"/>
    <testCase name="CreateButton should open the dropdown menu when the button is clicked" duration="21"/>
    <testCase name="CreateButton should close the dropdown menu when clicked outside" duration="29"/>
  </file>
  <file path="/Users/user/Documents/GitHub/retailcore-mfe-investment-management/src/__tests__/components/ui/CascadingDropdown.test.tsx">
    <testCase name="CascadingDropdown should render a dropdown button with a label and a list of items" duration="202"/>
    <testCase name="CascadingDropdown should display the list of items when the dropdown button is clicked" duration="83"/>
    <testCase name="CascadingDropdown should allow the user to click on an item and navigate to its link" duration="9"/>
    <testCase name="CascadingDropdown should render a dropdown button with a default label when no label is provided" duration="20"/>
    <testCase name="CascadingDropdown should render a dropdown button with default classes when no classes are provided" duration="66"/>
    <testCase name="CascadingDropdown should render a dropdown button with no items when no items are provided" duration="23"/>
    <testCase name="CascadingDropdown renders label and items correctly" duration="60"/>
  </file>
  <file path="/Users/user/Documents/GitHub/retailcore-mfe-investment-management/src/__tests__/layouts/Layout.test.tsx">
    <testCase name="Layout renders AuthGuard and Outlet components" duration="51"/>
    <testCase name="handleRole should handle cases where is_superuser property is not a boolean" duration="4"/>
    <testCase name="handleRole should handle cases where is_superuser property is not a boolean" duration="13"/>
    <testCase name="handleRole should handle cases where is_superuser property is not present in user object" duration="18"/>
  </file>
  <file path="/Users/user/Documents/GitHub/retailcore-mfe-investment-management/src/__tests__/utils/handleColorState.test.tsx">
    <testCase name="handleColorState should return the correct color state for the value &quot;approved&quot;" duration="70"/>
    <testCase name="handleColorState should return the correct color state for the value &quot;A&quot;" duration="4"/>
    <testCase name="handleColorState should return the correct color state for the value &quot;in-review&quot;" duration="3"/>
    <testCase name="handleColorState should return the correct color state for the value &quot;P&quot;" duration="4"/>
    <testCase name="handleColorState should return the correct color state for the value &quot;in-issue&quot;" duration="3"/>
    <testCase name="handleColorState should return the correct color state for the value &quot;R&quot;" duration="4"/>
    <testCase name="handleColorState should return the correct color state for the value &quot;draft&quot;" duration="9"/>
    <testCase name="handleColorState should return the correct color state for the value &quot;D&quot;" duration="13"/>
    <testCase name="handleColorState should return the correct color state for the value &quot;I&quot;" duration="2"/>
  </file>
  <file path="/Users/user/Documents/GitHub/retailcore-mfe-investment-management/src/__tests__/components/FormTooltip.test.tsx">
    <testCase name="FormToolTip Renders without errors" duration="74"/>
  </file>
  <file path="/Users/user/Documents/GitHub/retailcore-mfe-investment-management/src/__tests__/MiniTermDepositDetail.test.tsx">
    <testCase name="MiniTermDepositDetail renders without error" duration="52"/>
    <testCase name="MiniTermDepositDetail Indicates new data" duration="8"/>
  </file>
  <file path="/Users/user/Documents/GitHub/retailcore-mfe-investment-management/src/__tests__/components/PreLoader.test.tsx">
    <testCase name="renders the PreLoader component" duration="45"/>
  </file>
  <file path="/Users/user/Documents/GitHub/retailcore-mfe-investment-management/src/__tests__/components/TopBar.test.tsx">
    <testCase name="Tabs should renderWithProviders a list of tabs with titles and urls" duration="108"/>
    <testCase name="should set active tab and update search term" duration="54"/>
    <testCase name="renderWithProviderss TopBar component" duration="31"/>
    <testCase name="getSearchResult should call getProducts with correct parameters and set search results" duration="8"/>
    <testCase name="getSearchResult should set search results to empty array when given empty string value" duration="13"/>
    <testCase name="Tabs should renderWithProviders tabs with correct titles and styles" duration="43"/>
    <testCase name="Tabs should update active tab and navigate to correct URL when a tab is clicked" duration="24"/>
    <testCase name="TopBar should renderWithProviders the top bar component without errors" duration="25"/>
    <testCase name="TopBar should display the Product Factory title" duration="48"/>
    <testCase name="TopBar should display the Create new product button" duration="29"/>
    <testCase name="TopBar should disable the Create new product button when permissions are not provided" duration="19"/>
  </file>
  <file path="/Users/user/Documents/GitHub/retailcore-mfe-investment-management/src/__tests__/utils/downloadFile.test.tsx">
    <testCase name="downloadUsingFetch should download file" duration="25"/>
  </file>
  <file path="/Users/user/Documents/GitHub/retailcore-mfe-investment-management/src/__tests__/components/DownloadButton.tsx">
    <testCase name="DownloadButton should call handleDownload function when button is clicked" duration="309"/>
    <testCase name="DownloadButton should display the text Download" duration="11"/>
    <testCase name="DownloadButton should not throw an error when handleDownload is not provided" duration="6"/>
    <testCase name="DownloadButton should have the correct class name, type attribute, text color, background color, and gap between icon and text" duration="16"/>
  </file>
  <file path="/Users/user/Documents/GitHub/retailcore-mfe-investment-management/src/__tests__/utils/formatCurrency.test.tsx">
    <testCase name="formatCurrency should format a price with default parameters" duration="18"/>
    <testCase name="formatCurrency should format a price with custom fraction and currency parameters" duration="3"/>
    <testCase name="formatCurrency should format a price with custom fraction, currency, and price parameters" duration="3"/>
    <testCase name="formatCurrency should format a price with a price of 0" duration="15"/>
    <testCase name="formatCurrency should format a price with a negative price" duration="3"/>
    <testCase name="currencyFormatter should format a positive integer value with default currency and symbol" duration="3"/>
    <testCase name="currencyFormatter should format a negative float value with specified currency and symbol" duration="21"/>
    <testCase name="currencyFormatter should format a zero value with specified currency and symbol" duration="2"/>
    <testCase name="currencyFormatter should format a value with more than two decimal places" duration="3"/>
    <testCase name="currencyFormatter should format a value with less than two decimal places" duration="9"/>
  </file>
  <file path="/Users/user/Documents/GitHub/retailcore-mfe-investment-management/src/__tests__/components/assets/images/excel.test.tsx">
    <testCase name="ModifySvg Renders without error" duration="49"/>
  </file>
  <file path="/Users/user/Documents/GitHub/retailcore-mfe-investment-management/src/__tests__/components/investment/dashboard/TableComponent.test.tsx">
    <testCase name="handleDropdown should return an array of options based on the status, isChecker, locked, and permissions parameters" duration="21"/>
    <testCase name="handleDropdown should filter out &quot;deactivate&quot; and &quot;activate&quot; options if user does not have &quot;CREATE_PRODUCT&quot; permission" duration="3"/>
    <testCase name="handleDropdown should filter out &quot;modify&quot; option if user does not have &quot;CREATE_PRODUCT&quot; permission and is not a checker" duration="10"/>
    <testCase name="handleDropdown should return an array with only &quot;view&quot; option if locked parameter is true and &quot;view&quot; option exists" duration="4"/>
    <testCase name="handleDropdown should return an empty array if locked parameter is true and &quot;view&quot; option does not exist" duration="10"/>
    <testCase name="handleDropdown should return an array with only &quot;view&quot; option if isChecker parameter is true and &quot;view&quot; option exists" duration="5"/>
    <testCase name="handleHeaders should filter out &apos;created_by&apos; when isChecker is true" duration="17"/>
    <testCase name="handleHeaders should filter out &apos;approved_By&apos; when isChecker is false" duration="5"/>
    <testCase name="handleDownload should generate CSV for requests category" duration="7"/>
    <testCase name="handleDownload should generate CSV for product category" duration="2"/>
    <testCase name="handleDownload should not generate CSV if downloadData is empty" duration="2"/>
  </file>
  <file path="/Users/user/Documents/GitHub/retailcore-mfe-investment-management/src/__tests__/components/SearchInput.test.tsx">
    <testCase name="handleInputChange should call setInputValue with the event target value" duration="47"/>
    <testCase name="SearchInput should render search input field with default props" duration="167"/>
    <testCase name="SearchInput applies custom CSS classes" duration="22"/>
    <testCase name="SearchInput should update input field when user inputs a search term" duration="131"/>
    <testCase name="SearchInput should update input field when user inputs a search term and isTruncated is true" duration="21"/>
    <testCase name="closeBox should set search results to an empty array" duration="3"/>
    <testCase name="closeBox should set show box state to false" duration="13"/>
    <testCase name="closeBox should handle setSearchResults parameter not being a function" duration="28"/>
    <testCase name="closeBox should handle setShowBox parameter not being a function" duration="16"/>
    <testCase name="closeBox should handle multiple calls in a row" duration="3"/>
    <testCase name="SearchValues should call handleClick when search item is clicked" duration="62"/>
    <testCase name="SearchItem should render a div element with an empty className" duration="105"/>
    <testCase name="SearchItem should render a span element with the specified className when type is &quot;general&quot;" duration="8"/>
    <testCase name="SearchItem should render a div element when item.products.length &gt; 0" duration="26"/>
    <testCase name="SearchItem should render a div element when item is undefined" duration="15"/>
  </file>
  <file path="/Users/user/Documents/GitHub/retailcore-mfe-investment-management/src/__tests__/utils/sortTabStatus.test.tsx">
    <testCase name="sortTabStatus should return the id of the status object when the category is &quot;Requests&quot; and the value matches a status object type" duration="55"/>
    <testCase name="sortTabStatus should return the id of the status object when the category is &quot;StatusTypes&quot; and the value matches a status object type" duration="12"/>
  </file>
  <file path="/Users/user/Documents/GitHub/retailcore-mfe-investment-management/src/__tests__/utils/countDuplicates.test.tsx">
    <testCase name="countDuplicates should return 0 when there are no duplicates in the array" duration="12"/>
    <testCase name="countDuplicates should return the correct number of duplicates when there are duplicates in the array" duration="3"/>
    <testCase name="countDuplicates should handle arrays with multiple types of elements" duration="10"/>
    <testCase name="countDuplicates should return 0 when the array is empty" duration="4"/>
    <testCase name="countDuplicates should handle arrays with only one element" duration="2"/>
    <testCase name="countDuplicates should handle arrays with only duplicate elements" duration="3"/>
  </file>
  <file path="/Users/user/Documents/GitHub/retailcore-mfe-investment-management/src/__tests__/root.component.test.tsx">
    <testCase name="Root component should be in the document" duration="179"/>
  </file>
  <file path="/Users/user/Documents/GitHub/retailcore-mfe-investment-management/src/__tests__/modals/Approved.test.tsx">
    <testCase name="ApprovedSuccess Modal renders without crashing" duration="35"/>
    <testCase name="ApprovedSuccess Modal matches snapshot" duration="18"/>
    <testCase name="ApprovedSuccess Modal closes modal when cancel clicked" duration="300"/>
    <testCase name="ApprovedSuccess Modal calls onConfirm when form submitted" duration="158"/>
  </file>
  <file path="/Users/user/Documents/GitHub/retailcore-mfe-investment-management/src/__tests__/modals/Layout.test.tsx">
    <testCase name="Layout renders children and opens and closes the modal" duration="309"/>
    <testCase name="Layout should not render children when isOpen is false" duration="153"/>
    <testCase name="Layout should render dialog with correct data-testid" duration="47"/>
  </file>
  <file path="/Users/user/Documents/GitHub/retailcore-mfe-investment-management/src/__tests__/utils/capitalizeFirstLetter.test.tsx">
    <testCase name="capitalizeFirstLetter should capitalize the first letter of a string with one word" duration="10"/>
    <testCase name="capitalizeFirstLetter should capitalize the first letter of the first word in a string with multiple words" duration="10"/>
    <testCase name="capitalizeFirstLetter should return an empty string if the input is an empty string" duration="10"/>
    <testCase name="capitalizeFirstLetter should return the input if its not a string" duration="31"/>
    <testCase name="capitalizeFirstLetter should capitalize the first letter of a string with only one letter" duration="40"/>
    <testCase name="capitalizeFirstLetter should capitalize the first letter of a string with non-alphabetic characters after the first letter" duration="4"/>
    <testCase name="capitalizeFirstLetter should capitalize the first letter of a string with numbers as the first letter" duration="29"/>
    <testCase name="capitalizeFirstLetter should capitalize the first letter of a string with a non-ASCII character as the first letter" duration="8"/>
    <testCase name="capitalizeFirstLetter should capitalize the first letter of a string with a non-ASCII character after the first letter" duration="4"/>
    <testCase name="capitalizeFirstLetter should capitalize the first letter of a string with multiple spaces between words" duration="9"/>
    <testCase name="capitalizeFirstLetter should capitalize the first letter of a non-empty string" duration="2"/>
    <testCase name="capitalizeFirstLetter should not modify an empty string" duration="2"/>
    <testCase name="capitalizeFirstLetter should return the input if it&apos;s not a string" duration="3"/>
    <testCase name="capitalizeFirstLetter should capitalize the first letter of a single-word string" duration="4"/>
    <testCase name="capitalizeFirstLetter should capitalize the first letter of each word in a sentence" duration="8"/>
    <testCase name="capitalizeFirstLetter should not modify a string with only non-alphabetic characters" duration="7"/>
    <testCase name="capitalizeFirstLetter should handle mixed case strings" duration="20"/>
    <testCase name="capitalizeFirstLetter should return a string with the first letter capitalized when input is a non-empty string" duration="2"/>
    <testCase name="capitalizeFirstLetter should return an empty string when input is an empty string" duration="5"/>
    <testCase name="capitalizeFirstLetter should return the input when it is not a string" duration="3"/>
    <testCase name="capitalizeFirstLetter should return the input when it is null" duration="2"/>
    <testCase name="capitalizeFirstLetter should return the input when it is undefined" duration="3"/>
    <testCase name="capitalizeFirstLetter should return the input when it is a number" duration="2"/>
  </file>
  <file path="/Users/user/Documents/GitHub/retailcore-mfe-investment-management/src/__tests__/components/ui/Icon.test.tsx">
    <testCase name="Icons should render an Icon component with the given props" duration="49"/>
  </file>
  <file path="/Users/user/Documents/GitHub/retailcore-mfe-investment-management/src/__tests__/utils/ucObjectKeys.test.tsx">
    <testCase name="ucObjectKeys should throw an error when the input is not an array" duration="18"/>
    <testCase name="ucObjectKeys should handle an array with non-object elements as input" duration="25"/>
    <testCase name="ucObjectKeys should capitalize the keys of an array of objects with different keys" duration="9"/>
    <testCase name="ucObjectKeys should capitalize the keys of an array of objects with same keys" duration="6"/>
  </file>
  <file path="/Users/user/Documents/GitHub/retailcore-mfe-investment-management/src/__tests__/components/assets/images/Step.test.tsx">
    <testCase name="Step Renders without error" duration="95"/>
  </file>
  <file path="/Users/user/Documents/GitHub/retailcore-mfe-investment-management/src/__tests__/ReviewStatus.test.tsx">
    <testCase name="ReviewStatus Renders without error" duration="65"/>
    <testCase name="ReviewStatus Render for rejection case" duration="13"/>
  </file>
  <file path="/Users/user/Documents/GitHub/retailcore-mfe-investment-management/src/__tests__/utils/capitalizeObjectKeys.test.tsx">
    <testCase name="capitalizeObjectKeys should return an empty array when given an empty array" duration="24"/>
    <testCase name="capitalizeObjectKeys should return an array of objects with capitalized keys when given an array of objects with lowercase keys" duration="9"/>
    <testCase name="capitalizeObjectKeys should throw an error when given a non-array input" duration="9"/>
    <testCase name="capitalizeObjectKeys should return an array of objects with capitalized keys when given an array of objects with mixed case keys" duration="6"/>
    <testCase name="capitalizeObjectKeys should return an array of objects with capitalized keys when given an array of objects with only one key" duration="5"/>
    <testCase name="capitalizeObjectKeys should return an array of objects with capitalized keys when given an array of objects with only non-string keys" duration="28"/>
    <testCase name="capitalizeObjectKeys should handle objects without own properties" duration="5"/>
  </file>
  <file path="/Users/user/Documents/GitHub/retailcore-mfe-investment-management/src/__tests__/utils/test-util.test.tsx">
    <testCase name="renderWithProviders should render the UI with the Provider wrapper and the passed options" duration="132"/>
    <testCase name="renderWithProviders should return the store and the rendered UI" duration="11"/>
  </file>
  <file path="/Users/user/Documents/GitHub/retailcore-mfe-investment-management/src/__tests__/components/SelectedRequirementsTable.test.tsx">
    <testCase name="SelectedRequirementsTable Renders without errors" duration="208"/>
    <testCase name="SelectedRequirementsTable Renders selected requirement list" duration="35"/>
    <testCase name="SelectedRequirementsTable Shows message when list is empty" duration="21"/>
  </file>
  <file path="/Users/user/Documents/GitHub/retailcore-mfe-investment-management/src/__tests__/utils/handleDropdown.test.tsx">
    <testCase name="handleDropdown should return an array of dropdown options when valid status and type are provided" duration="16"/>
    <testCase name="handleDropdown should return an empty array when an invalid status is provided" duration="11"/>
    <testCase name="handleDropdown should return an empty array when either status or type is falsy" duration="3"/>
    <testCase name="handleDropdown should return an array of options based on status and type" duration="4"/>
    <testCase name="handleDropdown should filter options based on permissions if CREATE_PRODUCT is not included" duration="17"/>
    <testCase name="handleDropdown should return an empty array if status is not found in firstLevel" duration="3"/>
    <testCase name="handleDropdown should return an empty array when either &quot;status&quot; or &quot;type&quot; is falsy" duration="16"/>
    <testCase name="handleDropdown should return an array of options based on &quot;status&quot; and &quot;type&quot;" duration="6"/>
    <testCase name="handleDropdown should filter options based on permissions if &quot;CREATE_PRODUCT&quot; is not included" duration="2"/>
    <testCase name="handleDropdown should return an empty array if &quot;selectedType&quot; is falsy" duration="3"/>
    <testCase name="handleDropdown should return an empty array if &quot;status&quot; is not found in &quot;DropDownOptions&quot;" duration="2"/>
    <testCase name="handleDropdown should return an empty array if &quot;type&quot; is not found in &quot;creationMap&quot;" duration="2"/>
    <testCase name="handleDropdown should return an empty array when status is falsy" duration="2"/>
    <testCase name="handleDropdown should return an empty array when type is falsy" duration="2"/>
    <testCase name="handleDropdown should return an array of options when type is in creationMap" duration="3"/>
    <testCase name="handleDropdown should return an array of options when type is not in creationMap" duration="7"/>
  </file>
  <file path="/Users/user/Documents/GitHub/retailcore-mfe-investment-management/src/__tests__/MinMaxInput.test.tsx">
    <testCase name="MinMaxInput Renders without error" duration="66"/>
    <testCase name="MinMaxInput Renders error" duration="19"/>
    <testCase name="MinMaxInput Shows button if &apos;hasButton&apos; is true" duration="12"/>
    <testCase name="MinMaxInput Shows percent sign (%) if &apos;isPercent&apos; is true" duration="14"/>
    <testCase name="MinMaxInput sets default value" duration="15"/>
  </file>
  <file path="/Users/user/Documents/GitHub/retailcore-mfe-investment-management/src/__tests__/layouts/AuthGuard.test.tsx">
    <testCase name="AuthGuard shows content if authenticated" duration="51"/>
    <testCase name="should return children when isAuthenticated is true" duration="5"/>
  </file>
  <file path="/Users/user/Documents/GitHub/retailcore-mfe-investment-management/src/__tests__/components/assets/images/ModifySvg.test.tsx">
    <testCase name="ModifySvg Renders without error" duration="62"/>
  </file>
  <file path="/Users/user/Documents/GitHub/retailcore-mfe-investment-management/src/__tests__/components/BottomBarLoader.test.tsx">
    <testCase name="renders the BottomBarLoader component" duration="32"/>
  </file>
  <file path="/Users/user/Documents/GitHub/retailcore-mfe-investment-management/src/__tests__/utils/isNewLocation.test.tsx">
    <testCase name="isNewLocation should return false when oldData is null" duration="10"/>
    <testCase name="isNewLocation should return false when oldData is undefined" duration="3"/>
    <testCase name="isNewLocation should return false when all properties match" duration="16"/>
    <testCase name="isNewLocation should return true when at least one property does not match" duration="6"/>
    <testCase name="isNewLocation should return true when newData is null" duration="11"/>
    <testCase name="isNewLocation should return true when oldData is null and newData is defined" duration="2"/>
    <testCase name="isNewLocation should return false when oldData and newData are both null" duration="21"/>
  </file>
  <file path="/Users/user/Documents/GitHub/retailcore-mfe-investment-management/src/__tests__/utils/getPercentage.test.tsx">
    <testCase name="getPercentage should return the correct percentage when total and success are positive integers" duration="18"/>
    <testCase name="getPercentage should return 100 when success is equal to total" duration="3"/>
    <testCase name="getPercentage should return 0 when success is equal to 0" duration="3"/>
    <testCase name="getPercentage should return the correct percentage when success is less than total" duration="13"/>
  </file>
  <file path="/Users/user/Documents/GitHub/retailcore-mfe-investment-management/src/__tests__/utils/cleanObject.test.tsx">
    <testCase name="cleanObject should return an empty object when passed an empty object" duration="12"/>
    <testCase name="cleanObject should return an object with all non-null, non-undefined, and non-empty string values" duration="2"/>
    <testCase name="cleanObject should return an object with all non-null, non-undefined, and non-empty values of different types" duration="2"/>
  </file>
  <file path="/Users/user/Documents/GitHub/retailcore-mfe-investment-management/src/__tests__/utils/handleUserView.test.tsx">
    <testCase name="handleUserView should return &quot;in-review&quot; when value is &quot;P&quot; and checker is false" duration="10"/>
    <testCase name="handleUserView should return &quot;pending&quot; when value is &quot;P&quot; and checker is true" duration="3"/>
    <testCase name="handleUserView should return &quot;draft&quot; when value is &quot;D&quot;" duration="3"/>
    <testCase name="handleUserView should return &quot;approved&quot; when value is &quot;A&quot;" duration="3"/>
    <testCase name="handleUserView should return &quot;in-issue&quot; when value is &quot;I&quot; and checker is false" duration="2"/>
    <testCase name="handleUserView should return &quot;rejected&quot; when value is &quot;I&quot; and checker is true" duration="4"/>
    <testCase name="handleUserView should return &quot;in-issue&quot; when value is &quot;R&quot; and checker is false" duration="2"/>
    <testCase name="handleUserView should return &quot;rejected&quot; when value is &quot;R&quot; and checker is true" duration="16"/>
    <testCase name="handleUserView should return valye when value is &quot;T&quot; and checker is true" duration="13"/>
  </file>
  <file path="/Users/user/Documents/GitHub/retailcore-mfe-investment-management/src/__tests__/utils/parseQueryParams.test.tsx">
    <testCase name="parseQueryParams should return an instance of URLSearchParams when called with valid query params" duration="45"/>
    <testCase name="parseQueryParams should append all non-array query params to the URLSearchParams instance" duration="4"/>
    <testCase name="parseQueryParams should append all items in an array query param to the URLSearchParams instance" duration="3"/>
    <testCase name="parseQueryParams should set boolean query params to their corresponding key in the URLSearchParams instance" duration="17"/>
    <testCase name="parseQueryParams should handle an empty query params object" duration="7"/>
    <testCase name="parseQueryParams should handle a query params object with null or undefined values" duration="4"/>
  </file>
  <file path="/Users/user/Documents/GitHub/retailcore-mfe-investment-management/src/__tests__/utils/requestType.test.tsx">
    <testCase name="getRequestType should return &quot;bulk creation&quot; when type is &quot;BULK_CREATE&quot;" duration="28"/>
    <testCase name="getRequestType should return &quot;creation&quot; when type is &quot;CREATE&quot;" duration="3"/>
    <testCase name="getRequestType should return &quot;deactivation&quot; when type is &quot;DEACTIVATE&quot;" duration="3"/>
    <testCase name="getRequestType should return &quot;reactivation&quot; when type is &quot;REACTIVATE&quot;" duration="5"/>
    <testCase name="getRequestType should return &quot;modification&quot; when type is &quot;CHANGE&quot;" duration="11"/>
    <testCase name="getRequestType should return &quot;configuration&quot; when type is &quot;CONFIGURATION&quot;" duration="3"/>
  </file>
  <file path="/Users/user/Documents/GitHub/retailcore-mfe-investment-management/src/__tests__/utils/convertKeysToLowerCase.test.tsx">
    <testCase name="convertKeysToLowerCase should convert all keys in a simple object to lowercase" duration="10"/>
    <testCase name="convertKeysToLowerCase should convert all keys in a nested object to lowercase" duration="7"/>
    <testCase name="convertKeysToLowerCase should return an empty object when given an empty object" duration="2"/>
    <testCase name="convertKeysToLowerCase should convert keys with one character to lowercase" duration="4"/>
    <testCase name="convertKeysToLowerCase should convert keys with all characters already lowercase" duration="10"/>
    <testCase name="convertKeysToLowerCase should convert keys with all characters already uppercase" duration="4"/>
  </file>
  <file path="/Users/user/Documents/GitHub/retailcore-mfe-investment-management/src/__tests__/utils/checkEmpty.test.tsx">
    <testCase name="checkEmpty should return an empty array when all objects have all required properties" duration="10"/>
    <testCase name="checkEmpty should return an array with objects that have missing required properties" duration="2"/>
    <testCase name="checkEmpty should return an empty array when uploadData is empty" duration="2"/>
    <testCase name="checkEmpty should return an array with objects that have all required properties when uploadData contains only such objects" duration="5"/>
    <testCase name="checkEmpty should return an array with objects that have missing required properties when uploadData contains only such objects" duration="2"/>
    <testCase name="checkEmpty should return an array with objects that have missing required properties when uploadData contains objects with missing and objects with all required properties" duration="6"/>
  </file>
  <file path="/Users/user/Documents/GitHub/retailcore-mfe-investment-management/src/__tests__/utils/lowerObjectKeys.test.tsx">
    <testCase name="lowerObjectKeys should return an empty array when given an empty array" duration="10"/>
    <testCase name="lowerObjectKeys should return an array of objects with lowerd keys when given an array of objects with lowercase keys" duration="7"/>
    <testCase name="lowerObjectKeys should throw an error when given a non-array input" duration="20"/>
    <testCase name="lowerObjectKeys should return an array of objects with lowerd keys when given an array of objects with mixed case keys" duration="5"/>
    <testCase name="lowerObjectKeys should return an array of objects with lowerd keys when given an array of objects with only one key" duration="3"/>
    <testCase name="lowerObjectKeys should return an array of objects with lowerd keys when given an array of objects with only non-string keys" duration="3"/>
    <testCase name="lowerObjectKeys should handle objects without own properties" duration="26"/>
  </file>
</testExecutions>