<?xml version="1.0" encoding="UTF-8"?>
<testExecutions version="1">
  <file path="/Users/work/Documents/retailcore-mfe-investment-management/src/__tests__/components/StatusCard.test.tsx">
    <testCase name="StatusCard Renders without error" duration="591"/>
    <testCase name="StatusButton Renders without error" duration="18"/>
    <testCase name="StatusButton Shows spinner while loading" duration="30"/>
    <testCase name="sortOptions Sorts and returns expected options in &apos;all products&apos; category" duration="25"/>
    <testCase name="sortOptions Sorts and returns expected options in &apos;requests&apos; category" duration="6"/>
    <testCase name="StatusCategoryButton should handle button click and apply styles" duration="33"/>
    <testCase name="handleActiveType Sets status to &quot;&quot; when activeType === all " duration="3"/>
    <testCase name="handleActiveType Sets status according to various activeTypes" duration="8"/>
    <testCase name="filterDefaultOptions should return an array of objects filtered from" duration="4"/>
    <testCase name="filterDefaultOptions should not contain objects withroperty equal  or" duration="3"/>
    <testCase name="filterDefaultOptions should contain objects withroperty equal  or only" duration="22"/>
    <testCase name="filterDefaultOptions should contain objects withroperty equal  only" duration="4"/>
    <testCase name="filterDefaultOptions should contain objects withroperty equal to only" duration="4"/>
    <testCase name="StatusButton should render button element with correct type and styling" duration="21"/>
    <testCase name="StatusButton should display correct count when isLoading is false" duration="41"/>
    <testCase name="StatusButton should display spinner when isLoading is true" duration="9"/>
    <testCase name="StatusButton should render button element with correct type and styling when count returns undefined" duration="13"/>
    <testCase name="StatusButton should render button element with correct type and styling when count returns null" duration="43"/>
    <testCase name="StatusButton should render button element with correct type and styling when analyticsData is undefined" duration="59"/>
    <testCase name="StatusButton should render button element with correct type and styling" duration="29"/>
    <testCase name="StatusButton should display correct count based on provided analytics data" duration="13"/>
    <testCase name="StatusButton should display spinner animation when isLoading is true" duration="12"/>
    <testCase name="StatusButton should handle missing or invalid item prop" duration="36"/>
    <testCase name="StatusButton should handle missing or invalid analyticsData prop" duration="50"/>
    <testCase name="StatusButton should handle missing or invalid setActiveType prop" duration="29"/>
    <testCase name="count should return the correct count for each status type" duration="20"/>
    <testCase name="count should return 0 when the input item type is not recognized" duration="2"/>
    <testCase name="count should return 0 when the analyticsData is null" duration="4"/>
    <testCase name="count should return 0 when the analyticsData is undefined" duration="11"/>
    <testCase name="count should return 0 when the input item type is null" duration="5"/>
    <testCase name="count should return 0 when the input item type is undefined" duration="10"/>
    <testCase name="count should return 0 when the input item type is an empty string" duration="3"/>
    <testCase name="handleClick should set the category state to the selected item type" duration="9"/>
    <testCase name="handleClick should set the selected state to the first item of ProductOptions if category is AllProducts" duration="3"/>
    <testCase name="handleClick should set the selected state to the first item of RequestOptions if category is not AllProducts" duration="3"/>
    <testCase name="handlePermission should set filtered product options to ProductOptions and filtered request options to RequestOptions when permissions include &quot;AUTHORIZE_INVESTMENT_PRODUCT_CREATION_OR_MODIFICATION_REQUESTS&quot; and &quot;CREATE_INVESTMENT_PRODUCT&quot;, and &quot;VIEW_ALL_INVESTMENT_PRODUCT_RECORDS&quot; and &quot;VIEW_ALL_INVESTMENT_PRODUCT_REQUESTS&quot;" duration="7"/>
    <testCase name="handlePermission should set filtered product options to CreateProductOptions and filtered request options to CreateRequestOptions when permissions include &quot;CREATE_INVESTMENT_PRODUCT&quot; and not &quot;AUTHORIZE_INVESTMENT_PRODUCT_CREATION_OR_MODIFICATION_REQUESTS&quot;, and &quot;VIEW_ALL_INVESTMENT_PRODUCT_RECORDS&quot; and &quot;VIEW_ALL_INVESTMENT_PRODUCT_REQUESTS&quot;" duration="3"/>
    <testCase name="handlePermission should set filtered product options to ApproveProductOptions and filtered request options to ApproveRequestOptions when not &quot;CREATE_INVESTMENT_PRODUCT&quot; and permissions include &quot;AUTHORIZE_INVESTMENT_PRODUCT_CREATION_OR_MODIFICATION_REQUESTS&quot;, and &quot;VIEW_ALL_INVESTMENT_PRODUCT_RECORDS&quot; and &quot;VIEW_ALL_INVESTMENT_PRODUCT_REQUESTS&quot;" duration="3"/>
    <testCase name="handlePermission should set filtered product options to ApproveProductOptions and filtered request options to ApproveRequestOptions when not &quot;CREATE_INVESTMENT_PRODUCT&quot; and permissions include &quot;AUTHORIZE_INVESTMENT_PRODUCT_CREATION_OR_MODIFICATION_REQUESTS&quot;, and &quot;VIEW_ALL_INVESTMENT_PRODUCT_RECORDS&quot; and &quot;VIEW_ALL_INVESTMENT_PRODUCT_REQUESTS&quot;" duration="9"/>
    <testCase name="handlePermission should set filtered product options to ProductOptions without &quot;created_by_anyone&quot; and &quot;approved_system_wide&quot;, and filtered request options to RequestOptions without &quot;created_by_anyone&quot; and &quot;sent_to_anyone&quot; when permissions include &quot;AUTHORIZE_INVESTMENT_PRODUCT_CREATION_OR_MODIFICATION_REQUESTS&quot; and &quot;CREATE_INVESTMENT_PRODUCT&quot;, but not &quot;VIEW_ALL_INVESTMENT_PRODUCT_RECORDS&quot; and &quot;VIEW_ALL_INVESTMENT_PRODUCT_REQUESTS&quot;" duration="2"/>
    <testCase name="handlePermission should set filtered product options to CreateProductOptions without &quot;created_by_anyone&quot;, and filtered request options to CreateRequestOptions without &quot;created_by_anyone&quot; when permissions include &quot;CREATE_INVESTMENT_PRODUCT&quot;, but not &quot;AUTHORIZE_INVESTMENT_PRODUCT_CREATION_OR_MODIFICATION_REQUESTS&quot; and not &quot;VIEW_ALL_INVESTMENT_PRODUCT_RECORDS&quot; and not &quot;VIEW_ALL_INVESTMENT_PRODUCT_REQUESTS&quot;" duration="3"/>
    <testCase name="handlePermission should set filtered product options to ApproveProductOptions without &quot;approved_system_wide&quot;, and filtered request options to ApproveRequestOptions without &quot;sent_to_anyone&quot; when not &quot;CREATE_INVESTMENT_PRODUCT&quot; and permissions include &quot;AUTHORIZE_INVESTMENT_PRODUCT_CREATION_OR_MODIFICATION_REQUESTS&quot;, but not &quot;VIEW_ALL_INVESTMENT_PRODUCT_RECORDS&quot; and not &quot;VIEW_ALL_INVESTMENT_PRODUCT_REQUESTS&quot;" duration="2"/>
    <testCase name="handlePermission should set filtered product options and filtered request options to empty array when permissions is empty" duration="4"/>
    <testCase name="handlePermission should set activeType to &quot;all&quot; when status is empty" duration="3"/>
  </file>
</testExecutions>