<?xml version="1.0" encoding="UTF-8"?>
<testExecutions version="1">
  <file path="/Users/work/Documents/retailcore-mfe-investment-management/src/__tests__/components/Pages/management/certificate/PdfPreviewComponent.test.tsx">
    <testCase name="PdfPreviewComponent should render without errors" duration="365"/>
  </file>
  <file path="/Users/work/Documents/retailcore-mfe-investment-management/src/__tests__/components/Pages/management/book-investment/CustomerInformation.test.tsx">
    <testCase name="onProceed should call preCreateInvestment when formData.id is falsy" duration="28"/>
    <testCase name="onProceed should call preModifyRequest when formData.id is truthy" duration="4"/>
    <testCase name="CustomerInformation Should render" duration="215">
      <failure message="TypeError: (0 , _api.useGetUsersQuery) is not a function"><![CDATA[TypeError: (0 , _api.useGetUsersQuery) is not a function
    at CustomerInformation (/Users/work/Documents/retailcore-mfe-investment-management/src/components/pages/management/book-investment/CustomerInformation.tsx:131:23)
    at renderWithHooks (/Users/work/Documents/retailcore-mfe-investment-management/node_modules/react-dom/cjs/react-dom.development.js:14985:18)
    at mountIndeterminateComponent (/Users/work/Documents/retailcore-mfe-investment-management/node_modules/react-dom/cjs/react-dom.development.js:17811:13)
    at beginWork (/Users/work/Documents/retailcore-mfe-investment-management/node_modules/react-dom/cjs/react-dom.development.js:19049:16)
    at HTMLUnknownElement.callCallback (/Users/work/Documents/retailcore-mfe-investment-management/node_modules/react-dom/cjs/react-dom.development.js:3945:14)
    at HTMLUnknownElement.callTheUserObjectsOperation (/Users/work/Documents/retailcore-mfe-investment-management/node_modules/jsdom/lib/jsdom/living/generated/EventListener.js:26:30)
    at innerInvokeEventListeners (/Users/work/Documents/retailcore-mfe-investment-management/node_modules/jsdom/lib/jsdom/living/events/EventTarget-impl.js:338:25)
    at invokeEventListeners (/Users/work/Documents/retailcore-mfe-investment-management/node_modules/jsdom/lib/jsdom/living/events/EventTarget-impl.js:274:3)
    at HTMLUnknownElementImpl._dispatch (/Users/work/Documents/retailcore-mfe-investment-management/node_modules/jsdom/lib/jsdom/living/events/EventTarget-impl.js:221:9)
    at HTMLUnknownElementImpl.dispatchEvent (/Users/work/Documents/retailcore-mfe-investment-management/node_modules/jsdom/lib/jsdom/living/events/EventTarget-impl.js:94:17)
    at HTMLUnknownElement.dispatchEvent (/Users/work/Documents/retailcore-mfe-investment-management/node_modules/jsdom/lib/jsdom/living/generated/EventTarget.js:231:34)
    at Object.invokeGuardedCallbackDev (/Users/work/Documents/retailcore-mfe-investment-management/node_modules/react-dom/cjs/react-dom.development.js:3994:16)
    at invokeGuardedCallback (/Users/work/Documents/retailcore-mfe-investment-management/node_modules/react-dom/cjs/react-dom.development.js:4056:31)
    at beginWork$1 (/Users/work/Documents/retailcore-mfe-investment-management/node_modules/react-dom/cjs/react-dom.development.js:23964:7)
    at performUnitOfWork (/Users/work/Documents/retailcore-mfe-investment-management/node_modules/react-dom/cjs/react-dom.development.js:22779:12)
    at workLoopSync (/Users/work/Documents/retailcore-mfe-investment-management/node_modules/react-dom/cjs/react-dom.development.js:22707:5)
    at renderRootSync (/Users/work/Documents/retailcore-mfe-investment-management/node_modules/react-dom/cjs/react-dom.development.js:22670:7)
    at performSyncWorkOnRoot (/Users/work/Documents/retailcore-mfe-investment-management/node_modules/react-dom/cjs/react-dom.development.js:22293:18)
    at scheduleUpdateOnFiber (/Users/work/Documents/retailcore-mfe-investment-management/node_modules/react-dom/cjs/react-dom.development.js:21881:7)
    at updateContainer (/Users/work/Documents/retailcore-mfe-investment-management/node_modules/react-dom/cjs/react-dom.development.js:25482:3)
    at /Users/work/Documents/retailcore-mfe-investment-management/node_modules/react-dom/cjs/react-dom.development.js:26021:7
    at unbatchedUpdates (/Users/work/Documents/retailcore-mfe-investment-management/node_modules/react-dom/cjs/react-dom.development.js:22431:12)
    at legacyRenderSubtreeIntoContainer (/Users/work/Documents/retailcore-mfe-investment-management/node_modules/react-dom/cjs/react-dom.development.js:26020:5)
    at Object.render (/Users/work/Documents/retailcore-mfe-investment-management/node_modules/react-dom/cjs/react-dom.development.js:26103:10)
    at /Users/work/Documents/retailcore-mfe-investment-management/node_modules/@testing-library/react/dist/pure.js:101:25
    at batchedUpdates$1 (/Users/work/Documents/retailcore-mfe-investment-management/node_modules/react-dom/cjs/react-dom.development.js:22380:12)
    at act (/Users/work/Documents/retailcore-mfe-investment-management/node_modules/react-dom/cjs/react-dom-test-utils.development.js:1042:14)
    at render (/Users/work/Documents/retailcore-mfe-investment-management/node_modules/@testing-library/react/dist/pure.js:97:26)
    at renderWithProviders (/Users/work/Documents/retailcore-mfe-investment-management/src/__mocks__/api/Wrapper.tsx:40:28)
    at Object.<anonymous> (/Users/work/Documents/retailcore-mfe-investment-management/src/__tests__/components/Pages/management/book-investment/CustomerInformation.test.tsx:2027:24)
    at Promise.then.completed (/Users/work/Documents/retailcore-mfe-investment-management/node_modules/jest-circus/build/utils.js:391:28)
    at new Promise (<anonymous>)
    at callAsyncCircusFn (/Users/work/Documents/retailcore-mfe-investment-management/node_modules/jest-circus/build/utils.js:316:10)
    at _callCircusTest (/Users/work/Documents/retailcore-mfe-investment-management/node_modules/jest-circus/build/run.js:218:40)
    at processTicksAndRejections (node:internal/process/task_queues:95:5)
    at _runTest (/Users/work/Documents/retailcore-mfe-investment-management/node_modules/jest-circus/build/run.js:155:3)
    at _runTestsForDescribeBlock (/Users/work/Documents/retailcore-mfe-investment-management/node_modules/jest-circus/build/run.js:66:9)
    at _runTestsForDescribeBlock (/Users/work/Documents/retailcore-mfe-investment-management/node_modules/jest-circus/build/run.js:60:9)
    at run (/Users/work/Documents/retailcore-mfe-investment-management/node_modules/jest-circus/build/run.js:25:3)
    at runAndTransformResultsToJestFormat (/Users/work/Documents/retailcore-mfe-investment-management/node_modules/jest-circus/build/legacy-code-todo-rewrite/jestAdapterInit.js:170:21)
    at jestAdapter (/Users/work/Documents/retailcore-mfe-investment-management/node_modules/jest-circus/build/legacy-code-todo-rewrite/jestAdapter.js:82:19)
    at runTestInternal (/Users/work/Documents/retailcore-mfe-investment-management/node_modules/jest-runner/build/runTest.js:389:16)
    at runTest (/Users/work/Documents/retailcore-mfe-investment-management/node_modules/jest-runner/build/runTest.js:475:34)
    at Object.worker (/Users/work/Documents/retailcore-mfe-investment-management/node_modules/jest-runner/build/testWorker.js:133:12)]]></failure>
    </testCase>
  </file>
  <file path="/Users/work/Documents/retailcore-mfe-investment-management/src/__tests__/components/Pages/management/book-investment/TransactionSettings.test.tsx">
    <testCase name="TransactionSettings Render" duration="887"/>
    <testCase name="TransactionSettings should render &apos;accountForLiquidation&apos; select input with correct options" duration="164">
      <failure message="Error: expect(element).toHaveTextContent()"><![CDATA[Error: expect(element).toHaveTextContent()

Expected element to have text content:
  Account for liquidation
Received:
  Customer account for principal liquidation*
    at Object.<anonymous> (/Users/work/Documents/retailcore-mfe-investment-management/src/__tests__/components/Pages/management/book-investment/TransactionSettings.test.tsx:892:51)
    at Promise.then.completed (/Users/work/Documents/retailcore-mfe-investment-management/node_modules/jest-circus/build/utils.js:391:28)
    at new Promise (<anonymous>)
    at callAsyncCircusFn (/Users/work/Documents/retailcore-mfe-investment-management/node_modules/jest-circus/build/utils.js:316:10)
    at _callCircusTest (/Users/work/Documents/retailcore-mfe-investment-management/node_modules/jest-circus/build/run.js:218:40)
    at processTicksAndRejections (node:internal/process/task_queues:95:5)
    at _runTest (/Users/work/Documents/retailcore-mfe-investment-management/node_modules/jest-circus/build/run.js:155:3)
    at _runTestsForDescribeBlock (/Users/work/Documents/retailcore-mfe-investment-management/node_modules/jest-circus/build/run.js:66:9)
    at _runTestsForDescribeBlock (/Users/work/Documents/retailcore-mfe-investment-management/node_modules/jest-circus/build/run.js:60:9)
    at run (/Users/work/Documents/retailcore-mfe-investment-management/node_modules/jest-circus/build/run.js:25:3)
    at runAndTransformResultsToJestFormat (/Users/work/Documents/retailcore-mfe-investment-management/node_modules/jest-circus/build/legacy-code-todo-rewrite/jestAdapterInit.js:170:21)
    at jestAdapter (/Users/work/Documents/retailcore-mfe-investment-management/node_modules/jest-circus/build/legacy-code-todo-rewrite/jestAdapter.js:82:19)
    at runTestInternal (/Users/work/Documents/retailcore-mfe-investment-management/node_modules/jest-runner/build/runTest.js:389:16)
    at runTest (/Users/work/Documents/retailcore-mfe-investment-management/node_modules/jest-runner/build/runTest.js:475:34)
    at Object.worker (/Users/work/Documents/retailcore-mfe-investment-management/node_modules/jest-runner/build/testWorker.js:133:12)]]></failure>
    </testCase>
    <testCase name="TransactionSettings should render &apos;accountForLiquidation&apos; select input without any options" duration="415"/>
    <testCase name="handleAccountForLiquidation should generate accountData and call setCustomerData when profileIsSuccess is true" duration="4"/>
    <testCase name="handleAccountForLiquidation should update formData and call setValue when accountData exists and formData.transactionSettingModel.accountForLiquidation does not exist" duration="27"/>
    <testCase name="handleAccountForLiquidation should not update formData or call setValue when accountData does not exist or formData.transactionSettingModel.accountForLiquidation exists" duration="4"/>
    <testCase name="handleAccountForLiquidation should not update formData or call setValue when profileIsSuccess is false" duration="6"/>
    <testCase name="onProceed should call preModifyRequest and setFormData with updated data" duration="17">
      <failure message="TypeError: Cannot read properties of null (reading &apos;startDate&apos;)"><![CDATA[TypeError: Cannot read properties of null (reading 'startDate')
    at onProceed (/Users/work/Documents/retailcore-mfe-investment-management/src/components/pages/management/book-investment/TransactionSettings.tsx:81:23)
    at Object.<anonymous> (/Users/work/Documents/retailcore-mfe-investment-management/src/__tests__/components/Pages/management/book-investment/TransactionSettings.test.tsx:1163:14)
    at Promise.then.completed (/Users/work/Documents/retailcore-mfe-investment-management/node_modules/jest-circus/build/utils.js:391:28)
    at new Promise (<anonymous>)
    at callAsyncCircusFn (/Users/work/Documents/retailcore-mfe-investment-management/node_modules/jest-circus/build/utils.js:316:10)
    at _callCircusTest (/Users/work/Documents/retailcore-mfe-investment-management/node_modules/jest-circus/build/run.js:218:40)
    at processTicksAndRejections (node:internal/process/task_queues:95:5)
    at _runTest (/Users/work/Documents/retailcore-mfe-investment-management/node_modules/jest-circus/build/run.js:155:3)
    at _runTestsForDescribeBlock (/Users/work/Documents/retailcore-mfe-investment-management/node_modules/jest-circus/build/run.js:66:9)
    at _runTestsForDescribeBlock (/Users/work/Documents/retailcore-mfe-investment-management/node_modules/jest-circus/build/run.js:60:9)
    at run (/Users/work/Documents/retailcore-mfe-investment-management/node_modules/jest-circus/build/run.js:25:3)
    at runAndTransformResultsToJestFormat (/Users/work/Documents/retailcore-mfe-investment-management/node_modules/jest-circus/build/legacy-code-todo-rewrite/jestAdapterInit.js:170:21)
    at jestAdapter (/Users/work/Documents/retailcore-mfe-investment-management/node_modules/jest-circus/build/legacy-code-todo-rewrite/jestAdapter.js:82:19)
    at runTestInternal (/Users/work/Documents/retailcore-mfe-investment-management/node_modules/jest-runner/build/runTest.js:389:16)
    at runTest (/Users/work/Documents/retailcore-mfe-investment-management/node_modules/jest-runner/build/runTest.js:475:34)
    at Object.worker (/Users/work/Documents/retailcore-mfe-investment-management/node_modules/jest-runner/build/testWorker.js:133:12)]]></failure>
    </testCase>
    <testCase name="onProceed should call preModifyRequest and setFormData with updated data when data is null" duration="16">
      <failure message="TypeError: Cannot read properties of null (reading &apos;startDate&apos;)"><![CDATA[TypeError: Cannot read properties of null (reading 'startDate')
    at onProceed (/Users/work/Documents/retailcore-mfe-investment-management/src/components/pages/management/book-investment/TransactionSettings.tsx:81:23)
    at Object.<anonymous> (/Users/work/Documents/retailcore-mfe-investment-management/src/__tests__/components/Pages/management/book-investment/TransactionSettings.test.tsx:1193:14)
    at Promise.then.completed (/Users/work/Documents/retailcore-mfe-investment-management/node_modules/jest-circus/build/utils.js:391:28)
    at new Promise (<anonymous>)
    at callAsyncCircusFn (/Users/work/Documents/retailcore-mfe-investment-management/node_modules/jest-circus/build/utils.js:316:10)
    at _callCircusTest (/Users/work/Documents/retailcore-mfe-investment-management/node_modules/jest-circus/build/run.js:218:40)
    at processTicksAndRejections (node:internal/process/task_queues:95:5)
    at _runTest (/Users/work/Documents/retailcore-mfe-investment-management/node_modules/jest-circus/build/run.js:155:3)
    at _runTestsForDescribeBlock (/Users/work/Documents/retailcore-mfe-investment-management/node_modules/jest-circus/build/run.js:66:9)
    at _runTestsForDescribeBlock (/Users/work/Documents/retailcore-mfe-investment-management/node_modules/jest-circus/build/run.js:60:9)
    at run (/Users/work/Documents/retailcore-mfe-investment-management/node_modules/jest-circus/build/run.js:25:3)
    at runAndTransformResultsToJestFormat (/Users/work/Documents/retailcore-mfe-investment-management/node_modules/jest-circus/build/legacy-code-todo-rewrite/jestAdapterInit.js:170:21)
    at jestAdapter (/Users/work/Documents/retailcore-mfe-investment-management/node_modules/jest-circus/build/legacy-code-todo-rewrite/jestAdapter.js:82:19)
    at runTestInternal (/Users/work/Documents/retailcore-mfe-investment-management/node_modules/jest-runner/build/runTest.js:389:16)
    at runTest (/Users/work/Documents/retailcore-mfe-investment-management/node_modules/jest-runner/build/runTest.js:475:34)
    at Object.worker (/Users/work/Documents/retailcore-mfe-investment-management/node_modules/jest-runner/build/testWorker.js:133:12)]]></failure>
    </testCase>
  </file>
  <file path="/Users/work/Documents/retailcore-mfe-investment-management/src/__tests__/forms/GlInput.test.tsx">
    <testCase name="EntriesAndEventsSearchResults render, call requests and change value without error" duration="340"/>
    <testCase name="EntriesAndEventsSearchResults should close on clickaway" duration="120"/>
  </file>
  <file path="/Users/work/Documents/retailcore-mfe-investment-management/src/__tests__/components/forms/GlInput.test.tsx">
    <testCase name="closeDropdown should set isOpen state to false when called with a valid setIsOpen function" duration="51"/>
    <testCase name="EntriesAndEventsSearchResults should render a search input field with a search icon" duration="76"/>
    <testCase name="EntriesAndEventsSearchResults should allow user to input search query" duration="26"/>
    <testCase name="EntriesAndEventsSearchResults should display a dropdown menu when search input field is clicked" duration="30"/>
    <testCase name="EntriesAndEventsSearchResults should display an empty dropdown menu when there are no GL classes" duration="44"/>
    <testCase name="EntriesAndEventsSearchResults should display an empty list of ledgers when a GL class has no ledgers" duration="17"/>
    <testCase name="EntriesAndEventsSearchResults should display an error message when there is an error fetching GL classes or ledgers" duration="45"/>
    <testCase name="EntriesAndEventsSearchResults renders with default props" duration="16"/>
    <testCase name="EntriesAndEventsSearchResults handles input change and displays results" duration="17"/>
    <testCase name="EntriesAndEventsSearchResults handles click on a result and triggers functions" duration="33"/>
  </file>
  <file path="/Users/work/Documents/retailcore-mfe-investment-management/src/__tests__/pages/investment/term-deposit/create-term-deposit/IndexComponent.test.tsx">
    <testCase name="IndexComponent Show modal when clicking save to Draft" duration="176">
      <failure message="TypeError: Cannot read properties of undefined (reading &apos;replace&apos;)"><![CDATA[TypeError: Cannot read properties of undefined (reading 'replace')
    at CreateTermDeposit (/Users/work/Documents/retailcore-mfe-investment-management/src/pages/investment/term-deposit/create-term-deposit/IndexComponent.tsx:359:26)
    at renderWithHooks (/Users/work/Documents/retailcore-mfe-investment-management/node_modules/react-dom/cjs/react-dom.development.js:14985:18)
    at mountIndeterminateComponent (/Users/work/Documents/retailcore-mfe-investment-management/node_modules/react-dom/cjs/react-dom.development.js:17811:13)
    at beginWork (/Users/work/Documents/retailcore-mfe-investment-management/node_modules/react-dom/cjs/react-dom.development.js:19049:16)
    at HTMLUnknownElement.callCallback (/Users/work/Documents/retailcore-mfe-investment-management/node_modules/react-dom/cjs/react-dom.development.js:3945:14)
    at HTMLUnknownElement.callTheUserObjectsOperation (/Users/work/Documents/retailcore-mfe-investment-management/node_modules/jsdom/lib/jsdom/living/generated/EventListener.js:26:30)
    at innerInvokeEventListeners (/Users/work/Documents/retailcore-mfe-investment-management/node_modules/jsdom/lib/jsdom/living/events/EventTarget-impl.js:338:25)
    at invokeEventListeners (/Users/work/Documents/retailcore-mfe-investment-management/node_modules/jsdom/lib/jsdom/living/events/EventTarget-impl.js:274:3)
    at HTMLUnknownElementImpl._dispatch (/Users/work/Documents/retailcore-mfe-investment-management/node_modules/jsdom/lib/jsdom/living/events/EventTarget-impl.js:221:9)
    at HTMLUnknownElementImpl.dispatchEvent (/Users/work/Documents/retailcore-mfe-investment-management/node_modules/jsdom/lib/jsdom/living/events/EventTarget-impl.js:94:17)
    at HTMLUnknownElement.dispatchEvent (/Users/work/Documents/retailcore-mfe-investment-management/node_modules/jsdom/lib/jsdom/living/generated/EventTarget.js:231:34)
    at Object.invokeGuardedCallbackDev (/Users/work/Documents/retailcore-mfe-investment-management/node_modules/react-dom/cjs/react-dom.development.js:3994:16)
    at invokeGuardedCallback (/Users/work/Documents/retailcore-mfe-investment-management/node_modules/react-dom/cjs/react-dom.development.js:4056:31)
    at beginWork$1 (/Users/work/Documents/retailcore-mfe-investment-management/node_modules/react-dom/cjs/react-dom.development.js:23964:7)
    at performUnitOfWork (/Users/work/Documents/retailcore-mfe-investment-management/node_modules/react-dom/cjs/react-dom.development.js:22779:12)
    at workLoopSync (/Users/work/Documents/retailcore-mfe-investment-management/node_modules/react-dom/cjs/react-dom.development.js:22707:5)
    at renderRootSync (/Users/work/Documents/retailcore-mfe-investment-management/node_modules/react-dom/cjs/react-dom.development.js:22670:7)
    at performSyncWorkOnRoot (/Users/work/Documents/retailcore-mfe-investment-management/node_modules/react-dom/cjs/react-dom.development.js:22293:18)
    at scheduleUpdateOnFiber (/Users/work/Documents/retailcore-mfe-investment-management/node_modules/react-dom/cjs/react-dom.development.js:21881:7)
    at updateContainer (/Users/work/Documents/retailcore-mfe-investment-management/node_modules/react-dom/cjs/react-dom.development.js:25482:3)
    at /Users/work/Documents/retailcore-mfe-investment-management/node_modules/react-dom/cjs/react-dom.development.js:26021:7
    at unbatchedUpdates (/Users/work/Documents/retailcore-mfe-investment-management/node_modules/react-dom/cjs/react-dom.development.js:22431:12)
    at legacyRenderSubtreeIntoContainer (/Users/work/Documents/retailcore-mfe-investment-management/node_modules/react-dom/cjs/react-dom.development.js:26020:5)
    at Object.render (/Users/work/Documents/retailcore-mfe-investment-management/node_modules/react-dom/cjs/react-dom.development.js:26103:10)
    at /Users/work/Documents/retailcore-mfe-investment-management/node_modules/@testing-library/react/dist/pure.js:101:25
    at batchedUpdates$1 (/Users/work/Documents/retailcore-mfe-investment-management/node_modules/react-dom/cjs/react-dom.development.js:22380:12)
    at act (/Users/work/Documents/retailcore-mfe-investment-management/node_modules/react-dom/cjs/react-dom-test-utils.development.js:1042:14)
    at render (/Users/work/Documents/retailcore-mfe-investment-management/node_modules/@testing-library/react/dist/pure.js:97:26)
    at renderWithProviders (/Users/work/Documents/retailcore-mfe-investment-management/src/__mocks__/api/Wrapper.tsx:40:28)
    at Object.<anonymous> (/Users/work/Documents/retailcore-mfe-investment-management/src/__tests__/pages/investment/term-deposit/create-term-deposit/IndexComponent.test.tsx:68:75)
    at Promise.then.completed (/Users/work/Documents/retailcore-mfe-investment-management/node_modules/jest-circus/build/utils.js:391:28)
    at new Promise (<anonymous>)
    at callAsyncCircusFn (/Users/work/Documents/retailcore-mfe-investment-management/node_modules/jest-circus/build/utils.js:316:10)
    at _callCircusTest (/Users/work/Documents/retailcore-mfe-investment-management/node_modules/jest-circus/build/run.js:218:40)
    at processTicksAndRejections (node:internal/process/task_queues:95:5)
    at _runTest (/Users/work/Documents/retailcore-mfe-investment-management/node_modules/jest-circus/build/run.js:155:3)
    at _runTestsForDescribeBlock (/Users/work/Documents/retailcore-mfe-investment-management/node_modules/jest-circus/build/run.js:66:9)
    at _runTestsForDescribeBlock (/Users/work/Documents/retailcore-mfe-investment-management/node_modules/jest-circus/build/run.js:60:9)
    at run (/Users/work/Documents/retailcore-mfe-investment-management/node_modules/jest-circus/build/run.js:25:3)
    at runAndTransformResultsToJestFormat (/Users/work/Documents/retailcore-mfe-investment-management/node_modules/jest-circus/build/legacy-code-todo-rewrite/jestAdapterInit.js:170:21)
    at jestAdapter (/Users/work/Documents/retailcore-mfe-investment-management/node_modules/jest-circus/build/legacy-code-todo-rewrite/jestAdapter.js:82:19)
    at runTestInternal (/Users/work/Documents/retailcore-mfe-investment-management/node_modules/jest-runner/build/runTest.js:389:16)
    at runTest (/Users/work/Documents/retailcore-mfe-investment-management/node_modules/jest-runner/build/runTest.js:475:34)
    at Object.worker (/Users/work/Documents/retailcore-mfe-investment-management/node_modules/jest-runner/build/testWorker.js:133:12)]]></failure>
    </testCase>
    <testCase name="IndexComponent Shows disabled button when form is not valid" duration="28">
      <failure message="TypeError: Cannot read properties of undefined (reading &apos;replace&apos;)"><![CDATA[TypeError: Cannot read properties of undefined (reading 'replace')
    at CreateTermDeposit (/Users/work/Documents/retailcore-mfe-investment-management/src/pages/investment/term-deposit/create-term-deposit/IndexComponent.tsx:359:26)
    at renderWithHooks (/Users/work/Documents/retailcore-mfe-investment-management/node_modules/react-dom/cjs/react-dom.development.js:14985:18)
    at mountIndeterminateComponent (/Users/work/Documents/retailcore-mfe-investment-management/node_modules/react-dom/cjs/react-dom.development.js:17811:13)
    at beginWork (/Users/work/Documents/retailcore-mfe-investment-management/node_modules/react-dom/cjs/react-dom.development.js:19049:16)
    at HTMLUnknownElement.callCallback (/Users/work/Documents/retailcore-mfe-investment-management/node_modules/react-dom/cjs/react-dom.development.js:3945:14)
    at HTMLUnknownElement.callTheUserObjectsOperation (/Users/work/Documents/retailcore-mfe-investment-management/node_modules/jsdom/lib/jsdom/living/generated/EventListener.js:26:30)
    at innerInvokeEventListeners (/Users/work/Documents/retailcore-mfe-investment-management/node_modules/jsdom/lib/jsdom/living/events/EventTarget-impl.js:338:25)
    at invokeEventListeners (/Users/work/Documents/retailcore-mfe-investment-management/node_modules/jsdom/lib/jsdom/living/events/EventTarget-impl.js:274:3)
    at HTMLUnknownElementImpl._dispatch (/Users/work/Documents/retailcore-mfe-investment-management/node_modules/jsdom/lib/jsdom/living/events/EventTarget-impl.js:221:9)
    at HTMLUnknownElementImpl.dispatchEvent (/Users/work/Documents/retailcore-mfe-investment-management/node_modules/jsdom/lib/jsdom/living/events/EventTarget-impl.js:94:17)
    at HTMLUnknownElement.dispatchEvent (/Users/work/Documents/retailcore-mfe-investment-management/node_modules/jsdom/lib/jsdom/living/generated/EventTarget.js:231:34)
    at Object.invokeGuardedCallbackDev (/Users/work/Documents/retailcore-mfe-investment-management/node_modules/react-dom/cjs/react-dom.development.js:3994:16)
    at invokeGuardedCallback (/Users/work/Documents/retailcore-mfe-investment-management/node_modules/react-dom/cjs/react-dom.development.js:4056:31)
    at beginWork$1 (/Users/work/Documents/retailcore-mfe-investment-management/node_modules/react-dom/cjs/react-dom.development.js:23964:7)
    at performUnitOfWork (/Users/work/Documents/retailcore-mfe-investment-management/node_modules/react-dom/cjs/react-dom.development.js:22779:12)
    at workLoopSync (/Users/work/Documents/retailcore-mfe-investment-management/node_modules/react-dom/cjs/react-dom.development.js:22707:5)
    at renderRootSync (/Users/work/Documents/retailcore-mfe-investment-management/node_modules/react-dom/cjs/react-dom.development.js:22670:7)
    at performSyncWorkOnRoot (/Users/work/Documents/retailcore-mfe-investment-management/node_modules/react-dom/cjs/react-dom.development.js:22293:18)
    at scheduleUpdateOnFiber (/Users/work/Documents/retailcore-mfe-investment-management/node_modules/react-dom/cjs/react-dom.development.js:21881:7)
    at updateContainer (/Users/work/Documents/retailcore-mfe-investment-management/node_modules/react-dom/cjs/react-dom.development.js:25482:3)
    at /Users/work/Documents/retailcore-mfe-investment-management/node_modules/react-dom/cjs/react-dom.development.js:26021:7
    at unbatchedUpdates (/Users/work/Documents/retailcore-mfe-investment-management/node_modules/react-dom/cjs/react-dom.development.js:22431:12)
    at legacyRenderSubtreeIntoContainer (/Users/work/Documents/retailcore-mfe-investment-management/node_modules/react-dom/cjs/react-dom.development.js:26020:5)
    at Object.render (/Users/work/Documents/retailcore-mfe-investment-management/node_modules/react-dom/cjs/react-dom.development.js:26103:10)
    at /Users/work/Documents/retailcore-mfe-investment-management/node_modules/@testing-library/react/dist/pure.js:101:25
    at batchedUpdates$1 (/Users/work/Documents/retailcore-mfe-investment-management/node_modules/react-dom/cjs/react-dom.development.js:22380:12)
    at act (/Users/work/Documents/retailcore-mfe-investment-management/node_modules/react-dom/cjs/react-dom-test-utils.development.js:1042:14)
    at render (/Users/work/Documents/retailcore-mfe-investment-management/node_modules/@testing-library/react/dist/pure.js:97:26)
    at renderWithProviders (/Users/work/Documents/retailcore-mfe-investment-management/src/__mocks__/api/Wrapper.tsx:40:28)
    at Object.<anonymous> (/Users/work/Documents/retailcore-mfe-investment-management/src/__tests__/pages/investment/term-deposit/create-term-deposit/IndexComponent.test.tsx:76:75)
    at Promise.then.completed (/Users/work/Documents/retailcore-mfe-investment-management/node_modules/jest-circus/build/utils.js:391:28)
    at new Promise (<anonymous>)
    at callAsyncCircusFn (/Users/work/Documents/retailcore-mfe-investment-management/node_modules/jest-circus/build/utils.js:316:10)
    at _callCircusTest (/Users/work/Documents/retailcore-mfe-investment-management/node_modules/jest-circus/build/run.js:218:40)
    at processTicksAndRejections (node:internal/process/task_queues:95:5)
    at _runTest (/Users/work/Documents/retailcore-mfe-investment-management/node_modules/jest-circus/build/run.js:155:3)
    at _runTestsForDescribeBlock (/Users/work/Documents/retailcore-mfe-investment-management/node_modules/jest-circus/build/run.js:66:9)
    at _runTestsForDescribeBlock (/Users/work/Documents/retailcore-mfe-investment-management/node_modules/jest-circus/build/run.js:60:9)
    at run (/Users/work/Documents/retailcore-mfe-investment-management/node_modules/jest-circus/build/run.js:25:3)
    at runAndTransformResultsToJestFormat (/Users/work/Documents/retailcore-mfe-investment-management/node_modules/jest-circus/build/legacy-code-todo-rewrite/jestAdapterInit.js:170:21)
    at jestAdapter (/Users/work/Documents/retailcore-mfe-investment-management/node_modules/jest-circus/build/legacy-code-todo-rewrite/jestAdapter.js:82:19)
    at runTestInternal (/Users/work/Documents/retailcore-mfe-investment-management/node_modules/jest-runner/build/runTest.js:389:16)
    at runTest (/Users/work/Documents/retailcore-mfe-investment-management/node_modules/jest-runner/build/runTest.js:475:34)
    at Object.worker (/Users/work/Documents/retailcore-mfe-investment-management/node_modules/jest-runner/build/testWorker.js:133:12)]]></failure>
    </testCase>
    <testCase name="IndexComponent Should not have disabled button when fom is valid" duration="30">
      <failure message="TypeError: Cannot read properties of undefined (reading &apos;replace&apos;)"><![CDATA[TypeError: Cannot read properties of undefined (reading 'replace')
    at CreateTermDeposit (/Users/work/Documents/retailcore-mfe-investment-management/src/pages/investment/term-deposit/create-term-deposit/IndexComponent.tsx:359:26)
    at renderWithHooks (/Users/work/Documents/retailcore-mfe-investment-management/node_modules/react-dom/cjs/react-dom.development.js:14985:18)
    at mountIndeterminateComponent (/Users/work/Documents/retailcore-mfe-investment-management/node_modules/react-dom/cjs/react-dom.development.js:17811:13)
    at beginWork (/Users/work/Documents/retailcore-mfe-investment-management/node_modules/react-dom/cjs/react-dom.development.js:19049:16)
    at HTMLUnknownElement.callCallback (/Users/work/Documents/retailcore-mfe-investment-management/node_modules/react-dom/cjs/react-dom.development.js:3945:14)
    at HTMLUnknownElement.callTheUserObjectsOperation (/Users/work/Documents/retailcore-mfe-investment-management/node_modules/jsdom/lib/jsdom/living/generated/EventListener.js:26:30)
    at innerInvokeEventListeners (/Users/work/Documents/retailcore-mfe-investment-management/node_modules/jsdom/lib/jsdom/living/events/EventTarget-impl.js:338:25)
    at invokeEventListeners (/Users/work/Documents/retailcore-mfe-investment-management/node_modules/jsdom/lib/jsdom/living/events/EventTarget-impl.js:274:3)
    at HTMLUnknownElementImpl._dispatch (/Users/work/Documents/retailcore-mfe-investment-management/node_modules/jsdom/lib/jsdom/living/events/EventTarget-impl.js:221:9)
    at HTMLUnknownElementImpl.dispatchEvent (/Users/work/Documents/retailcore-mfe-investment-management/node_modules/jsdom/lib/jsdom/living/events/EventTarget-impl.js:94:17)
    at HTMLUnknownElement.dispatchEvent (/Users/work/Documents/retailcore-mfe-investment-management/node_modules/jsdom/lib/jsdom/living/generated/EventTarget.js:231:34)
    at Object.invokeGuardedCallbackDev (/Users/work/Documents/retailcore-mfe-investment-management/node_modules/react-dom/cjs/react-dom.development.js:3994:16)
    at invokeGuardedCallback (/Users/work/Documents/retailcore-mfe-investment-management/node_modules/react-dom/cjs/react-dom.development.js:4056:31)
    at beginWork$1 (/Users/work/Documents/retailcore-mfe-investment-management/node_modules/react-dom/cjs/react-dom.development.js:23964:7)
    at performUnitOfWork (/Users/work/Documents/retailcore-mfe-investment-management/node_modules/react-dom/cjs/react-dom.development.js:22779:12)
    at workLoopSync (/Users/work/Documents/retailcore-mfe-investment-management/node_modules/react-dom/cjs/react-dom.development.js:22707:5)
    at renderRootSync (/Users/work/Documents/retailcore-mfe-investment-management/node_modules/react-dom/cjs/react-dom.development.js:22670:7)
    at performSyncWorkOnRoot (/Users/work/Documents/retailcore-mfe-investment-management/node_modules/react-dom/cjs/react-dom.development.js:22293:18)
    at scheduleUpdateOnFiber (/Users/work/Documents/retailcore-mfe-investment-management/node_modules/react-dom/cjs/react-dom.development.js:21881:7)
    at updateContainer (/Users/work/Documents/retailcore-mfe-investment-management/node_modules/react-dom/cjs/react-dom.development.js:25482:3)
    at /Users/work/Documents/retailcore-mfe-investment-management/node_modules/react-dom/cjs/react-dom.development.js:26021:7
    at unbatchedUpdates (/Users/work/Documents/retailcore-mfe-investment-management/node_modules/react-dom/cjs/react-dom.development.js:22431:12)
    at legacyRenderSubtreeIntoContainer (/Users/work/Documents/retailcore-mfe-investment-management/node_modules/react-dom/cjs/react-dom.development.js:26020:5)
    at Object.render (/Users/work/Documents/retailcore-mfe-investment-management/node_modules/react-dom/cjs/react-dom.development.js:26103:10)
    at /Users/work/Documents/retailcore-mfe-investment-management/node_modules/@testing-library/react/dist/pure.js:101:25
    at batchedUpdates$1 (/Users/work/Documents/retailcore-mfe-investment-management/node_modules/react-dom/cjs/react-dom.development.js:22380:12)
    at act (/Users/work/Documents/retailcore-mfe-investment-management/node_modules/react-dom/cjs/react-dom-test-utils.development.js:1042:14)
    at render (/Users/work/Documents/retailcore-mfe-investment-management/node_modules/@testing-library/react/dist/pure.js:97:26)
    at renderWithProviders (/Users/work/Documents/retailcore-mfe-investment-management/src/__mocks__/api/Wrapper.tsx:40:28)
    at Object.<anonymous> (/Users/work/Documents/retailcore-mfe-investment-management/src/__tests__/pages/investment/term-deposit/create-term-deposit/IndexComponent.test.tsx:83:89)
    at Promise.then.completed (/Users/work/Documents/retailcore-mfe-investment-management/node_modules/jest-circus/build/utils.js:391:28)
    at new Promise (<anonymous>)
    at callAsyncCircusFn (/Users/work/Documents/retailcore-mfe-investment-management/node_modules/jest-circus/build/utils.js:316:10)
    at _callCircusTest (/Users/work/Documents/retailcore-mfe-investment-management/node_modules/jest-circus/build/run.js:218:40)
    at processTicksAndRejections (node:internal/process/task_queues:95:5)
    at _runTest (/Users/work/Documents/retailcore-mfe-investment-management/node_modules/jest-circus/build/run.js:155:3)
    at _runTestsForDescribeBlock (/Users/work/Documents/retailcore-mfe-investment-management/node_modules/jest-circus/build/run.js:66:9)
    at _runTestsForDescribeBlock (/Users/work/Documents/retailcore-mfe-investment-management/node_modules/jest-circus/build/run.js:60:9)
    at run (/Users/work/Documents/retailcore-mfe-investment-management/node_modules/jest-circus/build/run.js:25:3)
    at runAndTransformResultsToJestFormat (/Users/work/Documents/retailcore-mfe-investment-management/node_modules/jest-circus/build/legacy-code-todo-rewrite/jestAdapterInit.js:170:21)
    at jestAdapter (/Users/work/Documents/retailcore-mfe-investment-management/node_modules/jest-circus/build/legacy-code-todo-rewrite/jestAdapter.js:82:19)
    at runTestInternal (/Users/work/Documents/retailcore-mfe-investment-management/node_modules/jest-runner/build/runTest.js:389:16)
    at runTest (/Users/work/Documents/retailcore-mfe-investment-management/node_modules/jest-runner/build/runTest.js:475:34)
    at Object.worker (/Users/work/Documents/retailcore-mfe-investment-management/node_modules/jest-runner/build/testWorker.js:133:12)]]></failure>
    </testCase>
    <testCase name="FormComponeent Should render if step === 1" duration="100">
      <failure message="TypeError: Cannot read properties of undefined (reading &apos;replace&apos;)"><![CDATA[TypeError: Cannot read properties of undefined (reading 'replace')
    at ProductInformation (/Users/work/Documents/retailcore-mfe-investment-management/src/components/pages/term-deposit/forms/product-information.tsx:297:21)
    at renderWithHooks (/Users/work/Documents/retailcore-mfe-investment-management/node_modules/react-dom/cjs/react-dom.development.js:14985:18)
    at mountIndeterminateComponent (/Users/work/Documents/retailcore-mfe-investment-management/node_modules/react-dom/cjs/react-dom.development.js:17811:13)
    at beginWork (/Users/work/Documents/retailcore-mfe-investment-management/node_modules/react-dom/cjs/react-dom.development.js:19049:16)
    at HTMLUnknownElement.callCallback (/Users/work/Documents/retailcore-mfe-investment-management/node_modules/react-dom/cjs/react-dom.development.js:3945:14)
    at HTMLUnknownElement.callTheUserObjectsOperation (/Users/work/Documents/retailcore-mfe-investment-management/node_modules/jsdom/lib/jsdom/living/generated/EventListener.js:26:30)
    at innerInvokeEventListeners (/Users/work/Documents/retailcore-mfe-investment-management/node_modules/jsdom/lib/jsdom/living/events/EventTarget-impl.js:338:25)
    at invokeEventListeners (/Users/work/Documents/retailcore-mfe-investment-management/node_modules/jsdom/lib/jsdom/living/events/EventTarget-impl.js:274:3)
    at HTMLUnknownElementImpl._dispatch (/Users/work/Documents/retailcore-mfe-investment-management/node_modules/jsdom/lib/jsdom/living/events/EventTarget-impl.js:221:9)
    at HTMLUnknownElementImpl.dispatchEvent (/Users/work/Documents/retailcore-mfe-investment-management/node_modules/jsdom/lib/jsdom/living/events/EventTarget-impl.js:94:17)
    at HTMLUnknownElement.dispatchEvent (/Users/work/Documents/retailcore-mfe-investment-management/node_modules/jsdom/lib/jsdom/living/generated/EventTarget.js:231:34)
    at Object.invokeGuardedCallbackDev (/Users/work/Documents/retailcore-mfe-investment-management/node_modules/react-dom/cjs/react-dom.development.js:3994:16)
    at invokeGuardedCallback (/Users/work/Documents/retailcore-mfe-investment-management/node_modules/react-dom/cjs/react-dom.development.js:4056:31)
    at beginWork$1 (/Users/work/Documents/retailcore-mfe-investment-management/node_modules/react-dom/cjs/react-dom.development.js:23964:7)
    at performUnitOfWork (/Users/work/Documents/retailcore-mfe-investment-management/node_modules/react-dom/cjs/react-dom.development.js:22779:12)
    at workLoopSync (/Users/work/Documents/retailcore-mfe-investment-management/node_modules/react-dom/cjs/react-dom.development.js:22707:5)
    at renderRootSync (/Users/work/Documents/retailcore-mfe-investment-management/node_modules/react-dom/cjs/react-dom.development.js:22670:7)
    at performSyncWorkOnRoot (/Users/work/Documents/retailcore-mfe-investment-management/node_modules/react-dom/cjs/react-dom.development.js:22293:18)
    at scheduleUpdateOnFiber (/Users/work/Documents/retailcore-mfe-investment-management/node_modules/react-dom/cjs/react-dom.development.js:21881:7)
    at updateContainer (/Users/work/Documents/retailcore-mfe-investment-management/node_modules/react-dom/cjs/react-dom.development.js:25482:3)
    at /Users/work/Documents/retailcore-mfe-investment-management/node_modules/react-dom/cjs/react-dom.development.js:26021:7
    at unbatchedUpdates (/Users/work/Documents/retailcore-mfe-investment-management/node_modules/react-dom/cjs/react-dom.development.js:22431:12)
    at legacyRenderSubtreeIntoContainer (/Users/work/Documents/retailcore-mfe-investment-management/node_modules/react-dom/cjs/react-dom.development.js:26020:5)
    at Object.render (/Users/work/Documents/retailcore-mfe-investment-management/node_modules/react-dom/cjs/react-dom.development.js:26103:10)
    at /Users/work/Documents/retailcore-mfe-investment-management/node_modules/@testing-library/react/dist/pure.js:101:25
    at batchedUpdates$1 (/Users/work/Documents/retailcore-mfe-investment-management/node_modules/react-dom/cjs/react-dom.development.js:22380:12)
    at act (/Users/work/Documents/retailcore-mfe-investment-management/node_modules/react-dom/cjs/react-dom-test-utils.development.js:1042:14)
    at render (/Users/work/Documents/retailcore-mfe-investment-management/node_modules/@testing-library/react/dist/pure.js:97:26)
    at renderWithProviders (/Users/work/Documents/retailcore-mfe-investment-management/src/__mocks__/api/Wrapper.tsx:40:28)
    at Object.<anonymous> (/Users/work/Documents/retailcore-mfe-investment-management/src/__tests__/pages/investment/term-deposit/create-term-deposit/IndexComponent.test.tsx:298:37)
    at Promise.then.completed (/Users/work/Documents/retailcore-mfe-investment-management/node_modules/jest-circus/build/utils.js:391:28)
    at new Promise (<anonymous>)
    at callAsyncCircusFn (/Users/work/Documents/retailcore-mfe-investment-management/node_modules/jest-circus/build/utils.js:316:10)
    at _callCircusTest (/Users/work/Documents/retailcore-mfe-investment-management/node_modules/jest-circus/build/run.js:218:40)
    at processTicksAndRejections (node:internal/process/task_queues:95:5)
    at _runTest (/Users/work/Documents/retailcore-mfe-investment-management/node_modules/jest-circus/build/run.js:155:3)
    at _runTestsForDescribeBlock (/Users/work/Documents/retailcore-mfe-investment-management/node_modules/jest-circus/build/run.js:66:9)
    at _runTestsForDescribeBlock (/Users/work/Documents/retailcore-mfe-investment-management/node_modules/jest-circus/build/run.js:60:9)
    at run (/Users/work/Documents/retailcore-mfe-investment-management/node_modules/jest-circus/build/run.js:25:3)
    at runAndTransformResultsToJestFormat (/Users/work/Documents/retailcore-mfe-investment-management/node_modules/jest-circus/build/legacy-code-todo-rewrite/jestAdapterInit.js:170:21)
    at jestAdapter (/Users/work/Documents/retailcore-mfe-investment-management/node_modules/jest-circus/build/legacy-code-todo-rewrite/jestAdapter.js:82:19)
    at runTestInternal (/Users/work/Documents/retailcore-mfe-investment-management/node_modules/jest-runner/build/runTest.js:389:16)
    at runTest (/Users/work/Documents/retailcore-mfe-investment-management/node_modules/jest-runner/build/runTest.js:475:34)
    at Object.worker (/Users/work/Documents/retailcore-mfe-investment-management/node_modules/jest-runner/build/testWorker.js:133:12)]]></failure>
    </testCase>
    <testCase name="FormComponeent Should render if step === 2" duration="668"/>
    <testCase name="FormComponeent Should render if step === 3" duration="540">
      <failure message="Error: expect([38;2;0;95;95m[48;2;215;255;255mreceived).toMatchSnapshot()"><![CDATA[Error: expect([38;2;0;95;95m[48;2;215;255;255mreceived).toMatchSnapshot()

Snapshot name: `FormComponeent Should render if step === 3 1`

[38;2;128;0;128m[48;2;255;215;255m- Snapshot  - 116
[38;2;0;95;95m[48;2;215;255;255m+ Received  +  44

@@ -21,34 +21,22 @@
                  Applicable Tenor
                  <span
                    class="flex"
                  >
                     
[38;2;128;0;128m[48;2;255;215;255m-                   <div>
[38;2;128;0;128m[48;2;255;215;255m-                     <svg
[38;2;128;0;128m[48;2;255;215;255m-                       data-testid="red-dot"
[38;2;128;0;128m[48;2;255;215;255m-                       fill="none"
[38;2;128;0;128m[48;2;255;215;255m-                       height="5"
[38;2;128;0;128m[48;2;255;215;255m-                       viewBox="0 0 5 5"
[38;2;128;0;128m[48;2;255;215;255m-                       width="5"
[38;2;128;0;128m[48;2;255;215;255m-                       xmlns="http://www.w3.org/2000/svg"
[38;2;128;0;128m[48;2;255;215;255m-                     >
[38;2;128;0;128m[48;2;255;215;255m-                       <circle
[38;2;128;0;128m[48;2;255;215;255m-                         cx="2.5"
[38;2;128;0;128m[48;2;255;215;255m-                         cy="2.5"
[38;2;128;0;128m[48;2;255;215;255m-                         fill="#CF2A2A"
[38;2;128;0;128m[48;2;255;215;255m-                         r="2.5"
[38;2;128;0;128m[48;2;255;215;255m-                       />
[38;2;128;0;128m[48;2;255;215;255m-                     </svg>
[38;2;128;0;128m[48;2;255;215;255m-                   </div>
[38;2;0;95;95m[48;2;215;255;255m+                   <span
[38;2;0;95;95m[48;2;215;255;255m+                     class="text-[#CF2A2A]"
[38;2;0;95;95m[48;2;215;255;255m+                   >
[38;2;0;95;95m[48;2;215;255;255m+                     *
[38;2;0;95;95m[48;2;215;255;255m+                   </span>
                  </span>
                </label>
                <div
                  class="flex items-end cursor-pointer"
                >
                  <div
[38;2;128;0;128m[48;2;255;215;255m-                   aria-describedby="tippy-tooltip-19"
[38;2;0;95;95m[48;2;215;255;255m+                   aria-describedby="tippy-tooltip-3"
                    class="bg-white max-w-[320px]"
                    data-tooltipped=""
                    style="display: inline;"
                  >
                    <div
@@ -174,11 +162,11 @@
                          <button
                            aria-expanded="false"
                            aria-haspopup="listbox"
                            class="relative w-full cursor-pointer  bg-white py-1  pr-10 text-left  border-b border-[#636363] focus:outline-none  text-[#252C32] text-sm border-[#8F8F8F]"
                            data-headlessui-state=""
[38;2;128;0;128m[48;2;255;215;255m-                           id="headlessui-listbox-button-7"
[38;2;0;95;95m[48;2;215;255;255m+                           id="headlessui-listbox-button-2"
                            type="button"
                          >
                            <span
                              class="block truncate"
                            >
@@ -297,11 +285,11 @@
                          <button
                            aria-expanded="false"
                            aria-haspopup="listbox"
                            class="relative w-full cursor-pointer  bg-white py-1  pr-10 text-left  border-b border-[#636363] focus:outline-none  text-[#252C32] text-sm border-[#8F8F8F]"
                            data-headlessui-state=""
[38;2;128;0;128m[48;2;255;215;255m-                           id="headlessui-listbox-button-8"
[38;2;0;95;95m[48;2;215;255;255m+                           id="headlessui-listbox-button-3"
                            type="button"
                          >
                            <span
                              class="block truncate"
                            >
@@ -345,34 +333,22 @@
                  Applicable Principal
                  <span
                    class="flex"
                  >
                     
[38;2;128;0;128m[48;2;255;215;255m-                   <div>
[38;2;128;0;128m[48;2;255;215;255m-                     <svg
[38;2;128;0;128m[48;2;255;215;255m-                       data-testid="red-dot"
[38;2;128;0;128m[48;2;255;215;255m-                       fill="none"
[38;2;128;0;128m[48;2;255;215;255m-                       height="5"
[38;2;128;0;128m[48;2;255;215;255m-                       viewBox="0 0 5 5"
[38;2;128;0;128m[48;2;255;215;255m-                       width="5"
[38;2;128;0;128m[48;2;255;215;255m-                       xmlns="http://www.w3.org/2000/svg"
[38;2;128;0;128m[48;2;255;215;255m-                     >
[38;2;128;0;128m[48;2;255;215;255m-                       <circle
[38;2;128;0;128m[48;2;255;215;255m-                         cx="2.5"
[38;2;128;0;128m[48;2;255;215;255m-                         cy="2.5"
[38;2;128;0;128m[48;2;255;215;255m-                         fill="#CF2A2A"
[38;2;128;0;128m[48;2;255;215;255m-                         r="2.5"
[38;2;128;0;128m[48;2;255;215;255m-                       />
[38;2;128;0;128m[48;2;255;215;255m-                     </svg>
[38;2;128;0;128m[48;2;255;215;255m-                   </div>
[38;2;0;95;95m[48;2;215;255;255m+                   <span
[38;2;0;95;95m[48;2;215;255;255m+                     class="text-[#CF2A2A]"
[38;2;0;95;95m[48;2;215;255;255m+                   >
[38;2;0;95;95m[48;2;215;255;255m+                     *
[38;2;0;95;95m[48;2;215;255;255m+                   </span>
                  </span>
                </label>
                <div
                  class="flex items-end cursor-pointer"
                >
                  <div
[38;2;128;0;128m[48;2;255;215;255m-                   aria-describedby="tippy-tooltip-20"
[38;2;0;95;95m[48;2;215;255;255m+                   aria-describedby="tippy-tooltip-4"
                    class="bg-white max-w-[320px]"
                    data-tooltipped=""
                    style="display: inline;"
                  >
                    <div
@@ -497,34 +473,22 @@
                  Applicable Interest Rate Range (Per Annum)
                  <span
                    class="flex"
                  >
                     
[38;2;128;0;128m[48;2;255;215;255m-                   <div>
[38;2;128;0;128m[48;2;255;215;255m-                     <svg
[38;2;128;0;128m[48;2;255;215;255m-                       data-testid="red-dot"
[38;2;128;0;128m[48;2;255;215;255m-                       fill="none"
[38;2;128;0;128m[48;2;255;215;255m-                       height="5"
[38;2;128;0;128m[48;2;255;215;255m-                       viewBox="0 0 5 5"
[38;2;128;0;128m[48;2;255;215;255m-                       width="5"
[38;2;128;0;128m[48;2;255;215;255m-                       xmlns="http://www.w3.org/2000/svg"
[38;2;128;0;128m[48;2;255;215;255m-                     >
[38;2;128;0;128m[48;2;255;215;255m-                       <circle
[38;2;128;0;128m[48;2;255;215;255m-                         cx="2.5"
[38;2;128;0;128m[48;2;255;215;255m-                         cy="2.5"
[38;2;128;0;128m[48;2;255;215;255m-                         fill="#CF2A2A"
[38;2;128;0;128m[48;2;255;215;255m-                         r="2.5"
[38;2;128;0;128m[48;2;255;215;255m-                       />
[38;2;128;0;128m[48;2;255;215;255m-                     </svg>
[38;2;128;0;128m[48;2;255;215;255m-                   </div>
[38;2;0;95;95m[48;2;215;255;255m+                   <span
[38;2;0;95;95m[48;2;215;255;255m+                     class="text-[#CF2A2A]"
[38;2;0;95;95m[48;2;215;255;255m+                   >
[38;2;0;95;95m[48;2;215;255;255m+                     *
[38;2;0;95;95m[48;2;215;255;255m+                   </span>
                  </span>
                </label>
                <div
                  class="flex items-end cursor-pointer"
                >
                  <div
[38;2;128;0;128m[48;2;255;215;255m-                   aria-describedby="tippy-tooltip-21"
[38;2;0;95;95m[48;2;215;255;255m+                   aria-describedby="tippy-tooltip-5"
                    class="bg-white max-w-[320px]"
                    data-tooltipped=""
                    style="display: inline;"
                  >
                    <div
@@ -710,11 +674,11 @@
              <span
                class="capitalize min-w-[300px] flex items-center gap-[5px] text-[##636363] text-base font-medium"
              >
                Interest Computation Days in Year Method
                <div
[38;2;128;0;128m[48;2;255;215;255m-                 aria-describedby="tippy-tooltip-22"
[38;2;0;95;95m[48;2;215;255;255m+                 aria-describedby="tippy-tooltip-6"
                  class="bg-white max-w-[320px]"
                  data-tooltipped=""
                  style="display: inline;"
                >
                  <div
@@ -765,11 +729,11 @@
                      aria-expanded="false"
                      aria-haspopup="listbox"
                      class="relative w-full cursor-pointer  bg-white py-1  pr-10 text-left  border-b border-[#636363] focus:outline-none  text-[#252C32] text-sm border-[#8F8F8F]"
                      data-headlessui-state="disabled"
                      disabled=""
[38;2;128;0;128m[48;2;255;215;255m-                     id="headlessui-listbox-button-9"
[38;2;0;95;95m[48;2;215;255;255m+                     id="headlessui-listbox-button-4"
                      type="button"
                    >
                      <span
                        class="block truncate"
                      >
@@ -820,34 +784,22 @@
                Applicable Tenor
                <span
                  class="flex"
                >
                   
[38;2;128;0;128m[48;2;255;215;255m-                 <div>
[38;2;128;0;128m[48;2;255;215;255m-                   <svg
[38;2;128;0;128m[48;2;255;215;255m-                     data-testid="red-dot"
[38;2;128;0;128m[48;2;255;215;255m-                     fill="none"
[38;2;128;0;128m[48;2;255;215;255m-                     height="5"
[38;2;128;0;128m[48;2;255;215;255m-                     viewBox="0 0 5 5"
[38;2;128;0;128m[48;2;255;215;255m-                     width="5"
[38;2;128;0;128m[48;2;255;215;255m-                     xmlns="http://www.w3.org/2000/svg"
[38;2;128;0;128m[48;2;255;215;255m-                   >
[38;2;128;0;128m[48;2;255;215;255m-                     <circle
[38;2;128;0;128m[48;2;255;215;255m-                       cx="2.5"
[38;2;128;0;128m[48;2;255;215;255m-                       cy="2.5"
[38;2;128;0;128m[48;2;255;215;255m-                       fill="#CF2A2A"
[38;2;128;0;128m[48;2;255;215;255m-                       r="2.5"
[38;2;128;0;128m[48;2;255;215;255m-                     />
[38;2;128;0;128m[48;2;255;215;255m-                   </svg>
[38;2;128;0;128m[48;2;255;215;255m-                 </div>
[38;2;0;95;95m[48;2;215;255;255m+                 <span
[38;2;0;95;95m[48;2;215;255;255m+                   class="text-[#CF2A2A]"
[38;2;0;95;95m[48;2;215;255;255m+                 >
[38;2;0;95;95m[48;2;215;255;255m+                   *
[38;2;0;95;95m[48;2;215;255;255m+                 </span>
                </span>
              </label>
              <div
                class="flex items-end cursor-pointer"
              >
                <div
[38;2;128;0;128m[48;2;255;215;255m-                 aria-describedby="tippy-tooltip-19"
[38;2;0;95;95m[48;2;215;255;255m+                 aria-describedby="tippy-tooltip-3"
                  class="bg-white max-w-[320px]"
                  data-tooltipped=""
                  style="display: inline;"
                >
                  <div
@@ -973,11 +925,11 @@
                        <button
                          aria-expanded="false"
                          aria-haspopup="listbox"
                          class="relative w-full cursor-pointer  bg-white py-1  pr-10 text-left  border-b border-[#636363] focus:outline-none  text-[#252C32] text-sm border-[#8F8F8F]"
                          data-headlessui-state=""
[38;2;128;0;128m[48;2;255;215;255m-                         id="headlessui-listbox-button-7"
[38;2;0;95;95m[48;2;215;255;255m+                         id="headlessui-listbox-button-2"
                          type="button"
                        >
                          <span
                            class="block truncate"
                          >
@@ -1096,11 +1048,11 @@
                        <button
                          aria-expanded="false"
                          aria-haspopup="listbox"
                          class="relative w-full cursor-pointer  bg-white py-1  pr-10 text-left  border-b border-[#636363] focus:outline-none  text-[#252C32] text-sm border-[#8F8F8F]"
                          data-headlessui-state=""
[38;2;128;0;128m[48;2;255;215;255m-                         id="headlessui-listbox-button-8"
[38;2;0;95;95m[48;2;215;255;255m+                         id="headlessui-listbox-button-3"
                          type="button"
                        >
                          <span
                            class="block truncate"
                          >
@@ -1144,34 +1096,22 @@
                Applicable Principal
                <span
                  class="flex"
                >
                   
[38;2;128;0;128m[48;2;255;215;255m-                 <div>
[38;2;128;0;128m[48;2;255;215;255m-                   <svg
[38;2;128;0;128m[48;2;255;215;255m-                     data-testid="red-dot"
[38;2;128;0;128m[48;2;255;215;255m-                     fill="none"
[38;2;128;0;128m[48;2;255;215;255m-                     height="5"
[38;2;128;0;128m[48;2;255;215;255m-                     viewBox="0 0 5 5"
[38;2;128;0;128m[48;2;255;215;255m-                     width="5"
[38;2;128;0;128m[48;2;255;215;255m-                     xmlns="http://www.w3.org/2000/svg"
[38;2;128;0;128m[48;2;255;215;255m-                   >
[38;2;128;0;128m[48;2;255;215;255m-                     <circle
[38;2;128;0;128m[48;2;255;215;255m-                       cx="2.5"
[38;2;128;0;128m[48;2;255;215;255m-                       cy="2.5"
[38;2;128;0;128m[48;2;255;215;255m-                       fill="#CF2A2A"
[38;2;128;0;128m[48;2;255;215;255m-                       r="2.5"
[38;2;128;0;128m[48;2;255;215;255m-                     />
[38;2;128;0;128m[48;2;255;215;255m-                   </svg>
[38;2;128;0;128m[48;2;255;215;255m-                 </div>
[38;2;0;95;95m[48;2;215;255;255m+                 <span
[38;2;0;95;95m[48;2;215;255;255m+                   class="text-[#CF2A2A]"
[38;2;0;95;95m[48;2;215;255;255m+                 >
[38;2;0;95;95m[48;2;215;255;255m+                   *
[38;2;0;95;95m[48;2;215;255;255m+                 </span>
                </span>
              </label>
              <div
                class="flex items-end cursor-pointer"
              >
                <div
[38;2;128;0;128m[48;2;255;215;255m-                 aria-describedby="tippy-tooltip-20"
[38;2;0;95;95m[48;2;215;255;255m+                 aria-describedby="tippy-tooltip-4"
                  class="bg-white max-w-[320px]"
                  data-tooltipped=""
                  style="display: inline;"
                >
                  <div
@@ -1296,34 +1236,22 @@
                Applicable Interest Rate Range (Per Annum)
                <span
                  class="flex"
                >
                   
[38;2;128;0;128m[48;2;255;215;255m-                 <div>
[38;2;128;0;128m[48;2;255;215;255m-                   <svg
[38;2;128;0;128m[48;2;255;215;255m-                     data-testid="red-dot"
[38;2;128;0;128m[48;2;255;215;255m-                     fill="none"
[38;2;128;0;128m[48;2;255;215;255m-                     height="5"
[38;2;128;0;128m[48;2;255;215;255m-                     viewBox="0 0 5 5"
[38;2;128;0;128m[48;2;255;215;255m-                     width="5"
[38;2;128;0;128m[48;2;255;215;255m-                     xmlns="http://www.w3.org/2000/svg"
[38;2;128;0;128m[48;2;255;215;255m-                   >
[38;2;128;0;128m[48;2;255;215;255m-                     <circle
[38;2;128;0;128m[48;2;255;215;255m-                       cx="2.5"
[38;2;128;0;128m[48;2;255;215;255m-                       cy="2.5"
[38;2;128;0;128m[48;2;255;215;255m-                       fill="#CF2A2A"
[38;2;128;0;128m[48;2;255;215;255m-                       r="2.5"
[38;2;128;0;128m[48;2;255;215;255m-                     />
[38;2;128;0;128m[48;2;255;215;255m-                   </svg>
[38;2;128;0;128m[48;2;255;215;255m-                 </div>
[38;2;0;95;95m[48;2;215;255;255m+                 <span
[38;2;0;95;95m[48;2;215;255;255m+                   class="text-[#CF2A2A]"
[38;2;0;95;95m[48;2;215;255;255m+                 >
[38;2;0;95;95m[48;2;215;255;255m+                   *
[38;2;0;95;95m[48;2;215;255;255m+                 </span>
                </span>
              </label>
              <div
                class="flex items-end cursor-pointer"
              >
                <div
[38;2;128;0;128m[48;2;255;215;255m-                 aria-describedby="tippy-tooltip-21"
[38;2;0;95;95m[48;2;215;255;255m+                 aria-describedby="tippy-tooltip-5"
                  class="bg-white max-w-[320px]"
                  data-tooltipped=""
                  style="display: inline;"
                >
                  <div
@@ -1509,11 +1437,11 @@
            <span
              class="capitalize min-w-[300px] flex items-center gap-[5px] text-[##636363] text-base font-medium"
            >
              Interest Computation Days in Year Method
              <div
[38;2;128;0;128m[48;2;255;215;255m-               aria-describedby="tippy-tooltip-22"
[38;2;0;95;95m[48;2;215;255;255m+               aria-describedby="tippy-tooltip-6"
                class="bg-white max-w-[320px]"
                data-tooltipped=""
                style="display: inline;"
              >
                <div
@@ -1564,11 +1492,11 @@
                    aria-expanded="false"
                    aria-haspopup="listbox"
                    class="relative w-full cursor-pointer  bg-white py-1  pr-10 text-left  border-b border-[#636363] focus:outline-none  text-[#252C32] text-sm border-[#8F8F8F]"
                    data-headlessui-state="disabled"
                    disabled=""
[38;2;128;0;128m[48;2;255;215;255m-                   id="headlessui-listbox-button-9"
[38;2;0;95;95m[48;2;215;255;255m+                   id="headlessui-listbox-button-4"
                    type="button"
                  >
                    <span
                      class="block truncate"
                    >
    at Object.<anonymous> (/Users/work/Documents/retailcore-mfe-investment-management/src/__tests__/pages/investment/term-deposit/create-term-deposit/IndexComponent.test.tsx:320:18)
    at Promise.then.completed (/Users/work/Documents/retailcore-mfe-investment-management/node_modules/jest-circus/build/utils.js:391:28)
    at new Promise (<anonymous>)
    at callAsyncCircusFn (/Users/work/Documents/retailcore-mfe-investment-management/node_modules/jest-circus/build/utils.js:316:10)
    at _callCircusTest (/Users/work/Documents/retailcore-mfe-investment-management/node_modules/jest-circus/build/run.js:218:40)
    at processTicksAndRejections (node:internal/process/task_queues:95:5)
    at _runTest (/Users/work/Documents/retailcore-mfe-investment-management/node_modules/jest-circus/build/run.js:155:3)
    at _runTestsForDescribeBlock (/Users/work/Documents/retailcore-mfe-investment-management/node_modules/jest-circus/build/run.js:66:9)
    at _runTestsForDescribeBlock (/Users/work/Documents/retailcore-mfe-investment-management/node_modules/jest-circus/build/run.js:60:9)
    at run (/Users/work/Documents/retailcore-mfe-investment-management/node_modules/jest-circus/build/run.js:25:3)
    at runAndTransformResultsToJestFormat (/Users/work/Documents/retailcore-mfe-investment-management/node_modules/jest-circus/build/legacy-code-todo-rewrite/jestAdapterInit.js:170:21)
    at jestAdapter (/Users/work/Documents/retailcore-mfe-investment-management/node_modules/jest-circus/build/legacy-code-todo-rewrite/jestAdapter.js:82:19)
    at runTestInternal (/Users/work/Documents/retailcore-mfe-investment-management/node_modules/jest-runner/build/runTest.js:389:16)
    at runTest (/Users/work/Documents/retailcore-mfe-investment-management/node_modules/jest-runner/build/runTest.js:475:34)
    at Object.worker (/Users/work/Documents/retailcore-mfe-investment-management/node_modules/jest-runner/build/testWorker.js:133:12)]]></failure>
    </testCase>
    <testCase name="FormComponeent Should render if step === 4" duration="336">
      <failure message="Error: expect([38;2;0;95;95m[48;2;215;255;255mreceived).toMatchSnapshot()"><![CDATA[Error: expect([38;2;0;95;95m[48;2;215;255;255mreceived).toMatchSnapshot()

Snapshot name: `FormComponeent Should render if step === 4 1`

[38;2;128;0;128m[48;2;255;215;255m- Snapshot  -  28
[38;2;0;95;95m[48;2;215;255;255m+ Received  + 140

@@ -21,11 +21,11 @@
                  Allow Part Liquidation
                  <div
                    class="flex items-end cursor-pointer"
                  >
                    <div
[38;2;128;0;128m[48;2;255;215;255m-                     aria-describedby="tippy-tooltip-23"
[38;2;0;95;95m[48;2;215;255;255m+                     aria-describedby="tippy-tooltip-7"
                      class="bg-white max-w-[320px]"
                      data-tooltipped=""
                      style="display: inline;"
                    >
                      <div
@@ -66,21 +66,16 @@
                <button
                  aria-checked="true"
                  class="bg-[#CF2A2A] border-[#CF2A2A] relative inline-flex h-4 w-7 flex-shrink-0 cursor-pointer rounded-full border  transition-colors duration-200 ease-in-out focus:outline-none ring-0  "
                  data-headlessui-state="checked"
                  data-testid="part_AllowPartLiquidation"
[38;2;128;0;128m[48;2;255;215;255m-                 id="headlessui-switch-10"
[38;2;0;95;95m[48;2;215;255;255m+                 id="headlessui-switch-5"
                  role="switch"
                  tabindex="0"
                  type="button"
                  value="true"
                >
[38;2;128;0;128m[48;2;255;215;255m-                 <span
[38;2;128;0;128m[48;2;255;215;255m-                   class="sr-only"
[38;2;128;0;128m[48;2;255;215;255m-                 >
[38;2;128;0;128m[48;2;255;215;255m-                   Use setting
[38;2;128;0;128m[48;2;255;215;255m-                 </span>
                  <span
                    aria-hidden="true"
                    class="translate-x-[14px] bg-white pointer-events-none inline-block h-[14px] w-[14px] transform rounded-full border border-[#CF2A2A] shadow ring-0 transition duration-200 ease-in-out"
                    data-testid="switch"
                  />
@@ -268,11 +263,11 @@
                                    aria-expanded="false"
                                    aria-haspopup="listbox"
                                    class="relative w-full cursor-pointer  bg-white py-1  pr-10 text-left  border-b border-[#636363] focus:outline-none  text-[#252C32] text-sm border-[#8F8F8F]"
                                    data-headlessui-state="disabled"
                                    disabled=""
[38;2;128;0;128m[48;2;255;215;255m-                                   id="headlessui-listbox-button-12"
[38;2;0;95;95m[48;2;215;255;255m+                                   id="headlessui-listbox-button-8"
                                    type="button"
                                  >
                                    <span
                                      class="block truncate"
                                    >
@@ -366,11 +361,11 @@
                                <button
                                  aria-expanded="false"
                                  aria-haspopup="listbox"
                                  class="relative w-full cursor-pointer  bg-white py-1  pr-10 text-left  border-b border-[#636363] focus:outline-none  text-[#252C32] text-sm border-[#8F8F8F]"
                                  data-headlessui-state=""
[38;2;128;0;128m[48;2;255;215;255m-                                 id="headlessui-listbox-button-13"
[38;2;0;95;95m[48;2;215;255;255m+                                 id="headlessui-listbox-button-9"
                                  type="button"
                                >
                                  <span
                                    class="block truncate"
                                  >
@@ -417,11 +412,11 @@
                  Allow Early Liquidation
                  <div
                    class="flex items-end cursor-pointer"
                  >
                    <div
[38;2;128;0;128m[48;2;255;215;255m-                     aria-describedby="tippy-tooltip-24"
[38;2;0;95;95m[48;2;215;255;255m+                     aria-describedby="tippy-tooltip-8"
                      class="bg-white max-w-[320px]"
                      data-tooltipped=""
                      style="display: inline;"
                    >
                      <div
@@ -454,21 +449,82 @@
                <button
                  aria-checked="false"
                  class="bg-transparent border-[#CF2A2A] relative inline-flex h-4 w-7 flex-shrink-0 cursor-pointer rounded-full border  transition-colors duration-200 ease-in-out focus:outline-none ring-0  "
                  data-headlessui-state=""
                  data-testid="early_AllowEarlyLiquidation"
[38;2;128;0;128m[48;2;255;215;255m-                 id="headlessui-switch-11"
[38;2;0;95;95m[48;2;215;255;255m+                 id="headlessui-switch-6"
                  role="switch"
                  tabindex="0"
                  type="button"
                  value="false"
                >
                  <span
[38;2;128;0;128m[48;2;255;215;255m-                   class="sr-only"
[38;2;0;95;95m[48;2;215;255;255m+                   aria-hidden="true"
[38;2;0;95;95m[48;2;215;255;255m+                   class="translate-x-0  bg-white  pointer-events-none inline-block h-[14px] w-[14px] transform rounded-full border border-[#CF2A2A] shadow ring-0 transition duration-200 ease-in-out"
[38;2;0;95;95m[48;2;215;255;255m+                   data-testid="switch"
[38;2;0;95;95m[48;2;215;255;255m+                 />
[38;2;0;95;95m[48;2;215;255;255m+               </button>
[38;2;0;95;95m[48;2;215;255;255m+             </div>
[38;2;0;95;95m[48;2;215;255;255m+           </div>
[38;2;0;95;95m[48;2;215;255;255m+           <div
[38;2;0;95;95m[48;2;215;255;255m+             class="rounded-[5px] px-10 flex flex-col gap-[40px] py-5"
[38;2;0;95;95m[48;2;215;255;255m+             style="box-shadow: 0px 0px 1px 0px rgba(26, 32, 36, 0.32), 0px 1px 2px 0px rgba(91, 104, 113, 0.32);"
[38;2;0;95;95m[48;2;215;255;255m+           >
[38;2;0;95;95m[48;2;215;255;255m+             <div
[38;2;0;95;95m[48;2;215;255;255m+               class="flex items-center gap-[10px]"
[38;2;0;95;95m[48;2;215;255;255m+             >
[38;2;0;95;95m[48;2;215;255;255m+               <span
[38;2;0;95;95m[48;2;215;255;255m+                 class="capitalize min-w-[300px] flex items-center gap-[5px] text-[##636363] text-base font-medium"
[38;2;0;95;95m[48;2;215;255;255m+               >
[38;2;0;95;95m[48;2;215;255;255m+                 Allow Principal Withdrawal
[38;2;0;95;95m[48;2;215;255;255m+                 <div
[38;2;0;95;95m[48;2;215;255;255m+                   class="flex items-end cursor-pointer"
                  >
[38;2;128;0;128m[48;2;255;215;255m-                   Use setting
[38;2;128;0;128m[48;2;255;215;255m-                 </span>
[38;2;0;95;95m[48;2;215;255;255m+                   <div
[38;2;0;95;95m[48;2;215;255;255m+                     aria-describedby="tippy-tooltip-9"
[38;2;0;95;95m[48;2;215;255;255m+                     class="bg-white max-w-[320px]"
[38;2;0;95;95m[48;2;215;255;255m+                     data-tooltipped=""
[38;2;0;95;95m[48;2;215;255;255m+                     style="display: inline;"
[38;2;0;95;95m[48;2;215;255;255m+                   >
[38;2;0;95;95m[48;2;215;255;255m+                     <div
[38;2;0;95;95m[48;2;215;255;255m+                       class="w-[18px] h-[18px] text-[#636363]"
[38;2;0;95;95m[48;2;215;255;255m+                     >
[38;2;0;95;95m[48;2;215;255;255m+                       <svg
[38;2;0;95;95m[48;2;215;255;255m+                         fill="currentColor"
[38;2;0;95;95m[48;2;215;255;255m+                         height="1em"
[38;2;0;95;95m[48;2;215;255;255m+                         stroke="currentColor"
[38;2;0;95;95m[48;2;215;255;255m+                         stroke-width="0"
[38;2;0;95;95m[48;2;215;255;255m+                         version="1.1"
[38;2;0;95;95m[48;2;215;255;255m+                         viewBox="0 0 16 16"
[38;2;0;95;95m[48;2;215;255;255m+                         width="1em"
[38;2;0;95;95m[48;2;215;255;255m+                         xmlns="http://www.w3.org/2000/svg"
[38;2;0;95;95m[48;2;215;255;255m+                       >
[38;2;0;95;95m[48;2;215;255;255m+                         <path
[38;2;0;95;95m[48;2;215;255;255m+                           d="M7 4.75c0-0.412 0.338-0.75 0.75-0.75h0.5c0.412 0 0.75 0.338 0.75 0.75v0.5c0 0.412-0.338 0.75-0.75 0.75h-0.5c-0.412 0-0.75-0.338-0.75-0.75v-0.5z"
[38;2;0;95;95m[48;2;215;255;255m+                         />
[38;2;0;95;95m[48;2;215;255;255m+                         <path
[38;2;0;95;95m[48;2;215;255;255m+                           d="M10 12h-4v-1h1v-3h-1v-1h3v4h1z"
[38;2;0;95;95m[48;2;215;255;255m+                         />
[38;2;0;95;95m[48;2;215;255;255m+                         <path
[38;2;0;95;95m[48;2;215;255;255m+                           d="M8 0c-4.418 0-8 3.582-8 8s3.582 8 8 8 8-3.582 8-8-3.582-8-8-8zM8 14.5c-3.59 0-6.5-2.91-6.5-6.5s2.91-6.5 6.5-6.5 6.5 2.91 6.5 6.5-2.91 6.5-6.5 6.5z"
[38;2;0;95;95m[48;2;215;255;255m+                         />
[38;2;0;95;95m[48;2;215;255;255m+                       </svg>
[38;2;0;95;95m[48;2;215;255;255m+                     </div>
[38;2;0;95;95m[48;2;215;255;255m+                   </div>
[38;2;0;95;95m[48;2;215;255;255m+                 </div>
[38;2;0;95;95m[48;2;215;255;255m+               </span>
[38;2;0;95;95m[48;2;215;255;255m+               <button
[38;2;0;95;95m[48;2;215;255;255m+                 aria-checked="false"
[38;2;0;95;95m[48;2;215;255;255m+                 class="bg-transparent border-[#CF2A2A] relative inline-flex h-4 w-7 flex-shrink-0 cursor-pointer rounded-full border  transition-colors duration-200 ease-in-out focus:outline-none ring-0  "
[38;2;0;95;95m[48;2;215;255;255m+                 data-headlessui-state=""
[38;2;0;95;95m[48;2;215;255;255m+                 data-testid="allowPrincipalWithdrawal"
[38;2;0;95;95m[48;2;215;255;255m+                 id="headlessui-switch-7"
[38;2;0;95;95m[48;2;215;255;255m+                 role="switch"
[38;2;0;95;95m[48;2;215;255;255m+                 tabindex="0"
[38;2;0;95;95m[48;2;215;255;255m+                 type="button"
[38;2;0;95;95m[48;2;215;255;255m+                 value="false"
[38;2;0;95;95m[48;2;215;255;255m+               >
                  <span
                    aria-hidden="true"
                    class="translate-x-0  bg-white  pointer-events-none inline-block h-[14px] w-[14px] transform rounded-full border border-[#CF2A2A] shadow ring-0 transition duration-200 ease-in-out"
                    data-testid="switch"
                  />
@@ -499,11 +555,11 @@
                Allow Part Liquidation
                <div
                  class="flex items-end cursor-pointer"
                >
                  <div
[38;2;128;0;128m[48;2;255;215;255m-                   aria-describedby="tippy-tooltip-23"
[38;2;0;95;95m[48;2;215;255;255m+                   aria-describedby="tippy-tooltip-7"
                    class="bg-white max-w-[320px]"
                    data-tooltipped=""
                    style="display: inline;"
                  >
                    <div
@@ -544,21 +600,16 @@
              <button
                aria-checked="true"
                class="bg-[#CF2A2A] border-[#CF2A2A] relative inline-flex h-4 w-7 flex-shrink-0 cursor-pointer rounded-full border  transition-colors duration-200 ease-in-out focus:outline-none ring-0  "
                data-headlessui-state="checked"
                data-testid="part_AllowPartLiquidation"
[38;2;128;0;128m[48;2;255;215;255m-               id="headlessui-switch-10"
[38;2;0;95;95m[48;2;215;255;255m+               id="headlessui-switch-5"
                role="switch"
                tabindex="0"
                type="button"
                value="true"
              >
[38;2;128;0;128m[48;2;255;215;255m-               <span
[38;2;128;0;128m[48;2;255;215;255m-                 class="sr-only"
[38;2;128;0;128m[48;2;255;215;255m-               >
[38;2;128;0;128m[48;2;255;215;255m-                 Use setting
[38;2;128;0;128m[48;2;255;215;255m-               </span>
                <span
                  aria-hidden="true"
                  class="translate-x-[14px] bg-white pointer-events-none inline-block h-[14px] w-[14px] transform rounded-full border border-[#CF2A2A] shadow ring-0 transition duration-200 ease-in-out"
                  data-testid="switch"
                />
@@ -746,11 +797,11 @@
                                  aria-expanded="false"
                                  aria-haspopup="listbox"
                                  class="relative w-full cursor-pointer  bg-white py-1  pr-10 text-left  border-b border-[#636363] focus:outline-none  text-[#252C32] text-sm border-[#8F8F8F]"
                                  data-headlessui-state="disabled"
                                  disabled=""
[38;2;128;0;128m[48;2;255;215;255m-                                 id="headlessui-listbox-button-12"
[38;2;0;95;95m[48;2;215;255;255m+                                 id="headlessui-listbox-button-8"
                                  type="button"
                                >
                                  <span
                                    class="block truncate"
                                  >
@@ -844,11 +895,11 @@
                              <button
                                aria-expanded="false"
                                aria-haspopup="listbox"
                                class="relative w-full cursor-pointer  bg-white py-1  pr-10 text-left  border-b border-[#636363] focus:outline-none  text-[#252C32] text-sm border-[#8F8F8F]"
                                data-headlessui-state=""
[38;2;128;0;128m[48;2;255;215;255m-                               id="headlessui-listbox-button-13"
[38;2;0;95;95m[48;2;215;255;255m+                               id="headlessui-listbox-button-9"
                                type="button"
                              >
                                <span
                                  class="block truncate"
                                >
@@ -895,11 +946,11 @@
                Allow Early Liquidation
                <div
                  class="flex items-end cursor-pointer"
                >
                  <div
[38;2;128;0;128m[48;2;255;215;255m-                   aria-describedby="tippy-tooltip-24"
[38;2;0;95;95m[48;2;215;255;255m+                   aria-describedby="tippy-tooltip-8"
                    class="bg-white max-w-[320px]"
                    data-tooltipped=""
                    style="display: inline;"
                  >
                    <div
@@ -932,21 +983,82 @@
              <button
                aria-checked="false"
                class="bg-transparent border-[#CF2A2A] relative inline-flex h-4 w-7 flex-shrink-0 cursor-pointer rounded-full border  transition-colors duration-200 ease-in-out focus:outline-none ring-0  "
                data-headlessui-state=""
                data-testid="early_AllowEarlyLiquidation"
[38;2;128;0;128m[48;2;255;215;255m-               id="headlessui-switch-11"
[38;2;0;95;95m[48;2;215;255;255m+               id="headlessui-switch-6"
                role="switch"
                tabindex="0"
                type="button"
                value="false"
              >
                <span
[38;2;128;0;128m[48;2;255;215;255m-                 class="sr-only"
[38;2;0;95;95m[48;2;215;255;255m+                 aria-hidden="true"
[38;2;0;95;95m[48;2;215;255;255m+                 class="translate-x-0  bg-white  pointer-events-none inline-block h-[14px] w-[14px] transform rounded-full border border-[#CF2A2A] shadow ring-0 transition duration-200 ease-in-out"
[38;2;0;95;95m[48;2;215;255;255m+                 data-testid="switch"
[38;2;0;95;95m[48;2;215;255;255m+               />
[38;2;0;95;95m[48;2;215;255;255m+             </button>
[38;2;0;95;95m[48;2;215;255;255m+           </div>
[38;2;0;95;95m[48;2;215;255;255m+         </div>
[38;2;0;95;95m[48;2;215;255;255m+         <div
[38;2;0;95;95m[48;2;215;255;255m+           class="rounded-[5px] px-10 flex flex-col gap-[40px] py-5"
[38;2;0;95;95m[48;2;215;255;255m+           style="box-shadow: 0px 0px 1px 0px rgba(26, 32, 36, 0.32), 0px 1px 2px 0px rgba(91, 104, 113, 0.32);"
[38;2;0;95;95m[48;2;215;255;255m+         >
[38;2;0;95;95m[48;2;215;255;255m+           <div
[38;2;0;95;95m[48;2;215;255;255m+             class="flex items-center gap-[10px]"
[38;2;0;95;95m[48;2;215;255;255m+           >
[38;2;0;95;95m[48;2;215;255;255m+             <span
[38;2;0;95;95m[48;2;215;255;255m+               class="capitalize min-w-[300px] flex items-center gap-[5px] text-[##636363] text-base font-medium"
[38;2;0;95;95m[48;2;215;255;255m+             >
[38;2;0;95;95m[48;2;215;255;255m+               Allow Principal Withdrawal
[38;2;0;95;95m[48;2;215;255;255m+               <div
[38;2;0;95;95m[48;2;215;255;255m+                 class="flex items-end cursor-pointer"
                >
[38;2;128;0;128m[48;2;255;215;255m-                 Use setting
[38;2;128;0;128m[48;2;255;215;255m-               </span>
[38;2;0;95;95m[48;2;215;255;255m+                 <div
[38;2;0;95;95m[48;2;215;255;255m+                   aria-describedby="tippy-tooltip-9"
[38;2;0;95;95m[48;2;215;255;255m+                   class="bg-white max-w-[320px]"
[38;2;0;95;95m[48;2;215;255;255m+                   data-tooltipped=""
[38;2;0;95;95m[48;2;215;255;255m+                   style="display: inline;"
[38;2;0;95;95m[48;2;215;255;255m+                 >
[38;2;0;95;95m[48;2;215;255;255m+                   <div
[38;2;0;95;95m[48;2;215;255;255m+                     class="w-[18px] h-[18px] text-[#636363]"
[38;2;0;95;95m[48;2;215;255;255m+                   >
[38;2;0;95;95m[48;2;215;255;255m+                     <svg
[38;2;0;95;95m[48;2;215;255;255m+                       fill="currentColor"
[38;2;0;95;95m[48;2;215;255;255m+                       height="1em"
[38;2;0;95;95m[48;2;215;255;255m+                       stroke="currentColor"
[38;2;0;95;95m[48;2;215;255;255m+                       stroke-width="0"
[38;2;0;95;95m[48;2;215;255;255m+                       version="1.1"
[38;2;0;95;95m[48;2;215;255;255m+                       viewBox="0 0 16 16"
[38;2;0;95;95m[48;2;215;255;255m+                       width="1em"
[38;2;0;95;95m[48;2;215;255;255m+                       xmlns="http://www.w3.org/2000/svg"
[38;2;0;95;95m[48;2;215;255;255m+                     >
[38;2;0;95;95m[48;2;215;255;255m+                       <path
[38;2;0;95;95m[48;2;215;255;255m+                         d="M7 4.75c0-0.412 0.338-0.75 0.75-0.75h0.5c0.412 0 0.75 0.338 0.75 0.75v0.5c0 0.412-0.338 0.75-0.75 0.75h-0.5c-0.412 0-0.75-0.338-0.75-0.75v-0.5z"
[38;2;0;95;95m[48;2;215;255;255m+                       />
[38;2;0;95;95m[48;2;215;255;255m+                       <path
[38;2;0;95;95m[48;2;215;255;255m+                         d="M10 12h-4v-1h1v-3h-1v-1h3v4h1z"
[38;2;0;95;95m[48;2;215;255;255m+                       />
[38;2;0;95;95m[48;2;215;255;255m+                       <path
[38;2;0;95;95m[48;2;215;255;255m+                         d="M8 0c-4.418 0-8 3.582-8 8s3.582 8 8 8 8-3.582 8-8-3.582-8-8-8zM8 14.5c-3.59 0-6.5-2.91-6.5-6.5s2.91-6.5 6.5-6.5 6.5 2.91 6.5 6.5-2.91 6.5-6.5 6.5z"
[38;2;0;95;95m[48;2;215;255;255m+                       />
[38;2;0;95;95m[48;2;215;255;255m+                     </svg>
[38;2;0;95;95m[48;2;215;255;255m+                   </div>
[38;2;0;95;95m[48;2;215;255;255m+                 </div>
[38;2;0;95;95m[48;2;215;255;255m+               </div>
[38;2;0;95;95m[48;2;215;255;255m+             </span>
[38;2;0;95;95m[48;2;215;255;255m+             <button
[38;2;0;95;95m[48;2;215;255;255m+               aria-checked="false"
[38;2;0;95;95m[48;2;215;255;255m+               class="bg-transparent border-[#CF2A2A] relative inline-flex h-4 w-7 flex-shrink-0 cursor-pointer rounded-full border  transition-colors duration-200 ease-in-out focus:outline-none ring-0  "
[38;2;0;95;95m[48;2;215;255;255m+               data-headlessui-state=""
[38;2;0;95;95m[48;2;215;255;255m+               data-testid="allowPrincipalWithdrawal"
[38;2;0;95;95m[48;2;215;255;255m+               id="headlessui-switch-7"
[38;2;0;95;95m[48;2;215;255;255m+               role="switch"
[38;2;0;95;95m[48;2;215;255;255m+               tabindex="0"
[38;2;0;95;95m[48;2;215;255;255m+               type="button"
[38;2;0;95;95m[48;2;215;255;255m+               value="false"
[38;2;0;95;95m[48;2;215;255;255m+             >
                <span
                  aria-hidden="true"
                  class="translate-x-0  bg-white  pointer-events-none inline-block h-[14px] w-[14px] transform rounded-full border border-[#CF2A2A] shadow ring-0 transition duration-200 ease-in-out"
                  data-testid="switch"
                />
    at Object.<anonymous> (/Users/work/Documents/retailcore-mfe-investment-management/src/__tests__/pages/investment/term-deposit/create-term-deposit/IndexComponent.test.tsx:326:18)
    at Promise.then.completed (/Users/work/Documents/retailcore-mfe-investment-management/node_modules/jest-circus/build/utils.js:391:28)
    at new Promise (<anonymous>)
    at callAsyncCircusFn (/Users/work/Documents/retailcore-mfe-investment-management/node_modules/jest-circus/build/utils.js:316:10)
    at _callCircusTest (/Users/work/Documents/retailcore-mfe-investment-management/node_modules/jest-circus/build/run.js:218:40)
    at processTicksAndRejections (node:internal/process/task_queues:95:5)
    at _runTest (/Users/work/Documents/retailcore-mfe-investment-management/node_modules/jest-circus/build/run.js:155:3)
    at _runTestsForDescribeBlock (/Users/work/Documents/retailcore-mfe-investment-management/node_modules/jest-circus/build/run.js:66:9)
    at _runTestsForDescribeBlock (/Users/work/Documents/retailcore-mfe-investment-management/node_modules/jest-circus/build/run.js:60:9)
    at run (/Users/work/Documents/retailcore-mfe-investment-management/node_modules/jest-circus/build/run.js:25:3)
    at runAndTransformResultsToJestFormat (/Users/work/Documents/retailcore-mfe-investment-management/node_modules/jest-circus/build/legacy-code-todo-rewrite/jestAdapterInit.js:170:21)
    at jestAdapter (/Users/work/Documents/retailcore-mfe-investment-management/node_modules/jest-circus/build/legacy-code-todo-rewrite/jestAdapter.js:82:19)
    at runTestInternal (/Users/work/Documents/retailcore-mfe-investment-management/node_modules/jest-runner/build/runTest.js:389:16)
    at runTest (/Users/work/Documents/retailcore-mfe-investment-management/node_modules/jest-runner/build/runTest.js:475:34)
    at Object.worker (/Users/work/Documents/retailcore-mfe-investment-management/node_modules/jest-runner/build/testWorker.js:133:12)]]></failure>
    </testCase>
    <testCase name="FormComponeent Should render if step === 5" duration="386">
      <failure message="Error: expect([38;2;0;95;95m[48;2;215;255;255mreceived).toMatchSnapshot()"><![CDATA[Error: expect([38;2;0;95;95m[48;2;215;255;255mreceived).toMatchSnapshot()

Snapshot name: `FormComponeent Should render if step === 5 1`

[38;2;128;0;128m[48;2;255;215;255m- Snapshot  - 158
[38;2;0;95;95m[48;2;215;255;255m+ Received  + 226

@@ -17,27 +17,15 @@
                <span
                  class="text-[18px] flex  gap-[1px] text-[#636363] font-semibold flex-row items-center"
                >
                  <span />
                  Product to GL Mapping 
[38;2;128;0;128m[48;2;255;215;255m-                 <div>
[38;2;128;0;128m[48;2;255;215;255m-                   <svg
[38;2;128;0;128m[48;2;255;215;255m-                     data-testid="red-dot"
[38;2;128;0;128m[48;2;255;215;255m-                     fill="none"
[38;2;128;0;128m[48;2;255;215;255m-                     height="5"
[38;2;128;0;128m[48;2;255;215;255m-                     viewBox="0 0 5 5"
[38;2;128;0;128m[48;2;255;215;255m-                     width="5"
[38;2;128;0;128m[48;2;255;215;255m-                     xmlns="http://www.w3.org/2000/svg"
[38;2;128;0;128m[48;2;255;215;255m-                   >
[38;2;128;0;128m[48;2;255;215;255m-                     <circle
[38;2;128;0;128m[48;2;255;215;255m-                       cx="2.5"
[38;2;128;0;128m[48;2;255;215;255m-                       cy="2.5"
[38;2;128;0;128m[48;2;255;215;255m-                       fill="#CF2A2A"
[38;2;128;0;128m[48;2;255;215;255m-                       r="2.5"
[38;2;128;0;128m[48;2;255;215;255m-                     />
[38;2;128;0;128m[48;2;255;215;255m-                   </svg>
[38;2;128;0;128m[48;2;255;215;255m-                 </div>
[38;2;0;95;95m[48;2;215;255;255m+                 <span
[38;2;0;95;95m[48;2;215;255;255m+                   class="text-[#CF2A2A]"
[38;2;0;95;95m[48;2;215;255;255m+                 >
[38;2;0;95;95m[48;2;215;255;255m+                   *
[38;2;0;95;95m[48;2;215;255;255m+                 </span>
                </span>
              </div>
              <div
                class="flex flex-col gap-4 px-[30px] py-5"
              >
@@ -47,38 +35,25 @@
                  <div>
                    <div
                      class="flex gap-x-[50px] items-center "
                    >
                      <div
[38;2;128;0;128m[48;2;255;215;255m-                       class="w-[300px]"
[38;2;0;95;95m[48;2;215;255;255m+                       class="w-[330px]"
                      >
                        <span
[38;2;128;0;128m[48;2;255;215;255m-                         class="flex items-start gap-x-[1px] text-[#636363] text-base font-medium mb-1"
[38;2;0;95;95m[48;2;215;255;255m+                         class="flex items-start justify-start gap-x-[1px] text-[#636363] text-base font-medium mb-1"
                          data-testid="input-div"
                        >
                          Term Deposit Liability Ledger
[38;2;128;0;128m[48;2;255;215;255m-                          
[38;2;128;0;128m[48;2;255;215;255m-                         <div>
[38;2;128;0;128m[48;2;255;215;255m-                           <svg
[38;2;128;0;128m[48;2;255;215;255m-                             data-testid="red-dot"
[38;2;128;0;128m[48;2;255;215;255m-                             fill="none"
[38;2;128;0;128m[48;2;255;215;255m-                             height="5"
[38;2;128;0;128m[48;2;255;215;255m-                             viewBox="0 0 5 5"
[38;2;128;0;128m[48;2;255;215;255m-                             width="5"
[38;2;128;0;128m[48;2;255;215;255m-                             xmlns="http://www.w3.org/2000/svg"
[38;2;128;0;128m[48;2;255;215;255m-                           >
[38;2;128;0;128m[48;2;255;215;255m-                             <circle
[38;2;128;0;128m[48;2;255;215;255m-                               cx="2.5"
[38;2;128;0;128m[48;2;255;215;255m-                               cy="2.5"
[38;2;128;0;128m[48;2;255;215;255m-                               fill="#CF2A2A"
[38;2;128;0;128m[48;2;255;215;255m-                               r="2.5"
[38;2;128;0;128m[48;2;255;215;255m-                             />
[38;2;128;0;128m[48;2;255;215;255m-                           </svg>
[38;2;128;0;128m[48;2;255;215;255m-                         </div>
[38;2;0;95;95m[48;2;215;255;255m+                         <span
[38;2;0;95;95m[48;2;215;255;255m+                           class="text-[#CF2A2A]"
[38;2;0;95;95m[48;2;215;255;255m+                         >
[38;2;0;95;95m[48;2;215;255;255m+                           *
[38;2;0;95;95m[48;2;215;255;255m+                         </span>
                        </span>
                        <span
[38;2;128;0;128m[48;2;255;215;255m-                         class="flex items-start gap-x-[1px] text-[#AAAAAA] text-sm font-normal"
[38;2;0;95;95m[48;2;215;255;255m+                         class="flex items-start gap-x-[1px] text-[#AAAAAA] text-sm font-normal max-w-[260px]"
                        />
                      </div>
                      <div>
                        <div
                          class="mb-[2px]"
@@ -143,38 +118,25 @@
                  <div>
                    <div
                      class="flex gap-x-[50px] items-center "
                    >
                      <div
[38;2;128;0;128m[48;2;255;215;255m-                       class="w-[300px]"
[38;2;0;95;95m[48;2;215;255;255m+                       class="w-[330px]"
                      >
                        <span
[38;2;128;0;128m[48;2;255;215;255m-                         class="flex items-start gap-x-[1px] text-[#636363] text-base font-medium mb-1"
[38;2;0;95;95m[48;2;215;255;255m+                         class="flex items-start justify-start gap-x-[1px] text-[#636363] text-base font-medium mb-1"
                          data-testid="input-div"
                        >
                          Interest accural ledger
[38;2;128;0;128m[48;2;255;215;255m-                          
[38;2;128;0;128m[48;2;255;215;255m-                         <div>
[38;2;128;0;128m[48;2;255;215;255m-                           <svg
[38;2;128;0;128m[48;2;255;215;255m-                             data-testid="red-dot"
[38;2;128;0;128m[48;2;255;215;255m-                             fill="none"
[38;2;128;0;128m[48;2;255;215;255m-                             height="5"
[38;2;128;0;128m[48;2;255;215;255m-                             viewBox="0 0 5 5"
[38;2;128;0;128m[48;2;255;215;255m-                             width="5"
[38;2;128;0;128m[48;2;255;215;255m-                             xmlns="http://www.w3.org/2000/svg"
[38;2;128;0;128m[48;2;255;215;255m-                           >
[38;2;128;0;128m[48;2;255;215;255m-                             <circle
[38;2;128;0;128m[48;2;255;215;255m-                               cx="2.5"
[38;2;128;0;128m[48;2;255;215;255m-                               cy="2.5"
[38;2;128;0;128m[48;2;255;215;255m-                               fill="#CF2A2A"
[38;2;128;0;128m[48;2;255;215;255m-                               r="2.5"
[38;2;128;0;128m[48;2;255;215;255m-                             />
[38;2;128;0;128m[48;2;255;215;255m-                           </svg>
[38;2;128;0;128m[48;2;255;215;255m-                         </div>
[38;2;0;95;95m[48;2;215;255;255m+                         <span
[38;2;0;95;95m[48;2;215;255;255m+                           class="text-[#CF2A2A]"
[38;2;0;95;95m[48;2;215;255;255m+                         >
[38;2;0;95;95m[48;2;215;255;255m+                           *
[38;2;0;95;95m[48;2;215;255;255m+                         </span>
                        </span>
                        <span
[38;2;128;0;128m[48;2;255;215;255m-                         class="flex items-start gap-x-[1px] text-[#AAAAAA] text-sm font-normal"
[38;2;0;95;95m[48;2;215;255;255m+                         class="flex items-start gap-x-[1px] text-[#AAAAAA] text-sm font-normal max-w-[260px]"
                        />
                      </div>
                      <div>
                        <div
                          class="mb-[2px]"
@@ -239,39 +201,111 @@
                  <div>
                    <div
                      class="flex gap-x-[50px] items-center "
                    >
                      <div
[38;2;128;0;128m[48;2;255;215;255m-                       class="w-[300px]"
[38;2;0;95;95m[48;2;215;255;255m+                       class="w-[330px]"
                      >
                        <span
[38;2;128;0;128m[48;2;255;215;255m-                         class="flex items-start gap-x-[1px] text-[#636363] text-base font-medium mb-1"
[38;2;0;95;95m[48;2;215;255;255m+                         class="flex items-start justify-start gap-x-[1px] text-[#636363] text-base font-medium mb-1"
                          data-testid="input-div"
                        >
                          Interest expense ledger
[38;2;128;0;128m[48;2;255;215;255m-                          
[38;2;0;95;95m[48;2;215;255;255m+                         <span
[38;2;0;95;95m[48;2;215;255;255m+                           class="text-[#CF2A2A]"
[38;2;0;95;95m[48;2;215;255;255m+                         >
[38;2;0;95;95m[48;2;215;255;255m+                           *
[38;2;0;95;95m[48;2;215;255;255m+                         </span>
[38;2;0;95;95m[48;2;215;255;255m+                       </span>
[38;2;0;95;95m[48;2;215;255;255m+                       <span
[38;2;0;95;95m[48;2;215;255;255m+                         class="flex items-start gap-x-[1px] text-[#AAAAAA] text-sm font-normal max-w-[260px]"
[38;2;0;95;95m[48;2;215;255;255m+                       />
[38;2;0;95;95m[48;2;215;255;255m+                     </div>
[38;2;0;95;95m[48;2;215;255;255m+                     <div>
[38;2;0;95;95m[48;2;215;255;255m+                       <div
[38;2;0;95;95m[48;2;215;255;255m+                         class="mb-[2px]"
[38;2;0;95;95m[48;2;215;255;255m+                       >
                          <div>
[38;2;128;0;128m[48;2;255;215;255m-                           <svg
[38;2;128;0;128m[48;2;255;215;255m-                             data-testid="red-dot"
[38;2;128;0;128m[48;2;255;215;255m-                             fill="none"
[38;2;128;0;128m[48;2;255;215;255m-                             height="5"
[38;2;128;0;128m[48;2;255;215;255m-                             viewBox="0 0 5 5"
[38;2;128;0;128m[48;2;255;215;255m-                             width="5"
[38;2;128;0;128m[48;2;255;215;255m-                             xmlns="http://www.w3.org/2000/svg"
[38;2;0;95;95m[48;2;215;255;255m+                           <div
[38;2;0;95;95m[48;2;215;255;255m+                             class="w-[360px] relative"
                            >
[38;2;128;0;128m[48;2;255;215;255m-                             <circle
[38;2;128;0;128m[48;2;255;215;255m-                               cx="2.5"
[38;2;128;0;128m[48;2;255;215;255m-                               cy="2.5"
[38;2;128;0;128m[48;2;255;215;255m-                               fill="#CF2A2A"
[38;2;128;0;128m[48;2;255;215;255m-                               r="2.5"
[38;2;128;0;128m[48;2;255;215;255m-                             />
[38;2;128;0;128m[48;2;255;215;255m-                           </svg>
[38;2;0;95;95m[48;2;215;255;255m+                             <div
[38;2;0;95;95m[48;2;215;255;255m+                               class=" "
[38;2;0;95;95m[48;2;215;255;255m+                             >
[38;2;0;95;95m[48;2;215;255;255m+                               <div>
[38;2;0;95;95m[48;2;215;255;255m+                                 <div
[38;2;0;95;95m[48;2;215;255;255m+                                   class="w-full"
[38;2;0;95;95m[48;2;215;255;255m+                                   data-testid="gli"
[38;2;0;95;95m[48;2;215;255;255m+                                 >
[38;2;0;95;95m[48;2;215;255;255m+                                   <div
[38;2;0;95;95m[48;2;215;255;255m+                                     class="relative bg-[#fff] w-full"
[38;2;0;95;95m[48;2;215;255;255m+                                   >
[38;2;0;95;95m[48;2;215;255;255m+                                     <div
[38;2;0;95;95m[48;2;215;255;255m+                                       class="flex items-center  border-b border-[#8F8F8F]"
[38;2;0;95;95m[48;2;215;255;255m+                                       data-testid="open-button"
[38;2;0;95;95m[48;2;215;255;255m+                                       role="button"
[38;2;0;95;95m[48;2;215;255;255m+                                       tabindex="0"
[38;2;0;95;95m[48;2;215;255;255m+                                     >
[38;2;0;95;95m[48;2;215;255;255m+                                       <span
[38;2;0;95;95m[48;2;215;255;255m+                                         class="w-8 h-8 flex items-center justify-center"
[38;2;0;95;95m[48;2;215;255;255m+                                       >
[38;2;0;95;95m[48;2;215;255;255m+                                         <svg
[38;2;0;95;95m[48;2;215;255;255m+                                           class="text-[#48535B] text-lg"
[38;2;0;95;95m[48;2;215;255;255m+                                           fill="currentColor"
[38;2;0;95;95m[48;2;215;255;255m+                                           height="1em"
[38;2;0;95;95m[48;2;215;255;255m+                                           stroke="currentColor"
[38;2;0;95;95m[48;2;215;255;255m+                                           stroke-width="0"
[38;2;0;95;95m[48;2;215;255;255m+                                           viewBox="0 0 512 512"
[38;2;0;95;95m[48;2;215;255;255m+                                           width="1em"
[38;2;0;95;95m[48;2;215;255;255m+                                           xmlns="http://www.w3.org/2000/svg"
[38;2;0;95;95m[48;2;215;255;255m+                                         >
[38;2;0;95;95m[48;2;215;255;255m+                                           <path
[38;2;0;95;95m[48;2;215;255;255m+                                             d="M505 442.7L405.3 343c-4.5-4.5-10.6-7-17-7H372c27.6-35.3 44-79.7 44-128C416 93.1 322.9 0 208 0S0 93.1 0 208s93.1 208 208 208c48.3 0 92.7-16.4 128-44v16.3c0 6.4 2.5 12.5 7 17l99.7 99.7c9.4 9.4 24.6 9.4 33.9 0l28.3-28.3c9.4-9.4 9.4-24.6.1-34zM208 336c-70.7 0-128-57.2-128-128 0-70.7 57.2-128 128-128 70.7 0 128 57.2 128 128 0 70.7-57.2 128-128 128z"
[38;2;0;95;95m[48;2;215;255;255m+                                           />
[38;2;0;95;95m[48;2;215;255;255m+                                         </svg>
[38;2;0;95;95m[48;2;215;255;255m+                                       </span>
[38;2;0;95;95m[48;2;215;255;255m+                                        
[38;2;0;95;95m[48;2;215;255;255m+                                       <input
[38;2;0;95;95m[48;2;215;255;255m+                                         class="w-full  ring-0 outline-none bg-transparent"
[38;2;0;95;95m[48;2;215;255;255m+                                         data-testid="gli-input"
[38;2;0;95;95m[48;2;215;255;255m+                                         placeholder="Type to search and select"
[38;2;0;95;95m[48;2;215;255;255m+                                         value="Test asset primum ledger 11"
[38;2;0;95;95m[48;2;215;255;255m+                                       />
[38;2;0;95;95m[48;2;215;255;255m+                                     </div>
[38;2;0;95;95m[48;2;215;255;255m+                                   </div>
[38;2;0;95;95m[48;2;215;255;255m+                                 </div>
[38;2;0;95;95m[48;2;215;255;255m+                               </div>
[38;2;0;95;95m[48;2;215;255;255m+                             </div>
[38;2;0;95;95m[48;2;215;255;255m+                           </div>
                          </div>
[38;2;0;95;95m[48;2;215;255;255m+                       </div>
[38;2;0;95;95m[48;2;215;255;255m+                     </div>
[38;2;0;95;95m[48;2;215;255;255m+                   </div>
[38;2;0;95;95m[48;2;215;255;255m+                 </div>
[38;2;0;95;95m[48;2;215;255;255m+                 <div>
[38;2;0;95;95m[48;2;215;255;255m+                   <div
[38;2;0;95;95m[48;2;215;255;255m+                     class="flex gap-x-[50px] items-center "
[38;2;0;95;95m[48;2;215;255;255m+                   >
[38;2;0;95;95m[48;2;215;255;255m+                     <div
[38;2;0;95;95m[48;2;215;255;255m+                       class="w-[330px]"
[38;2;0;95;95m[48;2;215;255;255m+                     >
[38;2;0;95;95m[48;2;215;255;255m+                       <span
[38;2;0;95;95m[48;2;215;255;255m+                         class="flex items-start justify-start gap-x-[1px] text-[#636363] text-base font-medium mb-1"
[38;2;0;95;95m[48;2;215;255;255m+                         data-testid="input-div"
[38;2;0;95;95m[48;2;215;255;255m+                       >
[38;2;0;95;95m[48;2;215;255;255m+                         Prepaid asset ledger
[38;2;0;95;95m[48;2;215;255;255m+                         <span
[38;2;0;95;95m[48;2;215;255;255m+                           class="text-[#CF2A2A]"
[38;2;0;95;95m[48;2;215;255;255m+                         >
[38;2;0;95;95m[48;2;215;255;255m+                           *
[38;2;0;95;95m[48;2;215;255;255m+                         </span>
                        </span>
                        <span
[38;2;128;0;128m[48;2;255;215;255m-                         class="flex items-start gap-x-[1px] text-[#AAAAAA] text-sm font-normal"
[38;2;128;0;128m[48;2;255;215;255m-                       />
[38;2;0;95;95m[48;2;215;255;255m+                         class="flex items-start gap-x-[1px] text-[#AAAAAA] text-sm font-normal max-w-[260px]"
[38;2;0;95;95m[48;2;215;255;255m+                       >
[38;2;0;95;95m[48;2;215;255;255m+                         Applies when the interest is immediately paid upon booking
[38;2;0;95;95m[48;2;215;255;255m+                       </span>
                      </div>
                      <div>
                        <div
                          class="mb-[2px]"
                        >
@@ -317,11 +351,11 @@
                                         
                                        <input
                                          class="w-full  ring-0 outline-none bg-transparent"
                                          data-testid="gli-input"
                                          placeholder="Type to search and select"
[38;2;128;0;128m[48;2;255;215;255m-                                         value="Test asset primum ledger 11"
[38;2;0;95;95m[48;2;215;255;255m+                                         value=""
                                        />
                                      </div>
                                    </div>
                                  </div>
                                </div>
@@ -802,27 +836,15 @@
              <span
                class="text-[18px] flex  gap-[1px] text-[#636363] font-semibold flex-row items-center"
              >
                <span />
                Product to GL Mapping 
[38;2;128;0;128m[48;2;255;215;255m-               <div>
[38;2;128;0;128m[48;2;255;215;255m-                 <svg
[38;2;128;0;128m[48;2;255;215;255m-                   data-testid="red-dot"
[38;2;128;0;128m[48;2;255;215;255m-                   fill="none"
[38;2;128;0;128m[48;2;255;215;255m-                   height="5"
[38;2;128;0;128m[48;2;255;215;255m-                   viewBox="0 0 5 5"
[38;2;128;0;128m[48;2;255;215;255m-                   width="5"
[38;2;128;0;128m[48;2;255;215;255m-                   xmlns="http://www.w3.org/2000/svg"
[38;2;128;0;128m[48;2;255;215;255m-                 >
[38;2;128;0;128m[48;2;255;215;255m-                   <circle
[38;2;128;0;128m[48;2;255;215;255m-                     cx="2.5"
[38;2;128;0;128m[48;2;255;215;255m-                     cy="2.5"
[38;2;128;0;128m[48;2;255;215;255m-                     fill="#CF2A2A"
[38;2;128;0;128m[48;2;255;215;255m-                     r="2.5"
[38;2;128;0;128m[48;2;255;215;255m-                   />
[38;2;128;0;128m[48;2;255;215;255m-                 </svg>
[38;2;128;0;128m[48;2;255;215;255m-               </div>
[38;2;0;95;95m[48;2;215;255;255m+               <span
[38;2;0;95;95m[48;2;215;255;255m+                 class="text-[#CF2A2A]"
[38;2;0;95;95m[48;2;215;255;255m+               >
[38;2;0;95;95m[48;2;215;255;255m+                 *
[38;2;0;95;95m[48;2;215;255;255m+               </span>
              </span>
            </div>
            <div
              class="flex flex-col gap-4 px-[30px] py-5"
            >
@@ -832,38 +854,25 @@
                <div>
                  <div
                    class="flex gap-x-[50px] items-center "
                  >
                    <div
[38;2;128;0;128m[48;2;255;215;255m-                     class="w-[300px]"
[38;2;0;95;95m[48;2;215;255;255m+                     class="w-[330px]"
                    >
                      <span
[38;2;128;0;128m[48;2;255;215;255m-                       class="flex items-start gap-x-[1px] text-[#636363] text-base font-medium mb-1"
[38;2;0;95;95m[48;2;215;255;255m+                       class="flex items-start justify-start gap-x-[1px] text-[#636363] text-base font-medium mb-1"
                        data-testid="input-div"
                      >
                        Term Deposit Liability Ledger
[38;2;128;0;128m[48;2;255;215;255m-                        
[38;2;128;0;128m[48;2;255;215;255m-                       <div>
[38;2;128;0;128m[48;2;255;215;255m-                         <svg
[38;2;128;0;128m[48;2;255;215;255m-                           data-testid="red-dot"
[38;2;128;0;128m[48;2;255;215;255m-                           fill="none"
[38;2;128;0;128m[48;2;255;215;255m-                           height="5"
[38;2;128;0;128m[48;2;255;215;255m-                           viewBox="0 0 5 5"
[38;2;128;0;128m[48;2;255;215;255m-                           width="5"
[38;2;128;0;128m[48;2;255;215;255m-                           xmlns="http://www.w3.org/2000/svg"
[38;2;128;0;128m[48;2;255;215;255m-                         >
[38;2;128;0;128m[48;2;255;215;255m-                           <circle
[38;2;128;0;128m[48;2;255;215;255m-                             cx="2.5"
[38;2;128;0;128m[48;2;255;215;255m-                             cy="2.5"
[38;2;128;0;128m[48;2;255;215;255m-                             fill="#CF2A2A"
[38;2;128;0;128m[48;2;255;215;255m-                             r="2.5"
[38;2;128;0;128m[48;2;255;215;255m-                           />
[38;2;128;0;128m[48;2;255;215;255m-                         </svg>
[38;2;128;0;128m[48;2;255;215;255m-                       </div>
[38;2;0;95;95m[48;2;215;255;255m+                       <span
[38;2;0;95;95m[48;2;215;255;255m+                         class="text-[#CF2A2A]"
[38;2;0;95;95m[48;2;215;255;255m+                       >
[38;2;0;95;95m[48;2;215;255;255m+                         *
[38;2;0;95;95m[48;2;215;255;255m+                       </span>
                      </span>
                      <span
[38;2;128;0;128m[48;2;255;215;255m-                       class="flex items-start gap-x-[1px] text-[#AAAAAA] text-sm font-normal"
[38;2;0;95;95m[48;2;215;255;255m+                       class="flex items-start gap-x-[1px] text-[#AAAAAA] text-sm font-normal max-w-[260px]"
                      />
                    </div>
                    <div>
                      <div
                        class="mb-[2px]"
@@ -928,38 +937,25 @@
                <div>
                  <div
                    class="flex gap-x-[50px] items-center "
                  >
                    <div
[38;2;128;0;128m[48;2;255;215;255m-                     class="w-[300px]"
[38;2;0;95;95m[48;2;215;255;255m+                     class="w-[330px]"
                    >
                      <span
[38;2;128;0;128m[48;2;255;215;255m-                       class="flex items-start gap-x-[1px] text-[#636363] text-base font-medium mb-1"
[38;2;0;95;95m[48;2;215;255;255m+                       class="flex items-start justify-start gap-x-[1px] text-[#636363] text-base font-medium mb-1"
                        data-testid="input-div"
                      >
                        Interest accural ledger
[38;2;128;0;128m[48;2;255;215;255m-                        
[38;2;128;0;128m[48;2;255;215;255m-                       <div>
[38;2;128;0;128m[48;2;255;215;255m-                         <svg
[38;2;128;0;128m[48;2;255;215;255m-                           data-testid="red-dot"
[38;2;128;0;128m[48;2;255;215;255m-                           fill="none"
[38;2;128;0;128m[48;2;255;215;255m-                           height="5"
[38;2;128;0;128m[48;2;255;215;255m-                           viewBox="0 0 5 5"
[38;2;128;0;128m[48;2;255;215;255m-                           width="5"
[38;2;128;0;128m[48;2;255;215;255m-                           xmlns="http://www.w3.org/2000/svg"
[38;2;128;0;128m[48;2;255;215;255m-                         >
[38;2;128;0;128m[48;2;255;215;255m-                           <circle
[38;2;128;0;128m[48;2;255;215;255m-                             cx="2.5"
[38;2;128;0;128m[48;2;255;215;255m-                             cy="2.5"
[38;2;128;0;128m[48;2;255;215;255m-                             fill="#CF2A2A"
[38;2;128;0;128m[48;2;255;215;255m-                             r="2.5"
[38;2;128;0;128m[48;2;255;215;255m-                           />
[38;2;128;0;128m[48;2;255;215;255m-                         </svg>
[38;2;128;0;128m[48;2;255;215;255m-                       </div>
[38;2;0;95;95m[48;2;215;255;255m+                       <span
[38;2;0;95;95m[48;2;215;255;255m+                         class="text-[#CF2A2A]"
[38;2;0;95;95m[48;2;215;255;255m+                       >
[38;2;0;95;95m[48;2;215;255;255m+                         *
[38;2;0;95;95m[48;2;215;255;255m+                       </span>
                      </span>
                      <span
[38;2;128;0;128m[48;2;255;215;255m-                       class="flex items-start gap-x-[1px] text-[#AAAAAA] text-sm font-normal"
[38;2;0;95;95m[48;2;215;255;255m+                       class="flex items-start gap-x-[1px] text-[#AAAAAA] text-sm font-normal max-w-[260px]"
                      />
                    </div>
                    <div>
                      <div
                        class="mb-[2px]"
@@ -1024,39 +1020,111 @@
                <div>
                  <div
                    class="flex gap-x-[50px] items-center "
                  >
                    <div
[38;2;128;0;128m[48;2;255;215;255m-                     class="w-[300px]"
[38;2;0;95;95m[48;2;215;255;255m+                     class="w-[330px]"
                    >
                      <span
[38;2;128;0;128m[48;2;255;215;255m-                       class="flex items-start gap-x-[1px] text-[#636363] text-base font-medium mb-1"
[38;2;0;95;95m[48;2;215;255;255m+                       class="flex items-start justify-start gap-x-[1px] text-[#636363] text-base font-medium mb-1"
                        data-testid="input-div"
                      >
                        Interest expense ledger
[38;2;128;0;128m[48;2;255;215;255m-                        
[38;2;0;95;95m[48;2;215;255;255m+                       <span
[38;2;0;95;95m[48;2;215;255;255m+                         class="text-[#CF2A2A]"
[38;2;0;95;95m[48;2;215;255;255m+                       >
[38;2;0;95;95m[48;2;215;255;255m+                         *
[38;2;0;95;95m[48;2;215;255;255m+                       </span>
[38;2;0;95;95m[48;2;215;255;255m+                     </span>
[38;2;0;95;95m[48;2;215;255;255m+                     <span
[38;2;0;95;95m[48;2;215;255;255m+                       class="flex items-start gap-x-[1px] text-[#AAAAAA] text-sm font-normal max-w-[260px]"
[38;2;0;95;95m[48;2;215;255;255m+                     />
[38;2;0;95;95m[48;2;215;255;255m+                   </div>
[38;2;0;95;95m[48;2;215;255;255m+                   <div>
[38;2;0;95;95m[48;2;215;255;255m+                     <div
[38;2;0;95;95m[48;2;215;255;255m+                       class="mb-[2px]"
[38;2;0;95;95m[48;2;215;255;255m+                     >
                        <div>
[38;2;128;0;128m[48;2;255;215;255m-                         <svg
[38;2;128;0;128m[48;2;255;215;255m-                           data-testid="red-dot"
[38;2;128;0;128m[48;2;255;215;255m-                           fill="none"
[38;2;128;0;128m[48;2;255;215;255m-                           height="5"
[38;2;128;0;128m[48;2;255;215;255m-                           viewBox="0 0 5 5"
[38;2;128;0;128m[48;2;255;215;255m-                           width="5"
[38;2;128;0;128m[48;2;255;215;255m-                           xmlns="http://www.w3.org/2000/svg"
[38;2;0;95;95m[48;2;215;255;255m+                         <div
[38;2;0;95;95m[48;2;215;255;255m+                           class="w-[360px] relative"
                          >
[38;2;128;0;128m[48;2;255;215;255m-                           <circle
[38;2;128;0;128m[48;2;255;215;255m-                             cx="2.5"
[38;2;128;0;128m[48;2;255;215;255m-                             cy="2.5"
[38;2;128;0;128m[48;2;255;215;255m-                             fill="#CF2A2A"
[38;2;128;0;128m[48;2;255;215;255m-                             r="2.5"
[38;2;128;0;128m[48;2;255;215;255m-                           />
[38;2;128;0;128m[48;2;255;215;255m-                         </svg>
[38;2;0;95;95m[48;2;215;255;255m+                           <div
[38;2;0;95;95m[48;2;215;255;255m+                             class=" "
[38;2;0;95;95m[48;2;215;255;255m+                           >
[38;2;0;95;95m[48;2;215;255;255m+                             <div>
[38;2;0;95;95m[48;2;215;255;255m+                               <div
[38;2;0;95;95m[48;2;215;255;255m+                                 class="w-full"
[38;2;0;95;95m[48;2;215;255;255m+                                 data-testid="gli"
[38;2;0;95;95m[48;2;215;255;255m+                               >
[38;2;0;95;95m[48;2;215;255;255m+                                 <div
[38;2;0;95;95m[48;2;215;255;255m+                                   class="relative bg-[#fff] w-full"
[38;2;0;95;95m[48;2;215;255;255m+                                 >
[38;2;0;95;95m[48;2;215;255;255m+                                   <div
[38;2;0;95;95m[48;2;215;255;255m+                                     class="flex items-center  border-b border-[#8F8F8F]"
[38;2;0;95;95m[48;2;215;255;255m+                                     data-testid="open-button"
[38;2;0;95;95m[48;2;215;255;255m+                                     role="button"
[38;2;0;95;95m[48;2;215;255;255m+                                     tabindex="0"
[38;2;0;95;95m[48;2;215;255;255m+                                   >
[38;2;0;95;95m[48;2;215;255;255m+                                     <span
[38;2;0;95;95m[48;2;215;255;255m+                                       class="w-8 h-8 flex items-center justify-center"
[38;2;0;95;95m[48;2;215;255;255m+                                     >
[38;2;0;95;95m[48;2;215;255;255m+                                       <svg
[38;2;0;95;95m[48;2;215;255;255m+                                         class="text-[#48535B] text-lg"
[38;2;0;95;95m[48;2;215;255;255m+                                         fill="currentColor"
[38;2;0;95;95m[48;2;215;255;255m+                                         height="1em"
[38;2;0;95;95m[48;2;215;255;255m+                                         stroke="currentColor"
[38;2;0;95;95m[48;2;215;255;255m+                                         stroke-width="0"
[38;2;0;95;95m[48;2;215;255;255m+                                         viewBox="0 0 512 512"
[38;2;0;95;95m[48;2;215;255;255m+                                         width="1em"
[38;2;0;95;95m[48;2;215;255;255m+                                         xmlns="http://www.w3.org/2000/svg"
[38;2;0;95;95m[48;2;215;255;255m+                                       >
[38;2;0;95;95m[48;2;215;255;255m+                                         <path
[38;2;0;95;95m[48;2;215;255;255m+                                           d="M505 442.7L405.3 343c-4.5-4.5-10.6-7-17-7H372c27.6-35.3 44-79.7 44-128C416 93.1 322.9 0 208 0S0 93.1 0 208s93.1 208 208 208c48.3 0 92.7-16.4 128-44v16.3c0 6.4 2.5 12.5 7 17l99.7 99.7c9.4 9.4 24.6 9.4 33.9 0l28.3-28.3c9.4-9.4 9.4-24.6.1-34zM208 336c-70.7 0-128-57.2-128-128 0-70.7 57.2-128 128-128 70.7 0 128 57.2 128 128 0 70.7-57.2 128-128 128z"
[38;2;0;95;95m[48;2;215;255;255m+                                         />
[38;2;0;95;95m[48;2;215;255;255m+                                       </svg>
[38;2;0;95;95m[48;2;215;255;255m+                                     </span>
[38;2;0;95;95m[48;2;215;255;255m+                                      
[38;2;0;95;95m[48;2;215;255;255m+                                     <input
[38;2;0;95;95m[48;2;215;255;255m+                                       class="w-full  ring-0 outline-none bg-transparent"
[38;2;0;95;95m[48;2;215;255;255m+                                       data-testid="gli-input"
[38;2;0;95;95m[48;2;215;255;255m+                                       placeholder="Type to search and select"
[38;2;0;95;95m[48;2;215;255;255m+                                       value="Test asset primum ledger 11"
[38;2;0;95;95m[48;2;215;255;255m+                                     />
[38;2;0;95;95m[48;2;215;255;255m+                                   </div>
[38;2;0;95;95m[48;2;215;255;255m+                                 </div>
[38;2;0;95;95m[48;2;215;255;255m+                               </div>
[38;2;0;95;95m[48;2;215;255;255m+                             </div>
[38;2;0;95;95m[48;2;215;255;255m+                           </div>
[38;2;0;95;95m[48;2;215;255;255m+                         </div>
                        </div>
[38;2;0;95;95m[48;2;215;255;255m+                     </div>
[38;2;0;95;95m[48;2;215;255;255m+                   </div>
[38;2;0;95;95m[48;2;215;255;255m+                 </div>
[38;2;0;95;95m[48;2;215;255;255m+               </div>
[38;2;0;95;95m[48;2;215;255;255m+               <div>
[38;2;0;95;95m[48;2;215;255;255m+                 <div
[38;2;0;95;95m[48;2;215;255;255m+                   class="flex gap-x-[50px] items-center "
[38;2;0;95;95m[48;2;215;255;255m+                 >
[38;2;0;95;95m[48;2;215;255;255m+                   <div
[38;2;0;95;95m[48;2;215;255;255m+                     class="w-[330px]"
[38;2;0;95;95m[48;2;215;255;255m+                   >
[38;2;0;95;95m[48;2;215;255;255m+                     <span
[38;2;0;95;95m[48;2;215;255;255m+                       class="flex items-start justify-start gap-x-[1px] text-[#636363] text-base font-medium mb-1"
[38;2;0;95;95m[48;2;215;255;255m+                       data-testid="input-div"
[38;2;0;95;95m[48;2;215;255;255m+                     >
[38;2;0;95;95m[48;2;215;255;255m+                       Prepaid asset ledger
[38;2;0;95;95m[48;2;215;255;255m+                       <span
[38;2;0;95;95m[48;2;215;255;255m+                         class="text-[#CF2A2A]"
[38;2;0;95;95m[48;2;215;255;255m+                       >
[38;2;0;95;95m[48;2;215;255;255m+                         *
[38;2;0;95;95m[48;2;215;255;255m+                       </span>
                      </span>
                      <span
[38;2;128;0;128m[48;2;255;215;255m-                       class="flex items-start gap-x-[1px] text-[#AAAAAA] text-sm font-normal"
[38;2;128;0;128m[48;2;255;215;255m-                     />
[38;2;0;95;95m[48;2;215;255;255m+                       class="flex items-start gap-x-[1px] text-[#AAAAAA] text-sm font-normal max-w-[260px]"
[38;2;0;95;95m[48;2;215;255;255m+                     >
[38;2;0;95;95m[48;2;215;255;255m+                       Applies when the interest is immediately paid upon booking
[38;2;0;95;95m[48;2;215;255;255m+                     </span>
                    </div>
                    <div>
                      <div
                        class="mb-[2px]"
                      >
@@ -1102,11 +1170,11 @@
                                       
                                      <input
                                        class="w-full  ring-0 outline-none bg-transparent"
                                        data-testid="gli-input"
                                        placeholder="Type to search and select"
[38;2;128;0;128m[48;2;255;215;255m-                                       value="Test asset primum ledger 11"
[38;2;0;95;95m[48;2;215;255;255m+                                       value=""
                                      />
                                    </div>
                                  </div>
                                </div>
                              </div>
    at Object.<anonymous> (/Users/work/Documents/retailcore-mfe-investment-management/src/__tests__/pages/investment/term-deposit/create-term-deposit/IndexComponent.test.tsx:332:18)
    at Promise.then.completed (/Users/work/Documents/retailcore-mfe-investment-management/node_modules/jest-circus/build/utils.js:391:28)
    at new Promise (<anonymous>)
    at callAsyncCircusFn (/Users/work/Documents/retailcore-mfe-investment-management/node_modules/jest-circus/build/utils.js:316:10)
    at _callCircusTest (/Users/work/Documents/retailcore-mfe-investment-management/node_modules/jest-circus/build/run.js:218:40)
    at processTicksAndRejections (node:internal/process/task_queues:95:5)
    at _runTest (/Users/work/Documents/retailcore-mfe-investment-management/node_modules/jest-circus/build/run.js:155:3)
    at _runTestsForDescribeBlock (/Users/work/Documents/retailcore-mfe-investment-management/node_modules/jest-circus/build/run.js:66:9)
    at _runTestsForDescribeBlock (/Users/work/Documents/retailcore-mfe-investment-management/node_modules/jest-circus/build/run.js:60:9)
    at run (/Users/work/Documents/retailcore-mfe-investment-management/node_modules/jest-circus/build/run.js:25:3)
    at runAndTransformResultsToJestFormat (/Users/work/Documents/retailcore-mfe-investment-management/node_modules/jest-circus/build/legacy-code-todo-rewrite/jestAdapterInit.js:170:21)
    at jestAdapter (/Users/work/Documents/retailcore-mfe-investment-management/node_modules/jest-circus/build/legacy-code-todo-rewrite/jestAdapter.js:82:19)
    at runTestInternal (/Users/work/Documents/retailcore-mfe-investment-management/node_modules/jest-runner/build/runTest.js:389:16)
    at runTest (/Users/work/Documents/retailcore-mfe-investment-management/node_modules/jest-runner/build/runTest.js:475:34)
    at Object.worker (/Users/work/Documents/retailcore-mfe-investment-management/node_modules/jest-runner/build/testWorker.js:133:12)]]></failure>
    </testCase>
    <testCase name="handleNext should call setStep when theres more steps ahead" duration="4"/>
    <testCase name="handleNext should not setStep when there are no steps ahead" duration="18"/>
    <testCase name="handlePrev should call setStep when there are steps behind" duration="23"/>
    <testCase name="handlePrev should not call setStep when user is at the first step" duration="3"/>
    <testCase name="handleDraft should set setIsConfirmOpen to false when called" duration="3"/>
    <testCase name="handleDraft should call modifyProduct with isDraft set to true when process is &quot;modify&quot;" duration="6"/>
    <testCase name="handleDraft should call createProduct with isDraft set to true when process is &quot;create&quot; or &quot;clone&quot;" duration="3"/>
    <testCase name="handleDraft should not call any functions when process is undefined" duration="4"/>
    <testCase name="handleDetailsSuccess should set activeId.current to the id of productDetails when it exists" duration="16"/>
    <testCase name="handleDetailsSuccess should set activeId.current to the id of productDetails when it exists 2" duration="2"/>
    <testCase name="handleDetailsSuccess should update previousData.current with relevant fields from productDetails when process is &quot;modify&quot;" duration="3"/>
    <testCase name="handleDetailsSuccess should update productData with relevant fields from productDetails" duration="3"/>
    <testCase name="handleDetailsSuccess should set pricingConfigurationCopy to an empty object before sorting when it is null" duration="5"/>
    <testCase name="handleDetailsSuccess should not sort pricingConfigurationCopy when interestRateConfigModels is null" duration="5"/>
    <testCase name="handlePreviousData should return an object with all properties from prevProductData and productDetails" duration="3"/>
    <testCase name="handlePreviousData should sort the interestRateConfigModels array in pricingConfigurationCopy by min value" duration="20"/>
    <testCase name="handlePreviousData should return an object with all properties from prevProductData and productDetails when pricingConfigurationCopy is null" duration="10"/>
    <testCase name="handleRequestIsSuccess should update product data when requestIsSuccess is true and metaInfo exists" duration="3"/>
    <testCase name="handleRequestIsSuccess should update product data when requestIsSuccess is true and metaInfo exists and process == withdraw_modify" duration="21"/>
    <testCase name="handleMessage should set success text to &quot;Product Setup saved to draft&quot; and open success modal when isSuccess is true" duration="3"/>
    <testCase name="handleMessage should set success text to &quot;Product Setup saved to draft&quot; and open success modal when modifySuccess is true" duration="3"/>
    <testCase name="handleMessage should set success text to &quot;Product Setup saved to draft&quot; and open success modal when modifyRequestSuccess is true" duration="3"/>
    <testCase name="handleMessage should set failed text to &quot;Unable to save as draft&quot; and set failed subtext to error message when isError is true" duration="4"/>
    <testCase name="handleMessage should set failed text to &quot;Unable to save as draft&quot; and set failed subtext to error message when modifyRequestIsError is true" duration="5"/>
    <testCase name="handleMessage should set failed subtext to empty string when error message is undefined" duration="3"/>
    <testCase name="handleNav should call handleNext when step is less than the length of termDepositFormSteps" duration="96"/>
    <testCase name="handleNav should call navigate with the appropriate URL when step is equal to the length of termDepositFormSteps" duration="3"/>
    <testCase name="handleNav should handle error when navigate function throws an error" duration="6"/>
    <testCase name="handleNav should not include id parameter in URL when id is not provided" duration="2"/>
    <testCase name="handleNav should include id parameter in URL when id is provided" duration="6"/>
  </file>
  <file path="/Users/work/Documents/retailcore-mfe-investment-management/src/__tests__/components/table/index.test.tsx">
    <testCase name="TableComponent should render a table with headers and rows" duration="533"/>
    <testCase name="TableComponent should display a loading indicator when data is being fetched" duration="76"/>
    <testCase name="TextCellContent renders text content and dot correctly" duration="24"/>
    <testCase name="TextCellContent should render nothing when value is null or undefined" duration="11"/>
    <testCase name="ProductNameCellContent renders product code correctly" duration="5"/>
    <testCase name="ProductNameCellContent renders &quot;-&quot; when product code is falsy" duration="6"/>
    <testCase name="UpdatedOnCellContent should render the date and time in the correct format" duration="13"/>
    <testCase name="UpdatedOnCellContent should render nothing when value is null or undefined" duration="84"/>
    <testCase name="UpdatedOnCellContent should render nothing when value is not a valid date" duration="69"/>
    <testCase name="UpdatedOnCellContent should render nothing when value is not a string or a date object" duration="5"/>
    <testCase name="UpdatedOnCellContent should render the date and time in the correct format for a different timezone" duration="7"/>
    <testCase name="StateCellContent should render a span element with the given value as its text content" duration="14"/>
    <testCase name="StateCellContent should apply a class to the span element based on the value passed to the function" duration="25"/>
    <testCase name="StatusCellContent should render a span element with the specific class based on the value passed as props" duration="18"/>
    <testCase name="StatusCellContent should call handleUserView function to determine the text content of the span element" duration="6"/>
    <testCase name="StatusCellContent should call handleColorState function to determine the background color of the span element" duration="28"/>
    <testCase name="StatusCellContent should render a span element with the default class and value as text content when the value passed as props does not match any of the cases in handleUserView and handleColorState" duration="15"/>
    <testCase name="StatusCellContent should default the isChecker prop to false if it is not a boolean" duration="4"/>
    <testCase name="StatusCellContent should render a FaEye icon next to the text content" duration="4"/>
    <testCase name="ActionsCellContent should render a DropdownButton component with the given dropDownOptions and onClick props" duration="37"/>
    <testCase name="ActionsCellContent should render a DropdownButton component with empty options when dropDownOptions prop is not provided" duration="95"/>
    <testCase name="handleUpdated should return null when key is &quot;state&quot; and newState is equal to value" duration="4"/>
    <testCase name="handleProductsDropdown should return an array of options based on the status and user permissions" duration="3"/>
    <testCase name="handleProductsDropdown should filter out &quot;deactivate&quot; and &quot;activate&quot; options if user does not have RE_OR_DEACTIVATE_INVESTMENT_PRODUCT permission" duration="8"/>
    <testCase name="handleProductsDropdown should filter out &quot;modify&quot; and &quot;clone&quot; options if user does not have CREATE_INVESTMENT_PRODUCT permission" duration="14"/>
    <testCase name="handleProductsDropdown should return an empty array if status is falsy" duration="2"/>
    <testCase name="handleProductsDropdown should return an empty array if DropDownOptions[status] is falsy" duration="17"/>
    <testCase name="handleUpdated should return null when key is &quot;state&quot; and newState is equal to value" duration="3"/>
    <testCase name="handleProductsDropdown should return an array of dropdown options based on the provided status and other parameters" duration="11"/>
    <testCase name="handleProductsDropdown should return an empty array if status is falsy" duration="3"/>
    <testCase name="handleProductsDropdown should return an array of &quot;view&quot; option if isChecker is true and statusType is Investments" duration="13"/>
    <testCase name="handleUpdated should return time of update if value was updated" duration="6"/>
    <testCase name="handleUpdated should not return time of update if value was not updated" duration="5"/>
    <testCase name="handleUpdated should handle change of state value" duration="5"/>
    <testCase name="handleUpdated should handle non change of state value" duration="80"/>
    <testCase name="handleUpdated Should return nothing when value is null" duration="2"/>
    <testCase name="statusHandler should handle earlyEditLiquidateSuccess and early " duration="3"/>
    <testCase name="statusHandler should set success text and open success modal when isSuccess is true" duration="8"/>
    <testCase name="statusHandler should set success text and open success modal when activateSuccess is true and role is superadmin or admin" duration="3"/>
    <testCase name="statusHandler should handle modifyRequestError" duration="3"/>
    <testCase name="statusHandler should handle deleteInvestmentRequestError" duration="2"/>
    <testCase name="statusHandler shluld handle earlyLiquidateSuccess" duration="13"/>
    <testCase name="statusHandler shluld handle activateSuccess" duration="3"/>
    <testCase name="statusHandler should handle partLiquidateSuccess" duration="3"/>
    <testCase name="statusHandler should handle earlyLiquidateIsError" duration="2"/>
    <testCase name="statusHandler should handle partLiquidateIsError" duration="8"/>
    <testCase name="statusHandler should handle deleteInvestmentRequestSuccess" duration="75"/>
    <testCase name="statusHandler should set failed text, subtext and open failed modal when isError is true" duration="44"/>
    <testCase name="statusHandler should set failed text and open failed modal when isError is true and error object is null" duration="187"/>
    <testCase name="statusHandler should set failed text and open failed modal when activateIsError is true and activateError object is null" duration="4"/>
    <testCase name="liquidationHandler should call the appropriate liquidation function based on the type parameter when metaInfo is null or undefined" duration="8"/>
  </file>
  <file path="/Users/work/Documents/retailcore-mfe-investment-management/src/__tests__/components/StatusCard.test.tsx">
    <testCase name="StatusCard Renders without error" duration="142"/>
    <testCase name="StatusButton Renders without error" duration="16"/>
    <testCase name="StatusButton Shows spinner while loading" duration="27"/>
    <testCase name="sortOptions Sorts and returns expected options in &apos;all products&apos; category" duration="5"/>
    <testCase name="sortOptions Sorts and returns expected options in &apos;requests&apos; category" duration="13"/>
    <testCase name="StatusCategoryButton should handle button click and apply styles" duration="18"/>
    <testCase name="handleActiveType Sets status to &quot;&quot; when activeType === all " duration="6"/>
    <testCase name="handleActiveType Sets status according to various activeTypes" duration="10"/>
    <testCase name="filterDefaultOptions should return an array of objects filtered from" duration="4"/>
    <testCase name="filterDefaultOptions should not contain objects withroperty equal  or" duration="9"/>
    <testCase name="filterDefaultOptions should contain objects withroperty equal  or only" duration="14"/>
    <testCase name="filterDefaultOptions should contain objects withroperty equal  only" duration="4"/>
    <testCase name="filterDefaultOptions should contain objects withroperty equal to only" duration="4"/>
    <testCase name="StatusButton should render button element with correct type and styling" duration="22"/>
    <testCase name="StatusButton should display correct count when isLoading is false" duration="9"/>
    <testCase name="StatusButton should display spinner when isLoading is true" duration="18"/>
    <testCase name="StatusButton should render button element with correct type and styling when count returns undefined" duration="6"/>
    <testCase name="StatusButton should render button element with correct type and styling when count returns null" duration="13"/>
    <testCase name="StatusButton should render button element with correct type and styling when analyticsData is undefined" duration="7"/>
    <testCase name="StatusButton should render button element with correct type and styling" duration="11"/>
    <testCase name="StatusButton should display correct count based on provided analytics data" duration="5"/>
    <testCase name="StatusButton should display spinner animation when isLoading is true" duration="17"/>
    <testCase name="StatusButton should handle missing or invalid item prop" duration="4"/>
    <testCase name="StatusButton should handle missing or invalid analyticsData prop" duration="10"/>
    <testCase name="StatusButton should handle missing or invalid setActiveType prop" duration="9"/>
    <testCase name="count should return the correct count for each status type" duration="3"/>
    <testCase name="count should return 0 when the input item type is not recognized" duration="2"/>
    <testCase name="count should return 0 when the analyticsData is null" duration="25"/>
    <testCase name="count should return 0 when the analyticsData is undefined" duration="3"/>
    <testCase name="count should return 0 when the input item type is null" duration="2"/>
    <testCase name="count should return 0 when the input item type is undefined" duration="8"/>
    <testCase name="count should return 0 when the input item type is an empty string" duration="18"/>
    <testCase name="handleClick should set the category state to the selected item type" duration="2"/>
    <testCase name="handleClick should set the selected state to the first item of ProductOptions if category is AllProducts" duration="2"/>
    <testCase name="handleClick should set the selected state to the first item of RequestOptions if category is not AllProducts" duration="7"/>
    <testCase name="handlePermission should handle permission for all investment product and request options" duration="14"/>
    <testCase name="handlePermission should handle permission for individual investment product and request options" duration="3"/>
    <testCase name="handlePermission should handle permission for viewing all investment product records" duration="18"/>
    <testCase name="handlePermission should handle permission for viewing all investment product requests" duration="10"/>
    <testCase name="handlePermission should handle permission for creating investment products" duration="2"/>
  </file>
  <file path="/Users/work/Documents/retailcore-mfe-investment-management/src/__tests__/components/SideLabelSearchSelect.test.tsx">
    <testCase name="InputDivs should render a div with a label and a child div" duration="70"/>
    <testCase name="InputDivs should display a RedDot component next to the label" duration="16">
      <failure message="TestingLibraryElementError: Unable to find an element by: [data-testid=&quot;red-dot&quot;]"><![CDATA[TestingLibraryElementError: Unable to find an element by: [data-testid="red-dot"]

Ignored nodes: comments, script, style
<body>
  <div>
    <div
      class="flex gap-[10px] items-center"
    >
      <span
        class="min-w-[250px] capitalize flex items-start gap-x-[1px] text-[##636363] text-base font-medium "
      >
        Test Label
         
        <span
          class="text-[#CF2A2A]"
        >
          *
        </span>
      </span>
      <div>
        <div>
          Test Child
        </div>
      </div>
    </div>
  </div>
</body>
    at Object.getElementError (/Users/work/Documents/retailcore-mfe-investment-management/node_modules/@testing-library/dom/dist/config.js:37:19)
    at /Users/work/Documents/retailcore-mfe-investment-management/node_modules/@testing-library/dom/dist/query-helpers.js:76:38
    at /Users/work/Documents/retailcore-mfe-investment-management/node_modules/@testing-library/dom/dist/query-helpers.js:52:17
    at getByTestId (/Users/work/Documents/retailcore-mfe-investment-management/node_modules/@testing-library/dom/dist/query-helpers.js:95:19)
    at Object.<anonymous> (/Users/work/Documents/retailcore-mfe-investment-management/src/__tests__/components/SideLabelSearchSelect.test.tsx:824:19)
    at Promise.then.completed (/Users/work/Documents/retailcore-mfe-investment-management/node_modules/jest-circus/build/utils.js:391:28)
    at new Promise (<anonymous>)
    at callAsyncCircusFn (/Users/work/Documents/retailcore-mfe-investment-management/node_modules/jest-circus/build/utils.js:316:10)
    at _callCircusTest (/Users/work/Documents/retailcore-mfe-investment-management/node_modules/jest-circus/build/run.js:218:40)
    at processTicksAndRejections (node:internal/process/task_queues:95:5)
    at _runTest (/Users/work/Documents/retailcore-mfe-investment-management/node_modules/jest-circus/build/run.js:155:3)
    at _runTestsForDescribeBlock (/Users/work/Documents/retailcore-mfe-investment-management/node_modules/jest-circus/build/run.js:66:9)
    at _runTestsForDescribeBlock (/Users/work/Documents/retailcore-mfe-investment-management/node_modules/jest-circus/build/run.js:60:9)
    at run (/Users/work/Documents/retailcore-mfe-investment-management/node_modules/jest-circus/build/run.js:25:3)
    at runAndTransformResultsToJestFormat (/Users/work/Documents/retailcore-mfe-investment-management/node_modules/jest-circus/build/legacy-code-todo-rewrite/jestAdapterInit.js:170:21)
    at jestAdapter (/Users/work/Documents/retailcore-mfe-investment-management/node_modules/jest-circus/build/legacy-code-todo-rewrite/jestAdapter.js:82:19)
    at runTestInternal (/Users/work/Documents/retailcore-mfe-investment-management/node_modules/jest-runner/build/runTest.js:389:16)
    at runTest (/Users/work/Documents/retailcore-mfe-investment-management/node_modules/jest-runner/build/runTest.js:475:34)
    at Object.worker (/Users/work/Documents/retailcore-mfe-investment-management/node_modules/jest-runner/build/testWorker.js:133:12)]]></failure>
    </testCase>
    <testCase name="InputDivs should accept a label prop and render it as text" duration="7"/>
    <testCase name="InputDivs should render without a label when label prop is not provided" duration="27">
      <failure message="Error: expect(received).toBeInTheDocument()"><![CDATA[Error: expect(received).toBeInTheDocument()

received value must be an HTMLElement or an SVGElement.
Received has value: null
    at __EXTERNAL_MATCHER_TRAP__ (/Users/work/Documents/retailcore-mfe-investment-management/node_modules/expect/build/index.js:386:30)
    at Object.toBeInTheDocument (/Users/work/Documents/retailcore-mfe-investment-management/node_modules/expect/build/index.js:387:15)
    at Object.<anonymous> (/Users/work/Documents/retailcore-mfe-investment-management/src/__tests__/components/SideLabelSearchSelect.test.tsx:849:45)
    at Promise.then.completed (/Users/work/Documents/retailcore-mfe-investment-management/node_modules/jest-circus/build/utils.js:391:28)
    at new Promise (<anonymous>)
    at callAsyncCircusFn (/Users/work/Documents/retailcore-mfe-investment-management/node_modules/jest-circus/build/utils.js:316:10)
    at _callCircusTest (/Users/work/Documents/retailcore-mfe-investment-management/node_modules/jest-circus/build/run.js:218:40)
    at processTicksAndRejections (node:internal/process/task_queues:95:5)
    at _runTest (/Users/work/Documents/retailcore-mfe-investment-management/node_modules/jest-circus/build/run.js:155:3)
    at _runTestsForDescribeBlock (/Users/work/Documents/retailcore-mfe-investment-management/node_modules/jest-circus/build/run.js:66:9)
    at _runTestsForDescribeBlock (/Users/work/Documents/retailcore-mfe-investment-management/node_modules/jest-circus/build/run.js:60:9)
    at run (/Users/work/Documents/retailcore-mfe-investment-management/node_modules/jest-circus/build/run.js:25:3)
    at runAndTransformResultsToJestFormat (/Users/work/Documents/retailcore-mfe-investment-management/node_modules/jest-circus/build/legacy-code-todo-rewrite/jestAdapterInit.js:170:21)
    at jestAdapter (/Users/work/Documents/retailcore-mfe-investment-management/node_modules/jest-circus/build/legacy-code-todo-rewrite/jestAdapter.js:82:19)
    at runTestInternal (/Users/work/Documents/retailcore-mfe-investment-management/node_modules/jest-runner/build/runTest.js:389:16)
    at runTest (/Users/work/Documents/retailcore-mfe-investment-management/node_modules/jest-runner/build/runTest.js:475:34)
    at Object.worker (/Users/work/Documents/retailcore-mfe-investment-management/node_modules/jest-runner/build/testWorker.js:133:12)]]></failure>
    </testCase>
    <testCase name="InputDivs should render without a child div when children prop is not provided" duration="7"/>
    <testCase name="InputDivs should render an empty label when label prop is an empty string" duration="14"/>
    <testCase name="SideLabelSearchSelect should render the component with default props and input options" duration="80"/>
  </file>
  <file path="/Users/work/Documents/retailcore-mfe-investment-management/src/__tests__/components/product-information.test.tsx">
    <testCase name="ProductInformation should render the form without errors" duration="371">
      <failure message="TypeError: Cannot read properties of undefined (reading &apos;replace&apos;)"><![CDATA[TypeError: Cannot read properties of undefined (reading 'replace')
    at ProductInformation (/Users/work/Documents/retailcore-mfe-investment-management/src/components/pages/term-deposit/forms/product-information.tsx:297:21)
    at renderWithHooks (/Users/work/Documents/retailcore-mfe-investment-management/node_modules/react-dom/cjs/react-dom.development.js:14985:18)
    at mountIndeterminateComponent (/Users/work/Documents/retailcore-mfe-investment-management/node_modules/react-dom/cjs/react-dom.development.js:17811:13)
    at beginWork (/Users/work/Documents/retailcore-mfe-investment-management/node_modules/react-dom/cjs/react-dom.development.js:19049:16)
    at HTMLUnknownElement.callCallback (/Users/work/Documents/retailcore-mfe-investment-management/node_modules/react-dom/cjs/react-dom.development.js:3945:14)
    at HTMLUnknownElement.callTheUserObjectsOperation (/Users/work/Documents/retailcore-mfe-investment-management/node_modules/jsdom/lib/jsdom/living/generated/EventListener.js:26:30)
    at innerInvokeEventListeners (/Users/work/Documents/retailcore-mfe-investment-management/node_modules/jsdom/lib/jsdom/living/events/EventTarget-impl.js:338:25)
    at invokeEventListeners (/Users/work/Documents/retailcore-mfe-investment-management/node_modules/jsdom/lib/jsdom/living/events/EventTarget-impl.js:274:3)
    at HTMLUnknownElementImpl._dispatch (/Users/work/Documents/retailcore-mfe-investment-management/node_modules/jsdom/lib/jsdom/living/events/EventTarget-impl.js:221:9)
    at HTMLUnknownElementImpl.dispatchEvent (/Users/work/Documents/retailcore-mfe-investment-management/node_modules/jsdom/lib/jsdom/living/events/EventTarget-impl.js:94:17)
    at HTMLUnknownElement.dispatchEvent (/Users/work/Documents/retailcore-mfe-investment-management/node_modules/jsdom/lib/jsdom/living/generated/EventTarget.js:231:34)
    at Object.invokeGuardedCallbackDev (/Users/work/Documents/retailcore-mfe-investment-management/node_modules/react-dom/cjs/react-dom.development.js:3994:16)
    at invokeGuardedCallback (/Users/work/Documents/retailcore-mfe-investment-management/node_modules/react-dom/cjs/react-dom.development.js:4056:31)
    at beginWork$1 (/Users/work/Documents/retailcore-mfe-investment-management/node_modules/react-dom/cjs/react-dom.development.js:23964:7)
    at performUnitOfWork (/Users/work/Documents/retailcore-mfe-investment-management/node_modules/react-dom/cjs/react-dom.development.js:22779:12)
    at workLoopSync (/Users/work/Documents/retailcore-mfe-investment-management/node_modules/react-dom/cjs/react-dom.development.js:22707:5)
    at renderRootSync (/Users/work/Documents/retailcore-mfe-investment-management/node_modules/react-dom/cjs/react-dom.development.js:22670:7)
    at performSyncWorkOnRoot (/Users/work/Documents/retailcore-mfe-investment-management/node_modules/react-dom/cjs/react-dom.development.js:22293:18)
    at scheduleUpdateOnFiber (/Users/work/Documents/retailcore-mfe-investment-management/node_modules/react-dom/cjs/react-dom.development.js:21881:7)
    at updateContainer (/Users/work/Documents/retailcore-mfe-investment-management/node_modules/react-dom/cjs/react-dom.development.js:25482:3)
    at /Users/work/Documents/retailcore-mfe-investment-management/node_modules/react-dom/cjs/react-dom.development.js:26021:7
    at unbatchedUpdates (/Users/work/Documents/retailcore-mfe-investment-management/node_modules/react-dom/cjs/react-dom.development.js:22431:12)
    at legacyRenderSubtreeIntoContainer (/Users/work/Documents/retailcore-mfe-investment-management/node_modules/react-dom/cjs/react-dom.development.js:26020:5)
    at Object.render (/Users/work/Documents/retailcore-mfe-investment-management/node_modules/react-dom/cjs/react-dom.development.js:26103:10)
    at /Users/work/Documents/retailcore-mfe-investment-management/node_modules/@testing-library/react/dist/pure.js:101:25
    at batchedUpdates$1 (/Users/work/Documents/retailcore-mfe-investment-management/node_modules/react-dom/cjs/react-dom.development.js:22380:12)
    at act (/Users/work/Documents/retailcore-mfe-investment-management/node_modules/react-dom/cjs/react-dom-test-utils.development.js:1042:14)
    at render (/Users/work/Documents/retailcore-mfe-investment-management/node_modules/@testing-library/react/dist/pure.js:97:26)
    at renderWithProviders (/Users/work/Documents/retailcore-mfe-investment-management/src/__mocks__/api/Wrapper.tsx:40:28)
    at Object.<anonymous> (/Users/work/Documents/retailcore-mfe-investment-management/src/__tests__/components/product-information.test.tsx:51:48)
    at Promise.then.completed (/Users/work/Documents/retailcore-mfe-investment-management/node_modules/jest-circus/build/utils.js:391:28)
    at new Promise (<anonymous>)
    at callAsyncCircusFn (/Users/work/Documents/retailcore-mfe-investment-management/node_modules/jest-circus/build/utils.js:316:10)
    at _callCircusTest (/Users/work/Documents/retailcore-mfe-investment-management/node_modules/jest-circus/build/run.js:218:40)
    at processTicksAndRejections (node:internal/process/task_queues:95:5)
    at _runTest (/Users/work/Documents/retailcore-mfe-investment-management/node_modules/jest-circus/build/run.js:155:3)
    at _runTestsForDescribeBlock (/Users/work/Documents/retailcore-mfe-investment-management/node_modules/jest-circus/build/run.js:66:9)
    at _runTestsForDescribeBlock (/Users/work/Documents/retailcore-mfe-investment-management/node_modules/jest-circus/build/run.js:60:9)
    at run (/Users/work/Documents/retailcore-mfe-investment-management/node_modules/jest-circus/build/run.js:25:3)
    at runAndTransformResultsToJestFormat (/Users/work/Documents/retailcore-mfe-investment-management/node_modules/jest-circus/build/legacy-code-todo-rewrite/jestAdapterInit.js:170:21)
    at jestAdapter (/Users/work/Documents/retailcore-mfe-investment-management/node_modules/jest-circus/build/legacy-code-todo-rewrite/jestAdapter.js:82:19)
    at runTestInternal (/Users/work/Documents/retailcore-mfe-investment-management/node_modules/jest-runner/build/runTest.js:389:16)
    at runTest (/Users/work/Documents/retailcore-mfe-investment-management/node_modules/jest-runner/build/runTest.js:475:34)
    at Object.worker (/Users/work/Documents/retailcore-mfe-investment-management/node_modules/jest-runner/build/testWorker.js:133:12)]]></failure>
    </testCase>
    <testCase name="ProductInformation Changes values" duration="44">
      <failure message="TypeError: Cannot read properties of undefined (reading &apos;replace&apos;)"><![CDATA[TypeError: Cannot read properties of undefined (reading 'replace')
    at ProductInformation (/Users/work/Documents/retailcore-mfe-investment-management/src/components/pages/term-deposit/forms/product-information.tsx:297:21)
    at renderWithHooks (/Users/work/Documents/retailcore-mfe-investment-management/node_modules/react-dom/cjs/react-dom.development.js:14985:18)
    at mountIndeterminateComponent (/Users/work/Documents/retailcore-mfe-investment-management/node_modules/react-dom/cjs/react-dom.development.js:17811:13)
    at beginWork (/Users/work/Documents/retailcore-mfe-investment-management/node_modules/react-dom/cjs/react-dom.development.js:19049:16)
    at HTMLUnknownElement.callCallback (/Users/work/Documents/retailcore-mfe-investment-management/node_modules/react-dom/cjs/react-dom.development.js:3945:14)
    at HTMLUnknownElement.callTheUserObjectsOperation (/Users/work/Documents/retailcore-mfe-investment-management/node_modules/jsdom/lib/jsdom/living/generated/EventListener.js:26:30)
    at innerInvokeEventListeners (/Users/work/Documents/retailcore-mfe-investment-management/node_modules/jsdom/lib/jsdom/living/events/EventTarget-impl.js:338:25)
    at invokeEventListeners (/Users/work/Documents/retailcore-mfe-investment-management/node_modules/jsdom/lib/jsdom/living/events/EventTarget-impl.js:274:3)
    at HTMLUnknownElementImpl._dispatch (/Users/work/Documents/retailcore-mfe-investment-management/node_modules/jsdom/lib/jsdom/living/events/EventTarget-impl.js:221:9)
    at HTMLUnknownElementImpl.dispatchEvent (/Users/work/Documents/retailcore-mfe-investment-management/node_modules/jsdom/lib/jsdom/living/events/EventTarget-impl.js:94:17)
    at HTMLUnknownElement.dispatchEvent (/Users/work/Documents/retailcore-mfe-investment-management/node_modules/jsdom/lib/jsdom/living/generated/EventTarget.js:231:34)
    at Object.invokeGuardedCallbackDev (/Users/work/Documents/retailcore-mfe-investment-management/node_modules/react-dom/cjs/react-dom.development.js:3994:16)
    at invokeGuardedCallback (/Users/work/Documents/retailcore-mfe-investment-management/node_modules/react-dom/cjs/react-dom.development.js:4056:31)
    at beginWork$1 (/Users/work/Documents/retailcore-mfe-investment-management/node_modules/react-dom/cjs/react-dom.development.js:23964:7)
    at performUnitOfWork (/Users/work/Documents/retailcore-mfe-investment-management/node_modules/react-dom/cjs/react-dom.development.js:22779:12)
    at workLoopSync (/Users/work/Documents/retailcore-mfe-investment-management/node_modules/react-dom/cjs/react-dom.development.js:22707:5)
    at renderRootSync (/Users/work/Documents/retailcore-mfe-investment-management/node_modules/react-dom/cjs/react-dom.development.js:22670:7)
    at performSyncWorkOnRoot (/Users/work/Documents/retailcore-mfe-investment-management/node_modules/react-dom/cjs/react-dom.development.js:22293:18)
    at scheduleUpdateOnFiber (/Users/work/Documents/retailcore-mfe-investment-management/node_modules/react-dom/cjs/react-dom.development.js:21881:7)
    at updateContainer (/Users/work/Documents/retailcore-mfe-investment-management/node_modules/react-dom/cjs/react-dom.development.js:25482:3)
    at /Users/work/Documents/retailcore-mfe-investment-management/node_modules/react-dom/cjs/react-dom.development.js:26021:7
    at unbatchedUpdates (/Users/work/Documents/retailcore-mfe-investment-management/node_modules/react-dom/cjs/react-dom.development.js:22431:12)
    at legacyRenderSubtreeIntoContainer (/Users/work/Documents/retailcore-mfe-investment-management/node_modules/react-dom/cjs/react-dom.development.js:26020:5)
    at Object.render (/Users/work/Documents/retailcore-mfe-investment-management/node_modules/react-dom/cjs/react-dom.development.js:26103:10)
    at /Users/work/Documents/retailcore-mfe-investment-management/node_modules/@testing-library/react/dist/pure.js:101:25
    at batchedUpdates$1 (/Users/work/Documents/retailcore-mfe-investment-management/node_modules/react-dom/cjs/react-dom.development.js:22380:12)
    at act (/Users/work/Documents/retailcore-mfe-investment-management/node_modules/react-dom/cjs/react-dom-test-utils.development.js:1042:14)
    at render (/Users/work/Documents/retailcore-mfe-investment-management/node_modules/@testing-library/react/dist/pure.js:97:26)
    at renderWithProviders (/Users/work/Documents/retailcore-mfe-investment-management/src/__mocks__/api/Wrapper.tsx:40:28)
    at Object.<anonymous> (/Users/work/Documents/retailcore-mfe-investment-management/src/__tests__/components/product-information.test.tsx:69:24)
    at Promise.then.completed (/Users/work/Documents/retailcore-mfe-investment-management/node_modules/jest-circus/build/utils.js:391:28)
    at new Promise (<anonymous>)
    at callAsyncCircusFn (/Users/work/Documents/retailcore-mfe-investment-management/node_modules/jest-circus/build/utils.js:316:10)
    at _callCircusTest (/Users/work/Documents/retailcore-mfe-investment-management/node_modules/jest-circus/build/run.js:218:40)
    at processTicksAndRejections (node:internal/process/task_queues:95:5)
    at _runTest (/Users/work/Documents/retailcore-mfe-investment-management/node_modules/jest-circus/build/run.js:155:3)
    at _runTestsForDescribeBlock (/Users/work/Documents/retailcore-mfe-investment-management/node_modules/jest-circus/build/run.js:66:9)
    at _runTestsForDescribeBlock (/Users/work/Documents/retailcore-mfe-investment-management/node_modules/jest-circus/build/run.js:60:9)
    at run (/Users/work/Documents/retailcore-mfe-investment-management/node_modules/jest-circus/build/run.js:25:3)
    at runAndTransformResultsToJestFormat (/Users/work/Documents/retailcore-mfe-investment-management/node_modules/jest-circus/build/legacy-code-todo-rewrite/jestAdapterInit.js:170:21)
    at jestAdapter (/Users/work/Documents/retailcore-mfe-investment-management/node_modules/jest-circus/build/legacy-code-todo-rewrite/jestAdapter.js:82:19)
    at runTestInternal (/Users/work/Documents/retailcore-mfe-investment-management/node_modules/jest-runner/build/runTest.js:389:16)
    at runTest (/Users/work/Documents/retailcore-mfe-investment-management/node_modules/jest-runner/build/runTest.js:475:34)
    at Object.worker (/Users/work/Documents/retailcore-mfe-investment-management/node_modules/jest-runner/build/testWorker.js:133:12)]]></failure>
    </testCase>
    <testCase name="ProductInformation should handle input and display character count" duration="31">
      <failure message="TypeError: Cannot read properties of undefined (reading &apos;replace&apos;)"><![CDATA[TypeError: Cannot read properties of undefined (reading 'replace')
    at ProductInformation (/Users/work/Documents/retailcore-mfe-investment-management/src/components/pages/term-deposit/forms/product-information.tsx:297:21)
    at renderWithHooks (/Users/work/Documents/retailcore-mfe-investment-management/node_modules/react-dom/cjs/react-dom.development.js:14985:18)
    at mountIndeterminateComponent (/Users/work/Documents/retailcore-mfe-investment-management/node_modules/react-dom/cjs/react-dom.development.js:17811:13)
    at beginWork (/Users/work/Documents/retailcore-mfe-investment-management/node_modules/react-dom/cjs/react-dom.development.js:19049:16)
    at HTMLUnknownElement.callCallback (/Users/work/Documents/retailcore-mfe-investment-management/node_modules/react-dom/cjs/react-dom.development.js:3945:14)
    at HTMLUnknownElement.callTheUserObjectsOperation (/Users/work/Documents/retailcore-mfe-investment-management/node_modules/jsdom/lib/jsdom/living/generated/EventListener.js:26:30)
    at innerInvokeEventListeners (/Users/work/Documents/retailcore-mfe-investment-management/node_modules/jsdom/lib/jsdom/living/events/EventTarget-impl.js:338:25)
    at invokeEventListeners (/Users/work/Documents/retailcore-mfe-investment-management/node_modules/jsdom/lib/jsdom/living/events/EventTarget-impl.js:274:3)
    at HTMLUnknownElementImpl._dispatch (/Users/work/Documents/retailcore-mfe-investment-management/node_modules/jsdom/lib/jsdom/living/events/EventTarget-impl.js:221:9)
    at HTMLUnknownElementImpl.dispatchEvent (/Users/work/Documents/retailcore-mfe-investment-management/node_modules/jsdom/lib/jsdom/living/events/EventTarget-impl.js:94:17)
    at HTMLUnknownElement.dispatchEvent (/Users/work/Documents/retailcore-mfe-investment-management/node_modules/jsdom/lib/jsdom/living/generated/EventTarget.js:231:34)
    at Object.invokeGuardedCallbackDev (/Users/work/Documents/retailcore-mfe-investment-management/node_modules/react-dom/cjs/react-dom.development.js:3994:16)
    at invokeGuardedCallback (/Users/work/Documents/retailcore-mfe-investment-management/node_modules/react-dom/cjs/react-dom.development.js:4056:31)
    at beginWork$1 (/Users/work/Documents/retailcore-mfe-investment-management/node_modules/react-dom/cjs/react-dom.development.js:23964:7)
    at performUnitOfWork (/Users/work/Documents/retailcore-mfe-investment-management/node_modules/react-dom/cjs/react-dom.development.js:22779:12)
    at workLoopSync (/Users/work/Documents/retailcore-mfe-investment-management/node_modules/react-dom/cjs/react-dom.development.js:22707:5)
    at renderRootSync (/Users/work/Documents/retailcore-mfe-investment-management/node_modules/react-dom/cjs/react-dom.development.js:22670:7)
    at performSyncWorkOnRoot (/Users/work/Documents/retailcore-mfe-investment-management/node_modules/react-dom/cjs/react-dom.development.js:22293:18)
    at scheduleUpdateOnFiber (/Users/work/Documents/retailcore-mfe-investment-management/node_modules/react-dom/cjs/react-dom.development.js:21881:7)
    at updateContainer (/Users/work/Documents/retailcore-mfe-investment-management/node_modules/react-dom/cjs/react-dom.development.js:25482:3)
    at /Users/work/Documents/retailcore-mfe-investment-management/node_modules/react-dom/cjs/react-dom.development.js:26021:7
    at unbatchedUpdates (/Users/work/Documents/retailcore-mfe-investment-management/node_modules/react-dom/cjs/react-dom.development.js:22431:12)
    at legacyRenderSubtreeIntoContainer (/Users/work/Documents/retailcore-mfe-investment-management/node_modules/react-dom/cjs/react-dom.development.js:26020:5)
    at Object.render (/Users/work/Documents/retailcore-mfe-investment-management/node_modules/react-dom/cjs/react-dom.development.js:26103:10)
    at /Users/work/Documents/retailcore-mfe-investment-management/node_modules/@testing-library/react/dist/pure.js:101:25
    at batchedUpdates$1 (/Users/work/Documents/retailcore-mfe-investment-management/node_modules/react-dom/cjs/react-dom.development.js:22380:12)
    at act (/Users/work/Documents/retailcore-mfe-investment-management/node_modules/react-dom/cjs/react-dom-test-utils.development.js:1042:14)
    at render (/Users/work/Documents/retailcore-mfe-investment-management/node_modules/@testing-library/react/dist/pure.js:97:26)
    at renderWithProviders (/Users/work/Documents/retailcore-mfe-investment-management/src/__mocks__/api/Wrapper.tsx:40:28)
    at Object.<anonymous> (/Users/work/Documents/retailcore-mfe-investment-management/src/__tests__/components/product-information.test.tsx:98:24)
    at Promise.then.completed (/Users/work/Documents/retailcore-mfe-investment-management/node_modules/jest-circus/build/utils.js:391:28)
    at new Promise (<anonymous>)
    at callAsyncCircusFn (/Users/work/Documents/retailcore-mfe-investment-management/node_modules/jest-circus/build/utils.js:316:10)
    at _callCircusTest (/Users/work/Documents/retailcore-mfe-investment-management/node_modules/jest-circus/build/run.js:218:40)
    at processTicksAndRejections (node:internal/process/task_queues:95:5)
    at _runTest (/Users/work/Documents/retailcore-mfe-investment-management/node_modules/jest-circus/build/run.js:155:3)
    at _runTestsForDescribeBlock (/Users/work/Documents/retailcore-mfe-investment-management/node_modules/jest-circus/build/run.js:66:9)
    at _runTestsForDescribeBlock (/Users/work/Documents/retailcore-mfe-investment-management/node_modules/jest-circus/build/run.js:60:9)
    at run (/Users/work/Documents/retailcore-mfe-investment-management/node_modules/jest-circus/build/run.js:25:3)
    at runAndTransformResultsToJestFormat (/Users/work/Documents/retailcore-mfe-investment-management/node_modules/jest-circus/build/legacy-code-todo-rewrite/jestAdapterInit.js:170:21)
    at jestAdapter (/Users/work/Documents/retailcore-mfe-investment-management/node_modules/jest-circus/build/legacy-code-todo-rewrite/jestAdapter.js:82:19)
    at runTestInternal (/Users/work/Documents/retailcore-mfe-investment-management/node_modules/jest-runner/build/runTest.js:389:16)
    at runTest (/Users/work/Documents/retailcore-mfe-investment-management/node_modules/jest-runner/build/runTest.js:475:34)
    at Object.worker (/Users/work/Documents/retailcore-mfe-investment-management/node_modules/jest-runner/build/testWorker.js:133:12)]]></failure>
    </testCase>
    <testCase name="ProductInformation should update character count for product name in real-time" duration="10">
      <failure message="TypeError: Cannot read properties of undefined (reading &apos;replace&apos;)"><![CDATA[TypeError: Cannot read properties of undefined (reading 'replace')
    at ProductInformation (/Users/work/Documents/retailcore-mfe-investment-management/src/components/pages/term-deposit/forms/product-information.tsx:297:21)
    at renderWithHooks (/Users/work/Documents/retailcore-mfe-investment-management/node_modules/react-dom/cjs/react-dom.development.js:14985:18)
    at mountIndeterminateComponent (/Users/work/Documents/retailcore-mfe-investment-management/node_modules/react-dom/cjs/react-dom.development.js:17811:13)
    at beginWork (/Users/work/Documents/retailcore-mfe-investment-management/node_modules/react-dom/cjs/react-dom.development.js:19049:16)
    at HTMLUnknownElement.callCallback (/Users/work/Documents/retailcore-mfe-investment-management/node_modules/react-dom/cjs/react-dom.development.js:3945:14)
    at HTMLUnknownElement.callTheUserObjectsOperation (/Users/work/Documents/retailcore-mfe-investment-management/node_modules/jsdom/lib/jsdom/living/generated/EventListener.js:26:30)
    at innerInvokeEventListeners (/Users/work/Documents/retailcore-mfe-investment-management/node_modules/jsdom/lib/jsdom/living/events/EventTarget-impl.js:338:25)
    at invokeEventListeners (/Users/work/Documents/retailcore-mfe-investment-management/node_modules/jsdom/lib/jsdom/living/events/EventTarget-impl.js:274:3)
    at HTMLUnknownElementImpl._dispatch (/Users/work/Documents/retailcore-mfe-investment-management/node_modules/jsdom/lib/jsdom/living/events/EventTarget-impl.js:221:9)
    at HTMLUnknownElementImpl.dispatchEvent (/Users/work/Documents/retailcore-mfe-investment-management/node_modules/jsdom/lib/jsdom/living/events/EventTarget-impl.js:94:17)
    at HTMLUnknownElement.dispatchEvent (/Users/work/Documents/retailcore-mfe-investment-management/node_modules/jsdom/lib/jsdom/living/generated/EventTarget.js:231:34)
    at Object.invokeGuardedCallbackDev (/Users/work/Documents/retailcore-mfe-investment-management/node_modules/react-dom/cjs/react-dom.development.js:3994:16)
    at invokeGuardedCallback (/Users/work/Documents/retailcore-mfe-investment-management/node_modules/react-dom/cjs/react-dom.development.js:4056:31)
    at beginWork$1 (/Users/work/Documents/retailcore-mfe-investment-management/node_modules/react-dom/cjs/react-dom.development.js:23964:7)
    at performUnitOfWork (/Users/work/Documents/retailcore-mfe-investment-management/node_modules/react-dom/cjs/react-dom.development.js:22779:12)
    at workLoopSync (/Users/work/Documents/retailcore-mfe-investment-management/node_modules/react-dom/cjs/react-dom.development.js:22707:5)
    at renderRootSync (/Users/work/Documents/retailcore-mfe-investment-management/node_modules/react-dom/cjs/react-dom.development.js:22670:7)
    at performSyncWorkOnRoot (/Users/work/Documents/retailcore-mfe-investment-management/node_modules/react-dom/cjs/react-dom.development.js:22293:18)
    at scheduleUpdateOnFiber (/Users/work/Documents/retailcore-mfe-investment-management/node_modules/react-dom/cjs/react-dom.development.js:21881:7)
    at updateContainer (/Users/work/Documents/retailcore-mfe-investment-management/node_modules/react-dom/cjs/react-dom.development.js:25482:3)
    at /Users/work/Documents/retailcore-mfe-investment-management/node_modules/react-dom/cjs/react-dom.development.js:26021:7
    at unbatchedUpdates (/Users/work/Documents/retailcore-mfe-investment-management/node_modules/react-dom/cjs/react-dom.development.js:22431:12)
    at legacyRenderSubtreeIntoContainer (/Users/work/Documents/retailcore-mfe-investment-management/node_modules/react-dom/cjs/react-dom.development.js:26020:5)
    at Object.render (/Users/work/Documents/retailcore-mfe-investment-management/node_modules/react-dom/cjs/react-dom.development.js:26103:10)
    at /Users/work/Documents/retailcore-mfe-investment-management/node_modules/@testing-library/react/dist/pure.js:101:25
    at batchedUpdates$1 (/Users/work/Documents/retailcore-mfe-investment-management/node_modules/react-dom/cjs/react-dom.development.js:22380:12)
    at act (/Users/work/Documents/retailcore-mfe-investment-management/node_modules/react-dom/cjs/react-dom-test-utils.development.js:1042:14)
    at render (/Users/work/Documents/retailcore-mfe-investment-management/node_modules/@testing-library/react/dist/pure.js:97:26)
    at renderWithProviders (/Users/work/Documents/retailcore-mfe-investment-management/src/__mocks__/api/Wrapper.tsx:40:28)
    at Object.<anonymous> (/Users/work/Documents/retailcore-mfe-investment-management/src/__tests__/components/product-information.test.tsx:165:48)
    at Promise.then.completed (/Users/work/Documents/retailcore-mfe-investment-management/node_modules/jest-circus/build/utils.js:391:28)
    at new Promise (<anonymous>)
    at callAsyncCircusFn (/Users/work/Documents/retailcore-mfe-investment-management/node_modules/jest-circus/build/utils.js:316:10)
    at _callCircusTest (/Users/work/Documents/retailcore-mfe-investment-management/node_modules/jest-circus/build/run.js:218:40)
    at processTicksAndRejections (node:internal/process/task_queues:95:5)
    at _runTest (/Users/work/Documents/retailcore-mfe-investment-management/node_modules/jest-circus/build/run.js:155:3)
    at _runTestsForDescribeBlock (/Users/work/Documents/retailcore-mfe-investment-management/node_modules/jest-circus/build/run.js:66:9)
    at _runTestsForDescribeBlock (/Users/work/Documents/retailcore-mfe-investment-management/node_modules/jest-circus/build/run.js:60:9)
    at run (/Users/work/Documents/retailcore-mfe-investment-management/node_modules/jest-circus/build/run.js:25:3)
    at runAndTransformResultsToJestFormat (/Users/work/Documents/retailcore-mfe-investment-management/node_modules/jest-circus/build/legacy-code-todo-rewrite/jestAdapterInit.js:170:21)
    at jestAdapter (/Users/work/Documents/retailcore-mfe-investment-management/node_modules/jest-circus/build/legacy-code-todo-rewrite/jestAdapter.js:82:19)
    at runTestInternal (/Users/work/Documents/retailcore-mfe-investment-management/node_modules/jest-runner/build/runTest.js:389:16)
    at runTest (/Users/work/Documents/retailcore-mfe-investment-management/node_modules/jest-runner/build/runTest.js:475:34)
    at Object.worker (/Users/work/Documents/retailcore-mfe-investment-management/node_modules/jest-runner/build/testWorker.js:133:12)]]></failure>
    </testCase>
    <testCase name="ProductInformation should display negative character count message for product name with more than 50 characters" duration="28">
      <failure message="TypeError: Cannot read properties of undefined (reading &apos;replace&apos;)"><![CDATA[TypeError: Cannot read properties of undefined (reading 'replace')
    at ProductInformation (/Users/work/Documents/retailcore-mfe-investment-management/src/components/pages/term-deposit/forms/product-information.tsx:297:21)
    at renderWithHooks (/Users/work/Documents/retailcore-mfe-investment-management/node_modules/react-dom/cjs/react-dom.development.js:14985:18)
    at mountIndeterminateComponent (/Users/work/Documents/retailcore-mfe-investment-management/node_modules/react-dom/cjs/react-dom.development.js:17811:13)
    at beginWork (/Users/work/Documents/retailcore-mfe-investment-management/node_modules/react-dom/cjs/react-dom.development.js:19049:16)
    at HTMLUnknownElement.callCallback (/Users/work/Documents/retailcore-mfe-investment-management/node_modules/react-dom/cjs/react-dom.development.js:3945:14)
    at HTMLUnknownElement.callTheUserObjectsOperation (/Users/work/Documents/retailcore-mfe-investment-management/node_modules/jsdom/lib/jsdom/living/generated/EventListener.js:26:30)
    at innerInvokeEventListeners (/Users/work/Documents/retailcore-mfe-investment-management/node_modules/jsdom/lib/jsdom/living/events/EventTarget-impl.js:338:25)
    at invokeEventListeners (/Users/work/Documents/retailcore-mfe-investment-management/node_modules/jsdom/lib/jsdom/living/events/EventTarget-impl.js:274:3)
    at HTMLUnknownElementImpl._dispatch (/Users/work/Documents/retailcore-mfe-investment-management/node_modules/jsdom/lib/jsdom/living/events/EventTarget-impl.js:221:9)
    at HTMLUnknownElementImpl.dispatchEvent (/Users/work/Documents/retailcore-mfe-investment-management/node_modules/jsdom/lib/jsdom/living/events/EventTarget-impl.js:94:17)
    at HTMLUnknownElement.dispatchEvent (/Users/work/Documents/retailcore-mfe-investment-management/node_modules/jsdom/lib/jsdom/living/generated/EventTarget.js:231:34)
    at Object.invokeGuardedCallbackDev (/Users/work/Documents/retailcore-mfe-investment-management/node_modules/react-dom/cjs/react-dom.development.js:3994:16)
    at invokeGuardedCallback (/Users/work/Documents/retailcore-mfe-investment-management/node_modules/react-dom/cjs/react-dom.development.js:4056:31)
    at beginWork$1 (/Users/work/Documents/retailcore-mfe-investment-management/node_modules/react-dom/cjs/react-dom.development.js:23964:7)
    at performUnitOfWork (/Users/work/Documents/retailcore-mfe-investment-management/node_modules/react-dom/cjs/react-dom.development.js:22779:12)
    at workLoopSync (/Users/work/Documents/retailcore-mfe-investment-management/node_modules/react-dom/cjs/react-dom.development.js:22707:5)
    at renderRootSync (/Users/work/Documents/retailcore-mfe-investment-management/node_modules/react-dom/cjs/react-dom.development.js:22670:7)
    at performSyncWorkOnRoot (/Users/work/Documents/retailcore-mfe-investment-management/node_modules/react-dom/cjs/react-dom.development.js:22293:18)
    at scheduleUpdateOnFiber (/Users/work/Documents/retailcore-mfe-investment-management/node_modules/react-dom/cjs/react-dom.development.js:21881:7)
    at updateContainer (/Users/work/Documents/retailcore-mfe-investment-management/node_modules/react-dom/cjs/react-dom.development.js:25482:3)
    at /Users/work/Documents/retailcore-mfe-investment-management/node_modules/react-dom/cjs/react-dom.development.js:26021:7
    at unbatchedUpdates (/Users/work/Documents/retailcore-mfe-investment-management/node_modules/react-dom/cjs/react-dom.development.js:22431:12)
    at legacyRenderSubtreeIntoContainer (/Users/work/Documents/retailcore-mfe-investment-management/node_modules/react-dom/cjs/react-dom.development.js:26020:5)
    at Object.render (/Users/work/Documents/retailcore-mfe-investment-management/node_modules/react-dom/cjs/react-dom.development.js:26103:10)
    at /Users/work/Documents/retailcore-mfe-investment-management/node_modules/@testing-library/react/dist/pure.js:101:25
    at batchedUpdates$1 (/Users/work/Documents/retailcore-mfe-investment-management/node_modules/react-dom/cjs/react-dom.development.js:22380:12)
    at act (/Users/work/Documents/retailcore-mfe-investment-management/node_modules/react-dom/cjs/react-dom-test-utils.development.js:1042:14)
    at render (/Users/work/Documents/retailcore-mfe-investment-management/node_modules/@testing-library/react/dist/pure.js:97:26)
    at renderWithProviders (/Users/work/Documents/retailcore-mfe-investment-management/src/__mocks__/api/Wrapper.tsx:40:28)
    at Object.<anonymous> (/Users/work/Documents/retailcore-mfe-investment-management/src/__tests__/components/product-information.test.tsx:189:59)
    at Promise.then.completed (/Users/work/Documents/retailcore-mfe-investment-management/node_modules/jest-circus/build/utils.js:391:28)
    at new Promise (<anonymous>)
    at callAsyncCircusFn (/Users/work/Documents/retailcore-mfe-investment-management/node_modules/jest-circus/build/utils.js:316:10)
    at _callCircusTest (/Users/work/Documents/retailcore-mfe-investment-management/node_modules/jest-circus/build/run.js:218:40)
    at processTicksAndRejections (node:internal/process/task_queues:95:5)
    at _runTest (/Users/work/Documents/retailcore-mfe-investment-management/node_modules/jest-circus/build/run.js:155:3)
    at _runTestsForDescribeBlock (/Users/work/Documents/retailcore-mfe-investment-management/node_modules/jest-circus/build/run.js:66:9)
    at _runTestsForDescribeBlock (/Users/work/Documents/retailcore-mfe-investment-management/node_modules/jest-circus/build/run.js:60:9)
    at run (/Users/work/Documents/retailcore-mfe-investment-management/node_modules/jest-circus/build/run.js:25:3)
    at runAndTransformResultsToJestFormat (/Users/work/Documents/retailcore-mfe-investment-management/node_modules/jest-circus/build/legacy-code-todo-rewrite/jestAdapterInit.js:170:21)
    at jestAdapter (/Users/work/Documents/retailcore-mfe-investment-management/node_modules/jest-circus/build/legacy-code-todo-rewrite/jestAdapter.js:82:19)
    at runTestInternal (/Users/work/Documents/retailcore-mfe-investment-management/node_modules/jest-runner/build/runTest.js:389:16)
    at runTest (/Users/work/Documents/retailcore-mfe-investment-management/node_modules/jest-runner/build/runTest.js:475:34)
    at Object.worker (/Users/work/Documents/retailcore-mfe-investment-management/node_modules/jest-runner/build/testWorker.js:133:12)]]></failure>
    </testCase>
    <testCase name="ProductInformation Should show error when invalid name is typed" duration="32">
      <failure message="TypeError: Cannot read properties of undefined (reading &apos;replace&apos;)"><![CDATA[TypeError: Cannot read properties of undefined (reading 'replace')
    at ProductInformation (/Users/work/Documents/retailcore-mfe-investment-management/src/components/pages/term-deposit/forms/product-information.tsx:297:21)
    at renderWithHooks (/Users/work/Documents/retailcore-mfe-investment-management/node_modules/react-dom/cjs/react-dom.development.js:14985:18)
    at mountIndeterminateComponent (/Users/work/Documents/retailcore-mfe-investment-management/node_modules/react-dom/cjs/react-dom.development.js:17811:13)
    at beginWork (/Users/work/Documents/retailcore-mfe-investment-management/node_modules/react-dom/cjs/react-dom.development.js:19049:16)
    at HTMLUnknownElement.callCallback (/Users/work/Documents/retailcore-mfe-investment-management/node_modules/react-dom/cjs/react-dom.development.js:3945:14)
    at HTMLUnknownElement.callTheUserObjectsOperation (/Users/work/Documents/retailcore-mfe-investment-management/node_modules/jsdom/lib/jsdom/living/generated/EventListener.js:26:30)
    at innerInvokeEventListeners (/Users/work/Documents/retailcore-mfe-investment-management/node_modules/jsdom/lib/jsdom/living/events/EventTarget-impl.js:338:25)
    at invokeEventListeners (/Users/work/Documents/retailcore-mfe-investment-management/node_modules/jsdom/lib/jsdom/living/events/EventTarget-impl.js:274:3)
    at HTMLUnknownElementImpl._dispatch (/Users/work/Documents/retailcore-mfe-investment-management/node_modules/jsdom/lib/jsdom/living/events/EventTarget-impl.js:221:9)
    at HTMLUnknownElementImpl.dispatchEvent (/Users/work/Documents/retailcore-mfe-investment-management/node_modules/jsdom/lib/jsdom/living/events/EventTarget-impl.js:94:17)
    at HTMLUnknownElement.dispatchEvent (/Users/work/Documents/retailcore-mfe-investment-management/node_modules/jsdom/lib/jsdom/living/generated/EventTarget.js:231:34)
    at Object.invokeGuardedCallbackDev (/Users/work/Documents/retailcore-mfe-investment-management/node_modules/react-dom/cjs/react-dom.development.js:3994:16)
    at invokeGuardedCallback (/Users/work/Documents/retailcore-mfe-investment-management/node_modules/react-dom/cjs/react-dom.development.js:4056:31)
    at beginWork$1 (/Users/work/Documents/retailcore-mfe-investment-management/node_modules/react-dom/cjs/react-dom.development.js:23964:7)
    at performUnitOfWork (/Users/work/Documents/retailcore-mfe-investment-management/node_modules/react-dom/cjs/react-dom.development.js:22779:12)
    at workLoopSync (/Users/work/Documents/retailcore-mfe-investment-management/node_modules/react-dom/cjs/react-dom.development.js:22707:5)
    at renderRootSync (/Users/work/Documents/retailcore-mfe-investment-management/node_modules/react-dom/cjs/react-dom.development.js:22670:7)
    at performSyncWorkOnRoot (/Users/work/Documents/retailcore-mfe-investment-management/node_modules/react-dom/cjs/react-dom.development.js:22293:18)
    at scheduleUpdateOnFiber (/Users/work/Documents/retailcore-mfe-investment-management/node_modules/react-dom/cjs/react-dom.development.js:21881:7)
    at updateContainer (/Users/work/Documents/retailcore-mfe-investment-management/node_modules/react-dom/cjs/react-dom.development.js:25482:3)
    at /Users/work/Documents/retailcore-mfe-investment-management/node_modules/react-dom/cjs/react-dom.development.js:26021:7
    at unbatchedUpdates (/Users/work/Documents/retailcore-mfe-investment-management/node_modules/react-dom/cjs/react-dom.development.js:22431:12)
    at legacyRenderSubtreeIntoContainer (/Users/work/Documents/retailcore-mfe-investment-management/node_modules/react-dom/cjs/react-dom.development.js:26020:5)
    at Object.render (/Users/work/Documents/retailcore-mfe-investment-management/node_modules/react-dom/cjs/react-dom.development.js:26103:10)
    at /Users/work/Documents/retailcore-mfe-investment-management/node_modules/@testing-library/react/dist/pure.js:101:25
    at batchedUpdates$1 (/Users/work/Documents/retailcore-mfe-investment-management/node_modules/react-dom/cjs/react-dom.development.js:22380:12)
    at act (/Users/work/Documents/retailcore-mfe-investment-management/node_modules/react-dom/cjs/react-dom-test-utils.development.js:1042:14)
    at render (/Users/work/Documents/retailcore-mfe-investment-management/node_modules/@testing-library/react/dist/pure.js:97:26)
    at renderWithProviders (/Users/work/Documents/retailcore-mfe-investment-management/src/__mocks__/api/Wrapper.tsx:40:28)
    at Object.<anonymous> (/Users/work/Documents/retailcore-mfe-investment-management/src/__tests__/components/product-information.test.tsx:214:71)
    at Promise.then.completed (/Users/work/Documents/retailcore-mfe-investment-management/node_modules/jest-circus/build/utils.js:391:28)
    at new Promise (<anonymous>)
    at callAsyncCircusFn (/Users/work/Documents/retailcore-mfe-investment-management/node_modules/jest-circus/build/utils.js:316:10)
    at _callCircusTest (/Users/work/Documents/retailcore-mfe-investment-management/node_modules/jest-circus/build/run.js:218:40)
    at processTicksAndRejections (node:internal/process/task_queues:95:5)
    at _runTest (/Users/work/Documents/retailcore-mfe-investment-management/node_modules/jest-circus/build/run.js:155:3)
    at _runTestsForDescribeBlock (/Users/work/Documents/retailcore-mfe-investment-management/node_modules/jest-circus/build/run.js:66:9)
    at _runTestsForDescribeBlock (/Users/work/Documents/retailcore-mfe-investment-management/node_modules/jest-circus/build/run.js:60:9)
    at run (/Users/work/Documents/retailcore-mfe-investment-management/node_modules/jest-circus/build/run.js:25:3)
    at runAndTransformResultsToJestFormat (/Users/work/Documents/retailcore-mfe-investment-management/node_modules/jest-circus/build/legacy-code-todo-rewrite/jestAdapterInit.js:170:21)
    at jestAdapter (/Users/work/Documents/retailcore-mfe-investment-management/node_modules/jest-circus/build/legacy-code-todo-rewrite/jestAdapter.js:82:19)
    at runTestInternal (/Users/work/Documents/retailcore-mfe-investment-management/node_modules/jest-runner/build/runTest.js:389:16)
    at runTest (/Users/work/Documents/retailcore-mfe-investment-management/node_modules/jest-runner/build/runTest.js:475:34)
    at Object.worker (/Users/work/Documents/retailcore-mfe-investment-management/node_modules/jest-runner/build/testWorker.js:133:12)]]></failure>
    </testCase>
    <testCase name="ProductInformation Should show error when description is too short" duration="41">
      <failure message="TypeError: Cannot read properties of undefined (reading &apos;replace&apos;)"><![CDATA[TypeError: Cannot read properties of undefined (reading 'replace')
    at ProductInformation (/Users/work/Documents/retailcore-mfe-investment-management/src/components/pages/term-deposit/forms/product-information.tsx:297:21)
    at renderWithHooks (/Users/work/Documents/retailcore-mfe-investment-management/node_modules/react-dom/cjs/react-dom.development.js:14985:18)
    at mountIndeterminateComponent (/Users/work/Documents/retailcore-mfe-investment-management/node_modules/react-dom/cjs/react-dom.development.js:17811:13)
    at beginWork (/Users/work/Documents/retailcore-mfe-investment-management/node_modules/react-dom/cjs/react-dom.development.js:19049:16)
    at HTMLUnknownElement.callCallback (/Users/work/Documents/retailcore-mfe-investment-management/node_modules/react-dom/cjs/react-dom.development.js:3945:14)
    at HTMLUnknownElement.callTheUserObjectsOperation (/Users/work/Documents/retailcore-mfe-investment-management/node_modules/jsdom/lib/jsdom/living/generated/EventListener.js:26:30)
    at innerInvokeEventListeners (/Users/work/Documents/retailcore-mfe-investment-management/node_modules/jsdom/lib/jsdom/living/events/EventTarget-impl.js:338:25)
    at invokeEventListeners (/Users/work/Documents/retailcore-mfe-investment-management/node_modules/jsdom/lib/jsdom/living/events/EventTarget-impl.js:274:3)
    at HTMLUnknownElementImpl._dispatch (/Users/work/Documents/retailcore-mfe-investment-management/node_modules/jsdom/lib/jsdom/living/events/EventTarget-impl.js:221:9)
    at HTMLUnknownElementImpl.dispatchEvent (/Users/work/Documents/retailcore-mfe-investment-management/node_modules/jsdom/lib/jsdom/living/events/EventTarget-impl.js:94:17)
    at HTMLUnknownElement.dispatchEvent (/Users/work/Documents/retailcore-mfe-investment-management/node_modules/jsdom/lib/jsdom/living/generated/EventTarget.js:231:34)
    at Object.invokeGuardedCallbackDev (/Users/work/Documents/retailcore-mfe-investment-management/node_modules/react-dom/cjs/react-dom.development.js:3994:16)
    at invokeGuardedCallback (/Users/work/Documents/retailcore-mfe-investment-management/node_modules/react-dom/cjs/react-dom.development.js:4056:31)
    at beginWork$1 (/Users/work/Documents/retailcore-mfe-investment-management/node_modules/react-dom/cjs/react-dom.development.js:23964:7)
    at performUnitOfWork (/Users/work/Documents/retailcore-mfe-investment-management/node_modules/react-dom/cjs/react-dom.development.js:22779:12)
    at workLoopSync (/Users/work/Documents/retailcore-mfe-investment-management/node_modules/react-dom/cjs/react-dom.development.js:22707:5)
    at renderRootSync (/Users/work/Documents/retailcore-mfe-investment-management/node_modules/react-dom/cjs/react-dom.development.js:22670:7)
    at performSyncWorkOnRoot (/Users/work/Documents/retailcore-mfe-investment-management/node_modules/react-dom/cjs/react-dom.development.js:22293:18)
    at scheduleUpdateOnFiber (/Users/work/Documents/retailcore-mfe-investment-management/node_modules/react-dom/cjs/react-dom.development.js:21881:7)
    at updateContainer (/Users/work/Documents/retailcore-mfe-investment-management/node_modules/react-dom/cjs/react-dom.development.js:25482:3)
    at /Users/work/Documents/retailcore-mfe-investment-management/node_modules/react-dom/cjs/react-dom.development.js:26021:7
    at unbatchedUpdates (/Users/work/Documents/retailcore-mfe-investment-management/node_modules/react-dom/cjs/react-dom.development.js:22431:12)
    at legacyRenderSubtreeIntoContainer (/Users/work/Documents/retailcore-mfe-investment-management/node_modules/react-dom/cjs/react-dom.development.js:26020:5)
    at Object.render (/Users/work/Documents/retailcore-mfe-investment-management/node_modules/react-dom/cjs/react-dom.development.js:26103:10)
    at /Users/work/Documents/retailcore-mfe-investment-management/node_modules/@testing-library/react/dist/pure.js:101:25
    at batchedUpdates$1 (/Users/work/Documents/retailcore-mfe-investment-management/node_modules/react-dom/cjs/react-dom.development.js:22380:12)
    at act (/Users/work/Documents/retailcore-mfe-investment-management/node_modules/react-dom/cjs/react-dom-test-utils.development.js:1042:14)
    at render (/Users/work/Documents/retailcore-mfe-investment-management/node_modules/@testing-library/react/dist/pure.js:97:26)
    at renderWithProviders (/Users/work/Documents/retailcore-mfe-investment-management/src/__mocks__/api/Wrapper.tsx:40:28)
    at Object.<anonymous> (/Users/work/Documents/retailcore-mfe-investment-management/src/__tests__/components/product-information.test.tsx:230:71)
    at Promise.then.completed (/Users/work/Documents/retailcore-mfe-investment-management/node_modules/jest-circus/build/utils.js:391:28)
    at new Promise (<anonymous>)
    at callAsyncCircusFn (/Users/work/Documents/retailcore-mfe-investment-management/node_modules/jest-circus/build/utils.js:316:10)
    at _callCircusTest (/Users/work/Documents/retailcore-mfe-investment-management/node_modules/jest-circus/build/run.js:218:40)
    at processTicksAndRejections (node:internal/process/task_queues:95:5)
    at _runTest (/Users/work/Documents/retailcore-mfe-investment-management/node_modules/jest-circus/build/run.js:155:3)
    at _runTestsForDescribeBlock (/Users/work/Documents/retailcore-mfe-investment-management/node_modules/jest-circus/build/run.js:66:9)
    at _runTestsForDescribeBlock (/Users/work/Documents/retailcore-mfe-investment-management/node_modules/jest-circus/build/run.js:60:9)
    at run (/Users/work/Documents/retailcore-mfe-investment-management/node_modules/jest-circus/build/run.js:25:3)
    at runAndTransformResultsToJestFormat (/Users/work/Documents/retailcore-mfe-investment-management/node_modules/jest-circus/build/legacy-code-todo-rewrite/jestAdapterInit.js:170:21)
    at jestAdapter (/Users/work/Documents/retailcore-mfe-investment-management/node_modules/jest-circus/build/legacy-code-todo-rewrite/jestAdapter.js:82:19)
    at runTestInternal (/Users/work/Documents/retailcore-mfe-investment-management/node_modules/jest-runner/build/runTest.js:389:16)
    at runTest (/Users/work/Documents/retailcore-mfe-investment-management/node_modules/jest-runner/build/runTest.js:475:34)
    at Object.worker (/Users/work/Documents/retailcore-mfe-investment-management/node_modules/jest-runner/build/testWorker.js:133:12)]]></failure>
    </testCase>
    <testCase name="handleValidatingName should trigger productName and clear errors when nameIsSuccess is true and charLeft is less than 47" duration="14"/>
    <testCase name="handleValidatingName should assign error to productName and set setIsNameOkay to false when nameIsError is true" duration="10"/>
    <testCase name="handleValidatingName should not trigger productName and clear errors when nameIsSuccess is true but charLeft is greater than or equal to 47" duration="6"/>
    <testCase name="handleValidatingName should not assign error to productName when nameIsError is true but nameError is undefined" duration="8"/>
    <testCase name="handleValidatingName should not throw an error when setIsNameOkay is undefined" duration="3"/>
    <testCase name="InputDiv should render a div element with class &apos;w-full flex flex-col gap-2&apos;" duration="40"/>
    <testCase name="InputDiv should render the children passed as props inside the div element" duration="7"/>
    <testCase name="InputDiv should accept any valid React element as children" duration="12"/>
    <testCase name="InputDiv should render an empty div element if no children are passed as props" duration="7"/>
    <testCase name="InputDiv should not render any additional elements or components" duration="5"/>
    <testCase name="handleName should update character count, clear errors, set current name, and handle validation" duration="4"/>
    <testCase name="handleName should set character count based on name length" duration="24"/>
    <testCase name="handleName should clear errors on productName field" duration="2"/>
    <testCase name="handleName should set current name to watchName" duration="2"/>
    <testCase name="handleName should set disabled to true if watchName length is less than or equal to 3" duration="3"/>
    <testCase name="handleName should compare watchName to formData.oldValue" duration="3"/>
    <testCase name="handleName should validate name with productId if provided" duration="7"/>
    <testCase name="handleSlogan should call setSloganCharLeft with the correct remainder value when watchSlogan is not null" duration="3"/>
    <testCase name="handleSlogan should call setIsSloganOkay with true when watchSlogan is not null and has length greater than 0" duration="2"/>
    <testCase name="handleSlogan should call setIsSloganOkay with false when watchSlogan is null or has length 0" duration="3"/>
    <testCase name="handleSlogan should call setSloganCharLeft with defaultSloganLength when watchSlogan is an empty string" duration="14"/>
    <testCase name="handleSlogan should call setSloganCharLeft with a negative remainder value when watchSlogan is a string with length greater than defaultSloganLength" duration="10"/>
    <testCase name="ProductInformation should render the form with the correct inputs and labels" duration="24">
      <failure message="TypeError: Cannot read properties of undefined (reading &apos;replace&apos;)"><![CDATA[TypeError: Cannot read properties of undefined (reading 'replace')
    at ProductInformation (/Users/work/Documents/retailcore-mfe-investment-management/src/components/pages/term-deposit/forms/product-information.tsx:297:21)
    at renderWithHooks (/Users/work/Documents/retailcore-mfe-investment-management/node_modules/react-dom/cjs/react-dom.development.js:14985:18)
    at mountIndeterminateComponent (/Users/work/Documents/retailcore-mfe-investment-management/node_modules/react-dom/cjs/react-dom.development.js:17811:13)
    at beginWork (/Users/work/Documents/retailcore-mfe-investment-management/node_modules/react-dom/cjs/react-dom.development.js:19049:16)
    at HTMLUnknownElement.callCallback (/Users/work/Documents/retailcore-mfe-investment-management/node_modules/react-dom/cjs/react-dom.development.js:3945:14)
    at HTMLUnknownElement.callTheUserObjectsOperation (/Users/work/Documents/retailcore-mfe-investment-management/node_modules/jsdom/lib/jsdom/living/generated/EventListener.js:26:30)
    at innerInvokeEventListeners (/Users/work/Documents/retailcore-mfe-investment-management/node_modules/jsdom/lib/jsdom/living/events/EventTarget-impl.js:338:25)
    at invokeEventListeners (/Users/work/Documents/retailcore-mfe-investment-management/node_modules/jsdom/lib/jsdom/living/events/EventTarget-impl.js:274:3)
    at HTMLUnknownElementImpl._dispatch (/Users/work/Documents/retailcore-mfe-investment-management/node_modules/jsdom/lib/jsdom/living/events/EventTarget-impl.js:221:9)
    at HTMLUnknownElementImpl.dispatchEvent (/Users/work/Documents/retailcore-mfe-investment-management/node_modules/jsdom/lib/jsdom/living/events/EventTarget-impl.js:94:17)
    at HTMLUnknownElement.dispatchEvent (/Users/work/Documents/retailcore-mfe-investment-management/node_modules/jsdom/lib/jsdom/living/generated/EventTarget.js:231:34)
    at Object.invokeGuardedCallbackDev (/Users/work/Documents/retailcore-mfe-investment-management/node_modules/react-dom/cjs/react-dom.development.js:3994:16)
    at invokeGuardedCallback (/Users/work/Documents/retailcore-mfe-investment-management/node_modules/react-dom/cjs/react-dom.development.js:4056:31)
    at beginWork$1 (/Users/work/Documents/retailcore-mfe-investment-management/node_modules/react-dom/cjs/react-dom.development.js:23964:7)
    at performUnitOfWork (/Users/work/Documents/retailcore-mfe-investment-management/node_modules/react-dom/cjs/react-dom.development.js:22779:12)
    at workLoopSync (/Users/work/Documents/retailcore-mfe-investment-management/node_modules/react-dom/cjs/react-dom.development.js:22707:5)
    at renderRootSync (/Users/work/Documents/retailcore-mfe-investment-management/node_modules/react-dom/cjs/react-dom.development.js:22670:7)
    at performSyncWorkOnRoot (/Users/work/Documents/retailcore-mfe-investment-management/node_modules/react-dom/cjs/react-dom.development.js:22293:18)
    at scheduleUpdateOnFiber (/Users/work/Documents/retailcore-mfe-investment-management/node_modules/react-dom/cjs/react-dom.development.js:21881:7)
    at updateContainer (/Users/work/Documents/retailcore-mfe-investment-management/node_modules/react-dom/cjs/react-dom.development.js:25482:3)
    at /Users/work/Documents/retailcore-mfe-investment-management/node_modules/react-dom/cjs/react-dom.development.js:26021:7
    at unbatchedUpdates (/Users/work/Documents/retailcore-mfe-investment-management/node_modules/react-dom/cjs/react-dom.development.js:22431:12)
    at legacyRenderSubtreeIntoContainer (/Users/work/Documents/retailcore-mfe-investment-management/node_modules/react-dom/cjs/react-dom.development.js:26020:5)
    at Object.render (/Users/work/Documents/retailcore-mfe-investment-management/node_modules/react-dom/cjs/react-dom.development.js:26103:10)
    at /Users/work/Documents/retailcore-mfe-investment-management/node_modules/@testing-library/react/dist/pure.js:101:25
    at batchedUpdates$1 (/Users/work/Documents/retailcore-mfe-investment-management/node_modules/react-dom/cjs/react-dom.development.js:22380:12)
    at act (/Users/work/Documents/retailcore-mfe-investment-management/node_modules/react-dom/cjs/react-dom-test-utils.development.js:1042:14)
    at render (/Users/work/Documents/retailcore-mfe-investment-management/node_modules/@testing-library/react/dist/pure.js:97:26)
    at renderWithProviders (/Users/work/Documents/retailcore-mfe-investment-management/src/__mocks__/api/Wrapper.tsx:40:28)
    at Object.<anonymous> (/Users/work/Documents/retailcore-mfe-investment-management/src/__tests__/components/product-information.test.tsx:796:24)
    at Promise.then.completed (/Users/work/Documents/retailcore-mfe-investment-management/node_modules/jest-circus/build/utils.js:391:28)
    at new Promise (<anonymous>)
    at callAsyncCircusFn (/Users/work/Documents/retailcore-mfe-investment-management/node_modules/jest-circus/build/utils.js:316:10)
    at _callCircusTest (/Users/work/Documents/retailcore-mfe-investment-management/node_modules/jest-circus/build/run.js:218:40)
    at processTicksAndRejections (node:internal/process/task_queues:95:5)
    at _runTest (/Users/work/Documents/retailcore-mfe-investment-management/node_modules/jest-circus/build/run.js:155:3)
    at _runTestsForDescribeBlock (/Users/work/Documents/retailcore-mfe-investment-management/node_modules/jest-circus/build/run.js:66:9)
    at _runTestsForDescribeBlock (/Users/work/Documents/retailcore-mfe-investment-management/node_modules/jest-circus/build/run.js:60:9)
    at run (/Users/work/Documents/retailcore-mfe-investment-management/node_modules/jest-circus/build/run.js:25:3)
    at runAndTransformResultsToJestFormat (/Users/work/Documents/retailcore-mfe-investment-management/node_modules/jest-circus/build/legacy-code-todo-rewrite/jestAdapterInit.js:170:21)
    at jestAdapter (/Users/work/Documents/retailcore-mfe-investment-management/node_modules/jest-circus/build/legacy-code-todo-rewrite/jestAdapter.js:82:19)
    at runTestInternal (/Users/work/Documents/retailcore-mfe-investment-management/node_modules/jest-runner/build/runTest.js:389:16)
    at runTest (/Users/work/Documents/retailcore-mfe-investment-management/node_modules/jest-runner/build/runTest.js:475:34)
    at Object.worker (/Users/work/Documents/retailcore-mfe-investment-management/node_modules/jest-runner/build/testWorker.js:133:12)]]></failure>
    </testCase>
    <testCase name="ProductInformation should populate the form with default values from formData prop" duration="19">
      <failure message="TypeError: Cannot read properties of undefined (reading &apos;replace&apos;)"><![CDATA[TypeError: Cannot read properties of undefined (reading 'replace')
    at ProductInformation (/Users/work/Documents/retailcore-mfe-investment-management/src/components/pages/term-deposit/forms/product-information.tsx:297:21)
    at renderWithHooks (/Users/work/Documents/retailcore-mfe-investment-management/node_modules/react-dom/cjs/react-dom.development.js:14985:18)
    at mountIndeterminateComponent (/Users/work/Documents/retailcore-mfe-investment-management/node_modules/react-dom/cjs/react-dom.development.js:17811:13)
    at beginWork (/Users/work/Documents/retailcore-mfe-investment-management/node_modules/react-dom/cjs/react-dom.development.js:19049:16)
    at HTMLUnknownElement.callCallback (/Users/work/Documents/retailcore-mfe-investment-management/node_modules/react-dom/cjs/react-dom.development.js:3945:14)
    at HTMLUnknownElement.callTheUserObjectsOperation (/Users/work/Documents/retailcore-mfe-investment-management/node_modules/jsdom/lib/jsdom/living/generated/EventListener.js:26:30)
    at innerInvokeEventListeners (/Users/work/Documents/retailcore-mfe-investment-management/node_modules/jsdom/lib/jsdom/living/events/EventTarget-impl.js:338:25)
    at invokeEventListeners (/Users/work/Documents/retailcore-mfe-investment-management/node_modules/jsdom/lib/jsdom/living/events/EventTarget-impl.js:274:3)
    at HTMLUnknownElementImpl._dispatch (/Users/work/Documents/retailcore-mfe-investment-management/node_modules/jsdom/lib/jsdom/living/events/EventTarget-impl.js:221:9)
    at HTMLUnknownElementImpl.dispatchEvent (/Users/work/Documents/retailcore-mfe-investment-management/node_modules/jsdom/lib/jsdom/living/events/EventTarget-impl.js:94:17)
    at HTMLUnknownElement.dispatchEvent (/Users/work/Documents/retailcore-mfe-investment-management/node_modules/jsdom/lib/jsdom/living/generated/EventTarget.js:231:34)
    at Object.invokeGuardedCallbackDev (/Users/work/Documents/retailcore-mfe-investment-management/node_modules/react-dom/cjs/react-dom.development.js:3994:16)
    at invokeGuardedCallback (/Users/work/Documents/retailcore-mfe-investment-management/node_modules/react-dom/cjs/react-dom.development.js:4056:31)
    at beginWork$1 (/Users/work/Documents/retailcore-mfe-investment-management/node_modules/react-dom/cjs/react-dom.development.js:23964:7)
    at performUnitOfWork (/Users/work/Documents/retailcore-mfe-investment-management/node_modules/react-dom/cjs/react-dom.development.js:22779:12)
    at workLoopSync (/Users/work/Documents/retailcore-mfe-investment-management/node_modules/react-dom/cjs/react-dom.development.js:22707:5)
    at renderRootSync (/Users/work/Documents/retailcore-mfe-investment-management/node_modules/react-dom/cjs/react-dom.development.js:22670:7)
    at performSyncWorkOnRoot (/Users/work/Documents/retailcore-mfe-investment-management/node_modules/react-dom/cjs/react-dom.development.js:22293:18)
    at scheduleUpdateOnFiber (/Users/work/Documents/retailcore-mfe-investment-management/node_modules/react-dom/cjs/react-dom.development.js:21881:7)
    at updateContainer (/Users/work/Documents/retailcore-mfe-investment-management/node_modules/react-dom/cjs/react-dom.development.js:25482:3)
    at /Users/work/Documents/retailcore-mfe-investment-management/node_modules/react-dom/cjs/react-dom.development.js:26021:7
    at unbatchedUpdates (/Users/work/Documents/retailcore-mfe-investment-management/node_modules/react-dom/cjs/react-dom.development.js:22431:12)
    at legacyRenderSubtreeIntoContainer (/Users/work/Documents/retailcore-mfe-investment-management/node_modules/react-dom/cjs/react-dom.development.js:26020:5)
    at Object.render (/Users/work/Documents/retailcore-mfe-investment-management/node_modules/react-dom/cjs/react-dom.development.js:26103:10)
    at /Users/work/Documents/retailcore-mfe-investment-management/node_modules/@testing-library/react/dist/pure.js:101:25
    at batchedUpdates$1 (/Users/work/Documents/retailcore-mfe-investment-management/node_modules/react-dom/cjs/react-dom.development.js:22380:12)
    at act (/Users/work/Documents/retailcore-mfe-investment-management/node_modules/react-dom/cjs/react-dom-test-utils.development.js:1042:14)
    at render (/Users/work/Documents/retailcore-mfe-investment-management/node_modules/@testing-library/react/dist/pure.js:97:26)
    at renderWithProviders (/Users/work/Documents/retailcore-mfe-investment-management/src/__mocks__/api/Wrapper.tsx:40:28)
    at Object.<anonymous> (/Users/work/Documents/retailcore-mfe-investment-management/src/__tests__/components/product-information.test.tsx:833:24)
    at Promise.then.completed (/Users/work/Documents/retailcore-mfe-investment-management/node_modules/jest-circus/build/utils.js:391:28)
    at new Promise (<anonymous>)
    at callAsyncCircusFn (/Users/work/Documents/retailcore-mfe-investment-management/node_modules/jest-circus/build/utils.js:316:10)
    at _callCircusTest (/Users/work/Documents/retailcore-mfe-investment-management/node_modules/jest-circus/build/run.js:218:40)
    at processTicksAndRejections (node:internal/process/task_queues:95:5)
    at _runTest (/Users/work/Documents/retailcore-mfe-investment-management/node_modules/jest-circus/build/run.js:155:3)
    at _runTestsForDescribeBlock (/Users/work/Documents/retailcore-mfe-investment-management/node_modules/jest-circus/build/run.js:66:9)
    at _runTestsForDescribeBlock (/Users/work/Documents/retailcore-mfe-investment-management/node_modules/jest-circus/build/run.js:60:9)
    at run (/Users/work/Documents/retailcore-mfe-investment-management/node_modules/jest-circus/build/run.js:25:3)
    at runAndTransformResultsToJestFormat (/Users/work/Documents/retailcore-mfe-investment-management/node_modules/jest-circus/build/legacy-code-todo-rewrite/jestAdapterInit.js:170:21)
    at jestAdapter (/Users/work/Documents/retailcore-mfe-investment-management/node_modules/jest-circus/build/legacy-code-todo-rewrite/jestAdapter.js:82:19)
    at runTestInternal (/Users/work/Documents/retailcore-mfe-investment-management/node_modules/jest-runner/build/runTest.js:389:16)
    at runTest (/Users/work/Documents/retailcore-mfe-investment-management/node_modules/jest-runner/build/runTest.js:475:34)
    at Object.worker (/Users/work/Documents/retailcore-mfe-investment-management/node_modules/jest-runner/build/testWorker.js:133:12)]]></failure>
    </testCase>
    <testCase name="ProductInformation should update the form values when formData prop changes" duration="36">
      <failure message="TypeError: Cannot read properties of undefined (reading &apos;replace&apos;)"><![CDATA[TypeError: Cannot read properties of undefined (reading 'replace')
    at ProductInformation (/Users/work/Documents/retailcore-mfe-investment-management/src/components/pages/term-deposit/forms/product-information.tsx:297:21)
    at renderWithHooks (/Users/work/Documents/retailcore-mfe-investment-management/node_modules/react-dom/cjs/react-dom.development.js:14985:18)
    at mountIndeterminateComponent (/Users/work/Documents/retailcore-mfe-investment-management/node_modules/react-dom/cjs/react-dom.development.js:17811:13)
    at beginWork (/Users/work/Documents/retailcore-mfe-investment-management/node_modules/react-dom/cjs/react-dom.development.js:19049:16)
    at HTMLUnknownElement.callCallback (/Users/work/Documents/retailcore-mfe-investment-management/node_modules/react-dom/cjs/react-dom.development.js:3945:14)
    at HTMLUnknownElement.callTheUserObjectsOperation (/Users/work/Documents/retailcore-mfe-investment-management/node_modules/jsdom/lib/jsdom/living/generated/EventListener.js:26:30)
    at innerInvokeEventListeners (/Users/work/Documents/retailcore-mfe-investment-management/node_modules/jsdom/lib/jsdom/living/events/EventTarget-impl.js:338:25)
    at invokeEventListeners (/Users/work/Documents/retailcore-mfe-investment-management/node_modules/jsdom/lib/jsdom/living/events/EventTarget-impl.js:274:3)
    at HTMLUnknownElementImpl._dispatch (/Users/work/Documents/retailcore-mfe-investment-management/node_modules/jsdom/lib/jsdom/living/events/EventTarget-impl.js:221:9)
    at HTMLUnknownElementImpl.dispatchEvent (/Users/work/Documents/retailcore-mfe-investment-management/node_modules/jsdom/lib/jsdom/living/events/EventTarget-impl.js:94:17)
    at HTMLUnknownElement.dispatchEvent (/Users/work/Documents/retailcore-mfe-investment-management/node_modules/jsdom/lib/jsdom/living/generated/EventTarget.js:231:34)
    at Object.invokeGuardedCallbackDev (/Users/work/Documents/retailcore-mfe-investment-management/node_modules/react-dom/cjs/react-dom.development.js:3994:16)
    at invokeGuardedCallback (/Users/work/Documents/retailcore-mfe-investment-management/node_modules/react-dom/cjs/react-dom.development.js:4056:31)
    at beginWork$1 (/Users/work/Documents/retailcore-mfe-investment-management/node_modules/react-dom/cjs/react-dom.development.js:23964:7)
    at performUnitOfWork (/Users/work/Documents/retailcore-mfe-investment-management/node_modules/react-dom/cjs/react-dom.development.js:22779:12)
    at workLoopSync (/Users/work/Documents/retailcore-mfe-investment-management/node_modules/react-dom/cjs/react-dom.development.js:22707:5)
    at renderRootSync (/Users/work/Documents/retailcore-mfe-investment-management/node_modules/react-dom/cjs/react-dom.development.js:22670:7)
    at performSyncWorkOnRoot (/Users/work/Documents/retailcore-mfe-investment-management/node_modules/react-dom/cjs/react-dom.development.js:22293:18)
    at scheduleUpdateOnFiber (/Users/work/Documents/retailcore-mfe-investment-management/node_modules/react-dom/cjs/react-dom.development.js:21881:7)
    at updateContainer (/Users/work/Documents/retailcore-mfe-investment-management/node_modules/react-dom/cjs/react-dom.development.js:25482:3)
    at /Users/work/Documents/retailcore-mfe-investment-management/node_modules/react-dom/cjs/react-dom.development.js:26021:7
    at unbatchedUpdates (/Users/work/Documents/retailcore-mfe-investment-management/node_modules/react-dom/cjs/react-dom.development.js:22431:12)
    at legacyRenderSubtreeIntoContainer (/Users/work/Documents/retailcore-mfe-investment-management/node_modules/react-dom/cjs/react-dom.development.js:26020:5)
    at Object.render (/Users/work/Documents/retailcore-mfe-investment-management/node_modules/react-dom/cjs/react-dom.development.js:26103:10)
    at /Users/work/Documents/retailcore-mfe-investment-management/node_modules/@testing-library/react/dist/pure.js:101:25
    at batchedUpdates$1 (/Users/work/Documents/retailcore-mfe-investment-management/node_modules/react-dom/cjs/react-dom.development.js:22380:12)
    at act (/Users/work/Documents/retailcore-mfe-investment-management/node_modules/react-dom/cjs/react-dom-test-utils.development.js:1042:14)
    at render (/Users/work/Documents/retailcore-mfe-investment-management/node_modules/@testing-library/react/dist/pure.js:97:26)
    at renderWithProviders (/Users/work/Documents/retailcore-mfe-investment-management/src/__mocks__/api/Wrapper.tsx:40:28)
    at Object.<anonymous> (/Users/work/Documents/retailcore-mfe-investment-management/src/__tests__/components/product-information.test.tsx:879:24)
    at Promise.then.completed (/Users/work/Documents/retailcore-mfe-investment-management/node_modules/jest-circus/build/utils.js:391:28)
    at new Promise (<anonymous>)
    at callAsyncCircusFn (/Users/work/Documents/retailcore-mfe-investment-management/node_modules/jest-circus/build/utils.js:316:10)
    at _callCircusTest (/Users/work/Documents/retailcore-mfe-investment-management/node_modules/jest-circus/build/run.js:218:40)
    at processTicksAndRejections (node:internal/process/task_queues:95:5)
    at _runTest (/Users/work/Documents/retailcore-mfe-investment-management/node_modules/jest-circus/build/run.js:155:3)
    at _runTestsForDescribeBlock (/Users/work/Documents/retailcore-mfe-investment-management/node_modules/jest-circus/build/run.js:66:9)
    at _runTestsForDescribeBlock (/Users/work/Documents/retailcore-mfe-investment-management/node_modules/jest-circus/build/run.js:60:9)
    at run (/Users/work/Documents/retailcore-mfe-investment-management/node_modules/jest-circus/build/run.js:25:3)
    at runAndTransformResultsToJestFormat (/Users/work/Documents/retailcore-mfe-investment-management/node_modules/jest-circus/build/legacy-code-todo-rewrite/jestAdapterInit.js:170:21)
    at jestAdapter (/Users/work/Documents/retailcore-mfe-investment-management/node_modules/jest-circus/build/legacy-code-todo-rewrite/jestAdapter.js:82:19)
    at runTestInternal (/Users/work/Documents/retailcore-mfe-investment-management/node_modules/jest-runner/build/runTest.js:389:16)
    at runTest (/Users/work/Documents/retailcore-mfe-investment-management/node_modules/jest-runner/build/runTest.js:475:34)
    at Object.worker (/Users/work/Documents/retailcore-mfe-investment-management/node_modules/jest-runner/build/testWorker.js:133:12)]]></failure>
    </testCase>
    <testCase name="ProductInformation should handle missing or invalid form inputs" duration="16">
      <failure message="TypeError: Cannot read properties of undefined (reading &apos;replace&apos;)"><![CDATA[TypeError: Cannot read properties of undefined (reading 'replace')
    at ProductInformation (/Users/work/Documents/retailcore-mfe-investment-management/src/components/pages/term-deposit/forms/product-information.tsx:297:21)
    at renderWithHooks (/Users/work/Documents/retailcore-mfe-investment-management/node_modules/react-dom/cjs/react-dom.development.js:14985:18)
    at mountIndeterminateComponent (/Users/work/Documents/retailcore-mfe-investment-management/node_modules/react-dom/cjs/react-dom.development.js:17811:13)
    at beginWork (/Users/work/Documents/retailcore-mfe-investment-management/node_modules/react-dom/cjs/react-dom.development.js:19049:16)
    at HTMLUnknownElement.callCallback (/Users/work/Documents/retailcore-mfe-investment-management/node_modules/react-dom/cjs/react-dom.development.js:3945:14)
    at HTMLUnknownElement.callTheUserObjectsOperation (/Users/work/Documents/retailcore-mfe-investment-management/node_modules/jsdom/lib/jsdom/living/generated/EventListener.js:26:30)
    at innerInvokeEventListeners (/Users/work/Documents/retailcore-mfe-investment-management/node_modules/jsdom/lib/jsdom/living/events/EventTarget-impl.js:338:25)
    at invokeEventListeners (/Users/work/Documents/retailcore-mfe-investment-management/node_modules/jsdom/lib/jsdom/living/events/EventTarget-impl.js:274:3)
    at HTMLUnknownElementImpl._dispatch (/Users/work/Documents/retailcore-mfe-investment-management/node_modules/jsdom/lib/jsdom/living/events/EventTarget-impl.js:221:9)
    at HTMLUnknownElementImpl.dispatchEvent (/Users/work/Documents/retailcore-mfe-investment-management/node_modules/jsdom/lib/jsdom/living/events/EventTarget-impl.js:94:17)
    at HTMLUnknownElement.dispatchEvent (/Users/work/Documents/retailcore-mfe-investment-management/node_modules/jsdom/lib/jsdom/living/generated/EventTarget.js:231:34)
    at Object.invokeGuardedCallbackDev (/Users/work/Documents/retailcore-mfe-investment-management/node_modules/react-dom/cjs/react-dom.development.js:3994:16)
    at invokeGuardedCallback (/Users/work/Documents/retailcore-mfe-investment-management/node_modules/react-dom/cjs/react-dom.development.js:4056:31)
    at beginWork$1 (/Users/work/Documents/retailcore-mfe-investment-management/node_modules/react-dom/cjs/react-dom.development.js:23964:7)
    at performUnitOfWork (/Users/work/Documents/retailcore-mfe-investment-management/node_modules/react-dom/cjs/react-dom.development.js:22779:12)
    at workLoopSync (/Users/work/Documents/retailcore-mfe-investment-management/node_modules/react-dom/cjs/react-dom.development.js:22707:5)
    at renderRootSync (/Users/work/Documents/retailcore-mfe-investment-management/node_modules/react-dom/cjs/react-dom.development.js:22670:7)
    at performSyncWorkOnRoot (/Users/work/Documents/retailcore-mfe-investment-management/node_modules/react-dom/cjs/react-dom.development.js:22293:18)
    at scheduleUpdateOnFiber (/Users/work/Documents/retailcore-mfe-investment-management/node_modules/react-dom/cjs/react-dom.development.js:21881:7)
    at updateContainer (/Users/work/Documents/retailcore-mfe-investment-management/node_modules/react-dom/cjs/react-dom.development.js:25482:3)
    at /Users/work/Documents/retailcore-mfe-investment-management/node_modules/react-dom/cjs/react-dom.development.js:26021:7
    at unbatchedUpdates (/Users/work/Documents/retailcore-mfe-investment-management/node_modules/react-dom/cjs/react-dom.development.js:22431:12)
    at legacyRenderSubtreeIntoContainer (/Users/work/Documents/retailcore-mfe-investment-management/node_modules/react-dom/cjs/react-dom.development.js:26020:5)
    at Object.render (/Users/work/Documents/retailcore-mfe-investment-management/node_modules/react-dom/cjs/react-dom.development.js:26103:10)
    at /Users/work/Documents/retailcore-mfe-investment-management/node_modules/@testing-library/react/dist/pure.js:101:25
    at batchedUpdates$1 (/Users/work/Documents/retailcore-mfe-investment-management/node_modules/react-dom/cjs/react-dom.development.js:22380:12)
    at act (/Users/work/Documents/retailcore-mfe-investment-management/node_modules/react-dom/cjs/react-dom-test-utils.development.js:1042:14)
    at render (/Users/work/Documents/retailcore-mfe-investment-management/node_modules/@testing-library/react/dist/pure.js:97:26)
    at renderWithProviders (/Users/work/Documents/retailcore-mfe-investment-management/src/__mocks__/api/Wrapper.tsx:40:28)
    at Object.<anonymous> (/Users/work/Documents/retailcore-mfe-investment-management/src/__tests__/components/product-information.test.tsx:915:24)
    at Promise.then.completed (/Users/work/Documents/retailcore-mfe-investment-management/node_modules/jest-circus/build/utils.js:391:28)
    at new Promise (<anonymous>)
    at callAsyncCircusFn (/Users/work/Documents/retailcore-mfe-investment-management/node_modules/jest-circus/build/utils.js:316:10)
    at _callCircusTest (/Users/work/Documents/retailcore-mfe-investment-management/node_modules/jest-circus/build/run.js:218:40)
    at processTicksAndRejections (node:internal/process/task_queues:95:5)
    at _runTest (/Users/work/Documents/retailcore-mfe-investment-management/node_modules/jest-circus/build/run.js:155:3)
    at _runTestsForDescribeBlock (/Users/work/Documents/retailcore-mfe-investment-management/node_modules/jest-circus/build/run.js:66:9)
    at _runTestsForDescribeBlock (/Users/work/Documents/retailcore-mfe-investment-management/node_modules/jest-circus/build/run.js:60:9)
    at run (/Users/work/Documents/retailcore-mfe-investment-management/node_modules/jest-circus/build/run.js:25:3)
    at runAndTransformResultsToJestFormat (/Users/work/Documents/retailcore-mfe-investment-management/node_modules/jest-circus/build/legacy-code-todo-rewrite/jestAdapterInit.js:170:21)
    at jestAdapter (/Users/work/Documents/retailcore-mfe-investment-management/node_modules/jest-circus/build/legacy-code-todo-rewrite/jestAdapter.js:82:19)
    at runTestInternal (/Users/work/Documents/retailcore-mfe-investment-management/node_modules/jest-runner/build/runTest.js:389:16)
    at runTest (/Users/work/Documents/retailcore-mfe-investment-management/node_modules/jest-runner/build/runTest.js:475:34)
    at Object.worker (/Users/work/Documents/retailcore-mfe-investment-management/node_modules/jest-runner/build/testWorker.js:133:12)]]></failure>
    </testCase>
    <testCase name="ProductInformation should handle long product names and slogans" duration="15">
      <failure message="TypeError: Cannot read properties of undefined (reading &apos;replace&apos;)"><![CDATA[TypeError: Cannot read properties of undefined (reading 'replace')
    at ProductInformation (/Users/work/Documents/retailcore-mfe-investment-management/src/components/pages/term-deposit/forms/product-information.tsx:297:21)
    at renderWithHooks (/Users/work/Documents/retailcore-mfe-investment-management/node_modules/react-dom/cjs/react-dom.development.js:14985:18)
    at mountIndeterminateComponent (/Users/work/Documents/retailcore-mfe-investment-management/node_modules/react-dom/cjs/react-dom.development.js:17811:13)
    at beginWork (/Users/work/Documents/retailcore-mfe-investment-management/node_modules/react-dom/cjs/react-dom.development.js:19049:16)
    at HTMLUnknownElement.callCallback (/Users/work/Documents/retailcore-mfe-investment-management/node_modules/react-dom/cjs/react-dom.development.js:3945:14)
    at HTMLUnknownElement.callTheUserObjectsOperation (/Users/work/Documents/retailcore-mfe-investment-management/node_modules/jsdom/lib/jsdom/living/generated/EventListener.js:26:30)
    at innerInvokeEventListeners (/Users/work/Documents/retailcore-mfe-investment-management/node_modules/jsdom/lib/jsdom/living/events/EventTarget-impl.js:338:25)
    at invokeEventListeners (/Users/work/Documents/retailcore-mfe-investment-management/node_modules/jsdom/lib/jsdom/living/events/EventTarget-impl.js:274:3)
    at HTMLUnknownElementImpl._dispatch (/Users/work/Documents/retailcore-mfe-investment-management/node_modules/jsdom/lib/jsdom/living/events/EventTarget-impl.js:221:9)
    at HTMLUnknownElementImpl.dispatchEvent (/Users/work/Documents/retailcore-mfe-investment-management/node_modules/jsdom/lib/jsdom/living/events/EventTarget-impl.js:94:17)
    at HTMLUnknownElement.dispatchEvent (/Users/work/Documents/retailcore-mfe-investment-management/node_modules/jsdom/lib/jsdom/living/generated/EventTarget.js:231:34)
    at Object.invokeGuardedCallbackDev (/Users/work/Documents/retailcore-mfe-investment-management/node_modules/react-dom/cjs/react-dom.development.js:3994:16)
    at invokeGuardedCallback (/Users/work/Documents/retailcore-mfe-investment-management/node_modules/react-dom/cjs/react-dom.development.js:4056:31)
    at beginWork$1 (/Users/work/Documents/retailcore-mfe-investment-management/node_modules/react-dom/cjs/react-dom.development.js:23964:7)
    at performUnitOfWork (/Users/work/Documents/retailcore-mfe-investment-management/node_modules/react-dom/cjs/react-dom.development.js:22779:12)
    at workLoopSync (/Users/work/Documents/retailcore-mfe-investment-management/node_modules/react-dom/cjs/react-dom.development.js:22707:5)
    at renderRootSync (/Users/work/Documents/retailcore-mfe-investment-management/node_modules/react-dom/cjs/react-dom.development.js:22670:7)
    at performSyncWorkOnRoot (/Users/work/Documents/retailcore-mfe-investment-management/node_modules/react-dom/cjs/react-dom.development.js:22293:18)
    at scheduleUpdateOnFiber (/Users/work/Documents/retailcore-mfe-investment-management/node_modules/react-dom/cjs/react-dom.development.js:21881:7)
    at updateContainer (/Users/work/Documents/retailcore-mfe-investment-management/node_modules/react-dom/cjs/react-dom.development.js:25482:3)
    at /Users/work/Documents/retailcore-mfe-investment-management/node_modules/react-dom/cjs/react-dom.development.js:26021:7
    at unbatchedUpdates (/Users/work/Documents/retailcore-mfe-investment-management/node_modules/react-dom/cjs/react-dom.development.js:22431:12)
    at legacyRenderSubtreeIntoContainer (/Users/work/Documents/retailcore-mfe-investment-management/node_modules/react-dom/cjs/react-dom.development.js:26020:5)
    at Object.render (/Users/work/Documents/retailcore-mfe-investment-management/node_modules/react-dom/cjs/react-dom.development.js:26103:10)
    at /Users/work/Documents/retailcore-mfe-investment-management/node_modules/@testing-library/react/dist/pure.js:101:25
    at batchedUpdates$1 (/Users/work/Documents/retailcore-mfe-investment-management/node_modules/react-dom/cjs/react-dom.development.js:22380:12)
    at act (/Users/work/Documents/retailcore-mfe-investment-management/node_modules/react-dom/cjs/react-dom-test-utils.development.js:1042:14)
    at render (/Users/work/Documents/retailcore-mfe-investment-management/node_modules/@testing-library/react/dist/pure.js:97:26)
    at renderWithProviders (/Users/work/Documents/retailcore-mfe-investment-management/src/__mocks__/api/Wrapper.tsx:40:28)
    at Object.<anonymous> (/Users/work/Documents/retailcore-mfe-investment-management/src/__tests__/components/product-information.test.tsx:961:24)
    at Promise.then.completed (/Users/work/Documents/retailcore-mfe-investment-management/node_modules/jest-circus/build/utils.js:391:28)
    at new Promise (<anonymous>)
    at callAsyncCircusFn (/Users/work/Documents/retailcore-mfe-investment-management/node_modules/jest-circus/build/utils.js:316:10)
    at _callCircusTest (/Users/work/Documents/retailcore-mfe-investment-management/node_modules/jest-circus/build/run.js:218:40)
    at processTicksAndRejections (node:internal/process/task_queues:95:5)
    at _runTest (/Users/work/Documents/retailcore-mfe-investment-management/node_modules/jest-circus/build/run.js:155:3)
    at _runTestsForDescribeBlock (/Users/work/Documents/retailcore-mfe-investment-management/node_modules/jest-circus/build/run.js:66:9)
    at _runTestsForDescribeBlock (/Users/work/Documents/retailcore-mfe-investment-management/node_modules/jest-circus/build/run.js:60:9)
    at run (/Users/work/Documents/retailcore-mfe-investment-management/node_modules/jest-circus/build/run.js:25:3)
    at runAndTransformResultsToJestFormat (/Users/work/Documents/retailcore-mfe-investment-management/node_modules/jest-circus/build/legacy-code-todo-rewrite/jestAdapterInit.js:170:21)
    at jestAdapter (/Users/work/Documents/retailcore-mfe-investment-management/node_modules/jest-circus/build/legacy-code-todo-rewrite/jestAdapter.js:82:19)
    at runTestInternal (/Users/work/Documents/retailcore-mfe-investment-management/node_modules/jest-runner/build/runTest.js:389:16)
    at runTest (/Users/work/Documents/retailcore-mfe-investment-management/node_modules/jest-runner/build/runTest.js:475:34)
    at Object.worker (/Users/work/Documents/retailcore-mfe-investment-management/node_modules/jest-runner/build/testWorker.js:133:12)]]></failure>
    </testCase>
    <testCase name="handleName should handle name with debounce" duration="3"/>
    <testCase name="handleName should handle name without debounce" duration="3"/>
    <testCase name="onProceed should set the start and end date of the form data to the formatted date strings when they exist" duration="46"/>
    <testCase name="onProceed should call the proceed function" duration="5"/>
    <testCase name="onProceed should not set the start and end date of the form data when d parameter is missing startDate or endDate fields" duration="2"/>
  </file>
  <file path="/Users/work/Documents/retailcore-mfe-investment-management/src/__tests__/actionHandler.test.ts">
    <testCase name="actionHandler should call setAction, setDetail, and setSubText with expected values" duration="25"/>
    <testCase name="actionHandler should update previousData.current with expected values" duration="5"/>
    <testCase name="actionHandler should call setConfirmText, setSubText, and setIsConfirmOpen with expected values when action is DEACTIVATE" duration="10"/>
    <testCase name="actionHandler should not throw an error when action is undefined or null" duration="4"/>
    <testCase name="actionHandler should not throw an error when items is undefined or null" duration="4"/>
    <testCase name="actionHandler should call setConfirmText and setIsConfirmOpen with expected values when action is ACTIVATE" duration="15"/>
    <testCase name="actionHandler should call setConfirmText and setIsConfirmOpen with expected values when action is WITHDRAW_DELETE" duration="18"/>
    <testCase name="actionHandler should call setConfirmText and setIsConfirmOpen with expected values when action is DELETE_REQUESTS" duration="3"/>
    <testCase name="actionHandler should call setConfirmText and setIsConfirmOpen with expected values when action is WITHDARW_MODIFY" duration="16"/>
    <testCase name="actionHandler should call setConfirmText and setIsConfirmOpen with expected values when action is MODIFY" duration="4"/>
    <testCase name="actionHandler should call setConfirmText and setIsConfirmOpen with expected values when action is DELETE_DRAFT" duration="5"/>
    <testCase name="actionHandler should call navigate with expected values when action is CONTINUE_REQUEST" duration="16"/>
    <testCase name="actionHandler should call setDetailOpen or navigate with expected values when action is VIEW or REVIEW" duration="26"/>
    <testCase name="actionHandler should not call any functions and return early" duration="3"/>
    <testCase name="actionHandler should not call any functions and return early" duration="4"/>
    <testCase name="actionHandler should not call any functions and return early" duration="14"/>
    <testCase name="actionHandler should call navigate when action is CONTINUE_REQUEST" duration="3"/>
    <testCase name="actionHandler should set previousData.current with expected values" duration="17"/>
    <testCase name="actionHandler should call setAction with expected value" duration="11"/>
    <testCase name="actionHandler should handle &quot;review&quot; action with AllProducts category" duration="4"/>
    <testCase name="actionHandler should handle &quot;review&quot; action with specific category" duration="3"/>
  </file>
  <file path="/Users/work/Documents/retailcore-mfe-investment-management/src/__tests__/components/Pages/management/manage-investment/IndexComponent.test.tsx">
    <testCase name="code snippet should render the Investment Management page with the correct title and breadcrumbs" duration="312"/>
    <testCase name="code snippet should display the Investment PRODUCTS section with the Individual Investments and Corporate Investments subsections" duration="188"/>
  </file>
  <file path="/Users/work/Documents/retailcore-mfe-investment-management/src/__tests__/components/management/ProductInfoInvestmentCalc.test.tsx">
    <testCase name="ProductInfoInvestmentCalc should display correct product name and description" duration="297"/>
    <testCase name="ProductInfoInvestmentCalc should display correct tab1" duration="107"/>
    <testCase name="ProductInfoInvestmentCalc should display correct tab2" duration="72"/>
    <testCase name="ProductInfoInvestmentCalc should display correct tab3" duration="108"/>
    <testCase name="ProductInfoInvestmentCalc should mot display correct product name and description" duration="82"/>
    <testCase name="ChargesAndTaxes should render the component without errors when given valid props" duration="12"/>
    <testCase name="ChargesAndTaxes should display a dash when there are no applicable charges for an option" duration="16"/>
  </file>
  <file path="/Users/work/Documents/retailcore-mfe-investment-management/src/__tests__/forms/FormUpload.test.tsx">
    <testCase name="FormUpload renders without crashing" duration="152"/>
    <testCase name="FormUpload matches snapshot" duration="163"/>
    <testCase name="FormUpload should reset all state variables when handleReset is called" duration="7"/>
    <testCase name="handleFileChange should select a file and set the file type correctly" duration="6"/>
    <testCase name="handleFileChange should set an error message when the file size exceeds the maximum allowed size" duration="3"/>
    <testCase name="handleFileChange should set an error message when no file is selected" duration="7"/>
    <testCase name="handleFileChange should display an error message when selecting a file with an invalid extension" duration="42"/>
    <testCase name="FormUpload should display error message when selecting a file with an unsupported file type" duration="83"/>
    <testCase name="handleDrag should set dragActive to true when dragenter event is triggered" duration="3"/>
    <testCase name="handleDrag should set dragActive to true when dragover event is triggered" duration="31"/>
    <testCase name="handleDrag should set dragActive to false when dragleave event is triggered" duration="6"/>
    <testCase name="handleReset should reset upload data to an empty array" duration="3"/>
    <testCase name="handleReset should set status to null" duration="7"/>
    <testCase name="handleDrop should read and process a valid file when dropped" duration="8"/>
    <testCase name="handleDrop should process a file with a valid file type when dropped" duration="3"/>
    <testCase name="handleDrop should read and process a file with a valid file type when dropped" duration="4"/>
    <testCase name="handleDrop should process a file with a valid file type when dropped" duration="3"/>
    <testCase name="handleDrop should process a file with a valid file type when dropped" duration="3"/>
    <testCase name="handleDrop should set an error message when the file type is not supported" duration="36"/>
    <testCase name="handleDrop should set the base64 image correctly when the file is read" duration="6"/>
  </file>
  <file path="/Users/work/Documents/retailcore-mfe-investment-management/src/__tests__/components/summary/Actions.test.tsx">
    <testCase name="Actions should renderWithProviders a div element with specific class and styling" duration="258"/>
    <testCase name="Actions should call the corresponding functions when Cancel, Modify, or Submit buttons are clicked" duration="91"/>
    <testCase name="Actions should call the corresponding functions when Print, Share, or Return to dashboard buttons are clicked" duration="78"/>
    <testCase name="Actions should set the confirm text to &quot;Product creation approve&quot; when sub_type is not provided and action is &quot;approve&quot;" duration="36"/>
    <testCase name="Actions should set the confirm text to &quot;Product creation reject&quot; when sub_type is not provided and action is &quot;reject&quot;" duration="12"/>
    <testCase name="Actions should set the confirm text to &quot;Product activation approve&quot; when sub_type is &quot;activation&quot; and action is &quot;approve&quot;" duration="56"/>
    <testCase name="Actions Should call initiate verdict" duration="188"/>
    <testCase name="handleConfirm should call approveProduct when action is &quot;approve&quot;" duration="4"/>
    <testCase name="handleConfirm should approve investment for individual" duration="21"/>
    <testCase name="handleConfirm should approve cancel for individual" duration="3"/>
    <testCase name="handleConfirm should set setRejection to true when action is &quot;reject&quot;" duration="3"/>
    <testCase name="handleConfirm should navigate to &quot;/product-factory/investment?category=requests&quot; when action is &quot;cancel&quot;" duration="8"/>
    <testCase name="handleConfirm should do nothing when &quot;action&quot; parameter is not provided" duration="7"/>
    <testCase name="handleMessages should set success text and open success modal when rejectSuccess is true" duration="3"/>
    <testCase name="handleMessages should set success text and open success modal when approveSuccess is true" duration="100"/>
    <testCase name="handleMessages should not set any text or open any modal when rejectSuccess and approveSuccess are both false" duration="18"/>
    <testCase name="handleMessages should not set any text or open any modal when rejectError and approveError are both null" duration="11"/>
    <testCase name="handleMessages should set failed text and subtext when rejectError and approveError are both defined" duration="17"/>
    <testCase name="handleMessages should set failed text and subtext when rejectError is defined and approveError is null" duration="5"/>
    <testCase name="handleMessages Should handle investmentRejectSuccess" duration="3"/>
    <testCase name="handleMessages Should handle investmentApproveSuccess" duration="3"/>
    <testCase name="handleMessages Should handle investmentApproveIsError" duration="3"/>
    <testCase name="handleMessages Should handle investmentRejectIsError" duration="4"/>
    <testCase name="handlePermissionType should return &quot;BOOK_INVESTMENT&quot; when type is &quot;individual&quot; and process_type is &quot;booking&quot;" duration="9"/>
    <testCase name="handlePermissionType should return &quot;LIQUIDATE_INVESTMENT&quot; when type is &quot;individual&quot; and process_type is not &quot;booking&quot;" duration="3"/>
    <testCase name="handlePermissionType should return &quot;CREATE_INVESTMENT_PRODUCT&quot; when type is &quot;investment&quot;" duration="53"/>
    <testCase name="handlePermissionType should return undefined when type is not &quot;individual&quot; or &quot;investment&quot;" duration="2"/>
  </file>
  <file path="/Users/work/Documents/retailcore-mfe-investment-management/src/__tests__/forms/ComboSelect.test.tsx">
    <testCase name="ComboSelect renders without crashing" duration="48"/>
    <testCase name="ComboSelect matches snapshot" duration="38"/>
    <testCase name="ComboSelect should open the dropdown when the button is clicked" duration="77"/>
    <testCase name="ComboSelect should update selected options when all products and their members are selected" duration="57"/>
    <testCase name="ComboSelect should update selected options when a product and its members are deselected" duration="42"/>
    <testCase name="ComboSelect should update selected options when all products and their members are deselected" duration="98"/>
    <testCase name="ComboSelect should filter the options correctly when searching for a product" duration="67"/>
    <testCase name="ComboSelect should update selected options when a product and its members are selected" duration="47"/>
    <testCase name="closeDropdown should set isOpen state to false when called with setIsOpen(false)" duration="3"/>
    <testCase name="closeDropdown should not throw an error when called with setIsOpen(undefined)" duration="26"/>
    <testCase name="closeDropdown should not throw an error when called with setIsOpen(null)" duration="8"/>
    <testCase name="closeDropdown should not throw an error when called with setIsOpen(0)" duration="4"/>
    <testCase name="closeDropdown should not throw an error when called with setIsOpen(&quot;&quot;)" duration="27"/>
    <testCase name="closeDropdown should not throw an error when called with setIsOpen({})" duration="3"/>
    <testCase name="handleChange should add a new product to selOptions if it doesnt exist" duration="8"/>
    <testCase name="handleChange should remove a product from selOptions if it already exists" duration="9"/>
    <testCase name="productContainsMember should return true when the product contains the member" duration="2"/>
    <testCase name="productContainsMember should return false when the product does not contain the member" duration="3"/>
    <testCase name="productContainsMember should return false when the product is empty" duration="25"/>
    <testCase name="productContainsMember should return false when the member is empty" duration="2"/>
    <testCase name="productContainsMember should return false when the member is null" duration="3"/>
    <testCase name="addNewProduct should return a new array with the new product added to the end of the input array" duration="23"/>
    <testCase name="addNewProduct should not modify the input array" duration="3"/>
    <testCase name="addNewProduct should work with an empty input array" duration="2"/>
    <testCase name="createProduct should return an object with &quot;product&quot; and &quot;members&quot; properties when valid id and members are provided" duration="3"/>
    <testCase name="createProduct should return an object with an empty &quot;members&quot; array when no members are provided" duration="4"/>
    <testCase name="createProduct should handle special characters and spaces in id and member names" duration="2"/>
    <testCase name="createProduct should handle a large number of members" duration="2"/>
    <testCase name="createProduct should handle empty strings as id and member names" duration="6"/>
    <testCase name="handleMemberToggle should add member to product when member is not selected" duration="2"/>
    <testCase name="handleMemberToggle should remove member from product when member is already selected" duration="3"/>
    <testCase name="handleMemberToggle should add product and member to selected options when product is not selected" duration="15"/>
    <testCase name="handleMemberToggle should add member to product when product is already selected but with no members" duration="3"/>
    <testCase name="handleMemberToggle should add member to product when product is already selected with other members" duration="3"/>
    <testCase name="addMemberToProduct should add a member to a product with no existing members" duration="5"/>
    <testCase name="addMemberToProduct should add a member to a product with existing members" duration="17"/>
    <testCase name="addMemberToProduct should return the original products array if memberId is undefined" duration="2"/>
    <testCase name="addMemberToProduct should return the original products array if memberId is already in the product" duration="3"/>
    <testCase name="removeMemberFromProduct should remove a member from a product with multiple members" duration="4"/>
    <testCase name="removeMemberFromProduct should remove a member from a product with only one member" duration="2"/>
    <testCase name="removeMemberFromProduct should handle removing a non-existent member from a product" duration="3"/>
  </file>
  <file path="/Users/work/Documents/retailcore-mfe-investment-management/src/__tests__/components/investment/dashboard/TableComponent.test.tsx">
    <testCase name="handleDropdown should return an array of options based on the status, isChecker, locked, and permissions parameters" duration="57"/>
    <testCase name="handleDropdown should filter out &quot;deactivate&quot; and &quot;activate&quot; options if user does not have &quot;CREATE_PRODUCT&quot; permission" duration="15"/>
    <testCase name="handleDropdown should filter out &quot;modify&quot; option if user does not have &quot;CREATE_PRODUCT&quot; permission and is not a checker" duration="5"/>
    <testCase name="handleDropdown should return an array with only &quot;view&quot; option if locked parameter is true and &quot;view&quot; option exists" duration="11"/>
    <testCase name="handleDropdown should return an empty array if locked parameter is true and &quot;view&quot; option does not exist" duration="4"/>
    <testCase name="handleDropdown should return an array with only &quot;view&quot; option if isChecker parameter is true and &quot;view&quot; option exists" duration="4"/>
    <testCase name="handleHeaders should filter out &apos;created_by&apos; when isChecker is true" duration="11"/>
    <testCase name="handleHeaders should filter out &apos;approved_By&apos; when isChecker is false" duration="6"/>
    <testCase name="handleDownload should generate CSV for requests category" duration="8"/>
    <testCase name="handleDownload should generate CSV for product category" duration="4"/>
    <testCase name="handleDownload should not generate CSV if downloadData is empty" duration="4"/>
    <testCase name="initiateDownload should download all products when category is &quot;all products&quot;" duration="12"/>
    <testCase name="initiateDownload should download all requests when category is &quot;requests&quot;" duration="3"/>
    <testCase name="initiateDownload should include selected filter value in download query" duration="24"/>
    <testCase name="initiateDownload should not include filter value in download query when no selected filter value is provided" duration="6"/>
    <testCase name="initiateDownload should not call download functions when category is not &quot;all products&quot; or &quot;requests&quot;" duration="3"/>
    <testCase name="initiateDownload should call download functions with empty query object" duration="9"/>
    <testCase name="initiateDownload should set page size to 1000000 in download query" duration="2"/>
    <testCase name="getSearchResult should call setSearchResults with an empty array when value is empty" duration="3"/>
    <testCase name="getSearchResult should call getProducts with the correct parameters when category is AllProducts" duration="3"/>
    <testCase name="getSearchResult should call getRequests with the correct parameters when category is Requests" duration="3"/>
    <testCase name="getSearchResult should call setSearchResults with an empty array when value is null" duration="2"/>
    <testCase name="getSearchResult should not call setSearchResults when category is not a valid StatusCategoryType" duration="2"/>
    <testCase name="getSearchResult should call getProducts/getRequests with filter_by as undefined when selected is null" duration="3"/>
    <testCase name="getSearchResult should call setSearchResults with an empty array when getProducts/getRequests returns an error" duration="3"/>
    <testCase name="getSearchResult should call getProducts/getRequests with the correct parameters when value is a string with special characters" duration="3"/>
    <testCase name="getSearchResult should call setSearchResults with an empty array when value is a string with only spaces" duration="4"/>
  </file>
  <file path="/Users/work/Documents/retailcore-mfe-investment-management/src/__tests__/components/Pages/term-deposit/forms/gl_mapping_events/AddedChargeList.test.tsx">
    <testCase name="default should render" duration="72"/>
    <testCase name="default should render selectedCharges is an empty array when selectedCharges is empty" duration="18"/>
  </file>
  <file path="/Users/work/Documents/retailcore-mfe-investment-management/src/__tests__/pages/investment/IndexComponent.test.tsx">
    <testCase name="IndexComponent Renders without error" duration="741"/>
    <testCase name="IndexComponent should display the TopBar component" duration="577"/>
    <testCase name="handleToggle should set isChecker to true and hideCreate to true when selected option includes &quot;approved&quot;" duration="6"/>
    <testCase name="handleToggle should set isChecker to true and hideCreate to true when selected option includes &quot;sent&quot;" duration="8"/>
    <testCase name="handleToggle should set isChecker to false and hideCreate to false when selected option does not include &quot;approved&quot; or &quot;sent&quot;" duration="4"/>
    <testCase name="handleToggle should not throw an error and change values to &apos;false&apos; when selected values when selected value is null" duration="19"/>
    <testCase name="handleToggle should not throw an error and change values to &apos;false&apos; when selected values does not have a text property" duration="32"/>
    <testCase name="handleToggle should not throw an error and change values to &apos;false&apos; when selected values when selected value has a null text property" duration="3"/>
    <testCase name="handleChange should update query object with selected filter and reset page to 1" duration="3"/>
    <testCase name="handleChange should set status_In property of query object to null when activeType is &quot;all&quot;" duration="24"/>
    <testCase name="handleChange should update query object when activeType is not a valid string" duration="3"/>
    <testCase name="handleChange should update query object when category is not a valid string" duration="3"/>
    <testCase name="handleRefresh should call getProducts and prodStatRefetch with updated query when category is AllProducts" duration="8"/>
    <testCase name="handleRefresh should call getRequests and requestRefetch with updated query when category is Requests" duration="3"/>
    <testCase name="handleRefresh should call getRequests and RequestRefetch when category is undefined" duration="3"/>
    <testCase name="handleRefresh should call getProducts and getStatRefresh when StatusCategory type === &apos;all products&apos; " duration="29"/>
    <testCase name="handleSearch Should call setQuery with the provided values" duration="3"/>
    <testCase name="IndexComponent handles search input change and sets search state" duration="331"/>
    <testCase name="IndexComponent handles search and calls appropriate functions" duration="688"/>
    <testCase name="handleRequestStatus should set request data to an empty array when query page is 1" duration="47"/>
    <testCase name="handleRequestStatus should map over request results and add request status and type names to each item in request data" duration="3"/>
    <testCase name="handleRequestStatus should concatenate new request data to previous request data using setRequestData" duration="44"/>
    <testCase name="handleRequestStatus should not set request data to an empty array when query page is not 1" duration="3"/>
    <testCase name="handleRequestStatus should not add request status and type names when request results is empty" duration="3"/>
    <testCase name="handleRequestStatus should not concatenate new request data when request results is empty" duration="2"/>
    <testCase name="handleProductStatus should set product data to an empty array when query page is 1" duration="25"/>
    <testCase name="handleProductStatus should concatenate fetched data results to previous product data, mapping each result to include state and productType properties" duration="9"/>
    <testCase name="handleProductStatus should set hasMore to true if there is a next page in the fetched data" duration="2"/>
    <testCase name="handleProductStatus should not modify product data when query page is not 1" duration="17"/>
    <testCase name="handleProductStatus should not modify product data when data fetch is not successful" duration="4"/>
    <testCase name="handleProductStatus should not modify product data when fetched data results are empty" duration="2"/>
  </file>
  <file path="/Users/work/Documents/retailcore-mfe-investment-management/src/__tests__/components/Pages/management/manage-investment/TableComponent.test.tsx">
    <testCase name="handleDropdown should return an array of options based on the status, isChecker, locked, and permissions parameters" duration="141"/>
    <testCase name="handleDropdown should filter out &quot;deactivate&quot; and &quot;activate&quot; options if user does not have &quot;CREATE_PRODUCT&quot; permission" duration="28"/>
    <testCase name="handleDropdown should filter out &quot;modify&quot; option if user does not have &quot;CREATE_PRODUCT&quot; permission and is not a checker" duration="7"/>
    <testCase name="handleDropdown should return an array with only &quot;view&quot; option if locked parameter is true and &quot;view&quot; option exists" duration="88"/>
    <testCase name="handleDropdown should return an empty array if locked parameter is true and &quot;view&quot; option does not exist" duration="26"/>
    <testCase name="handleDropdown should return an array with only &quot;view&quot; option if isChecker parameter is true and &quot;view&quot; option exists" duration="49"/>
    <testCase name="handleHeaders should filter out &apos;created_by&apos; when isChecker is true" duration="3"/>
    <testCase name="handleHeaders should filter out &apos;approved_By&apos; when isChecker is false" duration="38"/>
    <testCase name="handleDownload should generate CSV for requests category" duration="6"/>
    <testCase name="handleDownload should generate CSV for product category" duration="42"/>
    <testCase name="handleDownload should not generate CSV if downloadData is empty" duration="3"/>
    <testCase name="initiateDownload should download all products when category is &quot;all products&quot;" duration="26"/>
    <testCase name="initiateDownload should download all requests when category is &quot;requests&quot;" duration="3"/>
    <testCase name="initiateDownload should include selected filter value in download query" duration="3"/>
    <testCase name="initiateDownload should not include filter value in download query when no selected filter value is provided" duration="31"/>
    <testCase name="initiateDownload should not call download functions when category is not &quot;all products&quot; or &quot;requests&quot;" duration="7"/>
    <testCase name="initiateDownload should call download functions with empty query object" duration="3"/>
    <testCase name="getSearchResult should call setSearchResults with an empty array when value is empty" duration="14"/>
    <testCase name="getSearchResult should call getRequests with the correct parameters when category is Requests" duration="3"/>
    <testCase name="getSearchResult should call setSearchResults with an empty array when value is null" duration="3"/>
    <testCase name="getSearchResult should not call setSearchResults when category is not a valid StatusCategoryType" duration="2"/>
    <testCase name="getSearchResult should call setSearchResults with an empty array when getProducts/getRequests returns an error" duration="14"/>
    <testCase name="getSearchResult should call getProducts/getRequests with the correct parameters when value is a string with special characters" duration="3"/>
    <testCase name="getSearchResult should call setSearchResults with an empty array when value is a string with only spaces" duration="3"/>
  </file>
  <file path="/Users/work/Documents/retailcore-mfe-investment-management/src/__tests__/components/Pages/management/book-investment/FacilityDetails.test.tsx">
    <testCase name="handleProductDetails should set the minimum tenor value when productDetail is not null and pricingConfiguration is not null" duration="41"/>
    <testCase name="handleProductDetails Should set values if interestRangeConfigModel is 0" duration="4"/>
    <testCase name="handleProductDetails Should set values if interestRangeConfigModel is 1" duration="17"/>
    <testCase name="handleProductDetails should set the maximum tenor value when productDetail is not null and pricingConfiguration is not null" duration="3"/>
    <testCase name="handleProductDetails should set the minimum principal value when productDetail is not null and pricingConfiguration is not null" duration="3"/>
    <testCase name="handleProductDetails should not set any values when productDetail is null" duration="18"/>
    <testCase name="handleSearch should set investmentProductId and investmentProductName when data is provided" duration="25"/>
    <testCase name="handleSearch should trigger investmentProductId validation" duration="3"/>
    <testCase name="handleSearch should update formData with new investmentProductId value" duration="15"/>
    <testCase name="handleSearch should handle undefined or null data parameter" duration="3"/>
    <testCase name="handleSearch should handle undefined or null value parameter" duration="8"/>
    <testCase name="handleInterestRateValues should set intMin and intMax based on principal value when productDetail has interestRateRangeType of 0" duration="18"/>
    <testCase name="handleInterestRateValues should set intMin and intMax based on tenor value when productDetail has interestRateRangeType of 1" duration="4"/>
    <testCase name="handleInterestRateValues should set intMin and intMax based on interestRateMin and interestRateMax values when productDetail has interestRateRangeType of 2" duration="6"/>
    <testCase name="handleInterestRateValues should do nothing when productDetail is undefined" duration="10"/>
    <testCase name="handleInterestRateValues should do nothing when productDetail has no pricingConfiguration" duration="3"/>
    <testCase name="handleInterestRateValues should do nothing when productDetail has pricingConfiguration but no interestRateConfigModels" duration="3"/>
  </file>
  <file path="/Users/work/Documents/retailcore-mfe-investment-management/src/__tests__/modals/Status.test.tsx">
    <testCase name="Success Modal renders without crashing" duration="59"/>
    <testCase name="Success Modal matches snapshot" duration="23"/>
    <testCase name="Success Modal can close modal pathname !== /product-management" duration="463"/>
    <testCase name="Success Modal can close modal when canclose is true" duration="95"/>
    <testCase name="Prompt Modal renders without crashing" duration="13"/>
    <testCase name="Prompt Modal matches snapshot" duration="14"/>
    <testCase name="Prompt Modal can close modal pathname !== /product-management" duration="66"/>
    <testCase name="Prompt Modal can close modal when canclose is true" duration="85"/>
    <testCase name="Failed Modal matches snapshot" duration="19"/>
    <testCase name="Failed Modal can close modal pathname !== /product-management" duration="70"/>
    <testCase name="Failed Modal can close modal when canclose is true" duration="69"/>
    <testCase name="Success should render a success message with given text" duration="83"/>
    <testCase name="Success should render a check circle icon" duration="249"/>
    <testCase name="Success should render a &quot;Return to dashboard&quot; button" duration="96"/>
    <testCase name="Success should render a success message with long text" duration="71"/>
    <testCase name="Success should render a success message with special characters in text" duration="63"/>
    <testCase name="handleNavigations should return individualDashboard when specific category is individual&quot;" duration="8"/>
    <testCase name="handleNavigations should return individualDashboard when process is &quot;create&quot; and pathname includes &quot;management&quot; and &quot;individual&quot;" duration="2"/>
    <testCase name="handleNavigations should return factoryDashboard when process is &quot;create&quot; and pathname does not include &quot;management&quot; and &quot;individual&quot;" duration="3"/>
    <testCase name="handleNavigations should return individualDashboard when process is &quot;modify&quot; and pathname includes &quot;management&quot; and &quot;individual&quot;" duration="7"/>
    <testCase name="handleNavigations should not return undefined when process is not &quot;create&quot;, &quot;modify&quot;, &quot;continue&quot;, or &quot;withdraw_modify&quot;" duration="14"/>
  </file>
  <file path="/Users/work/Documents/retailcore-mfe-investment-management/src/__tests__/components/Pages/management/Individual/index.test.tsx">
    <testCase name="IndexComponent Renders without error" duration="936"/>
    <testCase name="handleToggle should set isChecker to true and hideCreate to true when selected option includes &quot;approved&quot;" duration="25"/>
    <testCase name="handleToggle should set isChecker to true and hideCreate to true when selected option includes &quot;sent&quot;" duration="3"/>
    <testCase name="handleToggle should set isChecker to false and hideCreate to false when selected option does not include &quot;approved&quot; or &quot;sent&quot;" duration="4"/>
    <testCase name="handleToggle should not throw an error and change values to &apos;false&apos; when selected values when selected value is null" duration="16"/>
    <testCase name="handleToggle should not throw an error and change values to &apos;false&apos; when selected values does not have a text property" duration="4"/>
    <testCase name="handleToggle should not throw an error and change values to &apos;false&apos; when selected values when selected value has a null text property" duration="13"/>
    <testCase name="handleChange should update query object with selected filter and reset page to 1" duration="3"/>
    <testCase name="handleChange should set status_In property of query object to null when activeType is &quot;all&quot;" duration="6"/>
    <testCase name="handleChange should update query object when activeType is not a valid string" duration="11"/>
    <testCase name="handleChange should update query object when category is not a valid string" duration="3"/>
    <testCase name="handleRefresh should call getProducts and prodStatRefetch with updated query when category is Investments" duration="6"/>
    <testCase name="handleRefresh should call getRequests and requestRefetch with updated query when category is Requests" duration="5"/>
    <testCase name="handleRefresh should call getRequests and RequestRefetch when category is undefined" duration="10"/>
    <testCase name="handleSearch Should call setQuery with the provided values" duration="4"/>
    <testCase name="handleProductStatus should set product data to an empty array when query page is 1" duration="5"/>
    <testCase name="handleProductStatus should concatenate fetched data results to previous product data, mapping each result to include state and productType properties" duration="14"/>
    <testCase name="handleProductStatus should set hasMore to true if there is a next page in the fetched data" duration="3"/>
    <testCase name="handleProductStatus should not modify product data when query page is not 1" duration="2"/>
    <testCase name="handleProductStatus should not modify product data when data fetch is not successful" duration="3"/>
    <testCase name="handleProductStatus should not modify product data when fetched data results are empty" duration="17"/>
  </file>
  <file path="/Users/work/Documents/retailcore-mfe-investment-management/src/__tests__/modals/BookingDetail.test.tsx">
    <testCase name="code snippet should render" duration="388"/>
    <testCase name="BookingDetailLayout should render the product name and investment status" duration="90"/>
    <testCase name="BookingDetailLayout should display customer name and account number" duration="75"/>
    <testCase name="BookingDetailLayout should show investment ID and principal" duration="63"/>
    <testCase name="BookingDetailLayout should display &quot;-&quot; when product name is not available" duration="109"/>
    <testCase name="BookingDetailLayout should display &quot;-&quot; when investment ID is not available" duration="56"/>
    <testCase name="BookingDetailLayout should display &quot;-&quot; when principal is not available" duration="87"/>
  </file>
  <file path="/Users/work/Documents/retailcore-mfe-investment-management/src/__tests__/components/modals/Liquidation.test.tsx">
    <testCase name="Liquidation should render the component with default props" duration="209"/>
    <testCase name="Liquidation should close the modal when the cancel button is clicked" duration="246"/>
    <testCase name="handleLiquidationCalculationPayload should calculate liquidation amount based on principal amount and selected liquidation unit when type is &quot;early&quot; and values is not provided" duration="5"/>
    <testCase name="handleLiquidationCalculationPayload should calculate liquidation amount based on provided amount and selected liquidation unit when type is not &quot;early&quot; and values is provided" duration="8"/>
    <testCase name="handleLiquidationCalculationPayload should calculate liquidation amount as 0 when type is not &quot;early&quot; and values is not provided" duration="4"/>
    <testCase name="handleLiquidationCalculationPayload should not calculate liquidation amount and not throw an error when detail object is invalid and productDetails is provided" duration="4"/>
    <testCase name="handleLiquidationCalculationPayload should calculate liquidation amount as 0 when type is not &quot;early&quot; and values is not a number" duration="93"/>
    <testCase name="handleLiquidationCalculationPayload should calculate liquidation amount based on principal amount and first liquidation unit when type is &quot;early&quot; and selection is not a valid index for liquidationUnitEnum" duration="3"/>
  </file>
  <file path="/Users/work/Documents/retailcore-mfe-investment-management/src/__tests__/components/TopBar.test.tsx">
    <testCase name="Tabs should renderWithProviders a list of tabs with titles and urls" duration="108"/>
    <testCase name="should set active tab and update search term" duration="125"/>
    <testCase name="renderWithProviderss TopBar component" duration="96"/>
    <testCase name="getSearchResult should call getProducts with correct parameters and set search results" duration="6"/>
    <testCase name="getSearchResult should set search results to empty array when given empty string value" duration="12"/>
    <testCase name="Tabs should renderWithProviders tabs with correct titles and styles" duration="82"/>
    <testCase name="Tabs should update active tab and navigate to correct URL when a tab is clicked" duration="23"/>
    <testCase name="TopBar should renderWithProviders the top bar component without errors" duration="29"/>
    <testCase name="TopBar should display the Product Factory title" duration="25"/>
    <testCase name="TopBar should display the Create new product button" duration="21"/>
    <testCase name="TopBar should disable the Create new product button when permissions are not provided" duration="14"/>
  </file>
  <file path="/Users/work/Documents/retailcore-mfe-investment-management/src/__tests__/ProductPricingAndLiqiudity.test.tsx">
    <testCase name="ProductPricingAndLiquidity should display the applicable tenor" duration="281"/>
    <testCase name="ProductPricingAndLiquidity should display the applicable principal" duration="61"/>
    <testCase name="ProductPricingAndLiquidity should render a div element with class &apos;flex flex-col&apos; when productData?.data?.pricingConfiguration.interestRateRangeType equals 1" duration="64"/>
    <testCase name="ProductPricingAndLiquidity should render the component without errors when productData is defined and liquidation.early_AllowEarlyLiquidation is truthy" duration="40"/>
  </file>
  <file path="/Users/work/Documents/retailcore-mfe-investment-management/src/__tests__/ProductDetail.test.tsx">
    <testCase name="ProductDetail Renders without crashing when values prev details and detail are the same" duration="546"/>
    <testCase name="ProductDetail Renders when values are different" duration="135"/>
    <testCase name="ProductDetail should render data rows correctly" duration="16"/>
    <testCase name="ProductDetail should handle no previous data available" duration="122"/>
    <testCase name="DebitCreditable should render product details correctly" duration="155"/>
    <testCase name="DebitCreditable should display an empty table when dataTab prop is an empty array" duration="6"/>
    <testCase name="DebitCreditable should display the correct S|N value for each row" duration="16"/>
  </file>
  <file path="/Users/work/Documents/retailcore-mfe-investment-management/src/__tests__/confirmationHandler.test.ts">
    <testCase name="confirmationHandler should call deleteRequest function when action includes &quot;delete&quot;" duration="22"/>
    <testCase name="confirmationHandler should set isDeactivationOpen to true when action is &quot;deactivate&quot;" duration="3"/>
    <testCase name="confirmationHandler should call activateProduct function when action is &quot;activate&quot;" duration="4"/>
    <testCase name="confirmationHandler should not call deleteRequest function when action does not include &quot;delete&quot;" duration="19"/>
    <testCase name="confirmationHandler should not set isDeactivationOpen to true when action is not &quot;deactivate&quot;" duration="205"/>
    <testCase name="confirmationHandler should not call activateProduct function when action is not &quot;activate&quot;" duration="4"/>
    <testCase name="confirmationHandler should handle MODIFY action with permission" duration="60"/>
    <testCase name="confirmationHandler should handle MODIFY action without permission" duration="30"/>
    <testCase name="confirmationHandler should handle WITHDARW_MODIFY action with permission" duration="34"/>
    <testCase name="confirmationHandler should handle WITHDARW_MODIFY action without permission" duration="41"/>
  </file>
  <file path="/Users/work/Documents/retailcore-mfe-investment-management/src/__tests__/pages/management/book-investment/IndexComponent.test.tsx">
    <testCase name="IndexComponent should render the component without crashing" duration="461"/>
    <testCase name="IndexComponent should display the correct title and breadcrumbs based on the investmentType parameter" duration="135"/>
    <testCase name="IndexComponent should render the correct form step based on the step state" duration="205"/>
    <testCase name="handleDraft should set isConfirmOpen to false when called" duration="14"/>
    <testCase name="handleDraft should call modifyProduct with updated form data and isDraft set to true when process is modify" duration="4"/>
    <testCase name="handleDraft should call createInvestment with form data and isDraft set to true when process is create or clone" duration="6"/>
    <testCase name="handleLinks should return the input &quot;links&quot; array unmodified when &quot;process&quot; is not &quot;restructure&quot;" duration="17"/>
    <testCase name="handleLinks should update the title of the object with id=2 to &quot;Restructure Investment&quot; when &quot;process&quot; is &quot;restructure&quot;" duration="3"/>
    <testCase name="handleLinks should return the input &quot;links&quot; array unmodified when &quot;links&quot; array does not contain an object with id=2 and &quot;process&quot; is &quot;restructure&quot;" duration="2"/>
    <testCase name="handleLinks should update the title of the first object with id=2 to &quot;Restructure Investment&quot; when &quot;process&quot; is &quot;restructure&quot; and there are multiple objects with id=2" duration="13"/>
    <testCase name="handleNav should navigate to summary page when current step is equal to total number of steps" duration="29"/>
    <testCase name="handleNav should throw an error when setStep parameter is not a function" duration="3"/>
  </file>
  <file path="/Users/work/Documents/retailcore-mfe-investment-management/src/__tests__/MessagesComponent.test.tsx">
    <testCase name="MessagesComponent renders confirm message without error" duration="164"/>
    <testCase name="MessagesComponent calls handleConfirm and calls setIsConfirmOpen with false when Confirm button is clicked" duration="332"/>
    <testCase name="MessagesComponent calls setIsConfirmOpen with false when cancel button is clicked" duration="107"/>
    <testCase name="MessagesComponent Renders success message" duration="79"/>
    <testCase name="MessagesComponent Renders Failure message" duration="150"/>
    <testCase name="MessagesComponent Renders Detail component" duration="325"/>
    <testCase name="MessagesComponent Renders Deactivation modals" duration="118">
      <failure message="Error: expect([38;2;0;95;95m[48;2;215;255;255mreceived).toMatchSnapshot()"><![CDATA[Error: expect([38;2;0;95;95m[48;2;215;255;255mreceived).toMatchSnapshot()

Snapshot name: `MessagesComponent Renders Deactivation modals 1`

[38;2;128;0;128m[48;2;255;215;255m- Snapshot  - 18
[38;2;0;95;95m[48;2;215;255;255m+ Received  +  6

@@ -83,27 +83,15 @@
                          <label
                            class="flex gap-x-1 text-[#333333] mb-2"
                            for="reason"
                          >
                            Provide justification for deactivation
[38;2;128;0;128m[48;2;255;215;255m-                           <div>
[38;2;128;0;128m[48;2;255;215;255m-                             <svg
[38;2;128;0;128m[48;2;255;215;255m-                               data-testid="red-dot"
[38;2;128;0;128m[48;2;255;215;255m-                               fill="none"
[38;2;128;0;128m[48;2;255;215;255m-                               height="5"
[38;2;128;0;128m[48;2;255;215;255m-                               viewBox="0 0 5 5"
[38;2;128;0;128m[48;2;255;215;255m-                               width="5"
[38;2;128;0;128m[48;2;255;215;255m-                               xmlns="http://www.w3.org/2000/svg"
[38;2;128;0;128m[48;2;255;215;255m-                             >
[38;2;128;0;128m[48;2;255;215;255m-                               <circle
[38;2;128;0;128m[48;2;255;215;255m-                                 cx="2.5"
[38;2;128;0;128m[48;2;255;215;255m-                                 cy="2.5"
[38;2;128;0;128m[48;2;255;215;255m-                                 fill="#CF2A2A"
[38;2;128;0;128m[48;2;255;215;255m-                                 r="2.5"
[38;2;128;0;128m[48;2;255;215;255m-                               />
[38;2;128;0;128m[48;2;255;215;255m-                             </svg>
[38;2;128;0;128m[48;2;255;215;255m-                           </div>
[38;2;0;95;95m[48;2;215;255;255m+                           <span
[38;2;0;95;95m[48;2;215;255;255m+                             class="text-[#CF2A2A]"
[38;2;0;95;95m[48;2;215;255;255m+                           >
[38;2;0;95;95m[48;2;215;255;255m+                             *
[38;2;0;95;95m[48;2;215;255;255m+                           </span>
                          </label>
                          <textarea
                            class="outline-none border border-[#AAAAAA] rounded-lg px-3 py-[11px] w-full resize-none"
                            data-testid="reason-input"
                            id="reason"
@@ -131,11 +119,11 @@
                              <label
                                class="flex gap-x-12 items-center text-[#636363] text-sm cursor-pointer font-normal capitalize"
                                data-testid="upload-btn"
                              >
                                <input
[38;2;128;0;128m[48;2;255;215;255m-                                 accept=""
[38;2;0;95;95m[48;2;215;255;255m+                                 accept="jpg,jpeg,png,pdf,docx"
                                  class="accent-sterling-red-800 hidden"
                                  data-testid="input"
                                  type="file"
                                />
                                <svg
    at Object.<anonymous> (/Users/work/Documents/retailcore-mfe-investment-management/src/__tests__/MessagesComponent.test.tsx:234:23)
    at Promise.then.completed (/Users/work/Documents/retailcore-mfe-investment-management/node_modules/jest-circus/build/utils.js:391:28)
    at new Promise (<anonymous>)
    at callAsyncCircusFn (/Users/work/Documents/retailcore-mfe-investment-management/node_modules/jest-circus/build/utils.js:316:10)
    at _callCircusTest (/Users/work/Documents/retailcore-mfe-investment-management/node_modules/jest-circus/build/run.js:218:40)
    at _runTest (/Users/work/Documents/retailcore-mfe-investment-management/node_modules/jest-circus/build/run.js:155:3)
    at _runTestsForDescribeBlock (/Users/work/Documents/retailcore-mfe-investment-management/node_modules/jest-circus/build/run.js:66:9)
    at _runTestsForDescribeBlock (/Users/work/Documents/retailcore-mfe-investment-management/node_modules/jest-circus/build/run.js:60:9)
    at run (/Users/work/Documents/retailcore-mfe-investment-management/node_modules/jest-circus/build/run.js:25:3)
    at runAndTransformResultsToJestFormat (/Users/work/Documents/retailcore-mfe-investment-management/node_modules/jest-circus/build/legacy-code-todo-rewrite/jestAdapterInit.js:170:21)
    at jestAdapter (/Users/work/Documents/retailcore-mfe-investment-management/node_modules/jest-circus/build/legacy-code-todo-rewrite/jestAdapter.js:82:19)
    at runTestInternal (/Users/work/Documents/retailcore-mfe-investment-management/node_modules/jest-runner/build/runTest.js:389:16)
    at runTest (/Users/work/Documents/retailcore-mfe-investment-management/node_modules/jest-runner/build/runTest.js:475:34)
    at Object.worker (/Users/work/Documents/retailcore-mfe-investment-management/node_modules/jest-runner/build/testWorker.js:133:12)]]></failure>
    </testCase>
    <testCase name="MessagesComponent Renders loading while deleteLoading == true" duration="58"/>
    <testCase name="MessagesComponent Renders loading while deleteLoading == true" duration="57"/>
  </file>
  <file path="/Users/work/Documents/retailcore-mfe-investment-management/src/__tests__/components/forms/MultiSelectForm.tsx">
    <testCase name="MultiSelectForm should render a label with the provided labelName prop" duration="74"/>
    <testCase name="MultiSelectForm should render a button with the provided placeholder prop" duration="17"/>
    <testCase name="MultiSelectForm should open a dropdown with options when the button is clicked" duration="191"/>
    <testCase name="MultiSelectForm should handle the case where no options are provided" duration="59"/>
    <testCase name="MultiSelectForm should handle the case where no labelName prop is provided" duration="9"/>
    <testCase name="MultiSelectForm should handle the case where no inputName prop is provided" duration="30"/>
    <testCase name="handleChange should add a new value to selectedOptions array when it doesnt already exist" duration="4"/>
    <testCase name="handleChange should remove a value from selectedOptions array when it already exists" duration="8"/>
    <testCase name="handleChange should handle null or undefined value parameter" duration="11"/>
    <testCase name="handleChange should handle null or undefined setSelectedOptions parameter" duration="8"/>
    <testCase name="handleChange should handle null or undefined id parameter" duration="3"/>
    <testCase name="closeDropdown should set isOpen state to false when called with setIsOpen(false)" duration="24"/>
    <testCase name="closeDropdown should not throw an error when called with setIsOpen" duration="3"/>
    <testCase name="closeDropdown should not have any side effects other than setting isOpen state to false" duration="4"/>
    <testCase name="closeDropdown should not affect any other state or props" duration="18"/>
    <testCase name="MultiSelectForm renders component with default values" duration="13"/>
    <testCase name="MultiSelectForm opens and closes the dropdown on button click" duration="192"/>
    <testCase name="MultiSelectForm handles checkbox change" duration="223"/>
    <testCase name="MultiSelectForm handles &quot;Select All&quot; checkbox change" duration="37"/>
    <testCase name="MultiSelectForm handles clearing selected options" duration="35"/>
  </file>
  <file path="/Users/work/Documents/retailcore-mfe-investment-management/src/__tests__/components/forms/MultiSelectForm2.tsx">
    <testCase name="handleChange should add a new value to selectedOptions array when it doesnt already exist" duration="25"/>
    <testCase name="handleChange should remove a value from selectedOptions array when it already exists" duration="5"/>
    <testCase name="handleChange should handle null or undefined value parameter" duration="4"/>
    <testCase name="handleChange should handle null or undefined setSelectedOptions parameter" duration="87"/>
    <testCase name="handleChange should handle null or undefined id parameter" duration="4"/>
    <testCase name="closeDropdown should set isOpen state to false when called with setIsOpen(false)" duration="25"/>
    <testCase name="closeDropdown should not throw an error when called with setIsOpen" duration="4"/>
    <testCase name="closeDropdown should not have any side effects other than setting isOpen state to false" duration="16"/>
    <testCase name="closeDropdown should not affect any other state or props" duration="5"/>
    <testCase name="MultiSelectForm2 should render a search input with the provided placeholder prop" duration="38"/>
    <testCase name="MultiSelectForm2 should render a list of options with checkboxes" duration="14"/>
    <testCase name="MultiSelectForm2 should render a default placeholder when no placeholder prop is provided" duration="7"/>
    <testCase name="handleClick should register inputName when called" duration="17"/>
    <testCase name="handleClick should set value for inputName to selectedOptions when called" duration="6"/>
    <testCase name="handleClick should call handleSelected with inputName and selectedOptions when called" duration="7"/>
    <testCase name="MultiSelectForm2 renders error message when there are errors" duration="33"/>
  </file>
  <file path="/Users/work/Documents/retailcore-mfe-investment-management/src/__tests__/components/Pages/management/overview/index.test.tsx">
    <testCase name="updateInvestmentTabs should return an array of objects with updated amount and totalValue properties" duration="31"/>
    <testCase name="updateInvestmentTabs should update amount property with the total value of investments for each tab" duration="23"/>
    <testCase name="updateInvestmentTabs should update totalValue property with the total count of investments for each tab" duration="4"/>
    <testCase name="updateInvestmentTabs should return an empty array when the input tabs array is empty" duration="16"/>
    <testCase name="updateInvestmentTabs should return an array of objects with amount property set to 0.00 and totalValue property set to 0 total investments when the input tabs array is empty" duration="4"/>
    <testCase name="updateInvestmentTabs should return an array of objects with the same length as the input tabs array" duration="3"/>
    <testCase name="Overview should render Overview component without crashing" duration="1368"/>
    <testCase name="Overview should display investment tabs with correct titles and icons" duration="850"/>
    <testCase name="Overview should display investment amounts and total values correctly formatted" duration="602"/>
  </file>
  <file path="/Users/work/Documents/retailcore-mfe-investment-management/src/__tests__/components/QuickLinks.test.tsx">
    <testCase name="QuickLinks should renderWithProviders a container with a title and a list of links" duration="320"/>
    <testCase name="QuickLinks component renderWithProviderss QuickLinks component with suggested links" duration="112"/>
    <testCase name="QuickLinks component closes the suggested links section when close button is clicked" duration="34"/>
    <testCase name="QuickLinks component should renderWithProviders a message when isOpen state is true" duration="45"/>
    <testCase name="QuickLinks component should renderWithProviders default link when useGetLinksQuery hook returns null" duration="79"/>
    <testCase name="QuickLinks component sets links state when quickLinks is available" duration="48"/>
    <testCase name="QuickLinks component closes the suggested links section when close button is clicked" duration="20"/>
    <testCase name="handleLinksUpdate should set default link when quickLinks is empty" duration="3"/>
    <testCase name="handleLinksUpdate should add suggested link when it doesnt exist in quickLinks" duration="4"/>
    <testCase name="handleLinksUpdate should update link when it exists in quickLinks" duration="14"/>
    <testCase name="handleLinksUpdate should do nothing when isLinksQuerySuccessful is false" duration="3"/>
    <testCase name="handleLinksUpdate should do nothing when quickLinks is undefined" duration="23"/>
  </file>
  <file path="/Users/work/Documents/retailcore-mfe-investment-management/src/__tests__/components/Pages/term-deposit/forms/preview.test.tsx">
    <testCase name="Preview Renders without crashing" duration="608"/>
    <testCase name="handleSuccess Sets success message if isSuccess and role === superadmin" duration="17"/>
    <testCase name="handleSuccess Sets success message if isSuccess is false and role === superadmin" duration="5"/>
    <testCase name="handleSuccess Sets success message if role !== superadmin" duration="6"/>
    <testCase name="handleErrorMessage Sets error message if isError === true" duration="4"/>
    <testCase name="handleErrorMessage Sets error message if isError === false" duration="3"/>
    <testCase name="handleSubmit Should call modifyProduct if process === modify" duration="9"/>
    <testCase name="handleSubmit Should call modifyRequest if process === withdraw_modify" duration="3"/>
    <testCase name="handleSubmit Should call createProduct if process === create" duration="3"/>
    <testCase name="handleSubmit Should call createProduct if process === continue" duration="6"/>
    <testCase name="handleSubmit Should call createProduct if process === clone" duration="3"/>
    <testCase name="handleCancel Sets correct message when process === create" duration="3"/>
    <testCase name="handleCancel Sets correct message when process === modify" duration="23"/>
    <testCase name="handleCancel Sets correct message when process === continue" duration="6"/>
  </file>
  <file path="/Users/work/Documents/retailcore-mfe-investment-management/src/__tests__/modals/ProductDetail.test.tsx">
    <testCase name="ProductDetail Show spinner when loading" duration="455"/>
    <testCase name="ProductDetail Show spinner when loading" duration="149"/>
    <testCase name="ProductDetail Close button calls setIsOpen" duration="500"/>
    <testCase name="ProductDetail Modify button calls handleClick" duration="198"/>
    <testCase name="ProductDetail deactivate button calls handleClick" duration="233"/>
    <testCase name="ProductDetail Shows nothng when setOpen is false" duration="37"/>
  </file>
  <file path="/Users/work/Documents/retailcore-mfe-investment-management/src/__tests__/modals/PricingConfigurationComponent.test.tsx">
    <testCase name="PricingConfigurationComponent should render the component with interest rate range type 0" duration="72"/>
    <testCase name="PricingConfigurationComponent should render the component with interest rate range type 1" duration="57"/>
    <testCase name="PricingConfigurationComponent should render the component with interest rate range type 2" duration="29"/>
    <testCase name="PricingConfigurationComponent should render the component with undefined product data" duration="6"/>
    <testCase name="PricingConfigurationComponent should render the component with undefined pricing configuration" duration="51"/>
    <testCase name="PricingConfigurationComponent should render the component with undefined interest rate range type" duration="15"/>
  </file>
  <file path="/Users/work/Documents/retailcore-mfe-investment-management/src/__tests__/components/Pages/management/book-investment/Preview.test.tsx">
    <testCase name="Preview Renders without crashing" duration="530"/>
    <testCase name="handleSuccess Sets success message if isSuccess and role === superadmin" duration="37"/>
    <testCase name="handleSuccess Sets success message if isSuccess is false and role === superadmin" duration="4"/>
    <testCase name="handleSuccess Sets success message if role !== superadmin" duration="5"/>
    <testCase name="handleErrorMessage Sets error message if isError === true" duration="9"/>
    <testCase name="handleErrorMessage Sets error message if isError === false" duration="4"/>
    <testCase name="handleSubmit Should call modifyProduct if process === modify" duration="32"/>
    <testCase name="handleSubmit Should call modifyRequest if process === withdraw_modify" duration="3"/>
    <testCase name="handleSubmit Should call createProduct if process === create" duration="3"/>
    <testCase name="handleSubmit Should call createProduct if process === continue" duration="6"/>
    <testCase name="handleSubmit Should call createProduct if process === clone" duration="4"/>
    <testCase name="handleCancel Sets correct message when process === create" duration="3"/>
    <testCase name="handleCancel Sets correct message when process === modify" duration="67"/>
    <testCase name="handleCancel Sets correct message when process === continue" duration="3"/>
  </file>
  <file path="/Users/work/Documents/retailcore-mfe-investment-management/src/__tests__/components/SearchInput.test.tsx">
    <testCase name="handleInputChange should call setInputValue with the event target value" duration="96"/>
    <testCase name="SearchInput should render search input field with default props" duration="45"/>
    <testCase name="SearchInput applies custom CSS classes" duration="21"/>
    <testCase name="SearchInput should update input field when user inputs a search term" duration="40"/>
    <testCase name="SearchInput should update input field when user inputs a search term and isTruncated is true" duration="28"/>
    <testCase name="closeBox should set search results to an empty array" duration="44"/>
    <testCase name="closeBox should set show box state to false" duration="4"/>
    <testCase name="closeBox should handle setSearchResults parameter not being a function" duration="61"/>
    <testCase name="closeBox should handle setShowBox parameter not being a function" duration="25"/>
    <testCase name="closeBox should handle multiple calls in a row" duration="4"/>
    <testCase name="SearchValues should call handleClick when search item is clicked" duration="38"/>
    <testCase name="SearchItem should render a span element with the specified className when type is &quot;general&quot;" duration="18"/>
    <testCase name="SearchItem should render a div element when item.products.length &gt; 0" duration="11"/>
    <testCase name="SearchItem should render a div element when item is undefined" duration="16"/>
  </file>
  <file path="/Users/work/Documents/retailcore-mfe-investment-management/src/__tests__/utils/handleDropdown.test.tsx">
    <testCase name="handleDropdown should return an array of dropdown options when valid status and type are provided" duration="55"/>
    <testCase name="handleDropdown should return an empty array when an invalid status is provided" duration="17"/>
    <testCase name="handleDropdown should return an empty array when either status or type is falsy" duration="4"/>
    <testCase name="handleDropdown should return an array of options based on status and type" duration="15"/>
    <testCase name="handleDropdown should filter options based on permissions if CREATE_PRODUCT is not included" duration="4"/>
    <testCase name="handleDropdown should return an empty array if status is not found in firstLevel" duration="4"/>
    <testCase name="handleDropdown should return an empty array when either &quot;status&quot; or &quot;type&quot; is falsy" duration="21"/>
    <testCase name="handleDropdown should return an array of options based on &quot;status&quot; and &quot;type&quot;" duration="3"/>
    <testCase name="handleDropdown should filter options based on permissions if &quot;CREATE_PRODUCT&quot; is not included" duration="4"/>
    <testCase name="handleDropdown should return an empty array if &quot;selectedType&quot; is falsy" duration="16"/>
    <testCase name="handleDropdown should return an empty array if &quot;status&quot; is not found in &quot;DropDownOptions&quot;" duration="16"/>
    <testCase name="handleDropdown should return an empty array if &quot;type&quot; is not found in &quot;creationMap&quot;" duration="6"/>
    <testCase name="handleDropdown should return an empty array when status is falsy" duration="6"/>
    <testCase name="handleDropdown should return an empty array when type is falsy" duration="4"/>
    <testCase name="handleDropdown should return an array of options when type is in creationMap" duration="5"/>
    <testCase name="handleDropdown should return an array of options when type is not in creationMap" duration="18"/>
    <testCase name="handleDropdown returns an empty array if status or type is missing" duration="3"/>
    <testCase name="handleDropdown returns an empty array if selectedType is missing" duration="2"/>
    <testCase name="handleDropdown returns selectedType[status] if conditions are met" duration="3"/>
    <testCase name="handleDropdown returns filtered array if conditions are not met" duration="9"/>
  </file>
  <file path="/Users/work/Documents/retailcore-mfe-investment-management/src/__tests__/components/CreateButton.test.tsx">
    <testCase name="closeButton should set isOpen state to false" duration="32"/>
    <testCase name="closeButton should set secondActive, thirdActive, and fourthActive states to empty strings" duration="9"/>
    <testCase name="closeButton should not return any value" duration="43"/>
    <testCase name="closeButton should require function parameters" duration="3"/>
    <testCase name="closeButton should not throw any errors" duration="3"/>
    <testCase name="goToUrl should navigate to the provided URL" duration="11"/>
    <testCase name="goToUrl should throw an error when url is null" duration="16"/>
    <testCase name="goToUrl should throw an error when navigate function is not a function" duration="48"/>
    <testCase name="goToUrl should handle relative URLs" duration="4"/>
    <testCase name="CreateButton should render the component without crashing" duration="82"/>
    <testCase name="CreateButton should open the dropdown menu when the button is clicked" duration="23"/>
    <testCase name="CreateButton should open the dropdown children" duration="218"/>
    <testCase name="CreateButton should close the dropdown menu when clicked outside" duration="83"/>
  </file>
  <file path="/Users/work/Documents/retailcore-mfe-investment-management/src/__tests__/liquidity-setup.test.tsx">
    <testCase name="LiquiditySetup Renders without error" duration="568">
      <failure message="Error: expect([38;2;0;95;95m[48;2;215;255;255mreceived).toMatchSnapshot()"><![CDATA[Error: expect([38;2;0;95;95m[48;2;215;255;255mreceived).toMatchSnapshot()

Snapshot name: `LiquiditySetup Renders without error 1`

[38;2;128;0;128m[48;2;255;215;255m- Snapshot  -  17
[38;2;0;95;95m[48;2;215;255;255m+ Received  + 129

@@ -65,15 +65,10 @@
                  tabindex="0"
                  type="button"
                  value="false"
                >
                  <span
[38;2;128;0;128m[48;2;255;215;255m-                   class="sr-only"
[38;2;128;0;128m[48;2;255;215;255m-                 >
[38;2;128;0;128m[48;2;255;215;255m-                   Use setting
[38;2;128;0;128m[48;2;255;215;255m-                 </span>
[38;2;128;0;128m[48;2;255;215;255m-                 <span
                    aria-hidden="true"
                    class="translate-x-0  bg-white  pointer-events-none inline-block h-[14px] w-[14px] transform rounded-full border border-[#CF2A2A] shadow ring-0 transition duration-200 ease-in-out"
                    data-testid="switch"
                  />
                </button>
@@ -134,30 +129,91 @@
                  id="headlessui-switch-2"
                  role="switch"
                  tabindex="0"
                  type="button"
                  value=""
[38;2;0;95;95m[48;2;215;255;255m+               >
[38;2;0;95;95m[48;2;215;255;255m+                 <span
[38;2;0;95;95m[48;2;215;255;255m+                   aria-hidden="true"
[38;2;0;95;95m[48;2;215;255;255m+                   class="translate-x-0  bg-white  pointer-events-none inline-block h-[14px] w-[14px] transform rounded-full border border-[#CF2A2A] shadow ring-0 transition duration-200 ease-in-out"
[38;2;0;95;95m[48;2;215;255;255m+                   data-testid="switch"
[38;2;0;95;95m[48;2;215;255;255m+                 />
[38;2;0;95;95m[48;2;215;255;255m+               </button>
[38;2;0;95;95m[48;2;215;255;255m+             </div>
[38;2;0;95;95m[48;2;215;255;255m+             
[38;2;0;95;95m[48;2;215;255;255m+           </div>
[38;2;0;95;95m[48;2;215;255;255m+           <div
[38;2;0;95;95m[48;2;215;255;255m+             class="rounded-[5px] px-10 flex flex-col gap-[40px] py-5"
[38;2;0;95;95m[48;2;215;255;255m+             style="box-shadow: 0px 0px 1px 0px rgba(26, 32, 36, 0.32), 0px 1px 2px 0px rgba(91, 104, 113, 0.32);"
[38;2;0;95;95m[48;2;215;255;255m+           >
[38;2;0;95;95m[48;2;215;255;255m+             <div
[38;2;0;95;95m[48;2;215;255;255m+               class="flex items-center gap-[10px]"
              >
                <span
[38;2;128;0;128m[48;2;255;215;255m-                   class="sr-only"
[38;2;0;95;95m[48;2;215;255;255m+                 class="capitalize min-w-[300px] flex items-center gap-[5px] text-[##636363] text-base font-medium"
[38;2;0;95;95m[48;2;215;255;255m+               >
[38;2;0;95;95m[48;2;215;255;255m+                 Allow Principal Withdrawal
[38;2;0;95;95m[48;2;215;255;255m+                 <div
[38;2;0;95;95m[48;2;215;255;255m+                   class="flex items-end cursor-pointer"
[38;2;0;95;95m[48;2;215;255;255m+                 >
[38;2;0;95;95m[48;2;215;255;255m+                   <div
[38;2;0;95;95m[48;2;215;255;255m+                     aria-describedby="tippy-tooltip-3"
[38;2;0;95;95m[48;2;215;255;255m+                     class="bg-white max-w-[320px]"
[38;2;0;95;95m[48;2;215;255;255m+                     data-tooltipped=""
[38;2;0;95;95m[48;2;215;255;255m+                     style="display: inline;"
[38;2;0;95;95m[48;2;215;255;255m+                   >
[38;2;0;95;95m[48;2;215;255;255m+                     <div
[38;2;0;95;95m[48;2;215;255;255m+                       class="w-[18px] h-[18px] text-[#636363]"
[38;2;0;95;95m[48;2;215;255;255m+                     >
[38;2;0;95;95m[48;2;215;255;255m+                       <svg
[38;2;0;95;95m[48;2;215;255;255m+                         fill="currentColor"
[38;2;0;95;95m[48;2;215;255;255m+                         height="1em"
[38;2;0;95;95m[48;2;215;255;255m+                         stroke="currentColor"
[38;2;0;95;95m[48;2;215;255;255m+                         stroke-width="0"
[38;2;0;95;95m[48;2;215;255;255m+                         version="1.1"
[38;2;0;95;95m[48;2;215;255;255m+                         viewBox="0 0 16 16"
[38;2;0;95;95m[48;2;215;255;255m+                         width="1em"
[38;2;0;95;95m[48;2;215;255;255m+                         xmlns="http://www.w3.org/2000/svg"
                        >
[38;2;128;0;128m[48;2;255;215;255m-                   Use setting
[38;2;0;95;95m[48;2;215;255;255m+                         <path
[38;2;0;95;95m[48;2;215;255;255m+                           d="M7 4.75c0-0.412 0.338-0.75 0.75-0.75h0.5c0.412 0 0.75 0.338 0.75 0.75v0.5c0 0.412-0.338 0.75-0.75 0.75h-0.5c-0.412 0-0.75-0.338-0.75-0.75v-0.5z"
[38;2;0;95;95m[48;2;215;255;255m+                         />
[38;2;0;95;95m[48;2;215;255;255m+                         <path
[38;2;0;95;95m[48;2;215;255;255m+                           d="M10 12h-4v-1h1v-3h-1v-1h3v4h1z"
[38;2;0;95;95m[48;2;215;255;255m+                         />
[38;2;0;95;95m[48;2;215;255;255m+                         <path
[38;2;0;95;95m[48;2;215;255;255m+                           d="M8 0c-4.418 0-8 3.582-8 8s3.582 8 8 8 8-3.582 8-8-3.582-8-8-8zM8 14.5c-3.59 0-6.5-2.91-6.5-6.5s2.91-6.5 6.5-6.5 6.5 2.91 6.5 6.5-2.91 6.5-6.5 6.5z"
[38;2;0;95;95m[48;2;215;255;255m+                         />
[38;2;0;95;95m[48;2;215;255;255m+                       </svg>
[38;2;0;95;95m[48;2;215;255;255m+                     </div>
[38;2;0;95;95m[48;2;215;255;255m+                   </div>
[38;2;0;95;95m[48;2;215;255;255m+                 </div>
                </span>
[38;2;0;95;95m[48;2;215;255;255m+               <button
[38;2;0;95;95m[48;2;215;255;255m+                 aria-checked="false"
[38;2;0;95;95m[48;2;215;255;255m+                 class="bg-transparent border-[#CF2A2A] relative inline-flex h-4 w-7 flex-shrink-0 cursor-pointer rounded-full border  transition-colors duration-200 ease-in-out focus:outline-none ring-0  "
[38;2;0;95;95m[48;2;215;255;255m+                 data-headlessui-state=""
[38;2;0;95;95m[48;2;215;255;255m+                 data-testid="allowPrincipalWithdrawal"
[38;2;0;95;95m[48;2;215;255;255m+                 id="headlessui-switch-3"
[38;2;0;95;95m[48;2;215;255;255m+                 role="switch"
[38;2;0;95;95m[48;2;215;255;255m+                 tabindex="0"
[38;2;0;95;95m[48;2;215;255;255m+                 type="button"
[38;2;0;95;95m[48;2;215;255;255m+                 value=""
[38;2;0;95;95m[48;2;215;255;255m+               >
                  <span
                    aria-hidden="true"
                    class="translate-x-0  bg-white  pointer-events-none inline-block h-[14px] w-[14px] transform rounded-full border border-[#CF2A2A] shadow ring-0 transition duration-200 ease-in-out"
                    data-testid="switch"
                  />
                </button>
              </div>
[38;2;128;0;128m[48;2;255;215;255m-             
            </div>
          </div>
        </form>
      </div>
    </body>,
[38;2;128;0;128m[48;2;255;215;255m-   "container": <div>
[38;2;0;95;95m[48;2;215;255;255m+   "container": <div>
      <form
        id="liquiditysetup"
      >
        <div
          class="flex flex-col gap-14"
@@ -219,15 +275,10 @@
                tabindex="0"
                type="button"
                value="false"
              >
                <span
[38;2;128;0;128m[48;2;255;215;255m-                 class="sr-only"
[38;2;128;0;128m[48;2;255;215;255m-               >
[38;2;128;0;128m[48;2;255;215;255m-                 Use setting
[38;2;128;0;128m[48;2;255;215;255m-               </span>
[38;2;128;0;128m[48;2;255;215;255m-               <span
                  aria-hidden="true"
                  class="translate-x-0  bg-white  pointer-events-none inline-block h-[14px] w-[14px] transform rounded-full border border-[#CF2A2A] shadow ring-0 transition duration-200 ease-in-out"
                  data-testid="switch"
                />
              </button>
@@ -290,22 +341,83 @@
                tabindex="0"
                type="button"
                value=""
              >
                <span
[38;2;128;0;128m[48;2;255;215;255m-                 class="sr-only"
[38;2;0;95;95m[48;2;215;255;255m+                 aria-hidden="true"
[38;2;0;95;95m[48;2;215;255;255m+                 class="translate-x-0  bg-white  pointer-events-none inline-block h-[14px] w-[14px] transform rounded-full border border-[#CF2A2A] shadow ring-0 transition duration-200 ease-in-out"
[38;2;0;95;95m[48;2;215;255;255m+                 data-testid="switch"
[38;2;0;95;95m[48;2;215;255;255m+               />
[38;2;0;95;95m[48;2;215;255;255m+             </button>
[38;2;0;95;95m[48;2;215;255;255m+           </div>
[38;2;0;95;95m[48;2;215;255;255m+           
[38;2;0;95;95m[48;2;215;255;255m+         </div>
[38;2;0;95;95m[48;2;215;255;255m+         <div
[38;2;0;95;95m[48;2;215;255;255m+           class="rounded-[5px] px-10 flex flex-col gap-[40px] py-5"
[38;2;0;95;95m[48;2;215;255;255m+           style="box-shadow: 0px 0px 1px 0px rgba(26, 32, 36, 0.32), 0px 1px 2px 0px rgba(91, 104, 113, 0.32);"
          >
[38;2;128;0;128m[48;2;255;215;255m-                 Use setting
[38;2;0;95;95m[48;2;215;255;255m+           <div
[38;2;0;95;95m[48;2;215;255;255m+             class="flex items-center gap-[10px]"
[38;2;0;95;95m[48;2;215;255;255m+           >
[38;2;0;95;95m[48;2;215;255;255m+             <span
[38;2;0;95;95m[48;2;215;255;255m+               class="capitalize min-w-[300px] flex items-center gap-[5px] text-[##636363] text-base font-medium"
[38;2;0;95;95m[48;2;215;255;255m+             >
[38;2;0;95;95m[48;2;215;255;255m+               Allow Principal Withdrawal
[38;2;0;95;95m[48;2;215;255;255m+               <div
[38;2;0;95;95m[48;2;215;255;255m+                 class="flex items-end cursor-pointer"
[38;2;0;95;95m[48;2;215;255;255m+               >
[38;2;0;95;95m[48;2;215;255;255m+                 <div
[38;2;0;95;95m[48;2;215;255;255m+                   aria-describedby="tippy-tooltip-3"
[38;2;0;95;95m[48;2;215;255;255m+                   class="bg-white max-w-[320px]"
[38;2;0;95;95m[48;2;215;255;255m+                   data-tooltipped=""
[38;2;0;95;95m[48;2;215;255;255m+                   style="display: inline;"
[38;2;0;95;95m[48;2;215;255;255m+                 >
[38;2;0;95;95m[48;2;215;255;255m+                   <div
[38;2;0;95;95m[48;2;215;255;255m+                     class="w-[18px] h-[18px] text-[#636363]"
[38;2;0;95;95m[48;2;215;255;255m+                   >
[38;2;0;95;95m[48;2;215;255;255m+                     <svg
[38;2;0;95;95m[48;2;215;255;255m+                       fill="currentColor"
[38;2;0;95;95m[48;2;215;255;255m+                       height="1em"
[38;2;0;95;95m[48;2;215;255;255m+                       stroke="currentColor"
[38;2;0;95;95m[48;2;215;255;255m+                       stroke-width="0"
[38;2;0;95;95m[48;2;215;255;255m+                       version="1.1"
[38;2;0;95;95m[48;2;215;255;255m+                       viewBox="0 0 16 16"
[38;2;0;95;95m[48;2;215;255;255m+                       width="1em"
[38;2;0;95;95m[48;2;215;255;255m+                       xmlns="http://www.w3.org/2000/svg"
[38;2;0;95;95m[48;2;215;255;255m+                     >
[38;2;0;95;95m[48;2;215;255;255m+                       <path
[38;2;0;95;95m[48;2;215;255;255m+                         d="M7 4.75c0-0.412 0.338-0.75 0.75-0.75h0.5c0.412 0 0.75 0.338 0.75 0.75v0.5c0 0.412-0.338 0.75-0.75 0.75h-0.5c-0.412 0-0.75-0.338-0.75-0.75v-0.5z"
[38;2;0;95;95m[48;2;215;255;255m+                       />
[38;2;0;95;95m[48;2;215;255;255m+                       <path
[38;2;0;95;95m[48;2;215;255;255m+                         d="M10 12h-4v-1h1v-3h-1v-1h3v4h1z"
[38;2;0;95;95m[48;2;215;255;255m+                       />
[38;2;0;95;95m[48;2;215;255;255m+                       <path
[38;2;0;95;95m[48;2;215;255;255m+                         d="M8 0c-4.418 0-8 3.582-8 8s3.582 8 8 8 8-3.582 8-8-3.582-8-8-8zM8 14.5c-3.59 0-6.5-2.91-6.5-6.5s2.91-6.5 6.5-6.5 6.5 2.91 6.5 6.5-2.91 6.5-6.5 6.5z"
[38;2;0;95;95m[48;2;215;255;255m+                       />
[38;2;0;95;95m[48;2;215;255;255m+                     </svg>
[38;2;0;95;95m[48;2;215;255;255m+                   </div>
[38;2;0;95;95m[48;2;215;255;255m+                 </div>
[38;2;0;95;95m[48;2;215;255;255m+               </div>
              </span>
[38;2;0;95;95m[48;2;215;255;255m+             <button
[38;2;0;95;95m[48;2;215;255;255m+               aria-checked="false"
[38;2;0;95;95m[48;2;215;255;255m+               class="bg-transparent border-[#CF2A2A] relative inline-flex h-4 w-7 flex-shrink-0 cursor-pointer rounded-full border  transition-colors duration-200 ease-in-out focus:outline-none ring-0  "
[38;2;0;95;95m[48;2;215;255;255m+               data-headlessui-state=""
[38;2;0;95;95m[48;2;215;255;255m+               data-testid="allowPrincipalWithdrawal"
[38;2;0;95;95m[48;2;215;255;255m+               id="headlessui-switch-3"
[38;2;0;95;95m[48;2;215;255;255m+               role="switch"
[38;2;0;95;95m[48;2;215;255;255m+               tabindex="0"
[38;2;0;95;95m[48;2;215;255;255m+               type="button"
[38;2;0;95;95m[48;2;215;255;255m+               value=""
[38;2;0;95;95m[48;2;215;255;255m+             >
                <span
                  aria-hidden="true"
                  class="translate-x-0  bg-white  pointer-events-none inline-block h-[14px] w-[14px] transform rounded-full border border-[#CF2A2A] shadow ring-0 transition duration-200 ease-in-out"
                  data-testid="switch"
                />
              </button>
            </div>
[38;2;128;0;128m[48;2;255;215;255m-           
          </div>
        </div>
      </form>
    </div>,
    "debug": [Function],
    at Object.<anonymous> (/Users/work/Documents/retailcore-mfe-investment-management/src/__tests__/liquidity-setup.test.tsx:25:22)
    at Promise.then.completed (/Users/work/Documents/retailcore-mfe-investment-management/node_modules/jest-circus/build/utils.js:391:28)
    at new Promise (<anonymous>)
    at callAsyncCircusFn (/Users/work/Documents/retailcore-mfe-investment-management/node_modules/jest-circus/build/utils.js:316:10)
    at _callCircusTest (/Users/work/Documents/retailcore-mfe-investment-management/node_modules/jest-circus/build/run.js:218:40)
    at processTicksAndRejections (node:internal/process/task_queues:95:5)
    at _runTest (/Users/work/Documents/retailcore-mfe-investment-management/node_modules/jest-circus/build/run.js:155:3)
    at _runTestsForDescribeBlock (/Users/work/Documents/retailcore-mfe-investment-management/node_modules/jest-circus/build/run.js:66:9)
    at _runTestsForDescribeBlock (/Users/work/Documents/retailcore-mfe-investment-management/node_modules/jest-circus/build/run.js:60:9)
    at run (/Users/work/Documents/retailcore-mfe-investment-management/node_modules/jest-circus/build/run.js:25:3)
    at runAndTransformResultsToJestFormat (/Users/work/Documents/retailcore-mfe-investment-management/node_modules/jest-circus/build/legacy-code-todo-rewrite/jestAdapterInit.js:170:21)
    at jestAdapter (/Users/work/Documents/retailcore-mfe-investment-management/node_modules/jest-circus/build/legacy-code-todo-rewrite/jestAdapter.js:82:19)
    at runTestInternal (/Users/work/Documents/retailcore-mfe-investment-management/node_modules/jest-runner/build/runTest.js:389:16)
    at runTest (/Users/work/Documents/retailcore-mfe-investment-management/node_modules/jest-runner/build/runTest.js:475:34)
    at Object.worker (/Users/work/Documents/retailcore-mfe-investment-management/node_modules/jest-runner/build/testWorker.js:133:12)]]></failure>
    </testCase>
    <testCase name="handleSelected should set partOptionCharges and earlyOptionCharges when inputName is &quot;part_SpecificCharges&quot; or &quot;early_SpecificCharges&quot; respectively" duration="24"/>
    <testCase name="handleSelected should set value of &quot;part_SpecificCharges&quot; or &quot;early_SpecificCharges&quot; to selectedOptions when inputName is &quot;part_SpecificCharges&quot; or &quot;early_SpecificCharges&quot; respectively" duration="5"/>
    <testCase name="handleSelected should not set partOptionCharges, earlyOptionCharges, or value when inputName is not &quot;part_SpecificCharges&quot; or &quot;early_SpecificCharges&quot;" duration="13"/>
    <testCase name="handleSelected should not set partOptionCharges, earlyOptionCharges, or value when selectedOptions is null or undefined" duration="3"/>
    <testCase name="onProceed should set early_SpecificCharges and part_SpecificCharges in formData and call proceed function when all parameters are defined" duration="6"/>
    <testCase name="onProceed should set early_SpecificCharges and part_SpecificCharges in formData as undefined when earlyOptionCharges and partOptionCharges are undefined" duration="21"/>
    <testCase name="onProceed should set early_SpecificCharges and part_SpecificCharges in formData as null when earlyOptionCharges and partOptionCharges are null" duration="4"/>
    <testCase name="onProceed should set early_SpecificCharges and part_SpecificCharges in formData as null when formData is null" duration="4"/>
  </file>
  <file path="/Users/work/Documents/retailcore-mfe-investment-management/src/__tests__/components/Dropdown.test.tsx">
    <testCase name="Dropdown renders without crashing" duration="97"/>
    <testCase name="Dropdown matches snapshot" duration="53"/>
    <testCase name="Dropdown selects the right icon" duration="13"/>
    <testCase name="Dropdown renders right icon when button is clicked" duration="235"/>
    <testCase name="Dropdown applies active class to the selected option" duration="230"/>
    <testCase name="handleIcons should return the correct React component for each input value" duration="4"/>
    <testCase name="handleIcons should handle all valid input values" duration="41"/>
    <testCase name="TestDrop should render a button with children passed as props" duration="19"/>
    <testCase name="TestDrop should render a dropdown menu on button click" duration="107"/>
    <testCase name="TestDrop should render menu items based on options passed as props" duration="136"/>
    <testCase name="TestDrop should not render dropdown menu when trigger button is not clicked" duration="28"/>
    <testCase name="TestDrop should not render menu items when options prop is not passed" duration="78"/>
  </file>
  <file path="/Users/work/Documents/retailcore-mfe-investment-management/src/__tests__/utils/handleProductDownloadSuccess.test.ts">
    <testCase name="code snippet should call handleDownload with mapped productDownloadData results" duration="47">
      <failure message="Error: expect(jest.fn()).toHaveBeenCalledWith(...expected)"><![CDATA[Error: expect(jest.fn()).toHaveBeenCalledWith(...expected)

- Expected
+ Received

@@ -2,9 +2,9 @@
    Object {
      "productType": "Treasure Bill",
      "state": "all",
    },
    Object {
-     "productType": "Term Deposit",
+     "productType": "Bonds",
      "state": "active",
    },
  ],
  false,
  {},
  "all products",

Number of calls: 1
    at Object.<anonymous> (/Users/work/Documents/retailcore-mfe-investment-management/src/__tests__/utils/handleProductDownloadSuccess.test.ts:37:30)
    at Promise.then.completed (/Users/work/Documents/retailcore-mfe-investment-management/node_modules/jest-circus/build/utils.js:391:28)
    at new Promise (<anonymous>)
    at callAsyncCircusFn (/Users/work/Documents/retailcore-mfe-investment-management/node_modules/jest-circus/build/utils.js:316:10)
    at _callCircusTest (/Users/work/Documents/retailcore-mfe-investment-management/node_modules/jest-circus/build/run.js:218:40)
    at processTicksAndRejections (node:internal/process/task_queues:95:5)
    at _runTest (/Users/work/Documents/retailcore-mfe-investment-management/node_modules/jest-circus/build/run.js:155:3)
    at _runTestsForDescribeBlock (/Users/work/Documents/retailcore-mfe-investment-management/node_modules/jest-circus/build/run.js:66:9)
    at _runTestsForDescribeBlock (/Users/work/Documents/retailcore-mfe-investment-management/node_modules/jest-circus/build/run.js:60:9)
    at run (/Users/work/Documents/retailcore-mfe-investment-management/node_modules/jest-circus/build/run.js:25:3)
    at runAndTransformResultsToJestFormat (/Users/work/Documents/retailcore-mfe-investment-management/node_modules/jest-circus/build/legacy-code-todo-rewrite/jestAdapterInit.js:170:21)
    at jestAdapter (/Users/work/Documents/retailcore-mfe-investment-management/node_modules/jest-circus/build/legacy-code-todo-rewrite/jestAdapter.js:82:19)
    at runTestInternal (/Users/work/Documents/retailcore-mfe-investment-management/node_modules/jest-runner/build/runTest.js:389:16)
    at runTest (/Users/work/Documents/retailcore-mfe-investment-management/node_modules/jest-runner/build/runTest.js:475:34)
    at Object.worker (/Users/work/Documents/retailcore-mfe-investment-management/node_modules/jest-runner/build/testWorker.js:133:12)]]></failure>
    </testCase>
    <testCase name="code snippet should call handleDownload with mapped requestsDownloadData results" duration="5"/>
    <testCase name="code snippet should not call handleDownload when productDownloadIsSuccess is false and category is StatusCategoryType.AllProducts" duration="7"/>
    <testCase name="code snippet should not call handleDownload when requestsDownloadIsSuccess is false and category is StatusCategoryType.Requests" duration="3"/>
    <testCase name="code snippet should call handleDownload with an empty array when productDownloadData is undefined and category is StatusCategoryType.AllProducts" duration="9"/>
    <testCase name="code snippet should call handleDownload with an empty array when requestsDownloadData is null and category is StatusCategoryType.Requests" duration="4"/>
  </file>
  <file path="/Users/work/Documents/retailcore-mfe-investment-management/src/__tests__/layouts/Layout.test.tsx">
    <testCase name="Layout renders AuthGuard and Outlet components" duration="401"/>
    <testCase name="handleRole should handle cases where is_superuser property is not a boolean" duration="5"/>
    <testCase name="handleRole should handle cases where is_superuser property is not a boolean" duration="49"/>
    <testCase name="handleRole should handle cases where is_superuser property is not present in user object" duration="4"/>
    <testCase name="checkPermissions should not redirect and set permissions when user has all required investment permissions" duration="23"/>
    <testCase name="checkPermissions should not redirect and set permissions when user has some required investment permissions" duration="7"/>
    <testCase name="checkPermissions should redirect to specific URL when user has no required investment permissions" duration="11"/>
    <testCase name="checkPermissions should redirect to specific URL when user has null permissions" duration="5"/>
  </file>
  <file path="/Users/work/Documents/retailcore-mfe-investment-management/src/__tests__/utils/capitalizeFirstLetter.test.tsx">
    <testCase name="capitalizeFirstLetter should capitalize the first letter of a string with one word" duration="77"/>
    <testCase name="capitalizeFirstLetter should capitalize the first letter of the first word in a string with multiple words" duration="19"/>
    <testCase name="capitalizeFirstLetter should return an empty string if the input is an empty string" duration="8"/>
    <testCase name="capitalizeFirstLetter should return the input if its not a string" duration="23"/>
    <testCase name="capitalizeFirstLetter should capitalize the first letter of a string with only one letter" duration="5"/>
    <testCase name="capitalizeFirstLetter should capitalize the first letter of a string with non-alphabetic characters after the first letter" duration="4"/>
    <testCase name="capitalizeFirstLetter should capitalize the first letter of a string with numbers as the first letter" duration="12"/>
    <testCase name="capitalizeFirstLetter should capitalize the first letter of a string with a non-ASCII character as the first letter" duration="10"/>
    <testCase name="capitalizeFirstLetter should capitalize the first letter of a string with a non-ASCII character after the first letter" duration="6"/>
    <testCase name="capitalizeFirstLetter should capitalize the first letter of a string with multiple spaces between words" duration="10"/>
    <testCase name="capitalizeFirstLetter should capitalize the first letter of a non-empty string" duration="3"/>
    <testCase name="capitalizeFirstLetter should not modify an empty string" duration="3"/>
    <testCase name="capitalizeFirstLetter should capitalize the first letter of a single-word string" duration="3"/>
    <testCase name="capitalizeFirstLetter should capitalize the first letter of each word in a sentence" duration="3"/>
    <testCase name="capitalizeFirstLetter should not modify a string with only non-alphabetic characters" duration="3"/>
    <testCase name="capitalizeFirstLetter should handle mixed case strings" duration="13"/>
    <testCase name="capitalizeFirstLetter should return a string with the first letter capitalized when input is a non-empty string" duration="3"/>
    <testCase name="capitalizeFirstLetter should return an empty string when input is an empty string" duration="3"/>
    <testCase name="capitalizeFirstLetter should return the input when it is null" duration="4"/>
    <testCase name="capitalizeFirstLetter should return the input when it is undefined" duration="15"/>
    <testCase name="capitalizeFirstLetter should return the input when it is a number" duration="6"/>
  </file>
  <file path="/Users/work/Documents/retailcore-mfe-investment-management/src/__tests__/components/modals/CustomerDetail.test.tsx">
    <testCase name="TabHeader should render TabHeader component without crashing" duration="58"/>
    <testCase name="TabHeader should display the title passed as prop" duration="21"/>
    <testCase name="TabHeader should display the right caret icon when title is not active" duration="66"/>
    <testCase name="TabContent should render correct number of items" duration="22"/>
    <testCase name="TabContent should render correct labels for each item" duration="20"/>
    <testCase name="TabContent should render correct values for each item" duration="46"/>
    <testCase name="TabContent should handle empty content array" duration="6"/>
    <testCase name="CustomerDetail should toggle tab content when tab header is clicked" duration="237"/>
    <testCase name="CustomerDetail should handle case when valid ID is not provided" duration="89"/>
    <testCase name="CustomerDetail should handle case when tab content data is not provided" duration="101"/>
  </file>
  <file path="/Users/work/Documents/retailcore-mfe-investment-management/src/__tests__/customer-eligibility-criteria.test.tsx">
    <testCase name="ProductInformation Renders without error" duration="530">
      <failure message="Error: expect([38;2;0;95;95m[48;2;215;255;255mreceived).toMatchSnapshot()"><![CDATA[Error: expect([38;2;0;95;95m[48;2;215;255;255mreceived).toMatchSnapshot()

Snapshot name: `ProductInformation Renders without error 1`

[38;2;128;0;128m[48;2;255;215;255m- Snapshot  - 33
[38;2;0;95;95m[48;2;215;255;255m+ Received  +  9

@@ -25,27 +25,15 @@
                       
                      <label
                        class="flex  text-base font-semibold text-[#636363]"
                      >
                        Customer Category
[38;2;128;0;128m[48;2;255;215;255m-                       <div>
[38;2;128;0;128m[48;2;255;215;255m-                         <svg
[38;2;128;0;128m[48;2;255;215;255m-                           data-testid="red-dot"
[38;2;128;0;128m[48;2;255;215;255m-                           fill="none"
[38;2;128;0;128m[48;2;255;215;255m-                           height="5"
[38;2;128;0;128m[48;2;255;215;255m-                           viewBox="0 0 5 5"
[38;2;128;0;128m[48;2;255;215;255m-                           width="5"
[38;2;128;0;128m[48;2;255;215;255m-                           xmlns="http://www.w3.org/2000/svg"
[38;2;0;95;95m[48;2;215;255;255m+                       <span
[38;2;0;95;95m[48;2;215;255;255m+                         class="text-[#CF2A2A]"
                        >
[38;2;128;0;128m[48;2;255;215;255m-                           <circle
[38;2;128;0;128m[48;2;255;215;255m-                             cx="2.5"
[38;2;128;0;128m[48;2;255;215;255m-                             cy="2.5"
[38;2;128;0;128m[48;2;255;215;255m-                             fill="#CF2A2A"
[38;2;128;0;128m[48;2;255;215;255m-                             r="2.5"
[38;2;128;0;128m[48;2;255;215;255m-                           />
[38;2;128;0;128m[48;2;255;215;255m-                         </svg>
[38;2;128;0;128m[48;2;255;215;255m-                       </div>
[38;2;0;95;95m[48;2;215;255;255m+                         *
[38;2;0;95;95m[48;2;215;255;255m+                       </span>
                      </label>
                      <div
                        class="flex items-end cursor-pointer"
                      >
                        <div
@@ -227,11 +215,11 @@
            />
          </form>
        </div>
      </div>
    </body>,
[38;2;128;0;128m[48;2;255;215;255m-   "container": <div>
[38;2;0;95;95m[48;2;215;255;255m+   "container": <div>
      <div>
        <form
          id="customereligibilitycriteria"
        >
          <div
@@ -253,27 +241,15 @@
                     
                    <label
                      class="flex  text-base font-semibold text-[#636363]"
                    >
                      Customer Category
[38;2;128;0;128m[48;2;255;215;255m-                     <div>
[38;2;128;0;128m[48;2;255;215;255m-                       <svg
[38;2;128;0;128m[48;2;255;215;255m-                         data-testid="red-dot"
[38;2;128;0;128m[48;2;255;215;255m-                         fill="none"
[38;2;128;0;128m[48;2;255;215;255m-                         height="5"
[38;2;128;0;128m[48;2;255;215;255m-                         viewBox="0 0 5 5"
[38;2;128;0;128m[48;2;255;215;255m-                         width="5"
[38;2;128;0;128m[48;2;255;215;255m-                         xmlns="http://www.w3.org/2000/svg"
[38;2;0;95;95m[48;2;215;255;255m+                     <span
[38;2;0;95;95m[48;2;215;255;255m+                       class="text-[#CF2A2A]"
                      >
[38;2;128;0;128m[48;2;255;215;255m-                         <circle
[38;2;128;0;128m[48;2;255;215;255m-                           cx="2.5"
[38;2;128;0;128m[48;2;255;215;255m-                           cy="2.5"
[38;2;128;0;128m[48;2;255;215;255m-                           fill="#CF2A2A"
[38;2;128;0;128m[48;2;255;215;255m-                           r="2.5"
[38;2;128;0;128m[48;2;255;215;255m-                         />
[38;2;128;0;128m[48;2;255;215;255m-                       </svg>
[38;2;128;0;128m[48;2;255;215;255m-                     </div>
[38;2;0;95;95m[48;2;215;255;255m+                       *
[38;2;0;95;95m[48;2;215;255;255m+                     </span>
                    </label>
                    <div
                      class="flex items-end cursor-pointer"
                    >
                      <div
    at /Users/work/Documents/retailcore-mfe-investment-management/src/__tests__/customer-eligibility-criteria.test.tsx:28:20
    at runWithExpensiveErrorDiagnosticsDisabled (/Users/work/Documents/retailcore-mfe-investment-management/node_modules/@testing-library/dom/dist/config.js:47:12)
    at checkCallback (/Users/work/Documents/retailcore-mfe-investment-management/node_modules/@testing-library/dom/dist/wait-for.js:127:77)
    at /Users/work/Documents/retailcore-mfe-investment-management/node_modules/@testing-library/dom/dist/wait-for.js:100:7
    at new Promise (<anonymous>)
    at waitFor (/Users/work/Documents/retailcore-mfe-investment-management/node_modules/@testing-library/dom/dist/wait-for.js:34:10)
    at /Users/work/Documents/retailcore-mfe-investment-management/node_modules/@testing-library/dom/dist/wait-for.js:167:54
    at /Users/work/Documents/retailcore-mfe-investment-management/node_modules/@testing-library/react/dist/pure.js:59:22
    at /Users/work/Documents/retailcore-mfe-investment-management/node_modules/@testing-library/react/dist/act-compat.js:63:24
    at batchedUpdates$1 (/Users/work/Documents/retailcore-mfe-investment-management/node_modules/react-dom/cjs/react-dom.development.js:22380:12)
    at act (/Users/work/Documents/retailcore-mfe-investment-management/node_modules/react-dom/cjs/react-dom-test-utils.development.js:1042:14)
    at /Users/work/Documents/retailcore-mfe-investment-management/node_modules/@testing-library/react/dist/act-compat.js:62:20
    at new Promise (<anonymous>)
    at asyncAct (/Users/work/Documents/retailcore-mfe-investment-management/node_modules/@testing-library/react/dist/act-compat.js:40:14)
    at Object.asyncWrapper (/Users/work/Documents/retailcore-mfe-investment-management/node_modules/@testing-library/react/dist/pure.js:58:35)
    at waitForWrapper (/Users/work/Documents/retailcore-mfe-investment-management/node_modules/@testing-library/dom/dist/wait-for.js:167:35)
    at Object.<anonymous> (/Users/work/Documents/retailcore-mfe-investment-management/src/__tests__/customer-eligibility-criteria.test.tsx:27:18)
    at Promise.then.completed (/Users/work/Documents/retailcore-mfe-investment-management/node_modules/jest-circus/build/utils.js:391:28)
    at new Promise (<anonymous>)
    at callAsyncCircusFn (/Users/work/Documents/retailcore-mfe-investment-management/node_modules/jest-circus/build/utils.js:316:10)
    at _callCircusTest (/Users/work/Documents/retailcore-mfe-investment-management/node_modules/jest-circus/build/run.js:218:40)
    at processTicksAndRejections (node:internal/process/task_queues:95:5)
    at _runTest (/Users/work/Documents/retailcore-mfe-investment-management/node_modules/jest-circus/build/run.js:155:3)
    at _runTestsForDescribeBlock (/Users/work/Documents/retailcore-mfe-investment-management/node_modules/jest-circus/build/run.js:66:9)
    at _runTestsForDescribeBlock (/Users/work/Documents/retailcore-mfe-investment-management/node_modules/jest-circus/build/run.js:60:9)
    at run (/Users/work/Documents/retailcore-mfe-investment-management/node_modules/jest-circus/build/run.js:25:3)
    at runAndTransformResultsToJestFormat (/Users/work/Documents/retailcore-mfe-investment-management/node_modules/jest-circus/build/legacy-code-todo-rewrite/jestAdapterInit.js:170:21)
    at jestAdapter (/Users/work/Documents/retailcore-mfe-investment-management/node_modules/jest-circus/build/legacy-code-todo-rewrite/jestAdapter.js:82:19)
    at runTestInternal (/Users/work/Documents/retailcore-mfe-investment-management/node_modules/jest-runner/build/runTest.js:389:16)
    at runTest (/Users/work/Documents/retailcore-mfe-investment-management/node_modules/jest-runner/build/runTest.js:475:34)
    at Object.worker (/Users/work/Documents/retailcore-mfe-investment-management/node_modules/jest-runner/build/testWorker.js:133:12)]]></failure>
    </testCase>
    <testCase name="handleCheckedRequirements should add document to toggled requirements when it is not already in the list" duration="4"/>
    <testCase name="handleCheckedRequirements should remove document from toggled requirements when it is already in the list" duration="15"/>
    <testCase name="handleSelectAllChange should set toggledRequirements to an empty array and set selectAll to false when selectAll is true" duration="4"/>
    <testCase name="handleSelectAllChange should set toggledRequirements to all documents and set selectAll to true when selectAll is false" duration="14"/>
    <testCase name="requirementDeleteHandler should filter out the item to delete from the selected requirements array" duration="3"/>
    <testCase name="requirementDeleteHandler should update the state with the new array" duration="4"/>
    <testCase name="addDocument should add a new document when the new document is not empty and does not already exist in the list" duration="25"/>
    <testCase name="addDocument should do nothing when the new document is empty" duration="3"/>
  </file>
  <file path="/Users/work/Documents/retailcore-mfe-investment-management/src/__tests__/components/summary/handleVerdict.test.ts">
    <testCase name="handleVerdict should call setConfirmText with &quot;Do you want to approve product creation?&quot; if value === approve and sub_type == null" duration="65"/>
    <testCase name="handleVerdict should call setConfirmText with &quot;Do you want to reject product creation?&quot; if value === reject and sub_type == null" duration="8"/>
    <testCase name="handleVerdict should call setConfirmText with &quot;Do you want to approve product activation&quot; if value === approve and sub_type == &apos;activate&apos;" duration="11"/>
    <testCase name="handleVerdict should call setConfirmText with &quot;Do you want to reject product activation&quot; if value === reject and sub_type == &apos;activate&apos;" duration="4"/>
    <testCase name="handleVerdict should call setConfirmText with &quot;Do you want to approve product deactivation&quot; if value === approve and sub_type == &apos;deactivation&apos;" duration="12"/>
    <testCase name="handleVerdict should call setConfirmText with &quot;Do you want to reject product activation&quot; if value === reject and sub_type == &apos;activate&apos;" duration="4"/>
    <testCase name="handleVerdict should call setConfirmText with &quot;Do you want to approve product modification?&quot; if value === approve and sub_type == &apos;modify&apos;" duration="3"/>
    <testCase name="handleVerdict should call setConfirmText with &quot;Do you want to reject product activation &quot;if value === reject and sub_type == &apos;modify&apos;" duration="116"/>
    <testCase name="handleVerdict should call setConfirmText with &quot;Do you want to cancel product creation?&quot; if value === cancel and process == &apos;create&apos;" duration="4"/>
    <testCase name="handleVerdict should call setConfirmText with &quot;Do you want to cancel product creation?&quot; if value === cancel and process == &apos;clone&apos;" duration="3"/>
    <testCase name="handleVerdict should call setConfirmText with &quot;Do you want to cancel product creation?&quot; if value === cancel and process == &apos;continue&apos;" duration="40"/>
    <testCase name="handleVerdict should call setConfirmText with &quot;Do you want to cancel product modification?&quot; if value === cancel and process == &apos;modify&apos;" duration="3"/>
    <testCase name="handleVerdict should call setConfirmText with &quot;Do you want to cancel product modification?&quot; if value === cancel and process == &apos;withdraw_modify&apos;" duration="3"/>
    <testCase name="handleVerdict should call setConfirmText with &quot;Do you want to cancel process?&quot; if value === cancel and process == &apos;verdict&apos;" duration="11"/>
  </file>
  <file path="/Users/work/Documents/retailcore-mfe-investment-management/src/__tests__/forms/CustomComboSelect.test.tsx">
    <testCase name="CustomComboSelect sets the input value when an option is selected" duration="168"/>
    <testCase name="CustomComboSelect handles default value correctly" duration="39"/>
    <testCase name="CustomComboSelect renders &quot;No data&quot; when there are no options" duration="29"/>
    <testCase name="CustomComboSelect Renders without errors" duration="27"/>
    <testCase name="handleDefault should set the selected item to the corresponding value in options when defaultValue matches an item name in options" duration="4"/>
    <testCase name="handleDefault should handle case sensitivity when matching defaultValue to item names in options" duration="24"/>
    <testCase name="classNames should return an empty string when no arguments are passed" duration="6"/>
    <testCase name="classNames should return a single class name when only one argument is passed" duration="23"/>
    <testCase name="classNames should return a concatenated string of class names when multiple arguments are passed" duration="8"/>
    <testCase name="classNames should handle very long class names and a large number of arguments without crashing" duration="3"/>
    <testCase name="classNames should handle special characters and unicode characters in class names" duration="2"/>
  </file>
  <file path="/Users/work/Documents/retailcore-mfe-investment-management/src/__tests__/components/forms/MultiSelect.test.tsx">
    <testCase name="MultiSelect renders without crashing" duration="62"/>
    <testCase name="MultiSelect opens and closes dropdown when clicked" duration="109"/>
    <testCase name="MultiSelect should toggle dropdown when button is clicked" duration="112"/>
    <testCase name="MultiSelect should select/deselect option when checkbox is clicked" duration="45"/>
    <testCase name="MultiSelect should render correctly with an empty options array" duration="78"/>
    <testCase name="MultiSelect should check select all" duration="54"/>
    <testCase name="MultiSelect should update checkbox state when props change" duration="31"/>
    <testCase name="closeDropdown should set isOpen state to false when setIsOpen is called with false" duration="4"/>
    <testCase name="closeDropdown should handle setIsOpen being called with a boolean value" duration="4"/>
    <testCase name="handleChange should add a new option to selectedOptions array when it does not exist" duration="44"/>
    <testCase name="handleChange should remove an option from selectedOptions array when it already exists" duration="4"/>
    <testCase name="handleChange should call setSelectedOptions with the same array when an option is already selected" duration="3"/>
  </file>
  <file path="/Users/work/Documents/retailcore-mfe-investment-management/src/__tests__/forms/DateSelect.test.tsx">
    <testCase name="DateSelect renders without errors" duration="279"/>
    <testCase name="DateSelect Shows datePicker on button click" duration="456"/>
    <testCase name="closeDropdown should set isOpen state to false when called with setIsOpen function" duration="8"/>
    <testCase name="closeDropdown should not throw an error when called with setIsOpen function" duration="4"/>
    <testCase name="closeDropdown should not modify any other state or props" duration="36"/>
    <testCase name="handleClick should set the duration to the value of the clicked item" duration="13"/>
    <testCase name="handleClick should set both start and end dates to null when duration is falsy" duration="4"/>
    <testCase name="handleClick should handle gracefully if the item value is not a number" duration="17"/>
    <testCase name="onChange should set start and end date in state object when given an array of dates" duration="3"/>
    <testCase name="onChange should handle null values for start and end dates" duration="22"/>
    <testCase name="onChange should update the state object with new start and end dates" duration="4"/>
    <testCase name="onChange should handle invalid input types" duration="3"/>
    <testCase name="onChange should handle invalid input values" duration="4"/>
    <testCase name="onChange should handle unexpected input formats" duration="4"/>
    <testCase name="closeDropdown should set isOpen state to false when called with setIsOpen function" duration="3"/>
    <testCase name="closeDropdown should not have any side effects other than setting isOpen state to false" duration="16"/>
  </file>
  <file path="/Users/work/Documents/retailcore-mfe-investment-management/src/__tests__/modals/SelectRequirements.test.tsx">
    <testCase name="SelectRequirements should render the modal layout with the given header and subtext" duration="257"/>
    <testCase name="SelectRequirements should render the children components passed to it" duration="69"/>
    <testCase name="SelectRequirements should render the select button when hideBtn is false" duration="85"/>
    <testCase name="SelectRequirements should render the modal layout without subtext" duration="51"/>
    <testCase name="SelectRequirements should render the modal layout without children components" duration="104"/>
    <testCase name="SelectRequirements should render the modal layout without a cancel button" duration="81"/>
  </file>
  <file path="/Users/work/Documents/retailcore-mfe-investment-management/src/__tests__/components/ProductSearch.test.tsx">
    <testCase name="search input calls setSearchTerm function with debounce on input change" duration="278"/>
    <testCase name="classNames should concatenate all truthy class names into a single string" duration="13"/>
    <testCase name="classNames should ignore all falsy class names" duration="22"/>
    <testCase name="classNames should handle multiple truthy and falsy class names" duration="11"/>
    <testCase name="classNames should handle empty input" duration="4"/>
    <testCase name="classNames should handle input with only one truthy class name" duration="11"/>
    <testCase name="ProductSearch renders without crashing" duration="85"/>
    <testCase name="ProductSearch shows placeholder text" duration="10"/>
    <testCase name="ProductSearch filters options by search query" duration="28"/>
    <testCase name="ProductSearch renders the component with placeholder" duration="24"/>
    <testCase name="ProductSearch displays options when typing in the input" duration="33"/>
    <testCase name="ProductSearch applies the correct class when an option is active" duration="56"/>
    <testCase name="ProductSearch applies the correct class when an option is selected" duration="77"/>
  </file>
  <file path="/Users/work/Documents/retailcore-mfe-investment-management/src/__tests__/components/Pages/management/book-investment/certificate/IndexComponent.test.tsx">
    <testCase name="IndexComponent should render" duration="343"/>
  </file>
  <file path="/Users/work/Documents/retailcore-mfe-investment-management/src/__tests__/components/ui/CascadingDropdown.test.tsx">
    <testCase name="CascadingDropdown should render a dropdown button with a label and a list of items" duration="100"/>
    <testCase name="CascadingDropdown should display the list of items when the dropdown button is clicked" duration="191"/>
    <testCase name="CascadingDropdown should allow the user to click on an item and navigate to its link" duration="23"/>
    <testCase name="CascadingDropdown should render a dropdown button with a default label when no label is provided" duration="14"/>
    <testCase name="CascadingDropdown should render a dropdown button with default classes when no classes are provided" duration="11"/>
    <testCase name="CascadingDropdown should render a dropdown button with no items when no items are provided" duration="12"/>
    <testCase name="CascadingDropdown renders label and items correctly" duration="23"/>
  </file>
  <file path="/Users/work/Documents/retailcore-mfe-investment-management/src/__tests__/components/forms/MinMaxInput.test.tsx">
    <testCase name="MinMaxInput should render an input field with default value and placeholder" duration="88"/>
    <testCase name="MinMaxInput should allow user input and trigger change event" duration="11"/>
    <testCase name="MinMaxInput should clear errors when input value changes" duration="18"/>
    <testCase name="MinMaxInput should display red border when there is an error" duration="30"/>
    <testCase name="MinMaxInput should not display red border when there is no error" duration="6"/>
    <testCase name="MinMaxInput should display default placeholder if not provided" duration="22"/>
    <testCase name="MinMaxInput renders without errors" duration="75"/>
    <testCase name="MinMaxInput handles value change" duration="23"/>
  </file>
  <file path="/Users/work/Documents/retailcore-mfe-investment-management/src/__tests__/components/Pages/term-deposit/forms/gl_mapping_events/ProductToGLMapping.test.tsx">
    <testCase name="ProductToGLMapping Should render" duration="234"/>
  </file>
  <file path="/Users/work/Documents/retailcore-mfe-investment-management/src/__tests__/components/Pages/term-deposit/forms/gl_mapping_events/ChargesAndTaxes.test.tsx">
    <testCase name="code snippet should toggle between Charges and Taxes tabs when clicked" duration="354"/>
    <testCase name="code snippet should not display any charges or taxes when none are available" duration="75"/>
    <testCase name="handleRedirect should redirect to create tax page when type is &quot;tax&quot;" duration="16"/>
  </file>
  <file path="/Users/work/Documents/retailcore-mfe-investment-management/src/__tests__/modals/Rejection.test.tsx">
    <testCase name="handleSuccess should set options for ProductSearch component when userIsSuccess is true and branchMembersData is not null or undefined" duration="37"/>
    <testCase name="handleSuccess should not call setUsers when userIsSuccess is false" duration="26"/>
    <testCase name="handleSuccess should call setUsers with an empty array when branchMembersData is an empty array" duration="4"/>
    <testCase name="Rejection should render the Rejection modal with the correct UI and props" duration="525"/>
    <testCase name="Rejection should display the correct title and labels for the form inputs" duration="147"/>
  </file>
  <file path="/Users/work/Documents/retailcore-mfe-investment-management/src/__tests__/pricing-config.test.tsx">
    <testCase name="PricingConfig renders without errors" duration="424">
      <failure message="Error: expect([38;2;0;95;95m[48;2;215;255;255mreceived).toMatchSnapshot()"><![CDATA[Error: expect([38;2;0;95;95m[48;2;215;255;255mreceived).toMatchSnapshot()

Snapshot name: `PricingConfig renders without errors 1`

[38;2;128;0;128m[48;2;255;215;255m- Snapshot  - 102
[38;2;0;95;95m[48;2;215;255;255m+ Received  +  30

@@ -21,27 +21,15 @@
                  Applicable Tenor
                  <span
                    class="flex"
                  >
                     
[38;2;128;0;128m[48;2;255;215;255m-                   <div>
[38;2;128;0;128m[48;2;255;215;255m-                     <svg
[38;2;128;0;128m[48;2;255;215;255m-                       data-testid="red-dot"
[38;2;128;0;128m[48;2;255;215;255m-                       fill="none"
[38;2;128;0;128m[48;2;255;215;255m-                       height="5"
[38;2;128;0;128m[48;2;255;215;255m-                       viewBox="0 0 5 5"
[38;2;128;0;128m[48;2;255;215;255m-                       width="5"
[38;2;128;0;128m[48;2;255;215;255m-                       xmlns="http://www.w3.org/2000/svg"
[38;2;128;0;128m[48;2;255;215;255m-                     >
[38;2;128;0;128m[48;2;255;215;255m-                       <circle
[38;2;128;0;128m[48;2;255;215;255m-                         cx="2.5"
[38;2;128;0;128m[48;2;255;215;255m-                         cy="2.5"
[38;2;128;0;128m[48;2;255;215;255m-                         fill="#CF2A2A"
[38;2;128;0;128m[48;2;255;215;255m-                         r="2.5"
[38;2;128;0;128m[48;2;255;215;255m-                       />
[38;2;128;0;128m[48;2;255;215;255m-                     </svg>
[38;2;128;0;128m[48;2;255;215;255m-                   </div>
[38;2;0;95;95m[48;2;215;255;255m+                   <span
[38;2;0;95;95m[48;2;215;255;255m+                     class="text-[#CF2A2A]"
[38;2;0;95;95m[48;2;215;255;255m+                   >
[38;2;0;95;95m[48;2;215;255;255m+                     *
[38;2;0;95;95m[48;2;215;255;255m+                   </span>
                  </span>
                </label>
                <div
                  class="flex items-end cursor-pointer"
                >
@@ -305,27 +293,15 @@
                  Applicable Principal
                  <span
                    class="flex"
                  >
                     
[38;2;128;0;128m[48;2;255;215;255m-                   <div>
[38;2;128;0;128m[48;2;255;215;255m-                     <svg
[38;2;128;0;128m[48;2;255;215;255m-                       data-testid="red-dot"
[38;2;128;0;128m[48;2;255;215;255m-                       fill="none"
[38;2;128;0;128m[48;2;255;215;255m-                       height="5"
[38;2;128;0;128m[48;2;255;215;255m-                       viewBox="0 0 5 5"
[38;2;128;0;128m[48;2;255;215;255m-                       width="5"
[38;2;128;0;128m[48;2;255;215;255m-                       xmlns="http://www.w3.org/2000/svg"
[38;2;128;0;128m[48;2;255;215;255m-                     >
[38;2;128;0;128m[48;2;255;215;255m-                       <circle
[38;2;128;0;128m[48;2;255;215;255m-                         cx="2.5"
[38;2;128;0;128m[48;2;255;215;255m-                         cy="2.5"
[38;2;128;0;128m[48;2;255;215;255m-                         fill="#CF2A2A"
[38;2;128;0;128m[48;2;255;215;255m-                         r="2.5"
[38;2;128;0;128m[48;2;255;215;255m-                       />
[38;2;128;0;128m[48;2;255;215;255m-                     </svg>
[38;2;128;0;128m[48;2;255;215;255m-                   </div>
[38;2;0;95;95m[48;2;215;255;255m+                   <span
[38;2;0;95;95m[48;2;215;255;255m+                     class="text-[#CF2A2A]"
[38;2;0;95;95m[48;2;215;255;255m+                   >
[38;2;0;95;95m[48;2;215;255;255m+                     *
[38;2;0;95;95m[48;2;215;255;255m+                   </span>
                  </span>
                </label>
                <div
                  class="flex items-end cursor-pointer"
                >
@@ -457,27 +433,15 @@
                  Applicable Interest Rate Range (Per Annum)
                  <span
                    class="flex"
                  >
                     
[38;2;128;0;128m[48;2;255;215;255m-                   <div>
[38;2;128;0;128m[48;2;255;215;255m-                     <svg
[38;2;128;0;128m[48;2;255;215;255m-                       data-testid="red-dot"
[38;2;128;0;128m[48;2;255;215;255m-                       fill="none"
[38;2;128;0;128m[48;2;255;215;255m-                       height="5"
[38;2;128;0;128m[48;2;255;215;255m-                       viewBox="0 0 5 5"
[38;2;128;0;128m[48;2;255;215;255m-                       width="5"
[38;2;128;0;128m[48;2;255;215;255m-                       xmlns="http://www.w3.org/2000/svg"
[38;2;128;0;128m[48;2;255;215;255m-                     >
[38;2;128;0;128m[48;2;255;215;255m-                       <circle
[38;2;128;0;128m[48;2;255;215;255m-                         cx="2.5"
[38;2;128;0;128m[48;2;255;215;255m-                         cy="2.5"
[38;2;128;0;128m[48;2;255;215;255m-                         fill="#CF2A2A"
[38;2;128;0;128m[48;2;255;215;255m-                         r="2.5"
[38;2;128;0;128m[48;2;255;215;255m-                       />
[38;2;128;0;128m[48;2;255;215;255m-                     </svg>
[38;2;128;0;128m[48;2;255;215;255m-                   </div>
[38;2;0;95;95m[48;2;215;255;255m+                   <span
[38;2;0;95;95m[48;2;215;255;255m+                     class="text-[#CF2A2A]"
[38;2;0;95;95m[48;2;215;255;255m+                   >
[38;2;0;95;95m[48;2;215;255;255m+                     *
[38;2;0;95;95m[48;2;215;255;255m+                   </span>
                  </span>
                </label>
                <div
                  class="flex items-end cursor-pointer"
                >
@@ -727,27 +691,15 @@
                Applicable Tenor
                <span
                  class="flex"
                >
                   
[38;2;128;0;128m[48;2;255;215;255m-                 <div>
[38;2;128;0;128m[48;2;255;215;255m-                   <svg
[38;2;128;0;128m[48;2;255;215;255m-                     data-testid="red-dot"
[38;2;128;0;128m[48;2;255;215;255m-                     fill="none"
[38;2;128;0;128m[48;2;255;215;255m-                     height="5"
[38;2;128;0;128m[48;2;255;215;255m-                     viewBox="0 0 5 5"
[38;2;128;0;128m[48;2;255;215;255m-                     width="5"
[38;2;128;0;128m[48;2;255;215;255m-                     xmlns="http://www.w3.org/2000/svg"
[38;2;128;0;128m[48;2;255;215;255m-                   >
[38;2;128;0;128m[48;2;255;215;255m-                     <circle
[38;2;128;0;128m[48;2;255;215;255m-                       cx="2.5"
[38;2;128;0;128m[48;2;255;215;255m-                       cy="2.5"
[38;2;128;0;128m[48;2;255;215;255m-                       fill="#CF2A2A"
[38;2;128;0;128m[48;2;255;215;255m-                       r="2.5"
[38;2;128;0;128m[48;2;255;215;255m-                     />
[38;2;128;0;128m[48;2;255;215;255m-                   </svg>
[38;2;128;0;128m[48;2;255;215;255m-                 </div>
[38;2;0;95;95m[48;2;215;255;255m+                 <span
[38;2;0;95;95m[48;2;215;255;255m+                   class="text-[#CF2A2A]"
[38;2;0;95;95m[48;2;215;255;255m+                 >
[38;2;0;95;95m[48;2;215;255;255m+                   *
[38;2;0;95;95m[48;2;215;255;255m+                 </span>
                </span>
              </label>
              <div
                class="flex items-end cursor-pointer"
              >
@@ -1011,27 +963,15 @@
                Applicable Principal
                <span
                  class="flex"
                >
                   
[38;2;128;0;128m[48;2;255;215;255m-                 <div>
[38;2;128;0;128m[48;2;255;215;255m-                   <svg
[38;2;128;0;128m[48;2;255;215;255m-                     data-testid="red-dot"
[38;2;128;0;128m[48;2;255;215;255m-                     fill="none"
[38;2;128;0;128m[48;2;255;215;255m-                     height="5"
[38;2;128;0;128m[48;2;255;215;255m-                     viewBox="0 0 5 5"
[38;2;128;0;128m[48;2;255;215;255m-                     width="5"
[38;2;128;0;128m[48;2;255;215;255m-                     xmlns="http://www.w3.org/2000/svg"
[38;2;128;0;128m[48;2;255;215;255m-                   >
[38;2;128;0;128m[48;2;255;215;255m-                     <circle
[38;2;128;0;128m[48;2;255;215;255m-                       cx="2.5"
[38;2;128;0;128m[48;2;255;215;255m-                       cy="2.5"
[38;2;128;0;128m[48;2;255;215;255m-                       fill="#CF2A2A"
[38;2;128;0;128m[48;2;255;215;255m-                       r="2.5"
[38;2;128;0;128m[48;2;255;215;255m-                     />
[38;2;128;0;128m[48;2;255;215;255m-                   </svg>
[38;2;128;0;128m[48;2;255;215;255m-                 </div>
[38;2;0;95;95m[48;2;215;255;255m+                 <span
[38;2;0;95;95m[48;2;215;255;255m+                   class="text-[#CF2A2A]"
[38;2;0;95;95m[48;2;215;255;255m+                 >
[38;2;0;95;95m[48;2;215;255;255m+                   *
[38;2;0;95;95m[48;2;215;255;255m+                 </span>
                </span>
              </label>
              <div
                class="flex items-end cursor-pointer"
              >
@@ -1163,27 +1103,15 @@
                Applicable Interest Rate Range (Per Annum)
                <span
                  class="flex"
                >
                   
[38;2;128;0;128m[48;2;255;215;255m-                 <div>
[38;2;128;0;128m[48;2;255;215;255m-                   <svg
[38;2;128;0;128m[48;2;255;215;255m-                     data-testid="red-dot"
[38;2;128;0;128m[48;2;255;215;255m-                     fill="none"
[38;2;128;0;128m[48;2;255;215;255m-                     height="5"
[38;2;128;0;128m[48;2;255;215;255m-                     viewBox="0 0 5 5"
[38;2;128;0;128m[48;2;255;215;255m-                     width="5"
[38;2;128;0;128m[48;2;255;215;255m-                     xmlns="http://www.w3.org/2000/svg"
[38;2;128;0;128m[48;2;255;215;255m-                   >
[38;2;128;0;128m[48;2;255;215;255m-                     <circle
[38;2;128;0;128m[48;2;255;215;255m-                       cx="2.5"
[38;2;128;0;128m[48;2;255;215;255m-                       cy="2.5"
[38;2;128;0;128m[48;2;255;215;255m-                       fill="#CF2A2A"
[38;2;128;0;128m[48;2;255;215;255m-                       r="2.5"
[38;2;128;0;128m[48;2;255;215;255m-                     />
[38;2;128;0;128m[48;2;255;215;255m-                   </svg>
[38;2;128;0;128m[48;2;255;215;255m-                 </div>
[38;2;0;95;95m[48;2;215;255;255m+                 <span
[38;2;0;95;95m[48;2;215;255;255m+                   class="text-[#CF2A2A]"
[38;2;0;95;95m[48;2;215;255;255m+                 >
[38;2;0;95;95m[48;2;215;255;255m+                   *
[38;2;0;95;95m[48;2;215;255;255m+                 </span>
                </span>
              </label>
              <div
                class="flex items-end cursor-pointer"
              >
    at Object.<anonymous> (/Users/work/Documents/retailcore-mfe-investment-management/src/__tests__/pricing-config.test.tsx:33:22)
    at Promise.then.completed (/Users/work/Documents/retailcore-mfe-investment-management/node_modules/jest-circus/build/utils.js:391:28)
    at new Promise (<anonymous>)
    at callAsyncCircusFn (/Users/work/Documents/retailcore-mfe-investment-management/node_modules/jest-circus/build/utils.js:316:10)
    at _callCircusTest (/Users/work/Documents/retailcore-mfe-investment-management/node_modules/jest-circus/build/run.js:218:40)
    at processTicksAndRejections (node:internal/process/task_queues:95:5)
    at _runTest (/Users/work/Documents/retailcore-mfe-investment-management/node_modules/jest-circus/build/run.js:155:3)
    at _runTestsForDescribeBlock (/Users/work/Documents/retailcore-mfe-investment-management/node_modules/jest-circus/build/run.js:66:9)
    at _runTestsForDescribeBlock (/Users/work/Documents/retailcore-mfe-investment-management/node_modules/jest-circus/build/run.js:60:9)
    at run (/Users/work/Documents/retailcore-mfe-investment-management/node_modules/jest-circus/build/run.js:25:3)
    at runAndTransformResultsToJestFormat (/Users/work/Documents/retailcore-mfe-investment-management/node_modules/jest-circus/build/legacy-code-todo-rewrite/jestAdapterInit.js:170:21)
    at jestAdapter (/Users/work/Documents/retailcore-mfe-investment-management/node_modules/jest-circus/build/legacy-code-todo-rewrite/jestAdapter.js:82:19)
    at runTestInternal (/Users/work/Documents/retailcore-mfe-investment-management/node_modules/jest-runner/build/runTest.js:389:16)
    at runTest (/Users/work/Documents/retailcore-mfe-investment-management/node_modules/jest-runner/build/runTest.js:475:34)
    at Object.worker (/Users/work/Documents/retailcore-mfe-investment-management/node_modules/jest-runner/build/testWorker.js:133:12)]]></failure>
    </testCase>
    <testCase name="validateSlab should return true when type is 0 and lastSlab.principalMax equals principalMax" duration="21"/>
    <testCase name="validateSlab should return true when type is 1 and lastSlab.tenorMax equals tenorMax" duration="6"/>
    <testCase name="validateSlab should return false when type is not 0 or 1" duration="4"/>
    <testCase name="validateSlab should return false when values.interestRateConfigModels is empty" duration="17"/>
    <testCase name="validateSlab should return false when type is not a number" duration="15"/>
    <testCase name="validateSlab should return false when lastSlab is undefined" duration="18"/>
  </file>
  <file path="/Users/work/Documents/retailcore-mfe-investment-management/src/__tests__/pages/management/IndexComponent.test.tsx">
    <testCase name="Dashboard should render Investment Management dashboard with Overview tab selected by default" duration="1813"/>
    <testCase name="Dashboard should render Investment Management dashboard with Book Investment button" duration="649"/>
    <testCase name="Dashboard should allow user to switch between Overview, Corporate and Individual tabs" duration="552"/>
  </file>
  <file path="/Users/work/Documents/retailcore-mfe-investment-management/src/__tests__/components/summary/PreviewChargesAndTaxes.test.tsx">
    <testCase name="default should render the component without crashing" duration="377"/>
  </file>
  <file path="/Users/work/Documents/retailcore-mfe-investment-management/src/__tests__/utils/checkEmpty.test.tsx">
    <testCase name="checkEmpty should return an empty array when all objects have all required properties" duration="31"/>
    <testCase name="checkEmpty should return an array with objects that have missing required properties" duration="18"/>
    <testCase name="checkEmpty should return an empty array when uploadData is empty" duration="5"/>
    <testCase name="checkEmpty should return an array with objects that have all required properties when uploadData contains only such objects" duration="23"/>
    <testCase name="checkEmpty should return an array with objects that have missing required properties when uploadData contains only such objects" duration="6"/>
    <testCase name="checkEmpty should return an array with objects that have missing required properties when uploadData contains objects with missing and objects with all required properties" duration="81"/>
  </file>
  <file path="/Users/work/Documents/retailcore-mfe-investment-management/src/__tests__/modals/RequestDeactivation.test.tsx">
    <testCase name="RequestDeactivation should render the component without crashing" duration="396"/>
    <testCase name="RequestDeactivation should display the deactivation request form" duration="96"/>
    <testCase name="RequestDeactivation should allow user to input reason for deactivation" duration="605"/>
    <testCase name="RequestDeactivation should display an error message when the deactivation request fails" duration="53"/>
    <testCase name="RequestDeactivation should display an error message when the deactivation request fails" duration="76"/>
    <testCase name="RequestDeactivation should display an error message when the deactivation request fails" duration="57"/>
    <testCase name="RequestDeactivation should allow user to upload supporting documents" duration="101"/>
  </file>
  <file path="/Users/work/Documents/retailcore-mfe-investment-management/src/__tests__/components/Pages/term-deposit/forms/toggle-input-children.test.tsx">
    <testCase name="ToggleInputChildren should render the label and a switch component when rendered" duration="97"/>
    <testCase name="ToggleInputChildren should toggle the switch component on click" duration="49">
      <failure message="Error: expect(jest.fn()).not.toHaveBeenCalled()"><![CDATA[Error: expect(jest.fn()).not.toHaveBeenCalled()

Expected number of calls: 0
Received number of calls: 1

1: "testInput"
    at Object.<anonymous> (/Users/work/Documents/retailcore-mfe-investment-management/src/__tests__/components/Pages/term-deposit/forms/toggle-input-children.test.tsx:68:25)
    at Promise.then.completed (/Users/work/Documents/retailcore-mfe-investment-management/node_modules/jest-circus/build/utils.js:391:28)
    at new Promise (<anonymous>)
    at callAsyncCircusFn (/Users/work/Documents/retailcore-mfe-investment-management/node_modules/jest-circus/build/utils.js:316:10)
    at _callCircusTest (/Users/work/Documents/retailcore-mfe-investment-management/node_modules/jest-circus/build/run.js:218:40)
    at processTicksAndRejections (node:internal/process/task_queues:95:5)
    at _runTest (/Users/work/Documents/retailcore-mfe-investment-management/node_modules/jest-circus/build/run.js:155:3)
    at _runTestsForDescribeBlock (/Users/work/Documents/retailcore-mfe-investment-management/node_modules/jest-circus/build/run.js:66:9)
    at _runTestsForDescribeBlock (/Users/work/Documents/retailcore-mfe-investment-management/node_modules/jest-circus/build/run.js:60:9)
    at run (/Users/work/Documents/retailcore-mfe-investment-management/node_modules/jest-circus/build/run.js:25:3)
    at runAndTransformResultsToJestFormat (/Users/work/Documents/retailcore-mfe-investment-management/node_modules/jest-circus/build/legacy-code-todo-rewrite/jestAdapterInit.js:170:21)
    at jestAdapter (/Users/work/Documents/retailcore-mfe-investment-management/node_modules/jest-circus/build/legacy-code-todo-rewrite/jestAdapter.js:82:19)
    at runTestInternal (/Users/work/Documents/retailcore-mfe-investment-management/node_modules/jest-runner/build/runTest.js:389:16)
    at runTest (/Users/work/Documents/retailcore-mfe-investment-management/node_modules/jest-runner/build/runTest.js:475:34)
    at Object.worker (/Users/work/Documents/retailcore-mfe-investment-management/node_modules/jest-runner/build/testWorker.js:133:12)]]></failure>
    </testCase>
    <testCase name="ToggleInputChildren should set the default value of the switch component if defaultValue prop is not null" duration="24"/>
    <testCase name="ToggleInputChildren should not set the default value of the switch component if defaultValue prop is null" duration="21"/>
    <testCase name="ToggleInputChildren should call setValue and trigger with the correct inputName when the switch component is toggled" duration="32"/>
  </file>
  <file path="/Users/work/Documents/retailcore-mfe-investment-management/src/__tests__/utils/formatCurrency.test.tsx">
    <testCase name="formatCurrency should format a price with default parameters" duration="45"/>
    <testCase name="formatCurrency should format a price with custom fraction and currency parameters" duration="12"/>
    <testCase name="formatCurrency should format a price with custom fraction, currency, and price parameters" duration="18"/>
    <testCase name="formatCurrency should format a price with a price of 0" duration="3"/>
    <testCase name="formatCurrency should format a price with a negative price" duration="8"/>
    <testCase name="currencyFormatter should format a positive integer value with default currency and symbol" duration="3"/>
    <testCase name="currencyFormatter should format a negative float value with specified currency and symbol" duration="3"/>
    <testCase name="currencyFormatter should format a zero value with specified currency and symbol" duration="12"/>
    <testCase name="currencyFormatter should format a value with more than two decimal places" duration="4"/>
    <testCase name="currencyFormatter should format a value with more than two decimal places" duration="4"/>
    <testCase name="currencyFormatter should format a value with less than two decimal places" duration="12"/>
  </file>
  <file path="/Users/work/Documents/retailcore-mfe-investment-management/src/__tests__/components/Pages/management/book-investment/CustomerInfoCard.test.tsx">
    <testCase name="CustomerInfoCard should render CustomerInfoCard without crashing" duration="195"/>
    <testCase name="CustomerInfoCard should display the title &quot;Customer’s Information&quot;" duration="42"/>
    <testCase name="CustomerInfoCard should display all customer information titles and data" duration="43"/>
    <testCase name="CustomerInfoCard should not display customer name as a link for non-customerName Info components" duration="39"/>
    <testCase name="Info should render the component with the correct title and data" duration="15"/>
    <testCase name="Info should render the component with the correct type if provided" duration="11"/>
    <testCase name="Info should render the component without type if not provided" duration="16"/>
    <testCase name="Info should render the component with empty type" duration="6"/>
  </file>
  <file path="/Users/work/Documents/retailcore-mfe-investment-management/src/__tests__/handleDraft.test.ts">
    <testCase name="handleDraft should set setIsConfirmOpen to false when called" duration="91"/>
    <testCase name="handleDraft should set modifyProduct if process == &apos;modify&apos;" duration="54"/>
    <testCase name="handleDraft should set createProduct if process == &apos;create&apos;" duration="93"/>
    <testCase name="handleDraft should set createProduct if process == &apos;clone&apos;" duration="5"/>
    <testCase name="handleDraft should set modifyProduct if process == &apos;continue&apos;" duration="34"/>
    <testCase name="handleDraft should set modifyProduct if process == &apos;withdraw_modify&apos;" duration="3"/>
  </file>
  <file path="/Users/work/Documents/retailcore-mfe-investment-management/src/__tests__/components/FormStepComponent.test.tsx">
    <testCase name="FormStepComponent should render the correct number of form step items when formStepItems is not empty" duration="64"/>
    <testCase name="FormStepComponent should render the correct label for each form step item when formStepItems is not empty" duration="23"/>
    <testCase name="FormStepComponent should render the correct index for each form step item when formStepItems is not empty" duration="10"/>
    <testCase name="FormStepComponent should handle empty formStepItems array and render default form step item" duration="33"/>
    <testCase name="FormStepComponent should handle step value greater than the number of formStepItems and render last form step item" duration="7"/>
    <testCase name="FormStepComponent should handle step value less than 1 and render first form step item" duration="7"/>
  </file>
  <file path="/Users/work/Documents/retailcore-mfe-investment-management/src/__tests__/utils/isNewLocation.test.tsx">
    <testCase name="isNewLocation should return false when oldData is null" duration="30"/>
    <testCase name="isNewLocation should return false when oldData is undefined" duration="23"/>
    <testCase name="isNewLocation should return false when all properties match" duration="4"/>
    <testCase name="isNewLocation should return true when at least one property does not match" duration="15"/>
    <testCase name="isNewLocation should return true when newData is null" duration="7"/>
    <testCase name="isNewLocation should return true when oldData is null and newData is defined" duration="10"/>
    <testCase name="isNewLocation should return false when oldData and newData are both null" duration="7"/>
  </file>
  <file path="/Users/work/Documents/retailcore-mfe-investment-management/src/__tests__/pages/management/book-investment/FormComponent.test.tsx">
    <testCase name="code snippet should render the customer information form when step is 1" duration="442"/>
    <testCase name="code snippet should render the customer information form when step is 2" duration="25"/>
    <testCase name="code snippet should allow the user to input customer information" duration="204"/>
    <testCase name="code snippet should handle invalid input data correctly" duration="125"/>
  </file>
  <file path="/Users/work/Documents/retailcore-mfe-investment-management/src/__tests__/components/BookInvestmentButton.test.tsx">
    <testCase name="code snippet should render a button component with children passed as props" duration="173"/>
    <testCase name="code snippet should toggle the display of a dropdown menu when the button is clicked" duration="86"/>
    <testCase name="code snippet should display a list of investment options in the dropdown menu" duration="97"/>
    <testCase name="code snippet Should call goToUrl when user is permitted" duration="65">
      <failure message="Error: expect(received).toBe(expected) // Object.is equality"><![CDATA[Error: expect(received).toBe(expected) // Object.is equality

Expected: 2
Received: 3
    at Object.<anonymous> (/Users/work/Documents/retailcore-mfe-investment-management/src/__tests__/components/BookInvestmentButton.test.tsx:60:42)]]></failure>
    </testCase>
    <testCase name="code snippet Should not call goToUrl when user is not permitted" duration="69">
      <failure message="Error: expect(received).toBe(expected) // Object.is equality"><![CDATA[Error: expect(received).toBe(expected) // Object.is equality

Expected: 2
Received: 3
    at Object.<anonymous> (/Users/work/Documents/retailcore-mfe-investment-management/src/__tests__/components/BookInvestmentButton.test.tsx:70:42)]]></failure>
    </testCase>
  </file>
  <file path="/Users/work/Documents/retailcore-mfe-investment-management/src/__tests__/modals/Confirm.test.tsx">
    <testCase name="Confirm renders without crashing" duration="42"/>
    <testCase name="Confirm should render a modal with the given text and subtext" duration="126"/>
    <testCase name="Confirm should render a cancel buttons  and a confirm button" duration="45"/>
    <testCase name="Confirm closes modal when cancel button 1 clicked" duration="53"/>
    <testCase name="Confirm Calls onCancel when cancel button 2 clicked" duration="65"/>
    <testCase name="Confirm should call onConfirm when confirm button is clicked" duration="79"/>
  </file>
  <file path="/Users/work/Documents/retailcore-mfe-investment-management/src/__tests__/utils/handleUserView.test.tsx">
    <testCase name="handleUserView should return &quot;in-review&quot; when value is &quot;P&quot; and checker is false" duration="26"/>
    <testCase name="handleUserView should return &quot;pending&quot; when value is &quot;P&quot; and checker is true" duration="17"/>
    <testCase name="handleUserView should return &quot;draft&quot; when value is &quot;D&quot;" duration="10"/>
    <testCase name="handleUserView should return &quot;approved&quot; when value is &quot;A&quot;" duration="3"/>
    <testCase name="handleUserView should return &quot;in-issue&quot; when value is &quot;I&quot; and checker is false" duration="4"/>
    <testCase name="handleUserView should return &quot;rejected&quot; when value is &quot;I&quot; and checker is true" duration="8"/>
    <testCase name="handleUserView should return &quot;in-issue&quot; when value is &quot;R&quot; and checker is false" duration="4"/>
    <testCase name="handleUserView should return &quot;rejected&quot; when value is &quot;R&quot; and checker is true" duration="3"/>
    <testCase name="handleUserView should return valye when value is &quot;T&quot; and checker is true" duration="9"/>
  </file>
  <file path="/Users/work/Documents/retailcore-mfe-investment-management/src/__tests__/components/Toast.test.tsx">
    <testCase name="customToast should call toast.info with the correct arguments" duration="29"/>
    <testCase name="customToast should display toast notification with the correct position" duration="13"/>
    <testCase name="Msg Function returns the correct JSX with the given text" duration="37"/>
    <testCase name="errorToast should display an error toast with the given text" duration="6"/>
    <testCase name="errorToast should use the &apos;toast.error&apos; method to display the toast" duration="4"/>
    <testCase name="errorToast should render the &apos;Msg&apos; component with the given text" duration="16"/>
  </file>
  <file path="/Users/work/Documents/retailcore-mfe-investment-management/src/__tests__/components/Pages/term-deposit/forms/gl_mapping_events/ChargeAndTaxMultiselect.test.tsx">
    <testCase name="default should open search input field when search button is clicked" duration="183"/>
    <testCase name="default should render without options when availableOptions is undefined or null" duration="24"/>
  </file>
  <file path="/Users/work/Documents/retailcore-mfe-investment-management/src/__tests__/utils/capitalizeObjectKeys.test.tsx">
    <testCase name="capitalizeObjectKeys should return an empty array when given an empty array" duration="27"/>
    <testCase name="capitalizeObjectKeys should return an array of objects with capitalized keys when given an array of objects with lowercase keys" duration="13"/>
    <testCase name="capitalizeObjectKeys should throw an error when given a non-array input" duration="15"/>
    <testCase name="capitalizeObjectKeys should return an array of objects with capitalized keys when given an array of objects with mixed case keys" duration="3"/>
    <testCase name="capitalizeObjectKeys should return an array of objects with capitalized keys when given an array of objects with only one key" duration="6"/>
    <testCase name="capitalizeObjectKeys should return an array of objects with capitalized keys when given an array of objects with only non-string keys" duration="9"/>
    <testCase name="capitalizeObjectKeys should handle objects without own properties" duration="4"/>
  </file>
  <file path="/Users/work/Documents/retailcore-mfe-investment-management/src/__tests__/pages/investment/term-deposit/create-term-deposit/Summary.test.tsx">
    <testCase name="Container should render a div element with the correct class" duration="37"/>
    <testCase name="Container should render the children passed to it" duration="21"/>
    <testCase name="Container should render without any children" duration="6"/>
    <testCase name="Container should render without any children" duration="6"/>
    <testCase name="Container should render without any children" duration="27"/>
    <testCase name="Summary should render the component without crashing" duration="367"/>
    <testCase name="Summary should display the correct title and breadcrumbs" duration="223"/>
  </file>
  <file path="/Users/work/Documents/retailcore-mfe-investment-management/src/__tests__/utils/optionsDataHandler.test.ts">
    <testCase name="optionsDataHandler should set the query object with the productType_In property when label is &quot;product type&quot;" duration="29"/>
    <testCase name="optionsDataHandler should set the query object with the requestType_In property when label is &quot;type&quot;" duration="15"/>
    <testCase name="optionsDataHandler should set the query object with the initiator_In property when label is &quot;initiator&quot;" duration="6"/>
    <testCase name="optionsDataHandler should not set any properties in the query object when label is not provided" duration="13"/>
    <testCase name="optionsDataHandler should not set any properties in the query object when value is not provided" duration="4"/>
    <testCase name="optionsDataHandler should not set any properties in the query object when setQuery is not provided" duration="8"/>
  </file>
  <file path="/Users/work/Documents/retailcore-mfe-investment-management/src/__tests__/components/Loader.test.tsx">
    <testCase name="Breadcrumbs renders without crashing" duration="69"/>
    <testCase name="Breadcrumbs matches snapshot" duration="19"/>
    <testCase name="Loader should render Loader component when isOpen is true" duration="126"/>
    <testCase name="Loader should not render Loader component when isOpen is false" duration="6"/>
    <testCase name="Loader should not throw an error when setIsOpen is not provided" duration="41"/>
    <testCase name="Loader should spin the AiOutlineLoading icon when Loader component is rendered" duration="66"/>
    <testCase name="Loader should display the text prop in the Loader component" duration="46"/>
  </file>
  <file path="/Users/work/Documents/retailcore-mfe-investment-management/src/__tests__/utils/lowerObjectKeys.test.tsx">
    <testCase name="lowerObjectKeys should return an empty array when given an empty array" duration="27"/>
    <testCase name="lowerObjectKeys should return an array of objects with lowerd keys when given an array of objects with lowercase keys" duration="48"/>
    <testCase name="lowerObjectKeys should throw an error when given a non-array input" duration="26"/>
    <testCase name="lowerObjectKeys should return an array of objects with lowerd keys when given an array of objects with mixed case keys" duration="4"/>
    <testCase name="lowerObjectKeys should return an array of objects with lowerd keys when given an array of objects with only one key" duration="4"/>
    <testCase name="lowerObjectKeys should return an array of objects with lowerd keys when given an array of objects with only non-string keys" duration="39"/>
    <testCase name="lowerObjectKeys should handle objects without own properties" duration="23"/>
  </file>
  <file path="/Users/work/Documents/retailcore-mfe-investment-management/src/__tests__/utils/convertKeysToLowerCase.test.tsx">
    <testCase name="convertKeysToLowerCase should convert all keys in a simple object to lowercase" duration="28"/>
    <testCase name="convertKeysToLowerCase should convert all keys in a nested object to lowercase" duration="29"/>
    <testCase name="convertKeysToLowerCase should return an empty object when given an empty object" duration="6"/>
    <testCase name="convertKeysToLowerCase should convert keys with one character to lowercase" duration="5"/>
    <testCase name="convertKeysToLowerCase should convert keys with all characters already lowercase" duration="4"/>
    <testCase name="convertKeysToLowerCase should convert keys with all characters already uppercase" duration="8"/>
  </file>
  <file path="/Users/work/Documents/retailcore-mfe-investment-management/src/__tests__/forms/BorderlessSelect.test.tsx">
    <testCase name="BorderlessSelect Renders without error" duration="109"/>
    <testCase name="BorderlessSelect Shows options when input is clicked" duration="55"/>
    <testCase name="BorderlessSelect indicates that input is required" duration="24">
      <failure message="TestingLibraryElementError: Unable to find an element by: [data-testid=&quot;red-dot&quot;]"><![CDATA[TestingLibraryElementError: Unable to find an element by: [data-testid="red-dot"]

Ignored nodes: comments, script, style
<body>
  <div>
    <div
      class=" min-w-full"
      role="combobox"
    >
      <div
        class="flex  gap-2 min-w-[300px]"
      >
         
        <label
          class="flex  text-base font-semibold text-[#636363]"
        >
          My input
          <span
            class="text-[#CF2A2A]"
          >
            *
          </span>
        </label>
      </div>
      <div
        class="relative mt-1"
      >
        <button
          aria-expanded="false"
          aria-haspopup="listbox"
          class="relative w-full cursor-pointer  bg-white py-1  pr-10 text-left  border-b border-[#636363] focus:outline-none  text-[#252C32] text-sm border-[#8F8F8F]"
          data-headlessui-state=""
          id="headlessui-listbox-button-6"
          type="button"
        >
          <span
            class="block truncate"
          >
            <span
              class="text-[#aaa]"
            >
              Select
            </span>
          </span>
          <span
            class="pointer-events-none absolute inset-y-0 right-0 flex items-center pr-2 text-xs"
          >
            <svg
              fill="none"
              height="10"
              viewBox="0 0 15 10"
              width="15"
              xmlns="http://www.w3.org/2000/svg"
            >
              <path
                d="M15 0H0L7.14286 9.47368L15 0Z"
                fill="#636363"
              />
            </svg>
          </span>
        </button>
      </div>
    </div>
  </div>
</body>
    at Object.getElementError (/Users/work/Documents/retailcore-mfe-investment-management/node_modules/@testing-library/dom/dist/config.js:37:19)
    at /Users/work/Documents/retailcore-mfe-investment-management/node_modules/@testing-library/dom/dist/query-helpers.js:76:38
    at /Users/work/Documents/retailcore-mfe-investment-management/node_modules/@testing-library/dom/dist/query-helpers.js:52:17
    at getByTestId (/Users/work/Documents/retailcore-mfe-investment-management/node_modules/@testing-library/dom/dist/query-helpers.js:95:19)
    at Object.<anonymous> (/Users/work/Documents/retailcore-mfe-investment-management/src/__tests__/forms/BorderlessSelect.test.tsx:39:23)
    at Promise.then.completed (/Users/work/Documents/retailcore-mfe-investment-management/node_modules/jest-circus/build/utils.js:391:28)
    at new Promise (<anonymous>)
    at callAsyncCircusFn (/Users/work/Documents/retailcore-mfe-investment-management/node_modules/jest-circus/build/utils.js:316:10)
    at _callCircusTest (/Users/work/Documents/retailcore-mfe-investment-management/node_modules/jest-circus/build/run.js:218:40)
    at processTicksAndRejections (node:internal/process/task_queues:95:5)
    at _runTest (/Users/work/Documents/retailcore-mfe-investment-management/node_modules/jest-circus/build/run.js:155:3)
    at _runTestsForDescribeBlock (/Users/work/Documents/retailcore-mfe-investment-management/node_modules/jest-circus/build/run.js:66:9)
    at _runTestsForDescribeBlock (/Users/work/Documents/retailcore-mfe-investment-management/node_modules/jest-circus/build/run.js:60:9)
    at run (/Users/work/Documents/retailcore-mfe-investment-management/node_modules/jest-circus/build/run.js:25:3)
    at runAndTransformResultsToJestFormat (/Users/work/Documents/retailcore-mfe-investment-management/node_modules/jest-circus/build/legacy-code-todo-rewrite/jestAdapterInit.js:170:21)
    at jestAdapter (/Users/work/Documents/retailcore-mfe-investment-management/node_modules/jest-circus/build/legacy-code-todo-rewrite/jestAdapter.js:82:19)
    at runTestInternal (/Users/work/Documents/retailcore-mfe-investment-management/node_modules/jest-runner/build/runTest.js:389:16)
    at runTest (/Users/work/Documents/retailcore-mfe-investment-management/node_modules/jest-runner/build/runTest.js:475:34)
    at Object.worker (/Users/work/Documents/retailcore-mfe-investment-management/node_modules/jest-runner/build/testWorker.js:133:12)]]></failure>
    </testCase>
    <testCase name="BorderlessSelect indicates error" duration="19"/>
    <testCase name="BorderlessSelect changes value when clicked and hides options" duration="40"/>
  </file>
  <file path="/Users/work/Documents/retailcore-mfe-investment-management/src/__tests__/utils/parseQueryParams.test.tsx">
    <testCase name="parseQueryParams should return an instance of URLSearchParams when called with valid query params" duration="27"/>
    <testCase name="parseQueryParams should append all non-array query params to the URLSearchParams instance" duration="7"/>
    <testCase name="parseQueryParams should append all items in an array query param to the URLSearchParams instance" duration="19"/>
    <testCase name="parseQueryParams should set boolean query params to their corresponding key in the URLSearchParams instance" duration="10"/>
    <testCase name="parseQueryParams should handle an empty query params object" duration="7"/>
    <testCase name="parseQueryParams should handle a query params object with null or undefined values" duration="15"/>
  </file>
  <file path="/Users/work/Documents/retailcore-mfe-investment-management/src/__tests__/utils/checkDocument.test.tsx">
    <testCase name="checkDocuments should return an object with &apos;hasAllDocuments&apos; property as true when all documents are present in the object" duration="43"/>
    <testCase name="checkDocuments should return an object with &apos;hasAllDocuments&apos; property as false when at least one document is missing from the object" duration="23"/>
    <testCase name="checkDocuments should return an object with &apos;missingDocuments&apos; property as an empty array when all documents are present in the object" duration="5"/>
    <testCase name="checkDocuments should return undefined when the &apos;keys&apos; parameter is undefined" duration="3"/>
    <testCase name="checkDocuments should return undefined when the &apos;obj&apos; parameter is undefined" duration="13"/>
  </file>
  <file path="/Users/work/Documents/retailcore-mfe-investment-management/src/__tests__/utils/context.test.tsx">
    <testCase name="useOverviewContext should return the overview state from the OverviewContext" duration="21"/>
    <testCase name="useOverviewContext should throw an error if the overview state is undefined" duration="25"/>
    <testCase name="useOverviewContext should throw an error if the OverviewContext is not provided" duration="36"/>
    <testCase name="useOverviewContext should handle null values for overviewTabStats" duration="7"/>
    <testCase name="useOverviewContext should set the overviewTabStats using setOverviewTabStats" duration="11"/>
    <testCase name="useOverviewContext should call getStats to retrieve the overviewTabStats" duration="4"/>
  </file>
  <file path="/Users/work/Documents/retailcore-mfe-investment-management/src/__tests__/handleFormRefs.test.ts">
    <testCase name="handleFormRef should set the formRef to &quot;productform&quot; when step is 1" duration="20"/>
    <testCase name="handleFormRef should set the formRef to &quot;customereligibilitycriteria&quot; when step is 2" duration="10"/>
    <testCase name="handleFormRef should set the formRef to &quot;pricingconfig&quot; when step is 3" duration="5"/>
    <testCase name="handleFormRef should set the formRef to &quot;pricingconfig&quot; when step is 3" duration="18"/>
    <testCase name="handleFormRef should set the formRef to &quot;pricingconfig&quot; when step is 3" duration="9"/>
    <testCase name="handleFormRef should set the formRef to &quot;productform&quot; when step is null" duration="7"/>
    <testCase name="handleFormRef should set the formRef to &quot;productform&quot; when step is undefined" duration="17"/>
    <testCase name="handleFormRef should set the formRef to &quot;productform&quot; when step is not a number" duration="3"/>
  </file>
  <file path="/Users/work/Documents/retailcore-mfe-investment-management/src/__tests__/utils/handleColorState.test.tsx">
    <testCase name="handleColorState should return the correct color state for the value &quot;approved&quot;" duration="28"/>
    <testCase name="handleColorState should return the correct color state for the value &quot;A&quot;" duration="27"/>
    <testCase name="handleColorState should return the correct color state for the value &quot;in-review&quot;" duration="8"/>
    <testCase name="handleColorState should return the correct color state for the value &quot;P&quot;" duration="13"/>
    <testCase name="handleColorState should return the correct color state for the value &quot;in-issue&quot;" duration="4"/>
    <testCase name="handleColorState should return the correct color state for the value &quot;R&quot;" duration="5"/>
    <testCase name="handleColorState should return the correct color state for the value &quot;draft&quot;" duration="16"/>
    <testCase name="handleColorState should return the correct color state for the value &quot;D&quot;" duration="4"/>
    <testCase name="handleColorState should return the correct color state for the value &quot;I&quot;" duration="3"/>
  </file>
  <file path="/Users/work/Documents/retailcore-mfe-investment-management/src/__tests__/MinMaxInput.test.tsx">
    <testCase name="MinMaxInput Renders without error" duration="59"/>
    <testCase name="MinMaxInput Renders error" duration="12"/>
    <testCase name="MinMaxInput Shows button if &apos;hasButton&apos; is true" duration="10"/>
    <testCase name="MinMaxInput Shows percent sign (%) if &apos;isPercent&apos; is true" duration="12"/>
    <testCase name="MinMaxInput sets default value" duration="17"/>
  </file>
  <file path="/Users/work/Documents/retailcore-mfe-investment-management/src/__tests__/forms/Select.test.tsx">
    <testCase name="Select renders without crashing" duration="64"/>
    <testCase name="Select matches snapshot" duration="29"/>
    <testCase name="Select shows the selected option" duration="141"/>
    <testCase name="Select opens the dropdown when clicked" duration="62"/>
    <testCase name="Select calls onChange when option selected" duration="180"/>
  </file>
  <file path="/Users/work/Documents/retailcore-mfe-investment-management/src/__tests__/pages/management/book-investment/handleFormRef.test.ts">
    <testCase name="handleFormRef should set the form reference to &quot;customerInformation&quot; when step is 1" duration="25"/>
    <testCase name="handleFormRef should set the form reference to &quot;facilityDetails&quot; when step is 2" duration="14"/>
    <testCase name="handleFormRef should set the form reference to &quot;transactionSettings&quot; when step is 3" duration="13"/>
    <testCase name="handleFormRef should set the form reference to &quot;customerInformation&quot; when step is null" duration="3"/>
    <testCase name="handleFormRef should set the form reference to &quot;customerInformation&quot; when step is undefined" duration="6"/>
    <testCase name="handleFormRef should set the form reference to &quot;customerInformation&quot; when step is not a number" duration="4"/>
  </file>
  <file path="/Users/work/Documents/retailcore-mfe-investment-management/src/__tests__/OptionsList.test.tsx">
    <testCase name="code snippet should render option with text label and optional value" duration="131"/>
    <testCase name="code snippet should not render any options when options prop is undefined" duration="17"/>
    <testCase name="code snippet should not render any options when options prop is null" duration="5"/>
    <testCase name="code snippet should not render any options when options prop is an empty array" duration="16"/>
  </file>
  <file path="/Users/work/Documents/retailcore-mfe-investment-management/src/__tests__/utils/convertToDays.tsx">
    <testCase name="convertToDays should return the input duration when type is 1" duration="28"/>
    <testCase name="convertToDays should use the current date as a starting point for calculations" duration="6"/>
    <testCase name="convertToDays should throw an error when an invalid duration type is provided" duration="20"/>
    <testCase name="convertToDays should return 0 when duration is 0 and type is 2, 3 or 4" duration="4"/>
    <testCase name="convertToDays should return NaN when duration is NaN and type is 2, 3 or 4" duration="4"/>
  </file>
  <file path="/Users/work/Documents/retailcore-mfe-investment-management/src/__tests__/modals/Approved.test.tsx">
    <testCase name="ApprovedSuccess Modal renders without crashing" duration="45"/>
    <testCase name="ApprovedSuccess Modal matches snapshot" duration="18"/>
    <testCase name="ApprovedSuccess Modal closes modal when cancel clicked" duration="97"/>
    <testCase name="ApprovedSuccess Modal calls onConfirm when form submitted" duration="72"/>
  </file>
  <file path="/Users/work/Documents/retailcore-mfe-investment-management/src/__tests__/utils/ucObjectKeys.test.tsx">
    <testCase name="ucObjectKeys should throw an error when the input is not an array" duration="41"/>
    <testCase name="ucObjectKeys should handle an array with non-object elements as input" duration="10"/>
    <testCase name="ucObjectKeys should capitalize the keys of an array of objects with different keys" duration="15"/>
    <testCase name="ucObjectKeys should capitalize the keys of an array of objects with same keys" duration="5"/>
  </file>
  <file path="/Users/work/Documents/retailcore-mfe-investment-management/src/__tests__/forms/Checkbox.test.tsx">
    <testCase name="Checkbox renders without crashing" duration="59"/>
    <testCase name="Checkbox matches snapshot" duration="52"/>
    <testCase name="Checkbox displays the label" duration="16"/>
    <testCase name="Checkbox initially renders unchecked" duration="11"/>
    <testCase name="Checkbox renders checked when checked prop is true" duration="20"/>
    <testCase name="Checkbox calls onChange when clicked" duration="27"/>
    <testCase name="Checkbox should not call onChange if not provided when handleChange is invoked" duration="23"/>
  </file>
  <file path="/Users/work/Documents/retailcore-mfe-investment-management/src/__tests__/components/ActivityLog.tsx">
    <testCase name="renders the ActivityLog component with loading state" duration="41"/>
    <testCase name="renders the ActivityLog component with no activities" duration="21"/>
    <testCase name="renders the ActivityLog component with activities" duration="236"/>
  </file>
  <file path="/Users/work/Documents/retailcore-mfe-investment-management/src/__tests__/forms/FormDate.test.tsx">
    <testCase name="FormDate component should update date on date change" duration="100"/>
    <testCase name="FormDate component should display error message when there is an error" duration="28"/>
  </file>
  <file path="/Users/work/Documents/retailcore-mfe-investment-management/src/__tests__/modals/Layout.test.tsx">
    <testCase name="Layout renders children and opens and closes the modal" duration="118"/>
    <testCase name="Layout should not render children when isOpen is false" duration="16"/>
    <testCase name="Layout should render dialog with correct data-testid" duration="63"/>
  </file>
  <file path="/Users/work/Documents/retailcore-mfe-investment-management/src/__tests__/components/Breadcrumbs.test.tsx">
    <testCase name="Breadcrumbs renders without crashing" duration="95"/>
    <testCase name="Breadcrumbs matches snapshot" duration="16"/>
    <testCase name="Breadcrumbs displays breadcrumb links" duration="40"/>
    <testCase name="Breadcrumbs Can click on links" duration="20"/>
  </file>
  <file path="/Users/work/Documents/retailcore-mfe-investment-management/src/__tests__/utils/countDuplicates.test.tsx">
    <testCase name="countDuplicates should return 0 when there are no duplicates in the array" duration="26"/>
    <testCase name="countDuplicates should return the correct number of duplicates when there are duplicates in the array" duration="38"/>
    <testCase name="countDuplicates should handle arrays with multiple types of elements" duration="4"/>
    <testCase name="countDuplicates should return 0 when the array is empty" duration="12"/>
    <testCase name="countDuplicates should handle arrays with only one element" duration="3"/>
    <testCase name="countDuplicates should handle arrays with only duplicate elements" duration="4"/>
  </file>
  <file path="/Users/work/Documents/retailcore-mfe-investment-management/src/__tests__/components/Button.test.tsx">
    <testCase name="Button renders without crashing" duration="61"/>
    <testCase name="Button renders children" duration="18"/>
    <testCase name="Button applies custom className" duration="14"/>
    <testCase name="Button can show loader" duration="20"/>
    <testCase name="Button can hide loader" duration="8"/>
    <testCase name="Button can render button elements" duration="7"/>
    <testCase name="Button calls onClick handler" duration="47"/>
  </file>
  <file path="/Users/work/Documents/retailcore-mfe-investment-management/src/__tests__/components/DownloadButton.tsx">
    <testCase name="DownloadButton should call handleDownload function when button is clicked" duration="148"/>
    <testCase name="DownloadButton should display the text Download" duration="16"/>
    <testCase name="DownloadButton should not throw an error when handleDownload is not provided" duration="51"/>
    <testCase name="DownloadButton should have the correct class name, type attribute, text color, background color, and gap between icon and text" duration="14"/>
  </file>
  <file path="/Users/work/Documents/retailcore-mfe-investment-management/src/__tests__/utils/getPercentage.test.tsx">
    <testCase name="getPercentage should return the correct percentage when total and success are positive integers" duration="24"/>
    <testCase name="getPercentage should return 100 when success is equal to total" duration="8"/>
    <testCase name="getPercentage should return 0 when success is equal to 0" duration="25"/>
    <testCase name="getPercentage should return the correct percentage when success is less than total" duration="3"/>
  </file>
  <file path="/Users/work/Documents/retailcore-mfe-investment-management/src/__tests__/utils/requestType.test.tsx">
    <testCase name="getRequestType should return &quot;bulk creation&quot; when type is &quot;BULK_CREATE&quot;" duration="29"/>
    <testCase name="getRequestType should return &quot;creation&quot; when type is &quot;CREATE&quot;" duration="13"/>
    <testCase name="getRequestType should return &quot;deactivation&quot; when type is &quot;DEACTIVATE&quot;" duration="7"/>
    <testCase name="getRequestType should return &quot;reactivation&quot; when type is &quot;REACTIVATE&quot;" duration="3"/>
    <testCase name="getRequestType should return &quot;modification&quot; when type is &quot;CHANGE&quot;" duration="9"/>
    <testCase name="getRequestType should return &quot;configuration&quot; when type is &quot;CONFIGURATION&quot;" duration="18"/>
  </file>
  <file path="/Users/work/Documents/retailcore-mfe-investment-management/src/__tests__/layouts/AuthGuard.test.tsx">
    <testCase name="AuthGuard shows content if authenticated" duration="172"/>
    <testCase name="should return children when isAuthenticated is true" duration="7"/>
  </file>
  <file path="/Users/work/Documents/retailcore-mfe-investment-management/src/__tests__/utils/test-util.test.tsx">
    <testCase name="renderWithProviders should render the UI with the Provider wrapper and the passed options" duration="62"/>
    <testCase name="renderWithProviders should return the store and the rendered UI" duration="17"/>
  </file>
  <file path="/Users/work/Documents/retailcore-mfe-investment-management/src/__tests__/components/MultiRangeSlider.test.tsx">
    <testCase name="Slider renders without crashing" duration="41"/>
    <testCase name="Slider matches snapshot" duration="16"/>
  </file>
  <file path="/Users/work/Documents/retailcore-mfe-investment-management/src/__tests__/utils/handleCurrencyName.tsx">
    <testCase name="handleCurrencyName returns the currency name for a valid id" duration="47"/>
    <testCase name="handleCurrencyName returns null for an invalid id" duration="7"/>
  </file>
  <file path="/Users/work/Documents/retailcore-mfe-investment-management/src/__tests__/components/Pages/management/SummaryComponent.test.tsx">
    <testCase name="Summary should render the component without crashing" duration="565"/>
  </file>
  <file path="/Users/work/Documents/retailcore-mfe-investment-management/src/__tests__/utils/cleanObject.test.tsx">
    <testCase name="cleanObject should return an empty object when passed an empty object" duration="25"/>
    <testCase name="cleanObject should return an object with all non-null, non-undefined, and non-empty string values" duration="22"/>
    <testCase name="cleanObject should return an object with all non-null, non-undefined, and non-empty values of different types" duration="21"/>
  </file>
  <file path="/Users/work/Documents/retailcore-mfe-investment-management/src/__tests__/components/summary/IndexComponent.test.tsx">
    <testCase name="IndexComponent Renders without crashing" duration="287"/>
  </file>
  <file path="/Users/work/Documents/retailcore-mfe-investment-management/src/__tests__/components/SelectedRequirementsTable.test.tsx">
    <testCase name="SelectedRequirementsTable Renders without errors" duration="68"/>
    <testCase name="SelectedRequirementsTable Renders selected requirement list" duration="26"/>
    <testCase name="SelectedRequirementsTable Shows message when list is empty" duration="25"/>
  </file>
  <file path="/Users/work/Documents/retailcore-mfe-investment-management/src/__tests__/components/ShareButton.test.tsx">
    <testCase name="ShareButton renders without crashing" duration="210"/>
    <testCase name="ShareButton triggers the share action when clicked" duration="33"/>
  </file>
  <file path="/Users/work/Documents/retailcore-mfe-investment-management/src/__tests__/utils/downloadFile.test.tsx">
    <testCase name="downloadUsingFetch should download file" duration="114"/>
  </file>
  <file path="/Users/work/Documents/retailcore-mfe-investment-management/src/__tests__/utils/sortTabStatus.test.tsx">
    <testCase name="sortTabStatus should return the id of the status object when the category is &quot;Requests&quot; and the value matches a status object type" duration="46"/>
    <testCase name="sortTabStatus should return the id of the status object when the category is &quot;StatusTypes&quot; and the value matches a status object type" duration="5"/>
  </file>
  <file path="/Users/work/Documents/retailcore-mfe-investment-management/src/__tests__/components/AppWrapper.test.tsx">
    <testCase name="AppWrapper Component renders children within the Provider component" duration="145"/>
  </file>
  <file path="/Users/work/Documents/retailcore-mfe-investment-management/src/__tests__/MultiSelect.test.tsx">
    <testCase name="MultiSelect Renders without error" duration="65"/>
    <testCase name="MultiSelect Renders options" duration="38"/>
  </file>
  <file path="/Users/work/Documents/retailcore-mfe-investment-management/src/__tests__/App.test.tsx">
    <testCase name="Test App Component If App is rendered wihout issues" duration="74"/>
  </file>
  <file path="/Users/work/Documents/retailcore-mfe-investment-management/src/__tests__/components/ui/Icon.test.tsx">
    <testCase name="Icons should render an Icon component with the given props" duration="67"/>
  </file>
  <file path="/Users/work/Documents/retailcore-mfe-investment-management/src/__tests__/utils/removeNullFromObj.test.tsx">
    <testCase name="removeNullEmptyKeys should return an empty object when the input object is empty" duration="33"/>
    <testCase name="removeNullEmptyKeys should return the same object when it has no null, undefined, empty string, or empty array values" duration="21"/>
  </file>
  <file path="/Users/work/Documents/retailcore-mfe-investment-management/src/__tests__/ReviewStatus.test.tsx">
    <testCase name="ReviewStatus Renders without error" duration="61"/>
    <testCase name="ReviewStatus Render for rejection case" duration="20"/>
  </file>
  <file path="/Users/work/Documents/retailcore-mfe-investment-management/src/__tests__/MiniTermDepositDetail.test.tsx">
    <testCase name="MiniTermDepositDetail renders without error" duration="84"/>
    <testCase name="MiniTermDepositDetail Indicates new data" duration="23"/>
  </file>
  <file path="/Users/work/Documents/retailcore-mfe-investment-management/src/__tests__/components/BottomBarLoader.test.tsx">
    <testCase name="renders the BottomBarLoader component" duration="69"/>
  </file>
  <file path="/Users/work/Documents/retailcore-mfe-investment-management/src/__tests__/components/FormTooltip.test.tsx">
    <testCase name="FormToolTip Renders without errors" duration="78"/>
  </file>
  <file path="/Users/work/Documents/retailcore-mfe-investment-management/src/__tests__/Sterling-investment.tsx">
    <testCase name="microfrontend bootstraps the app" duration="21"/>
    <testCase name="microfrontend mounts and unmounts" duration="50"/>
  </file>
  <file path="/Users/work/Documents/retailcore-mfe-investment-management/src/__tests__/forms/InfoLabel.test.tsx">
    <testCase name="InfoLabel Renders without errors" duration="75"/>
  </file>
  <file path="/Users/work/Documents/retailcore-mfe-investment-management/src/__tests__/components/PreLoader.test.tsx">
    <testCase name="renders the PreLoader component" duration="43"/>
  </file>
  <file path="/Users/work/Documents/retailcore-mfe-investment-management/src/__tests__/components/assets/images/excel.test.tsx">
    <testCase name="ModifySvg Renders without error" duration="61"/>
  </file>
  <file path="/Users/work/Documents/retailcore-mfe-investment-management/src/__tests__/components/assets/images/ModifySvg.test.tsx">
    <testCase name="ModifySvg Renders without error" duration="48"/>
  </file>
  <file path="/Users/work/Documents/retailcore-mfe-investment-management/src/__tests__/components/assets/images/CancelSvg.test.tsx">
    <testCase name="CancelSvg Renders without error" duration="47"/>
  </file>
  <file path="/Users/work/Documents/retailcore-mfe-investment-management/src/__tests__/components/assets/images/SubmitSvg.test.tsx">
    <testCase name="SubmitSvg Renders without error" duration="42"/>
  </file>
  <file path="/Users/work/Documents/retailcore-mfe-investment-management/src/__tests__/root.component.test.tsx">
    <testCase name="Root component should be in the document" duration="38"/>
  </file>
  <file path="/Users/work/Documents/retailcore-mfe-investment-management/src/__tests__/components/assets/images/Step.test.tsx">
    <testCase name="Step Renders without error" duration="36"/>
  </file>
</testExecutions>