<?xml version="1.0" encoding="UTF-8"?>
<testExecutions version="1">
  <file path="/Users/emmanuelolagundoye/Documents/dev/sterling/retailcore-mfe-investment-management/src/__tests__/App.test.tsx">
    <testCase name="Test App Component If App is rendered wihout issues" duration="57">
      <failure message="Error: Element type is invalid: expected a string (for built-in components) or a class/function (for composite components) but got: undefined. You likely forgot to export your component from the file it&apos;s defined in, or you might have mixed up default and named imports."><![CDATA[Error: Element type is invalid: expected a string (for built-in components) or a class/function (for composite components) but got: undefined. You likely forgot to export your component from the file it's defined in, or you might have mixed up default and named imports.

Check the render method of `App`.
    at createFiberFromTypeAndProps (/Users/emmanuelolagundoye/Documents/dev/sterling/retailcore-mfe-investment-management/node_modules/react-dom/cjs/react-dom.development.js:25058:21)
    at createFiberFromElement (/Users/emmanuelolagundoye/Documents/dev/sterling/retailcore-mfe-investment-management/node_modules/react-dom/cjs/react-dom.development.js:25086:15)
    at reconcileSingleElement (/Users/emmanuelolagundoye/Documents/dev/sterling/retailcore-mfe-investment-management/node_modules/react-dom/cjs/react-dom.development.js:14052:23)
    at reconcileChildFibers (/Users/emmanuelolagundoye/Documents/dev/sterling/retailcore-mfe-investment-management/node_modules/react-dom/cjs/react-dom.development.js:14112:35)
    at reconcileChildren (/Users/emmanuelolagundoye/Documents/dev/sterling/retailcore-mfe-investment-management/node_modules/react-dom/cjs/react-dom.development.js:16990:28)
    at mountIndeterminateComponent (/Users/emmanuelolagundoye/Documents/dev/sterling/retailcore-mfe-investment-management/node_modules/react-dom/cjs/react-dom.development.js:17890:5)
    at beginWork (/Users/emmanuelolagundoye/Documents/dev/sterling/retailcore-mfe-investment-management/node_modules/react-dom/cjs/react-dom.development.js:19049:16)
    at HTMLUnknownElement.callCallback (/Users/emmanuelolagundoye/Documents/dev/sterling/retailcore-mfe-investment-management/node_modules/react-dom/cjs/react-dom.development.js:3945:14)
    at HTMLUnknownElement.callTheUserObjectsOperation (/Users/emmanuelolagundoye/Documents/dev/sterling/retailcore-mfe-investment-management/node_modules/jsdom/lib/jsdom/living/generated/EventListener.js:26:30)
    at innerInvokeEventListeners (/Users/emmanuelolagundoye/Documents/dev/sterling/retailcore-mfe-investment-management/node_modules/jsdom/lib/jsdom/living/events/EventTarget-impl.js:338:25)
    at invokeEventListeners (/Users/emmanuelolagundoye/Documents/dev/sterling/retailcore-mfe-investment-management/node_modules/jsdom/lib/jsdom/living/events/EventTarget-impl.js:274:3)
    at HTMLUnknownElementImpl._dispatch (/Users/emmanuelolagundoye/Documents/dev/sterling/retailcore-mfe-investment-management/node_modules/jsdom/lib/jsdom/living/events/EventTarget-impl.js:221:9)
    at HTMLUnknownElementImpl.dispatchEvent (/Users/emmanuelolagundoye/Documents/dev/sterling/retailcore-mfe-investment-management/node_modules/jsdom/lib/jsdom/living/events/EventTarget-impl.js:94:17)
    at HTMLUnknownElement.dispatchEvent (/Users/emmanuelolagundoye/Documents/dev/sterling/retailcore-mfe-investment-management/node_modules/jsdom/lib/jsdom/living/generated/EventTarget.js:231:34)
    at Object.invokeGuardedCallbackDev (/Users/emmanuelolagundoye/Documents/dev/sterling/retailcore-mfe-investment-management/node_modules/react-dom/cjs/react-dom.development.js:3994:16)
    at invokeGuardedCallback (/Users/emmanuelolagundoye/Documents/dev/sterling/retailcore-mfe-investment-management/node_modules/react-dom/cjs/react-dom.development.js:4056:31)
    at beginWork$1 (/Users/emmanuelolagundoye/Documents/dev/sterling/retailcore-mfe-investment-management/node_modules/react-dom/cjs/react-dom.development.js:23964:7)
    at performUnitOfWork (/Users/emmanuelolagundoye/Documents/dev/sterling/retailcore-mfe-investment-management/node_modules/react-dom/cjs/react-dom.development.js:22779:12)
    at workLoopSync (/Users/emmanuelolagundoye/Documents/dev/sterling/retailcore-mfe-investment-management/node_modules/react-dom/cjs/react-dom.development.js:22707:5)
    at renderRootSync (/Users/emmanuelolagundoye/Documents/dev/sterling/retailcore-mfe-investment-management/node_modules/react-dom/cjs/react-dom.development.js:22670:7)
    at performSyncWorkOnRoot (/Users/emmanuelolagundoye/Documents/dev/sterling/retailcore-mfe-investment-management/node_modules/react-dom/cjs/react-dom.development.js:22293:18)
    at scheduleUpdateOnFiber (/Users/emmanuelolagundoye/Documents/dev/sterling/retailcore-mfe-investment-management/node_modules/react-dom/cjs/react-dom.development.js:21881:7)
    at updateContainer (/Users/emmanuelolagundoye/Documents/dev/sterling/retailcore-mfe-investment-management/node_modules/react-dom/cjs/react-dom.development.js:25482:3)
    at /Users/emmanuelolagundoye/Documents/dev/sterling/retailcore-mfe-investment-management/node_modules/react-dom/cjs/react-dom.development.js:26021:7
    at unbatchedUpdates (/Users/emmanuelolagundoye/Documents/dev/sterling/retailcore-mfe-investment-management/node_modules/react-dom/cjs/react-dom.development.js:22431:12)
    at legacyRenderSubtreeIntoContainer (/Users/emmanuelolagundoye/Documents/dev/sterling/retailcore-mfe-investment-management/node_modules/react-dom/cjs/react-dom.development.js:26020:5)
    at Object.render (/Users/emmanuelolagundoye/Documents/dev/sterling/retailcore-mfe-investment-management/node_modules/react-dom/cjs/react-dom.development.js:26103:10)
    at /Users/emmanuelolagundoye/Documents/dev/sterling/retailcore-mfe-investment-management/node_modules/@testing-library/react/dist/pure.js:101:25
    at batchedUpdates$1 (/Users/emmanuelolagundoye/Documents/dev/sterling/retailcore-mfe-investment-management/node_modules/react-dom/cjs/react-dom.development.js:22380:12)
    at act (/Users/emmanuelolagundoye/Documents/dev/sterling/retailcore-mfe-investment-management/node_modules/react-dom/cjs/react-dom-test-utils.development.js:1042:14)
    at render (/Users/emmanuelolagundoye/Documents/dev/sterling/retailcore-mfe-investment-management/node_modules/@testing-library/react/dist/pure.js:97:26)
    at Object.<anonymous> (/Users/emmanuelolagundoye/Documents/dev/sterling/retailcore-mfe-investment-management/src/__tests__/App.test.tsx:23:35)
    at Promise.then.completed (/Users/emmanuelolagundoye/Documents/dev/sterling/retailcore-mfe-investment-management/node_modules/jest-circus/build/utils.js:391:28)
    at new Promise (<anonymous>)
    at callAsyncCircusFn (/Users/emmanuelolagundoye/Documents/dev/sterling/retailcore-mfe-investment-management/node_modules/jest-circus/build/utils.js:316:10)
    at _callCircusTest (/Users/emmanuelolagundoye/Documents/dev/sterling/retailcore-mfe-investment-management/node_modules/jest-circus/build/run.js:218:40)
    at processTicksAndRejections (node:internal/process/task_queues:95:5)
    at _runTest (/Users/emmanuelolagundoye/Documents/dev/sterling/retailcore-mfe-investment-management/node_modules/jest-circus/build/run.js:155:3)
    at _runTestsForDescribeBlock (/Users/emmanuelolagundoye/Documents/dev/sterling/retailcore-mfe-investment-management/node_modules/jest-circus/build/run.js:66:9)
    at _runTestsForDescribeBlock (/Users/emmanuelolagundoye/Documents/dev/sterling/retailcore-mfe-investment-management/node_modules/jest-circus/build/run.js:60:9)
    at run (/Users/emmanuelolagundoye/Documents/dev/sterling/retailcore-mfe-investment-management/node_modules/jest-circus/build/run.js:25:3)
    at runAndTransformResultsToJestFormat (/Users/emmanuelolagundoye/Documents/dev/sterling/retailcore-mfe-investment-management/node_modules/jest-circus/build/legacy-code-todo-rewrite/jestAdapterInit.js:170:21)
    at jestAdapter (/Users/emmanuelolagundoye/Documents/dev/sterling/retailcore-mfe-investment-management/node_modules/jest-circus/build/legacy-code-todo-rewrite/jestAdapter.js:82:19)
    at runTestInternal (/Users/emmanuelolagundoye/Documents/dev/sterling/retailcore-mfe-investment-management/node_modules/jest-runner/build/runTest.js:389:16)
    at runTest (/Users/emmanuelolagundoye/Documents/dev/sterling/retailcore-mfe-investment-management/node_modules/jest-runner/build/runTest.js:475:34)
    at Object.worker (/Users/emmanuelolagundoye/Documents/dev/sterling/retailcore-mfe-investment-management/node_modules/jest-runner/build/testWorker.js:135:12)]]></failure>
    </testCase>
  </file>
  <file path="/Users/emmanuelolagundoye/Documents/dev/sterling/retailcore-mfe-investment-management/src/__tests__/Sterling-investment.tsx">
    <testCase name="microfrontend bootstraps the app" duration="10"/>
    <testCase name="microfrontend mounts and unmounts" duration="35"/>
  </file>
  <file path="/Users/emmanuelolagundoye/Documents/dev/sterling/retailcore-mfe-investment-management/src/__tests__/pages/management/book-investment/IndexComponent.test.tsx">
    <testCase name="IndexComponent should render the component without crashing" duration="243"/>
    <testCase name="IndexComponent should display the correct title and breadcrumbs based on the investmentType parameter" duration="49"/>
    <testCase name="IndexComponent should render the correct form step based on the step state" duration="40"/>
    <testCase name="handleDraft should set isConfirmOpen to false when called" duration="4"/>
    <testCase name="handleDraft should call modifyProduct with updated form data and isDraft set to true when process is modify" duration="4"/>
    <testCase name="handleDraft should call createInvestment with form data and isDraft set to true when process is create or clone" duration="5"/>
    <testCase name="handleLinks should return the input &quot;links&quot; array unmodified when &quot;process&quot; is not &quot;restructure&quot;" duration="5"/>
    <testCase name="handleLinks should update the title of the object with id=2 to &quot;Restructure Investment&quot; when &quot;process&quot; is &quot;restructure&quot;" duration="3"/>
    <testCase name="handleLinks should return the input &quot;links&quot; array unmodified when &quot;links&quot; array does not contain an object with id=2 and &quot;process&quot; is &quot;restructure&quot;" duration="3"/>
    <testCase name="handleLinks should update the title of the first object with id=2 to &quot;Restructure Investment&quot; when &quot;process&quot; is &quot;restructure&quot; and there are multiple objects with id=2" duration="5"/>
    <testCase name="handleNav should call handleNext and increment step by 1 when current step is less than total number of steps" duration="16">
      <failure message="Error: expect(jest.fn()).toHaveBeenCalledWith(...expected)"><![CDATA[Error: expect(jest.fn()).toHaveBeenCalledWith(...expected)

Expected: 2

Number of calls: 0
    at Object.<anonymous> (/Users/emmanuelolagundoye/Documents/dev/sterling/retailcore-mfe-investment-management/src/__tests__/pages/management/book-investment/IndexComponent.test.tsx:225:23)
    at Promise.then.completed (/Users/emmanuelolagundoye/Documents/dev/sterling/retailcore-mfe-investment-management/node_modules/jest-circus/build/utils.js:391:28)
    at new Promise (<anonymous>)
    at callAsyncCircusFn (/Users/emmanuelolagundoye/Documents/dev/sterling/retailcore-mfe-investment-management/node_modules/jest-circus/build/utils.js:316:10)
    at _callCircusTest (/Users/emmanuelolagundoye/Documents/dev/sterling/retailcore-mfe-investment-management/node_modules/jest-circus/build/run.js:218:40)
    at processTicksAndRejections (node:internal/process/task_queues:95:5)
    at _runTest (/Users/emmanuelolagundoye/Documents/dev/sterling/retailcore-mfe-investment-management/node_modules/jest-circus/build/run.js:155:3)
    at _runTestsForDescribeBlock (/Users/emmanuelolagundoye/Documents/dev/sterling/retailcore-mfe-investment-management/node_modules/jest-circus/build/run.js:66:9)
    at _runTestsForDescribeBlock (/Users/emmanuelolagundoye/Documents/dev/sterling/retailcore-mfe-investment-management/node_modules/jest-circus/build/run.js:60:9)
    at run (/Users/emmanuelolagundoye/Documents/dev/sterling/retailcore-mfe-investment-management/node_modules/jest-circus/build/run.js:25:3)
    at runAndTransformResultsToJestFormat (/Users/emmanuelolagundoye/Documents/dev/sterling/retailcore-mfe-investment-management/node_modules/jest-circus/build/legacy-code-todo-rewrite/jestAdapterInit.js:170:21)
    at jestAdapter (/Users/emmanuelolagundoye/Documents/dev/sterling/retailcore-mfe-investment-management/node_modules/jest-circus/build/legacy-code-todo-rewrite/jestAdapter.js:82:19)
    at runTestInternal (/Users/emmanuelolagundoye/Documents/dev/sterling/retailcore-mfe-investment-management/node_modules/jest-runner/build/runTest.js:389:16)
    at runTest (/Users/emmanuelolagundoye/Documents/dev/sterling/retailcore-mfe-investment-management/node_modules/jest-runner/build/runTest.js:475:34)
    at Object.worker (/Users/emmanuelolagundoye/Documents/dev/sterling/retailcore-mfe-investment-management/node_modules/jest-runner/build/testWorker.js:135:12)]]></failure>
    </testCase>
    <testCase name="handleNav should navigate to summary page when current step is equal to total number of steps" duration="7">
      <failure message="Error: expect(jest.fn()).toHaveBeenCalledWith(...expected)"><![CDATA[Error: expect(jest.fn()).toHaveBeenCalledWith(...expected)

Expected: "/investment-management/continue/type?stage=summary&id=1234"

Number of calls: 0
    at Object.<anonymous> (/Users/emmanuelolagundoye/Documents/dev/sterling/retailcore-mfe-investment-management/src/__tests__/pages/management/book-investment/IndexComponent.test.tsx:241:24)
    at Promise.then.completed (/Users/emmanuelolagundoye/Documents/dev/sterling/retailcore-mfe-investment-management/node_modules/jest-circus/build/utils.js:391:28)
    at new Promise (<anonymous>)
    at callAsyncCircusFn (/Users/emmanuelolagundoye/Documents/dev/sterling/retailcore-mfe-investment-management/node_modules/jest-circus/build/utils.js:316:10)
    at _callCircusTest (/Users/emmanuelolagundoye/Documents/dev/sterling/retailcore-mfe-investment-management/node_modules/jest-circus/build/run.js:218:40)
    at processTicksAndRejections (node:internal/process/task_queues:95:5)
    at _runTest (/Users/emmanuelolagundoye/Documents/dev/sterling/retailcore-mfe-investment-management/node_modules/jest-circus/build/run.js:155:3)
    at _runTestsForDescribeBlock (/Users/emmanuelolagundoye/Documents/dev/sterling/retailcore-mfe-investment-management/node_modules/jest-circus/build/run.js:66:9)
    at _runTestsForDescribeBlock (/Users/emmanuelolagundoye/Documents/dev/sterling/retailcore-mfe-investment-management/node_modules/jest-circus/build/run.js:60:9)
    at run (/Users/emmanuelolagundoye/Documents/dev/sterling/retailcore-mfe-investment-management/node_modules/jest-circus/build/run.js:25:3)
    at runAndTransformResultsToJestFormat (/Users/emmanuelolagundoye/Documents/dev/sterling/retailcore-mfe-investment-management/node_modules/jest-circus/build/legacy-code-todo-rewrite/jestAdapterInit.js:170:21)
    at jestAdapter (/Users/emmanuelolagundoye/Documents/dev/sterling/retailcore-mfe-investment-management/node_modules/jest-circus/build/legacy-code-todo-rewrite/jestAdapter.js:82:19)
    at runTestInternal (/Users/emmanuelolagundoye/Documents/dev/sterling/retailcore-mfe-investment-management/node_modules/jest-runner/build/runTest.js:389:16)
    at runTest (/Users/emmanuelolagundoye/Documents/dev/sterling/retailcore-mfe-investment-management/node_modules/jest-runner/build/runTest.js:475:34)
    at Object.worker (/Users/emmanuelolagundoye/Documents/dev/sterling/retailcore-mfe-investment-management/node_modules/jest-runner/build/testWorker.js:135:12)]]></failure>
    </testCase>
    <testCase name="handleNav should throw an error when setStep parameter is not a function" duration="2">
      <failure message="Error: expect(received).toThrowError()"><![CDATA[Error: expect(received).toThrowError()

Received function did not throw
    at Object.<anonymous> (/Users/emmanuelolagundoye/Documents/dev/sterling/retailcore-mfe-investment-management/src/__tests__/pages/management/book-investment/IndexComponent.test.tsx:252:85)
    at Promise.then.completed (/Users/emmanuelolagundoye/Documents/dev/sterling/retailcore-mfe-investment-management/node_modules/jest-circus/build/utils.js:391:28)
    at new Promise (<anonymous>)
    at callAsyncCircusFn (/Users/emmanuelolagundoye/Documents/dev/sterling/retailcore-mfe-investment-management/node_modules/jest-circus/build/utils.js:316:10)
    at _callCircusTest (/Users/emmanuelolagundoye/Documents/dev/sterling/retailcore-mfe-investment-management/node_modules/jest-circus/build/run.js:218:40)
    at processTicksAndRejections (node:internal/process/task_queues:95:5)
    at _runTest (/Users/emmanuelolagundoye/Documents/dev/sterling/retailcore-mfe-investment-management/node_modules/jest-circus/build/run.js:155:3)
    at _runTestsForDescribeBlock (/Users/emmanuelolagundoye/Documents/dev/sterling/retailcore-mfe-investment-management/node_modules/jest-circus/build/run.js:66:9)
    at _runTestsForDescribeBlock (/Users/emmanuelolagundoye/Documents/dev/sterling/retailcore-mfe-investment-management/node_modules/jest-circus/build/run.js:60:9)
    at run (/Users/emmanuelolagundoye/Documents/dev/sterling/retailcore-mfe-investment-management/node_modules/jest-circus/build/run.js:25:3)
    at runAndTransformResultsToJestFormat (/Users/emmanuelolagundoye/Documents/dev/sterling/retailcore-mfe-investment-management/node_modules/jest-circus/build/legacy-code-todo-rewrite/jestAdapterInit.js:170:21)
    at jestAdapter (/Users/emmanuelolagundoye/Documents/dev/sterling/retailcore-mfe-investment-management/node_modules/jest-circus/build/legacy-code-todo-rewrite/jestAdapter.js:82:19)
    at runTestInternal (/Users/emmanuelolagundoye/Documents/dev/sterling/retailcore-mfe-investment-management/node_modules/jest-runner/build/runTest.js:389:16)
    at runTest (/Users/emmanuelolagundoye/Documents/dev/sterling/retailcore-mfe-investment-management/node_modules/jest-runner/build/runTest.js:475:34)
    at Object.worker (/Users/emmanuelolagundoye/Documents/dev/sterling/retailcore-mfe-investment-management/node_modules/jest-runner/build/testWorker.js:135:12)]]></failure>
    </testCase>
  </file>
  <file path="/Users/emmanuelolagundoye/Documents/dev/sterling/retailcore-mfe-investment-management/src/__tests__/components/summary/IndexComponent.test.tsx">
    <testCase name="IndexComponent Renders without crashing" duration="394"/>
  </file>
  <file path="/Users/emmanuelolagundoye/Documents/dev/sterling/retailcore-mfe-investment-management/src/__tests__/pages/investment/term-deposit/create-term-deposit/IndexComponent.test.tsx">
    <testCase name="IndexComponent Show modal when clicking save to Draft" duration="435"/>
    <testCase name="IndexComponent Shows disabled button when form is not valid" duration="273"/>
    <testCase name="IndexComponent Should not have disabled button when fom is valid" duration="155"/>
    <testCase name="FormComponeent Should render if step === 1" duration="92"/>
    <testCase name="FormComponeent Should render if step === 2" duration="511"/>
    <testCase name="FormComponeent Should render if step === 3" duration="599">
      <failure message="Error: expect([107mreceived).toMatchSnapshot()"><![CDATA[Error: expect([107mreceived).toMatchSnapshot()

Snapshot name: `FormComponeent Should render if step === 3 1`

[103m- Snapshot  - 8
[107m+ Received  + 8

@@ -147,11 +147,11 @@
                          hidden=""
                          name="applicableTenorMinUnit[text]"
                          readonly=""
                          style="position: fixed; top: 1px; left: 1px; width: 1px; height: 0px; padding: 0px; margin: -1px; overflow: hidden; clip: rect(0px, 0px, 0px, 0px); white-space: nowrap; border-width: 0px; display: none;"
                          type="hidden"
[103m-                         value="Day(s)"
[107m+                         value="Days"
                        />
                        <input
                          hidden=""
                          name="applicableTenorMinUnit[value]"
                          readonly=""
@@ -180,11 +180,11 @@
                            type="button"
                          >
                            <span
                              class="block truncate"
                            >
[103m-                             Day(s)
[107m+                             Days
                            </span>
                            <span
                              class="pointer-events-none absolute inset-y-0 right-0 flex items-center pr-2 text-xs"
                            >
                              <svg
@@ -270,11 +270,11 @@
                          hidden=""
                          name="applicableTenorMaxUnit[text]"
                          readonly=""
                          style="position: fixed; top: 1px; left: 1px; width: 1px; height: 0px; padding: 0px; margin: -1px; overflow: hidden; clip: rect(0px, 0px, 0px, 0px); white-space: nowrap; border-width: 0px; display: none;"
                          type="hidden"
[103m-                         value="Day(s)"
[107m+                         value="Days"
                        />
                        <input
                          hidden=""
                          name="applicableTenorMaxUnit[value]"
                          readonly=""
@@ -303,11 +303,11 @@
                            type="button"
                          >
                            <span
                              class="block truncate"
                            >
[103m-                             Day(s)
[107m+                             Days
                            </span>
                            <span
                              class="pointer-events-none absolute inset-y-0 right-0 flex items-center pr-2 text-xs"
                            >
                              <svg
@@ -946,11 +946,11 @@
                        hidden=""
                        name="applicableTenorMinUnit[text]"
                        readonly=""
                        style="position: fixed; top: 1px; left: 1px; width: 1px; height: 0px; padding: 0px; margin: -1px; overflow: hidden; clip: rect(0px, 0px, 0px, 0px); white-space: nowrap; border-width: 0px; display: none;"
                        type="hidden"
[103m-                       value="Day(s)"
[107m+                       value="Days"
                      />
                      <input
                        hidden=""
                        name="applicableTenorMinUnit[value]"
                        readonly=""
@@ -979,11 +979,11 @@
                          type="button"
                        >
                          <span
                            class="block truncate"
                          >
[103m-                           Day(s)
[107m+                           Days
                          </span>
                          <span
                            class="pointer-events-none absolute inset-y-0 right-0 flex items-center pr-2 text-xs"
                          >
                            <svg
@@ -1069,11 +1069,11 @@
                        hidden=""
                        name="applicableTenorMaxUnit[text]"
                        readonly=""
                        style="position: fixed; top: 1px; left: 1px; width: 1px; height: 0px; padding: 0px; margin: -1px; overflow: hidden; clip: rect(0px, 0px, 0px, 0px); white-space: nowrap; border-width: 0px; display: none;"
                        type="hidden"
[103m-                       value="Day(s)"
[107m+                       value="Days"
                      />
                      <input
                        hidden=""
                        name="applicableTenorMaxUnit[value]"
                        readonly=""
@@ -1102,11 +1102,11 @@
                          type="button"
                        >
                          <span
                            class="block truncate"
                          >
[103m-                           Day(s)
[107m+                           Days
                          </span>
                          <span
                            class="pointer-events-none absolute inset-y-0 right-0 flex items-center pr-2 text-xs"
                          >
                            <svg
    at Object.<anonymous> (/Users/emmanuelolagundoye/Documents/dev/sterling/retailcore-mfe-investment-management/src/__tests__/pages/investment/term-deposit/create-term-deposit/IndexComponent.test.tsx:320:18)
    at Promise.then.completed (/Users/emmanuelolagundoye/Documents/dev/sterling/retailcore-mfe-investment-management/node_modules/jest-circus/build/utils.js:391:28)
    at new Promise (<anonymous>)
    at callAsyncCircusFn (/Users/emmanuelolagundoye/Documents/dev/sterling/retailcore-mfe-investment-management/node_modules/jest-circus/build/utils.js:316:10)
    at _callCircusTest (/Users/emmanuelolagundoye/Documents/dev/sterling/retailcore-mfe-investment-management/node_modules/jest-circus/build/run.js:218:40)
    at _runTest (/Users/emmanuelolagundoye/Documents/dev/sterling/retailcore-mfe-investment-management/node_modules/jest-circus/build/run.js:155:3)
    at _runTestsForDescribeBlock (/Users/emmanuelolagundoye/Documents/dev/sterling/retailcore-mfe-investment-management/node_modules/jest-circus/build/run.js:66:9)
    at _runTestsForDescribeBlock (/Users/emmanuelolagundoye/Documents/dev/sterling/retailcore-mfe-investment-management/node_modules/jest-circus/build/run.js:60:9)
    at run (/Users/emmanuelolagundoye/Documents/dev/sterling/retailcore-mfe-investment-management/node_modules/jest-circus/build/run.js:25:3)
    at runAndTransformResultsToJestFormat (/Users/emmanuelolagundoye/Documents/dev/sterling/retailcore-mfe-investment-management/node_modules/jest-circus/build/legacy-code-todo-rewrite/jestAdapterInit.js:170:21)
    at jestAdapter (/Users/emmanuelolagundoye/Documents/dev/sterling/retailcore-mfe-investment-management/node_modules/jest-circus/build/legacy-code-todo-rewrite/jestAdapter.js:82:19)
    at runTestInternal (/Users/emmanuelolagundoye/Documents/dev/sterling/retailcore-mfe-investment-management/node_modules/jest-runner/build/runTest.js:389:16)
    at runTest (/Users/emmanuelolagundoye/Documents/dev/sterling/retailcore-mfe-investment-management/node_modules/jest-runner/build/runTest.js:475:34)
    at Object.worker (/Users/emmanuelolagundoye/Documents/dev/sterling/retailcore-mfe-investment-management/node_modules/jest-runner/build/testWorker.js:135:12)]]></failure>
    </testCase>
    <testCase name="FormComponeent Should render if step === 4" duration="385">
      <failure message="Error: expect([107mreceived).toMatchSnapshot()"><![CDATA[Error: expect([107mreceived).toMatchSnapshot()

Snapshot name: `FormComponeent Should render if step === 4 1`

[103m- Snapshot  - 4
[107m+ Received  + 4

@@ -240,11 +240,11 @@
                                  hidden=""
                                  name="part_NoticePeriodUnit[text]"
                                  readonly=""
                                  style="position: fixed; top: 1px; left: 1px; width: 1px; height: 0px; padding: 0px; margin: -1px; overflow: hidden; clip: rect(0px, 0px, 0px, 0px); white-space: nowrap; border-width: 0px; display: none;"
                                  type="hidden"
[103m-                                 value="Day(s)"
[107m+                                 value="Days"
                                />
                                <input
                                  hidden=""
                                  name="part_NoticePeriodUnit[value]"
                                  readonly=""
@@ -274,11 +274,11 @@
                                    type="button"
                                  >
                                    <span
                                      class="block truncate"
                                    >
[103m-                                     Day(s)
[107m+                                     Days
                                    </span>
                                    <span
                                      class="pointer-events-none absolute inset-y-0 right-0 flex items-center pr-2 text-xs"
                                    >
                                      <svg
@@ -718,11 +718,11 @@
                                hidden=""
                                name="part_NoticePeriodUnit[text]"
                                readonly=""
                                style="position: fixed; top: 1px; left: 1px; width: 1px; height: 0px; padding: 0px; margin: -1px; overflow: hidden; clip: rect(0px, 0px, 0px, 0px); white-space: nowrap; border-width: 0px; display: none;"
                                type="hidden"
[103m-                               value="Day(s)"
[107m+                               value="Days"
                              />
                              <input
                                hidden=""
                                name="part_NoticePeriodUnit[value]"
                                readonly=""
@@ -752,11 +752,11 @@
                                  type="button"
                                >
                                  <span
                                    class="block truncate"
                                  >
[103m-                                   Day(s)
[107m+                                   Days
                                  </span>
                                  <span
                                    class="pointer-events-none absolute inset-y-0 right-0 flex items-center pr-2 text-xs"
                                  >
                                    <svg
    at Object.<anonymous> (/Users/emmanuelolagundoye/Documents/dev/sterling/retailcore-mfe-investment-management/src/__tests__/pages/investment/term-deposit/create-term-deposit/IndexComponent.test.tsx:326:18)
    at Promise.then.completed (/Users/emmanuelolagundoye/Documents/dev/sterling/retailcore-mfe-investment-management/node_modules/jest-circus/build/utils.js:391:28)
    at new Promise (<anonymous>)
    at callAsyncCircusFn (/Users/emmanuelolagundoye/Documents/dev/sterling/retailcore-mfe-investment-management/node_modules/jest-circus/build/utils.js:316:10)
    at _callCircusTest (/Users/emmanuelolagundoye/Documents/dev/sterling/retailcore-mfe-investment-management/node_modules/jest-circus/build/run.js:218:40)
    at _runTest (/Users/emmanuelolagundoye/Documents/dev/sterling/retailcore-mfe-investment-management/node_modules/jest-circus/build/run.js:155:3)
    at _runTestsForDescribeBlock (/Users/emmanuelolagundoye/Documents/dev/sterling/retailcore-mfe-investment-management/node_modules/jest-circus/build/run.js:66:9)
    at _runTestsForDescribeBlock (/Users/emmanuelolagundoye/Documents/dev/sterling/retailcore-mfe-investment-management/node_modules/jest-circus/build/run.js:60:9)
    at run (/Users/emmanuelolagundoye/Documents/dev/sterling/retailcore-mfe-investment-management/node_modules/jest-circus/build/run.js:25:3)
    at runAndTransformResultsToJestFormat (/Users/emmanuelolagundoye/Documents/dev/sterling/retailcore-mfe-investment-management/node_modules/jest-circus/build/legacy-code-todo-rewrite/jestAdapterInit.js:170:21)
    at jestAdapter (/Users/emmanuelolagundoye/Documents/dev/sterling/retailcore-mfe-investment-management/node_modules/jest-circus/build/legacy-code-todo-rewrite/jestAdapter.js:82:19)
    at runTestInternal (/Users/emmanuelolagundoye/Documents/dev/sterling/retailcore-mfe-investment-management/node_modules/jest-runner/build/runTest.js:389:16)
    at runTest (/Users/emmanuelolagundoye/Documents/dev/sterling/retailcore-mfe-investment-management/node_modules/jest-runner/build/runTest.js:475:34)
    at Object.worker (/Users/emmanuelolagundoye/Documents/dev/sterling/retailcore-mfe-investment-management/node_modules/jest-runner/build/testWorker.js:135:12)]]></failure>
    </testCase>
    <testCase name="FormComponeent Should render if step === 5" duration="1463">
      <failure message="Error: expect([107mreceived).toMatchSnapshot()"><![CDATA[Error: expect([107mreceived).toMatchSnapshot()

Snapshot name: `FormComponeent Should render if step === 5 1`

[103m- Snapshot  - 572
[107m+ Received  + 116

@@ -1,24 +1,26 @@
  Object {
    "asFragment": [Function],
    "baseElement": <body>
      <div>
        <form
[103m-         data-testid="entriesandevents"
[103m-         id="entriesandevents"
[107m+         class="grid gap-y-8"
[107m+         data-testid="submit-button"
[107m+         id="productmapping"
        >
          <div>
            <div
              class="bg-[#fff] border border-[#E6E9ED] rounded-[6px]"
              style="box-shadow: 0px 0px 1px 0px rgba(26, 32, 36, 0.32), 0px 1px 2px 0px rgba(91, 104, 113, 0.32);"
            >
              <div
                class="border-b border-[#E6E9ED] flex justify-between items-center px-6 py-[14px]"
              >
                <span
[103m-                 class="text-[18px] flex  gap-[1px] text-[#636363] font-semibold"
[107m+                 class="text-[18px] flex  gap-[1px] text-[#636363] font-semibold flex-row items-center"
                >
[107m+                 <span />
                  Product to GL Mapping 
                  <div>
                    <svg
                      data-testid="red-dot"
                      fill="none"
@@ -40,318 +42,90 @@
                  class="font-normal text-sm text-danger-500 italic underline"
                >
                  Clear all entries
                </span>
              </div>
[107m+           </div>
[107m+         </div>
[107m+         <div>
[107m+           <div
[107m+             class="bg-[#fff] border border-[#E6E9ED] rounded-[6px]"
[107m+             style="box-shadow: 0px 0px 1px 0px rgba(26, 32, 36, 0.32), 0px 1px 2px 0px rgba(91, 104, 113, 0.32);"
[107m+           >
              <div
[103m-               class="flex flex-col gap-4 px-[30px] py-5"
[107m+               class="border-b border-[#E6E9ED] flex justify-between items-center px-6 py-[14px]"
              >
[103m-               <div
[103m-                 class="flex flex-col items-start gap-y-5"
[107m+               <span
[107m+                 class="text-[18px] flex  gap-[1px] text-[#636363] font-semibold flex-row items-center"
                >
[103m-                 <div>
[103m-                   <div
[103m-                     class="flex gap-x-[50px] items-center "
[103m-                   >
[103m-                     <div
[103m-                       class="w-[300px]"
[103m-                     >
[103m-                       <span
[103m-                         class="flex items-start gap-x-[1px] text-[#636363] text-base font-medium mb-1"
[103m-                         data-testid="input-div"
[103m-                       >
[103m-                         Term Deposit Liability account
[103m-                          
[103m-                         <div>
[103m-                           <svg
[103m-                             data-testid="red-dot"
[103m-                             fill="none"
[103m-                             height="5"
[103m-                             viewBox="0 0 5 5"
[103m-                             width="5"
[103m-                             xmlns="http://www.w3.org/2000/svg"
[103m-                           >
[103m-                             <circle
[103m-                               cx="2.5"
[103m-                               cy="2.5"
[103m-                               fill="#CF2A2A"
[103m-                               r="2.5"
[103m-                             />
[103m-                           </svg>
[103m-                         </div>
[103m-                       </span>
[103m-                       <span
[103m-                         class="flex items-start gap-x-[1px] text-[#AAAAAA] text-sm font-normal"
[103m-                       />
[103m-                     </div>
[103m-                     <div>
[103m-                       <div
[103m-                         class="mb-[2px]"
[103m-                       >
[103m-                         <div>
[103m-                           <div
[103m-                             class="w-[360px] relative"
[103m-                           >
[103m-                             <div
[103m-                               class=" "
[103m-                             >
[103m-                               <div>
[103m-                                 <div
[103m-                                   class="w-full"
[103m-                                   data-testid="gli"
[103m-                                 >
[103m-                                   <div
[103m-                                     class="relative bg-[#fff] w-full"
[103m-                                   >
[103m-                                     <div
[103m-                                       class="flex items-center  border-b border-[#8F8F8F]"
[103m-                                       data-testid="open-button"
[103m-                                     >
[103m-                                       <span
[103m-                                         class="w-8 h-8 flex items-center justify-center"
[103m-                                       >
[103m-                                         <svg
[103m-                                           class="text-[#48535B] text-lg"
[103m-                                           fill="currentColor"
[103m-                                           height="1em"
[103m-                                           stroke="currentColor"
[103m-                                           stroke-width="0"
[103m-                                           viewBox="0 0 512 512"
[103m-                                           width="1em"
[103m-                                           xmlns="http://www.w3.org/2000/svg"
[103m-                                         >
[103m-                                           <path
[103m-                                             d="M505 442.7L405.3 343c-4.5-4.5-10.6-7-17-7H372c27.6-35.3 44-79.7 44-128C416 93.1 322.9 0 208 0S0 93.1 0 208s93.1 208 208 208c48.3 0 92.7-16.4 128-44v16.3c0 6.4 2.5 12.5 7 17l99.7 99.7c9.4 9.4 24.6 9.4 33.9 0l28.3-28.3c9.4-9.4 9.4-24.6.1-34zM208 336c-70.7 0-128-57.2-128-128 0-70.7 57.2-128 128-128 70.7 0 128 57.2 128 128 0 70.7-57.2 128-128 128z"
[103m-                                           />
[103m-                                         </svg>
[103m-                                       </span>
[103m-                                        
[103m-                                       <input
[103m-                                         class="w-full  ring-0 outline-none bg-transparent"
[103m-                                         data-testid="gli-input"
[103m-                                         value="Test asset primum ledger 100"
[103m-                                       />
[103m-                                     </div>
[103m-                                   </div>
[103m-                                 </div>
[103m-                               </div>
[103m-                             </div>
[103m-                           </div>
[103m-                         </div>
[103m-                       </div>
[103m-                     </div>
[103m-                   </div>
[103m-                 </div>
[103m-                 <div>
[103m-                   <div
[103m-                     class="flex gap-x-[50px] items-center "
[103m-                   >
[103m-                     <div
[103m-                       class="w-[300px]"
[103m-                     >
[103m-                       <span
[103m-                         class="flex items-start gap-x-[1px] text-[#636363] text-base font-medium mb-1"
[103m-                         data-testid="input-div"
[103m-                       >
[103m-                         Interest accural account
[103m-                          
[103m-                         <div>
[103m-                           <svg
[103m-                             data-testid="red-dot"
[103m-                             fill="none"
[103m-                             height="5"
[103m-                             viewBox="0 0 5 5"
[103m-                             width="5"
[103m-                             xmlns="http://www.w3.org/2000/svg"
[103m-                           >
[103m-                             <circle
[103m-                               cx="2.5"
[103m-                               cy="2.5"
[103m-                               fill="#CF2A2A"
[103m-                               r="2.5"
[103m-                             />
[103m-                           </svg>
[103m-                         </div>
[103m-                       </span>
[103m-                       <span
[103m-                         class="flex items-start gap-x-[1px] text-[#AAAAAA] text-sm font-normal"
[103m-                       />
[103m-                     </div>
[103m-                     <div>
[103m-                       <div
[103m-                         class="mb-[2px]"
[103m-                       >
[103m-                         <div>
[103m-                           <div
[103m-                             class="w-[360px] relative"
[103m-                           >
[103m-                             <div
[103m-                               class=" "
[103m-                             >
[103m-                               <div>
[103m-                                 <div
[103m-                                   class="w-full"
[103m-                                   data-testid="gli"
[103m-                                 >
[103m-                                   <div
[103m-                                     class="relative bg-[#fff] w-full"
[103m-                                   >
[103m-                                     <div
[103m-                                       class="flex items-center  border-b border-[#8F8F8F]"
[103m-                                       data-testid="open-button"
[103m-                                     >
[103m-                                       <span
[103m-                                         class="w-8 h-8 flex items-center justify-center"
[103m-                                       >
[103m-                                         <svg
[103m-                                           class="text-[#48535B] text-lg"
[103m-                                           fill="currentColor"
[103m-                                           height="1em"
[103m-                                           stroke="currentColor"
[103m-                                           stroke-width="0"
[103m-                                           viewBox="0 0 512 512"
[103m-                                           width="1em"
[103m-                                           xmlns="http://www.w3.org/2000/svg"
[103m-                                         >
[103m-                                           <path
[103m-                                             d="M505 442.7L405.3 343c-4.5-4.5-10.6-7-17-7H372c27.6-35.3 44-79.7 44-128C416 93.1 322.9 0 208 0S0 93.1 0 208s93.1 208 208 208c48.3 0 92.7-16.4 128-44v16.3c0 6.4 2.5 12.5 7 17l99.7 99.7c9.4 9.4 24.6 9.4 33.9 0l28.3-28.3c9.4-9.4 9.4-24.6.1-34zM208 336c-70.7 0-128-57.2-128-128 0-70.7 57.2-128 128-128 70.7 0 128 57.2 128 128 0 70.7-57.2 128-128 128z"
[103m-                                           />
[103m-                                         </svg>
[103m-                                       </span>
[103m-                                        
[103m-                                       <input
[103m-                                         class="w-full  ring-0 outline-none bg-transparent"
[103m-                                         data-testid="gli-input"
[103m-                                         value="Test asset primum ledger 21"
[103m-                                       />
[103m-                                     </div>
[103m-                                   </div>
[103m-                                 </div>
[103m-                               </div>
[103m-                             </div>
[103m-                           </div>
[103m-                         </div>
[103m-                       </div>
[103m-                     </div>
[103m-                   </div>
[103m-                 </div>
[103m-                 <div>
[103m-                   <div
[103m-                     class="flex gap-x-[50px] items-center "
[103m-                   >
[103m-                     <div
[103m-                       class="w-[300px]"
[103m-                     >
[103m-                       <span
[103m-                         class="flex items-start gap-x-[1px] text-[#636363] text-base font-medium mb-1"
[103m-                         data-testid="input-div"
[103m-                       >
[103m-                         Interest expense account
[103m-                          
[103m-                         <div>
[103m-                           <svg
[103m-                             data-testid="red-dot"
[103m-                             fill="none"
[103m-                             height="5"
[103m-                             viewBox="0 0 5 5"
[103m-                             width="5"
[103m-                             xmlns="http://www.w3.org/2000/svg"
[103m-                           >
[103m-                             <circle
[103m-                               cx="2.5"
[103m-                               cy="2.5"
[103m-                               fill="#CF2A2A"
[103m-                               r="2.5"
[103m-                             />
[103m-                           </svg>
[103m-                         </div>
[103m-                       </span>
[103m-                       <span
[103m-                         class="flex items-start gap-x-[1px] text-[#AAAAAA] text-sm font-normal"
[103m-                       />
[103m-                     </div>
[103m-                     <div>
[103m-                       <div
[103m-                         class="mb-[2px]"
[103m-                       >
[103m-                         <div>
[103m-                           <div
[103m-                             class="w-[360px] relative"
[103m-                           >
[103m-                             <div
[103m-                               class=" "
[103m-                             >
[103m-                               <div>
[103m-                                 <div
[103m-                                   class="w-full"
[103m-                                   data-testid="gli"
[103m-                                 >
[103m-                                   <div
[103m-                                     class="relative bg-[#fff] w-full"
[103m-                                   >
[103m-                                     <div
[103m-                                       class="flex items-center  border-b border-[#8F8F8F]"
[103m-                                       data-testid="open-button"
[103m-                                     >
[103m-                                       <span
[103m-                                         class="w-8 h-8 flex items-center justify-center"
[103m-                                       >
[103m-                                         <svg
[103m-                                           class="text-[#48535B] text-lg"
[103m-                                           fill="currentColor"
[103m-                                           height="1em"
[103m-                                           stroke="currentColor"
[103m-                                           stroke-width="0"
[103m-                                           viewBox="0 0 512 512"
[103m-                                           width="1em"
[103m-                                           xmlns="http://www.w3.org/2000/svg"
[103m-                                         >
[103m-                                           <path
[103m-                                             d="M505 442.7L405.3 343c-4.5-4.5-10.6-7-17-7H372c27.6-35.3 44-79.7 44-128C416 93.1 322.9 0 208 0S0 93.1 0 208s93.1 208 208 208c48.3 0 92.7-16.4 128-44v16.3c0 6.4 2.5 12.5 7 17l99.7 99.7c9.4 9.4 24.6 9.4 33.9 0l28.3-28.3c9.4-9.4 9.4-24.6.1-34zM208 336c-70.7 0-128-57.2-128-128 0-70.7 57.2-128 128-128 70.7 0 128 57.2 128 128 0 70.7-57.2 128-128 128z"
[103m-                                           />
[103m-                                         </svg>
[103m-                                       </span>
[103m-                                        
[103m-                                       <input
[103m-                                         class="w-full  ring-0 outline-none bg-transparent"
[103m-                                         data-testid="gli-input"
[103m-                                         value="Test asset primum ledger 11"
[103m-                                       />
[103m-                                     </div>
[103m-                                   </div>
[103m-                                 </div>
[103m-                               </div>
[103m-                             </div>
[103m-                           </div>
[103m-                         </div>
[103m-                       </div>
[103m-                     </div>
[103m-                   </div>
[103m-                 </div>
[103m-               </div>
[107m+                 <span />
[107m+                 Principal Deposit
[107m+                  Charges & Taxes
[107m+               </span>
[107m+             </div>
[107m+           </div>
[107m+           <div />
[107m+         </div>
[107m+         <div>
[107m+           <div
[107m+             class="bg-[#fff] border border-[#E6E9ED] rounded-[6px]"
[107m+             style="box-shadow: 0px 0px 1px 0px rgba(26, 32, 36, 0.32), 0px 1px 2px 0px rgba(91, 104, 113, 0.32);"
[107m+           >
[107m+             <div
[107m+               class="border-b border-[#E6E9ED] flex justify-between items-center px-6 py-[14px]"
[107m+             >
[107m+               <span
[107m+                 class="text-[18px] flex  gap-[1px] text-[#636363] font-semibold flex-row items-center"
[107m+               >
[107m+                 <span />
[107m+                 Part Liquidation
[107m+                  Charges & Taxes
[107m+               </span>
[107m+             </div>
[107m+           </div>
[107m+           <div />
[107m+         </div>
[107m+         <div>
[107m+           <div
[107m+             class="bg-[#fff] border border-[#E6E9ED] rounded-[6px]"
[107m+             style="box-shadow: 0px 0px 1px 0px rgba(26, 32, 36, 0.32), 0px 1px 2px 0px rgba(91, 104, 113, 0.32);"
[107m+           >
[107m+             <div
[107m+               class="border-b border-[#E6E9ED] flex justify-between items-center px-6 py-[14px]"
[107m+             >
[107m+               <span
[107m+                 class="text-[18px] flex  gap-[1px] text-[#636363] font-semibold flex-row items-center"
[107m+               >
[107m+                 <span />
[107m+                 Maturity Liquidation
[107m+                  Charges & Taxes
[107m+               </span>
              </div>
            </div>
[107m+           <div />
          </div>
        </form>
      </div>
    </body>,
    "container": <div>
      <form
[103m-       data-testid="entriesandevents"
[103m-       id="entriesandevents"
[107m+       class="grid gap-y-8"
[107m+       data-testid="submit-button"
[107m+       id="productmapping"
      >
        <div>
          <div
            class="bg-[#fff] border border-[#E6E9ED] rounded-[6px]"
            style="box-shadow: 0px 0px 1px 0px rgba(26, 32, 36, 0.32), 0px 1px 2px 0px rgba(91, 104, 113, 0.32);"
          >
            <div
              class="border-b border-[#E6E9ED] flex justify-between items-center px-6 py-[14px]"
            >
              <span
[103m-               class="text-[18px] flex  gap-[1px] text-[#636363] font-semibold"
[107m+               class="text-[18px] flex  gap-[1px] text-[#636363] font-semibold flex-row items-center"
              >
[107m+               <span />
                Product to GL Mapping 
                <div>
                  <svg
                    data-testid="red-dot"
                    fill="none"
@@ -373,298 +147,68 @@
                class="font-normal text-sm text-danger-500 italic underline"
              >
                Clear all entries
              </span>
            </div>
[107m+         </div>
[107m+       </div>
[107m+       <div>
[107m+         <div
[107m+           class="bg-[#fff] border border-[#E6E9ED] rounded-[6px]"
[107m+           style="box-shadow: 0px 0px 1px 0px rgba(26, 32, 36, 0.32), 0px 1px 2px 0px rgba(91, 104, 113, 0.32);"
[107m+         >
            <div
[103m-             class="flex flex-col gap-4 px-[30px] py-5"
[107m+             class="border-b border-[#E6E9ED] flex justify-between items-center px-6 py-[14px]"
            >
[103m-             <div
[103m-               class="flex flex-col items-start gap-y-5"
[107m+             <span
[107m+               class="text-[18px] flex  gap-[1px] text-[#636363] font-semibold flex-row items-center"
              >
[103m-               <div>
[103m-                 <div
[103m-                   class="flex gap-x-[50px] items-center "
[103m-                 >
[103m-                   <div
[103m-                     class="w-[300px]"
[103m-                   >
[103m-                     <span
[103m-                       class="flex items-start gap-x-[1px] text-[#636363] text-base font-medium mb-1"
[103m-                       data-testid="input-div"
[103m-                     >
[103m-                       Term Deposit Liability account
[103m-                        
[103m-                       <div>
[103m-                         <svg
[103m-                           data-testid="red-dot"
[103m-                           fill="none"
[103m-                           height="5"
[103m-                           viewBox="0 0 5 5"
[103m-                           width="5"
[103m-                           xmlns="http://www.w3.org/2000/svg"
[103m-                         >
[103m-                           <circle
[103m-                             cx="2.5"
[103m-                             cy="2.5"
[103m-                             fill="#CF2A2A"
[103m-                             r="2.5"
[103m-                           />
[103m-                         </svg>
[103m-                       </div>
[103m-                     </span>
[103m-                     <span
[103m-                       class="flex items-start gap-x-[1px] text-[#AAAAAA] text-sm font-normal"
[103m-                     />
[103m-                   </div>
[103m-                   <div>
[103m-                     <div
[103m-                       class="mb-[2px]"
[103m-                     >
[103m-                       <div>
[103m-                         <div
[103m-                           class="w-[360px] relative"
[103m-                         >
[103m-                           <div
[103m-                             class=" "
[103m-                           >
[103m-                             <div>
[103m-                               <div
[103m-                                 class="w-full"
[103m-                                 data-testid="gli"
[103m-                               >
[103m-                                 <div
[103m-                                   class="relative bg-[#fff] w-full"
[103m-                                 >
[103m-                                   <div
[103m-                                     class="flex items-center  border-b border-[#8F8F8F]"
[103m-                                     data-testid="open-button"
[103m-                                   >
[103m-                                     <span
[103m-                                       class="w-8 h-8 flex items-center justify-center"
[103m-                                     >
[103m-                                       <svg
[103m-                                         class="text-[#48535B] text-lg"
[103m-                                         fill="currentColor"
[103m-                                         height="1em"
[103m-                                         stroke="currentColor"
[103m-                                         stroke-width="0"
[103m-                                         viewBox="0 0 512 512"
[103m-                                         width="1em"
[103m-                                         xmlns="http://www.w3.org/2000/svg"
[103m-                                       >
[103m-                                         <path
[103m-                                           d="M505 442.7L405.3 343c-4.5-4.5-10.6-7-17-7H372c27.6-35.3 44-79.7 44-128C416 93.1 322.9 0 208 0S0 93.1 0 208s93.1 208 208 208c48.3 0 92.7-16.4 128-44v16.3c0 6.4 2.5 12.5 7 17l99.7 99.7c9.4 9.4 24.6 9.4 33.9 0l28.3-28.3c9.4-9.4 9.4-24.6.1-34zM208 336c-70.7 0-128-57.2-128-128 0-70.7 57.2-128 128-128 70.7 0 128 57.2 128 128 0 70.7-57.2 128-128 128z"
[103m-                                         />
[103m-                                       </svg>
[103m-                                     </span>
[103m-                                      
[103m-                                     <input
[103m-                                       class="w-full  ring-0 outline-none bg-transparent"
[103m-                                       data-testid="gli-input"
[103m-                                       value="Test asset primum ledger 100"
[103m-                                     />
[103m-                                   </div>
[103m-                                 </div>
[103m-                               </div>
[103m-                             </div>
[103m-                           </div>
[103m-                         </div>
[103m-                       </div>
[103m-                     </div>
[103m-                   </div>
[103m-                 </div>
[103m-               </div>
[103m-               <div>
[103m-                 <div
[103m-                   class="flex gap-x-[50px] items-center "
[103m-                 >
[103m-                   <div
[103m-                     class="w-[300px]"
[103m-                   >
[103m-                     <span
[103m-                       class="flex items-start gap-x-[1px] text-[#636363] text-base font-medium mb-1"
[103m-                       data-testid="input-div"
[103m-                     >
[103m-                       Interest accural account
[103m-                        
[103m-                       <div>
[103m-                         <svg
[103m-                           data-testid="red-dot"
[103m-                           fill="none"
[103m-                           height="5"
[103m-                           viewBox="0 0 5 5"
[103m-                           width="5"
[103m-                           xmlns="http://www.w3.org/2000/svg"
[103m-                         >
[103m-                           <circle
[103m-                             cx="2.5"
[103m-                             cy="2.5"
[103m-                             fill="#CF2A2A"
[103m-                             r="2.5"
[103m-                           />
[103m-                         </svg>
[103m-                       </div>
[103m-                     </span>
[103m-                     <span
[103m-                       class="flex items-start gap-x-[1px] text-[#AAAAAA] text-sm font-normal"
[103m-                     />
[103m-                   </div>
[103m-                   <div>
[103m-                     <div
[103m-                       class="mb-[2px]"
[103m-                     >
[103m-                       <div>
[103m-                         <div
[103m-                           class="w-[360px] relative"
[103m-                         >
[103m-                           <div
[103m-                             class=" "
[103m-                           >
[103m-                             <div>
[103m-                               <div
[103m-                                 class="w-full"
[103m-                                 data-testid="gli"
[103m-                               >
[103m-                                 <div
[103m-                                   class="relative bg-[#fff] w-full"
[103m-                                 >
[103m-                                   <div
[103m-                                     class="flex items-center  border-b border-[#8F8F8F]"
[103m-                                     data-testid="open-button"
[103m-                                   >
[103m-                                     <span
[103m-                                       class="w-8 h-8 flex items-center justify-center"
[103m-                                     >
[103m-                                       <svg
[103m-                                         class="text-[#48535B] text-lg"
[103m-                                         fill="currentColor"
[103m-                                         height="1em"
[103m-                                         stroke="currentColor"
[103m-                                         stroke-width="0"
[103m-                                         viewBox="0 0 512 512"
[103m-                                         width="1em"
[103m-                                         xmlns="http://www.w3.org/2000/svg"
[103m-                                       >
[103m-                                         <path
[103m-                                           d="M505 442.7L405.3 343c-4.5-4.5-10.6-7-17-7H372c27.6-35.3 44-79.7 44-128C416 93.1 322.9 0 208 0S0 93.1 0 208s93.1 208 208 208c48.3 0 92.7-16.4 128-44v16.3c0 6.4 2.5 12.5 7 17l99.7 99.7c9.4 9.4 24.6 9.4 33.9 0l28.3-28.3c9.4-9.4 9.4-24.6.1-34zM208 336c-70.7 0-128-57.2-128-128 0-70.7 57.2-128 128-128 70.7 0 128 57.2 128 128 0 70.7-57.2 128-128 128z"
[103m-                                         />
[103m-                                       </svg>
[103m-                                     </span>
[103m-                                      
[103m-                                     <input
[103m-                                       class="w-full  ring-0 outline-none bg-transparent"
[103m-                                       data-testid="gli-input"
[103m-                                       value="Test asset primum ledger 21"
[103m-                                     />
[103m-                                   </div>
[103m-                                 </div>
[103m-                               </div>
[103m-                             </div>
[103m-                           </div>
[103m-                         </div>
[103m-                       </div>
[103m-                     </div>
[103m-                   </div>
[103m-                 </div>
[103m-               </div>
[103m-               <div>
[103m-                 <div
[103m-                   class="flex gap-x-[50px] items-center "
[103m-                 >
[103m-                   <div
[103m-                     class="w-[300px]"
[103m-                   >
[103m-                     <span
[103m-                       class="flex items-start gap-x-[1px] text-[#636363] text-base font-medium mb-1"
[103m-                       data-testid="input-div"
[103m-                     >
[103m-                       Interest expense account
[103m-                        
[103m-                       <div>
[103m-                         <svg
[103m-                           data-testid="red-dot"
[103m-                           fill="none"
[103m-                           height="5"
[103m-                           viewBox="0 0 5 5"
[103m-                           width="5"
[103m-                           xmlns="http://www.w3.org/2000/svg"
[103m-                         >
[103m-                           <circle
[103m-                             cx="2.5"
[103m-                             cy="2.5"
[103m-                             fill="#CF2A2A"
[103m-                             r="2.5"
[103m-                           />
[103m-                         </svg>
[103m-                       </div>
[103m-                     </span>
[103m-                     <span
[103m-                       class="flex items-start gap-x-[1px] text-[#AAAAAA] text-sm font-normal"
[103m-                     />
[103m-                   </div>
[103m-                   <div>
[103m-                     <div
[103m-                       class="mb-[2px]"
[103m-                     >
[103m-                       <div>
[103m-                         <div
[103m-                           class="w-[360px] relative"
[103m-                         >
[103m-                           <div
[103m-                             class=" "
[103m-                           >
[103m-                             <div>
[103m-                               <div
[103m-                                 class="w-full"
[103m-                                 data-testid="gli"
[103m-                               >
[103m-                                 <div
[103m-                                   class="relative bg-[#fff] w-full"
[103m-                                 >
[103m-                                   <div
[103m-                                     class="flex items-center  border-b border-[#8F8F8F]"
[103m-                                     data-testid="open-button"
[103m-                                   >
[103m-                                     <span
[103m-                                       class="w-8 h-8 flex items-center justify-center"
[103m-                                     >
[103m-                                       <svg
[103m-                                         class="text-[#48535B] text-lg"
[103m-                                         fill="currentColor"
[103m-                                         height="1em"
[103m-                                         stroke="currentColor"
[103m-                                         stroke-width="0"
[103m-                                         viewBox="0 0 512 512"
[103m-                                         width="1em"
[103m-                                         xmlns="http://www.w3.org/2000/svg"
[103m-                                       >
[103m-                                         <path
[103m-                                           d="M505 442.7L405.3 343c-4.5-4.5-10.6-7-17-7H372c27.6-35.3 44-79.7 44-128C416 93.1 322.9 0 208 0S0 93.1 0 208s93.1 208 208 208c48.3 0 92.7-16.4 128-44v16.3c0 6.4 2.5 12.5 7 17l99.7 99.7c9.4 9.4 24.6 9.4 33.9 0l28.3-28.3c9.4-9.4 9.4-24.6.1-34zM208 336c-70.7 0-128-57.2-128-128 0-70.7 57.2-128 128-128 70.7 0 128 57.2 128 128 0 70.7-57.2 128-128 128z"
[103m-                                         />
[103m-                                       </svg>
[103m-                                     </span>
[103m-                                      
[103m-                                     <input
[103m-                                       class="w-full  ring-0 outline-none bg-transparent"
[103m-                                       data-testid="gli-input"
[103m-                                       value="Test asset primum ledger 11"
[103m-                                     />
[103m-                                   </div>
[103m-                                 </div>
[103m-                               </div>
[103m-                             </div>
[103m-                           </div>
[103m-                         </div>
[103m-                       </div>
[103m-                     </div>
[103m-                   </div>
[103m-                 </div>
[103m-               </div>
[103m-             </div>
[107m+               <span />
[107m+               Principal Deposit
[107m+                Charges & Taxes
[107m+             </span>
[107m+           </div>
[107m+         </div>
[107m+         <div />
[107m+       </div>
[107m+       <div>
[107m+         <div
[107m+           class="bg-[#fff] border border-[#E6E9ED] rounded-[6px]"
[107m+           style="box-shadow: 0px 0px 1px 0px rgba(26, 32, 36, 0.32), 0px 1px 2px 0px rgba(91, 104, 113, 0.32);"
[107m+         >
[107m+           <div
[107m+             class="border-b border-[#E6E9ED] flex justify-between items-center px-6 py-[14px]"
[107m+           >
[107m+             <span
[107m+               class="text-[18px] flex  gap-[1px] text-[#636363] font-semibold flex-row items-center"
[107m+             >
[107m+               <span />
[107m+               Part Liquidation
[107m+                Charges & Taxes
[107m+             </span>
[107m+           </div>
[107m+         </div>
[107m+         <div />
[107m+       </div>
[107m+       <div>
[107m+         <div
[107m+           class="bg-[#fff] border border-[#E6E9ED] rounded-[6px]"
[107m+           style="box-shadow: 0px 0px 1px 0px rgba(26, 32, 36, 0.32), 0px 1px 2px 0px rgba(91, 104, 113, 0.32);"
[107m+         >
[107m+           <div
[107m+             class="border-b border-[#E6E9ED] flex justify-between items-center px-6 py-[14px]"
[107m+           >
[107m+             <span
[107m+               class="text-[18px] flex  gap-[1px] text-[#636363] font-semibold flex-row items-center"
[107m+             >
[107m+               <span />
[107m+               Maturity Liquidation
[107m+                Charges & Taxes
[107m+             </span>
            </div>
          </div>
[107m+         <div />
        </div>
      </form>
    </div>,
    "debug": [Function],
    "findAllByAltText": [Function],
    at Object.<anonymous> (/Users/emmanuelolagundoye/Documents/dev/sterling/retailcore-mfe-investment-management/src/__tests__/pages/investment/term-deposit/create-term-deposit/IndexComponent.test.tsx:332:18)
    at Promise.then.completed (/Users/emmanuelolagundoye/Documents/dev/sterling/retailcore-mfe-investment-management/node_modules/jest-circus/build/utils.js:391:28)
    at new Promise (<anonymous>)
    at callAsyncCircusFn (/Users/emmanuelolagundoye/Documents/dev/sterling/retailcore-mfe-investment-management/node_modules/jest-circus/build/utils.js:316:10)
    at _callCircusTest (/Users/emmanuelolagundoye/Documents/dev/sterling/retailcore-mfe-investment-management/node_modules/jest-circus/build/run.js:218:40)
    at _runTest (/Users/emmanuelolagundoye/Documents/dev/sterling/retailcore-mfe-investment-management/node_modules/jest-circus/build/run.js:155:3)
    at _runTestsForDescribeBlock (/Users/emmanuelolagundoye/Documents/dev/sterling/retailcore-mfe-investment-management/node_modules/jest-circus/build/run.js:66:9)
    at _runTestsForDescribeBlock (/Users/emmanuelolagundoye/Documents/dev/sterling/retailcore-mfe-investment-management/node_modules/jest-circus/build/run.js:60:9)
    at run (/Users/emmanuelolagundoye/Documents/dev/sterling/retailcore-mfe-investment-management/node_modules/jest-circus/build/run.js:25:3)
    at runAndTransformResultsToJestFormat (/Users/emmanuelolagundoye/Documents/dev/sterling/retailcore-mfe-investment-management/node_modules/jest-circus/build/legacy-code-todo-rewrite/jestAdapterInit.js:170:21)
    at jestAdapter (/Users/emmanuelolagundoye/Documents/dev/sterling/retailcore-mfe-investment-management/node_modules/jest-circus/build/legacy-code-todo-rewrite/jestAdapter.js:82:19)
    at runTestInternal (/Users/emmanuelolagundoye/Documents/dev/sterling/retailcore-mfe-investment-management/node_modules/jest-runner/build/runTest.js:389:16)
    at runTest (/Users/emmanuelolagundoye/Documents/dev/sterling/retailcore-mfe-investment-management/node_modules/jest-runner/build/runTest.js:475:34)
    at Object.worker (/Users/emmanuelolagundoye/Documents/dev/sterling/retailcore-mfe-investment-management/node_modules/jest-runner/build/testWorker.js:135:12)]]></failure>
    </testCase>
    <testCase name="handleNext should call setStep when theres more steps ahead" duration="83"/>
    <testCase name="handleNext should not setStep when there are no steps ahead" duration="2"/>
    <testCase name="handlePrev should call setStep when there are steps behind" duration="3"/>
    <testCase name="handlePrev should not call setStep when user is at the first step" duration="1"/>
    <testCase name="handleDraft should set setIsConfirmOpen to false when called" duration="3"/>
    <testCase name="handleDraft should call modifyProduct with isDraft set to true when process is &quot;modify&quot;" duration="2"/>
    <testCase name="handleDraft should call createProduct with isDraft set to true when process is &quot;create&quot; or &quot;clone&quot;" duration="13"/>
    <testCase name="handleDraft should not call any functions when process is undefined" duration="2"/>
    <testCase name="handleDetailsSuccess should set activeId.current to the id of productDetails when it exists" duration="1"/>
    <testCase name="handleDetailsSuccess should set activeId.current to the id of productDetails when it exists 2" duration="1"/>
    <testCase name="handleDetailsSuccess should update previousData.current with relevant fields from productDetails when process is &quot;modify&quot;" duration="1"/>
    <testCase name="handleDetailsSuccess should update productData with relevant fields from productDetails" duration="4"/>
    <testCase name="handleDetailsSuccess should set pricingConfigurationCopy to an empty object before sorting when it is null" duration="10"/>
    <testCase name="handleDetailsSuccess should not sort pricingConfigurationCopy when interestRateConfigModels is null" duration="5"/>
    <testCase name="handlePreviousData should return an object with all properties from prevProductData and productDetails" duration="2"/>
    <testCase name="handlePreviousData should sort the interestRateConfigModels array in pricingConfigurationCopy by min value" duration="1"/>
    <testCase name="handlePreviousData should return an object with all properties from prevProductData and productDetails when pricingConfigurationCopy is null" duration="2"/>
    <testCase name="handleRequestIsSuccess should update product data when requestIsSuccess is true and metaInfo exists" duration="2"/>
    <testCase name="handleRequestIsSuccess should update product data when requestIsSuccess is true and metaInfo exists and process == withdraw_modify" duration="2"/>
    <testCase name="handleMessage should set success text to &quot;Product Setup saved to draft&quot; and open success modal when isSuccess is true" duration="1"/>
    <testCase name="handleMessage should set success text to &quot;Product Setup saved to draft&quot; and open success modal when modifySuccess is true" duration="4"/>
    <testCase name="handleMessage should set success text to &quot;Product Setup saved to draft&quot; and open success modal when modifyRequestSuccess is true" duration="1"/>
    <testCase name="handleMessage should set failed text to &quot;Unable to save as draft&quot; and set failed subtext to error message when isError is true" duration="1"/>
    <testCase name="handleMessage should set failed text to &quot;Unable to save as draft&quot; and set failed subtext to error message when modifyRequestIsError is true" duration="1"/>
    <testCase name="handleMessage should set failed subtext to empty string when error message is undefined" duration="1"/>
    <testCase name="handleNav should call handleNext when step is less than the length of termDepositFormSteps" duration="1"/>
    <testCase name="handleNav should call navigate with the appropriate URL when step is equal to the length of termDepositFormSteps" duration="1"/>
    <testCase name="handleNav should handle error when navigate function throws an error" duration="120"/>
    <testCase name="handleNav should not include id parameter in URL when id is not provided" duration="0"/>
    <testCase name="handleNav should include id parameter in URL when id is provided" duration="2"/>
  </file>
  <file path="/Users/emmanuelolagundoye/Documents/dev/sterling/retailcore-mfe-investment-management/src/__tests__/pages/investment/term-deposit/create-term-deposit/Summary.test.tsx">
    <testCase name="Container should render a div element with the correct class" duration="112"/>
    <testCase name="Container should render the children passed to it" duration="24"/>
    <testCase name="Container should render without any children" duration="30"/>
    <testCase name="Container should render without any children" duration="24"/>
    <testCase name="Container should render without any children" duration="22"/>
    <testCase name="Summary should render the component without crashing" duration="3494"/>
    <testCase name="Summary should display the correct title and breadcrumbs" duration="578"/>
  </file>
  <file path="/Users/emmanuelolagundoye/Documents/dev/sterling/retailcore-mfe-investment-management/src/__tests__/components/Pages/management/SummaryComponent.test.tsx">
    <testCase name="Summary should render the component without crashing" duration="324"/>
  </file>
</testExecutions>