<?xml version="1.0" encoding="UTF-8"?>
<testExecutions version="1">
  <file path="/Users/work/Documents/retailcore-mfe-investment-management/src/__tests__/components/modals/CustomerDetail.test.tsx">
    <testCase name="TabHeader should render TabHeader component without crashing" duration="55"/>
    <testCase name="TabHeader should display the title passed as prop" duration="56"/>
    <testCase name="TabHeader should display the right caret icon when title is not active" duration="15"/>
    <testCase name="TabContent should render correct number of items" duration="9"/>
    <testCase name="TabContent should render correct labels for each item" duration="10"/>
    <testCase name="TabContent should render correct values for each item" duration="6"/>
    <testCase name="TabContent should handle empty content array" duration="6"/>
    <testCase name="CustomerDetail should toggle tab content when tab header is clicked" duration="119">
      <failure message="Error: Objects are not valid as a React child (found: object with keys {id}). If you meant to render a collection of children, use an array instead."><![CDATA[Error: Objects are not valid as a React child (found: object with keys {id}). If you meant to render a collection of children, use an array instead.
    at throwOnInvalidObjectType (/Users/work/Documents/retailcore-mfe-investment-management/node_modules/react-dom/cjs/react-dom.development.js:13231:15)
    at createChild (/Users/work/Documents/retailcore-mfe-investment-management/node_modules/react-dom/cjs/react-dom.development.js:13469:7)
    at reconcileChildrenArray (/Users/work/Documents/retailcore-mfe-investment-management/node_modules/react-dom/cjs/react-dom.development.js:13719:25)
    at reconcileChildFibers (/Users/work/Documents/retailcore-mfe-investment-management/node_modules/react-dom/cjs/react-dom.development.js:14125:14)
    at reconcileChildren (/Users/work/Documents/retailcore-mfe-investment-management/node_modules/react-dom/cjs/react-dom.development.js:16990:28)
    at updateFragment (/Users/work/Documents/retailcore-mfe-investment-management/node_modules/react-dom/cjs/react-dom.development.js:17294:3)
    at beginWork (/Users/work/Documents/retailcore-mfe-investment-management/node_modules/react-dom/cjs/react-dom.development.js:19102:14)
    at HTMLUnknownElement.callCallback (/Users/work/Documents/retailcore-mfe-investment-management/node_modules/react-dom/cjs/react-dom.development.js:3945:14)
    at HTMLUnknownElement.callTheUserObjectsOperation (/Users/work/Documents/retailcore-mfe-investment-management/node_modules/jsdom/lib/jsdom/living/generated/EventListener.js:26:30)
    at innerInvokeEventListeners (/Users/work/Documents/retailcore-mfe-investment-management/node_modules/jsdom/lib/jsdom/living/events/EventTarget-impl.js:338:25)
    at invokeEventListeners (/Users/work/Documents/retailcore-mfe-investment-management/node_modules/jsdom/lib/jsdom/living/events/EventTarget-impl.js:274:3)
    at HTMLUnknownElementImpl._dispatch (/Users/work/Documents/retailcore-mfe-investment-management/node_modules/jsdom/lib/jsdom/living/events/EventTarget-impl.js:221:9)
    at HTMLUnknownElementImpl.dispatchEvent (/Users/work/Documents/retailcore-mfe-investment-management/node_modules/jsdom/lib/jsdom/living/events/EventTarget-impl.js:94:17)
    at HTMLUnknownElement.dispatchEvent (/Users/work/Documents/retailcore-mfe-investment-management/node_modules/jsdom/lib/jsdom/living/generated/EventTarget.js:231:34)
    at Object.invokeGuardedCallbackDev (/Users/work/Documents/retailcore-mfe-investment-management/node_modules/react-dom/cjs/react-dom.development.js:3994:16)
    at invokeGuardedCallback (/Users/work/Documents/retailcore-mfe-investment-management/node_modules/react-dom/cjs/react-dom.development.js:4056:31)
    at beginWork$1 (/Users/work/Documents/retailcore-mfe-investment-management/node_modules/react-dom/cjs/react-dom.development.js:23964:7)
    at performUnitOfWork (/Users/work/Documents/retailcore-mfe-investment-management/node_modules/react-dom/cjs/react-dom.development.js:22779:12)
    at workLoopSync (/Users/work/Documents/retailcore-mfe-investment-management/node_modules/react-dom/cjs/react-dom.development.js:22707:5)
    at renderRootSync (/Users/work/Documents/retailcore-mfe-investment-management/node_modules/react-dom/cjs/react-dom.development.js:22670:7)
    at performSyncWorkOnRoot (/Users/work/Documents/retailcore-mfe-investment-management/node_modules/react-dom/cjs/react-dom.development.js:22293:18)
    at /Users/work/Documents/retailcore-mfe-investment-management/node_modules/react-dom/cjs/react-dom.development.js:11327:26
    at unstable_runWithPriority (/Users/work/Documents/retailcore-mfe-investment-management/node_modules/scheduler/cjs/scheduler.development.js:468:12)
    at runWithPriority$1 (/Users/work/Documents/retailcore-mfe-investment-management/node_modules/react-dom/cjs/react-dom.development.js:11276:10)
    at flushSyncCallbackQueueImpl (/Users/work/Documents/retailcore-mfe-investment-management/node_modules/react-dom/cjs/react-dom.development.js:11322:9)
    at flushSyncCallbackQueue (/Users/work/Documents/retailcore-mfe-investment-management/node_modules/react-dom/cjs/react-dom.development.js:11309:3)
    at batchedUpdates$1 (/Users/work/Documents/retailcore-mfe-investment-management/node_modules/react-dom/cjs/react-dom.development.js:22387:7)
    at act (/Users/work/Documents/retailcore-mfe-investment-management/node_modules/react-dom/cjs/react-dom-test-utils.development.js:1042:14)
    at render (/Users/work/Documents/retailcore-mfe-investment-management/node_modules/@testing-library/react/dist/pure.js:97:26)
    at Object.<anonymous> (/Users/work/Documents/retailcore-mfe-investment-management/src/__tests__/components/modals/CustomerDetail.test.tsx:151:13)
    at Promise.then.completed (/Users/work/Documents/retailcore-mfe-investment-management/node_modules/jest-circus/build/utils.js:391:28)
    at new Promise (<anonymous>)
    at callAsyncCircusFn (/Users/work/Documents/retailcore-mfe-investment-management/node_modules/jest-circus/build/utils.js:316:10)
    at _callCircusTest (/Users/work/Documents/retailcore-mfe-investment-management/node_modules/jest-circus/build/run.js:218:40)
    at processTicksAndRejections (node:internal/process/task_queues:95:5)
    at _runTest (/Users/work/Documents/retailcore-mfe-investment-management/node_modules/jest-circus/build/run.js:155:3)
    at _runTestsForDescribeBlock (/Users/work/Documents/retailcore-mfe-investment-management/node_modules/jest-circus/build/run.js:66:9)
    at _runTestsForDescribeBlock (/Users/work/Documents/retailcore-mfe-investment-management/node_modules/jest-circus/build/run.js:60:9)
    at run (/Users/work/Documents/retailcore-mfe-investment-management/node_modules/jest-circus/build/run.js:25:3)
    at runAndTransformResultsToJestFormat (/Users/work/Documents/retailcore-mfe-investment-management/node_modules/jest-circus/build/legacy-code-todo-rewrite/jestAdapterInit.js:170:21)
    at jestAdapter (/Users/work/Documents/retailcore-mfe-investment-management/node_modules/jest-circus/build/legacy-code-todo-rewrite/jestAdapter.js:82:19)
    at runTestInternal (/Users/work/Documents/retailcore-mfe-investment-management/node_modules/jest-runner/build/runTest.js:389:16)
    at runTest (/Users/work/Documents/retailcore-mfe-investment-management/node_modules/jest-runner/build/runTest.js:475:34)
    at Object.worker (/Users/work/Documents/retailcore-mfe-investment-management/node_modules/jest-runner/build/testWorker.js:133:12)]]></failure>
    </testCase>
    <testCase name="CustomerDetail should handle case when customer photo is not provided" duration="32">
      <failure message="Error: Objects are not valid as a React child (found: object with keys {id}). If you meant to render a collection of children, use an array instead."><![CDATA[Error: Objects are not valid as a React child (found: object with keys {id}). If you meant to render a collection of children, use an array instead.
    at throwOnInvalidObjectType (/Users/work/Documents/retailcore-mfe-investment-management/node_modules/react-dom/cjs/react-dom.development.js:13231:15)
    at createChild (/Users/work/Documents/retailcore-mfe-investment-management/node_modules/react-dom/cjs/react-dom.development.js:13469:7)
    at reconcileChildrenArray (/Users/work/Documents/retailcore-mfe-investment-management/node_modules/react-dom/cjs/react-dom.development.js:13719:25)
    at reconcileChildFibers (/Users/work/Documents/retailcore-mfe-investment-management/node_modules/react-dom/cjs/react-dom.development.js:14125:14)
    at reconcileChildren (/Users/work/Documents/retailcore-mfe-investment-management/node_modules/react-dom/cjs/react-dom.development.js:16990:28)
    at updateFragment (/Users/work/Documents/retailcore-mfe-investment-management/node_modules/react-dom/cjs/react-dom.development.js:17294:3)
    at beginWork (/Users/work/Documents/retailcore-mfe-investment-management/node_modules/react-dom/cjs/react-dom.development.js:19102:14)
    at HTMLUnknownElement.callCallback (/Users/work/Documents/retailcore-mfe-investment-management/node_modules/react-dom/cjs/react-dom.development.js:3945:14)
    at HTMLUnknownElement.callTheUserObjectsOperation (/Users/work/Documents/retailcore-mfe-investment-management/node_modules/jsdom/lib/jsdom/living/generated/EventListener.js:26:30)
    at innerInvokeEventListeners (/Users/work/Documents/retailcore-mfe-investment-management/node_modules/jsdom/lib/jsdom/living/events/EventTarget-impl.js:338:25)
    at invokeEventListeners (/Users/work/Documents/retailcore-mfe-investment-management/node_modules/jsdom/lib/jsdom/living/events/EventTarget-impl.js:274:3)
    at HTMLUnknownElementImpl._dispatch (/Users/work/Documents/retailcore-mfe-investment-management/node_modules/jsdom/lib/jsdom/living/events/EventTarget-impl.js:221:9)
    at HTMLUnknownElementImpl.dispatchEvent (/Users/work/Documents/retailcore-mfe-investment-management/node_modules/jsdom/lib/jsdom/living/events/EventTarget-impl.js:94:17)
    at HTMLUnknownElement.dispatchEvent (/Users/work/Documents/retailcore-mfe-investment-management/node_modules/jsdom/lib/jsdom/living/generated/EventTarget.js:231:34)
    at Object.invokeGuardedCallbackDev (/Users/work/Documents/retailcore-mfe-investment-management/node_modules/react-dom/cjs/react-dom.development.js:3994:16)
    at invokeGuardedCallback (/Users/work/Documents/retailcore-mfe-investment-management/node_modules/react-dom/cjs/react-dom.development.js:4056:31)
    at beginWork$1 (/Users/work/Documents/retailcore-mfe-investment-management/node_modules/react-dom/cjs/react-dom.development.js:23964:7)
    at performUnitOfWork (/Users/work/Documents/retailcore-mfe-investment-management/node_modules/react-dom/cjs/react-dom.development.js:22779:12)
    at workLoopSync (/Users/work/Documents/retailcore-mfe-investment-management/node_modules/react-dom/cjs/react-dom.development.js:22707:5)
    at renderRootSync (/Users/work/Documents/retailcore-mfe-investment-management/node_modules/react-dom/cjs/react-dom.development.js:22670:7)
    at performSyncWorkOnRoot (/Users/work/Documents/retailcore-mfe-investment-management/node_modules/react-dom/cjs/react-dom.development.js:22293:18)
    at scheduleUpdateOnFiber (/Users/work/Documents/retailcore-mfe-investment-management/node_modules/react-dom/cjs/react-dom.development.js:21881:7)
    at updateContainer (/Users/work/Documents/retailcore-mfe-investment-management/node_modules/react-dom/cjs/react-dom.development.js:25482:3)
    at /Users/work/Documents/retailcore-mfe-investment-management/node_modules/react-dom/cjs/react-dom.development.js:26021:7
    at unbatchedUpdates (/Users/work/Documents/retailcore-mfe-investment-management/node_modules/react-dom/cjs/react-dom.development.js:22431:12)
    at legacyRenderSubtreeIntoContainer (/Users/work/Documents/retailcore-mfe-investment-management/node_modules/react-dom/cjs/react-dom.development.js:26020:5)
    at Object.render (/Users/work/Documents/retailcore-mfe-investment-management/node_modules/react-dom/cjs/react-dom.development.js:26103:10)
    at /Users/work/Documents/retailcore-mfe-investment-management/node_modules/@testing-library/react/dist/pure.js:101:25
    at batchedUpdates$1 (/Users/work/Documents/retailcore-mfe-investment-management/node_modules/react-dom/cjs/react-dom.development.js:22380:12)
    at act (/Users/work/Documents/retailcore-mfe-investment-management/node_modules/react-dom/cjs/react-dom-test-utils.development.js:1042:14)
    at render (/Users/work/Documents/retailcore-mfe-investment-management/node_modules/@testing-library/react/dist/pure.js:97:26)
    at Object.<anonymous> (/Users/work/Documents/retailcore-mfe-investment-management/src/__tests__/components/modals/CustomerDetail.test.tsx:171:13)
    at Promise.then.completed (/Users/work/Documents/retailcore-mfe-investment-management/node_modules/jest-circus/build/utils.js:391:28)
    at new Promise (<anonymous>)
    at callAsyncCircusFn (/Users/work/Documents/retailcore-mfe-investment-management/node_modules/jest-circus/build/utils.js:316:10)
    at _callCircusTest (/Users/work/Documents/retailcore-mfe-investment-management/node_modules/jest-circus/build/run.js:218:40)
    at processTicksAndRejections (node:internal/process/task_queues:95:5)
    at _runTest (/Users/work/Documents/retailcore-mfe-investment-management/node_modules/jest-circus/build/run.js:155:3)
    at _runTestsForDescribeBlock (/Users/work/Documents/retailcore-mfe-investment-management/node_modules/jest-circus/build/run.js:66:9)
    at _runTestsForDescribeBlock (/Users/work/Documents/retailcore-mfe-investment-management/node_modules/jest-circus/build/run.js:60:9)
    at run (/Users/work/Documents/retailcore-mfe-investment-management/node_modules/jest-circus/build/run.js:25:3)
    at runAndTransformResultsToJestFormat (/Users/work/Documents/retailcore-mfe-investment-management/node_modules/jest-circus/build/legacy-code-todo-rewrite/jestAdapterInit.js:170:21)
    at jestAdapter (/Users/work/Documents/retailcore-mfe-investment-management/node_modules/jest-circus/build/legacy-code-todo-rewrite/jestAdapter.js:82:19)
    at runTestInternal (/Users/work/Documents/retailcore-mfe-investment-management/node_modules/jest-runner/build/runTest.js:389:16)
    at runTest (/Users/work/Documents/retailcore-mfe-investment-management/node_modules/jest-runner/build/runTest.js:475:34)
    at Object.worker (/Users/work/Documents/retailcore-mfe-investment-management/node_modules/jest-runner/build/testWorker.js:133:12)]]></failure>
    </testCase>
    <testCase name="CustomerDetail should handle case when valid ID is not provided" duration="83"/>
    <testCase name="CustomerDetail should handle case when tab content data is not provided" duration="32">
      <failure message="Error: Objects are not valid as a React child (found: object with keys {id}). If you meant to render a collection of children, use an array instead."><![CDATA[Error: Objects are not valid as a React child (found: object with keys {id}). If you meant to render a collection of children, use an array instead.
    at throwOnInvalidObjectType (/Users/work/Documents/retailcore-mfe-investment-management/node_modules/react-dom/cjs/react-dom.development.js:13231:15)
    at createChild (/Users/work/Documents/retailcore-mfe-investment-management/node_modules/react-dom/cjs/react-dom.development.js:13469:7)
    at reconcileChildrenArray (/Users/work/Documents/retailcore-mfe-investment-management/node_modules/react-dom/cjs/react-dom.development.js:13719:25)
    at reconcileChildFibers (/Users/work/Documents/retailcore-mfe-investment-management/node_modules/react-dom/cjs/react-dom.development.js:14125:14)
    at reconcileChildren (/Users/work/Documents/retailcore-mfe-investment-management/node_modules/react-dom/cjs/react-dom.development.js:16990:28)
    at updateFragment (/Users/work/Documents/retailcore-mfe-investment-management/node_modules/react-dom/cjs/react-dom.development.js:17294:3)
    at beginWork (/Users/work/Documents/retailcore-mfe-investment-management/node_modules/react-dom/cjs/react-dom.development.js:19102:14)
    at HTMLUnknownElement.callCallback (/Users/work/Documents/retailcore-mfe-investment-management/node_modules/react-dom/cjs/react-dom.development.js:3945:14)
    at HTMLUnknownElement.callTheUserObjectsOperation (/Users/work/Documents/retailcore-mfe-investment-management/node_modules/jsdom/lib/jsdom/living/generated/EventListener.js:26:30)
    at innerInvokeEventListeners (/Users/work/Documents/retailcore-mfe-investment-management/node_modules/jsdom/lib/jsdom/living/events/EventTarget-impl.js:338:25)
    at invokeEventListeners (/Users/work/Documents/retailcore-mfe-investment-management/node_modules/jsdom/lib/jsdom/living/events/EventTarget-impl.js:274:3)
    at HTMLUnknownElementImpl._dispatch (/Users/work/Documents/retailcore-mfe-investment-management/node_modules/jsdom/lib/jsdom/living/events/EventTarget-impl.js:221:9)
    at HTMLUnknownElementImpl.dispatchEvent (/Users/work/Documents/retailcore-mfe-investment-management/node_modules/jsdom/lib/jsdom/living/events/EventTarget-impl.js:94:17)
    at HTMLUnknownElement.dispatchEvent (/Users/work/Documents/retailcore-mfe-investment-management/node_modules/jsdom/lib/jsdom/living/generated/EventTarget.js:231:34)
    at Object.invokeGuardedCallbackDev (/Users/work/Documents/retailcore-mfe-investment-management/node_modules/react-dom/cjs/react-dom.development.js:3994:16)
    at invokeGuardedCallback (/Users/work/Documents/retailcore-mfe-investment-management/node_modules/react-dom/cjs/react-dom.development.js:4056:31)
    at beginWork$1 (/Users/work/Documents/retailcore-mfe-investment-management/node_modules/react-dom/cjs/react-dom.development.js:23964:7)
    at performUnitOfWork (/Users/work/Documents/retailcore-mfe-investment-management/node_modules/react-dom/cjs/react-dom.development.js:22779:12)
    at workLoopSync (/Users/work/Documents/retailcore-mfe-investment-management/node_modules/react-dom/cjs/react-dom.development.js:22707:5)
    at renderRootSync (/Users/work/Documents/retailcore-mfe-investment-management/node_modules/react-dom/cjs/react-dom.development.js:22670:7)
    at performSyncWorkOnRoot (/Users/work/Documents/retailcore-mfe-investment-management/node_modules/react-dom/cjs/react-dom.development.js:22293:18)
    at scheduleUpdateOnFiber (/Users/work/Documents/retailcore-mfe-investment-management/node_modules/react-dom/cjs/react-dom.development.js:21881:7)
    at updateContainer (/Users/work/Documents/retailcore-mfe-investment-management/node_modules/react-dom/cjs/react-dom.development.js:25482:3)
    at /Users/work/Documents/retailcore-mfe-investment-management/node_modules/react-dom/cjs/react-dom.development.js:26021:7
    at unbatchedUpdates (/Users/work/Documents/retailcore-mfe-investment-management/node_modules/react-dom/cjs/react-dom.development.js:22431:12)
    at legacyRenderSubtreeIntoContainer (/Users/work/Documents/retailcore-mfe-investment-management/node_modules/react-dom/cjs/react-dom.development.js:26020:5)
    at Object.render (/Users/work/Documents/retailcore-mfe-investment-management/node_modules/react-dom/cjs/react-dom.development.js:26103:10)
    at /Users/work/Documents/retailcore-mfe-investment-management/node_modules/@testing-library/react/dist/pure.js:101:25
    at batchedUpdates$1 (/Users/work/Documents/retailcore-mfe-investment-management/node_modules/react-dom/cjs/react-dom.development.js:22380:12)
    at act (/Users/work/Documents/retailcore-mfe-investment-management/node_modules/react-dom/cjs/react-dom-test-utils.development.js:1042:14)
    at render (/Users/work/Documents/retailcore-mfe-investment-management/node_modules/@testing-library/react/dist/pure.js:97:26)
    at Object.<anonymous> (/Users/work/Documents/retailcore-mfe-investment-management/src/__tests__/components/modals/CustomerDetail.test.tsx:211:13)
    at Promise.then.completed (/Users/work/Documents/retailcore-mfe-investment-management/node_modules/jest-circus/build/utils.js:391:28)
    at new Promise (<anonymous>)
    at callAsyncCircusFn (/Users/work/Documents/retailcore-mfe-investment-management/node_modules/jest-circus/build/utils.js:316:10)
    at _callCircusTest (/Users/work/Documents/retailcore-mfe-investment-management/node_modules/jest-circus/build/run.js:218:40)
    at processTicksAndRejections (node:internal/process/task_queues:95:5)
    at _runTest (/Users/work/Documents/retailcore-mfe-investment-management/node_modules/jest-circus/build/run.js:155:3)
    at _runTestsForDescribeBlock (/Users/work/Documents/retailcore-mfe-investment-management/node_modules/jest-circus/build/run.js:66:9)
    at _runTestsForDescribeBlock (/Users/work/Documents/retailcore-mfe-investment-management/node_modules/jest-circus/build/run.js:60:9)
    at run (/Users/work/Documents/retailcore-mfe-investment-management/node_modules/jest-circus/build/run.js:25:3)
    at runAndTransformResultsToJestFormat (/Users/work/Documents/retailcore-mfe-investment-management/node_modules/jest-circus/build/legacy-code-todo-rewrite/jestAdapterInit.js:170:21)
    at jestAdapter (/Users/work/Documents/retailcore-mfe-investment-management/node_modules/jest-circus/build/legacy-code-todo-rewrite/jestAdapter.js:82:19)
    at runTestInternal (/Users/work/Documents/retailcore-mfe-investment-management/node_modules/jest-runner/build/runTest.js:389:16)
    at runTest (/Users/work/Documents/retailcore-mfe-investment-management/node_modules/jest-runner/build/runTest.js:475:34)
    at Object.worker (/Users/work/Documents/retailcore-mfe-investment-management/node_modules/jest-runner/build/testWorker.js:133:12)]]></failure>
    </testCase>
  </file>
  <file path="/Users/work/Documents/retailcore-mfe-investment-management/src/__tests__/pages/management/book-investment/FormComponent.test.tsx">
    <testCase name="code snippet should render the customer information form when step is 1" duration="394"/>
    <testCase name="code snippet should render the customer information form when step is 2" duration="26"/>
    <testCase name="code snippet should allow the user to input customer information" duration="95"/>
    <testCase name="code snippet should handle invalid input data correctly" duration="58"/>
  </file>
  <file path="/Users/work/Documents/retailcore-mfe-investment-management/src/__tests__/pages/management/book-investment/IndexComponent.test.tsx">
    <testCase name="IndexComponent should render the component without crashing" duration="92"/>
    <testCase name="IndexComponent should display the correct title and breadcrumbs based on the investmentType parameter" duration="49"/>
    <testCase name="IndexComponent should render the correct form step based on the step state" duration="44"/>
  </file>
  <file path="/Users/work/Documents/retailcore-mfe-investment-management/src/__tests__/Sterling-investment.tsx">
    <testCase name="microfrontend bootstraps the app" duration="11"/>
    <testCase name="microfrontend mounts and unmounts" duration="45"/>
  </file>
  <file path="/Users/work/Documents/retailcore-mfe-investment-management/src/__tests__/App.test.tsx">
    <testCase name="Test App Component If App is rendered wihout issues" duration="33"/>
  </file>
</testExecutions>