<?xml version="1.0" encoding="UTF-8"?>
<testExecutions version="1">
  <file path="/Users/work/Documents/retailcore-mfe-investment-management/src/__tests__/components/Pages/term-deposit/forms/gl_mapping_events/ChargeAndTaxMultiselect.test.tsx">
    <testCase name="default should open search input field when search button is clicked" duration="559"/>
    <testCase name="default should render without options when availableOptions is undefined or null" duration="50"/>
  </file>
</testExecutions>