<?xml version="1.0" encoding="UTF-8"?>
<testExecutions version="1">
  <file path="/Users/user/Documents/GitHub/retailcore-mfe-investment-management/src/__tests__/MultiSelect.test.tsx">
    <testCase name="MultiSelect Renders without error" duration="816"/>
    <testCase name="MultiSelect Renders options" duration="243"/>
  </file>
  <file path="/Users/user/Documents/GitHub/retailcore-mfe-investment-management/src/__tests__/components/CreateButton.test.tsx">
    <testCase name="closeButton should set isOpen state to false" duration="22"/>
    <testCase name="closeButton should set secondActive, thirdActive, and fourthActive states to empty strings" duration="5"/>
    <testCase name="closeButton should not return any value" duration="109"/>
    <testCase name="closeButton should require function parameters" duration="3"/>
    <testCase name="closeButton should not throw any errors" duration="8"/>
    <testCase name="goToUrl should navigate to the provided URL" duration="14"/>
    <testCase name="goToUrl should throw an error when url is null" duration="5"/>
    <testCase name="goToUrl should throw an error when navigate function is not a function" duration="348"/>
    <testCase name="goToUrl should handle relative URLs" duration="3"/>
    <testCase name="CreateButton should render the component without crashing" duration="495"/>
    <testCase name="CreateButton should open the dropdown menu when the button is clicked" duration="197"/>
    <testCase name="CreateButton should close the dropdown menu when clicked outside" duration="112"/>
  </file>
  <file path="/Users/user/Documents/GitHub/retailcore-mfe-investment-management/src/__tests__/modals/ProductDetail.test.tsx">
    <testCase name="productdetail ProductDetails" duration="2828">
      <failure message="Error: Element type is invalid: expected a string (for built-in components) or a class/function (for composite components) but got: undefined. You likely forgot to export your component from the file it&apos;s defined in, or you might have mixed up default and named imports."><![CDATA[Error: Element type is invalid: expected a string (for built-in components) or a class/function (for composite components) but got: undefined. You likely forgot to export your component from the file it's defined in, or you might have mixed up default and named imports.

Check the render method of `ProductDetail`.
    at createFiberFromTypeAndProps (/Users/user/Documents/GitHub/retailcore-mfe-investment-management/node_modules/react-dom/cjs/react-dom.development.js:25058:21)
    at createFiberFromElement (/Users/user/Documents/GitHub/retailcore-mfe-investment-management/node_modules/react-dom/cjs/react-dom.development.js:25086:15)
    at createChild (/Users/user/Documents/GitHub/retailcore-mfe-investment-management/node_modules/react-dom/cjs/react-dom.development.js:13446:28)
    at reconcileChildrenArray (/Users/user/Documents/GitHub/retailcore-mfe-investment-management/node_modules/react-dom/cjs/react-dom.development.js:13719:25)
    at reconcileChildFibers (/Users/user/Documents/GitHub/retailcore-mfe-investment-management/node_modules/react-dom/cjs/react-dom.development.js:14125:14)
    at reconcileChildren (/Users/user/Documents/GitHub/retailcore-mfe-investment-management/node_modules/react-dom/cjs/react-dom.development.js:16990:28)
    at updateHostComponent (/Users/user/Documents/GitHub/retailcore-mfe-investment-management/node_modules/react-dom/cjs/react-dom.development.js:17632:3)
    at beginWork (/Users/user/Documents/GitHub/retailcore-mfe-investment-management/node_modules/react-dom/cjs/react-dom.development.js:19080:14)
    at HTMLUnknownElement.callCallback (/Users/user/Documents/GitHub/retailcore-mfe-investment-management/node_modules/react-dom/cjs/react-dom.development.js:3945:14)
    at HTMLUnknownElement.callTheUserObjectsOperation (/Users/user/Documents/GitHub/retailcore-mfe-investment-management/node_modules/jsdom/lib/jsdom/living/generated/EventListener.js:26:30)
    at innerInvokeEventListeners (/Users/user/Documents/GitHub/retailcore-mfe-investment-management/node_modules/jsdom/lib/jsdom/living/events/EventTarget-impl.js:338:25)
    at invokeEventListeners (/Users/user/Documents/GitHub/retailcore-mfe-investment-management/node_modules/jsdom/lib/jsdom/living/events/EventTarget-impl.js:274:3)
    at HTMLUnknownElementImpl._dispatch (/Users/user/Documents/GitHub/retailcore-mfe-investment-management/node_modules/jsdom/lib/jsdom/living/events/EventTarget-impl.js:221:9)
    at HTMLUnknownElementImpl.dispatchEvent (/Users/user/Documents/GitHub/retailcore-mfe-investment-management/node_modules/jsdom/lib/jsdom/living/events/EventTarget-impl.js:94:17)
    at HTMLUnknownElement.dispatchEvent (/Users/user/Documents/GitHub/retailcore-mfe-investment-management/node_modules/jsdom/lib/jsdom/living/generated/EventTarget.js:231:34)
    at Object.invokeGuardedCallbackDev (/Users/user/Documents/GitHub/retailcore-mfe-investment-management/node_modules/react-dom/cjs/react-dom.development.js:3994:16)
    at invokeGuardedCallback (/Users/user/Documents/GitHub/retailcore-mfe-investment-management/node_modules/react-dom/cjs/react-dom.development.js:4056:31)
    at beginWork$1 (/Users/user/Documents/GitHub/retailcore-mfe-investment-management/node_modules/react-dom/cjs/react-dom.development.js:23964:7)
    at performUnitOfWork (/Users/user/Documents/GitHub/retailcore-mfe-investment-management/node_modules/react-dom/cjs/react-dom.development.js:22779:12)
    at workLoopSync (/Users/user/Documents/GitHub/retailcore-mfe-investment-management/node_modules/react-dom/cjs/react-dom.development.js:22707:5)
    at renderRootSync (/Users/user/Documents/GitHub/retailcore-mfe-investment-management/node_modules/react-dom/cjs/react-dom.development.js:22670:7)
    at performSyncWorkOnRoot (/Users/user/Documents/GitHub/retailcore-mfe-investment-management/node_modules/react-dom/cjs/react-dom.development.js:22293:18)
    at /Users/user/Documents/GitHub/retailcore-mfe-investment-management/node_modules/react-dom/cjs/react-dom.development.js:11327:26
    at unstable_runWithPriority (/Users/user/Documents/GitHub/retailcore-mfe-investment-management/node_modules/scheduler/cjs/scheduler.development.js:468:12)
    at runWithPriority$1 (/Users/user/Documents/GitHub/retailcore-mfe-investment-management/node_modules/react-dom/cjs/react-dom.development.js:11276:10)
    at flushSyncCallbackQueueImpl (/Users/user/Documents/GitHub/retailcore-mfe-investment-management/node_modules/react-dom/cjs/react-dom.development.js:11322:9)
    at flushSyncCallbackQueue (/Users/user/Documents/GitHub/retailcore-mfe-investment-management/node_modules/react-dom/cjs/react-dom.development.js:11309:3)
    at batchedUpdates$1 (/Users/user/Documents/GitHub/retailcore-mfe-investment-management/node_modules/react-dom/cjs/react-dom.development.js:22387:7)
    at Object.notify (/Users/user/Documents/GitHub/retailcore-mfe-investment-management/node_modules/react-redux/lib/utils/Subscription.js:19:7)
    at Object.notifyNestedSubs (/Users/user/Documents/GitHub/retailcore-mfe-investment-management/node_modules/react-redux/lib/utils/Subscription.js:92:15)
    at handleChangeWrapper (/Users/user/Documents/GitHub/retailcore-mfe-investment-management/node_modules/react-redux/lib/utils/Subscription.js:97:20)
    at dispatch (/Users/user/Documents/GitHub/retailcore-mfe-investment-management/node_modules/redux/lib/redux.js:305:7)
    at /Users/user/Documents/GitHub/retailcore-mfe-investment-management/node_modules/@reduxjs/toolkit/src/query/core/buildMiddleware/index.ts:102:17
    at /Users/user/Documents/GitHub/retailcore-mfe-investment-management/node_modules/@reduxjs/toolkit/src/serializableStateInvariantMiddleware.ts:210:20
    at /Users/user/Documents/GitHub/retailcore-mfe-investment-management/node_modules/redux-thunk/lib/index.js:27:16
    at /Users/user/Documents/GitHub/retailcore-mfe-investment-management/node_modules/@reduxjs/toolkit/src/immutableStateInvariantMiddleware.ts:264:32
    at dispatch (/Users/user/Documents/GitHub/retailcore-mfe-investment-management/node_modules/redux/lib/redux.js:699:28)
    at /Users/user/Documents/GitHub/retailcore-mfe-investment-management/node_modules/@reduxjs/toolkit/src/createAsyncThunk.ts:682:13
    at step (/Users/user/Documents/GitHub/retailcore-mfe-investment-management/node_modules/@reduxjs/toolkit/dist/redux-toolkit.cjs.development.js:38:23)
    at Object.throw (/Users/user/Documents/GitHub/retailcore-mfe-investment-management/node_modules/@reduxjs/toolkit/dist/redux-toolkit.cjs.development.js:19:53)
    at rejected (/Users/user/Documents/GitHub/retailcore-mfe-investment-management/node_modules/@reduxjs/toolkit/dist/redux-toolkit.cjs.development.js:105:37)
    at processTicksAndRejections (node:internal/process/task_queues:95:5)]]></failure>
    </testCase>
  </file>
  <file path="/Users/user/Documents/GitHub/retailcore-mfe-investment-management/src/__tests__/components/assets/images/CancelSvg.test.tsx">
    <testCase name="CancelSvg Renders without error" duration="208"/>
  </file>
  <file path="/Users/user/Documents/GitHub/retailcore-mfe-investment-management/src/__tests__/forms/Select.test.tsx">
    <testCase name="Select renders without crashing" duration="151"/>
    <testCase name="Select matches snapshot" duration="125"/>
    <testCase name="Select shows the selected option" duration="60"/>
    <testCase name="Select opens the dropdown when clicked" duration="296"/>
    <testCase name="Select calls onChange when option selected" duration="318"/>
  </file>
  <file path="/Users/user/Documents/GitHub/retailcore-mfe-investment-management/src/__tests__/forms/BorderlessSelect.test.tsx">
    <testCase name="BorderlessSelect Renders without error" duration="161"/>
    <testCase name="BorderlessSelect Shows options when input is clicked" duration="249"/>
    <testCase name="BorderlessSelect indicates that input is required" duration="34"/>
    <testCase name="BorderlessSelect indicates error" duration="58"/>
    <testCase name="BorderlessSelect changes value when clicked and hides options" duration="114"/>
  </file>
  <file path="/Users/user/Documents/GitHub/retailcore-mfe-investment-management/src/__tests__/components/ProductSearch.test.tsx">
    <testCase name="search input calls setSearchTerm function with debounce on input change" duration="187"/>
    <testCase name="classNames should concatenate all truthy class names into a single string" duration="4"/>
    <testCase name="classNames should ignore all falsy class names" duration="12"/>
    <testCase name="classNames should handle multiple truthy and falsy class names" duration="3"/>
    <testCase name="classNames should handle empty input" duration="10"/>
    <testCase name="classNames should handle input with only one truthy class name" duration="3"/>
    <testCase name="ProductSearch renders without crashing" duration="359"/>
    <testCase name="ProductSearch shows placeholder text" duration="46"/>
    <testCase name="ProductSearch filters options by search query" duration="50"/>
    <testCase name="ProductSearch renders the component with placeholder" duration="41"/>
    <testCase name="ProductSearch displays options when typing in the input" duration="58"/>
    <testCase name="ProductSearch applies the correct class when an option is active" duration="62"/>
    <testCase name="ProductSearch applies the correct class when an option is selected" duration="75"/>
  </file>
  <file path="/Users/user/Documents/GitHub/retailcore-mfe-investment-management/src/__tests__/components/Button.test.tsx">
    <testCase name="Button renders without crashing" duration="50"/>
    <testCase name="Button renders children" duration="7"/>
    <testCase name="Button applies custom className" duration="7"/>
    <testCase name="Button can show loader" duration="44"/>
    <testCase name="Button can hide loader" duration="52"/>
    <testCase name="Button can render button elements" duration="9"/>
    <testCase name="Button calls onClick handler" duration="18"/>
  </file>
  <file path="/Users/user/Documents/GitHub/retailcore-mfe-investment-management/src/__tests__/forms/DateSelect.test.tsx">
    <testCase name="DateSelect renders without errors" duration="508"/>
    <testCase name="DateSelect Shows datePicker on button click" duration="752"/>
  </file>
  <file path="/Users/user/Documents/GitHub/retailcore-mfe-investment-management/src/__tests__/components/summary/Actions.test.tsx">
    <testCase name="Actions should renderWithProviders a div element with specific class and styling" duration="107"/>
    <testCase name="Actions should call the corresponding functions when Cancel, Modify, or Submit buttons are clicked" duration="21"/>
    <testCase name="Actions should call the corresponding functions when Print, Share, or Return to dashboard buttons are clicked" duration="93"/>
    <testCase name="Actions should set the confirm text to &quot;Product creation approve&quot; when sub_type is not provided and action is &quot;approve&quot;" duration="47"/>
    <testCase name="Actions should set the confirm text to &quot;Product creation reject&quot; when sub_type is not provided and action is &quot;reject&quot;" duration="46"/>
    <testCase name="Actions should set the confirm text to &quot;Product activation approve&quot; when sub_type is &quot;activation&quot; and action is &quot;approve&quot;" duration="36"/>
  </file>
  <file path="/Users/user/Documents/GitHub/retailcore-mfe-investment-management/src/__tests__/modals/RequestDeactivation.test.tsx">
    <testCase name="RequestDeactivation should render the component without crashing" duration="2544"/>
    <testCase name="RequestDeactivation should display the deactivation request form" duration="391"/>
    <testCase name="RequestDeactivation should allow user to input reason for deactivation" duration="344"/>
    <testCase name="RequestDeactivation should display an error message when the deactivation request fails" duration="221"/>
    <testCase name="RequestDeactivation should allow user to upload supporting documents" duration="150"/>
  </file>
  <file path="/Users/user/Documents/GitHub/retailcore-mfe-investment-management/src/__tests__/components/QuickLinks.test.tsx">
    <testCase name="QuickLinks should renderWithProviders a container with a title and a list of links" duration="480"/>
    <testCase name="QuickLinks component renderWithProviderss QuickLinks component with suggested links" duration="56"/>
    <testCase name="QuickLinks component closes the suggested links section when close button is clicked" duration="37"/>
    <testCase name="QuickLinks component should fetch data from useGetLinksQuery hook and update state with received data" duration="23"/>
    <testCase name="QuickLinks component should renderWithProviders a message when isOpen state is true" duration="22"/>
  </file>
  <file path="/Users/user/Documents/GitHub/retailcore-mfe-investment-management/src/__tests__/forms/Checkbox.test.tsx">
    <testCase name="Checkbox renders without crashing" duration="620"/>
    <testCase name="Checkbox matches snapshot" duration="461"/>
    <testCase name="Checkbox displays the label" duration="25"/>
    <testCase name="Checkbox initially renders unchecked" duration="26"/>
    <testCase name="Checkbox renders checked when checked prop is true" duration="8"/>
    <testCase name="Checkbox calls onChange when clicked" duration="259"/>
    <testCase name="Checkbox should not call onChange if not provided when handleChange is invoked" duration="14"/>
  </file>
  <file path="/Users/user/Documents/GitHub/retailcore-mfe-investment-management/src/__tests__/modals/Rejection.test.tsx">
    <testCase name="handleSuccess should set options for ProductSearch component when userIsSuccess is true and branchMembersData is not null or undefined" duration="16"/>
    <testCase name="handleSuccess should not call setUsers when userIsSuccess is false" duration="9"/>
    <testCase name="handleSuccess should call setUsers with an empty array when branchMembersData is an empty array" duration="20"/>
    <testCase name="Rejection should render the Rejection modal with the correct UI and props" duration="1576"/>
    <testCase name="Rejection should display the correct title and labels for the form inputs" duration="237"/>
  </file>
  <file path="/Users/user/Documents/GitHub/retailcore-mfe-investment-management/src/__tests__/components/Dropdown.test.tsx">
    <testCase name="Dropdown renders without crashing" duration="292"/>
    <testCase name="Dropdown matches snapshot" duration="66"/>
    <testCase name="Dropdown selects the right icon" duration="27"/>
    <testCase name="Dropdown renders right icon when button is clicked" duration="584"/>
    <testCase name="Dropdown applies active class to the selected option" duration="184"/>
  </file>
  <file path="/Users/user/Documents/GitHub/retailcore-mfe-investment-management/src/__tests__/components/FormStepComponent.test.tsx">
    <testCase name="FormStepComponent should render the correct number of form step items when formStepItems is not empty" duration="93"/>
    <testCase name="FormStepComponent should render the correct label for each form step item when formStepItems is not empty" duration="35"/>
    <testCase name="FormStepComponent should render the correct index for each form step item when formStepItems is not empty" duration="55"/>
    <testCase name="FormStepComponent should handle empty formStepItems array and render default form step item" duration="49"/>
    <testCase name="FormStepComponent should handle step value greater than the number of formStepItems and render last form step item" duration="38"/>
    <testCase name="FormStepComponent should handle step value less than 1 and render first form step item" duration="58"/>
  </file>
  <file path="/Users/user/Documents/GitHub/retailcore-mfe-investment-management/src/__tests__/modals/Status.test.tsx">
    <testCase name="Success Modal renders without crashing" duration="68"/>
    <testCase name="Success Modal matches snapshot" duration="17"/>
    <testCase name="Success Modal can close modal pathname !== /product-management" duration="441"/>
    <testCase name="Success Modal can close modal when canclose is true" duration="347"/>
    <testCase name="Prompt Modal renders without crashing" duration="5"/>
    <testCase name="Prompt Modal matches snapshot" duration="135"/>
    <testCase name="Prompt Modal can close modal pathname !== /product-management" duration="499"/>
    <testCase name="Prompt Modal can close modal when canclose is true" duration="220"/>
    <testCase name="Failed Modal matches snapshot" duration="270"/>
    <testCase name="Failed Modal can close modal pathname !== /product-management" duration="239"/>
    <testCase name="Failed Modal can close modal when canclose is true" duration="358"/>
  </file>
  <file path="/Users/user/Documents/GitHub/retailcore-mfe-investment-management/src/__tests__/components/Loader.test.tsx">
    <testCase name="Breadcrumbs renders without crashing" duration="234"/>
    <testCase name="Breadcrumbs matches snapshot" duration="48"/>
    <testCase name="Loader should render Loader component when isOpen is true" duration="770"/>
    <testCase name="Loader should not render Loader component when isOpen is false" duration="167"/>
    <testCase name="Loader should not throw an error when setIsOpen is not provided" duration="182"/>
    <testCase name="Loader should spin the AiOutlineLoading icon when Loader component is rendered" duration="423"/>
    <testCase name="Loader should display the text prop in the Loader component" duration="334"/>
  </file>
  <file path="/Users/user/Documents/GitHub/retailcore-mfe-investment-management/src/__tests__/components/table/index.test.tsx">
    <testCase name="handleProductsDropdown should return an array of dropdown options based on the status parameter" duration="400"/>
    <testCase name="handleProductsDropdown should filter out options based on the isChecker parameter" duration="3"/>
    <testCase name="handleProductsDropdown should filter out options based on the permissions parameter" duration="2"/>
    <testCase name="TableComponent should render a table with headers and rows" duration="1046"/>
    <testCase name="TableComponent should display a loading indicator when data is being fetched" duration="103"/>
    <testCase name="TextCellContent renders text content and dot correctly" duration="23"/>
    <testCase name="TextCellContent renders &quot;-&quot; when value is falsy" duration="5"/>
    <testCase name="ProductNameCellContent renders product code correctly" duration="52"/>
    <testCase name="ProductNameCellContent renders &quot;-&quot; when product code is falsy" duration="18"/>
    <testCase name="UpdatedOnCellContent should render the date and time in the correct format" duration="40"/>
    <testCase name="UpdatedOnCellContent should render nothing when value is null or undefined" duration="141"/>
    <testCase name="UpdatedOnCellContent should render nothing when value is not a valid date" duration="138"/>
    <testCase name="UpdatedOnCellContent should render nothing when value is not a string or a date object" duration="163"/>
    <testCase name="UpdatedOnCellContent should render the date and time in the correct format for a different timezone" duration="65"/>
    <testCase name="StateCellContent should render a span element with the given value as its text content" duration="7"/>
    <testCase name="StateCellContent should apply a class to the span element based on the value passed to the function" duration="8"/>
    <testCase name="StatusCellContent should render a span element with the specific class based on the value passed as props" duration="6"/>
    <testCase name="StatusCellContent should call handleUserView function to determine the text content of the span element" duration="6"/>
    <testCase name="StatusCellContent should call handleColorState function to determine the background color of the span element" duration="251"/>
    <testCase name="StatusCellContent should render a span element with the default class and value as text content when the value passed as props does not match any of the cases in handleUserView and handleColorState" duration="80"/>
    <testCase name="StatusCellContent should default the isChecker prop to false if it is not a boolean" duration="7"/>
    <testCase name="StatusCellContent should render a FaEye icon next to the text content" duration="60"/>
    <testCase name="ActionsCellContent should render a DropdownButton component with the given dropDownOptions and onClick props" duration="189"/>
    <testCase name="ActionsCellContent should render a DropdownButton component with empty options when dropDownOptions prop is not provided" duration="428"/>
  </file>
  <file path="/Users/user/Documents/GitHub/retailcore-mfe-investment-management/src/__tests__/components/PreLoader.test.tsx">
    <testCase name="renders the PreLoader component" duration="65"/>
  </file>
  <file path="/Users/user/Documents/GitHub/retailcore-mfe-investment-management/src/__tests__/modals/Confirm.test.tsx">
    <testCase name="Confirm renders without crashing" duration="32"/>
    <testCase name="Confirm should render a modal with the given text and subtext" duration="479"/>
    <testCase name="Confirm should render a cancel buttons  and a confirm button" duration="217"/>
    <testCase name="Confirm closes modal when cancel button 1 clicked" duration="158"/>
    <testCase name="Confirm Calls onCancel when cancel button 2 clicked" duration="127"/>
    <testCase name="Confirm should call onConfirm when confirm button is clicked" duration="119"/>
  </file>
  <file path="/Users/user/Documents/GitHub/retailcore-mfe-investment-management/src/__tests__/components/forms/MultiSelect.test.tsx">
    <testCase name="MultiSelect renders without crashing" duration="54"/>
    <testCase name="MultiSelect opens and closes dropdown when clicked" duration="338"/>
    <testCase name="MultiSelect should toggle dropdown when button is clicked" duration="314"/>
    <testCase name="MultiSelect should select/deselect option when checkbox is clicked" duration="332"/>
    <testCase name="MultiSelect should render correctly with an empty options array" duration="95"/>
    <testCase name="MultiSelect should check select all" duration="140"/>
    <testCase name="MultiSelect should update checkbox state when props change" duration="81"/>
    <testCase name="closeDropdown should set isOpen state to false when setIsOpen is called with false" duration="7"/>
    <testCase name="closeDropdown should handle setIsOpen being called with a boolean value" duration="2"/>
    <testCase name="handleChange should add a new option to selectedOptions array when it does not exist" duration="3"/>
    <testCase name="handleChange should remove an option from selectedOptions array when it already exists" duration="15"/>
    <testCase name="handleChange should call setSelectedOptions with the same array when an option is already selected" duration="3"/>
  </file>
  <file path="/Users/user/Documents/GitHub/retailcore-mfe-investment-management/src/__tests__/forms/ComboSelect.test.tsx">
    <testCase name="ComboSelect renders without crashing" duration="307"/>
    <testCase name="ComboSelect matches snapshot" duration="45"/>
    <testCase name="ComboSelect should open the dropdown when the button is clicked" duration="248"/>
    <testCase name="ComboSelect should update selected options when all products and their members are selected" duration="226"/>
    <testCase name="ComboSelect should update selected options when a product and its members are deselected" duration="86"/>
    <testCase name="ComboSelect should update selected options when all products and their members are deselected" duration="267"/>
    <testCase name="ComboSelect should filter the options correctly when searching for a product" duration="49"/>
    <testCase name="ComboSelect should update selected options when a product and its members are selected" duration="59"/>
    <testCase name="closeDropdown should set isOpen state to false when called with setIsOpen(false)" duration="2"/>
    <testCase name="closeDropdown should not throw an error when called with setIsOpen(undefined)" duration="2"/>
    <testCase name="closeDropdown should not throw an error when called with setIsOpen(null)" duration="70"/>
    <testCase name="closeDropdown should not throw an error when called with setIsOpen(0)" duration="21"/>
    <testCase name="closeDropdown should not throw an error when called with setIsOpen(&quot;&quot;)" duration="6"/>
    <testCase name="closeDropdown should not throw an error when called with setIsOpen({})" duration="2"/>
    <testCase name="handleChange should add a new product to selOptions if it doesnt exist" duration="2"/>
    <testCase name="handleChange should remove a product from selOptions if it already exists" duration="2"/>
    <testCase name="productContainsMember should return true when the product contains the member" duration="76"/>
    <testCase name="productContainsMember should return false when the product does not contain the member" duration="4"/>
    <testCase name="productContainsMember should return false when the product is empty" duration="10"/>
    <testCase name="productContainsMember should return false when the member is empty" duration="2"/>
    <testCase name="productContainsMember should return false when the member is null" duration="1"/>
    <testCase name="addNewProduct should return a new array with the new product added to the end of the input array" duration="2"/>
    <testCase name="addNewProduct should not modify the input array" duration="2"/>
    <testCase name="addNewProduct should work with an empty input array" duration="2"/>
    <testCase name="createProduct should return an object with &quot;product&quot; and &quot;members&quot; properties when valid id and members are provided" duration="2"/>
    <testCase name="createProduct should return an object with an empty &quot;members&quot; array when no members are provided" duration="2"/>
    <testCase name="createProduct should handle special characters and spaces in id and member names" duration="1"/>
    <testCase name="createProduct should handle a large number of members" duration="4"/>
    <testCase name="createProduct should handle empty strings as id and member names" duration="2"/>
    <testCase name="handleMemberToggle should add member to product when member is not selected" duration="71"/>
    <testCase name="handleMemberToggle should remove member from product when member is already selected" duration="7"/>
    <testCase name="handleMemberToggle should add product and member to selected options when product is not selected" duration="1"/>
    <testCase name="handleMemberToggle should add member to product when product is already selected but with no members" duration="6"/>
    <testCase name="handleMemberToggle should add member to product when product is already selected with other members" duration="7"/>
    <testCase name="addMemberToProduct should add a member to a product with no existing members" duration="8"/>
    <testCase name="addMemberToProduct should add a member to a product with existing members" duration="1"/>
    <testCase name="addMemberToProduct should return the original products array if memberId is undefined" duration="3"/>
    <testCase name="addMemberToProduct should return the original products array if memberId is already in the product" duration="2"/>
    <testCase name="removeMemberFromProduct should remove a member from a product with multiple members" duration="2"/>
    <testCase name="removeMemberFromProduct should remove a member from a product with only one member" duration="3"/>
    <testCase name="removeMemberFromProduct should handle removing a non-existent member from a product" duration="3"/>
  </file>
  <file path="/Users/user/Documents/GitHub/retailcore-mfe-investment-management/src/__tests__/components/forms/MinMaxInput.test.tsx">
    <testCase name="MinMaxInput should render an input field with default value and placeholder" duration="153"/>
    <testCase name="MinMaxInput should allow user input and trigger change event" duration="78"/>
    <testCase name="MinMaxInput should clear errors when input value changes" duration="144"/>
    <testCase name="MinMaxInput should display red border when there is an error" duration="17"/>
    <testCase name="MinMaxInput should not display red border when there is no error" duration="25"/>
    <testCase name="MinMaxInput should display default placeholder if not provided" duration="19"/>
    <testCase name="MinMaxInput renders without errors" duration="175"/>
    <testCase name="MinMaxInput handles value change" duration="12"/>
  </file>
  <file path="/Users/user/Documents/GitHub/retailcore-mfe-investment-management/src/__tests__/forms/CustomComboSelect.test.tsx">
    <testCase name="CustomComboSelect Renders without errors" duration="208"/>
  </file>
  <file path="/Users/user/Documents/GitHub/retailcore-mfe-investment-management/src/__tests__/forms/FormDate.test.tsx">
    <testCase name="FormDate component should update date on date change" duration="646"/>
    <testCase name="FormDate component should display error message when there is an error" duration="160"/>
  </file>
  <file path="/Users/user/Documents/GitHub/retailcore-mfe-investment-management/src/__tests__/components/TopBar.test.tsx">
    <testCase name="Tabs should renderWithProviders a list of tabs with titles and urls" duration="294"/>
    <testCase name="should set active tab and update search term" duration="228"/>
    <testCase name="renderWithProviderss TopBar component" duration="191"/>
    <testCase name="getSearchResult should call getProducts with correct parameters and set search results" duration="5"/>
    <testCase name="getSearchResult should set search results to empty array when given empty string value" duration="12"/>
    <testCase name="Tabs should renderWithProviders tabs with correct titles and styles" duration="38"/>
    <testCase name="Tabs should update active tab and navigate to correct URL when a tab is clicked" duration="64"/>
    <testCase name="TopBar should renderWithProviders the top bar component without errors" duration="31"/>
    <testCase name="TopBar should display the Product Factory title" duration="40"/>
    <testCase name="TopBar should display the Create new product button" duration="192"/>
    <testCase name="TopBar should disable the Create new product button when permissions are not provided" duration="27"/>
  </file>
  <file path="/Users/user/Documents/GitHub/retailcore-mfe-investment-management/src/__tests__/components/Pages/term-deposit/forms/accounting-entries-and-events.test.tsx">
    <testCase name="AccountingEntriesAndEvents Renders without error" duration="281"/>
  </file>
  <file path="/Users/user/Documents/GitHub/retailcore-mfe-investment-management/src/__tests__/components/FormTooltip.test.tsx">
    <testCase name="FormToolTip Renders without errors" duration="127"/>
  </file>
  <file path="/Users/user/Documents/GitHub/retailcore-mfe-investment-management/src/__tests__/components/StatusCard.test.tsx">
    <testCase name="StatusCard Renders without error" duration="287"/>
    <testCase name="StatusButton Renders without error" duration="67"/>
    <testCase name="StatusButton Shows spinner while loading" duration="10"/>
    <testCase name="sortOptions Sorts and returns expected options in &apos;all products&apos; category" duration="11"/>
    <testCase name="sortOptions Sorts and returns expected options in &apos;requests&apos; category" duration="8"/>
    <testCase name="StatusCategoryButton Renders without error" duration="71"/>
    <testCase name="handleActiveType Sets status to &quot;&quot; when activeType === all " duration="3"/>
    <testCase name="handleActiveType Sets status according to various activeTypes" duration="29"/>
  </file>
  <file path="/Users/user/Documents/GitHub/retailcore-mfe-investment-management/src/__tests__/components/investment/dashboard/TableComponent.test.tsx">
    <testCase name="handleDropdown should return an array of options based on the status, isChecker, locked, and permissions parameters" duration="20"/>
    <testCase name="handleDropdown should filter out &quot;deactivate&quot; and &quot;activate&quot; options if user does not have &quot;CREATE_PRODUCT&quot; permission" duration="2"/>
    <testCase name="handleDropdown should filter out &quot;modify&quot; option if user does not have &quot;CREATE_PRODUCT&quot; permission and is not a checker" duration="3"/>
    <testCase name="handleDropdown should return an array with only &quot;view&quot; option if locked parameter is true and &quot;view&quot; option exists" duration="3"/>
    <testCase name="handleDropdown should return an empty array if locked parameter is true and &quot;view&quot; option does not exist" duration="4"/>
    <testCase name="handleDropdown should return an array with only &quot;view&quot; option if isChecker parameter is true and &quot;view&quot; option exists" duration="3"/>
    <testCase name="handleHeaders should filter out &apos;created_by&apos; when isChecker is true" duration="3"/>
    <testCase name="handleHeaders should filter out &apos;approved_By&apos; when isChecker is false" duration="53"/>
    <testCase name="handleDownload should generate CSV for requests category" duration="18"/>
    <testCase name="handleDownload should generate CSV for product category" duration="3"/>
    <testCase name="handleDownload should not generate CSV if downloadData is empty" duration="3"/>
  </file>
  <file path="/Users/user/Documents/GitHub/retailcore-mfe-investment-management/src/__tests__/components/forms/MultiSelectForm.tsx">
    <testCase name="MultiSelectForm should render a label with the provided labelName prop" duration="161"/>
    <testCase name="MultiSelectForm should render a button with the provided placeholder prop" duration="31"/>
    <testCase name="MultiSelectForm should open a dropdown with options when the button is clicked" duration="440"/>
    <testCase name="MultiSelectForm should handle the case where no options are provided" duration="98"/>
    <testCase name="MultiSelectForm should handle the case where no labelName prop is provided" duration="25"/>
    <testCase name="MultiSelectForm should handle the case where no inputName prop is provided" duration="57"/>
    <testCase name="handleChange should add a new value to selectedOptions array when it doesnt already exist" duration="12"/>
    <testCase name="handleChange should remove a value from selectedOptions array when it already exists" duration="4"/>
    <testCase name="handleChange should handle null or undefined value parameter" duration="5"/>
    <testCase name="handleChange should handle null or undefined setSelectedOptions parameter" duration="36"/>
    <testCase name="handleChange should handle null or undefined id parameter" duration="2"/>
    <testCase name="closeDropdown should set isOpen state to false when called with setIsOpen(false)" duration="6"/>
    <testCase name="closeDropdown should not throw an error when called with setIsOpen" duration="77"/>
    <testCase name="closeDropdown should not have any side effects other than setting isOpen state to false" duration="8"/>
    <testCase name="closeDropdown should not affect any other state or props" duration="10"/>
  </file>
  <file path="/Users/user/Documents/GitHub/retailcore-mfe-investment-management/src/__tests__/App.test.tsx">
    <testCase name="Test App Component If App is rendered wihout issues" duration="269"/>
  </file>
  <file path="/Users/user/Documents/GitHub/retailcore-mfe-investment-management/src/__tests__/forms/InfoLabel.test.tsx">
    <testCase name="InfoLabel Renders without errors" duration="127"/>
  </file>
  <file path="/Users/user/Documents/GitHub/retailcore-mfe-investment-management/src/__tests__/forms/FormUpload.test.tsx">
    <testCase name="FormUpload renders without crashing" duration="87"/>
    <testCase name="FormUpload matches snapshot" duration="54"/>
    <testCase name="FormUpload should reset all state variables when handleReset is called" duration="4"/>
    <testCase name="handleFileChange should select a file and set the file type correctly" duration="5"/>
    <testCase name="handleFileChange should set an error message when the file size exceeds the maximum allowed size" duration="7"/>
    <testCase name="handleFileChange should set an error message when no file is selected" duration="133"/>
    <testCase name="handleFileChange should display an error message when selecting a file with an invalid extension" duration="15"/>
    <testCase name="FormUpload should display error message when selecting a file with an unsupported file type" duration="112"/>
    <testCase name="handleDrag should set dragActive to true when dragenter event is triggered" duration="3"/>
    <testCase name="handleDrag should set dragActive to true when dragover event is triggered" duration="3"/>
    <testCase name="handleDrag should set dragActive to false when dragleave event is triggered" duration="4"/>
    <testCase name="handleReset should reset upload data to an empty array" duration="3"/>
    <testCase name="handleReset should set status to null" duration="5"/>
    <testCase name="handleDrop should read and process a valid file when dropped" duration="24"/>
    <testCase name="handleDrop should process a file with a valid file type when dropped" duration="3"/>
    <testCase name="handleDrop should read and process a file with a valid file type when dropped" duration="5"/>
    <testCase name="handleDrop should process a file with a valid file type when dropped" duration="4"/>
    <testCase name="handleDrop should process a file with a valid file type when dropped" duration="101"/>
    <testCase name="handleDrop should set an error message when the file type is not supported" duration="4"/>
    <testCase name="handleDrop should set the base64 image correctly when the file is read" duration="6"/>
  </file>
  <file path="/Users/user/Documents/GitHub/retailcore-mfe-investment-management/src/__tests__/MinMaxInput.test.tsx">
    <testCase name="MinMaxInput Renders without error" duration="116">
      <failure message="TestingLibraryElementError: Unable to find an element with the placeholder text of: 0"><![CDATA[TestingLibraryElementError: Unable to find an element with the placeholder text of: 0

Ignored nodes: comments, script, style
<body>
  <div>
    <div>
      <div
        class="undefined flex items-center gap-4"
      >
        <div>
          MyLabel
        </div>
        <div
          class="text-[#636363]"
        >
          ngn
        </div>
        <div
          class="w-full flex flex-col gap-2"
        >
          <div
            class="relative flex items-center max-w-[642px]"
          >
            <input
              class="placeholder-[#BCBBBB] ring-0 outline-none w-full py-1 pl-2 pr-4  border-b border-[#8F8F8F] placeholder:text-[#BCBBBB] border-[#8F8F8F]"
              data-testid="min-max-input"
              placeholder="amount"
              type="text"
              value="0"
            />
            <div
              class="absolute right-0 text-xs text-[#8F8F8F] flex items-center gap-x-[11px]"
            />
          </div>
        </div>
      </div>
    </div>
  </div>
</body>
    at Object.getElementError (/Users/user/Documents/GitHub/retailcore-mfe-investment-management/node_modules/@testing-library/dom/dist/config.js:37:19)
    at /Users/user/Documents/GitHub/retailcore-mfe-investment-management/node_modules/@testing-library/dom/dist/query-helpers.js:76:38
    at /Users/user/Documents/GitHub/retailcore-mfe-investment-management/node_modules/@testing-library/dom/dist/query-helpers.js:52:17
    at getByPlaceholderText (/Users/user/Documents/GitHub/retailcore-mfe-investment-management/node_modules/@testing-library/dom/dist/query-helpers.js:95:19)
    at Object.<anonymous> (/Users/user/Documents/GitHub/retailcore-mfe-investment-management/src/__tests__/MinMaxInput.test.tsx:12:23)
    at Promise.then.completed (/Users/user/Documents/GitHub/retailcore-mfe-investment-management/node_modules/jest-circus/build/utils.js:391:28)
    at new Promise (<anonymous>)
    at callAsyncCircusFn (/Users/user/Documents/GitHub/retailcore-mfe-investment-management/node_modules/jest-circus/build/utils.js:316:10)
    at _callCircusTest (/Users/user/Documents/GitHub/retailcore-mfe-investment-management/node_modules/jest-circus/build/run.js:218:40)
    at processTicksAndRejections (node:internal/process/task_queues:95:5)
    at _runTest (/Users/user/Documents/GitHub/retailcore-mfe-investment-management/node_modules/jest-circus/build/run.js:155:3)
    at _runTestsForDescribeBlock (/Users/user/Documents/GitHub/retailcore-mfe-investment-management/node_modules/jest-circus/build/run.js:66:9)
    at _runTestsForDescribeBlock (/Users/user/Documents/GitHub/retailcore-mfe-investment-management/node_modules/jest-circus/build/run.js:60:9)
    at run (/Users/user/Documents/GitHub/retailcore-mfe-investment-management/node_modules/jest-circus/build/run.js:25:3)
    at runAndTransformResultsToJestFormat (/Users/user/Documents/GitHub/retailcore-mfe-investment-management/node_modules/jest-circus/build/legacy-code-todo-rewrite/jestAdapterInit.js:170:21)
    at jestAdapter (/Users/user/Documents/GitHub/retailcore-mfe-investment-management/node_modules/jest-circus/build/legacy-code-todo-rewrite/jestAdapter.js:82:19)
    at runTestInternal (/Users/user/Documents/GitHub/retailcore-mfe-investment-management/node_modules/jest-runner/build/runTest.js:389:16)
    at runTest (/Users/user/Documents/GitHub/retailcore-mfe-investment-management/node_modules/jest-runner/build/runTest.js:475:34)
    at Object.worker (/Users/user/Documents/GitHub/retailcore-mfe-investment-management/node_modules/jest-runner/build/testWorker.js:133:12)]]></failure>
    </testCase>
    <testCase name="MinMaxInput Renders error" duration="12"/>
    <testCase name="MinMaxInput Shows button if &apos;hasButton&apos; is true" duration="10"/>
    <testCase name="MinMaxInput Shows percent sign (%) if &apos;isPercent&apos; is true" duration="35"/>
    <testCase name="MinMaxInput sets default value" duration="16">
      <failure message="TestingLibraryElementError: Unable to find an element with the placeholder text of: 0"><![CDATA[TestingLibraryElementError: Unable to find an element with the placeholder text of: 0

Ignored nodes: comments, script, style
<body>
  <div>
    <div>
      <div
        class="undefined flex items-center gap-4"
      >
        <div>
          MyLabel
        </div>
        <div
          class="text-[#636363]"
        >
          ngn
        </div>
        <div
          class="w-full flex flex-col gap-2"
        >
          <div
            class="relative flex items-center max-w-[642px]"
          >
            <input
              class="placeholder-[#BCBBBB] ring-0 outline-none w-full py-1 pl-2 pr-4  border-b border-[#8F8F8F] placeholder:text-[#BCBBBB] border-red-600"
              data-testid="min-max-input"
              max="20"
              placeholder="amount"
              type="number"
              value="12"
            />
            <span
              class="absolute right-1"
              data-testid="percent"
            >
              %
            </span>
            <div
              class="absolute right-0 text-xs text-[#8F8F8F] flex items-center gap-x-[11px]"
            >
              <span>
                0
                /
                50
              </span>
            </div>
          </div>
        </div>
      </div>
      <span
        class="text-sm text-danger-500"
      >
        invalid
      </span>
    </div>
  </div>
</body>
    at Object.getElementError (/Users/user/Documents/GitHub/retailcore-mfe-investment-management/node_modules/@testing-library/dom/dist/config.js:37:19)
    at /Users/user/Documents/GitHub/retailcore-mfe-investment-management/node_modules/@testing-library/dom/dist/query-helpers.js:76:38
    at /Users/user/Documents/GitHub/retailcore-mfe-investment-management/node_modules/@testing-library/dom/dist/query-helpers.js:52:17
    at getByPlaceholderText (/Users/user/Documents/GitHub/retailcore-mfe-investment-management/node_modules/@testing-library/dom/dist/query-helpers.js:95:19)
    at Object.<anonymous> (/Users/user/Documents/GitHub/retailcore-mfe-investment-management/src/__tests__/MinMaxInput.test.tsx:47:30)
    at Promise.then.completed (/Users/user/Documents/GitHub/retailcore-mfe-investment-management/node_modules/jest-circus/build/utils.js:391:28)
    at new Promise (<anonymous>)
    at callAsyncCircusFn (/Users/user/Documents/GitHub/retailcore-mfe-investment-management/node_modules/jest-circus/build/utils.js:316:10)
    at _callCircusTest (/Users/user/Documents/GitHub/retailcore-mfe-investment-management/node_modules/jest-circus/build/run.js:218:40)
    at processTicksAndRejections (node:internal/process/task_queues:95:5)
    at _runTest (/Users/user/Documents/GitHub/retailcore-mfe-investment-management/node_modules/jest-circus/build/run.js:155:3)
    at _runTestsForDescribeBlock (/Users/user/Documents/GitHub/retailcore-mfe-investment-management/node_modules/jest-circus/build/run.js:66:9)
    at _runTestsForDescribeBlock (/Users/user/Documents/GitHub/retailcore-mfe-investment-management/node_modules/jest-circus/build/run.js:60:9)
    at run (/Users/user/Documents/GitHub/retailcore-mfe-investment-management/node_modules/jest-circus/build/run.js:25:3)
    at runAndTransformResultsToJestFormat (/Users/user/Documents/GitHub/retailcore-mfe-investment-management/node_modules/jest-circus/build/legacy-code-todo-rewrite/jestAdapterInit.js:170:21)
    at jestAdapter (/Users/user/Documents/GitHub/retailcore-mfe-investment-management/node_modules/jest-circus/build/legacy-code-todo-rewrite/jestAdapter.js:82:19)
    at runTestInternal (/Users/user/Documents/GitHub/retailcore-mfe-investment-management/node_modules/jest-runner/build/runTest.js:389:16)
    at runTest (/Users/user/Documents/GitHub/retailcore-mfe-investment-management/node_modules/jest-runner/build/runTest.js:475:34)
    at Object.worker (/Users/user/Documents/GitHub/retailcore-mfe-investment-management/node_modules/jest-runner/build/testWorker.js:133:12)]]></failure>
    </testCase>
  </file>
  <file path="/Users/user/Documents/GitHub/retailcore-mfe-investment-management/src/__tests__/ReviewStatus.test.tsx">
    <testCase name="ReviewStatus Renders without error" duration="303"/>
    <testCase name="ReviewStatus Render for rejection case" duration="52"/>
  </file>
  <file path="/Users/user/Documents/GitHub/retailcore-mfe-investment-management/src/__tests__/customer-eligibility-criteria.test.tsx">
    <testCase name="ProductInformation Renders without error" duration="468"/>
  </file>
  <file path="/Users/user/Documents/GitHub/retailcore-mfe-investment-management/src/__tests__/modals/SelectRequirements.test.tsx">
    <testCase name="SelectRequirements should render the modal layout with the given header and subtext" duration="414"/>
    <testCase name="SelectRequirements should render the children components passed to it" duration="95"/>
    <testCase name="SelectRequirements should render the select button when hideBtn is false" duration="310"/>
    <testCase name="SelectRequirements should render the modal layout without subtext" duration="153"/>
    <testCase name="SelectRequirements should render the modal layout without children components" duration="119"/>
    <testCase name="SelectRequirements should render the modal layout without a cancel button" duration="67"/>
  </file>
  <file path="/Users/user/Documents/GitHub/retailcore-mfe-investment-management/src/__tests__/components/ui/CascadingDropdown.test.tsx">
    <testCase name="CascadingDropdown should render a dropdown button with a label and a list of items" duration="206"/>
    <testCase name="CascadingDropdown should display the list of items when the dropdown button is clicked" duration="58"/>
    <testCase name="CascadingDropdown should allow the user to click on an item and navigate to its link" duration="28"/>
    <testCase name="CascadingDropdown should render a dropdown button with a default label when no label is provided" duration="11"/>
    <testCase name="CascadingDropdown should render a dropdown button with default classes when no classes are provided" duration="186"/>
    <testCase name="CascadingDropdown should render a dropdown button with no items when no items are provided" duration="14"/>
  </file>
  <file path="/Users/user/Documents/GitHub/retailcore-mfe-investment-management/src/__tests__/IndexComponent.test.tsx">
    <testCase name="IndexComponent Renders without error" duration="445">
      <failure message="TypeError: Cannot destructure property &apos;process&apos; of &apos;((cov_2ehrbo57w1(...).s[2]++) , (0 , _reactRouterDom.useParams)(...))&apos; as it is undefined."><![CDATA[TypeError: Cannot destructure property 'process' of '((cov_2ehrbo57w1(...).s[2]++) , (0 , _reactRouterDom.useParams)(...))' as it is undefined.
    at CreateTermDeposit (/Users/user/Documents/GitHub/retailcore-mfe-investment-management/src/pages/investment/term-deposit/create-term-deposit/IndexComponent.tsx:39:11)
    at renderWithHooks (/Users/user/Documents/GitHub/retailcore-mfe-investment-management/node_modules/react-dom/cjs/react-dom.development.js:14985:18)
    at mountIndeterminateComponent (/Users/user/Documents/GitHub/retailcore-mfe-investment-management/node_modules/react-dom/cjs/react-dom.development.js:17811:13)
    at beginWork (/Users/user/Documents/GitHub/retailcore-mfe-investment-management/node_modules/react-dom/cjs/react-dom.development.js:19049:16)
    at HTMLUnknownElement.callCallback (/Users/user/Documents/GitHub/retailcore-mfe-investment-management/node_modules/react-dom/cjs/react-dom.development.js:3945:14)
    at HTMLUnknownElement.callTheUserObjectsOperation (/Users/user/Documents/GitHub/retailcore-mfe-investment-management/node_modules/jsdom/lib/jsdom/living/generated/EventListener.js:26:30)
    at innerInvokeEventListeners (/Users/user/Documents/GitHub/retailcore-mfe-investment-management/node_modules/jsdom/lib/jsdom/living/events/EventTarget-impl.js:338:25)
    at invokeEventListeners (/Users/user/Documents/GitHub/retailcore-mfe-investment-management/node_modules/jsdom/lib/jsdom/living/events/EventTarget-impl.js:274:3)
    at HTMLUnknownElementImpl._dispatch (/Users/user/Documents/GitHub/retailcore-mfe-investment-management/node_modules/jsdom/lib/jsdom/living/events/EventTarget-impl.js:221:9)
    at HTMLUnknownElementImpl.dispatchEvent (/Users/user/Documents/GitHub/retailcore-mfe-investment-management/node_modules/jsdom/lib/jsdom/living/events/EventTarget-impl.js:94:17)
    at HTMLUnknownElement.dispatchEvent (/Users/user/Documents/GitHub/retailcore-mfe-investment-management/node_modules/jsdom/lib/jsdom/living/generated/EventTarget.js:231:34)
    at Object.invokeGuardedCallbackDev (/Users/user/Documents/GitHub/retailcore-mfe-investment-management/node_modules/react-dom/cjs/react-dom.development.js:3994:16)
    at invokeGuardedCallback (/Users/user/Documents/GitHub/retailcore-mfe-investment-management/node_modules/react-dom/cjs/react-dom.development.js:4056:31)
    at beginWork$1 (/Users/user/Documents/GitHub/retailcore-mfe-investment-management/node_modules/react-dom/cjs/react-dom.development.js:23964:7)
    at performUnitOfWork (/Users/user/Documents/GitHub/retailcore-mfe-investment-management/node_modules/react-dom/cjs/react-dom.development.js:22779:12)
    at workLoopSync (/Users/user/Documents/GitHub/retailcore-mfe-investment-management/node_modules/react-dom/cjs/react-dom.development.js:22707:5)
    at renderRootSync (/Users/user/Documents/GitHub/retailcore-mfe-investment-management/node_modules/react-dom/cjs/react-dom.development.js:22670:7)
    at performSyncWorkOnRoot (/Users/user/Documents/GitHub/retailcore-mfe-investment-management/node_modules/react-dom/cjs/react-dom.development.js:22293:18)
    at scheduleUpdateOnFiber (/Users/user/Documents/GitHub/retailcore-mfe-investment-management/node_modules/react-dom/cjs/react-dom.development.js:21881:7)
    at updateContainer (/Users/user/Documents/GitHub/retailcore-mfe-investment-management/node_modules/react-dom/cjs/react-dom.development.js:25482:3)
    at /Users/user/Documents/GitHub/retailcore-mfe-investment-management/node_modules/react-dom/cjs/react-dom.development.js:26021:7
    at unbatchedUpdates (/Users/user/Documents/GitHub/retailcore-mfe-investment-management/node_modules/react-dom/cjs/react-dom.development.js:22431:12)
    at legacyRenderSubtreeIntoContainer (/Users/user/Documents/GitHub/retailcore-mfe-investment-management/node_modules/react-dom/cjs/react-dom.development.js:26020:5)
    at Object.render (/Users/user/Documents/GitHub/retailcore-mfe-investment-management/node_modules/react-dom/cjs/react-dom.development.js:26103:10)
    at /Users/user/Documents/GitHub/retailcore-mfe-investment-management/node_modules/@testing-library/react/dist/pure.js:101:25
    at batchedUpdates$1 (/Users/user/Documents/GitHub/retailcore-mfe-investment-management/node_modules/react-dom/cjs/react-dom.development.js:22380:12)
    at act (/Users/user/Documents/GitHub/retailcore-mfe-investment-management/node_modules/react-dom/cjs/react-dom-test-utils.development.js:1042:14)
    at render (/Users/user/Documents/GitHub/retailcore-mfe-investment-management/node_modules/@testing-library/react/dist/pure.js:97:26)
    at renderWithProviders (/Users/user/Documents/GitHub/retailcore-mfe-investment-management/src/utils/test-util.tsx:22:28)
    at Object.<anonymous> (/Users/user/Documents/GitHub/retailcore-mfe-investment-management/src/__tests__/IndexComponent.test.tsx:7:28)
    at Promise.then.completed (/Users/user/Documents/GitHub/retailcore-mfe-investment-management/node_modules/jest-circus/build/utils.js:391:28)
    at new Promise (<anonymous>)
    at callAsyncCircusFn (/Users/user/Documents/GitHub/retailcore-mfe-investment-management/node_modules/jest-circus/build/utils.js:316:10)
    at _callCircusTest (/Users/user/Documents/GitHub/retailcore-mfe-investment-management/node_modules/jest-circus/build/run.js:218:40)
    at processTicksAndRejections (node:internal/process/task_queues:95:5)
    at _runTest (/Users/user/Documents/GitHub/retailcore-mfe-investment-management/node_modules/jest-circus/build/run.js:155:3)
    at _runTestsForDescribeBlock (/Users/user/Documents/GitHub/retailcore-mfe-investment-management/node_modules/jest-circus/build/run.js:66:9)
    at _runTestsForDescribeBlock (/Users/user/Documents/GitHub/retailcore-mfe-investment-management/node_modules/jest-circus/build/run.js:60:9)
    at run (/Users/user/Documents/GitHub/retailcore-mfe-investment-management/node_modules/jest-circus/build/run.js:25:3)
    at runAndTransformResultsToJestFormat (/Users/user/Documents/GitHub/retailcore-mfe-investment-management/node_modules/jest-circus/build/legacy-code-todo-rewrite/jestAdapterInit.js:170:21)
    at jestAdapter (/Users/user/Documents/GitHub/retailcore-mfe-investment-management/node_modules/jest-circus/build/legacy-code-todo-rewrite/jestAdapter.js:82:19)
    at runTestInternal (/Users/user/Documents/GitHub/retailcore-mfe-investment-management/node_modules/jest-runner/build/runTest.js:389:16)
    at runTest (/Users/user/Documents/GitHub/retailcore-mfe-investment-management/node_modules/jest-runner/build/runTest.js:475:34)
    at Object.worker (/Users/user/Documents/GitHub/retailcore-mfe-investment-management/node_modules/jest-runner/build/testWorker.js:133:12)]]></failure>
    </testCase>
  </file>
  <file path="/Users/user/Documents/GitHub/retailcore-mfe-investment-management/src/__tests__/modals/Approved.test.tsx">
    <testCase name="ApprovedSuccess Modal renders without crashing" duration="255"/>
    <testCase name="ApprovedSuccess Modal matches snapshot" duration="20"/>
    <testCase name="ApprovedSuccess Modal closes modal when cancel clicked" duration="566"/>
    <testCase name="ApprovedSuccess Modal calls onConfirm when form submitted" duration="281"/>
  </file>
  <file path="/Users/user/Documents/GitHub/retailcore-mfe-investment-management/src/__tests__/components/forms/MultiSelectForm2.tsx">
    <testCase name="handleChange should add a new value to selectedOptions array when it doesnt already exist" duration="11"/>
    <testCase name="handleChange should remove a value from selectedOptions array when it already exists" duration="3"/>
    <testCase name="handleChange should handle null or undefined value parameter" duration="62"/>
    <testCase name="handleChange should handle null or undefined setSelectedOptions parameter" duration="46"/>
    <testCase name="handleChange should handle null or undefined id parameter" duration="11"/>
    <testCase name="closeDropdown should set isOpen state to false when called with setIsOpen(false)" duration="2"/>
    <testCase name="closeDropdown should not throw an error when called with setIsOpen" duration="2"/>
    <testCase name="closeDropdown should not have any side effects other than setting isOpen state to false" duration="1"/>
    <testCase name="closeDropdown should not affect any other state or props" duration="80"/>
    <testCase name="MultiSelectForm2 should render a label with the provided labelName prop" duration="312"/>
    <testCase name="MultiSelectForm2 should render a search input with the provided placeholder prop" duration="11"/>
    <testCase name="MultiSelectForm2 should render a list of options with checkboxes" duration="385"/>
    <testCase name="MultiSelectForm2 should render a default placeholder when no placeholder prop is provided" duration="57"/>
  </file>
  <file path="/Users/user/Documents/GitHub/retailcore-mfe-investment-management/src/__tests__/utils/handleColorState.test.tsx">
    <testCase name="handleColorState should return the correct color state for the value &quot;approved&quot;" duration="13"/>
    <testCase name="handleColorState should return the correct color state for the value &quot;A&quot;" duration="2"/>
    <testCase name="handleColorState should return the correct color state for the value &quot;in-review&quot;" duration="539"/>
    <testCase name="handleColorState should return the correct color state for the value &quot;P&quot;" duration="140"/>
    <testCase name="handleColorState should return the correct color state for the value &quot;in-issue&quot;" duration="14"/>
    <testCase name="handleColorState should return the correct color state for the value &quot;R&quot;" duration="3"/>
    <testCase name="handleColorState should return the correct color state for the value &quot;draft&quot;" duration="2"/>
    <testCase name="handleColorState should return the correct color state for the value &quot;D&quot;" duration="4"/>
    <testCase name="handleColorState should return the correct color state for the value &quot;I&quot;" duration="79"/>
  </file>
  <file path="/Users/user/Documents/GitHub/retailcore-mfe-investment-management/src/__tests__/components/AppWrapper.test.tsx">
    <testCase name="AppWrapper Component renders children within the Provider component" duration="91"/>
  </file>
  <file path="/Users/user/Documents/GitHub/retailcore-mfe-investment-management/src/__tests__/modals/Layout.test.tsx">
    <testCase name="Layout renders children and opens and closes the modal" duration="436"/>
    <testCase name="Layout should not render children when isOpen is false" duration="86"/>
    <testCase name="Layout should render dialog with correct data-testid" duration="169"/>
  </file>
  <file path="/Users/user/Documents/GitHub/retailcore-mfe-investment-management/src/__tests__/utils/test-util.test.tsx">
    <testCase name="renderWithProviders should render the UI with the Provider wrapper and the passed options" duration="77"/>
    <testCase name="renderWithProviders should return the store and the rendered UI" duration="8"/>
  </file>
  <file path="/Users/user/Documents/GitHub/retailcore-mfe-investment-management/src/__tests__/components/ui/Icon.test.tsx">
    <testCase name="Icons should render an Icon component with the given props" duration="66"/>
  </file>
  <file path="/Users/user/Documents/GitHub/retailcore-mfe-investment-management/src/__tests__/utils/capitalizeFirstLetter.test.tsx">
    <testCase name="capitalizeFirstLetter should capitalize the first letter of a string with one word" duration="17"/>
    <testCase name="capitalizeFirstLetter should capitalize the first letter of the first word in a string with multiple words" duration="3"/>
    <testCase name="capitalizeFirstLetter should return an empty string if the input is an empty string" duration="2"/>
    <testCase name="capitalizeFirstLetter should return the input if its not a string" duration="3"/>
    <testCase name="capitalizeFirstLetter should capitalize the first letter of a string with only one letter" duration="27"/>
    <testCase name="capitalizeFirstLetter should capitalize the first letter of a string with non-alphabetic characters after the first letter" duration="2"/>
    <testCase name="capitalizeFirstLetter should capitalize the first letter of a string with numbers as the first letter" duration="9"/>
    <testCase name="capitalizeFirstLetter should capitalize the first letter of a string with a non-ASCII character as the first letter" duration="4"/>
    <testCase name="capitalizeFirstLetter should capitalize the first letter of a string with a non-ASCII character after the first letter" duration="22"/>
    <testCase name="capitalizeFirstLetter should capitalize the first letter of a string with multiple spaces between words" duration="2"/>
    <testCase name="capitalizeFirstLetter should capitalize the first letter of a non-empty string" duration="4"/>
    <testCase name="capitalizeFirstLetter should not modify an empty string" duration="2"/>
    <testCase name="capitalizeFirstLetter should return the input if it&apos;s not a string" duration="1"/>
    <testCase name="capitalizeFirstLetter should capitalize the first letter of a single-word string" duration="20"/>
    <testCase name="capitalizeFirstLetter should capitalize the first letter of each word in a sentence" duration="16"/>
    <testCase name="capitalizeFirstLetter should not modify a string with only non-alphabetic characters" duration="5"/>
    <testCase name="capitalizeFirstLetter should handle mixed case strings" duration="2"/>
    <testCase name="capitalizeFirstLetter should return a string with the first letter capitalized when input is a non-empty string" duration="5"/>
    <testCase name="capitalizeFirstLetter should return an empty string when input is an empty string" duration="6"/>
    <testCase name="capitalizeFirstLetter should return the input when it is not a string" duration="2"/>
    <testCase name="capitalizeFirstLetter should return the input when it is null" duration="2"/>
    <testCase name="capitalizeFirstLetter should return the input when it is undefined" duration="3"/>
    <testCase name="capitalizeFirstLetter should return the input when it is a number" duration="1"/>
  </file>
  <file path="/Users/user/Documents/GitHub/retailcore-mfe-investment-management/src/__tests__/utils/downloadFile.test.tsx">
    <testCase name="downloadUsingFetch should download file" duration="177"/>
  </file>
  <file path="/Users/user/Documents/GitHub/retailcore-mfe-investment-management/src/__tests__/utils/countDuplicates.test.tsx">
    <testCase name="countDuplicates should return 0 when there are no duplicates in the array" duration="10"/>
    <testCase name="countDuplicates should return the correct number of duplicates when there are duplicates in the array" duration="3"/>
    <testCase name="countDuplicates should handle arrays with multiple types of elements" duration="3"/>
    <testCase name="countDuplicates should return 0 when the array is empty" duration="3"/>
    <testCase name="countDuplicates should handle arrays with only one element" duration="9"/>
    <testCase name="countDuplicates should handle arrays with only duplicate elements" duration="3"/>
  </file>
  <file path="/Users/user/Documents/GitHub/retailcore-mfe-investment-management/src/__tests__/utils/convertKeysToLowerCase.test.tsx">
    <testCase name="convertKeysToLowerCase should convert all keys in a simple object to lowercase" duration="23"/>
    <testCase name="convertKeysToLowerCase should convert all keys in a nested object to lowercase" duration="2"/>
    <testCase name="convertKeysToLowerCase should return an empty object when given an empty object" duration="3"/>
    <testCase name="convertKeysToLowerCase should convert keys with one character to lowercase" duration="2"/>
    <testCase name="convertKeysToLowerCase should convert keys with all characters already lowercase" duration="42"/>
    <testCase name="convertKeysToLowerCase should convert keys with all characters already uppercase" duration="3"/>
  </file>
  <file path="/Users/user/Documents/GitHub/retailcore-mfe-investment-management/src/__tests__/utils/convertToDays.tsx">
    <testCase name="convertToDays should return the input duration when type is 1" duration="23"/>
    <testCase name="convertToDays should use the current date as a starting point for calculations" duration="5"/>
    <testCase name="convertToDays should throw an error when an invalid duration type is provided" duration="18"/>
    <testCase name="convertToDays should return 0 when duration is 0 and type is 2, 3 or 4" duration="5"/>
    <testCase name="convertToDays should return NaN when duration is NaN and type is 2, 3 or 4" duration="9"/>
  </file>
  <file path="/Users/user/Documents/GitHub/retailcore-mfe-investment-management/src/__tests__/utils/parseQueryParams.test.tsx">
    <testCase name="parseQueryParams should return an instance of URLSearchParams when called with valid query params" duration="10"/>
    <testCase name="parseQueryParams should append all non-array query params to the URLSearchParams instance" duration="15"/>
    <testCase name="parseQueryParams should append all items in an array query param to the URLSearchParams instance" duration="6"/>
    <testCase name="parseQueryParams should set boolean query params to their corresponding key in the URLSearchParams instance" duration="3"/>
    <testCase name="parseQueryParams should handle an empty query params object" duration="3"/>
    <testCase name="parseQueryParams should handle a query params object with null or undefined values" duration="3"/>
  </file>
  <file path="/Users/user/Documents/GitHub/retailcore-mfe-investment-management/src/__tests__/utils/ucObjectKeys.test.tsx">
    <testCase name="ucObjectKeys should throw an error when the input is not an array" duration="32"/>
    <testCase name="ucObjectKeys should handle an array with non-object elements as input" duration="20"/>
    <testCase name="ucObjectKeys should capitalize the keys of an array of objects with different keys" duration="3"/>
    <testCase name="ucObjectKeys should capitalize the keys of an array of objects with same keys" duration="20"/>
  </file>
  <file path="/Users/user/Documents/GitHub/retailcore-mfe-investment-management/src/__tests__/utils/checkEmpty.test.tsx">
    <testCase name="checkEmpty should return an empty array when all objects have all required properties" duration="54"/>
    <testCase name="checkEmpty should return an array with objects that have missing required properties" duration="2"/>
    <testCase name="checkEmpty should return an empty array when uploadData is empty" duration="3"/>
    <testCase name="checkEmpty should return an array with objects that have all required properties when uploadData contains only such objects" duration="8"/>
    <testCase name="checkEmpty should return an array with objects that have missing required properties when uploadData contains only such objects" duration="4"/>
    <testCase name="checkEmpty should return an array with objects that have missing required properties when uploadData contains objects with missing and objects with all required properties" duration="3"/>
  </file>
  <file path="/Users/user/Documents/GitHub/retailcore-mfe-investment-management/src/__tests__/utils/removeNullFromObj.test.tsx">
    <testCase name="removeNullEmptyKeys should return an empty object when the input object is empty" duration="13"/>
    <testCase name="removeNullEmptyKeys should return the same object when it has no null, undefined, empty string, or empty array values" duration="4"/>
  </file>
  <file path="/Users/user/Documents/GitHub/retailcore-mfe-investment-management/src/__tests__/utils/requestType.test.tsx">
    <testCase name="getRequestType should return &quot;bulk creation&quot; when type is &quot;BULK_CREATE&quot;" duration="25"/>
    <testCase name="getRequestType should return &quot;creation&quot; when type is &quot;CREATE&quot;" duration="3"/>
    <testCase name="getRequestType should return &quot;deactivation&quot; when type is &quot;DEACTIVATE&quot;" duration="3"/>
    <testCase name="getRequestType should return &quot;reactivation&quot; when type is &quot;REACTIVATE&quot;" duration="2"/>
    <testCase name="getRequestType should return &quot;modification&quot; when type is &quot;CHANGE&quot;" duration="18"/>
    <testCase name="getRequestType should return &quot;configuration&quot; when type is &quot;CONFIGURATION&quot;" duration="2"/>
  </file>
  <file path="/Users/user/Documents/GitHub/retailcore-mfe-investment-management/src/__tests__/utils/isNewLocation.test.tsx">
    <testCase name="isNewLocation should return false when oldData is null" duration="48"/>
    <testCase name="isNewLocation should return false when oldData is undefined" duration="2"/>
    <testCase name="isNewLocation should return false when all properties match" duration="26"/>
    <testCase name="isNewLocation should return true when at least one property does not match" duration="3"/>
    <testCase name="isNewLocation should return true when newData is null" duration="16"/>
    <testCase name="isNewLocation should return true when oldData is null and newData is defined" duration="7"/>
    <testCase name="isNewLocation should return false when oldData and newData are both null" duration="105"/>
  </file>
  <file path="/Users/user/Documents/GitHub/retailcore-mfe-investment-management/src/__tests__/utils/handleUserView.test.tsx">
    <testCase name="handleUserView should return &quot;in-review&quot; when value is &quot;P&quot; and checker is false" duration="35"/>
    <testCase name="handleUserView should return &quot;pending&quot; when value is &quot;P&quot; and checker is true" duration="3"/>
    <testCase name="handleUserView should return &quot;draft&quot; when value is &quot;D&quot;" duration="3"/>
    <testCase name="handleUserView should return &quot;approved&quot; when value is &quot;A&quot;" duration="9"/>
    <testCase name="handleUserView should return &quot;in-issue&quot; when value is &quot;I&quot; and checker is false" duration="27"/>
    <testCase name="handleUserView should return &quot;rejected&quot; when value is &quot;I&quot; and checker is true" duration="3"/>
    <testCase name="handleUserView should return &quot;in-issue&quot; when value is &quot;R&quot; and checker is false" duration="4"/>
    <testCase name="handleUserView should return &quot;rejected&quot; when value is &quot;R&quot; and checker is true" duration="21"/>
    <testCase name="handleUserView should return valye when value is &quot;T&quot; and checker is true" duration="2"/>
  </file>
  <file path="/Users/user/Documents/GitHub/retailcore-mfe-investment-management/src/__tests__/utils/cleanObject.test.tsx">
    <testCase name="cleanObject should return an empty object when passed an empty object" duration="53"/>
    <testCase name="cleanObject should return an object with all non-null, non-undefined, and non-empty string values" duration="3"/>
    <testCase name="cleanObject should return an object with all non-null, non-undefined, and non-empty values of different types" duration="3"/>
  </file>
  <file path="/Users/user/Documents/GitHub/retailcore-mfe-investment-management/src/__tests__/utils/getPercentage.test.tsx">
    <testCase name="getPercentage should return the correct percentage when total and success are positive integers" duration="12"/>
    <testCase name="getPercentage should return 100 when success is equal to total" duration="3"/>
    <testCase name="getPercentage should return 0 when success is equal to 0" duration="3"/>
    <testCase name="getPercentage should return the correct percentage when success is less than total" duration="28"/>
  </file>
  <file path="/Users/user/Documents/GitHub/retailcore-mfe-investment-management/src/__tests__/utils/sortTabStatus.test.tsx">
    <testCase name="sortTabStatus should return the id of the status object when the category is &quot;Requests&quot; and the value matches a status object type" duration="11"/>
    <testCase name="sortTabStatus should return the id of the status object when the category is &quot;StatusTypes&quot; and the value matches a status object type" duration="3"/>
  </file>
  <file path="/Users/user/Documents/GitHub/retailcore-mfe-investment-management/src/__tests__/utils/lowerObjectKeys.test.tsx">
    <testCase name="lowerObjectKeys should return an empty array when given an empty array" duration="14"/>
    <testCase name="lowerObjectKeys should return an array of objects with lowerd keys when given an array of objects with lowercase keys" duration="3"/>
    <testCase name="lowerObjectKeys should throw an error when given a non-array input" duration="36"/>
    <testCase name="lowerObjectKeys should return an array of objects with lowerd keys when given an array of objects with mixed case keys" duration="3"/>
    <testCase name="lowerObjectKeys should return an array of objects with lowerd keys when given an array of objects with only one key" duration="4"/>
    <testCase name="lowerObjectKeys should return an array of objects with lowerd keys when given an array of objects with only non-string keys" duration="3"/>
    <testCase name="lowerObjectKeys should handle objects without own properties" duration="15"/>
  </file>
  <file path="/Users/user/Documents/GitHub/retailcore-mfe-investment-management/src/__tests__/utils/handleDropdown.test.tsx">
    <testCase name="handleDropdown should return an array of dropdown options when valid status and type are provided" duration="19"/>
    <testCase name="handleDropdown should return an empty array when an invalid status is provided" duration="4"/>
    <testCase name="handleDropdown should return an empty array when either status or type is falsy" duration="2"/>
    <testCase name="handleDropdown should return an array of options based on status and type" duration="2"/>
    <testCase name="handleDropdown should filter options based on permissions if CREATE_PRODUCT is not included" duration="3"/>
    <testCase name="handleDropdown should return an empty array if status is not found in firstLevel" duration="3"/>
    <testCase name="handleDropdown should return an empty array when either &quot;status&quot; or &quot;type&quot; is falsy" duration="2"/>
    <testCase name="handleDropdown should return an array of options based on &quot;status&quot; and &quot;type&quot;" duration="3"/>
    <testCase name="handleDropdown should filter options based on permissions if &quot;CREATE_PRODUCT&quot; is not included" duration="3"/>
    <testCase name="handleDropdown should return an empty array if &quot;selectedType&quot; is falsy" duration="21"/>
    <testCase name="handleDropdown should return an empty array if &quot;status&quot; is not found in &quot;DropDownOptions&quot;" duration="4"/>
    <testCase name="handleDropdown should return an empty array if &quot;type&quot; is not found in &quot;creationMap&quot;" duration="5"/>
    <testCase name="handleDropdown should return an empty array when status is falsy" duration="6"/>
    <testCase name="handleDropdown should return an empty array when type is falsy" duration="2"/>
    <testCase name="handleDropdown should return an array of options when type is in creationMap" duration="5"/>
    <testCase name="handleDropdown should return an array of options when type is not in creationMap" duration="1"/>
  </file>
  <file path="/Users/user/Documents/GitHub/retailcore-mfe-investment-management/src/__tests__/Sterling-investment.tsx">
    <testCase name="microfrontend bootstraps the app" duration="15"/>
    <testCase name="microfrontend mounts and unmounts" duration="119"/>
  </file>
  <file path="/Users/user/Documents/GitHub/retailcore-mfe-investment-management/src/__tests__/liquidity-setup.test.tsx">
    <testCase name="LiquiditySetup Renders without error" duration="260">
      <failure message="Error: could not find react-redux context value; please ensure the component is wrapped in a &lt;Provider&gt;"><![CDATA[Error: could not find react-redux context value; please ensure the component is wrapped in a <Provider>
    at useReduxContext (/Users/user/Documents/GitHub/retailcore-mfe-investment-management/node_modules/react-redux/lib/hooks/useReduxContext.js:23:13)
    at useStore (/Users/user/Documents/GitHub/retailcore-mfe-investment-management/node_modules/react-redux/lib/hooks/useStore.js:24:9)
    at useDispatch (/Users/user/Documents/GitHub/retailcore-mfe-investment-management/node_modules/react-redux/lib/hooks/useDispatch.js:21:19)
    at useQuerySubscription (/Users/user/Documents/GitHub/retailcore-mfe-investment-management/node_modules/@reduxjs/toolkit/src/query/react/buildHooks.ts:687:24)
    at useQuery (/Users/user/Documents/GitHub/retailcore-mfe-investment-management/node_modules/@reduxjs/toolkit/src/query/react/buildHooks.ts:962:42)
    at LiquiditySetup (/Users/user/Documents/GitHub/retailcore-mfe-investment-management/src/components/pages/term-deposit/forms/liquidity-setup.tsx:63:51)
    at renderWithHooks (/Users/user/Documents/GitHub/retailcore-mfe-investment-management/node_modules/react-dom/cjs/react-dom.development.js:14985:18)
    at mountIndeterminateComponent (/Users/user/Documents/GitHub/retailcore-mfe-investment-management/node_modules/react-dom/cjs/react-dom.development.js:17811:13)
    at beginWork (/Users/user/Documents/GitHub/retailcore-mfe-investment-management/node_modules/react-dom/cjs/react-dom.development.js:19049:16)
    at HTMLUnknownElement.callCallback (/Users/user/Documents/GitHub/retailcore-mfe-investment-management/node_modules/react-dom/cjs/react-dom.development.js:3945:14)
    at HTMLUnknownElement.callTheUserObjectsOperation (/Users/user/Documents/GitHub/retailcore-mfe-investment-management/node_modules/jsdom/lib/jsdom/living/generated/EventListener.js:26:30)
    at innerInvokeEventListeners (/Users/user/Documents/GitHub/retailcore-mfe-investment-management/node_modules/jsdom/lib/jsdom/living/events/EventTarget-impl.js:338:25)
    at invokeEventListeners (/Users/user/Documents/GitHub/retailcore-mfe-investment-management/node_modules/jsdom/lib/jsdom/living/events/EventTarget-impl.js:274:3)
    at HTMLUnknownElementImpl._dispatch (/Users/user/Documents/GitHub/retailcore-mfe-investment-management/node_modules/jsdom/lib/jsdom/living/events/EventTarget-impl.js:221:9)
    at HTMLUnknownElementImpl.dispatchEvent (/Users/user/Documents/GitHub/retailcore-mfe-investment-management/node_modules/jsdom/lib/jsdom/living/events/EventTarget-impl.js:94:17)
    at HTMLUnknownElement.dispatchEvent (/Users/user/Documents/GitHub/retailcore-mfe-investment-management/node_modules/jsdom/lib/jsdom/living/generated/EventTarget.js:231:34)
    at Object.invokeGuardedCallbackDev (/Users/user/Documents/GitHub/retailcore-mfe-investment-management/node_modules/react-dom/cjs/react-dom.development.js:3994:16)
    at invokeGuardedCallback (/Users/user/Documents/GitHub/retailcore-mfe-investment-management/node_modules/react-dom/cjs/react-dom.development.js:4056:31)
    at beginWork$1 (/Users/user/Documents/GitHub/retailcore-mfe-investment-management/node_modules/react-dom/cjs/react-dom.development.js:23964:7)
    at performUnitOfWork (/Users/user/Documents/GitHub/retailcore-mfe-investment-management/node_modules/react-dom/cjs/react-dom.development.js:22779:12)
    at workLoopSync (/Users/user/Documents/GitHub/retailcore-mfe-investment-management/node_modules/react-dom/cjs/react-dom.development.js:22707:5)
    at renderRootSync (/Users/user/Documents/GitHub/retailcore-mfe-investment-management/node_modules/react-dom/cjs/react-dom.development.js:22670:7)
    at performSyncWorkOnRoot (/Users/user/Documents/GitHub/retailcore-mfe-investment-management/node_modules/react-dom/cjs/react-dom.development.js:22293:18)
    at scheduleUpdateOnFiber (/Users/user/Documents/GitHub/retailcore-mfe-investment-management/node_modules/react-dom/cjs/react-dom.development.js:21881:7)
    at updateContainer (/Users/user/Documents/GitHub/retailcore-mfe-investment-management/node_modules/react-dom/cjs/react-dom.development.js:25482:3)
    at /Users/user/Documents/GitHub/retailcore-mfe-investment-management/node_modules/react-dom/cjs/react-dom.development.js:26021:7
    at unbatchedUpdates (/Users/user/Documents/GitHub/retailcore-mfe-investment-management/node_modules/react-dom/cjs/react-dom.development.js:22431:12)
    at legacyRenderSubtreeIntoContainer (/Users/user/Documents/GitHub/retailcore-mfe-investment-management/node_modules/react-dom/cjs/react-dom.development.js:26020:5)
    at Object.render (/Users/user/Documents/GitHub/retailcore-mfe-investment-management/node_modules/react-dom/cjs/react-dom.development.js:26103:10)
    at /Users/user/Documents/GitHub/retailcore-mfe-investment-management/node_modules/@testing-library/react/dist/pure.js:101:25
    at batchedUpdates$1 (/Users/user/Documents/GitHub/retailcore-mfe-investment-management/node_modules/react-dom/cjs/react-dom.development.js:22380:12)
    at act (/Users/user/Documents/GitHub/retailcore-mfe-investment-management/node_modules/react-dom/cjs/react-dom-test-utils.development.js:1042:14)
    at render (/Users/user/Documents/GitHub/retailcore-mfe-investment-management/node_modules/@testing-library/react/dist/pure.js:97:26)
    at Object.<anonymous> (/Users/user/Documents/GitHub/retailcore-mfe-investment-management/src/__tests__/liquidity-setup.test.tsx:22:28)
    at Promise.then.completed (/Users/user/Documents/GitHub/retailcore-mfe-investment-management/node_modules/jest-circus/build/utils.js:391:28)
    at new Promise (<anonymous>)
    at callAsyncCircusFn (/Users/user/Documents/GitHub/retailcore-mfe-investment-management/node_modules/jest-circus/build/utils.js:316:10)
    at _callCircusTest (/Users/user/Documents/GitHub/retailcore-mfe-investment-management/node_modules/jest-circus/build/run.js:218:40)
    at processTicksAndRejections (node:internal/process/task_queues:95:5)
    at _runTest (/Users/user/Documents/GitHub/retailcore-mfe-investment-management/node_modules/jest-circus/build/run.js:155:3)
    at _runTestsForDescribeBlock (/Users/user/Documents/GitHub/retailcore-mfe-investment-management/node_modules/jest-circus/build/run.js:66:9)
    at _runTestsForDescribeBlock (/Users/user/Documents/GitHub/retailcore-mfe-investment-management/node_modules/jest-circus/build/run.js:60:9)
    at run (/Users/user/Documents/GitHub/retailcore-mfe-investment-management/node_modules/jest-circus/build/run.js:25:3)
    at runAndTransformResultsToJestFormat (/Users/user/Documents/GitHub/retailcore-mfe-investment-management/node_modules/jest-circus/build/legacy-code-todo-rewrite/jestAdapterInit.js:170:21)
    at jestAdapter (/Users/user/Documents/GitHub/retailcore-mfe-investment-management/node_modules/jest-circus/build/legacy-code-todo-rewrite/jestAdapter.js:82:19)
    at runTestInternal (/Users/user/Documents/GitHub/retailcore-mfe-investment-management/node_modules/jest-runner/build/runTest.js:389:16)
    at runTest (/Users/user/Documents/GitHub/retailcore-mfe-investment-management/node_modules/jest-runner/build/runTest.js:475:34)
    at Object.worker (/Users/user/Documents/GitHub/retailcore-mfe-investment-management/node_modules/jest-runner/build/testWorker.js:133:12)]]></failure>
    </testCase>
  </file>
  <file path="/Users/user/Documents/GitHub/retailcore-mfe-investment-management/src/__tests__/components/product-information.test.tsx">
    <testCase name="ProductInformation should render the form without errors" duration="555"/>
    <testCase name="ProductInformation Changes values" duration="242"/>
    <testCase name="ProductInformation should update character count for product name in real-time" duration="270"/>
    <testCase name="ProductInformation should display negative character count message for product name with more than 50 characters" duration="301"/>
  </file>
  <file path="/Users/user/Documents/GitHub/retailcore-mfe-investment-management/src/__tests__/components/SearchInput.test.tsx">
    <testCase name="handleInputChange should call setInputValue with the event target value" duration="16"/>
    <testCase name="SearchInput should render search input field with default props" duration="162"/>
    <testCase name="SearchInput applies custom CSS classes" duration="74"/>
    <testCase name="SearchInput should update input field when user inputs a search term" duration="40"/>
    <testCase name="SearchInput should update input field when user inputs a search term and isTruncated is true" duration="25"/>
    <testCase name="closeBox should set search results to an empty array" duration="5"/>
    <testCase name="closeBox should set show box state to false" duration="20"/>
    <testCase name="closeBox should handle setSearchResults parameter not being a function" duration="42"/>
    <testCase name="closeBox should handle setShowBox parameter not being a function" duration="4"/>
    <testCase name="closeBox should handle multiple calls in a row" duration="4"/>
    <testCase name="SearchValues should call handleClick when search item is clicked" duration="66"/>
    <testCase name="SearchItem should render a div element with an empty className" duration="7"/>
    <testCase name="SearchItem should render a span element with the specified className when type is &quot;general&quot;" duration="7"/>
    <testCase name="SearchItem should render a div element when item.products.length &gt; 0" duration="9"/>
    <testCase name="SearchItem should render a div element when item is undefined" duration="19"/>
  </file>
  <file path="/Users/user/Documents/GitHub/retailcore-mfe-investment-management/src/__tests__/components/assets/images/ModifySvg.test.tsx">
    <testCase name="ModifySvg Renders without error" duration="53"/>
  </file>
  <file path="/Users/user/Documents/GitHub/retailcore-mfe-investment-management/src/__tests__/components/Breadcrumbs.test.tsx">
    <testCase name="Breadcrumbs renders without crashing" duration="63"/>
    <testCase name="Breadcrumbs matches snapshot" duration="33"/>
    <testCase name="Breadcrumbs displays breadcrumb links" duration="48"/>
    <testCase name="Breadcrumbs Can click on links" duration="16"/>
  </file>
  <file path="/Users/user/Documents/GitHub/retailcore-mfe-investment-management/src/__tests__/components/assets/images/SubmitSvg.test.tsx">
    <testCase name="SubmitSvg Renders without error" duration="59"/>
  </file>
  <file path="/Users/user/Documents/GitHub/retailcore-mfe-investment-management/src/__tests__/layouts/AuthGuard.test.tsx">
    <testCase name="AuthGuard shows content if authenticated" duration="99"/>
    <testCase name="should return children when isAuthenticated is true" duration="6"/>
  </file>
  <file path="/Users/user/Documents/GitHub/retailcore-mfe-investment-management/src/__tests__/components/assets/images/Step.test.tsx">
    <testCase name="Step Renders without error" duration="73"/>
  </file>
  <file path="/Users/user/Documents/GitHub/retailcore-mfe-investment-management/src/__tests__/components/assets/images/excel.test.tsx">
    <testCase name="ModifySvg Renders without error" duration="51"/>
  </file>
  <file path="/Users/user/Documents/GitHub/retailcore-mfe-investment-management/src/__tests__/components/SelectedRequirementsTable.test.tsx">
    <testCase name="SelectedRequirementsTable Renders without errors" duration="54"/>
    <testCase name="SelectedRequirementsTable Renders selected requirement list" duration="53"/>
    <testCase name="SelectedRequirementsTable Shows message when list is empty" duration="21"/>
  </file>
  <file path="/Users/user/Documents/GitHub/retailcore-mfe-investment-management/src/__tests__/components/MultiRangeSlider.test.tsx">
    <testCase name="Slider renders without crashing" duration="95"/>
    <testCase name="Slider matches snapshot" duration="10"/>
  </file>
  <file path="/Users/user/Documents/GitHub/retailcore-mfe-investment-management/src/__tests__/components/ShareButton.test.tsx">
    <testCase name="ShareButton renders without crashing" duration="38"/>
    <testCase name="ShareButton triggers the share action when clicked" duration="60"/>
  </file>
  <file path="/Users/user/Documents/GitHub/retailcore-mfe-investment-management/src/__tests__/components/ActivityLog.tsx">
    <testCase name="renders the ActivityLog component with loading state" duration="361"/>
    <testCase name="renders the ActivityLog component with no activities" duration="9"/>
    <testCase name="renders the ActivityLog component with activities" duration="18"/>
  </file>
  <file path="/Users/user/Documents/GitHub/retailcore-mfe-investment-management/src/__tests__/components/DownloadButton.tsx">
    <testCase name="DownloadButton should call handleDownload function when button is clicked" duration="156"/>
    <testCase name="DownloadButton should display the text Download" duration="11"/>
    <testCase name="DownloadButton should not throw an error when handleDownload is not provided" duration="18"/>
    <testCase name="DownloadButton should have the correct class name, type attribute, text color, background color, and gap between icon and text" duration="81"/>
  </file>
  <file path="/Users/user/Documents/GitHub/retailcore-mfe-investment-management/src/__tests__/ProductDetail.test.tsx">
    <testCase name="ProductDetail Works" duration="246"/>
  </file>
  <file path="/Users/user/Documents/GitHub/retailcore-mfe-investment-management/src/__tests__/pricing-config.test.tsx">
    <testCase name="PricingConfig renders without errors" duration="818"/>
  </file>
  <file path="/Users/user/Documents/GitHub/retailcore-mfe-investment-management/src/__tests__/root.component.test.tsx">
    <testCase name="Root component should be in the document" duration="260"/>
  </file>
  <file path="/Users/user/Documents/GitHub/retailcore-mfe-investment-management/src/__tests__/components/BottomBarLoader.test.tsx">
    <testCase name="renders the BottomBarLoader component" duration="91"/>
  </file>
  <file path="/Users/user/Documents/GitHub/retailcore-mfe-investment-management/src/__tests__/layouts/Layout.test.tsx">
    <testCase name="Layout renders AuthGuard and Outlet components" duration="99"/>
    <testCase name="handleRole should handle cases where is_superuser property is not a boolean" duration="3"/>
    <testCase name="handleRole should handle cases where is_superuser property is not a boolean" duration="3"/>
    <testCase name="handleRole should handle cases where is_superuser property is not present in user object" duration="2"/>
  </file>
  <file path="/Users/user/Documents/GitHub/retailcore-mfe-investment-management/src/__tests__/utils/formatCurrency.test.tsx">
    <testCase name="formatCurrency should format a price with default parameters" duration="10"/>
    <testCase name="formatCurrency should format a price with custom fraction and currency parameters" duration="2"/>
    <testCase name="formatCurrency should format a price with custom fraction, currency, and price parameters" duration="7"/>
    <testCase name="formatCurrency should format a price with a price of 0" duration="4"/>
    <testCase name="formatCurrency should format a price with a negative price" duration="5"/>
    <testCase name="currencyFormatter should format a positive integer value with default currency and symbol" duration="79"/>
    <testCase name="currencyFormatter should format a negative float value with specified currency and symbol" duration="23"/>
    <testCase name="currencyFormatter should format a zero value with specified currency and symbol" duration="2"/>
    <testCase name="currencyFormatter should format a value with more than two decimal places" duration="2"/>
    <testCase name="currencyFormatter should format a value with less than two decimal places" duration="2"/>
  </file>
  <file path="/Users/user/Documents/GitHub/retailcore-mfe-investment-management/src/__tests__/components/Pages/term-deposit/forms/preview.test.tsx">
    <testCase name="Preview Renders without crashing" duration="1292"/>
  </file>
  <file path="/Users/user/Documents/GitHub/retailcore-mfe-investment-management/src/__tests__/components/summary/IndexComponent.test.tsx">
    <testCase name="IndexComponent Renders without crashing" duration="424"/>
  </file>
  <file path="/Users/user/Documents/GitHub/retailcore-mfe-investment-management/src/__tests__/MiniTermDepositDetail.test.tsx">
    <testCase name="MiniTermDepositDetail renders without error" duration="106"/>
    <testCase name="MiniTermDepositDetail Indicates new data" duration="174"/>
  </file>
  <file path="/Users/user/Documents/GitHub/retailcore-mfe-investment-management/src/__tests__/pages/investment/term-deposit/create-term-deposit/IndexComponent.test.tsx">
    <testCase name="IndexComponent renders" duration="1004"/>
  </file>
  <file path="/Users/user/Documents/GitHub/retailcore-mfe-investment-management/src/__tests__/components/Pages/term-deposit/forms/toggle-input-children.test.tsx">
  </file>
  <file path="/Users/user/Documents/GitHub/retailcore-mfe-investment-management/src/__tests__/components/ui/Tooltip.test.tsx">
    <testCase name="Tooltip Should render without error" duration="132"/>
  </file>
  <file path="/Users/user/Documents/GitHub/retailcore-mfe-investment-management/src/__tests__/utils/capitalizeObjectKeys.test.tsx">
    <testCase name="capitalizeObjectKeys should return an empty array when given an empty array" duration="9"/>
    <testCase name="capitalizeObjectKeys should return an array of objects with capitalized keys when given an array of objects with lowercase keys" duration="3"/>
    <testCase name="capitalizeObjectKeys should throw an error when given a non-array input" duration="41"/>
    <testCase name="capitalizeObjectKeys should return an array of objects with capitalized keys when given an array of objects with mixed case keys" duration="2"/>
    <testCase name="capitalizeObjectKeys should return an array of objects with capitalized keys when given an array of objects with only one key" duration="7"/>
    <testCase name="capitalizeObjectKeys should return an array of objects with capitalized keys when given an array of objects with only non-string keys" duration="2"/>
    <testCase name="capitalizeObjectKeys should handle objects without own properties" duration="10"/>
  </file>
  <file path="/Users/user/Documents/GitHub/retailcore-mfe-investment-management/src/__tests__/components/ProductDetail.test.tsx">
  </file>
</testExecutions>