<?xml version="1.0" encoding="UTF-8"?>
<testExecutions version="1">
  <file path="/Users/work/Documents/retailcore-mfe-investment-management/src/__tests__/pages/investment/IndexComponent.test.tsx">
    <testCase name="IndexComponent Renders without error" duration="710"/>
    <testCase name="IndexComponent should display the TopBar component" duration="214"/>
    <testCase name="handleToggle should set isChecker to true and hideCreate to true when selected option includes &quot;approved&quot;" duration="3"/>
    <testCase name="handleToggle should set isChecker to true and hideCreate to true when selected option includes &quot;sent&quot;" duration="4"/>
    <testCase name="handleToggle should set isChecker to false and hideCreate to false when selected option does not include &quot;approved&quot; or &quot;sent&quot;" duration="3"/>
    <testCase name="handleToggle should not throw an error and change values to &apos;false&apos; when selected values when selected value is null" duration="3"/>
    <testCase name="handleToggle should not throw an error and change values to &apos;false&apos; when selected values does not have a text property" duration="4"/>
    <testCase name="handleToggle should not throw an error and change values to &apos;false&apos; when selected values when selected value has a null text property" duration="7"/>
    <testCase name="handleChange should update query object with selected filter and reset page to 1" duration="2"/>
    <testCase name="handleChange should set status_In property of query object to null when activeType is &quot;all&quot;" duration="7"/>
    <testCase name="handleChange should update query object when activeType is not a valid string" duration="2"/>
    <testCase name="handleChange should update query object when category is not a valid string" duration="2"/>
    <testCase name="handleRefresh should call getProducts and prodStatRefetch with updated query when category is AllProducts" duration="2"/>
    <testCase name="handleRefresh should call getRequests and requestRefetch with updated query when category is Requests" duration="3"/>
    <testCase name="handleRefresh should call getRequests and RequestRefetch when category is undefined" duration="2"/>
    <testCase name="handleRefresh should call getProducts and getStatRefresh when StatusCategory type === &apos;all products&apos; " duration="3"/>
    <testCase name="handleSearch Should call setQuery with the provided values" duration="2"/>
    <testCase name="IndexComponent handles search input change and sets search state" duration="231"/>
    <testCase name="IndexComponent handles search and calls appropriate functions" duration="192"/>
    <testCase name="handleRequestStatus should set request data to an empty array when query page is 1" duration="2"/>
    <testCase name="handleRequestStatus should map over request results and add request status and type names to each item in request data" duration="7"/>
    <testCase name="handleRequestStatus should concatenate new request data to previous request data using setRequestData" duration="2"/>
    <testCase name="handleRequestStatus should not set request data to an empty array when query page is not 1" duration="2"/>
    <testCase name="handleRequestStatus should not add request status and type names when request results is empty" duration="2"/>
    <testCase name="handleRequestStatus should not concatenate new request data when request results is empty" duration="1"/>
    <testCase name="handleProductStatus should set product data to an empty array when query page is 1" duration="2"/>
    <testCase name="handleProductStatus should concatenate fetched data results to previous product data, mapping each result to include state and productType properties" duration="2"/>
    <testCase name="handleProductStatus should set hasMore to true if there is a next page in the fetched data" duration="2"/>
    <testCase name="handleProductStatus should not modify product data when query page is not 1" duration="2"/>
    <testCase name="handleProductStatus should not modify product data when data fetch is not successful" duration="2"/>
    <testCase name="handleProductStatus should not modify product data when fetched data results are empty" duration="2"/>
  </file>
</testExecutions>