<?xml version="1.0" encoding="UTF-8"?>
<testExecutions version="1">
  <file path="/Users/work/Documents/retailcore-mfe-investment-management/src/__tests__/components/StatusCard.test.tsx">
    <testCase name="StatusCard Renders without error" duration="300">
      <failure message="TypeError: Cannot destructure property &apos;selected&apos; of &apos;(0 , _react.useContext)(...)&apos; as it is undefined."><![CDATA[TypeError: Cannot destructure property 'selected' of '(0 , _react.useContext)(...)' as it is undefined.
    at StatusCard (/Users/work/Documents/retailcore-mfe-investment-management/src/components/StatusCard.tsx:361:11)
    at renderWithHooks (/Users/work/Documents/retailcore-mfe-investment-management/node_modules/react-dom/cjs/react-dom.development.js:14985:18)
    at mountIndeterminateComponent (/Users/work/Documents/retailcore-mfe-investment-management/node_modules/react-dom/cjs/react-dom.development.js:17811:13)
    at beginWork (/Users/work/Documents/retailcore-mfe-investment-management/node_modules/react-dom/cjs/react-dom.development.js:19049:16)
    at HTMLUnknownElement.callCallback (/Users/work/Documents/retailcore-mfe-investment-management/node_modules/react-dom/cjs/react-dom.development.js:3945:14)
    at HTMLUnknownElement.callTheUserObjectsOperation (/Users/work/Documents/retailcore-mfe-investment-management/node_modules/jsdom/lib/jsdom/living/generated/EventListener.js:26:30)
    at innerInvokeEventListeners (/Users/work/Documents/retailcore-mfe-investment-management/node_modules/jsdom/lib/jsdom/living/events/EventTarget-impl.js:338:25)
    at invokeEventListeners (/Users/work/Documents/retailcore-mfe-investment-management/node_modules/jsdom/lib/jsdom/living/events/EventTarget-impl.js:274:3)
    at HTMLUnknownElementImpl._dispatch (/Users/work/Documents/retailcore-mfe-investment-management/node_modules/jsdom/lib/jsdom/living/events/EventTarget-impl.js:221:9)
    at HTMLUnknownElementImpl.dispatchEvent (/Users/work/Documents/retailcore-mfe-investment-management/node_modules/jsdom/lib/jsdom/living/events/EventTarget-impl.js:94:17)
    at HTMLUnknownElement.dispatchEvent (/Users/work/Documents/retailcore-mfe-investment-management/node_modules/jsdom/lib/jsdom/living/generated/EventTarget.js:231:34)
    at Object.invokeGuardedCallbackDev (/Users/work/Documents/retailcore-mfe-investment-management/node_modules/react-dom/cjs/react-dom.development.js:3994:16)
    at invokeGuardedCallback (/Users/work/Documents/retailcore-mfe-investment-management/node_modules/react-dom/cjs/react-dom.development.js:4056:31)
    at beginWork$1 (/Users/work/Documents/retailcore-mfe-investment-management/node_modules/react-dom/cjs/react-dom.development.js:23964:7)
    at performUnitOfWork (/Users/work/Documents/retailcore-mfe-investment-management/node_modules/react-dom/cjs/react-dom.development.js:22779:12)
    at workLoopSync (/Users/work/Documents/retailcore-mfe-investment-management/node_modules/react-dom/cjs/react-dom.development.js:22707:5)
    at renderRootSync (/Users/work/Documents/retailcore-mfe-investment-management/node_modules/react-dom/cjs/react-dom.development.js:22670:7)
    at performSyncWorkOnRoot (/Users/work/Documents/retailcore-mfe-investment-management/node_modules/react-dom/cjs/react-dom.development.js:22293:18)
    at scheduleUpdateOnFiber (/Users/work/Documents/retailcore-mfe-investment-management/node_modules/react-dom/cjs/react-dom.development.js:21881:7)
    at updateContainer (/Users/work/Documents/retailcore-mfe-investment-management/node_modules/react-dom/cjs/react-dom.development.js:25482:3)
    at /Users/work/Documents/retailcore-mfe-investment-management/node_modules/react-dom/cjs/react-dom.development.js:26021:7
    at unbatchedUpdates (/Users/work/Documents/retailcore-mfe-investment-management/node_modules/react-dom/cjs/react-dom.development.js:22431:12)
    at legacyRenderSubtreeIntoContainer (/Users/work/Documents/retailcore-mfe-investment-management/node_modules/react-dom/cjs/react-dom.development.js:26020:5)
    at Object.render (/Users/work/Documents/retailcore-mfe-investment-management/node_modules/react-dom/cjs/react-dom.development.js:26103:10)
    at /Users/work/Documents/retailcore-mfe-investment-management/node_modules/@testing-library/react/dist/pure.js:101:25
    at batchedUpdates$1 (/Users/work/Documents/retailcore-mfe-investment-management/node_modules/react-dom/cjs/react-dom.development.js:22380:12)
    at act (/Users/work/Documents/retailcore-mfe-investment-management/node_modules/react-dom/cjs/react-dom-test-utils.development.js:1042:14)
    at render (/Users/work/Documents/retailcore-mfe-investment-management/node_modules/@testing-library/react/dist/pure.js:97:26)
    at Object.<anonymous> (/Users/work/Documents/retailcore-mfe-investment-management/src/__tests__/components/StatusCard.test.tsx:58:11)
    at Promise.then.completed (/Users/work/Documents/retailcore-mfe-investment-management/node_modules/jest-circus/build/utils.js:391:28)
    at new Promise (<anonymous>)
    at callAsyncCircusFn (/Users/work/Documents/retailcore-mfe-investment-management/node_modules/jest-circus/build/utils.js:316:10)
    at _callCircusTest (/Users/work/Documents/retailcore-mfe-investment-management/node_modules/jest-circus/build/run.js:218:40)
    at processTicksAndRejections (node:internal/process/task_queues:95:5)
    at _runTest (/Users/work/Documents/retailcore-mfe-investment-management/node_modules/jest-circus/build/run.js:155:3)
    at _runTestsForDescribeBlock (/Users/work/Documents/retailcore-mfe-investment-management/node_modules/jest-circus/build/run.js:66:9)
    at _runTestsForDescribeBlock (/Users/work/Documents/retailcore-mfe-investment-management/node_modules/jest-circus/build/run.js:60:9)
    at run (/Users/work/Documents/retailcore-mfe-investment-management/node_modules/jest-circus/build/run.js:25:3)
    at runAndTransformResultsToJestFormat (/Users/work/Documents/retailcore-mfe-investment-management/node_modules/jest-circus/build/legacy-code-todo-rewrite/jestAdapterInit.js:170:21)
    at jestAdapter (/Users/work/Documents/retailcore-mfe-investment-management/node_modules/jest-circus/build/legacy-code-todo-rewrite/jestAdapter.js:82:19)
    at runTestInternal (/Users/work/Documents/retailcore-mfe-investment-management/node_modules/jest-runner/build/runTest.js:389:16)
    at runTest (/Users/work/Documents/retailcore-mfe-investment-management/node_modules/jest-runner/build/runTest.js:475:34)
    at Object.worker (/Users/work/Documents/retailcore-mfe-investment-management/node_modules/jest-runner/build/testWorker.js:133:12)]]></failure>
    </testCase>
    <testCase name="StatusButton Renders without error" duration="34"/>
    <testCase name="StatusButton Shows spinner while loading" duration="12"/>
    <testCase name="sortOptions Sorts and returns expected options in &apos;all products&apos; category" duration="6"/>
    <testCase name="sortOptions Sorts and returns expected options in &apos;requests&apos; category" duration="2"/>
    <testCase name="StatusCategoryButton should handle button click and apply styles" duration="41"/>
    <testCase name="handleActiveType Sets status to &quot;&quot; when activeType === all " duration="3"/>
    <testCase name="handleActiveType Sets status according to various activeTypes" duration="7"/>
    <testCase name="filterDefaultOptions should return an array of objects filtered from" duration="16"/>
    <testCase name="filterDefaultOptions should not contain objects withroperty equal  or" duration="5"/>
    <testCase name="filterDefaultOptions should contain objects withroperty equal  or only" duration="2"/>
    <testCase name="filterDefaultOptions should contain objects withroperty equal  only" duration="12"/>
    <testCase name="filterDefaultOptions should contain objects withroperty equal to only" duration="2"/>
    <testCase name="StatusButton should render button element with correct type and styling" duration="6"/>
    <testCase name="StatusButton should display correct count when isLoading is false" duration="7"/>
    <testCase name="StatusButton should display spinner when isLoading is true" duration="8"/>
    <testCase name="StatusButton should render button element with correct type and styling when count returns undefined" duration="14"/>
    <testCase name="StatusButton should render button element with correct type and styling when count returns null" duration="6"/>
    <testCase name="StatusButton should render button element with correct type and styling when analyticsData is undefined" duration="21"/>
    <testCase name="StatusButton should render button element with correct type and styling" duration="6"/>
    <testCase name="StatusButton should display correct count based on provided analytics data" duration="10"/>
    <testCase name="StatusButton should display spinner animation when isLoading is true" duration="14"/>
    <testCase name="StatusButton should handle missing or invalid item prop" duration="6"/>
    <testCase name="StatusButton should handle missing or invalid analyticsData prop" duration="21"/>
    <testCase name="StatusButton should handle missing or invalid setActiveType prop" duration="17"/>
    <testCase name="count should return the correct count for each status type" duration="7"/>
    <testCase name="count should return 0 when the input item type is not recognized" duration="4"/>
    <testCase name="count should return 0 when the analyticsData is null" duration="1"/>
    <testCase name="count should return 0 when the analyticsData is undefined" duration="1"/>
    <testCase name="count should return 0 when the input item type is null" duration="7"/>
    <testCase name="count should return 0 when the input item type is undefined" duration="2"/>
    <testCase name="count should return 0 when the input item type is an empty string" duration="1"/>
    <testCase name="handleClick should set the category state to the selected item type" duration="2"/>
    <testCase name="handleClick should set the selected state to the first item of ProductOptions if category is AllProducts" duration="2"/>
    <testCase name="handleClick should set the selected state to the first item of RequestOptions if category is not AllProducts" duration="14"/>
    <testCase name="handlePermission should set filtered product options to ProductOptions and filtered request options to RequestOptions when permissions include &quot;AUTHORIZE_INVESTMENT_PRODUCT_CREATION_OR_MODIFICATION_REQUESTS&quot; and &quot;CREATE_INVESTMENT_PRODUCT&quot;, and &quot;VIEW_ALL_INVESTMENT_PRODUCT_RECORDS&quot; and &quot;VIEW_ALL_INVESTMENT_PRODUCT_REQUESTS&quot;" duration="2"/>
    <testCase name="handlePermission should set filtered product options to CreateProductOptions and filtered request options to CreateRequestOptions when permissions include &quot;CREATE_INVESTMENT_PRODUCT&quot; and not &quot;AUTHORIZE_INVESTMENT_PRODUCT_CREATION_OR_MODIFICATION_REQUESTS&quot;, and &quot;VIEW_ALL_INVESTMENT_PRODUCT_RECORDS&quot; and &quot;VIEW_ALL_INVESTMENT_PRODUCT_REQUESTS&quot;" duration="3"/>
    <testCase name="handlePermission should set filtered product options to ApproveProductOptions and filtered request options to ApproveRequestOptions when not &quot;CREATE_INVESTMENT_PRODUCT&quot; and permissions include &quot;AUTHORIZE_INVESTMENT_PRODUCT_CREATION_OR_MODIFICATION_REQUESTS&quot;, and &quot;VIEW_ALL_INVESTMENT_PRODUCT_RECORDS&quot; and &quot;VIEW_ALL_INVESTMENT_PRODUCT_REQUESTS&quot;" duration="3"/>
    <testCase name="handlePermission should set filtered product options to ProductOptions without &quot;created_by_anyone&quot; and &quot;approved_system_wide&quot;, and filtered request options to RequestOptions without &quot;created_by_anyone&quot; and &quot;sent_to_anyone&quot; when permissions include &quot;AUTHORIZE_INVESTMENT_PRODUCT_CREATION_OR_MODIFICATION_REQUESTS&quot; and &quot;CREATE_INVESTMENT_PRODUCT&quot;, but not &quot;VIEW_ALL_INVESTMENT_PRODUCT_RECORDS&quot; and &quot;VIEW_ALL_INVESTMENT_PRODUCT_REQUESTS&quot;" duration="6"/>
    <testCase name="handlePermission should set filtered product options to CreateProductOptions without &quot;created_by_anyone&quot;, and filtered request options to CreateRequestOptions without &quot;created_by_anyone&quot; when permissions include &quot;CREATE_INVESTMENT_PRODUCT&quot;, but not &quot;AUTHORIZE_INVESTMENT_PRODUCT_CREATION_OR_MODIFICATION_REQUESTS&quot; and not &quot;VIEW_ALL_INVESTMENT_PRODUCT_RECORDS&quot; and not &quot;VIEW_ALL_INVESTMENT_PRODUCT_REQUESTS&quot;" duration="31"/>
    <testCase name="handlePermission should set filtered product options to ApproveProductOptions without &quot;approved_system_wide&quot;, and filtered request options to ApproveRequestOptions without &quot;sent_to_anyone&quot; when not &quot;CREATE_INVESTMENT_PRODUCT&quot; and permissions include &quot;AUTHORIZE_INVESTMENT_PRODUCT_CREATION_OR_MODIFICATION_REQUESTS&quot;, but not &quot;VIEW_ALL_INVESTMENT_PRODUCT_RECORDS&quot; and not &quot;VIEW_ALL_INVESTMENT_PRODUCT_REQUESTS&quot;" duration="9"/>
    <testCase name="handlePermission should set filtered product options and filtered request options to empty array when permissions is empty" duration="3"/>
    <testCase name="handlePermission should set activeType to &quot;all&quot; when status is empty" duration="2"/>
  </file>
</testExecutions>