<?xml version="1.0" encoding="UTF-8"?>
<testExecutions version="1">
  <file path="/Users/work/Documents/retailcore-mfe-investment-management/src/__tests__/MessagesComponent.test.tsx">
    <testCase name="MessagesComponent renders confirm message without error" duration="1689"/>
    <testCase name="MessagesComponent calls handleConfirm and calls setIsConfirmOpen with false when Confirm button is clicked" duration="1216"/>
    <testCase name="MessagesComponent calls setIsConfirmOpen with false when cancel button is clicked" duration="459"/>
    <testCase name="MessagesComponent Renders success message" duration="510"/>
    <testCase name="MessagesComponent returns user to dashboard when user clicks on the dashboard link" duration="380"/>
    <testCase name="MessagesComponent Renders Failure message" duration="327"/>
    <testCase name="MessagesComponent Renders Detail component" duration="1153"/>
    <testCase name="MessagesComponent Renders Deactivation modals" duration="320"/>
    <testCase name="MessagesComponent Renders loading while deleteLoading == true" duration="204"/>
    <testCase name="MessagesComponent Renders loading while deleteLoading == true" duration="158"/>
  </file>
</testExecutions>