<?xml version="1.0" encoding="UTF-8"?>
<testExecutions version="1">
  <file path="/Users/work/Documents/retailcore-mfe-investment-management/src/__tests__/components/Pages/management/book-investment/CustomerInfoCard.test.tsx">
    <testCase name="CustomerInfoCard should render CustomerInfoCard without crashing" duration="83"/>
    <testCase name="CustomerInfoCard should display the title &quot;Customerâ€™s Information&quot;" duration="64"/>
    <testCase name="CustomerInfoCard should display all customer information titles and data" duration="73"/>
    <testCase name="CustomerInfoCard should not display customer name as a link for non-customerName Info components" duration="48"/>
    <testCase name="CustomerInfoCard should not display customer persona as blue text for non-customerPersona Info components" duration="23"/>
    <testCase name="CustomerInfoCard should not display risk status as green text for non-riskStatus Info components" duration="36"/>
    <testCase name="Info should render the component with the correct title and data" duration="27"/>
    <testCase name="Info should render the component with the correct type if provided" duration="23"/>
    <testCase name="Info should render the component without type if not provided" duration="6"/>
    <testCase name="Info should render the component with empty type" duration="14"/>
  </file>
  <file path="/Users/work/Documents/retailcore-mfe-investment-management/src/__tests__/pages/management/book-investment/FormComponent.test.tsx">
    <testCase name="code snippet should render the customer information form when step is 1" duration="166"/>
    <testCase name="code snippet should pass the &apos;proceed&apos; function to the &apos;CustomerInformation&apos; component" duration="57"/>
    <testCase name="code snippet should allow the user to input customer information" duration="59"/>
    <testCase name="code snippet should handle invalid input data correctly" duration="59"/>
  </file>
  <file path="/Users/work/Documents/retailcore-mfe-investment-management/src/__tests__/Sterling-investment.tsx">
    <testCase name="microfrontend bootstraps the app" duration="34"/>
    <testCase name="microfrontend mounts and unmounts" duration="29"/>
  </file>
  <file path="/Users/work/Documents/retailcore-mfe-investment-management/src/__tests__/App.test.tsx">
    <testCase name="Test App Component If App is rendered wihout issues" duration="28"/>
  </file>
</testExecutions>