<?xml version="1.0" encoding="UTF-8"?>
<testExecutions version="1">
  <file path="/Users/work/Documents/retailcore-mfe-investment-management/src/__tests__/components/summary/Actions.test.tsx">
    <testCase name="Actions should renderWithProviders a div element with specific class and styling" duration="36"/>
    <testCase name="Actions should call the corresponding functions when Cancel, Modify, or Submit buttons are clicked" duration="14"/>
    <testCase name="Actions should call the corresponding functions when Print, Share, or Return to dashboard buttons are clicked" duration="13"/>
    <testCase name="Actions should set the confirm text to &quot;Product creation approve&quot; when sub_type is not provided and action is &quot;approve&quot;" duration="9"/>
    <testCase name="Actions should set the confirm text to &quot;Product creation reject&quot; when sub_type is not provided and action is &quot;reject&quot;" duration="17"/>
    <testCase name="Actions should set the confirm text to &quot;Product activation approve&quot; when sub_type is &quot;activation&quot; and action is &quot;approve&quot;" duration="9"/>
    <testCase name="Actions Should call initiate verdict" duration="70"/>
    <testCase name="handleConfirm should call approveProduct when action is &quot;approve&quot;" duration="4"/>
    <testCase name="handleConfirm should set setRejection to true when action is &quot;reject&quot;" duration="2"/>
    <testCase name="handleConfirm should navigate to &quot;/product-factory/investment?category=requests&quot; when action is &quot;cancel&quot;" duration="3"/>
    <testCase name="handleConfirm should do nothing when &quot;action&quot; parameter is not provided" duration="2"/>
    <testCase name="handleMessages should set success text and open success modal when rejectSuccess is true" duration="6"/>
    <testCase name="handleMessages should set success text and open success modal when approveSuccess is true" duration="9"/>
    <testCase name="handleMessages should not set any text or open any modal when rejectSuccess and approveSuccess are both false" duration="4"/>
    <testCase name="handleMessages should not set any text or open any modal when rejectError and approveError are both null" duration="14"/>
    <testCase name="handleMessages should set failed text and subtext when rejectError and approveError are both defined" duration="36"/>
    <testCase name="handleMessages should set failed text and subtext when rejectError is defined and approveError is null" duration="17"/>
  </file>
</testExecutions>