<?xml version="1.0" encoding="UTF-8"?>
<testExecutions version="1">
  <file path="/Users/mac/Work/kpmg/investment-management/src/components/ui/codium_7ba10f2d-25c1-4283-9d8b-93d421225739_FormStepComponent.test.tsx">
    <testCase name="FormStepComponent should render the correct number of form step items when formStepItems is not empty" duration="0"/>
    <testCase name="FormStepComponent should render the correct label for each form step item when formStepItems is not empty" duration="0"/>
    <testCase name="FormStepComponent should render the correct index for each form step item when formStepItems is not empty" duration="85">
      <failure message="ReferenceError: shallow is not defined"><![CDATA[ReferenceError: shallow is not defined
    at Object.<anonymous> (/Users/mac/Work/kpmg/investment-management/src/components/ui/codium_7ba10f2d-25c1-4283-9d8b-93d421225739_FormStepComponent.test.tsx:181:23)
    at Promise.then.completed (/Users/mac/Work/kpmg/investment-management/node_modules/jest-circus/build/utils.js:391:28)
    at new Promise (<anonymous>)
    at callAsyncCircusFn (/Users/mac/Work/kpmg/investment-management/node_modules/jest-circus/build/utils.js:316:10)
    at _callCircusTest (/Users/mac/Work/kpmg/investment-management/node_modules/jest-circus/build/run.js:218:40)
    at _runTest (/Users/mac/Work/kpmg/investment-management/node_modules/jest-circus/build/run.js:155:3)
    at _runTestsForDescribeBlock (/Users/mac/Work/kpmg/investment-management/node_modules/jest-circus/build/run.js:66:9)
    at _runTestsForDescribeBlock (/Users/mac/Work/kpmg/investment-management/node_modules/jest-circus/build/run.js:60:9)
    at run (/Users/mac/Work/kpmg/investment-management/node_modules/jest-circus/build/run.js:25:3)
    at runAndTransformResultsToJestFormat (/Users/mac/Work/kpmg/investment-management/node_modules/jest-circus/build/legacy-code-todo-rewrite/jestAdapterInit.js:170:21)
    at jestAdapter (/Users/mac/Work/kpmg/investment-management/node_modules/jest-circus/build/legacy-code-todo-rewrite/jestAdapter.js:82:19)
    at runTestInternal (/Users/mac/Work/kpmg/investment-management/node_modules/jest-runner/build/runTest.js:389:16)
    at runTest (/Users/mac/Work/kpmg/investment-management/node_modules/jest-runner/build/runTest.js:475:34)
    at TestRunner.runTests (/Users/mac/Work/kpmg/investment-management/node_modules/jest-runner/build/index.js:101:12)
    at TestScheduler.scheduleTests (/Users/mac/Work/kpmg/investment-management/node_modules/@jest/core/build/TestScheduler.js:333:13)
    at runJest (/Users/mac/Work/kpmg/investment-management/node_modules/@jest/core/build/runJest.js:404:19)
    at _run10000 (/Users/mac/Work/kpmg/investment-management/node_modules/@jest/core/build/cli/index.js:320:7)
    at runCLI (/Users/mac/Work/kpmg/investment-management/node_modules/@jest/core/build/cli/index.js:173:3)
    at Object.run (/Users/mac/Work/kpmg/investment-management/node_modules/jest-cli/build/cli/index.js:155:37)]]></failure>
    </testCase>
    <testCase name="FormStepComponent should handle empty formStepItems array and render default form step item" duration="0"/>
    <testCase name="FormStepComponent should handle step value greater than the number of formStepItems and render last form step item" duration="0"/>
    <testCase name="FormStepComponent should handle step value less than 1 and render first form step item" duration="0"/>
  </file>
</testExecutions>