<?xml version="1.0" encoding="UTF-8"?>
<testExecutions version="1">
  <file path="/Users/work/Documents/retailcore-mfe-investment-management/src/__tests__/components/FormStepComponent.test.tsx">
    <testCase name="FormStepComponent should render the correct number of form step items when formStepItems is not empty" duration="50">
      <failure message="TestingLibraryElementError: Unable to find an element by: [data-testid=&quot;form-step&quot;]"><![CDATA[TestingLibraryElementError: Unable to find an element by: [data-testid="form-step"]

Ignored nodes: comments, script, style
<body>
  <div>
    <div
      class="flex bg-white justify-center "
    >
      <div
        class="flex flex-col items-center w-[172px]"
      >
        <div>
          <svg
            fill="none"
            height="15"
            viewBox="0 0 16 15"
            width="16"
            xmlns="http://www.w3.org/2000/svg"
          >
            <g
              clip-path="url(#clip0_49301_118241)"
            >
              <path
                d="M15.7599 0H-0.0997126C-0.575403 0 -0.841018 0.490595 -0.546427 0.82552L7.38336 9.80718C7.61034 10.0643 8.0474 10.0643 8.27679 9.80718L16.2066 0.82552C16.5012 0.490595 16.2356 0 15.7599 0Z"
                fill="#CF2A2A"
              />
            </g>
            <defs>
              <clippath
                id="clip0_49301_118241"
              >
                <rect
                  fill="white"
                  height="15"
                  transform="translate(0.330078)"
                  width="15"
                />
              </clippath>
            </defs>
          </svg>
        </div>
        <div
          class="w-full mb-[13px] flex  items-center"
        >
          <div
            class=" h-[1px] w-full"
          />
          <div
            class="rounded-full h-[33px] w-[33px] flex items-center justify-center border border-[#AAAAAA] bg-[#2FB755] p-1"
          >
            <div
              class="bg-white rounded-full h-[22.69px] w-[22.69px] flex items-center justify-center border border-[#AAAAAA]"
            >
              <span
                class="text-[#2FB755]"
              >
                1
              </span>
            </div>
          </div>
          <div
            class="bg-[#AAAAAA] h-[1px] w-full "
          />
        </div>
        <div
          class="w-full px-4 text-center"
        >
          <span
            class="uppercase text-center text-[#636363] leading-[1px] text-xs font-normal "
            data-testid="form-step-label"
          >
            First
          </span>
        </div>
      </div>
      <div
        class="flex flex-col items-center w-[172px]"
      >
        <div
          class="bg-transparent h-[15px] w-[15px]"
        />
        <div
          class="w-full mb-[13px] flex  items-center"
        >
          <div
            class="bg-[#AAAAAA] h-[1px] w-full"
          />
          <div
            class="bg-white rounded-full h-[33px] w-[33px] flex items-center justify-center border border-[#AAAAAA] p-1"
          >
            <div
              class="bg-white rounded-full h-[22.69px] w-[22.69px] flex items-center justify-center border border-[#AAAAAA]"
            >
              <span
                class="text-[#636363]"
              >
                2
              </span>
            </div>
          </div>
          <div
            class="bg-[#AAAAAA] h-[1px] w-full "
          />
        </div>
        <div
          class="w-full px-4 text-center"
        >
          <span
            class="uppercase text-center text-[#636363] leading-[1px] text-xs font-normal "
            data-testid="form-step-label"
          >
            Second
          </span>
        </div>
      </div>
      <div
        class="flex flex-col items-center w-[172px]"
      >
        <div
          class="bg-transparent h-[15px] w-[15px]"
        />
        <div
          class="w-full mb-[13px] flex  items-center"
        >
          <div
            class="bg-[#AAAAAA] h-[1px] w-full"
          />
          <div
            class="bg-white rounded-full h-[33px] w-[33px] flex items-center justify-center border border-[#AAAAAA] p-1"
          >
            <div
              class="bg-white rounded-full h-[22.69px] w-[22.69px] flex items-center justify-center border border-[#AAAAAA]"
            >
              <span
                class="text-[#636363]"
              >
                3
              </span>
            </div>
          </div>
          <div
            class=" h-[1px] w-full "
          />
        </div>
        <div
          class="w-full px-4 text-center"
        >
          <span
            class="uppercase text-center text-[#636363] leading-[1px] text-xs font-normal "
            data-testid="form-step-label"
          >
            Third
          </span>
        </div>
      </div>
    </div>
  </div>
</body>
    at Object.getElementError (/Users/work/Documents/retailcore-mfe-investment-management/node_modules/@testing-library/dom/dist/config.js:37:19)
    at /Users/work/Documents/retailcore-mfe-investment-management/node_modules/@testing-library/dom/dist/query-helpers.js:76:38
    at getAllByTestId (/Users/work/Documents/retailcore-mfe-investment-management/node_modules/@testing-library/dom/dist/query-helpers.js:109:15)
    at Object.<anonymous> (/Users/work/Documents/retailcore-mfe-investment-management/src/__tests__/components/FormStepComponent.test.tsx:38:30)
    at Promise.then.completed (/Users/work/Documents/retailcore-mfe-investment-management/node_modules/jest-circus/build/utils.js:391:28)
    at new Promise (<anonymous>)
    at callAsyncCircusFn (/Users/work/Documents/retailcore-mfe-investment-management/node_modules/jest-circus/build/utils.js:316:10)
    at _callCircusTest (/Users/work/Documents/retailcore-mfe-investment-management/node_modules/jest-circus/build/run.js:218:40)
    at processTicksAndRejections (node:internal/process/task_queues:95:5)
    at _runTest (/Users/work/Documents/retailcore-mfe-investment-management/node_modules/jest-circus/build/run.js:155:3)
    at _runTestsForDescribeBlock (/Users/work/Documents/retailcore-mfe-investment-management/node_modules/jest-circus/build/run.js:66:9)
    at _runTestsForDescribeBlock (/Users/work/Documents/retailcore-mfe-investment-management/node_modules/jest-circus/build/run.js:60:9)
    at run (/Users/work/Documents/retailcore-mfe-investment-management/node_modules/jest-circus/build/run.js:25:3)
    at runAndTransformResultsToJestFormat (/Users/work/Documents/retailcore-mfe-investment-management/node_modules/jest-circus/build/legacy-code-todo-rewrite/jestAdapterInit.js:170:21)
    at jestAdapter (/Users/work/Documents/retailcore-mfe-investment-management/node_modules/jest-circus/build/legacy-code-todo-rewrite/jestAdapter.js:82:19)
    at runTestInternal (/Users/work/Documents/retailcore-mfe-investment-management/node_modules/jest-runner/build/runTest.js:389:16)
    at runTest (/Users/work/Documents/retailcore-mfe-investment-management/node_modules/jest-runner/build/runTest.js:475:34)
    at Object.worker (/Users/work/Documents/retailcore-mfe-investment-management/node_modules/jest-runner/build/testWorker.js:133:12)]]></failure>
    </testCase>
  </file>
</testExecutions>