<?xml version="1.0" encoding="UTF-8"?>
<testExecutions version="1">
  <file path="/Users/user/Documents/GitHub/retailcore-mfe-investment-management/src/__tests__/modals/ProductDetail.test.tsx">
    <testCase name="productdetail ProductDetails" duration="995">
      <failure message="Error: Element type is invalid: expected a string (for built-in components) or a class/function (for composite components) but got: undefined. You likely forgot to export your component from the file it&apos;s defined in, or you might have mixed up default and named imports."><![CDATA[Error: Element type is invalid: expected a string (for built-in components) or a class/function (for composite components) but got: undefined. You likely forgot to export your component from the file it's defined in, or you might have mixed up default and named imports.

Check the render method of `ProductDetail`.
    at createFiberFromTypeAndProps (/Users/user/Documents/GitHub/retailcore-mfe-investment-management/node_modules/react-dom/cjs/react-dom.development.js:25058:21)
    at createFiberFromElement (/Users/user/Documents/GitHub/retailcore-mfe-investment-management/node_modules/react-dom/cjs/react-dom.development.js:25086:15)
    at createChild (/Users/user/Documents/GitHub/retailcore-mfe-investment-management/node_modules/react-dom/cjs/react-dom.development.js:13446:28)
    at reconcileChildrenArray (/Users/user/Documents/GitHub/retailcore-mfe-investment-management/node_modules/react-dom/cjs/react-dom.development.js:13719:25)
    at reconcileChildFibers (/Users/user/Documents/GitHub/retailcore-mfe-investment-management/node_modules/react-dom/cjs/react-dom.development.js:14125:14)
    at reconcileChildren (/Users/user/Documents/GitHub/retailcore-mfe-investment-management/node_modules/react-dom/cjs/react-dom.development.js:16990:28)
    at updateHostComponent (/Users/user/Documents/GitHub/retailcore-mfe-investment-management/node_modules/react-dom/cjs/react-dom.development.js:17632:3)
    at beginWork (/Users/user/Documents/GitHub/retailcore-mfe-investment-management/node_modules/react-dom/cjs/react-dom.development.js:19080:14)
    at HTMLUnknownElement.callCallback (/Users/user/Documents/GitHub/retailcore-mfe-investment-management/node_modules/react-dom/cjs/react-dom.development.js:3945:14)
    at HTMLUnknownElement.callTheUserObjectsOperation (/Users/user/Documents/GitHub/retailcore-mfe-investment-management/node_modules/jsdom/lib/jsdom/living/generated/EventListener.js:26:30)
    at innerInvokeEventListeners (/Users/user/Documents/GitHub/retailcore-mfe-investment-management/node_modules/jsdom/lib/jsdom/living/events/EventTarget-impl.js:338:25)
    at invokeEventListeners (/Users/user/Documents/GitHub/retailcore-mfe-investment-management/node_modules/jsdom/lib/jsdom/living/events/EventTarget-impl.js:274:3)
    at HTMLUnknownElementImpl._dispatch (/Users/user/Documents/GitHub/retailcore-mfe-investment-management/node_modules/jsdom/lib/jsdom/living/events/EventTarget-impl.js:221:9)
    at HTMLUnknownElementImpl.dispatchEvent (/Users/user/Documents/GitHub/retailcore-mfe-investment-management/node_modules/jsdom/lib/jsdom/living/events/EventTarget-impl.js:94:17)
    at HTMLUnknownElement.dispatchEvent (/Users/user/Documents/GitHub/retailcore-mfe-investment-management/node_modules/jsdom/lib/jsdom/living/generated/EventTarget.js:231:34)
    at Object.invokeGuardedCallbackDev (/Users/user/Documents/GitHub/retailcore-mfe-investment-management/node_modules/react-dom/cjs/react-dom.development.js:3994:16)
    at invokeGuardedCallback (/Users/user/Documents/GitHub/retailcore-mfe-investment-management/node_modules/react-dom/cjs/react-dom.development.js:4056:31)
    at beginWork$1 (/Users/user/Documents/GitHub/retailcore-mfe-investment-management/node_modules/react-dom/cjs/react-dom.development.js:23964:7)
    at performUnitOfWork (/Users/user/Documents/GitHub/retailcore-mfe-investment-management/node_modules/react-dom/cjs/react-dom.development.js:22779:12)
    at workLoopSync (/Users/user/Documents/GitHub/retailcore-mfe-investment-management/node_modules/react-dom/cjs/react-dom.development.js:22707:5)
    at renderRootSync (/Users/user/Documents/GitHub/retailcore-mfe-investment-management/node_modules/react-dom/cjs/react-dom.development.js:22670:7)
    at performSyncWorkOnRoot (/Users/user/Documents/GitHub/retailcore-mfe-investment-management/node_modules/react-dom/cjs/react-dom.development.js:22293:18)
    at /Users/user/Documents/GitHub/retailcore-mfe-investment-management/node_modules/react-dom/cjs/react-dom.development.js:11327:26
    at unstable_runWithPriority (/Users/user/Documents/GitHub/retailcore-mfe-investment-management/node_modules/scheduler/cjs/scheduler.development.js:468:12)
    at runWithPriority$1 (/Users/user/Documents/GitHub/retailcore-mfe-investment-management/node_modules/react-dom/cjs/react-dom.development.js:11276:10)
    at flushSyncCallbackQueueImpl (/Users/user/Documents/GitHub/retailcore-mfe-investment-management/node_modules/react-dom/cjs/react-dom.development.js:11322:9)
    at flushSyncCallbackQueue (/Users/user/Documents/GitHub/retailcore-mfe-investment-management/node_modules/react-dom/cjs/react-dom.development.js:11309:3)
    at batchedUpdates$1 (/Users/user/Documents/GitHub/retailcore-mfe-investment-management/node_modules/react-dom/cjs/react-dom.development.js:22387:7)
    at Object.notify (/Users/user/Documents/GitHub/retailcore-mfe-investment-management/node_modules/react-redux/lib/utils/Subscription.js:19:7)
    at Object.notifyNestedSubs (/Users/user/Documents/GitHub/retailcore-mfe-investment-management/node_modules/react-redux/lib/utils/Subscription.js:92:15)
    at handleChangeWrapper (/Users/user/Documents/GitHub/retailcore-mfe-investment-management/node_modules/react-redux/lib/utils/Subscription.js:97:20)
    at dispatch (/Users/user/Documents/GitHub/retailcore-mfe-investment-management/node_modules/redux/lib/redux.js:305:7)
    at /Users/user/Documents/GitHub/retailcore-mfe-investment-management/node_modules/@reduxjs/toolkit/src/query/core/buildMiddleware/index.ts:102:17
    at /Users/user/Documents/GitHub/retailcore-mfe-investment-management/node_modules/@reduxjs/toolkit/src/serializableStateInvariantMiddleware.ts:210:20
    at /Users/user/Documents/GitHub/retailcore-mfe-investment-management/node_modules/redux-thunk/lib/index.js:27:16
    at /Users/user/Documents/GitHub/retailcore-mfe-investment-management/node_modules/@reduxjs/toolkit/src/immutableStateInvariantMiddleware.ts:264:32
    at dispatch (/Users/user/Documents/GitHub/retailcore-mfe-investment-management/node_modules/redux/lib/redux.js:699:28)
    at /Users/user/Documents/GitHub/retailcore-mfe-investment-management/node_modules/@reduxjs/toolkit/src/createAsyncThunk.ts:682:13
    at step (/Users/user/Documents/GitHub/retailcore-mfe-investment-management/node_modules/@reduxjs/toolkit/dist/redux-toolkit.cjs.development.js:38:23)
    at Object.throw (/Users/user/Documents/GitHub/retailcore-mfe-investment-management/node_modules/@reduxjs/toolkit/dist/redux-toolkit.cjs.development.js:19:53)
    at rejected (/Users/user/Documents/GitHub/retailcore-mfe-investment-management/node_modules/@reduxjs/toolkit/dist/redux-toolkit.cjs.development.js:105:37)
    at processTicksAndRejections (node:internal/process/task_queues:95:5)]]></failure>
    </testCase>
  </file>
  <file path="/Users/user/Documents/GitHub/retailcore-mfe-investment-management/src/__tests__/modals/Rejection.test.tsx">
    <testCase name="handleSuccess should set options for ProductSearch component when userIsSuccess is true and branchMembersData is not null or undefined" duration="25"/>
    <testCase name="handleSuccess should not call setUsers when userIsSuccess is false" duration="41"/>
    <testCase name="handleSuccess should call setUsers with an empty array when branchMembersData is an empty array" duration="3"/>
    <testCase name="Rejection should render the Rejection modal with the correct UI and props" duration="1201"/>
    <testCase name="Rejection should display the correct title and labels for the form inputs" duration="355"/>
  </file>
  <file path="/Users/user/Documents/GitHub/retailcore-mfe-investment-management/src/__tests__/pages/investment/term-deposit/create-term-deposit/Summary.test.tsx">
    <testCase name="Container should render a div element with the correct class" duration="58"/>
    <testCase name="Container should render the children passed to it" duration="6"/>
    <testCase name="Container should render without any children" duration="8"/>
    <testCase name="Container should render without any children" duration="16"/>
    <testCase name="Container should render without any children" duration="5">
      <failure message="Error: expect(element).not.toBeEmptyDOMElement()"><![CDATA[Error: expect(element).not.toBeEmptyDOMElement()

Received:
  ""
    at Object.<anonymous> (/Users/user/Documents/GitHub/retailcore-mfe-investment-management/src/__tests__/pages/investment/term-deposit/create-term-deposit/Summary.test.tsx:59:34)
    at Promise.then.completed (/Users/user/Documents/GitHub/retailcore-mfe-investment-management/node_modules/jest-circus/build/utils.js:391:28)
    at new Promise (<anonymous>)
    at callAsyncCircusFn (/Users/user/Documents/GitHub/retailcore-mfe-investment-management/node_modules/jest-circus/build/utils.js:316:10)
    at _callCircusTest (/Users/user/Documents/GitHub/retailcore-mfe-investment-management/node_modules/jest-circus/build/run.js:218:40)
    at processTicksAndRejections (node:internal/process/task_queues:95:5)
    at _runTest (/Users/user/Documents/GitHub/retailcore-mfe-investment-management/node_modules/jest-circus/build/run.js:155:3)
    at _runTestsForDescribeBlock (/Users/user/Documents/GitHub/retailcore-mfe-investment-management/node_modules/jest-circus/build/run.js:66:9)
    at _runTestsForDescribeBlock (/Users/user/Documents/GitHub/retailcore-mfe-investment-management/node_modules/jest-circus/build/run.js:60:9)
    at run (/Users/user/Documents/GitHub/retailcore-mfe-investment-management/node_modules/jest-circus/build/run.js:25:3)
    at runAndTransformResultsToJestFormat (/Users/user/Documents/GitHub/retailcore-mfe-investment-management/node_modules/jest-circus/build/legacy-code-todo-rewrite/jestAdapterInit.js:170:21)
    at jestAdapter (/Users/user/Documents/GitHub/retailcore-mfe-investment-management/node_modules/jest-circus/build/legacy-code-todo-rewrite/jestAdapter.js:82:19)
    at runTestInternal (/Users/user/Documents/GitHub/retailcore-mfe-investment-management/node_modules/jest-runner/build/runTest.js:389:16)
    at runTest (/Users/user/Documents/GitHub/retailcore-mfe-investment-management/node_modules/jest-runner/build/runTest.js:475:34)
    at Object.worker (/Users/user/Documents/GitHub/retailcore-mfe-investment-management/node_modules/jest-runner/build/testWorker.js:133:12)]]></failure>
    </testCase>
    <testCase name="Container should render without any children" duration="4"/>
    <testCase name="Summary should render the component without crashing" duration="953"/>
    <testCase name="Summary should display the correct title and breadcrumbs" duration="274">
      <failure message="TestingLibraryElementError: Found multiple elements with the text: Process summary"><![CDATA[TestingLibraryElementError: Found multiple elements with the text: Process summary

Here are the matching elements:

Ignored nodes: comments, script, style
<h1
  class="text-[#747373] text-[24px] font-bold mb-7 uppercase"
>
  Process summary
</h1>

Ignored nodes: comments, script, style
<span>
  Process summary
</span>

(If this is intentional, then use the `*AllBy*` variant of the query (like `queryAllByText`, `getAllByText`, or `findAllByText`)).

Ignored nodes: comments, script, style
<body>
  <div>
    <div
      class="flex flex-col min-h-[100vh] "
    >
      <div
        class="px-[37px] py-[11px] bg-white"
      >
        <h1
          class="text-[#747373] text-[24px] font-bold mb-7 uppercase"
        >
          Process summary
        </h1>
        <div
          class="flex items-center gap-x-2"
          data-testid="breadcrumbs"
        >
          <button
            class="py-1 px-1 h-8 w-8 rounded flex items-center justify-center outline-none bg-transparent hover:bg-[#F9F2F2]"
            data-testid="back button"
          >
            <svg
              class="text-[#636363]"
              fill="currentColor"
              height="1em"
              stroke="currentColor"
              stroke-width="0"
              viewBox="0 0 16 16"
              width="1em"
              xmlns="http://www.w3.org/2000/svg"
            >
              <path
                d="M15 8a.5.5 0 0 0-.5-.5H2.707l3.147-3.146a.5.5 0 1 0-.708-.708l-4 4a.5.5 0 0 0 0 .708l4 4a.5.5 0 0 0 .708-.708L2.707 8.5H14.5A.5.5 0 0 0 15 8z"
                fill-rule="evenodd"
              />
            </svg>
             
          </button>
          <ul
            class="flex gap-x-8 uppercase items-center"
          >
            <li
              class="first-of-type:hover:bg-[#F9F2F2] hover:bg-[#F9F2F2] cursor-pointer px-2 py-1 rounded first-of-type:cursor-pointer relative text-[#8F8F8F] text-base font-medium last-of-type:text-[#636363] after:absolute after:content-[''] after:right-[-16px] after:top-1/2 after:translate-y-[-50%] after:w-2 after:h-2 after:border-b-2 after:border-r-2 after:border-[#636363] after:-rotate-45 last-of-type:after:content-none"
              data-testid="Product Factory"
            >
              <span>
                Product Factory
              </span>
            </li>
            <li
              class="first-of-type:hover:bg-[#F9F2F2] hover:bg-[#F9F2F2] cursor-pointer px-2 py-1 rounded first-of-type:cursor-pointer relative text-[#8F8F8F] text-base font-medium last-of-type:text-[#636363] after:absolute after:content-[''] after:right-[-16px] after:top-1/2 after:translate-y-[-50%] after:w-2 after:h-2 after:border-b-2 after:border-r-2 after:border-[#636363] after:-rotate-45 last-of-type:after:content-none"
              data-testid="Investment"
            >
              <span>
                Investment
              </span>
            </li>
            <li
              class="first-of-type:hover:bg-[#F9F2F2]  px-2 py-1 rounded first-of-type:cursor-pointer relative text-[#8F8F8F] text-base font-medium last-of-type:text-[#636363] after:absolute after:content-[''] after:right-[-16px] after:top-1/2 after:translate-y-[-50%] after:w-2 after:h-2 after:border-b-2 after:border-r-2 after:border-[#636363] after:-rotate-45 last-of-type:after:content-none"
              data-testid=""
            >
              <span />
            </li>
            <li
              class="first-of-type:hover:bg-[#F9F2F2]  px-2 py-1 rounded first-of-type:cursor-pointer relative text-[#8F8F8F] text-base font-medium last-of-type:text-[#636363] after:absolute after:content-[''] after:right-[-16px] after:top-1/2 after:translate-y-[-50%] after:w-2 after:h-2 after:border-b-2 after:border-r-2 after:border-[#636363] after:-rotate-45 last-of-type:after:content-none"
              data-testid="Process summary"
            >
              <span>
                Process summary
              </span>
            </li>
          </ul>
        </div>
      </div>
       
      <div
        class="w-full flex gap-6 h-full px-[37px] py-[30px] bg-[#F7F7F7]"
      >
        <div
          class="flex-1   bg-[#ffffff] rounded-md px-[100px] pt-[54px] pb-[49px] flex flex-col gap-5"
        >
          <div
            class="max-h-[600px] overflow-y-auto flex flex-col gap-5"
          >
            <div
              class=" bg-[#ffffff]   border border-[#EEEEEE] rounded-[10px] px-[60px] pt-[40px] pb-[40px] "
            >
              <p
                class="text-[#636363] text-lg font-semibold"
              >
                Processing Status:
              </p>
              <div
                class="w-full  mt-6"
              >
                <div
                  class="px-4 pb-2 flex items-center gap-x-[1px]"
                >
                  <img
                    alt="sliderLogo"
                    data-testid="firstRangeDisabled"
                    src=""
                  />
                  <div
                    class="flex-1 bg-[#D9D9D9] h-[10px]"
                  />
                  <img
                    alt="sliderLogo"
                    data-testid="secondRangeDisabled"
                    src=""
                  />
                </div>
                <div
                  class="flex justify-between mt-2"
                >
                  <div
                    class="break-word text-[#636363] text-xs font-medium undefined"
                    data-testid="label1"
                  >
                    Pending submission
                  </div>
                  <div
                    class="break-word text-[#636363] text-xs font-medium undefined"
                    data-testid="label2"
                  >
                    Approved
                  </div...
    at Object.getElementError (/Users/user/Documents/GitHub/retailcore-mfe-investment-management/node_modules/@testing-library/dom/dist/config.js:37:19)
    at getElementError (/Users/user/Documents/GitHub/retailcore-mfe-investment-management/node_modules/@testing-library/dom/dist/query-helpers.js:20:35)
    at getMultipleElementsFoundError (/Users/user/Documents/GitHub/retailcore-mfe-investment-management/node_modules/@testing-library/dom/dist/query-helpers.js:23:10)
    at /Users/user/Documents/GitHub/retailcore-mfe-investment-management/node_modules/@testing-library/dom/dist/query-helpers.js:55:13
    at getByText (/Users/user/Documents/GitHub/retailcore-mfe-investment-management/node_modules/@testing-library/dom/dist/query-helpers.js:95:19)
    at Object.<anonymous> (/Users/user/Documents/GitHub/retailcore-mfe-investment-management/src/__tests__/pages/investment/term-deposit/create-term-deposit/Summary.test.tsx:91:19)
    at Promise.then.completed (/Users/user/Documents/GitHub/retailcore-mfe-investment-management/node_modules/jest-circus/build/utils.js:391:28)
    at new Promise (<anonymous>)
    at callAsyncCircusFn (/Users/user/Documents/GitHub/retailcore-mfe-investment-management/node_modules/jest-circus/build/utils.js:316:10)
    at _callCircusTest (/Users/user/Documents/GitHub/retailcore-mfe-investment-management/node_modules/jest-circus/build/run.js:218:40)
    at processTicksAndRejections (node:internal/process/task_queues:95:5)
    at _runTest (/Users/user/Documents/GitHub/retailcore-mfe-investment-management/node_modules/jest-circus/build/run.js:155:3)
    at _runTestsForDescribeBlock (/Users/user/Documents/GitHub/retailcore-mfe-investment-management/node_modules/jest-circus/build/run.js:66:9)
    at _runTestsForDescribeBlock (/Users/user/Documents/GitHub/retailcore-mfe-investment-management/node_modules/jest-circus/build/run.js:60:9)
    at run (/Users/user/Documents/GitHub/retailcore-mfe-investment-management/node_modules/jest-circus/build/run.js:25:3)
    at runAndTransformResultsToJestFormat (/Users/user/Documents/GitHub/retailcore-mfe-investment-management/node_modules/jest-circus/build/legacy-code-todo-rewrite/jestAdapterInit.js:170:21)
    at jestAdapter (/Users/user/Documents/GitHub/retailcore-mfe-investment-management/node_modules/jest-circus/build/legacy-code-todo-rewrite/jestAdapter.js:82:19)
    at runTestInternal (/Users/user/Documents/GitHub/retailcore-mfe-investment-management/node_modules/jest-runner/build/runTest.js:389:16)
    at runTest (/Users/user/Documents/GitHub/retailcore-mfe-investment-management/node_modules/jest-runner/build/runTest.js:475:34)
    at Object.worker (/Users/user/Documents/GitHub/retailcore-mfe-investment-management/node_modules/jest-runner/build/testWorker.js:133:12)]]></failure>
    </testCase>
  </file>
  <file path="/Users/user/Documents/GitHub/retailcore-mfe-investment-management/src/__tests__/IndexComponent.test.tsx">
    <testCase name="IndexComponent Renders without error" duration="1079"/>
    <testCase name="IndexComponent should display the TopBar component" duration="559"/>
    <testCase name="handleToggle should set isChecker to true and hideCreate to true when selected option includes &quot;approved&quot;" duration="3"/>
    <testCase name="handleToggle should set isChecker to true and hideCreate to true when selected option includes &quot;sent&quot;" duration="1"/>
    <testCase name="handleToggle should set isChecker to false and hideCreate to false when selected option does not include &quot;approved&quot; or &quot;sent&quot;" duration="2"/>
    <testCase name="handleToggle should not throw an error and change values to &apos;false&apos; when selected values when selected value is null" duration="2"/>
    <testCase name="handleToggle should not throw an error and change values to &apos;false&apos; when selected values does not have a text property" duration="3"/>
    <testCase name="handleToggle should not throw an error and change values to &apos;false&apos; when selected values when selected value has a null text property" duration="2"/>
    <testCase name="handleChange should update query object with selected filter and reset page to 1" duration="1"/>
    <testCase name="handleChange should set status_In property of query object to null when activeType is &quot;all&quot;" duration="2"/>
    <testCase name="handleChange should update query object when activeType is not a valid string" duration="26"/>
    <testCase name="handleChange should update query object when category is not a valid string" duration="2"/>
    <testCase name="handleRefresh should call getProducts and prodStatRefetch with updated query when category is AllProducts" duration="1"/>
    <testCase name="handleRefresh should call getRequests and requestRefetch with updated query when category is Requests" duration="2"/>
    <testCase name="handleRefresh should call getRequests and RequestRefetch when category is undefined" duration="3"/>
    <testCase name="handleRefresh should call getProducts and getStatRefresh when StatusCategory type === &apos;all products&apos; " duration="18"/>
    <testCase name="handleSearch Should call setQuery with the provided values" duration="1"/>
  </file>
  <file path="/Users/user/Documents/GitHub/retailcore-mfe-investment-management/src/__tests__/components/Pages/term-deposit/forms/preview.test.tsx">
    <testCase name="Preview Renders without crashing" duration="787"/>
  </file>
  <file path="/Users/user/Documents/GitHub/retailcore-mfe-investment-management/src/__tests__/forms/Select.test.tsx">
    <testCase name="Select renders without crashing" duration="103"/>
    <testCase name="Select matches snapshot" duration="38"/>
    <testCase name="Select shows the selected option" duration="23"/>
    <testCase name="Select opens the dropdown when clicked" duration="251"/>
    <testCase name="Select calls onChange when option selected" duration="149"/>
  </file>
  <file path="/Users/user/Documents/GitHub/retailcore-mfe-investment-management/src/__tests__/modals/Confirm.test.tsx">
    <testCase name="Confirm renders without crashing" duration="44"/>
    <testCase name="Confirm should render a modal with the given text and subtext" duration="338"/>
    <testCase name="Confirm should render a cancel buttons  and a confirm button" duration="42"/>
    <testCase name="Confirm closes modal when cancel button 1 clicked" duration="113"/>
    <testCase name="Confirm Calls onCancel when cancel button 2 clicked" duration="122"/>
    <testCase name="Confirm should call onConfirm when confirm button is clicked" duration="85"/>
  </file>
  <file path="/Users/user/Documents/GitHub/retailcore-mfe-investment-management/src/__tests__/components/table/index.test.tsx">
    <testCase name="handleProductsDropdown should return an array of dropdown options based on the status parameter" duration="5"/>
    <testCase name="handleProductsDropdown should filter out options based on the isChecker parameter" duration="1"/>
    <testCase name="handleProductsDropdown should filter out options based on the permissions parameter" duration="1"/>
    <testCase name="TableComponent should render a table with headers and rows" duration="200"/>
    <testCase name="TableComponent should display a loading indicator when data is being fetched" duration="21"/>
    <testCase name="TextCellContent renders text content and dot correctly" duration="4"/>
    <testCase name="TextCellContent renders &quot;-&quot; when value is falsy" duration="13"/>
    <testCase name="ProductNameCellContent renders product code correctly" duration="5"/>
    <testCase name="ProductNameCellContent renders &quot;-&quot; when product code is falsy" duration="6"/>
    <testCase name="UpdatedOnCellContent should render the date and time in the correct format" duration="12"/>
    <testCase name="UpdatedOnCellContent should render nothing when value is null or undefined" duration="5"/>
    <testCase name="UpdatedOnCellContent should render nothing when value is not a valid date" duration="65"/>
    <testCase name="UpdatedOnCellContent should render nothing when value is not a string or a date object" duration="22"/>
    <testCase name="UpdatedOnCellContent should render the date and time in the correct format for a different timezone" duration="4"/>
    <testCase name="StateCellContent should render a span element with the given value as its text content" duration="20"/>
    <testCase name="StateCellContent should apply a class to the span element based on the value passed to the function" duration="3"/>
    <testCase name="StatusCellContent should render a span element with the specific class based on the value passed as props" duration="12"/>
    <testCase name="StatusCellContent should call handleUserView function to determine the text content of the span element" duration="43"/>
    <testCase name="StatusCellContent should call handleColorState function to determine the background color of the span element" duration="26"/>
    <testCase name="StatusCellContent should render a span element with the default class and value as text content when the value passed as props does not match any of the cases in handleUserView and handleColorState" duration="6"/>
    <testCase name="StatusCellContent should default the isChecker prop to false if it is not a boolean" duration="6"/>
    <testCase name="StatusCellContent should render a FaEye icon next to the text content" duration="3"/>
    <testCase name="ActionsCellContent should render a DropdownButton component with the given dropDownOptions and onClick props" duration="60"/>
    <testCase name="ActionsCellContent should render a DropdownButton component with empty options when dropDownOptions prop is not provided" duration="98"/>
  </file>
  <file path="/Users/user/Documents/GitHub/retailcore-mfe-investment-management/src/__tests__/components/assets/images/ModifySvg.test.tsx">
    <testCase name="ModifySvg Renders without error" duration="33"/>
  </file>
  <file path="/Users/user/Documents/GitHub/retailcore-mfe-investment-management/src/__tests__/forms/FormDate.test.tsx">
    <testCase name="FormDate component should update date on date change" duration="92"/>
    <testCase name="FormDate component should display error message when there is an error" duration="16"/>
  </file>
  <file path="/Users/user/Documents/GitHub/retailcore-mfe-investment-management/src/__tests__/components/ui/Icon.test.tsx">
    <testCase name="Icons should render an Icon component with the given props" duration="43"/>
  </file>
  <file path="/Users/user/Documents/GitHub/retailcore-mfe-investment-management/src/__tests__/MinMaxInput.test.tsx">
    <testCase name="MinMaxInput Renders without error" duration="83"/>
    <testCase name="MinMaxInput Renders error" duration="12"/>
    <testCase name="MinMaxInput Shows button if &apos;hasButton&apos; is true" duration="16"/>
    <testCase name="MinMaxInput Shows percent sign (%) if &apos;isPercent&apos; is true" duration="11"/>
    <testCase name="MinMaxInput sets default value" duration="43"/>
  </file>
  <file path="/Users/user/Documents/GitHub/retailcore-mfe-investment-management/src/__tests__/App.test.tsx">
    <testCase name="Test App Component If App is rendered wihout issues" duration="95"/>
  </file>
  <file path="/Users/user/Documents/GitHub/retailcore-mfe-investment-management/src/__tests__/utils/getPercentage.test.tsx">
    <testCase name="getPercentage should return the correct percentage when total and success are positive integers" duration="6"/>
    <testCase name="getPercentage should return 100 when success is equal to total" duration="2"/>
    <testCase name="getPercentage should return 0 when success is equal to 0" duration="2"/>
    <testCase name="getPercentage should return the correct percentage when success is less than total" duration="2"/>
  </file>
  <file path="/Users/user/Documents/GitHub/retailcore-mfe-investment-management/src/__tests__/forms/InfoLabel.test.tsx">
    <testCase name="InfoLabel Renders without errors" duration="66"/>
  </file>
  <file path="/Users/user/Documents/GitHub/retailcore-mfe-investment-management/src/__tests__/components/ActivityLog.tsx">
    <testCase name="renders the ActivityLog component with loading state" duration="29"/>
    <testCase name="renders the ActivityLog component with no activities" duration="14"/>
    <testCase name="renders the ActivityLog component with activities" duration="28"/>
  </file>
  <file path="/Users/user/Documents/GitHub/retailcore-mfe-investment-management/src/__tests__/modals/Status.test.tsx">
    <testCase name="Success Modal renders without crashing" duration="38"/>
    <testCase name="Success Modal matches snapshot" duration="13"/>
    <testCase name="Success Modal can close modal pathname !== /product-management" duration="151"/>
    <testCase name="Success Modal can close modal when canclose is true" duration="64"/>
    <testCase name="Prompt Modal renders without crashing" duration="4"/>
    <testCase name="Prompt Modal matches snapshot" duration="4"/>
    <testCase name="Prompt Modal can close modal pathname !== /product-management" duration="116"/>
    <testCase name="Prompt Modal can close modal when canclose is true" duration="47"/>
    <testCase name="Failed Modal matches snapshot" duration="17"/>
    <testCase name="Failed Modal can close modal pathname !== /product-management" duration="78"/>
    <testCase name="Failed Modal can close modal when canclose is true" duration="83"/>
  </file>
  <file path="/Users/user/Documents/GitHub/retailcore-mfe-investment-management/src/__tests__/components/Dropdown.test.tsx">
    <testCase name="Dropdown renders without crashing" duration="48"/>
    <testCase name="Dropdown matches snapshot" duration="13"/>
    <testCase name="Dropdown selects the right icon" duration="22"/>
    <testCase name="Dropdown renders right icon when button is clicked" duration="157"/>
    <testCase name="Dropdown applies active class to the selected option" duration="175"/>
    <testCase name="handleIcons should return the correct React component for each input value" duration="11"/>
    <testCase name="handleIcons should handle all valid input values" duration="2"/>
    <testCase name="TestDrop should render a button with children passed as props" duration="8"/>
    <testCase name="TestDrop should render a dropdown menu on button click" duration="112"/>
    <testCase name="TestDrop should render menu items based on options passed as props" duration="71"/>
    <testCase name="TestDrop should not render dropdown menu when trigger button is not clicked" duration="18"/>
    <testCase name="TestDrop should not render menu items when options prop is not passed" duration="64"/>
  </file>
  <file path="/Users/user/Documents/GitHub/retailcore-mfe-investment-management/src/__tests__/customer-eligibility-criteria.test.tsx">
    <testCase name="ProductInformation Renders without error" duration="296"/>
  </file>
  <file path="/Users/user/Documents/GitHub/retailcore-mfe-investment-management/src/__tests__/utils/checkEmpty.test.tsx">
    <testCase name="checkEmpty should return an empty array when all objects have all required properties" duration="6"/>
    <testCase name="checkEmpty should return an array with objects that have missing required properties" duration="2"/>
    <testCase name="checkEmpty should return an empty array when uploadData is empty" duration="2"/>
    <testCase name="checkEmpty should return an array with objects that have all required properties when uploadData contains only such objects" duration="1"/>
    <testCase name="checkEmpty should return an array with objects that have missing required properties when uploadData contains only such objects" duration="10"/>
    <testCase name="checkEmpty should return an array with objects that have missing required properties when uploadData contains objects with missing and objects with all required properties" duration="2"/>
  </file>
  <file path="/Users/user/Documents/GitHub/retailcore-mfe-investment-management/src/__tests__/utils/countDuplicates.test.tsx">
    <testCase name="countDuplicates should return 0 when there are no duplicates in the array" duration="11"/>
    <testCase name="countDuplicates should return the correct number of duplicates when there are duplicates in the array" duration="2"/>
    <testCase name="countDuplicates should handle arrays with multiple types of elements" duration="2"/>
    <testCase name="countDuplicates should return 0 when the array is empty" duration="2"/>
    <testCase name="countDuplicates should handle arrays with only one element" duration="2"/>
    <testCase name="countDuplicates should handle arrays with only duplicate elements" duration="9"/>
  </file>
  <file path="/Users/user/Documents/GitHub/retailcore-mfe-investment-management/src/__tests__/utils/parseQueryParams.test.tsx">
    <testCase name="parseQueryParams should return an instance of URLSearchParams when called with valid query params" duration="8"/>
    <testCase name="parseQueryParams should append all non-array query params to the URLSearchParams instance" duration="2"/>
    <testCase name="parseQueryParams should append all items in an array query param to the URLSearchParams instance" duration="2"/>
    <testCase name="parseQueryParams should set boolean query params to their corresponding key in the URLSearchParams instance" duration="2"/>
    <testCase name="parseQueryParams should handle an empty query params object" duration="2"/>
    <testCase name="parseQueryParams should handle a query params object with null or undefined values" duration="2"/>
  </file>
  <file path="/Users/user/Documents/GitHub/retailcore-mfe-investment-management/src/__tests__/pricing-config.test.tsx">
    <testCase name="PricingConfig renders without errors" duration="906"/>
  </file>
  <file path="/Users/user/Documents/GitHub/retailcore-mfe-investment-management/src/__tests__/root.component.test.tsx">
    <testCase name="Root component should be in the document" duration="132"/>
  </file>
  <file path="/Users/user/Documents/GitHub/retailcore-mfe-investment-management/src/__tests__/components/Pages/term-deposit/forms/accounting-entries-and-events.test.tsx">
    <testCase name="AccountingEntriesAndEvents Renders without error" duration="208"/>
  </file>
  <file path="/Users/user/Documents/GitHub/retailcore-mfe-investment-management/src/__tests__/forms/Checkbox.test.tsx">
    <testCase name="Checkbox renders without crashing" duration="42"/>
    <testCase name="Checkbox matches snapshot" duration="18"/>
    <testCase name="Checkbox displays the label" duration="41"/>
    <testCase name="Checkbox initially renders unchecked" duration="13"/>
    <testCase name="Checkbox renders checked when checked prop is true" duration="5"/>
    <testCase name="Checkbox calls onChange when clicked" duration="11"/>
    <testCase name="Checkbox should not call onChange if not provided when handleChange is invoked" duration="6"/>
  </file>
  <file path="/Users/user/Documents/GitHub/retailcore-mfe-investment-management/src/__tests__/components/Button.test.tsx">
    <testCase name="Button renders without crashing" duration="39"/>
    <testCase name="Button renders children" duration="9"/>
    <testCase name="Button applies custom className" duration="6"/>
    <testCase name="Button can show loader" duration="21"/>
    <testCase name="Button can hide loader" duration="9"/>
    <testCase name="Button can render button elements" duration="13"/>
    <testCase name="Button calls onClick handler" duration="23"/>
  </file>
  <file path="/Users/user/Documents/GitHub/retailcore-mfe-investment-management/src/__tests__/liquidity-setup.test.tsx">
    <testCase name="LiquiditySetup Renders without error" duration="526"/>
  </file>
  <file path="/Users/user/Documents/GitHub/retailcore-mfe-investment-management/src/__tests__/utils/handleDropdown.test.tsx">
    <testCase name="handleDropdown should return an array of dropdown options when valid status and type are provided" duration="6"/>
    <testCase name="handleDropdown should return an empty array when an invalid status is provided" duration="6"/>
    <testCase name="handleDropdown should return an empty array when either status or type is falsy" duration="2"/>
    <testCase name="handleDropdown should return an array of options based on status and type" duration="3"/>
    <testCase name="handleDropdown should filter options based on permissions if CREATE_PRODUCT is not included" duration="2"/>
    <testCase name="handleDropdown should return an empty array if status is not found in firstLevel" duration="12"/>
    <testCase name="handleDropdown should return an empty array when either &quot;status&quot; or &quot;type&quot; is falsy" duration="5"/>
    <testCase name="handleDropdown should return an array of options based on &quot;status&quot; and &quot;type&quot;" duration="3"/>
    <testCase name="handleDropdown should filter options based on permissions if &quot;CREATE_PRODUCT&quot; is not included" duration="2"/>
    <testCase name="handleDropdown should return an empty array if &quot;selectedType&quot; is falsy" duration="3"/>
    <testCase name="handleDropdown should return an empty array if &quot;status&quot; is not found in &quot;DropDownOptions&quot;" duration="6"/>
    <testCase name="handleDropdown should return an empty array if &quot;type&quot; is not found in &quot;creationMap&quot;" duration="2"/>
    <testCase name="handleDropdown should return an empty array when status is falsy" duration="3"/>
    <testCase name="handleDropdown should return an empty array when type is falsy" duration="13"/>
    <testCase name="handleDropdown should return an array of options when type is in creationMap" duration="2"/>
    <testCase name="handleDropdown should return an array of options when type is not in creationMap" duration="2"/>
  </file>
  <file path="/Users/user/Documents/GitHub/retailcore-mfe-investment-management/src/__tests__/components/summary/IndexComponent.test.tsx">
    <testCase name="IndexComponent Renders without crashing" duration="184"/>
  </file>
  <file path="/Users/user/Documents/GitHub/retailcore-mfe-investment-management/src/__tests__/components/Pages/investment/TestComponents.test.tsx">
    <testCase name="TestComponents should render FormStepComponent with correct step and formStepItems" duration="77"/>
  </file>
  <file path="/Users/user/Documents/GitHub/retailcore-mfe-investment-management/src/__tests__/components/product-information.test.tsx">
    <testCase name="ProductInformation should render the form without errors" duration="228"/>
    <testCase name="ProductInformation Changes values" duration="86"/>
    <testCase name="ProductInformation should update character count for product name in real-time" duration="294"/>
    <testCase name="ProductInformation should display negative character count message for product name with more than 50 characters" duration="105"/>
  </file>
  <file path="/Users/user/Documents/GitHub/retailcore-mfe-investment-management/src/__tests__/components/SideLabelSearchSelect.test.tsx">
    <testCase name="InputDivs should render a div with a label and a child div" duration="160"/>
    <testCase name="InputDivs should display a RedDot component next to the label" duration="106"/>
    <testCase name="InputDivs should accept a label prop and render it as text" duration="12"/>
    <testCase name="InputDivs should render without a label when label prop is not provided" duration="6"/>
    <testCase name="InputDivs should render without a child div when children prop is not provided" duration="8"/>
    <testCase name="InputDivs should render an empty label when label prop is an empty string" duration="8"/>
    <testCase name="SideLabelSearchSelect should render the component with default props and input options" duration="67"/>
    <testCase name="SideLabelSearchSelect should handle empty input field correctly" duration="23"/>
    <testCase name="SideLabelSearchSelect should handle long input field values correctly" duration="22"/>
    <testCase name="SideLabelSearchSelect should handle special characters in input field values correctly" duration="19"/>
  </file>
  <file path="/Users/user/Documents/GitHub/retailcore-mfe-investment-management/src/__tests__/MultiSelect.test.tsx">
    <testCase name="MultiSelect Renders without error" duration="39"/>
    <testCase name="MultiSelect Renders options" duration="36"/>
  </file>
  <file path="/Users/user/Documents/GitHub/retailcore-mfe-investment-management/src/__tests__/modals/Approved.test.tsx">
    <testCase name="ApprovedSuccess Modal renders without crashing" duration="103"/>
    <testCase name="ApprovedSuccess Modal matches snapshot" duration="12"/>
    <testCase name="ApprovedSuccess Modal closes modal when cancel clicked" duration="165"/>
    <testCase name="ApprovedSuccess Modal calls onConfirm when form submitted" duration="102"/>
  </file>
  <file path="/Users/user/Documents/GitHub/retailcore-mfe-investment-management/src/__tests__/components/StatusCard.test.tsx">
    <testCase name="StatusCard Renders without error" duration="92"/>
    <testCase name="StatusButton Renders without error" duration="6"/>
    <testCase name="StatusButton Shows spinner while loading" duration="6"/>
    <testCase name="sortOptions Sorts and returns expected options in &apos;all products&apos; category" duration="12"/>
    <testCase name="sortOptions Sorts and returns expected options in &apos;requests&apos; category" duration="4"/>
    <testCase name="StatusCategoryButton Renders without error" duration="17"/>
    <testCase name="handleActiveType Sets status to &quot;&quot; when activeType === all " duration="5"/>
    <testCase name="handleActiveType Sets status according to various activeTypes" duration="2"/>
  </file>
  <file path="/Users/user/Documents/GitHub/retailcore-mfe-investment-management/src/__tests__/components/forms/MultiSelectForm2.tsx">
    <testCase name="handleChange should add a new value to selectedOptions array when it doesnt already exist" duration="39"/>
    <testCase name="handleChange should remove a value from selectedOptions array when it already exists" duration="2"/>
    <testCase name="handleChange should handle null or undefined value parameter" duration="3"/>
    <testCase name="handleChange should handle null or undefined setSelectedOptions parameter" duration="53"/>
    <testCase name="handleChange should handle null or undefined id parameter" duration="2"/>
    <testCase name="closeDropdown should set isOpen state to false when called with setIsOpen(false)" duration="3"/>
    <testCase name="closeDropdown should not throw an error when called with setIsOpen" duration="2"/>
    <testCase name="closeDropdown should not have any side effects other than setting isOpen state to false" duration="3"/>
    <testCase name="closeDropdown should not affect any other state or props" duration="1"/>
    <testCase name="MultiSelectForm2 should render a label with the provided labelName prop" duration="61"/>
    <testCase name="MultiSelectForm2 should render a search input with the provided placeholder prop" duration="20"/>
    <testCase name="MultiSelectForm2 should render a list of options with checkboxes" duration="8"/>
    <testCase name="MultiSelectForm2 should render a default placeholder when no placeholder prop is provided" duration="42"/>
  </file>
  <file path="/Users/user/Documents/GitHub/retailcore-mfe-investment-management/src/__tests__/components/SelectedRequirementsTable.test.tsx">
    <testCase name="SelectedRequirementsTable Renders without errors" duration="127"/>
    <testCase name="SelectedRequirementsTable Renders selected requirement list" duration="25"/>
    <testCase name="SelectedRequirementsTable Shows message when list is empty" duration="21"/>
  </file>
  <file path="/Users/user/Documents/GitHub/retailcore-mfe-investment-management/src/__tests__/forms/FormUpload.test.tsx">
    <testCase name="FormUpload renders without crashing" duration="44"/>
    <testCase name="FormUpload matches snapshot" duration="41"/>
    <testCase name="FormUpload should reset all state variables when handleReset is called" duration="3"/>
    <testCase name="handleFileChange should select a file and set the file type correctly" duration="7"/>
    <testCase name="handleFileChange should set an error message when the file size exceeds the maximum allowed size" duration="3"/>
    <testCase name="handleFileChange should set an error message when no file is selected" duration="2"/>
    <testCase name="handleFileChange should display an error message when selecting a file with an invalid extension" duration="6"/>
    <testCase name="FormUpload should display error message when selecting a file with an unsupported file type" duration="38"/>
    <testCase name="handleDrag should set dragActive to true when dragenter event is triggered" duration="11"/>
    <testCase name="handleDrag should set dragActive to true when dragover event is triggered" duration="9"/>
    <testCase name="handleDrag should set dragActive to false when dragleave event is triggered" duration="1"/>
    <testCase name="handleReset should reset upload data to an empty array" duration="1"/>
    <testCase name="handleReset should set status to null" duration="3"/>
    <testCase name="handleDrop should read and process a valid file when dropped" duration="2"/>
    <testCase name="handleDrop should process a file with a valid file type when dropped" duration="2"/>
    <testCase name="handleDrop should read and process a file with a valid file type when dropped" duration="2"/>
    <testCase name="handleDrop should process a file with a valid file type when dropped" duration="1"/>
    <testCase name="handleDrop should process a file with a valid file type when dropped" duration="2"/>
    <testCase name="handleDrop should set an error message when the file type is not supported" duration="1"/>
    <testCase name="handleDrop should set the base64 image correctly when the file is read" duration="4"/>
  </file>
  <file path="/Users/user/Documents/GitHub/retailcore-mfe-investment-management/src/__tests__/components/TopBar.test.tsx">
    <testCase name="Tabs should renderWithProviders a list of tabs with titles and urls" duration="69"/>
    <testCase name="should set active tab and update search term" duration="39"/>
    <testCase name="renderWithProviderss TopBar component" duration="37"/>
    <testCase name="getSearchResult should call getProducts with correct parameters and set search results" duration="3"/>
    <testCase name="getSearchResult should set search results to empty array when given empty string value" duration="12"/>
    <testCase name="Tabs should renderWithProviders tabs with correct titles and styles" duration="25"/>
    <testCase name="Tabs should update active tab and navigate to correct URL when a tab is clicked" duration="32"/>
    <testCase name="TopBar should renderWithProviders the top bar component without errors" duration="26"/>
    <testCase name="TopBar should display the Product Factory title" duration="17"/>
    <testCase name="TopBar should display the Create new product button" duration="14"/>
    <testCase name="TopBar should disable the Create new product button when permissions are not provided" duration="14"/>
  </file>
  <file path="/Users/user/Documents/GitHub/retailcore-mfe-investment-management/src/__tests__/components/ProductSearch.test.tsx">
    <testCase name="search input calls setSearchTerm function with debounce on input change" duration="197"/>
    <testCase name="classNames should concatenate all truthy class names into a single string" duration="13"/>
    <testCase name="classNames should ignore all falsy class names" duration="2"/>
    <testCase name="classNames should handle multiple truthy and falsy class names" duration="1"/>
    <testCase name="classNames should handle empty input" duration="4"/>
    <testCase name="classNames should handle input with only one truthy class name" duration="8"/>
    <testCase name="ProductSearch renders without crashing" duration="272"/>
    <testCase name="ProductSearch shows placeholder text" duration="22"/>
    <testCase name="ProductSearch filters options by search query" duration="60"/>
    <testCase name="ProductSearch renders the component with placeholder" duration="26"/>
    <testCase name="ProductSearch displays options when typing in the input" duration="38"/>
    <testCase name="ProductSearch applies the correct class when an option is active" duration="85"/>
    <testCase name="ProductSearch applies the correct class when an option is selected" duration="68"/>
  </file>
  <file path="/Users/user/Documents/GitHub/retailcore-mfe-investment-management/src/__tests__/components/summary/Actions.test.tsx">
    <testCase name="Actions should renderWithProviders a div element with specific class and styling" duration="141"/>
    <testCase name="Actions should call the corresponding functions when Cancel, Modify, or Submit buttons are clicked" duration="55"/>
    <testCase name="Actions should call the corresponding functions when Print, Share, or Return to dashboard buttons are clicked" duration="27"/>
    <testCase name="Actions should set the confirm text to &quot;Product creation approve&quot; when sub_type is not provided and action is &quot;approve&quot;" duration="24"/>
    <testCase name="Actions should set the confirm text to &quot;Product creation reject&quot; when sub_type is not provided and action is &quot;reject&quot;" duration="25"/>
    <testCase name="Actions should set the confirm text to &quot;Product activation approve&quot; when sub_type is &quot;activation&quot; and action is &quot;approve&quot;" duration="47"/>
  </file>
  <file path="/Users/user/Documents/GitHub/retailcore-mfe-investment-management/src/__tests__/forms/BorderlessSelect.test.tsx">
    <testCase name="BorderlessSelect Renders without error" duration="93"/>
    <testCase name="BorderlessSelect Shows options when input is clicked" duration="167"/>
    <testCase name="BorderlessSelect indicates that input is required" duration="7"/>
    <testCase name="BorderlessSelect indicates error" duration="7"/>
    <testCase name="BorderlessSelect changes value when clicked and hides options" duration="131"/>
  </file>
  <file path="/Users/user/Documents/GitHub/retailcore-mfe-investment-management/src/__tests__/components/forms/MinMaxInput.test.tsx">
    <testCase name="MinMaxInput should render an input field with default value and placeholder" duration="70"/>
    <testCase name="MinMaxInput should allow user input and trigger change event" duration="8"/>
    <testCase name="MinMaxInput should clear errors when input value changes" duration="13"/>
    <testCase name="MinMaxInput should display red border when there is an error" duration="5"/>
    <testCase name="MinMaxInput should not display red border when there is no error" duration="15"/>
    <testCase name="MinMaxInput should display default placeholder if not provided" duration="4"/>
    <testCase name="MinMaxInput renders without errors" duration="91"/>
    <testCase name="MinMaxInput handles value change" duration="56"/>
  </file>
  <file path="/Users/user/Documents/GitHub/retailcore-mfe-investment-management/src/__tests__/components/Loader.test.tsx">
    <testCase name="Breadcrumbs renders without crashing" duration="27"/>
    <testCase name="Breadcrumbs matches snapshot" duration="11"/>
    <testCase name="Loader should render Loader component when isOpen is true" duration="145"/>
    <testCase name="Loader should not render Loader component when isOpen is false" duration="18"/>
    <testCase name="Loader should not throw an error when setIsOpen is not provided" duration="33"/>
    <testCase name="Loader should spin the AiOutlineLoading icon when Loader component is rendered" duration="47"/>
    <testCase name="Loader should display the text prop in the Loader component" duration="54"/>
  </file>
  <file path="/Users/user/Documents/GitHub/retailcore-mfe-investment-management/src/__tests__/components/forms/MultiSelectForm.tsx">
    <testCase name="MultiSelectForm should render a label with the provided labelName prop" duration="68"/>
    <testCase name="MultiSelectForm should render a button with the provided placeholder prop" duration="7"/>
    <testCase name="MultiSelectForm should open a dropdown with options when the button is clicked" duration="441"/>
    <testCase name="MultiSelectForm should handle the case where no options are provided" duration="187"/>
    <testCase name="MultiSelectForm should handle the case where no labelName prop is provided" duration="33"/>
    <testCase name="MultiSelectForm should handle the case where no inputName prop is provided" duration="30"/>
    <testCase name="handleChange should add a new value to selectedOptions array when it doesnt already exist" duration="2"/>
    <testCase name="handleChange should remove a value from selectedOptions array when it already exists" duration="1"/>
    <testCase name="handleChange should handle null or undefined value parameter" duration="1"/>
    <testCase name="handleChange should handle null or undefined setSelectedOptions parameter" duration="20"/>
    <testCase name="handleChange should handle null or undefined id parameter" duration="1"/>
    <testCase name="closeDropdown should set isOpen state to false when called with setIsOpen(false)" duration="6"/>
    <testCase name="closeDropdown should not throw an error when called with setIsOpen" duration="3"/>
    <testCase name="closeDropdown should not have any side effects other than setting isOpen state to false" duration="9"/>
    <testCase name="closeDropdown should not affect any other state or props" duration="3"/>
  </file>
  <file path="/Users/user/Documents/GitHub/retailcore-mfe-investment-management/src/__tests__/utils/handleUserView.test.tsx">
    <testCase name="handleUserView should return &quot;in-review&quot; when value is &quot;P&quot; and checker is false" duration="49"/>
    <testCase name="handleUserView should return &quot;pending&quot; when value is &quot;P&quot; and checker is true" duration="2"/>
    <testCase name="handleUserView should return &quot;draft&quot; when value is &quot;D&quot;" duration="2"/>
    <testCase name="handleUserView should return &quot;approved&quot; when value is &quot;A&quot;" duration="2"/>
    <testCase name="handleUserView should return &quot;in-issue&quot; when value is &quot;I&quot; and checker is false" duration="6"/>
    <testCase name="handleUserView should return &quot;rejected&quot; when value is &quot;I&quot; and checker is true" duration="8"/>
    <testCase name="handleUserView should return &quot;in-issue&quot; when value is &quot;R&quot; and checker is false" duration="2"/>
    <testCase name="handleUserView should return &quot;rejected&quot; when value is &quot;R&quot; and checker is true" duration="1"/>
    <testCase name="handleUserView should return valye when value is &quot;T&quot; and checker is true" duration="1"/>
  </file>
  <file path="/Users/user/Documents/GitHub/retailcore-mfe-investment-management/src/__tests__/forms/DateSelect.test.tsx">
    <testCase name="DateSelect renders without errors" duration="238"/>
    <testCase name="DateSelect Shows datePicker on button click" duration="677"/>
    <testCase name="closeDropdown should set isOpen state to false when called with setIsOpen function" duration="10"/>
    <testCase name="closeDropdown should not throw an error when called with setIsOpen function" duration="3"/>
    <testCase name="closeDropdown should not modify any other state or props" duration="5"/>
    <testCase name="handleClick should set the duration to the value of the clicked item" duration="4"/>
    <testCase name="handleClick should set both start and end dates to null when duration is falsy" duration="37"/>
    <testCase name="handleClick should handle gracefully if the item value is not a number" duration="5"/>
    <testCase name="onChange should set start and end date in state object when given an array of dates" duration="2"/>
    <testCase name="onChange should handle null values for start and end dates" duration="3"/>
    <testCase name="onChange should update the state object with new start and end dates" duration="1"/>
    <testCase name="onChange should handle invalid input types" duration="7"/>
    <testCase name="onChange should handle invalid input values" duration="2"/>
    <testCase name="onChange should handle unexpected input formats" duration="1"/>
  </file>
  <file path="/Users/user/Documents/GitHub/retailcore-mfe-investment-management/src/__tests__/MiniTermDepositDetail.test.tsx">
    <testCase name="MiniTermDepositDetail renders without error" duration="277"/>
    <testCase name="MiniTermDepositDetail Indicates new data" duration="19"/>
  </file>
  <file path="/Users/user/Documents/GitHub/retailcore-mfe-investment-management/src/__tests__/layouts/AuthGuard.test.tsx">
    <testCase name="AuthGuard shows content if authenticated" duration="324"/>
    <testCase name="should return children when isAuthenticated is true" duration="10"/>
  </file>
  <file path="/Users/user/Documents/GitHub/retailcore-mfe-investment-management/src/__tests__/ReviewStatus.test.tsx">
    <testCase name="ReviewStatus Renders without error" duration="437"/>
    <testCase name="ReviewStatus Render for rejection case" duration="8"/>
  </file>
  <file path="/Users/user/Documents/GitHub/retailcore-mfe-investment-management/src/__tests__/components/ui/Tooltip.test.tsx">
    <testCase name="Tooltip should render a tooltip with default values" duration="134"/>
  </file>
  <file path="/Users/user/Documents/GitHub/retailcore-mfe-investment-management/src/__tests__/pages/investment/term-deposit/create-term-deposit/IndexComponent.test.tsx">
    <testCase name="IndexComponent renders" duration="284"/>
    <testCase name="handlePrev should decrement the step by 1 and update the state when the current step is greater than the first step" duration="27"/>
    <testCase name="handlePrev should not update the step and state when the current step is equal to the first step" duration="1"/>
    <testCase name="handleNext should increment the step by 1 when given a valid step number less than the total number of steps" duration="1"/>
    <testCase name="handleNext should not increment the step when given the last step number" duration="2"/>
    <testCase name="handleNext should not increment the step when given a step number greater than the total number of steps" duration="1"/>
    <testCase name="handleNext should not increment the step when given a non-numeric step" duration="2"/>
    <testCase name="handleNext should not modify any other state or variable besides the step" duration="2"/>
  </file>
  <file path="/Users/user/Documents/GitHub/retailcore-mfe-investment-management/src/__tests__/modals/SelectRequirements.test.tsx">
    <testCase name="SelectRequirements should render the modal layout with the given header and subtext" duration="620"/>
    <testCase name="SelectRequirements should render the children components passed to it" duration="65"/>
    <testCase name="SelectRequirements should render the select button when hideBtn is false" duration="443"/>
    <testCase name="SelectRequirements should render the modal layout without subtext" duration="302"/>
    <testCase name="SelectRequirements should render the modal layout without children components" duration="71"/>
    <testCase name="SelectRequirements should render the modal layout without a cancel button" duration="91"/>
  </file>
  <file path="/Users/user/Documents/GitHub/retailcore-mfe-investment-management/src/__tests__/components/MultiRangeSlider.test.tsx">
    <testCase name="Slider renders without crashing" duration="115"/>
    <testCase name="Slider matches snapshot" duration="35"/>
  </file>
  <file path="/Users/user/Documents/GitHub/retailcore-mfe-investment-management/src/__tests__/components/DownloadButton.tsx">
    <testCase name="DownloadButton should call handleDownload function when button is clicked" duration="158"/>
    <testCase name="DownloadButton should display the text Download" duration="15"/>
    <testCase name="DownloadButton should not throw an error when handleDownload is not provided" duration="4"/>
    <testCase name="DownloadButton should have the correct class name, type attribute, text color, background color, and gap between icon and text" duration="9"/>
  </file>
  <file path="/Users/user/Documents/GitHub/retailcore-mfe-investment-management/src/__tests__/Sterling-investment.tsx">
    <testCase name="microfrontend bootstraps the app" duration="9"/>
    <testCase name="microfrontend mounts and unmounts" duration="60"/>
  </file>
  <file path="/Users/user/Documents/GitHub/retailcore-mfe-investment-management/src/__tests__/components/assets/images/CancelSvg.test.tsx">
    <testCase name="CancelSvg Renders without error" duration="193"/>
  </file>
  <file path="/Users/user/Documents/GitHub/retailcore-mfe-investment-management/src/__tests__/modals/Layout.test.tsx">
    <testCase name="Layout renders children and opens and closes the modal" duration="418"/>
    <testCase name="Layout should not render children when isOpen is false" duration="4"/>
    <testCase name="Layout should render dialog with correct data-testid" duration="53"/>
  </file>
  <file path="/Users/user/Documents/GitHub/retailcore-mfe-investment-management/src/__tests__/forms/ComboSelect.test.tsx">
    <testCase name="ComboSelect renders without crashing" duration="60"/>
    <testCase name="ComboSelect matches snapshot" duration="149"/>
    <testCase name="ComboSelect should open the dropdown when the button is clicked" duration="83"/>
    <testCase name="ComboSelect should update selected options when all products and their members are selected" duration="575"/>
    <testCase name="ComboSelect should update selected options when a product and its members are deselected" duration="182"/>
    <testCase name="ComboSelect should update selected options when all products and their members are deselected" duration="163"/>
    <testCase name="ComboSelect should filter the options correctly when searching for a product" duration="36"/>
    <testCase name="ComboSelect should update selected options when a product and its members are selected" duration="68"/>
    <testCase name="closeDropdown should set isOpen state to false when called with setIsOpen(false)" duration="1"/>
    <testCase name="closeDropdown should not throw an error when called with setIsOpen(undefined)" duration="3"/>
    <testCase name="closeDropdown should not throw an error when called with setIsOpen(null)" duration="287"/>
    <testCase name="closeDropdown should not throw an error when called with setIsOpen(0)" duration="1"/>
    <testCase name="closeDropdown should not throw an error when called with setIsOpen(&quot;&quot;)" duration="16"/>
    <testCase name="closeDropdown should not throw an error when called with setIsOpen({})" duration="3"/>
    <testCase name="handleChange should add a new product to selOptions if it doesnt exist" duration="7"/>
    <testCase name="handleChange should remove a product from selOptions if it already exists" duration="10"/>
    <testCase name="productContainsMember should return true when the product contains the member" duration="78"/>
    <testCase name="productContainsMember should return false when the product does not contain the member" duration="4"/>
    <testCase name="productContainsMember should return false when the product is empty" duration="1"/>
    <testCase name="productContainsMember should return false when the member is empty" duration="3"/>
    <testCase name="productContainsMember should return false when the member is null" duration="2"/>
    <testCase name="addNewProduct should return a new array with the new product added to the end of the input array" duration="3"/>
    <testCase name="addNewProduct should not modify the input array" duration="2"/>
    <testCase name="addNewProduct should work with an empty input array" duration="181"/>
    <testCase name="createProduct should return an object with &quot;product&quot; and &quot;members&quot; properties when valid id and members are provided" duration="7"/>
    <testCase name="createProduct should return an object with an empty &quot;members&quot; array when no members are provided" duration="2"/>
    <testCase name="createProduct should handle special characters and spaces in id and member names" duration="2"/>
    <testCase name="createProduct should handle a large number of members" duration="4"/>
    <testCase name="createProduct should handle empty strings as id and member names" duration="5"/>
    <testCase name="handleMemberToggle should add member to product when member is not selected" duration="1"/>
    <testCase name="handleMemberToggle should remove member from product when member is already selected" duration="130"/>
    <testCase name="handleMemberToggle should add product and member to selected options when product is not selected" duration="1"/>
    <testCase name="handleMemberToggle should add member to product when product is already selected but with no members" duration="1"/>
    <testCase name="handleMemberToggle should add member to product when product is already selected with other members" duration="1"/>
    <testCase name="addMemberToProduct should add a member to a product with no existing members" duration="2"/>
    <testCase name="addMemberToProduct should add a member to a product with existing members" duration="1"/>
    <testCase name="addMemberToProduct should return the original products array if memberId is undefined" duration="211"/>
    <testCase name="addMemberToProduct should return the original products array if memberId is already in the product" duration="2"/>
    <testCase name="removeMemberFromProduct should remove a member from a product with multiple members" duration="20"/>
    <testCase name="removeMemberFromProduct should remove a member from a product with only one member" duration="55"/>
    <testCase name="removeMemberFromProduct should handle removing a non-existent member from a product" duration="3"/>
  </file>
  <file path="/Users/user/Documents/GitHub/retailcore-mfe-investment-management/src/__tests__/components/investment/dashboard/TableComponent.test.tsx">
    <testCase name="handleDropdown should return an array of options based on the status, isChecker, locked, and permissions parameters" duration="5"/>
    <testCase name="handleDropdown should filter out &quot;deactivate&quot; and &quot;activate&quot; options if user does not have &quot;CREATE_PRODUCT&quot; permission" duration="2"/>
    <testCase name="handleDropdown should filter out &quot;modify&quot; option if user does not have &quot;CREATE_PRODUCT&quot; permission and is not a checker" duration="2"/>
    <testCase name="handleDropdown should return an array with only &quot;view&quot; option if locked parameter is true and &quot;view&quot; option exists" duration="1"/>
    <testCase name="handleDropdown should return an empty array if locked parameter is true and &quot;view&quot; option does not exist" duration="1"/>
    <testCase name="handleDropdown should return an array with only &quot;view&quot; option if isChecker parameter is true and &quot;view&quot; option exists" duration="1"/>
    <testCase name="handleHeaders should filter out &apos;created_by&apos; when isChecker is true" duration="2"/>
    <testCase name="handleHeaders should filter out &apos;approved_By&apos; when isChecker is false" duration="1"/>
    <testCase name="handleDownload should generate CSV for requests category" duration="12"/>
    <testCase name="handleDownload should generate CSV for product category" duration="64"/>
    <testCase name="handleDownload should not generate CSV if downloadData is empty" duration="2"/>
  </file>
  <file path="/Users/user/Documents/GitHub/retailcore-mfe-investment-management/src/__tests__/utils/handleColorState.test.tsx">
    <testCase name="handleColorState should return the correct color state for the value &quot;approved&quot;" duration="14"/>
    <testCase name="handleColorState should return the correct color state for the value &quot;A&quot;" duration="8"/>
    <testCase name="handleColorState should return the correct color state for the value &quot;in-review&quot;" duration="2"/>
    <testCase name="handleColorState should return the correct color state for the value &quot;P&quot;" duration="1"/>
    <testCase name="handleColorState should return the correct color state for the value &quot;in-issue&quot;" duration="3"/>
    <testCase name="handleColorState should return the correct color state for the value &quot;R&quot;" duration="1"/>
    <testCase name="handleColorState should return the correct color state for the value &quot;draft&quot;" duration="2"/>
    <testCase name="handleColorState should return the correct color state for the value &quot;D&quot;" duration="20"/>
    <testCase name="handleColorState should return the correct color state for the value &quot;I&quot;" duration="1"/>
  </file>
  <file path="/Users/user/Documents/GitHub/retailcore-mfe-investment-management/src/__tests__/components/PreLoader.test.tsx">
    <testCase name="renders the PreLoader component" duration="60"/>
  </file>
  <file path="/Users/user/Documents/GitHub/retailcore-mfe-investment-management/src/__tests__/utils/downloadFile.test.tsx">
    <testCase name="downloadUsingFetch should download file" duration="82"/>
  </file>
  <file path="/Users/user/Documents/GitHub/retailcore-mfe-investment-management/src/__tests__/components/assets/images/Step.test.tsx">
    <testCase name="Step Renders without error" duration="79"/>
  </file>
  <file path="/Users/user/Documents/GitHub/retailcore-mfe-investment-management/src/__tests__/modals/RequestDeactivation.test.tsx">
    <testCase name="RequestDeactivation should render the component without crashing" duration="404"/>
    <testCase name="RequestDeactivation should display the deactivation request form" duration="276"/>
    <testCase name="RequestDeactivation should allow user to input reason for deactivation" duration="652"/>
    <testCase name="RequestDeactivation should display an error message when the deactivation request fails" duration="162"/>
    <testCase name="RequestDeactivation should allow user to upload supporting documents" duration="163"/>
  </file>
  <file path="/Users/user/Documents/GitHub/retailcore-mfe-investment-management/src/__tests__/utils/convertKeysToLowerCase.test.tsx">
    <testCase name="convertKeysToLowerCase should convert all keys in a simple object to lowercase" duration="6"/>
    <testCase name="convertKeysToLowerCase should convert all keys in a nested object to lowercase" duration="15"/>
    <testCase name="convertKeysToLowerCase should return an empty object when given an empty object" duration="2"/>
    <testCase name="convertKeysToLowerCase should convert keys with one character to lowercase" duration="2"/>
    <testCase name="convertKeysToLowerCase should convert keys with all characters already lowercase" duration="2"/>
    <testCase name="convertKeysToLowerCase should convert keys with all characters already uppercase" duration="33"/>
  </file>
  <file path="/Users/user/Documents/GitHub/retailcore-mfe-investment-management/src/__tests__/components/Breadcrumbs.test.tsx">
    <testCase name="Breadcrumbs renders without crashing" duration="94"/>
    <testCase name="Breadcrumbs matches snapshot" duration="21"/>
    <testCase name="Breadcrumbs displays breadcrumb links" duration="26"/>
    <testCase name="Breadcrumbs Can click on links" duration="5"/>
  </file>
  <file path="/Users/user/Documents/GitHub/retailcore-mfe-investment-management/src/__tests__/utils/test-util.test.tsx">
    <testCase name="renderWithProviders should render the UI with the Provider wrapper and the passed options" duration="158"/>
    <testCase name="renderWithProviders should return the store and the rendered UI" duration="65"/>
  </file>
  <file path="/Users/user/Documents/GitHub/retailcore-mfe-investment-management/src/__tests__/utils/cleanObject.test.tsx">
    <testCase name="cleanObject should return an empty object when passed an empty object" duration="8"/>
    <testCase name="cleanObject should return an object with all non-null, non-undefined, and non-empty string values" duration="1"/>
    <testCase name="cleanObject should return an object with all non-null, non-undefined, and non-empty values of different types" duration="2"/>
  </file>
  <file path="/Users/user/Documents/GitHub/retailcore-mfe-investment-management/src/__tests__/components/QuickLinks.test.tsx">
    <testCase name="QuickLinks should renderWithProviders a container with a title and a list of links" duration="266"/>
    <testCase name="QuickLinks component renderWithProviderss QuickLinks component with suggested links" duration="29"/>
    <testCase name="QuickLinks component closes the suggested links section when close button is clicked" duration="61"/>
    <testCase name="QuickLinks component should fetch data from useGetLinksQuery hook and update state with received data" duration="22"/>
    <testCase name="QuickLinks component should renderWithProviders a message when isOpen state is true" duration="262"/>
  </file>
  <file path="/Users/user/Documents/GitHub/retailcore-mfe-investment-management/src/__tests__/components/forms/MultiSelect.test.tsx">
    <testCase name="MultiSelect renders without crashing" duration="118"/>
    <testCase name="MultiSelect opens and closes dropdown when clicked" duration="375"/>
    <testCase name="MultiSelect should toggle dropdown when button is clicked" duration="678"/>
    <testCase name="MultiSelect should select/deselect option when checkbox is clicked" duration="282"/>
    <testCase name="MultiSelect should render correctly with an empty options array" duration="227"/>
    <testCase name="MultiSelect should check select all" duration="90"/>
    <testCase name="MultiSelect should update checkbox state when props change" duration="215"/>
    <testCase name="closeDropdown should set isOpen state to false when setIsOpen is called with false" duration="4"/>
    <testCase name="closeDropdown should handle setIsOpen being called with a boolean value" duration="2"/>
    <testCase name="handleChange should add a new option to selectedOptions array when it does not exist" duration="203"/>
    <testCase name="handleChange should remove an option from selectedOptions array when it already exists" duration="3"/>
    <testCase name="handleChange should call setSelectedOptions with the same array when an option is already selected" duration="5"/>
  </file>
  <file path="/Users/user/Documents/GitHub/retailcore-mfe-investment-management/src/__tests__/components/CreateButton.test.tsx">
    <testCase name="closeButton should set isOpen state to false" duration="96"/>
    <testCase name="closeButton should set secondActive, thirdActive, and fourthActive states to empty strings" duration="5"/>
    <testCase name="closeButton should not return any value" duration="3"/>
    <testCase name="closeButton should require function parameters" duration="5"/>
    <testCase name="closeButton should not throw any errors" duration="6"/>
    <testCase name="goToUrl should navigate to the provided URL" duration="2"/>
    <testCase name="goToUrl should throw an error when url is null" duration="3"/>
    <testCase name="goToUrl should throw an error when navigate function is not a function" duration="245"/>
    <testCase name="goToUrl should handle relative URLs" duration="4"/>
    <testCase name="CreateButton should render the component without crashing" duration="222"/>
    <testCase name="CreateButton should open the dropdown menu when the button is clicked" duration="242"/>
    <testCase name="CreateButton should close the dropdown menu when clicked outside" duration="19"/>
  </file>
  <file path="/Users/user/Documents/GitHub/retailcore-mfe-investment-management/src/__tests__/components/ui/CascadingDropdown.test.tsx">
    <testCase name="CascadingDropdown should render a dropdown button with a label and a list of items" duration="482"/>
    <testCase name="CascadingDropdown should display the list of items when the dropdown button is clicked" duration="181"/>
    <testCase name="CascadingDropdown should allow the user to click on an item and navigate to its link" duration="35"/>
    <testCase name="CascadingDropdown should render a dropdown button with a default label when no label is provided" duration="219"/>
    <testCase name="CascadingDropdown should render a dropdown button with default classes when no classes are provided" duration="108"/>
    <testCase name="CascadingDropdown should render a dropdown button with no items when no items are provided" duration="148"/>
  </file>
  <file path="/Users/user/Documents/GitHub/retailcore-mfe-investment-management/src/__tests__/components/BottomBarLoader.test.tsx">
    <testCase name="renders the BottomBarLoader component" duration="162"/>
  </file>
  <file path="/Users/user/Documents/GitHub/retailcore-mfe-investment-management/src/__tests__/forms/CustomComboSelect.test.tsx">
    <testCase name="CustomComboSelect Renders without errors" duration="109"/>
  </file>
  <file path="/Users/user/Documents/GitHub/retailcore-mfe-investment-management/src/__tests__/components/FormStepComponent.test.tsx">
    <testCase name="FormStepComponent should render the correct number of form step items when formStepItems is not empty" duration="157"/>
    <testCase name="FormStepComponent should render the correct label for each form step item when formStepItems is not empty" duration="79"/>
    <testCase name="FormStepComponent should render the correct index for each form step item when formStepItems is not empty" duration="34"/>
    <testCase name="FormStepComponent should handle empty formStepItems array and render default form step item" duration="12"/>
    <testCase name="FormStepComponent should handle step value greater than the number of formStepItems and render last form step item" duration="135"/>
    <testCase name="FormStepComponent should handle step value less than 1 and render first form step item" duration="17"/>
  </file>
  <file path="/Users/user/Documents/GitHub/retailcore-mfe-investment-management/src/__tests__/components/Pages/term-deposit/forms/toggle-input-children.test.tsx">
    <testCase name="ToggleInputChildren should render the label and a switch component when rendered" duration="165"/>
    <testCase name="ToggleInputChildren should toggle the switch component on click" duration="64"/>
    <testCase name="ToggleInputChildren should set the default value of the switch component if defaultValue prop is not null" duration="19"/>
    <testCase name="ToggleInputChildren should not set the default value of the switch component if defaultValue prop is null" duration="23"/>
    <testCase name="ToggleInputChildren should call setValue and trigger with the correct inputName when the switch component is toggled" duration="42"/>
  </file>
  <file path="/Users/user/Documents/GitHub/retailcore-mfe-investment-management/src/__tests__/utils/formatCurrency.test.tsx">
    <testCase name="formatCurrency should format a price with default parameters" duration="6"/>
    <testCase name="formatCurrency should format a price with custom fraction and currency parameters" duration="1"/>
    <testCase name="formatCurrency should format a price with custom fraction, currency, and price parameters" duration="2"/>
    <testCase name="formatCurrency should format a price with a price of 0" duration="9"/>
    <testCase name="formatCurrency should format a price with a negative price" duration="2"/>
    <testCase name="currencyFormatter should format a positive integer value with default currency and symbol" duration="2"/>
    <testCase name="currencyFormatter should format a negative float value with specified currency and symbol" duration="1"/>
    <testCase name="currencyFormatter should format a zero value with specified currency and symbol" duration="6"/>
    <testCase name="currencyFormatter should format a value with more than two decimal places" duration="18"/>
    <testCase name="currencyFormatter should format a value with less than two decimal places" duration="2"/>
  </file>
  <file path="/Users/user/Documents/GitHub/retailcore-mfe-investment-management/src/__tests__/components/ShareButton.test.tsx">
    <testCase name="ShareButton renders without crashing" duration="47"/>
    <testCase name="ShareButton triggers the share action when clicked" duration="13"/>
  </file>
  <file path="/Users/user/Documents/GitHub/retailcore-mfe-investment-management/src/__tests__/components/assets/images/excel.test.tsx">
    <testCase name="ModifySvg Renders without error" duration="77"/>
  </file>
  <file path="/Users/user/Documents/GitHub/retailcore-mfe-investment-management/src/__tests__/ProductDetail.test.tsx">
    <testCase name="ProductDetail Works" duration="152"/>
  </file>
  <file path="/Users/user/Documents/GitHub/retailcore-mfe-investment-management/src/__tests__/components/SearchInput.test.tsx">
    <testCase name="handleInputChange should call setInputValue with the event target value" duration="11"/>
    <testCase name="SearchInput should render search input field with default props" duration="41"/>
    <testCase name="SearchInput applies custom CSS classes" duration="7"/>
    <testCase name="SearchInput should update input field when user inputs a search term" duration="29"/>
    <testCase name="SearchInput should update input field when user inputs a search term and isTruncated is true" duration="70"/>
    <testCase name="closeBox should set search results to an empty array" duration="1"/>
    <testCase name="closeBox should set show box state to false" duration="1"/>
    <testCase name="closeBox should handle setSearchResults parameter not being a function" duration="60"/>
    <testCase name="closeBox should handle setShowBox parameter not being a function" duration="3"/>
    <testCase name="closeBox should handle multiple calls in a row" duration="2"/>
    <testCase name="SearchValues should call handleClick when search item is clicked" duration="19"/>
    <testCase name="SearchItem should render a div element with an empty className" duration="14"/>
    <testCase name="SearchItem should render a span element with the specified className when type is &quot;general&quot;" duration="10"/>
    <testCase name="SearchItem should render a div element when item.products.length &gt; 0" duration="9"/>
    <testCase name="SearchItem should render a div element when item is undefined" duration="5"/>
  </file>
  <file path="/Users/user/Documents/GitHub/retailcore-mfe-investment-management/src/__tests__/components/FormTooltip.test.tsx">
    <testCase name="FormToolTip Renders without errors" duration="32"/>
  </file>
  <file path="/Users/user/Documents/GitHub/retailcore-mfe-investment-management/src/__tests__/components/AppWrapper.test.tsx">
    <testCase name="AppWrapper Component renders children within the Provider component" duration="56"/>
  </file>
  <file path="/Users/user/Documents/GitHub/retailcore-mfe-investment-management/src/__tests__/utils/removeNullFromObj.test.tsx">
    <testCase name="removeNullEmptyKeys should return an empty object when the input object is empty" duration="6"/>
    <testCase name="removeNullEmptyKeys should return the same object when it has no null, undefined, empty string, or empty array values" duration="6"/>
  </file>
  <file path="/Users/user/Documents/GitHub/retailcore-mfe-investment-management/src/__tests__/layouts/Layout.test.tsx">
    <testCase name="Layout renders AuthGuard and Outlet components" duration="56"/>
    <testCase name="handleRole should handle cases where is_superuser property is not a boolean" duration="4"/>
    <testCase name="handleRole should handle cases where is_superuser property is not a boolean" duration="22"/>
    <testCase name="handleRole should handle cases where is_superuser property is not present in user object" duration="2"/>
  </file>
  <file path="/Users/user/Documents/GitHub/retailcore-mfe-investment-management/src/__tests__/utils/capitalizeObjectKeys.test.tsx">
    <testCase name="capitalizeObjectKeys should return an empty array when given an empty array" duration="18"/>
    <testCase name="capitalizeObjectKeys should return an array of objects with capitalized keys when given an array of objects with lowercase keys" duration="5"/>
    <testCase name="capitalizeObjectKeys should throw an error when given a non-array input" duration="14"/>
    <testCase name="capitalizeObjectKeys should return an array of objects with capitalized keys when given an array of objects with mixed case keys" duration="2"/>
    <testCase name="capitalizeObjectKeys should return an array of objects with capitalized keys when given an array of objects with only one key" duration="4"/>
    <testCase name="capitalizeObjectKeys should return an array of objects with capitalized keys when given an array of objects with only non-string keys" duration="2"/>
    <testCase name="capitalizeObjectKeys should handle objects without own properties" duration="3"/>
  </file>
  <file path="/Users/user/Documents/GitHub/retailcore-mfe-investment-management/src/__tests__/components/assets/images/SubmitSvg.test.tsx">
    <testCase name="SubmitSvg Renders without error" duration="74"/>
  </file>
  <file path="/Users/user/Documents/GitHub/retailcore-mfe-investment-management/src/__tests__/utils/ucObjectKeys.test.tsx">
    <testCase name="ucObjectKeys should throw an error when the input is not an array" duration="14"/>
    <testCase name="ucObjectKeys should handle an array with non-object elements as input" duration="3"/>
    <testCase name="ucObjectKeys should capitalize the keys of an array of objects with different keys" duration="8"/>
    <testCase name="ucObjectKeys should capitalize the keys of an array of objects with same keys" duration="8"/>
  </file>
  <file path="/Users/user/Documents/GitHub/retailcore-mfe-investment-management/src/__tests__/utils/capitalizeFirstLetter.test.tsx">
    <testCase name="capitalizeFirstLetter should capitalize the first letter of a string with one word" duration="9"/>
    <testCase name="capitalizeFirstLetter should capitalize the first letter of the first word in a string with multiple words" duration="3"/>
    <testCase name="capitalizeFirstLetter should return an empty string if the input is an empty string" duration="2"/>
    <testCase name="capitalizeFirstLetter should return the input if its not a string" duration="123"/>
    <testCase name="capitalizeFirstLetter should capitalize the first letter of a string with only one letter" duration="5"/>
    <testCase name="capitalizeFirstLetter should capitalize the first letter of a string with non-alphabetic characters after the first letter" duration="2"/>
    <testCase name="capitalizeFirstLetter should capitalize the first letter of a string with numbers as the first letter" duration="2"/>
    <testCase name="capitalizeFirstLetter should capitalize the first letter of a string with a non-ASCII character as the first letter" duration="10"/>
    <testCase name="capitalizeFirstLetter should capitalize the first letter of a string with a non-ASCII character after the first letter" duration="2"/>
    <testCase name="capitalizeFirstLetter should capitalize the first letter of a string with multiple spaces between words" duration="30"/>
    <testCase name="capitalizeFirstLetter should capitalize the first letter of a non-empty string" duration="17"/>
    <testCase name="capitalizeFirstLetter should not modify an empty string" duration="2"/>
    <testCase name="capitalizeFirstLetter should return the input if it&apos;s not a string" duration="3"/>
    <testCase name="capitalizeFirstLetter should capitalize the first letter of a single-word string" duration="2"/>
    <testCase name="capitalizeFirstLetter should capitalize the first letter of each word in a sentence" duration="2"/>
    <testCase name="capitalizeFirstLetter should not modify a string with only non-alphabetic characters" duration="5"/>
    <testCase name="capitalizeFirstLetter should handle mixed case strings" duration="3"/>
    <testCase name="capitalizeFirstLetter should return a string with the first letter capitalized when input is a non-empty string" duration="3"/>
    <testCase name="capitalizeFirstLetter should return an empty string when input is an empty string" duration="1"/>
    <testCase name="capitalizeFirstLetter should return the input when it is not a string" duration="7"/>
    <testCase name="capitalizeFirstLetter should return the input when it is null" duration="9"/>
    <testCase name="capitalizeFirstLetter should return the input when it is undefined" duration="1"/>
    <testCase name="capitalizeFirstLetter should return the input when it is a number" duration="1"/>
  </file>
  <file path="/Users/user/Documents/GitHub/retailcore-mfe-investment-management/src/__tests__/utils/convertToDays.tsx">
    <testCase name="convertToDays should return the input duration when type is 1" duration="12"/>
    <testCase name="convertToDays should use the current date as a starting point for calculations" duration="3"/>
    <testCase name="convertToDays should throw an error when an invalid duration type is provided" duration="12"/>
    <testCase name="convertToDays should return 0 when duration is 0 and type is 2, 3 or 4" duration="3"/>
    <testCase name="convertToDays should return NaN when duration is NaN and type is 2, 3 or 4" duration="6"/>
  </file>
  <file path="/Users/user/Documents/GitHub/retailcore-mfe-investment-management/src/__tests__/utils/sortTabStatus.test.tsx">
    <testCase name="sortTabStatus should return the id of the status object when the category is &quot;Requests&quot; and the value matches a status object type" duration="13"/>
    <testCase name="sortTabStatus should return the id of the status object when the category is &quot;StatusTypes&quot; and the value matches a status object type" duration="2"/>
  </file>
  <file path="/Users/user/Documents/GitHub/retailcore-mfe-investment-management/src/__tests__/utils/isNewLocation.test.tsx">
    <testCase name="isNewLocation should return false when oldData is null" duration="7"/>
    <testCase name="isNewLocation should return false when oldData is undefined" duration="48"/>
    <testCase name="isNewLocation should return false when all properties match" duration="2"/>
    <testCase name="isNewLocation should return true when at least one property does not match" duration="27"/>
    <testCase name="isNewLocation should return true when newData is null" duration="3"/>
    <testCase name="isNewLocation should return true when oldData is null and newData is defined" duration="11"/>
    <testCase name="isNewLocation should return false when oldData and newData are both null" duration="2"/>
  </file>
  <file path="/Users/user/Documents/GitHub/retailcore-mfe-investment-management/src/__tests__/utils/lowerObjectKeys.test.tsx">
    <testCase name="lowerObjectKeys should return an empty array when given an empty array" duration="8"/>
    <testCase name="lowerObjectKeys should return an array of objects with lowerd keys when given an array of objects with lowercase keys" duration="2"/>
    <testCase name="lowerObjectKeys should throw an error when given a non-array input" duration="18"/>
    <testCase name="lowerObjectKeys should return an array of objects with lowerd keys when given an array of objects with mixed case keys" duration="1"/>
    <testCase name="lowerObjectKeys should return an array of objects with lowerd keys when given an array of objects with only one key" duration="2"/>
    <testCase name="lowerObjectKeys should return an array of objects with lowerd keys when given an array of objects with only non-string keys" duration="2"/>
    <testCase name="lowerObjectKeys should handle objects without own properties" duration="1"/>
  </file>
  <file path="/Users/user/Documents/GitHub/retailcore-mfe-investment-management/src/__tests__/utils/requestType.test.tsx">
    <testCase name="getRequestType should return &quot;bulk creation&quot; when type is &quot;BULK_CREATE&quot;" duration="6"/>
    <testCase name="getRequestType should return &quot;creation&quot; when type is &quot;CREATE&quot;" duration="1"/>
    <testCase name="getRequestType should return &quot;deactivation&quot; when type is &quot;DEACTIVATE&quot;" duration="197"/>
    <testCase name="getRequestType should return &quot;reactivation&quot; when type is &quot;REACTIVATE&quot;" duration="2"/>
    <testCase name="getRequestType should return &quot;modification&quot; when type is &quot;CHANGE&quot;" duration="2"/>
    <testCase name="getRequestType should return &quot;configuration&quot; when type is &quot;CONFIGURATION&quot;" duration="2"/>
  </file>
  <file path="/Users/user/Documents/GitHub/retailcore-mfe-investment-management/src/__tests__/components/ProductDetail.test.tsx">
  </file>
</testExecutions>