<?xml version="1.0" encoding="UTF-8"?>
<testExecutions version="1">
  <file path="/Users/work/Documents/retailcore-mfe-investment-management/src/__tests__/components/Pages/term-deposit/forms/gl_mapping_events/ChargesAndTaxes.test.tsx">
    <testCase name="code snippet should toggle between Charges and Taxes tabs when clicked" duration="273"/>
    <testCase name="code snippet should not display any charges or taxes when none are available" duration="89"/>
    <testCase name="handleRedirect should redirect to create tax page when type is &quot;tax&quot;" duration="9"/>
  </file>
</testExecutions>