<?xml version="1.0" encoding="UTF-8"?>
<testExecutions version="1">
  <file path="/Users/work/Documents/retailcore-mfe-investment-management/src/__tests__/components/Pages/management/manage-investment/IndexComponent.test.tsx">
    <testCase name="code snippet should render the Investment Management page with the correct title and breadcrumbs" duration="317">
      <failure message="TypeError: Cannot read properties of undefined (reading &apos;toLowerCase&apos;)"><![CDATA[TypeError: Cannot read properties of undefined (reading 'toLowerCase')
    at setStatusFilter (/Users/work/Documents/retailcore-mfe-investment-management/src/pages/management/manage-investment/IndexComponent.tsx:37:22)
    at IndexComponent (/Users/work/Documents/retailcore-mfe-investment-management/src/pages/management/manage-investment/IndexComponent.tsx:50:7)
    at renderWithHooks (/Users/work/Documents/retailcore-mfe-investment-management/node_modules/react-dom/cjs/react-dom.development.js:14985:18)
    at mountIndeterminateComponent (/Users/work/Documents/retailcore-mfe-investment-management/node_modules/react-dom/cjs/react-dom.development.js:17811:13)
    at beginWork (/Users/work/Documents/retailcore-mfe-investment-management/node_modules/react-dom/cjs/react-dom.development.js:19049:16)
    at HTMLUnknownElement.callCallback (/Users/work/Documents/retailcore-mfe-investment-management/node_modules/react-dom/cjs/react-dom.development.js:3945:14)
    at HTMLUnknownElement.callTheUserObjectsOperation (/Users/work/Documents/retailcore-mfe-investment-management/node_modules/jsdom/lib/jsdom/living/generated/EventListener.js:26:30)
    at innerInvokeEventListeners (/Users/work/Documents/retailcore-mfe-investment-management/node_modules/jsdom/lib/jsdom/living/events/EventTarget-impl.js:338:25)
    at invokeEventListeners (/Users/work/Documents/retailcore-mfe-investment-management/node_modules/jsdom/lib/jsdom/living/events/EventTarget-impl.js:274:3)
    at HTMLUnknownElementImpl._dispatch (/Users/work/Documents/retailcore-mfe-investment-management/node_modules/jsdom/lib/jsdom/living/events/EventTarget-impl.js:221:9)
    at HTMLUnknownElementImpl.dispatchEvent (/Users/work/Documents/retailcore-mfe-investment-management/node_modules/jsdom/lib/jsdom/living/events/EventTarget-impl.js:94:17)
    at HTMLUnknownElement.dispatchEvent (/Users/work/Documents/retailcore-mfe-investment-management/node_modules/jsdom/lib/jsdom/living/generated/EventTarget.js:231:34)
    at Object.invokeGuardedCallbackDev (/Users/work/Documents/retailcore-mfe-investment-management/node_modules/react-dom/cjs/react-dom.development.js:3994:16)
    at invokeGuardedCallback (/Users/work/Documents/retailcore-mfe-investment-management/node_modules/react-dom/cjs/react-dom.development.js:4056:31)
    at beginWork$1 (/Users/work/Documents/retailcore-mfe-investment-management/node_modules/react-dom/cjs/react-dom.development.js:23964:7)
    at performUnitOfWork (/Users/work/Documents/retailcore-mfe-investment-management/node_modules/react-dom/cjs/react-dom.development.js:22779:12)
    at workLoopSync (/Users/work/Documents/retailcore-mfe-investment-management/node_modules/react-dom/cjs/react-dom.development.js:22707:5)
    at renderRootSync (/Users/work/Documents/retailcore-mfe-investment-management/node_modules/react-dom/cjs/react-dom.development.js:22670:7)
    at performSyncWorkOnRoot (/Users/work/Documents/retailcore-mfe-investment-management/node_modules/react-dom/cjs/react-dom.development.js:22293:18)
    at scheduleUpdateOnFiber (/Users/work/Documents/retailcore-mfe-investment-management/node_modules/react-dom/cjs/react-dom.development.js:21881:7)
    at updateContainer (/Users/work/Documents/retailcore-mfe-investment-management/node_modules/react-dom/cjs/react-dom.development.js:25482:3)
    at /Users/work/Documents/retailcore-mfe-investment-management/node_modules/react-dom/cjs/react-dom.development.js:26021:7
    at unbatchedUpdates (/Users/work/Documents/retailcore-mfe-investment-management/node_modules/react-dom/cjs/react-dom.development.js:22431:12)
    at legacyRenderSubtreeIntoContainer (/Users/work/Documents/retailcore-mfe-investment-management/node_modules/react-dom/cjs/react-dom.development.js:26020:5)
    at Object.render (/Users/work/Documents/retailcore-mfe-investment-management/node_modules/react-dom/cjs/react-dom.development.js:26103:10)
    at /Users/work/Documents/retailcore-mfe-investment-management/node_modules/@testing-library/react/dist/pure.js:101:25
    at batchedUpdates$1 (/Users/work/Documents/retailcore-mfe-investment-management/node_modules/react-dom/cjs/react-dom.development.js:22380:12)
    at act (/Users/work/Documents/retailcore-mfe-investment-management/node_modules/react-dom/cjs/react-dom-test-utils.development.js:1042:14)
    at render (/Users/work/Documents/retailcore-mfe-investment-management/node_modules/@testing-library/react/dist/pure.js:97:26)
    at renderWithProviders (/Users/work/Documents/retailcore-mfe-investment-management/src/utils/test-util.tsx:22:28)
    at Object.<anonymous> (/Users/work/Documents/retailcore-mfe-investment-management/src/__tests__/components/Pages/management/manage-investment/IndexComponent.test.tsx:22:50)
    at Promise.then.completed (/Users/work/Documents/retailcore-mfe-investment-management/node_modules/jest-circus/build/utils.js:391:28)
    at new Promise (<anonymous>)
    at callAsyncCircusFn (/Users/work/Documents/retailcore-mfe-investment-management/node_modules/jest-circus/build/utils.js:316:10)
    at _callCircusTest (/Users/work/Documents/retailcore-mfe-investment-management/node_modules/jest-circus/build/run.js:218:40)
    at processTicksAndRejections (node:internal/process/task_queues:95:5)
    at _runTest (/Users/work/Documents/retailcore-mfe-investment-management/node_modules/jest-circus/build/run.js:155:3)
    at _runTestsForDescribeBlock (/Users/work/Documents/retailcore-mfe-investment-management/node_modules/jest-circus/build/run.js:66:9)
    at _runTestsForDescribeBlock (/Users/work/Documents/retailcore-mfe-investment-management/node_modules/jest-circus/build/run.js:60:9)
    at run (/Users/work/Documents/retailcore-mfe-investment-management/node_modules/jest-circus/build/run.js:25:3)
    at runAndTransformResultsToJestFormat (/Users/work/Documents/retailcore-mfe-investment-management/node_modules/jest-circus/build/legacy-code-todo-rewrite/jestAdapterInit.js:170:21)
    at jestAdapter (/Users/work/Documents/retailcore-mfe-investment-management/node_modules/jest-circus/build/legacy-code-todo-rewrite/jestAdapter.js:82:19)
    at runTestInternal (/Users/work/Documents/retailcore-mfe-investment-management/node_modules/jest-runner/build/runTest.js:389:16)
    at runTest (/Users/work/Documents/retailcore-mfe-investment-management/node_modules/jest-runner/build/runTest.js:475:34)
    at Object.worker (/Users/work/Documents/retailcore-mfe-investment-management/node_modules/jest-runner/build/testWorker.js:133:12)]]></failure>
    </testCase>
    <testCase name="code snippet should display the Investment PRODUCTS section with the Individual Investments and Corporate Investments subsections" duration="16">
      <failure message="TypeError: Cannot read properties of undefined (reading &apos;toLowerCase&apos;)"><![CDATA[TypeError: Cannot read properties of undefined (reading 'toLowerCase')
    at setStatusFilter (/Users/work/Documents/retailcore-mfe-investment-management/src/pages/management/manage-investment/IndexComponent.tsx:37:22)
    at IndexComponent (/Users/work/Documents/retailcore-mfe-investment-management/src/pages/management/manage-investment/IndexComponent.tsx:50:7)
    at renderWithHooks (/Users/work/Documents/retailcore-mfe-investment-management/node_modules/react-dom/cjs/react-dom.development.js:14985:18)
    at mountIndeterminateComponent (/Users/work/Documents/retailcore-mfe-investment-management/node_modules/react-dom/cjs/react-dom.development.js:17811:13)
    at beginWork (/Users/work/Documents/retailcore-mfe-investment-management/node_modules/react-dom/cjs/react-dom.development.js:19049:16)
    at HTMLUnknownElement.callCallback (/Users/work/Documents/retailcore-mfe-investment-management/node_modules/react-dom/cjs/react-dom.development.js:3945:14)
    at HTMLUnknownElement.callTheUserObjectsOperation (/Users/work/Documents/retailcore-mfe-investment-management/node_modules/jsdom/lib/jsdom/living/generated/EventListener.js:26:30)
    at innerInvokeEventListeners (/Users/work/Documents/retailcore-mfe-investment-management/node_modules/jsdom/lib/jsdom/living/events/EventTarget-impl.js:338:25)
    at invokeEventListeners (/Users/work/Documents/retailcore-mfe-investment-management/node_modules/jsdom/lib/jsdom/living/events/EventTarget-impl.js:274:3)
    at HTMLUnknownElementImpl._dispatch (/Users/work/Documents/retailcore-mfe-investment-management/node_modules/jsdom/lib/jsdom/living/events/EventTarget-impl.js:221:9)
    at HTMLUnknownElementImpl.dispatchEvent (/Users/work/Documents/retailcore-mfe-investment-management/node_modules/jsdom/lib/jsdom/living/events/EventTarget-impl.js:94:17)
    at HTMLUnknownElement.dispatchEvent (/Users/work/Documents/retailcore-mfe-investment-management/node_modules/jsdom/lib/jsdom/living/generated/EventTarget.js:231:34)
    at Object.invokeGuardedCallbackDev (/Users/work/Documents/retailcore-mfe-investment-management/node_modules/react-dom/cjs/react-dom.development.js:3994:16)
    at invokeGuardedCallback (/Users/work/Documents/retailcore-mfe-investment-management/node_modules/react-dom/cjs/react-dom.development.js:4056:31)
    at beginWork$1 (/Users/work/Documents/retailcore-mfe-investment-management/node_modules/react-dom/cjs/react-dom.development.js:23964:7)
    at performUnitOfWork (/Users/work/Documents/retailcore-mfe-investment-management/node_modules/react-dom/cjs/react-dom.development.js:22779:12)
    at workLoopSync (/Users/work/Documents/retailcore-mfe-investment-management/node_modules/react-dom/cjs/react-dom.development.js:22707:5)
    at renderRootSync (/Users/work/Documents/retailcore-mfe-investment-management/node_modules/react-dom/cjs/react-dom.development.js:22670:7)
    at performSyncWorkOnRoot (/Users/work/Documents/retailcore-mfe-investment-management/node_modules/react-dom/cjs/react-dom.development.js:22293:18)
    at scheduleUpdateOnFiber (/Users/work/Documents/retailcore-mfe-investment-management/node_modules/react-dom/cjs/react-dom.development.js:21881:7)
    at updateContainer (/Users/work/Documents/retailcore-mfe-investment-management/node_modules/react-dom/cjs/react-dom.development.js:25482:3)
    at /Users/work/Documents/retailcore-mfe-investment-management/node_modules/react-dom/cjs/react-dom.development.js:26021:7
    at unbatchedUpdates (/Users/work/Documents/retailcore-mfe-investment-management/node_modules/react-dom/cjs/react-dom.development.js:22431:12)
    at legacyRenderSubtreeIntoContainer (/Users/work/Documents/retailcore-mfe-investment-management/node_modules/react-dom/cjs/react-dom.development.js:26020:5)
    at Object.render (/Users/work/Documents/retailcore-mfe-investment-management/node_modules/react-dom/cjs/react-dom.development.js:26103:10)
    at /Users/work/Documents/retailcore-mfe-investment-management/node_modules/@testing-library/react/dist/pure.js:101:25
    at batchedUpdates$1 (/Users/work/Documents/retailcore-mfe-investment-management/node_modules/react-dom/cjs/react-dom.development.js:22380:12)
    at act (/Users/work/Documents/retailcore-mfe-investment-management/node_modules/react-dom/cjs/react-dom-test-utils.development.js:1042:14)
    at render (/Users/work/Documents/retailcore-mfe-investment-management/node_modules/@testing-library/react/dist/pure.js:97:26)
    at renderWithProviders (/Users/work/Documents/retailcore-mfe-investment-management/src/utils/test-util.tsx:22:28)
    at Object.<anonymous> (/Users/work/Documents/retailcore-mfe-investment-management/src/__tests__/components/Pages/management/manage-investment/IndexComponent.test.tsx:31:50)
    at Promise.then.completed (/Users/work/Documents/retailcore-mfe-investment-management/node_modules/jest-circus/build/utils.js:391:28)
    at new Promise (<anonymous>)
    at callAsyncCircusFn (/Users/work/Documents/retailcore-mfe-investment-management/node_modules/jest-circus/build/utils.js:316:10)
    at _callCircusTest (/Users/work/Documents/retailcore-mfe-investment-management/node_modules/jest-circus/build/run.js:218:40)
    at processTicksAndRejections (node:internal/process/task_queues:95:5)
    at _runTest (/Users/work/Documents/retailcore-mfe-investment-management/node_modules/jest-circus/build/run.js:155:3)
    at _runTestsForDescribeBlock (/Users/work/Documents/retailcore-mfe-investment-management/node_modules/jest-circus/build/run.js:66:9)
    at _runTestsForDescribeBlock (/Users/work/Documents/retailcore-mfe-investment-management/node_modules/jest-circus/build/run.js:60:9)
    at run (/Users/work/Documents/retailcore-mfe-investment-management/node_modules/jest-circus/build/run.js:25:3)
    at runAndTransformResultsToJestFormat (/Users/work/Documents/retailcore-mfe-investment-management/node_modules/jest-circus/build/legacy-code-todo-rewrite/jestAdapterInit.js:170:21)
    at jestAdapter (/Users/work/Documents/retailcore-mfe-investment-management/node_modules/jest-circus/build/legacy-code-todo-rewrite/jestAdapter.js:82:19)
    at runTestInternal (/Users/work/Documents/retailcore-mfe-investment-management/node_modules/jest-runner/build/runTest.js:389:16)
    at runTest (/Users/work/Documents/retailcore-mfe-investment-management/node_modules/jest-runner/build/runTest.js:475:34)
    at Object.worker (/Users/work/Documents/retailcore-mfe-investment-management/node_modules/jest-runner/build/testWorker.js:133:12)]]></failure>
    </testCase>
    <testCase name="code snippet should toggle the display of the Individual Investments and Corporate Investments subsections when clicking on their respective headers" duration="81">
      <failure message="TypeError: Cannot read properties of undefined (reading &apos;toLowerCase&apos;)"><![CDATA[TypeError: Cannot read properties of undefined (reading 'toLowerCase')
    at setStatusFilter (/Users/work/Documents/retailcore-mfe-investment-management/src/pages/management/manage-investment/IndexComponent.tsx:37:22)
    at IndexComponent (/Users/work/Documents/retailcore-mfe-investment-management/src/pages/management/manage-investment/IndexComponent.tsx:50:7)
    at renderWithHooks (/Users/work/Documents/retailcore-mfe-investment-management/node_modules/react-dom/cjs/react-dom.development.js:14985:18)
    at mountIndeterminateComponent (/Users/work/Documents/retailcore-mfe-investment-management/node_modules/react-dom/cjs/react-dom.development.js:17811:13)
    at beginWork (/Users/work/Documents/retailcore-mfe-investment-management/node_modules/react-dom/cjs/react-dom.development.js:19049:16)
    at HTMLUnknownElement.callCallback (/Users/work/Documents/retailcore-mfe-investment-management/node_modules/react-dom/cjs/react-dom.development.js:3945:14)
    at HTMLUnknownElement.callTheUserObjectsOperation (/Users/work/Documents/retailcore-mfe-investment-management/node_modules/jsdom/lib/jsdom/living/generated/EventListener.js:26:30)
    at innerInvokeEventListeners (/Users/work/Documents/retailcore-mfe-investment-management/node_modules/jsdom/lib/jsdom/living/events/EventTarget-impl.js:338:25)
    at invokeEventListeners (/Users/work/Documents/retailcore-mfe-investment-management/node_modules/jsdom/lib/jsdom/living/events/EventTarget-impl.js:274:3)
    at HTMLUnknownElementImpl._dispatch (/Users/work/Documents/retailcore-mfe-investment-management/node_modules/jsdom/lib/jsdom/living/events/EventTarget-impl.js:221:9)
    at HTMLUnknownElementImpl.dispatchEvent (/Users/work/Documents/retailcore-mfe-investment-management/node_modules/jsdom/lib/jsdom/living/events/EventTarget-impl.js:94:17)
    at HTMLUnknownElement.dispatchEvent (/Users/work/Documents/retailcore-mfe-investment-management/node_modules/jsdom/lib/jsdom/living/generated/EventTarget.js:231:34)
    at Object.invokeGuardedCallbackDev (/Users/work/Documents/retailcore-mfe-investment-management/node_modules/react-dom/cjs/react-dom.development.js:3994:16)
    at invokeGuardedCallback (/Users/work/Documents/retailcore-mfe-investment-management/node_modules/react-dom/cjs/react-dom.development.js:4056:31)
    at beginWork$1 (/Users/work/Documents/retailcore-mfe-investment-management/node_modules/react-dom/cjs/react-dom.development.js:23964:7)
    at performUnitOfWork (/Users/work/Documents/retailcore-mfe-investment-management/node_modules/react-dom/cjs/react-dom.development.js:22779:12)
    at workLoopSync (/Users/work/Documents/retailcore-mfe-investment-management/node_modules/react-dom/cjs/react-dom.development.js:22707:5)
    at renderRootSync (/Users/work/Documents/retailcore-mfe-investment-management/node_modules/react-dom/cjs/react-dom.development.js:22670:7)
    at performSyncWorkOnRoot (/Users/work/Documents/retailcore-mfe-investment-management/node_modules/react-dom/cjs/react-dom.development.js:22293:18)
    at scheduleUpdateOnFiber (/Users/work/Documents/retailcore-mfe-investment-management/node_modules/react-dom/cjs/react-dom.development.js:21881:7)
    at updateContainer (/Users/work/Documents/retailcore-mfe-investment-management/node_modules/react-dom/cjs/react-dom.development.js:25482:3)
    at /Users/work/Documents/retailcore-mfe-investment-management/node_modules/react-dom/cjs/react-dom.development.js:26021:7
    at unbatchedUpdates (/Users/work/Documents/retailcore-mfe-investment-management/node_modules/react-dom/cjs/react-dom.development.js:22431:12)
    at legacyRenderSubtreeIntoContainer (/Users/work/Documents/retailcore-mfe-investment-management/node_modules/react-dom/cjs/react-dom.development.js:26020:5)
    at Object.render (/Users/work/Documents/retailcore-mfe-investment-management/node_modules/react-dom/cjs/react-dom.development.js:26103:10)
    at /Users/work/Documents/retailcore-mfe-investment-management/node_modules/@testing-library/react/dist/pure.js:101:25
    at batchedUpdates$1 (/Users/work/Documents/retailcore-mfe-investment-management/node_modules/react-dom/cjs/react-dom.development.js:22380:12)
    at act (/Users/work/Documents/retailcore-mfe-investment-management/node_modules/react-dom/cjs/react-dom-test-utils.development.js:1042:14)
    at render (/Users/work/Documents/retailcore-mfe-investment-management/node_modules/@testing-library/react/dist/pure.js:97:26)
    at renderWithProviders (/Users/work/Documents/retailcore-mfe-investment-management/src/utils/test-util.tsx:22:28)
    at Object.<anonymous> (/Users/work/Documents/retailcore-mfe-investment-management/src/__tests__/components/Pages/management/manage-investment/IndexComponent.test.tsx:44:50)
    at Promise.then.completed (/Users/work/Documents/retailcore-mfe-investment-management/node_modules/jest-circus/build/utils.js:391:28)
    at new Promise (<anonymous>)
    at callAsyncCircusFn (/Users/work/Documents/retailcore-mfe-investment-management/node_modules/jest-circus/build/utils.js:316:10)
    at _callCircusTest (/Users/work/Documents/retailcore-mfe-investment-management/node_modules/jest-circus/build/run.js:218:40)
    at processTicksAndRejections (node:internal/process/task_queues:95:5)
    at _runTest (/Users/work/Documents/retailcore-mfe-investment-management/node_modules/jest-circus/build/run.js:155:3)
    at _runTestsForDescribeBlock (/Users/work/Documents/retailcore-mfe-investment-management/node_modules/jest-circus/build/run.js:66:9)
    at _runTestsForDescribeBlock (/Users/work/Documents/retailcore-mfe-investment-management/node_modules/jest-circus/build/run.js:60:9)
    at run (/Users/work/Documents/retailcore-mfe-investment-management/node_modules/jest-circus/build/run.js:25:3)
    at runAndTransformResultsToJestFormat (/Users/work/Documents/retailcore-mfe-investment-management/node_modules/jest-circus/build/legacy-code-todo-rewrite/jestAdapterInit.js:170:21)
    at jestAdapter (/Users/work/Documents/retailcore-mfe-investment-management/node_modules/jest-circus/build/legacy-code-todo-rewrite/jestAdapter.js:82:19)
    at runTestInternal (/Users/work/Documents/retailcore-mfe-investment-management/node_modules/jest-runner/build/runTest.js:389:16)
    at runTest (/Users/work/Documents/retailcore-mfe-investment-management/node_modules/jest-runner/build/runTest.js:475:34)
    at Object.worker (/Users/work/Documents/retailcore-mfe-investment-management/node_modules/jest-runner/build/testWorker.js:133:12)]]></failure>
    </testCase>
  </file>
  <file path="/Users/work/Documents/retailcore-mfe-investment-management/src/__tests__/components/table/index.test.tsx">
    <testCase name="TableComponent should render a table with headers and rows" duration="992"/>
    <testCase name="TableComponent should display a loading indicator when data is being fetched" duration="126"/>
    <testCase name="TextCellContent renders text content and dot correctly" duration="8"/>
    <testCase name="TextCellContent renders &quot;-&quot; when value is falsy" duration="73">
      <failure message="TestingLibraryElementError: Unable to find an element with the text: null. This could be because the text is broken up by multiple elements. In this case, you can provide a function for your text matcher to make your matcher more flexible."><![CDATA[TestingLibraryElementError: Unable to find an element with the text: null. This could be because the text is broken up by multiple elements. In this case, you can provide a function for your text matcher to make your matcher more flexible.

Ignored nodes: comments, script, style
<body>
  <div>
    <span
      class="relative"
    >
      <span
        class="relative max-w-[290px] whitespace-normal"
      >
        -
         
      </span>
    </span>
  </div>
</body>
    at Object.getElementError (/Users/work/Documents/retailcore-mfe-investment-management/node_modules/@testing-library/dom/dist/config.js:37:19)
    at /Users/work/Documents/retailcore-mfe-investment-management/node_modules/@testing-library/dom/dist/query-helpers.js:76:38
    at /Users/work/Documents/retailcore-mfe-investment-management/node_modules/@testing-library/dom/dist/query-helpers.js:52:17
    at getByText (/Users/work/Documents/retailcore-mfe-investment-management/node_modules/@testing-library/dom/dist/query-helpers.js:95:19)
    at Object.<anonymous> (/Users/work/Documents/retailcore-mfe-investment-management/src/__tests__/components/table/index.test.tsx:163:19)
    at Promise.then.completed (/Users/work/Documents/retailcore-mfe-investment-management/node_modules/jest-circus/build/utils.js:391:28)
    at new Promise (<anonymous>)
    at callAsyncCircusFn (/Users/work/Documents/retailcore-mfe-investment-management/node_modules/jest-circus/build/utils.js:316:10)
    at _callCircusTest (/Users/work/Documents/retailcore-mfe-investment-management/node_modules/jest-circus/build/run.js:218:40)
    at processTicksAndRejections (node:internal/process/task_queues:95:5)
    at _runTest (/Users/work/Documents/retailcore-mfe-investment-management/node_modules/jest-circus/build/run.js:155:3)
    at _runTestsForDescribeBlock (/Users/work/Documents/retailcore-mfe-investment-management/node_modules/jest-circus/build/run.js:66:9)
    at _runTestsForDescribeBlock (/Users/work/Documents/retailcore-mfe-investment-management/node_modules/jest-circus/build/run.js:60:9)
    at run (/Users/work/Documents/retailcore-mfe-investment-management/node_modules/jest-circus/build/run.js:25:3)
    at runAndTransformResultsToJestFormat (/Users/work/Documents/retailcore-mfe-investment-management/node_modules/jest-circus/build/legacy-code-todo-rewrite/jestAdapterInit.js:170:21)
    at jestAdapter (/Users/work/Documents/retailcore-mfe-investment-management/node_modules/jest-circus/build/legacy-code-todo-rewrite/jestAdapter.js:82:19)
    at runTestInternal (/Users/work/Documents/retailcore-mfe-investment-management/node_modules/jest-runner/build/runTest.js:389:16)
    at runTest (/Users/work/Documents/retailcore-mfe-investment-management/node_modules/jest-runner/build/runTest.js:475:34)
    at Object.worker (/Users/work/Documents/retailcore-mfe-investment-management/node_modules/jest-runner/build/testWorker.js:133:12)]]></failure>
    </testCase>
    <testCase name="TextCellContent should render nothing when value is null or undefined" duration="120"/>
    <testCase name="ProductNameCellContent renders product code correctly" duration="32"/>
    <testCase name="ProductNameCellContent renders &quot;-&quot; when product code is falsy" duration="6"/>
    <testCase name="UpdatedOnCellContent should render the date and time in the correct format" duration="22"/>
    <testCase name="UpdatedOnCellContent should render nothing when value is null or undefined" duration="28"/>
    <testCase name="UpdatedOnCellContent should render nothing when value is not a valid date" duration="60"/>
    <testCase name="UpdatedOnCellContent should render nothing when value is not a string or a date object" duration="18"/>
    <testCase name="UpdatedOnCellContent should render the date and time in the correct format for a different timezone" duration="20"/>
    <testCase name="StateCellContent should render a span element with the given value as its text content" duration="6"/>
    <testCase name="StateCellContent should apply a class to the span element based on the value passed to the function" duration="18"/>
    <testCase name="StatusCellContent should render a span element with the specific class based on the value passed as props" duration="55"/>
    <testCase name="StatusCellContent should call handleUserView function to determine the text content of the span element" duration="24"/>
    <testCase name="StatusCellContent should call handleColorState function to determine the background color of the span element" duration="109"/>
    <testCase name="StatusCellContent should render a span element with the default class and value as text content when the value passed as props does not match any of the cases in handleUserView and handleColorState" duration="41"/>
    <testCase name="StatusCellContent should default the isChecker prop to false if it is not a boolean" duration="7"/>
    <testCase name="StatusCellContent should render a FaEye icon next to the text content" duration="19"/>
    <testCase name="ActionsCellContent should render a DropdownButton component with the given dropDownOptions and onClick props" duration="126"/>
    <testCase name="ActionsCellContent should render a DropdownButton component with empty options when dropDownOptions prop is not provided" duration="454"/>
    <testCase name="handleUpdated should return null when key is &quot;state&quot; and newState is equal to value" duration="3"/>
    <testCase name="handleProductsDropdown should return an array of options based on the status and user permissions" duration="29"/>
    <testCase name="handleProductsDropdown should filter out &quot;deactivate&quot; and &quot;activate&quot; options if user does not have RE_OR_DEACTIVATE_INVESTMENT_PRODUCT permission" duration="3"/>
    <testCase name="handleProductsDropdown should filter out &quot;modify&quot; and &quot;clone&quot; options if user does not have CREATE_INVESTMENT_PRODUCT permission" duration="3"/>
    <testCase name="handleProductsDropdown should return an empty array if status is falsy" duration="11"/>
    <testCase name="handleProductsDropdown should return an empty array if DropDownOptions[status] is falsy" duration="3"/>
    <testCase name="handleUpdated should return null when key is &quot;state&quot; and newState is equal to value" duration="20"/>
    <testCase name="handleProductsDropdown should return an array of dropdown options based on the provided status and other parameters" duration="3"/>
    <testCase name="handleProductsDropdown should return an empty array if status is falsy" duration="3"/>
    <testCase name="handleProductsDropdown should return an array of &quot;view&quot; option if isChecker is true and statusType is Investments" duration="3"/>
    <testCase name="handleUpdated should return time of update if value was updated" duration="3"/>
    <testCase name="handleUpdated should not return time of update if value was not updated" duration="24"/>
    <testCase name="handleUpdated should handle change of state value" duration="2"/>
    <testCase name="handleUpdated should handle non change of state value" duration="3"/>
    <testCase name="handleUpdated Should return nothing when value is null" duration="12"/>
    <testCase name="statusHandler should set success text and open success modal when isSuccess is true" duration="4"/>
    <testCase name="statusHandler should set success text and open success modal when activateSuccess is true and role is superadmin or admin" duration="2"/>
    <testCase name="statusHandler should handle modifyRequestError" duration="13"/>
    <testCase name="statusHandler should handle deleteInvestmentRequestError" duration="3"/>
    <testCase name="statusHandler shluld handle earlyLiquidateSuccess" duration="3"/>
    <testCase name="statusHandler should handle partLiquidateSuccess" duration="19"/>
    <testCase name="statusHandler should handle earlyLiquidateIsError" duration="3"/>
    <testCase name="statusHandler should handle partLiquidateIsError" duration="6"/>
    <testCase name="statusHandler should handle deleteInvestmentRequestSuccess" duration="19"/>
    <testCase name="statusHandler should set failed text, subtext and open failed modal when isError is true" duration="4"/>
    <testCase name="statusHandler should not set any text or open any modal when none of the boolean flags are true" duration="3"/>
    <testCase name="statusHandler should set failed text and open failed modal when isError is true and error object is null" duration="3"/>
    <testCase name="statusHandler should set failed text and open failed modal when activateIsError is true and activateError object is null" duration="6"/>
  </file>
  <file path="/Users/work/Documents/retailcore-mfe-investment-management/src/__tests__/components/Pages/management/book-investment/CustomerInformation.test.tsx">
    <testCase name="updateCustomerData should set customers data based on response data" duration="23">
      <failure message="TypeError: (0 , _CustomerInformation.updateCustomerData) is not a function"><![CDATA[TypeError: (0 , _CustomerInformation.updateCustomerData) is not a function
    at Object.<anonymous> (/Users/work/Documents/retailcore-mfe-investment-management/src/__tests__/components/Pages/management/book-investment/CustomerInformation.test.tsx:33:23)
    at Promise.then.completed (/Users/work/Documents/retailcore-mfe-investment-management/node_modules/jest-circus/build/utils.js:391:28)
    at new Promise (<anonymous>)
    at callAsyncCircusFn (/Users/work/Documents/retailcore-mfe-investment-management/node_modules/jest-circus/build/utils.js:316:10)
    at _callCircusTest (/Users/work/Documents/retailcore-mfe-investment-management/node_modules/jest-circus/build/run.js:218:40)
    at processTicksAndRejections (node:internal/process/task_queues:95:5)
    at _runTest (/Users/work/Documents/retailcore-mfe-investment-management/node_modules/jest-circus/build/run.js:155:3)
    at _runTestsForDescribeBlock (/Users/work/Documents/retailcore-mfe-investment-management/node_modules/jest-circus/build/run.js:66:9)
    at _runTestsForDescribeBlock (/Users/work/Documents/retailcore-mfe-investment-management/node_modules/jest-circus/build/run.js:60:9)
    at run (/Users/work/Documents/retailcore-mfe-investment-management/node_modules/jest-circus/build/run.js:25:3)
    at runAndTransformResultsToJestFormat (/Users/work/Documents/retailcore-mfe-investment-management/node_modules/jest-circus/build/legacy-code-todo-rewrite/jestAdapterInit.js:170:21)
    at jestAdapter (/Users/work/Documents/retailcore-mfe-investment-management/node_modules/jest-circus/build/legacy-code-todo-rewrite/jestAdapter.js:82:19)
    at runTestInternal (/Users/work/Documents/retailcore-mfe-investment-management/node_modules/jest-runner/build/runTest.js:389:16)
    at runTest (/Users/work/Documents/retailcore-mfe-investment-management/node_modules/jest-runner/build/runTest.js:475:34)
    at Object.worker (/Users/work/Documents/retailcore-mfe-investment-management/node_modules/jest-runner/build/testWorker.js:133:12)]]></failure>
    </testCase>
    <testCase name="updateCustomerData should set form data customerId based on customerData" duration="107">
      <failure message="TypeError: (0 , _CustomerInformation.updateCustomerData) is not a function"><![CDATA[TypeError: (0 , _CustomerInformation.updateCustomerData) is not a function
    at Object.<anonymous> (/Users/work/Documents/retailcore-mfe-investment-management/src/__tests__/components/Pages/management/book-investment/CustomerInformation.test.tsx:90:23)
    at Promise.then.completed (/Users/work/Documents/retailcore-mfe-investment-management/node_modules/jest-circus/build/utils.js:391:28)
    at new Promise (<anonymous>)
    at callAsyncCircusFn (/Users/work/Documents/retailcore-mfe-investment-management/node_modules/jest-circus/build/utils.js:316:10)
    at _callCircusTest (/Users/work/Documents/retailcore-mfe-investment-management/node_modules/jest-circus/build/run.js:218:40)
    at processTicksAndRejections (node:internal/process/task_queues:95:5)
    at _runTest (/Users/work/Documents/retailcore-mfe-investment-management/node_modules/jest-circus/build/run.js:155:3)
    at _runTestsForDescribeBlock (/Users/work/Documents/retailcore-mfe-investment-management/node_modules/jest-circus/build/run.js:66:9)
    at _runTestsForDescribeBlock (/Users/work/Documents/retailcore-mfe-investment-management/node_modules/jest-circus/build/run.js:60:9)
    at run (/Users/work/Documents/retailcore-mfe-investment-management/node_modules/jest-circus/build/run.js:25:3)
    at runAndTransformResultsToJestFormat (/Users/work/Documents/retailcore-mfe-investment-management/node_modules/jest-circus/build/legacy-code-todo-rewrite/jestAdapterInit.js:170:21)
    at jestAdapter (/Users/work/Documents/retailcore-mfe-investment-management/node_modules/jest-circus/build/legacy-code-todo-rewrite/jestAdapter.js:82:19)
    at runTestInternal (/Users/work/Documents/retailcore-mfe-investment-management/node_modules/jest-runner/build/runTest.js:389:16)
    at runTest (/Users/work/Documents/retailcore-mfe-investment-management/node_modules/jest-runner/build/runTest.js:475:34)
    at Object.worker (/Users/work/Documents/retailcore-mfe-investment-management/node_modules/jest-runner/build/testWorker.js:133:12)]]></failure>
    </testCase>
    <testCase name="updateCustomerData should not update customers data or form data when isSuccess is false" duration="4">
      <failure message="TypeError: (0 , _CustomerInformation.updateCustomerData) is not a function"><![CDATA[TypeError: (0 , _CustomerInformation.updateCustomerData) is not a function
    at Object.<anonymous> (/Users/work/Documents/retailcore-mfe-investment-management/src/__tests__/components/Pages/management/book-investment/CustomerInformation.test.tsx:125:23)
    at Promise.then.completed (/Users/work/Documents/retailcore-mfe-investment-management/node_modules/jest-circus/build/utils.js:391:28)
    at new Promise (<anonymous>)
    at callAsyncCircusFn (/Users/work/Documents/retailcore-mfe-investment-management/node_modules/jest-circus/build/utils.js:316:10)
    at _callCircusTest (/Users/work/Documents/retailcore-mfe-investment-management/node_modules/jest-circus/build/run.js:218:40)
    at processTicksAndRejections (node:internal/process/task_queues:95:5)
    at _runTest (/Users/work/Documents/retailcore-mfe-investment-management/node_modules/jest-circus/build/run.js:155:3)
    at _runTestsForDescribeBlock (/Users/work/Documents/retailcore-mfe-investment-management/node_modules/jest-circus/build/run.js:66:9)
    at _runTestsForDescribeBlock (/Users/work/Documents/retailcore-mfe-investment-management/node_modules/jest-circus/build/run.js:60:9)
    at run (/Users/work/Documents/retailcore-mfe-investment-management/node_modules/jest-circus/build/run.js:25:3)
    at runAndTransformResultsToJestFormat (/Users/work/Documents/retailcore-mfe-investment-management/node_modules/jest-circus/build/legacy-code-todo-rewrite/jestAdapterInit.js:170:21)
    at jestAdapter (/Users/work/Documents/retailcore-mfe-investment-management/node_modules/jest-circus/build/legacy-code-todo-rewrite/jestAdapter.js:82:19)
    at runTestInternal (/Users/work/Documents/retailcore-mfe-investment-management/node_modules/jest-runner/build/runTest.js:389:16)
    at runTest (/Users/work/Documents/retailcore-mfe-investment-management/node_modules/jest-runner/build/runTest.js:475:34)
    at Object.worker (/Users/work/Documents/retailcore-mfe-investment-management/node_modules/jest-runner/build/testWorker.js:133:12)]]></failure>
    </testCase>
    <testCase name="handleAccountNumberAndData should set customerData state when accountNumber and data are both truthy" duration="12">
      <failure message="TypeError: (0 , _CustomerInformation.handleAccountNumberAndData) is not a function"><![CDATA[TypeError: (0 , _CustomerInformation.handleAccountNumberAndData) is not a function
    at Object.<anonymous> (/Users/work/Documents/retailcore-mfe-investment-management/src/__tests__/components/Pages/management/book-investment/CustomerInformation.test.tsx:166:31)
    at Promise.then.completed (/Users/work/Documents/retailcore-mfe-investment-management/node_modules/jest-circus/build/utils.js:391:28)
    at new Promise (<anonymous>)
    at callAsyncCircusFn (/Users/work/Documents/retailcore-mfe-investment-management/node_modules/jest-circus/build/utils.js:316:10)
    at _callCircusTest (/Users/work/Documents/retailcore-mfe-investment-management/node_modules/jest-circus/build/run.js:218:40)
    at processTicksAndRejections (node:internal/process/task_queues:95:5)
    at _runTest (/Users/work/Documents/retailcore-mfe-investment-management/node_modules/jest-circus/build/run.js:155:3)
    at _runTestsForDescribeBlock (/Users/work/Documents/retailcore-mfe-investment-management/node_modules/jest-circus/build/run.js:66:9)
    at _runTestsForDescribeBlock (/Users/work/Documents/retailcore-mfe-investment-management/node_modules/jest-circus/build/run.js:60:9)
    at run (/Users/work/Documents/retailcore-mfe-investment-management/node_modules/jest-circus/build/run.js:25:3)
    at runAndTransformResultsToJestFormat (/Users/work/Documents/retailcore-mfe-investment-management/node_modules/jest-circus/build/legacy-code-todo-rewrite/jestAdapterInit.js:170:21)
    at jestAdapter (/Users/work/Documents/retailcore-mfe-investment-management/node_modules/jest-circus/build/legacy-code-todo-rewrite/jestAdapter.js:82:19)
    at runTestInternal (/Users/work/Documents/retailcore-mfe-investment-management/node_modules/jest-runner/build/runTest.js:389:16)
    at runTest (/Users/work/Documents/retailcore-mfe-investment-management/node_modules/jest-runner/build/runTest.js:475:34)
    at Object.worker (/Users/work/Documents/retailcore-mfe-investment-management/node_modules/jest-runner/build/testWorker.js:133:12)]]></failure>
    </testCase>
    <testCase name="handleAccountNumberAndData should update formData state with customerId and customerProfile properties" duration="4">
      <failure message="TypeError: (0 , _CustomerInformation.handleAccountNumberAndData) is not a function"><![CDATA[TypeError: (0 , _CustomerInformation.handleAccountNumberAndData) is not a function
    at Object.<anonymous> (/Users/work/Documents/retailcore-mfe-investment-management/src/__tests__/components/Pages/management/book-investment/CustomerInformation.test.tsx:205:31)
    at Promise.then.completed (/Users/work/Documents/retailcore-mfe-investment-management/node_modules/jest-circus/build/utils.js:391:28)
    at new Promise (<anonymous>)
    at callAsyncCircusFn (/Users/work/Documents/retailcore-mfe-investment-management/node_modules/jest-circus/build/utils.js:316:10)
    at _callCircusTest (/Users/work/Documents/retailcore-mfe-investment-management/node_modules/jest-circus/build/run.js:218:40)
    at processTicksAndRejections (node:internal/process/task_queues:95:5)
    at _runTest (/Users/work/Documents/retailcore-mfe-investment-management/node_modules/jest-circus/build/run.js:155:3)
    at _runTestsForDescribeBlock (/Users/work/Documents/retailcore-mfe-investment-management/node_modules/jest-circus/build/run.js:66:9)
    at _runTestsForDescribeBlock (/Users/work/Documents/retailcore-mfe-investment-management/node_modules/jest-circus/build/run.js:60:9)
    at run (/Users/work/Documents/retailcore-mfe-investment-management/node_modules/jest-circus/build/run.js:25:3)
    at runAndTransformResultsToJestFormat (/Users/work/Documents/retailcore-mfe-investment-management/node_modules/jest-circus/build/legacy-code-todo-rewrite/jestAdapterInit.js:170:21)
    at jestAdapter (/Users/work/Documents/retailcore-mfe-investment-management/node_modules/jest-circus/build/legacy-code-todo-rewrite/jestAdapter.js:82:19)
    at runTestInternal (/Users/work/Documents/retailcore-mfe-investment-management/node_modules/jest-runner/build/runTest.js:389:16)
    at runTest (/Users/work/Documents/retailcore-mfe-investment-management/node_modules/jest-runner/build/runTest.js:475:34)
    at Object.worker (/Users/work/Documents/retailcore-mfe-investment-management/node_modules/jest-runner/build/testWorker.js:133:12)]]></failure>
    </testCase>
    <testCase name="handleAccountNumberAndData should set customerId, customerName, and customerAccount fields of the form" duration="6">
      <failure message="TypeError: (0 , _CustomerInformation.handleAccountNumberAndData) is not a function"><![CDATA[TypeError: (0 , _CustomerInformation.handleAccountNumberAndData) is not a function
    at Object.<anonymous> (/Users/work/Documents/retailcore-mfe-investment-management/src/__tests__/components/Pages/management/book-investment/CustomerInformation.test.tsx:248:31)
    at Promise.then.completed (/Users/work/Documents/retailcore-mfe-investment-management/node_modules/jest-circus/build/utils.js:391:28)
    at new Promise (<anonymous>)
    at callAsyncCircusFn (/Users/work/Documents/retailcore-mfe-investment-management/node_modules/jest-circus/build/utils.js:316:10)
    at _callCircusTest (/Users/work/Documents/retailcore-mfe-investment-management/node_modules/jest-circus/build/run.js:218:40)
    at processTicksAndRejections (node:internal/process/task_queues:95:5)
    at _runTest (/Users/work/Documents/retailcore-mfe-investment-management/node_modules/jest-circus/build/run.js:155:3)
    at _runTestsForDescribeBlock (/Users/work/Documents/retailcore-mfe-investment-management/node_modules/jest-circus/build/run.js:66:9)
    at _runTestsForDescribeBlock (/Users/work/Documents/retailcore-mfe-investment-management/node_modules/jest-circus/build/run.js:60:9)
    at run (/Users/work/Documents/retailcore-mfe-investment-management/node_modules/jest-circus/build/run.js:25:3)
    at runAndTransformResultsToJestFormat (/Users/work/Documents/retailcore-mfe-investment-management/node_modules/jest-circus/build/legacy-code-todo-rewrite/jestAdapterInit.js:170:21)
    at jestAdapter (/Users/work/Documents/retailcore-mfe-investment-management/node_modules/jest-circus/build/legacy-code-todo-rewrite/jestAdapter.js:82:19)
    at runTestInternal (/Users/work/Documents/retailcore-mfe-investment-management/node_modules/jest-runner/build/runTest.js:389:16)
    at runTest (/Users/work/Documents/retailcore-mfe-investment-management/node_modules/jest-runner/build/runTest.js:475:34)
    at Object.worker (/Users/work/Documents/retailcore-mfe-investment-management/node_modules/jest-runner/build/testWorker.js:133:12)]]></failure>
    </testCase>
    <testCase name="handleAccountNumberAndData should not modify any state or form fields when accountNumber is falsy" duration="3">
      <failure message="TypeError: (0 , _CustomerInformation.handleAccountNumberAndData) is not a function"><![CDATA[TypeError: (0 , _CustomerInformation.handleAccountNumberAndData) is not a function
    at Object.<anonymous> (/Users/work/Documents/retailcore-mfe-investment-management/src/__tests__/components/Pages/management/book-investment/CustomerInformation.test.tsx:292:31)
    at Promise.then.completed (/Users/work/Documents/retailcore-mfe-investment-management/node_modules/jest-circus/build/utils.js:391:28)
    at new Promise (<anonymous>)
    at callAsyncCircusFn (/Users/work/Documents/retailcore-mfe-investment-management/node_modules/jest-circus/build/utils.js:316:10)
    at _callCircusTest (/Users/work/Documents/retailcore-mfe-investment-management/node_modules/jest-circus/build/run.js:218:40)
    at processTicksAndRejections (node:internal/process/task_queues:95:5)
    at _runTest (/Users/work/Documents/retailcore-mfe-investment-management/node_modules/jest-circus/build/run.js:155:3)
    at _runTestsForDescribeBlock (/Users/work/Documents/retailcore-mfe-investment-management/node_modules/jest-circus/build/run.js:66:9)
    at _runTestsForDescribeBlock (/Users/work/Documents/retailcore-mfe-investment-management/node_modules/jest-circus/build/run.js:60:9)
    at run (/Users/work/Documents/retailcore-mfe-investment-management/node_modules/jest-circus/build/run.js:25:3)
    at runAndTransformResultsToJestFormat (/Users/work/Documents/retailcore-mfe-investment-management/node_modules/jest-circus/build/legacy-code-todo-rewrite/jestAdapterInit.js:170:21)
    at jestAdapter (/Users/work/Documents/retailcore-mfe-investment-management/node_modules/jest-circus/build/legacy-code-todo-rewrite/jestAdapter.js:82:19)
    at runTestInternal (/Users/work/Documents/retailcore-mfe-investment-management/node_modules/jest-runner/build/runTest.js:389:16)
    at runTest (/Users/work/Documents/retailcore-mfe-investment-management/node_modules/jest-runner/build/runTest.js:475:34)
    at Object.worker (/Users/work/Documents/retailcore-mfe-investment-management/node_modules/jest-runner/build/testWorker.js:133:12)]]></failure>
    </testCase>
    <testCase name="handleAccountNumberAndData should set customerData state to null when data is falsy" duration="5">
      <failure message="TypeError: (0 , _CustomerInformation.handleAccountNumberAndData) is not a function"><![CDATA[TypeError: (0 , _CustomerInformation.handleAccountNumberAndData) is not a function
    at Object.<anonymous> (/Users/work/Documents/retailcore-mfe-investment-management/src/__tests__/components/Pages/management/book-investment/CustomerInformation.test.tsx:321:31)
    at Promise.then.completed (/Users/work/Documents/retailcore-mfe-investment-management/node_modules/jest-circus/build/utils.js:391:28)
    at new Promise (<anonymous>)
    at callAsyncCircusFn (/Users/work/Documents/retailcore-mfe-investment-management/node_modules/jest-circus/build/utils.js:316:10)
    at _callCircusTest (/Users/work/Documents/retailcore-mfe-investment-management/node_modules/jest-circus/build/run.js:218:40)
    at processTicksAndRejections (node:internal/process/task_queues:95:5)
    at _runTest (/Users/work/Documents/retailcore-mfe-investment-management/node_modules/jest-circus/build/run.js:155:3)
    at _runTestsForDescribeBlock (/Users/work/Documents/retailcore-mfe-investment-management/node_modules/jest-circus/build/run.js:66:9)
    at _runTestsForDescribeBlock (/Users/work/Documents/retailcore-mfe-investment-management/node_modules/jest-circus/build/run.js:60:9)
    at run (/Users/work/Documents/retailcore-mfe-investment-management/node_modules/jest-circus/build/run.js:25:3)
    at runAndTransformResultsToJestFormat (/Users/work/Documents/retailcore-mfe-investment-management/node_modules/jest-circus/build/legacy-code-todo-rewrite/jestAdapterInit.js:170:21)
    at jestAdapter (/Users/work/Documents/retailcore-mfe-investment-management/node_modules/jest-circus/build/legacy-code-todo-rewrite/jestAdapter.js:82:19)
    at runTestInternal (/Users/work/Documents/retailcore-mfe-investment-management/node_modules/jest-runner/build/runTest.js:389:16)
    at runTest (/Users/work/Documents/retailcore-mfe-investment-management/node_modules/jest-runner/build/runTest.js:475:34)
    at Object.worker (/Users/work/Documents/retailcore-mfe-investment-management/node_modules/jest-runner/build/testWorker.js:133:12)]]></failure>
    </testCase>
    <testCase name="handleAccountNumberAndData should set customerData state to null when no object is found in data" duration="8">
      <failure message="TypeError: (0 , _CustomerInformation.handleAccountNumberAndData) is not a function"><![CDATA[TypeError: (0 , _CustomerInformation.handleAccountNumberAndData) is not a function
    at Object.<anonymous> (/Users/work/Documents/retailcore-mfe-investment-management/src/__tests__/components/Pages/management/book-investment/CustomerInformation.test.tsx:360:31)
    at Promise.then.completed (/Users/work/Documents/retailcore-mfe-investment-management/node_modules/jest-circus/build/utils.js:391:28)
    at new Promise (<anonymous>)
    at callAsyncCircusFn (/Users/work/Documents/retailcore-mfe-investment-management/node_modules/jest-circus/build/utils.js:316:10)
    at _callCircusTest (/Users/work/Documents/retailcore-mfe-investment-management/node_modules/jest-circus/build/run.js:218:40)
    at processTicksAndRejections (node:internal/process/task_queues:95:5)
    at _runTest (/Users/work/Documents/retailcore-mfe-investment-management/node_modules/jest-circus/build/run.js:155:3)
    at _runTestsForDescribeBlock (/Users/work/Documents/retailcore-mfe-investment-management/node_modules/jest-circus/build/run.js:66:9)
    at _runTestsForDescribeBlock (/Users/work/Documents/retailcore-mfe-investment-management/node_modules/jest-circus/build/run.js:60:9)
    at run (/Users/work/Documents/retailcore-mfe-investment-management/node_modules/jest-circus/build/run.js:25:3)
    at runAndTransformResultsToJestFormat (/Users/work/Documents/retailcore-mfe-investment-management/node_modules/jest-circus/build/legacy-code-todo-rewrite/jestAdapterInit.js:170:21)
    at jestAdapter (/Users/work/Documents/retailcore-mfe-investment-management/node_modules/jest-circus/build/legacy-code-todo-rewrite/jestAdapter.js:82:19)
    at runTestInternal (/Users/work/Documents/retailcore-mfe-investment-management/node_modules/jest-runner/build/runTest.js:389:16)
    at runTest (/Users/work/Documents/retailcore-mfe-investment-management/node_modules/jest-runner/build/runTest.js:475:34)
    at Object.worker (/Users/work/Documents/retailcore-mfe-investment-management/node_modules/jest-runner/build/testWorker.js:133:12)]]></failure>
    </testCase>
    <testCase name="handleKYCStatus should set valid KYC status to true when profileIsSuccess is true and status of customer identity verification is passed" duration="4">
      <failure message="TypeError: (0 , _CustomerInformation.handleKYCStatus) is not a function"><![CDATA[TypeError: (0 , _CustomerInformation.handleKYCStatus) is not a function
    at Object.<anonymous> (/Users/work/Documents/retailcore-mfe-investment-management/src/__tests__/components/Pages/management/book-investment/CustomerInformation.test.tsx:399:20)
    at Promise.then.completed (/Users/work/Documents/retailcore-mfe-investment-management/node_modules/jest-circus/build/utils.js:391:28)
    at new Promise (<anonymous>)
    at callAsyncCircusFn (/Users/work/Documents/retailcore-mfe-investment-management/node_modules/jest-circus/build/utils.js:316:10)
    at _callCircusTest (/Users/work/Documents/retailcore-mfe-investment-management/node_modules/jest-circus/build/run.js:218:40)
    at processTicksAndRejections (node:internal/process/task_queues:95:5)
    at _runTest (/Users/work/Documents/retailcore-mfe-investment-management/node_modules/jest-circus/build/run.js:155:3)
    at _runTestsForDescribeBlock (/Users/work/Documents/retailcore-mfe-investment-management/node_modules/jest-circus/build/run.js:66:9)
    at _runTestsForDescribeBlock (/Users/work/Documents/retailcore-mfe-investment-management/node_modules/jest-circus/build/run.js:60:9)
    at run (/Users/work/Documents/retailcore-mfe-investment-management/node_modules/jest-circus/build/run.js:25:3)
    at runAndTransformResultsToJestFormat (/Users/work/Documents/retailcore-mfe-investment-management/node_modules/jest-circus/build/legacy-code-todo-rewrite/jestAdapterInit.js:170:21)
    at jestAdapter (/Users/work/Documents/retailcore-mfe-investment-management/node_modules/jest-circus/build/legacy-code-todo-rewrite/jestAdapter.js:82:19)
    at runTestInternal (/Users/work/Documents/retailcore-mfe-investment-management/node_modules/jest-runner/build/runTest.js:389:16)
    at runTest (/Users/work/Documents/retailcore-mfe-investment-management/node_modules/jest-runner/build/runTest.js:475:34)
    at Object.worker (/Users/work/Documents/retailcore-mfe-investment-management/node_modules/jest-runner/build/testWorker.js:133:12)]]></failure>
    </testCase>
    <testCase name="handleKYCStatus should set valid KYC status to false when profileIsSuccess is true and status of customer identity verification is failed" duration="9">
      <failure message="TypeError: (0 , _CustomerInformation.handleKYCStatus) is not a function"><![CDATA[TypeError: (0 , _CustomerInformation.handleKYCStatus) is not a function
    at Object.<anonymous> (/Users/work/Documents/retailcore-mfe-investment-management/src/__tests__/components/Pages/management/book-investment/CustomerInformation.test.tsx:422:20)
    at Promise.then.completed (/Users/work/Documents/retailcore-mfe-investment-management/node_modules/jest-circus/build/utils.js:391:28)
    at new Promise (<anonymous>)
    at callAsyncCircusFn (/Users/work/Documents/retailcore-mfe-investment-management/node_modules/jest-circus/build/utils.js:316:10)
    at _callCircusTest (/Users/work/Documents/retailcore-mfe-investment-management/node_modules/jest-circus/build/run.js:218:40)
    at processTicksAndRejections (node:internal/process/task_queues:95:5)
    at _runTest (/Users/work/Documents/retailcore-mfe-investment-management/node_modules/jest-circus/build/run.js:155:3)
    at _runTestsForDescribeBlock (/Users/work/Documents/retailcore-mfe-investment-management/node_modules/jest-circus/build/run.js:66:9)
    at _runTestsForDescribeBlock (/Users/work/Documents/retailcore-mfe-investment-management/node_modules/jest-circus/build/run.js:60:9)
    at run (/Users/work/Documents/retailcore-mfe-investment-management/node_modules/jest-circus/build/run.js:25:3)
    at runAndTransformResultsToJestFormat (/Users/work/Documents/retailcore-mfe-investment-management/node_modules/jest-circus/build/legacy-code-todo-rewrite/jestAdapterInit.js:170:21)
    at jestAdapter (/Users/work/Documents/retailcore-mfe-investment-management/node_modules/jest-circus/build/legacy-code-todo-rewrite/jestAdapter.js:82:19)
    at runTestInternal (/Users/work/Documents/retailcore-mfe-investment-management/node_modules/jest-runner/build/runTest.js:389:16)
    at runTest (/Users/work/Documents/retailcore-mfe-investment-management/node_modules/jest-runner/build/runTest.js:475:34)
    at Object.worker (/Users/work/Documents/retailcore-mfe-investment-management/node_modules/jest-runner/build/testWorker.js:133:12)]]></failure>
    </testCase>
  </file>
  <file path="/Users/work/Documents/retailcore-mfe-investment-management/src/__tests__/confirmationHandler.test.ts">
    <testCase name="confirmationHandler should call deleteRequest when action includes the word &apos;delete &apos;" duration="70"/>
    <testCase name="confirmationHandler Should run if action == &apos;deactivate&apos;" duration="5"/>
    <testCase name="confirmationHandler Should run if action == &apos;activate&apos;" duration="23"/>
    <testCase name="confirmationHandler Should run if action == &apos;modify&apos;" duration="4"/>
    <testCase name="confirmationHandler Should run if action == &apos;withdraw-modify&apos;" duration="102"/>
    <testCase name="confirmationHandler should call deleteRequest function when action includes &quot;delete&quot;" duration="4"/>
    <testCase name="confirmationHandler should set isDeactivationOpen to true when action is &quot;deactivate&quot;" duration="4"/>
    <testCase name="confirmationHandler should call activateProduct function when action is &quot;activate&quot;" duration="4"/>
    <testCase name="confirmationHandler should not call deleteRequest function when action does not include &quot;delete&quot;" duration="5"/>
    <testCase name="confirmationHandler should not set isDeactivationOpen to true when action is not &quot;deactivate&quot;" duration="61"/>
    <testCase name="confirmationHandler should not call activateProduct function when action is not &quot;activate&quot;" duration="4"/>
    <testCase name="confirmationHandler should handle MODIFY action with permission" duration="26"/>
    <testCase name="confirmationHandler should handle MODIFY action without permission" duration="5"/>
    <testCase name="confirmationHandler should handle WITHDARW_MODIFY action with permission" duration="33">
      <failure message="SyntaxError: Unexpected token u in JSON at position 0"><![CDATA[SyntaxError: Unexpected token u in JSON at position 0
    at JSON.parse (<anonymous>)
    at confirmationHandler (/Users/work/Documents/retailcore-mfe-investment-management/src/components/table/confirmationHandler.ts:56:25)
    at Object.<anonymous> (/Users/work/Documents/retailcore-mfe-investment-management/src/__tests__/confirmationHandler.test.ts:307:24)
    at Promise.then.completed (/Users/work/Documents/retailcore-mfe-investment-management/node_modules/jest-circus/build/utils.js:391:28)
    at new Promise (<anonymous>)
    at callAsyncCircusFn (/Users/work/Documents/retailcore-mfe-investment-management/node_modules/jest-circus/build/utils.js:316:10)
    at _callCircusTest (/Users/work/Documents/retailcore-mfe-investment-management/node_modules/jest-circus/build/run.js:218:40)
    at processTicksAndRejections (node:internal/process/task_queues:95:5)
    at _runTest (/Users/work/Documents/retailcore-mfe-investment-management/node_modules/jest-circus/build/run.js:155:3)
    at _runTestsForDescribeBlock (/Users/work/Documents/retailcore-mfe-investment-management/node_modules/jest-circus/build/run.js:66:9)
    at _runTestsForDescribeBlock (/Users/work/Documents/retailcore-mfe-investment-management/node_modules/jest-circus/build/run.js:60:9)
    at run (/Users/work/Documents/retailcore-mfe-investment-management/node_modules/jest-circus/build/run.js:25:3)
    at runAndTransformResultsToJestFormat (/Users/work/Documents/retailcore-mfe-investment-management/node_modules/jest-circus/build/legacy-code-todo-rewrite/jestAdapterInit.js:170:21)
    at jestAdapter (/Users/work/Documents/retailcore-mfe-investment-management/node_modules/jest-circus/build/legacy-code-todo-rewrite/jestAdapter.js:82:19)
    at runTestInternal (/Users/work/Documents/retailcore-mfe-investment-management/node_modules/jest-runner/build/runTest.js:389:16)
    at runTest (/Users/work/Documents/retailcore-mfe-investment-management/node_modules/jest-runner/build/runTest.js:475:34)
    at Object.worker (/Users/work/Documents/retailcore-mfe-investment-management/node_modules/jest-runner/build/testWorker.js:133:12)]]></failure>
    </testCase>
    <testCase name="confirmationHandler should handle WITHDARW_MODIFY action without permission" duration="9"/>
  </file>
  <file path="/Users/work/Documents/retailcore-mfe-investment-management/src/__tests__/modals/ProductDetail.test.tsx">
    <testCase name="ProductDetail Show spinner when loading" duration="988"/>
    <testCase name="ProductDetail Show spinner when loading" duration="337"/>
    <testCase name="ProductDetail Close button calls setIsOpen" duration="710"/>
    <testCase name="ProductDetail Modify button calls handleClick" duration="332"/>
    <testCase name="ProductDetail deactivate button calls handleClick" duration="425"/>
    <testCase name="ProductDetail Shows nothng when setOpen is false" duration="52"/>
  </file>
  <file path="/Users/work/Documents/retailcore-mfe-investment-management/src/__tests__/pages/management/IndexComponent.test.tsx">
    <testCase name="Dashboard should render Investment Management dashboard with Overview tab selected by default" duration="3242"/>
    <testCase name="Dashboard should render Investment Management dashboard with Book Investment button" duration="2324"/>
    <testCase name="Dashboard should allow user to switch between Overview, Corporate and Individual tabs" duration="1096"/>
  </file>
  <file path="/Users/work/Documents/retailcore-mfe-investment-management/src/__tests__/MessagesComponent.test.tsx">
    <testCase name="MessagesComponent renders confirm message without error" duration="488"/>
    <testCase name="MessagesComponent calls handleConfirm and calls setIsConfirmOpen with false when Confirm button is clicked" duration="799"/>
    <testCase name="MessagesComponent calls setIsConfirmOpen with false when cancel button is clicked" duration="180"/>
    <testCase name="MessagesComponent Renders success message" duration="197"/>
    <testCase name="MessagesComponent Renders Failure message" duration="185"/>
    <testCase name="MessagesComponent Renders Detail component" duration="810"/>
    <testCase name="MessagesComponent Renders Deactivation modals" duration="75"/>
    <testCase name="MessagesComponent Renders loading while deleteLoading == true" duration="35"/>
    <testCase name="MessagesComponent Renders loading while deleteLoading == true" duration="39"/>
  </file>
  <file path="/Users/work/Documents/retailcore-mfe-investment-management/src/__tests__/modals/Confirm.test.tsx">
    <testCase name="Confirm renders without crashing" duration="60"/>
    <testCase name="Confirm should render a modal with the given text and subtext" duration="192"/>
    <testCase name="Confirm should render a cancel buttons  and a confirm button" duration="81"/>
    <testCase name="Confirm closes modal when cancel button 1 clicked" duration="63"/>
    <testCase name="Confirm Calls onCancel when cancel button 2 clicked" duration="237"/>
    <testCase name="Confirm should call onConfirm when confirm button is clicked" duration="67"/>
  </file>
  <file path="/Users/work/Documents/retailcore-mfe-investment-management/src/__tests__/forms/FormUpload.test.tsx">
    <testCase name="FormUpload renders without crashing" duration="55"/>
    <testCase name="FormUpload matches snapshot" duration="52"/>
    <testCase name="FormUpload should reset all state variables when handleReset is called" duration="5"/>
    <testCase name="handleFileChange should select a file and set the file type correctly" duration="46"/>
    <testCase name="handleFileChange should set an error message when the file size exceeds the maximum allowed size" duration="14"/>
    <testCase name="handleFileChange should set an error message when no file is selected" duration="5"/>
    <testCase name="handleFileChange should display an error message when selecting a file with an invalid extension" duration="10"/>
    <testCase name="FormUpload should display error message when selecting a file with an unsupported file type" duration="24"/>
    <testCase name="handleDrag should set dragActive to true when dragenter event is triggered" duration="11"/>
    <testCase name="handleDrag should set dragActive to true when dragover event is triggered" duration="3"/>
    <testCase name="handleDrag should set dragActive to false when dragleave event is triggered" duration="3"/>
    <testCase name="handleReset should reset upload data to an empty array" duration="21"/>
    <testCase name="handleReset should set status to null" duration="5"/>
    <testCase name="handleDrop should read and process a valid file when dropped" duration="5"/>
    <testCase name="handleDrop should process a file with a valid file type when dropped" duration="4"/>
    <testCase name="handleDrop should read and process a file with a valid file type when dropped" duration="5"/>
    <testCase name="handleDrop should process a file with a valid file type when dropped" duration="2"/>
    <testCase name="handleDrop should process a file with a valid file type when dropped" duration="5"/>
    <testCase name="handleDrop should set an error message when the file type is not supported" duration="4"/>
    <testCase name="handleDrop should set the base64 image correctly when the file is read" duration="17"/>
  </file>
  <file path="/Users/work/Documents/retailcore-mfe-investment-management/src/__tests__/pages/investment/term-deposit/create-term-deposit/IndexComponent.test.tsx">
    <testCase name="IndexComponent Show modal when clicking save to Draft" duration="488"/>
    <testCase name="IndexComponent Shows disabled button when form is not valid" duration="230"/>
    <testCase name="IndexComponent Should not have disabled button when fom is valid" duration="253"/>
    <testCase name="FormComponeent Should render if step === 1" duration="153"/>
    <testCase name="FormComponeent Should render if step === 2" duration="215"/>
    <testCase name="FormComponeent Should render if step === 3" duration="252"/>
    <testCase name="FormComponeent Should render if step === 4" duration="171"/>
    <testCase name="FormComponeent Should render if step === 5" duration="81"/>
    <testCase name="handleNext should call setStep when theres more steps ahead" duration="4"/>
    <testCase name="handleNext should not setStep when there are no steps ahead" duration="4"/>
    <testCase name="handlePrev should call setStep when there are steps behind" duration="3"/>
    <testCase name="handlePrev should not call setStep when user is at the first step" duration="3"/>
    <testCase name="handleDraft should set setIsConfirmOpen to false when called" duration="11"/>
    <testCase name="handleDraft should call modifyProduct with isDraft set to true when process is &quot;modify&quot;" duration="3"/>
    <testCase name="handleDraft should call createProduct with isDraft set to true when process is &quot;create&quot; or &quot;clone&quot;" duration="3"/>
    <testCase name="handleDraft should not call any functions when process is undefined" duration="7"/>
    <testCase name="handleDetailsSuccess should set activeId.current to the id of productDetails when it exists" duration="3"/>
    <testCase name="handleDetailsSuccess should set activeId.current to the id of productDetails when it exists 2" duration="2"/>
    <testCase name="handleDetailsSuccess should update previousData.current with relevant fields from productDetails when process is &quot;modify&quot;" duration="6"/>
    <testCase name="handleDetailsSuccess should update productData with relevant fields from productDetails" duration="3"/>
    <testCase name="handleDetailsSuccess should set pricingConfigurationCopy to an empty object before sorting when it is null" duration="3"/>
    <testCase name="handleDetailsSuccess should not sort pricingConfigurationCopy when interestRateConfigModels is null" duration="7"/>
    <testCase name="handlePreviousData should return an object with all properties from prevProductData and productDetails" duration="11"/>
    <testCase name="handlePreviousData should sort the interestRateConfigModels array in pricingConfigurationCopy by min value" duration="3"/>
    <testCase name="handlePreviousData should return an object with all properties from prevProductData and productDetails when pricingConfigurationCopy is null" duration="5"/>
    <testCase name="handleRequestIsSuccess should update product data when requestIsSuccess is true and metaInfo exists" duration="8"/>
    <testCase name="handleRequestIsSuccess should update product data when requestIsSuccess is true and metaInfo exists and process == withdraw_modify" duration="2"/>
    <testCase name="handleMessage should set success text to &quot;Product Setup saved to draft&quot; and open success modal when isSuccess is true" duration="3"/>
    <testCase name="handleMessage should set success text to &quot;Product Setup saved to draft&quot; and open success modal when modifySuccess is true" duration="3"/>
    <testCase name="handleMessage should set success text to &quot;Product Setup saved to draft&quot; and open success modal when modifyRequestSuccess is true" duration="3"/>
    <testCase name="handleMessage should set failed text to &quot;Unable to save as draft&quot; and set failed subtext to error message when isError is true" duration="3"/>
    <testCase name="handleMessage should set failed text to &quot;Unable to save as draft&quot; and set failed subtext to error message when modifyRequestIsError is true" duration="3"/>
    <testCase name="handleMessage should set failed subtext to empty string when error message is undefined" duration="3"/>
    <testCase name="handleNav should call handleNext when step is less than the length of termDepositFormSteps" duration="3"/>
    <testCase name="handleNav should call navigate with the appropriate URL when step is equal to the length of termDepositFormSteps" duration="3"/>
    <testCase name="handleNav should handle error when navigate function throws an error" duration="8"/>
    <testCase name="handleNav should not include id parameter in URL when id is not provided" duration="3"/>
    <testCase name="handleNav should include id parameter in URL when id is provided" duration="6"/>
  </file>
  <file path="/Users/work/Documents/retailcore-mfe-investment-management/src/__tests__/components/product-information.test.tsx">
    <testCase name="ProductInformation should render the form without errors" duration="186"/>
    <testCase name="ProductInformation Changes values" duration="246"/>
    <testCase name="ProductInformation should handle input and display character count" duration="85"/>
    <testCase name="ProductInformation should update character count for product name in real-time" duration="71"/>
    <testCase name="ProductInformation should display negative character count message for product name with more than 50 characters" duration="76"/>
    <testCase name="ProductInformation Should show error when invalid name is typed" duration="414"/>
    <testCase name="ProductInformation Should show error when description is too short" duration="76"/>
    <testCase name="handleValidatingName should trigger productName and clear errors when nameIsSuccess is true and charLeft is less than 47" duration="4"/>
    <testCase name="handleValidatingName should assign error to productName and set setIsNameOkay to false when nameIsError is true" duration="5"/>
    <testCase name="handleValidatingName should not trigger productName and clear errors when nameIsSuccess is true but charLeft is greater than or equal to 47" duration="6"/>
    <testCase name="handleValidatingName should not assign error to productName when nameIsError is true but nameError is undefined" duration="3"/>
    <testCase name="handleValidatingName should not throw an error when setIsNameOkay is undefined" duration="13"/>
    <testCase name="InputDiv should render a div element with class &apos;w-full flex flex-col gap-2&apos;" duration="8"/>
    <testCase name="InputDiv should render the children passed as props inside the div element" duration="32"/>
    <testCase name="InputDiv should accept any valid React element as children" duration="12"/>
    <testCase name="InputDiv should render an empty div element if no children are passed as props" duration="14"/>
    <testCase name="InputDiv should not render any additional elements or components" duration="5"/>
    <testCase name="handleName should update character count, clear errors, set current name, and handle validation" duration="9"/>
    <testCase name="handleName should set character count based on name length" duration="11"/>
    <testCase name="handleName should clear errors on productName field" duration="24"/>
    <testCase name="handleName should set current name to watchName" duration="10"/>
    <testCase name="handleName should set disabled to true if watchName length is less than or equal to 3" duration="3"/>
    <testCase name="handleName should compare watchName to formData.oldValue" duration="16"/>
    <testCase name="handleName should validate name with productId if provided" duration="11"/>
    <testCase name="handleSlogan should call setSloganCharLeft with the correct remainder value when watchSlogan is not null" duration="5"/>
    <testCase name="handleSlogan should call setIsSloganOkay with true when watchSlogan is not null and has length greater than 0" duration="8"/>
    <testCase name="handleSlogan should call setIsSloganOkay with false when watchSlogan is null or has length 0" duration="3"/>
    <testCase name="handleSlogan should call setSloganCharLeft with defaultSloganLength when watchSlogan is an empty string" duration="4"/>
    <testCase name="handleSlogan should call setSloganCharLeft with a negative remainder value when watchSlogan is a string with length greater than defaultSloganLength" duration="7"/>
    <testCase name="ProductInformation should render the form with the correct inputs and labels" duration="123"/>
    <testCase name="ProductInformation should populate the form with default values from formData prop" duration="106"/>
    <testCase name="ProductInformation should update the form values when formData prop changes" duration="89"/>
    <testCase name="ProductInformation should handle missing or invalid form inputs" duration="139"/>
    <testCase name="ProductInformation should handle long product names and slogans" duration="87"/>
    <testCase name="handleName should handle name with debounce" duration="4"/>
    <testCase name="handleName should handle name without debounce" duration="3"/>
    <testCase name="onProceed should set the start and end date of the form data to the formatted date strings when they exist" duration="10"/>
    <testCase name="onProceed should call the proceed function" duration="3"/>
    <testCase name="onProceed should not set the start and end date of the form data when d parameter is missing startDate or endDate fields" duration="3"/>
  </file>
  <file path="/Users/work/Documents/retailcore-mfe-investment-management/src/__tests__/components/Pages/management/overview/index.test.tsx">
    <testCase name="updateInvestmentTabs should return an array of objects with updated amount and totalValue properties" duration="38"/>
    <testCase name="updateInvestmentTabs should update amount property with the total value of investments for each tab" duration="16"/>
    <testCase name="updateInvestmentTabs should update totalValue property with the total count of investments for each tab" duration="13"/>
    <testCase name="updateInvestmentTabs should return an empty array when the input tabs array is empty" duration="4"/>
    <testCase name="updateInvestmentTabs should return an array of objects with amount property set to 0.00 and totalValue property set to 0 total investments when the input tabs array is empty" duration="5"/>
    <testCase name="updateInvestmentTabs should return an array of objects with the same length as the input tabs array" duration="5"/>
    <testCase name="Overview should render Overview component without crashing" duration="1284"/>
    <testCase name="Overview should display investment tabs with correct titles and icons" duration="732"/>
    <testCase name="Overview should display investment amounts and total values correctly formatted" duration="507"/>
  </file>
  <file path="/Users/work/Documents/retailcore-mfe-investment-management/src/__tests__/modals/Status.test.tsx">
    <testCase name="Success Modal renders without crashing" duration="40"/>
    <testCase name="Success Modal matches snapshot" duration="10"/>
    <testCase name="Success Modal can close modal pathname !== /product-management" duration="370"/>
    <testCase name="Success Modal can close modal when canclose is true" duration="99"/>
    <testCase name="Prompt Modal renders without crashing" duration="5"/>
    <testCase name="Prompt Modal matches snapshot" duration="7"/>
    <testCase name="Prompt Modal can close modal pathname !== /product-management" duration="46"/>
    <testCase name="Prompt Modal can close modal when canclose is true" duration="48"/>
    <testCase name="Failed Modal matches snapshot" duration="6"/>
    <testCase name="Failed Modal can close modal pathname !== /product-management" duration="40"/>
    <testCase name="Failed Modal can close modal when canclose is true" duration="51"/>
    <testCase name="Success should render a success message with given text" duration="69"/>
    <testCase name="Success should render a check circle icon" duration="48"/>
    <testCase name="Success should render a &quot;Return to dashboard&quot; button" duration="39"/>
    <testCase name="Success should render a success message with long text" duration="54"/>
    <testCase name="Success should render a success message with special characters in text" duration="39"/>
    <testCase name="handleNavigations should return individualDashboard when specific category is individual&quot;" duration="2"/>
    <testCase name="handleNavigations should return individualDashboard when process is &quot;create&quot; and pathname includes &quot;management&quot; and &quot;individual&quot;" duration="3"/>
    <testCase name="handleNavigations should return factoryDashboard when process is &quot;create&quot; and pathname does not include &quot;management&quot; and &quot;individual&quot;" duration="3"/>
    <testCase name="handleNavigations should return individualDashboard when process is &quot;modify&quot; and pathname includes &quot;management&quot; and &quot;individual&quot;" duration="3"/>
    <testCase name="handleNavigations should not return undefined when process is not &quot;create&quot;, &quot;modify&quot;, &quot;continue&quot;, or &quot;withdraw_modify&quot;" duration="12"/>
  </file>
  <file path="/Users/work/Documents/retailcore-mfe-investment-management/src/__tests__/components/FormStepComponent.test.tsx">
    <testCase name="FormStepComponent should render the correct number of form step items when formStepItems is not empty" duration="57"/>
    <testCase name="FormStepComponent should render the correct label for each form step item when formStepItems is not empty" duration="20"/>
    <testCase name="FormStepComponent should render the correct index for each form step item when formStepItems is not empty" duration="9"/>
    <testCase name="FormStepComponent should handle empty formStepItems array and render default form step item" duration="15"/>
    <testCase name="FormStepComponent should handle step value greater than the number of formStepItems and render last form step item" duration="72"/>
    <testCase name="FormStepComponent should handle step value less than 1 and render first form step item" duration="46"/>
  </file>
  <file path="/Users/work/Documents/retailcore-mfe-investment-management/src/__tests__/components/Pages/term-deposit/forms/preview.test.tsx">
    <testCase name="Preview Renders without crashing" duration="233"/>
    <testCase name="handleSuccess Sets success message if isSuccess and role === superadmin" duration="4"/>
    <testCase name="handleSuccess Sets success message if isSuccess is false and role === superadmin" duration="7"/>
    <testCase name="handleSuccess Sets success message if role !== superadmin" duration="5"/>
    <testCase name="handleErrorMessage Sets error message if isError === true" duration="7"/>
    <testCase name="handleErrorMessage Sets error message if isError === false" duration="8"/>
    <testCase name="handleSubmit Should call modifyProduct if process === modify" duration="3"/>
    <testCase name="handleSubmit Should call modifyRequest if process === withdraw_modify" duration="9"/>
    <testCase name="handleSubmit Should call createProduct if process === create" duration="3"/>
    <testCase name="handleSubmit Should call createProduct if process === continue" duration="3"/>
    <testCase name="handleSubmit Should call createProduct if process === clone" duration="3"/>
    <testCase name="handleCancel Sets correct message when process === create" duration="3"/>
    <testCase name="handleCancel Sets correct message when process === modify" duration="3"/>
    <testCase name="handleCancel Sets correct message when process === continue" duration="3"/>
  </file>
  <file path="/Users/work/Documents/retailcore-mfe-investment-management/src/__tests__/modals/Approved.test.tsx">
    <testCase name="ApprovedSuccess Modal renders without crashing" duration="27"/>
    <testCase name="ApprovedSuccess Modal matches snapshot" duration="16"/>
    <testCase name="ApprovedSuccess Modal closes modal when cancel clicked" duration="155"/>
    <testCase name="ApprovedSuccess Modal calls onConfirm when form submitted" duration="54"/>
  </file>
  <file path="/Users/work/Documents/retailcore-mfe-investment-management/src/__tests__/forms/BorderlessSelect.test.tsx">
    <testCase name="BorderlessSelect Renders without error" duration="66"/>
    <testCase name="BorderlessSelect Shows options when input is clicked" duration="65"/>
    <testCase name="BorderlessSelect indicates that input is required" duration="18"/>
    <testCase name="BorderlessSelect indicates error" duration="16"/>
    <testCase name="BorderlessSelect changes value when clicked and hides options" duration="44"/>
  </file>
  <file path="/Users/work/Documents/retailcore-mfe-investment-management/src/__tests__/components/SideLabelSearchSelect.test.tsx">
    <testCase name="InputDivs should render a div with a label and a child div" duration="51"/>
    <testCase name="InputDivs should display a RedDot component next to the label" duration="20"/>
    <testCase name="InputDivs should accept a label prop and render it as text" duration="11"/>
    <testCase name="InputDivs should render without a label when label prop is not provided" duration="11"/>
    <testCase name="InputDivs should render without a child div when children prop is not provided" duration="9"/>
    <testCase name="InputDivs should render an empty label when label prop is an empty string" duration="31"/>
    <testCase name="SideLabelSearchSelect should render the component with default props and input options" duration="618"/>
    <testCase name="SideLabelSearchSelect should handle empty input field correctly" duration="83"/>
    <testCase name="SideLabelSearchSelect should handle long input field values correctly" duration="63"/>
    <testCase name="SideLabelSearchSelect should handle special characters in input field values correctly" duration="47"/>
  </file>
  <file path="/Users/work/Documents/retailcore-mfe-investment-management/src/__tests__/components/Pages/management/book-investment/Preview.test.tsx">
    <testCase name="Preview Renders without crashing" duration="311"/>
    <testCase name="handleSuccess Sets success message if isSuccess and role === superadmin" duration="9"/>
    <testCase name="handleSuccess Sets success message if isSuccess is false and role === superadmin" duration="5"/>
    <testCase name="handleSuccess Sets success message if role !== superadmin" duration="5"/>
    <testCase name="handleErrorMessage Sets error message if isError === true" duration="15"/>
    <testCase name="handleErrorMessage Sets error message if isError === false" duration="19"/>
    <testCase name="handleSubmit Should call modifyProduct if process === modify" duration="4"/>
    <testCase name="handleSubmit Should call modifyRequest if process === withdraw_modify" duration="13"/>
    <testCase name="handleSubmit Should call createProduct if process === create" duration="9"/>
    <testCase name="handleSubmit Should call createProduct if process === continue" duration="6"/>
    <testCase name="handleSubmit Should call createProduct if process === clone" duration="7"/>
    <testCase name="handleCancel Sets correct message when process === create" duration="16"/>
    <testCase name="handleCancel Sets correct message when process === modify" duration="4"/>
    <testCase name="handleCancel Sets correct message when process === continue" duration="3"/>
  </file>
  <file path="/Users/work/Documents/retailcore-mfe-investment-management/src/__tests__/components/modals/CustomerDetail.test.tsx">
    <testCase name="TabHeader should render TabHeader component without crashing" duration="39"/>
    <testCase name="TabHeader should display the title passed as prop" duration="17"/>
    <testCase name="TabHeader should display the right caret icon when title is not active" duration="20"/>
    <testCase name="TabContent should render correct number of items" duration="10"/>
    <testCase name="TabContent should render correct labels for each item" duration="22"/>
    <testCase name="TabContent should render correct values for each item" duration="9"/>
    <testCase name="TabContent should handle empty content array" duration="9"/>
    <testCase name="CustomerDetail should toggle tab content when tab header is clicked" duration="333"/>
    <testCase name="CustomerDetail should handle case when valid ID is not provided" duration="109"/>
    <testCase name="CustomerDetail should handle case when tab content data is not provided" duration="68"/>
  </file>
  <file path="/Users/work/Documents/retailcore-mfe-investment-management/src/__tests__/pages/management/book-investment/IndexComponent.test.tsx">
    <testCase name="IndexComponent should render the component without crashing" duration="750"/>
    <testCase name="IndexComponent should display the correct title and breadcrumbs based on the investmentType parameter" duration="154"/>
    <testCase name="IndexComponent should render the correct form step based on the step state" duration="140"/>
    <testCase name="handleDraft should set isConfirmOpen to false when called" duration="34"/>
    <testCase name="handleDraft should call modifyProduct with updated form data and isDraft set to true when process is modify" duration="4"/>
    <testCase name="handleDraft should call createInvestment with form data and isDraft set to true when process is create or clone" duration="3"/>
    <testCase name="handleLinks should return the input &quot;links&quot; array unmodified when &quot;process&quot; is not &quot;restructure&quot;" duration="3"/>
    <testCase name="handleLinks should update the title of the object with id=2 to &quot;Restructure Investment&quot; when &quot;process&quot; is &quot;restructure&quot;" duration="13"/>
    <testCase name="handleLinks should return the input &quot;links&quot; array unmodified when &quot;links&quot; array does not contain an object with id=2 and &quot;process&quot; is &quot;restructure&quot;" duration="3"/>
    <testCase name="handleLinks should update the title of the first object with id=2 to &quot;Restructure Investment&quot; when &quot;process&quot; is &quot;restructure&quot; and there are multiple objects with id=2" duration="5"/>
    <testCase name="handleNav should call handleNext and increment step by 1 when current step is less than total number of steps" duration="4"/>
    <testCase name="handleNav should navigate to summary page when current step is equal to total number of steps" duration="3"/>
    <testCase name="handleNav should throw an error when setStep parameter is not a function" duration="35"/>
  </file>
  <file path="/Users/work/Documents/retailcore-mfe-investment-management/src/__tests__/modals/RequestDeactivation.test.tsx">
    <testCase name="RequestDeactivation should render the component without crashing" duration="141"/>
    <testCase name="RequestDeactivation should display the deactivation request form" duration="88"/>
    <testCase name="RequestDeactivation should allow user to input reason for deactivation" duration="971"/>
    <testCase name="RequestDeactivation should display an error message when the deactivation request fails" duration="70"/>
    <testCase name="RequestDeactivation should display an error message when the deactivation request fails" duration="41"/>
    <testCase name="RequestDeactivation should display an error message when the deactivation request fails" duration="35"/>
    <testCase name="RequestDeactivation should allow user to upload supporting documents" duration="43"/>
  </file>
  <file path="/Users/work/Documents/retailcore-mfe-investment-management/src/__tests__/components/Pages/management/SummaryComponent.test.tsx">
    <testCase name="Summary should render the component without crashing" duration="434"/>
  </file>
  <file path="/Users/work/Documents/retailcore-mfe-investment-management/src/__tests__/components/forms/GlInput.tsx">
    <testCase name="closeDropdown should set isOpen state to false when called with a valid setIsOpen function" duration="15"/>
    <testCase name="EntriesAndEventsSearchResults should render a search input field with a search icon" duration="223"/>
    <testCase name="EntriesAndEventsSearchResults should allow user to input search query" duration="47"/>
    <testCase name="EntriesAndEventsSearchResults should display a dropdown menu when search input field is clicked" duration="26"/>
    <testCase name="EntriesAndEventsSearchResults should display an empty dropdown menu when there are no GL classes" duration="30"/>
    <testCase name="EntriesAndEventsSearchResults should display an empty list of ledgers when a GL class has no ledgers" duration="32"/>
    <testCase name="EntriesAndEventsSearchResults should display an error message when there is an error fetching GL classes or ledgers" duration="33"/>
    <testCase name="EntriesAndEventsSearchResults renders with default props" duration="55"/>
    <testCase name="EntriesAndEventsSearchResults handles input change and displays results" duration="23"/>
    <testCase name="EntriesAndEventsSearchResults handles click on a result and triggers functions" duration="48"/>
  </file>
  <file path="/Users/work/Documents/retailcore-mfe-investment-management/src/__tests__/pages/investment/IndexComponent.test.tsx">
    <testCase name="IndexComponent Renders without error" duration="673"/>
    <testCase name="IndexComponent should display the TopBar component" duration="266"/>
    <testCase name="handleToggle should set isChecker to true and hideCreate to true when selected option includes &quot;approved&quot;" duration="7"/>
    <testCase name="handleToggle should set isChecker to true and hideCreate to true when selected option includes &quot;sent&quot;" duration="4"/>
    <testCase name="handleToggle should set isChecker to false and hideCreate to false when selected option does not include &quot;approved&quot; or &quot;sent&quot;" duration="7"/>
    <testCase name="handleToggle should not throw an error and change values to &apos;false&apos; when selected values when selected value is null" duration="7"/>
    <testCase name="handleToggle should not throw an error and change values to &apos;false&apos; when selected values does not have a text property" duration="10"/>
    <testCase name="handleToggle should not throw an error and change values to &apos;false&apos; when selected values when selected value has a null text property" duration="14"/>
    <testCase name="handleChange should update query object with selected filter and reset page to 1" duration="46"/>
    <testCase name="handleChange should set status_In property of query object to null when activeType is &quot;all&quot;" duration="3"/>
    <testCase name="handleChange should update query object when activeType is not a valid string" duration="7"/>
    <testCase name="handleChange should update query object when category is not a valid string" duration="5"/>
    <testCase name="handleRefresh should call getProducts and prodStatRefetch with updated query when category is AllProducts" duration="18"/>
    <testCase name="handleRefresh should call getRequests and requestRefetch with updated query when category is Requests" duration="4"/>
    <testCase name="handleRefresh should call getRequests and RequestRefetch when category is undefined" duration="3"/>
    <testCase name="handleRefresh should call getProducts and getStatRefresh when StatusCategory type === &apos;all products&apos; " duration="5"/>
    <testCase name="handleSearch Should call setQuery with the provided values" duration="3"/>
    <testCase name="IndexComponent handles search input change and sets search state" duration="572"/>
    <testCase name="IndexComponent handles search and calls appropriate functions" duration="228"/>
    <testCase name="handleRequestStatus should set request data to an empty array when query page is 1" duration="4"/>
    <testCase name="handleRequestStatus should map over request results and add request status and type names to each item in request data" duration="4"/>
    <testCase name="handleRequestStatus should concatenate new request data to previous request data using setRequestData" duration="2"/>
    <testCase name="handleRequestStatus should not set request data to an empty array when query page is not 1" duration="9"/>
    <testCase name="handleRequestStatus should not add request status and type names when request results is empty" duration="3"/>
    <testCase name="handleRequestStatus should not concatenate new request data when request results is empty" duration="2"/>
    <testCase name="handleProductStatus should set product data to an empty array when query page is 1" duration="2"/>
    <testCase name="handleProductStatus should concatenate fetched data results to previous product data, mapping each result to include state and productType properties" duration="3"/>
    <testCase name="handleProductStatus should set hasMore to true if there is a next page in the fetched data" duration="3"/>
    <testCase name="handleProductStatus should not modify product data when query page is not 1" duration="3"/>
    <testCase name="handleProductStatus should not modify product data when data fetch is not successful" duration="3"/>
    <testCase name="handleProductStatus should not modify product data when fetched data results are empty" duration="3"/>
  </file>
  <file path="/Users/work/Documents/retailcore-mfe-investment-management/src/__tests__/components/summary/Actions.test.tsx">
    <testCase name="Actions should renderWithProviders a div element with specific class and styling" duration="49"/>
    <testCase name="Actions should call the corresponding functions when Cancel, Modify, or Submit buttons are clicked" duration="34"/>
    <testCase name="Actions should call the corresponding functions when Print, Share, or Return to dashboard buttons are clicked" duration="20"/>
    <testCase name="Actions should set the confirm text to &quot;Product creation approve&quot; when sub_type is not provided and action is &quot;approve&quot;" duration="12"/>
    <testCase name="Actions should set the confirm text to &quot;Product creation reject&quot; when sub_type is not provided and action is &quot;reject&quot;" duration="15"/>
    <testCase name="Actions should set the confirm text to &quot;Product activation approve&quot; when sub_type is &quot;activation&quot; and action is &quot;approve&quot;" duration="13"/>
    <testCase name="Actions Should call initiate verdict" duration="96"/>
    <testCase name="handleConfirm should call approveProduct when action is &quot;approve&quot;" duration="8"/>
    <testCase name="handleConfirm should approve investment for individual" duration="3"/>
    <testCase name="handleConfirm should approve cancel for individual" duration="12"/>
    <testCase name="handleConfirm should set setRejection to true when action is &quot;reject&quot;" duration="3"/>
    <testCase name="handleConfirm should navigate to &quot;/product-factory/investment?category=requests&quot; when action is &quot;cancel&quot;" duration="3"/>
    <testCase name="handleConfirm should do nothing when &quot;action&quot; parameter is not provided" duration="5"/>
    <testCase name="handleMessages should set success text and open success modal when rejectSuccess is true" duration="4"/>
    <testCase name="handleMessages should set success text and open success modal when approveSuccess is true" duration="3"/>
    <testCase name="handleMessages should not set any text or open any modal when rejectSuccess and approveSuccess are both false" duration="3"/>
    <testCase name="handleMessages should not set any text or open any modal when rejectError and approveError are both null" duration="8"/>
    <testCase name="handleMessages should set failed text and subtext when rejectError and approveError are both defined" duration="4"/>
    <testCase name="handleMessages should set failed text and subtext when rejectError is defined and approveError is null" duration="3"/>
    <testCase name="handleMessages Should handle investmentRejectSuccess" duration="9"/>
    <testCase name="handleMessages Should handle investmentApproveSuccess" duration="2"/>
    <testCase name="handleMessages Should handle investmentApproveIsError" duration="2"/>
    <testCase name="handleMessages Should handle investmentRejectIsError" duration="3"/>
    <testCase name="handlePermissionType should return &quot;BOOK_INVESTMENT&quot; when type is &quot;individual&quot; and process_type is &quot;booking&quot;" duration="2"/>
    <testCase name="handlePermissionType should return &quot;LIQUIDATE_INVESTMENT&quot; when type is &quot;individual&quot; and process_type is not &quot;booking&quot;" duration="2"/>
    <testCase name="handlePermissionType should return &quot;CREATE_INVESTMENT_PRODUCT&quot; when type is &quot;investment&quot;" duration="3"/>
    <testCase name="handlePermissionType should return undefined when type is not &quot;individual&quot; or &quot;investment&quot;" duration="2"/>
  </file>
  <file path="/Users/work/Documents/retailcore-mfe-investment-management/src/__tests__/pages/investment/term-deposit/create-term-deposit/Summary.test.tsx">
    <testCase name="Container should render a div element with the correct class" duration="52"/>
    <testCase name="Container should render the children passed to it" duration="7"/>
    <testCase name="Container should render without any children" duration="16"/>
    <testCase name="Container should render without any children" duration="18"/>
    <testCase name="Container should render without any children" duration="6"/>
    <testCase name="Summary should render the component without crashing" duration="274"/>
    <testCase name="Summary should display the correct title and breadcrumbs" duration="148"/>
  </file>
  <file path="/Users/work/Documents/retailcore-mfe-investment-management/src/__tests__/components/Pages/management/Individual/index.test.tsx">
    <testCase name="IndexComponent Renders without error" duration="500"/>
    <testCase name="handleToggle should set isChecker to true and hideCreate to true when selected option includes &quot;approved&quot;" duration="16"/>
    <testCase name="handleToggle should set isChecker to true and hideCreate to true when selected option includes &quot;sent&quot;" duration="4"/>
    <testCase name="handleToggle should set isChecker to false and hideCreate to false when selected option does not include &quot;approved&quot; or &quot;sent&quot;" duration="4"/>
    <testCase name="handleToggle should not throw an error and change values to &apos;false&apos; when selected values when selected value is null" duration="3"/>
    <testCase name="handleToggle should not throw an error and change values to &apos;false&apos; when selected values does not have a text property" duration="3"/>
    <testCase name="handleToggle should not throw an error and change values to &apos;false&apos; when selected values when selected value has a null text property" duration="5"/>
    <testCase name="handleChange should update query object with selected filter and reset page to 1" duration="3"/>
    <testCase name="handleChange should set status_In property of query object to null when activeType is &quot;all&quot;" duration="14"/>
    <testCase name="handleChange should update query object when activeType is not a valid string" duration="10"/>
    <testCase name="handleChange should update query object when category is not a valid string" duration="3"/>
    <testCase name="handleRefresh should call getProducts and prodStatRefetch with updated query when category is Investments" duration="3"/>
    <testCase name="handleRefresh should call getRequests and requestRefetch with updated query when category is Requests" duration="6"/>
    <testCase name="handleRefresh should call getRequests and RequestRefetch when category is undefined" duration="3"/>
    <testCase name="handleSearch Should call setQuery with the provided values" duration="2"/>
    <testCase name="handleProductStatus should set product data to an empty array when query page is 1" duration="11"/>
    <testCase name="handleProductStatus should concatenate fetched data results to previous product data, mapping each result to include state and productType properties" duration="3"/>
    <testCase name="handleProductStatus should set hasMore to true if there is a next page in the fetched data" duration="3"/>
    <testCase name="handleProductStatus should not modify product data when query page is not 1" duration="13"/>
    <testCase name="handleProductStatus should not modify product data when data fetch is not successful" duration="3"/>
    <testCase name="handleProductStatus should not modify product data when fetched data results are empty" duration="4"/>
  </file>
  <file path="/Users/work/Documents/retailcore-mfe-investment-management/src/__tests__/App.test.tsx">
    <testCase name="Test App Component If App is rendered wihout issues" duration="32"/>
  </file>
  <file path="/Users/work/Documents/retailcore-mfe-investment-management/src/__tests__/components/forms/MinMaxInput.test.tsx">
    <testCase name="MinMaxInput should render an input field with default value and placeholder" duration="38"/>
    <testCase name="MinMaxInput should allow user input and trigger change event" duration="15"/>
    <testCase name="MinMaxInput should clear errors when input value changes" duration="7"/>
    <testCase name="MinMaxInput should display red border when there is an error" duration="8"/>
    <testCase name="MinMaxInput should not display red border when there is no error" duration="7"/>
    <testCase name="MinMaxInput should display default placeholder if not provided" duration="7"/>
    <testCase name="MinMaxInput renders without errors" duration="29"/>
    <testCase name="MinMaxInput handles value change" duration="16"/>
  </file>
  <file path="/Users/work/Documents/retailcore-mfe-investment-management/src/__tests__/components/Pages/term-deposit/forms/accounting-entries-and-events.test.tsx">
    <testCase name="AccountingEntriesAndEvents Renders without error" duration="279"/>
    <testCase name="AccountingEntriesAndEvents Should change gli inputs value" duration="68"/>
    <testCase name="handleClear should set clearFields state to true when handleClear is called" duration="5"/>
    <testCase name="handleClear should set mapOptions state to an empty array when handleClear is called" duration="4"/>
    <testCase name="handleClear should call reset function when handleClear is called" duration="4"/>
    <testCase name="handleClear should set clearFields state to false when handleClear is called and clearFields state is already true" duration="3"/>
    <testCase name="handleClear should not call setMapOptions function when handleClear is called and mapOptions state is already an empty array" duration="3"/>
    <testCase name="onProceed should call the &quot;proceed&quot; function" duration="6"/>
    <testCase name="onProceed should throw an error when &quot;proceed&quot; is not a function" duration="10"/>
    <testCase name="onProceed should throw an error when &quot;proceed&quot; function throws an error" duration="4"/>
    <testCase name="onProceed should call the &quot;proceed&quot; function each time &quot;onProceed&quot; is called" duration="4"/>
    <testCase name="handleClick should update GlInput value when clicking on a valid submenu" duration="3"/>
    <testCase name="handleClick should add a new object to mapOptions array when clicking on a valid submenu" duration="5"/>
    <testCase name="handleClick should update corresponding object in mapOptions array when clicking on a submenu that is already mapped" duration="7"/>
    <testCase name="handleClick should not update GlInput value when clicking on an invalid submenu" duration="3"/>
    <testCase name="handleClick should not add a new object to mapOptions array when clicking on an invalid submenu" duration="4"/>
  </file>
  <file path="/Users/work/Documents/retailcore-mfe-investment-management/src/__tests__/components/CreateButton.test.tsx">
    <testCase name="closeButton should set isOpen state to false" duration="13"/>
    <testCase name="closeButton should set secondActive, thirdActive, and fourthActive states to empty strings" duration="5"/>
    <testCase name="closeButton should not return any value" duration="6"/>
    <testCase name="closeButton should require function parameters" duration="28"/>
    <testCase name="closeButton should not throw any errors" duration="4"/>
    <testCase name="goToUrl should navigate to the provided URL" duration="3"/>
    <testCase name="goToUrl should throw an error when url is null" duration="3"/>
    <testCase name="goToUrl should throw an error when navigate function is not a function" duration="18"/>
    <testCase name="goToUrl should handle relative URLs" duration="3"/>
    <testCase name="CreateButton should render the component without crashing" duration="64"/>
    <testCase name="CreateButton should open the dropdown menu when the button is clicked" duration="19"/>
    <testCase name="CreateButton should open the dropdown children" duration="118"/>
    <testCase name="CreateButton should close the dropdown menu when clicked outside" duration="129"/>
  </file>
  <file path="/Users/work/Documents/retailcore-mfe-investment-management/src/__tests__/pages/management/book-investment/FormComponent.test.tsx">
    <testCase name="code snippet should render the customer information form when step is 1" duration="309"/>
    <testCase name="code snippet should render the customer information form when step is 2" duration="33"/>
    <testCase name="code snippet should allow the user to input customer information" duration="297"/>
    <testCase name="code snippet should handle invalid input data correctly" duration="174"/>
  </file>
  <file path="/Users/work/Documents/retailcore-mfe-investment-management/src/__tests__/forms/FormDate.test.tsx">
    <testCase name="FormDate component should update date on date change" duration="88"/>
    <testCase name="FormDate component should display error message when there is an error" duration="16"/>
  </file>
  <file path="/Users/work/Documents/retailcore-mfe-investment-management/src/__tests__/components/forms/MultiSelect.test.tsx">
    <testCase name="MultiSelect renders without crashing" duration="40"/>
    <testCase name="MultiSelect opens and closes dropdown when clicked" duration="43"/>
    <testCase name="MultiSelect should toggle dropdown when button is clicked" duration="69"/>
    <testCase name="MultiSelect should select/deselect option when checkbox is clicked" duration="41"/>
    <testCase name="MultiSelect should render correctly with an empty options array" duration="35"/>
    <testCase name="MultiSelect should check select all" duration="30"/>
    <testCase name="MultiSelect should update checkbox state when props change" duration="21"/>
    <testCase name="closeDropdown should set isOpen state to false when setIsOpen is called with false" duration="4"/>
    <testCase name="closeDropdown should handle setIsOpen being called with a boolean value" duration="4"/>
    <testCase name="handleChange should add a new option to selectedOptions array when it does not exist" duration="3"/>
    <testCase name="handleChange should remove an option from selectedOptions array when it already exists" duration="3"/>
    <testCase name="handleChange should call setSelectedOptions with the same array when an option is already selected" duration="3"/>
  </file>
  <file path="/Users/work/Documents/retailcore-mfe-investment-management/src/__tests__/components/Pages/management/manage-investment/TableComponent.test.tsx">
    <testCase name="handleDropdown should return an array of options based on the status, isChecker, locked, and permissions parameters" duration="15"/>
    <testCase name="handleDropdown should filter out &quot;deactivate&quot; and &quot;activate&quot; options if user does not have &quot;CREATE_PRODUCT&quot; permission" duration="4"/>
    <testCase name="handleDropdown should filter out &quot;modify&quot; option if user does not have &quot;CREATE_PRODUCT&quot; permission and is not a checker" duration="3"/>
    <testCase name="handleDropdown should return an array with only &quot;view&quot; option if locked parameter is true and &quot;view&quot; option exists" duration="14"/>
    <testCase name="handleDropdown should return an empty array if locked parameter is true and &quot;view&quot; option does not exist" duration="3"/>
    <testCase name="handleDropdown should return an array with only &quot;view&quot; option if isChecker parameter is true and &quot;view&quot; option exists" duration="136"/>
    <testCase name="handleHeaders should filter out &apos;created_by&apos; when isChecker is true" duration="3"/>
    <testCase name="handleHeaders should filter out &apos;approved_By&apos; when isChecker is false" duration="5"/>
    <testCase name="handleDownload should generate CSV for requests category" duration="7"/>
    <testCase name="handleDownload should generate CSV for product category" duration="3"/>
    <testCase name="handleDownload should not generate CSV if downloadData is empty" duration="3"/>
    <testCase name="initiateDownload should download all products when category is &quot;all products&quot;" duration="38"/>
    <testCase name="initiateDownload should download all requests when category is &quot;requests&quot;" duration="15"/>
    <testCase name="initiateDownload should include selected filter value in download query" duration="2"/>
    <testCase name="initiateDownload should not include filter value in download query when no selected filter value is provided" duration="2"/>
    <testCase name="initiateDownload should not call download functions when category is not &quot;all products&quot; or &quot;requests&quot;" duration="3"/>
    <testCase name="initiateDownload should call download functions with empty query object" duration="3"/>
    <testCase name="getSearchResult should call setSearchResults with an empty array when value is empty" duration="9"/>
    <testCase name="getSearchResult should call getRequests with the correct parameters when category is Requests" duration="19"/>
    <testCase name="getSearchResult should call setSearchResults with an empty array when value is null" duration="3"/>
    <testCase name="getSearchResult should not call setSearchResults when category is not a valid StatusCategoryType" duration="2"/>
    <testCase name="getSearchResult should call setSearchResults with an empty array when getProducts/getRequests returns an error" duration="10"/>
    <testCase name="getSearchResult should call getProducts/getRequests with the correct parameters when value is a string with special characters" duration="2"/>
    <testCase name="getSearchResult should call setSearchResults with an empty array when value is a string with only spaces" duration="3"/>
  </file>
  <file path="/Users/work/Documents/retailcore-mfe-investment-management/src/__tests__/components/Dropdown.test.tsx">
    <testCase name="Dropdown renders without crashing" duration="46"/>
    <testCase name="Dropdown matches snapshot" duration="35"/>
    <testCase name="Dropdown selects the right icon" duration="18"/>
    <testCase name="Dropdown renders right icon when button is clicked" duration="121"/>
    <testCase name="Dropdown applies active class to the selected option" duration="82"/>
    <testCase name="handleIcons should return the correct React component for each input value" duration="8"/>
    <testCase name="handleIcons should handle all valid input values" duration="7"/>
    <testCase name="TestDrop should render a button with children passed as props" duration="17"/>
    <testCase name="TestDrop should render a dropdown menu on button click" duration="47"/>
    <testCase name="TestDrop should render menu items based on options passed as props" duration="71"/>
    <testCase name="TestDrop should not render dropdown menu when trigger button is not clicked" duration="10"/>
    <testCase name="TestDrop should not render menu items when options prop is not passed" duration="47"/>
  </file>
  <file path="/Users/work/Documents/retailcore-mfe-investment-management/src/__tests__/forms/DateSelect.test.tsx">
    <testCase name="DateSelect renders without errors" duration="149"/>
    <testCase name="DateSelect Shows datePicker on button click" duration="501"/>
    <testCase name="closeDropdown should set isOpen state to false when called with setIsOpen function" duration="5"/>
    <testCase name="closeDropdown should not throw an error when called with setIsOpen function" duration="39"/>
    <testCase name="closeDropdown should not modify any other state or props" duration="4"/>
    <testCase name="handleClick should set the duration to the value of the clicked item" duration="10"/>
    <testCase name="handleClick should set both start and end dates to null when duration is falsy" duration="4"/>
    <testCase name="handleClick should handle gracefully if the item value is not a number" duration="24"/>
    <testCase name="onChange should set start and end date in state object when given an array of dates" duration="4"/>
    <testCase name="onChange should handle null values for start and end dates" duration="4"/>
    <testCase name="onChange should update the state object with new start and end dates" duration="12"/>
    <testCase name="onChange should handle invalid input types" duration="7"/>
    <testCase name="onChange should handle invalid input values" duration="2"/>
    <testCase name="onChange should handle unexpected input formats" duration="18"/>
    <testCase name="closeDropdown should set isOpen state to false when called with setIsOpen function" duration="4"/>
    <testCase name="closeDropdown should not have any side effects other than setting isOpen state to false" duration="3"/>
  </file>
  <file path="/Users/work/Documents/retailcore-mfe-investment-management/src/__tests__/components/TopBar.test.tsx">
    <testCase name="Tabs should renderWithProviders a list of tabs with titles and urls" duration="259"/>
    <testCase name="should set active tab and update search term" duration="68"/>
    <testCase name="renderWithProviderss TopBar component" duration="31"/>
    <testCase name="getSearchResult should call getProducts with correct parameters and set search results" duration="5"/>
    <testCase name="getSearchResult should set search results to empty array when given empty string value" duration="71"/>
    <testCase name="Tabs should renderWithProviders tabs with correct titles and styles" duration="35"/>
    <testCase name="Tabs should update active tab and navigate to correct URL when a tab is clicked" duration="19"/>
    <testCase name="TopBar should renderWithProviders the top bar component without errors" duration="26"/>
    <testCase name="TopBar should display the Product Factory title" duration="16"/>
    <testCase name="TopBar should display the Create new product button" duration="18"/>
    <testCase name="TopBar should disable the Create new product button when permissions are not provided" duration="18"/>
  </file>
  <file path="/Users/work/Documents/retailcore-mfe-investment-management/src/__tests__/ProductDetail.test.tsx">
    <testCase name="ProductDetail Renders without crashing when values prev details and detail are the same" duration="300"/>
    <testCase name="ProductDetail Renders when values are different" duration="94"/>
    <testCase name="ProductDetail should render data rows correctly" duration="12"/>
    <testCase name="ProductDetail should handle no previous data available" duration="38"/>
    <testCase name="DebitCreditable should render product details correctly" duration="49"/>
    <testCase name="DebitCreditable should display an empty table when dataTab prop is an empty array" duration="12"/>
    <testCase name="DebitCreditable should display the correct S|N value for each row" duration="10"/>
  </file>
  <file path="/Users/work/Documents/retailcore-mfe-investment-management/src/__tests__/Sterling-investment.tsx">
    <testCase name="microfrontend bootstraps the app" duration="13"/>
    <testCase name="microfrontend mounts and unmounts" duration="42"/>
  </file>
  <file path="/Users/work/Documents/retailcore-mfe-investment-management/src/__tests__/MiniTermDepositDetail.test.tsx">
    <testCase name="MiniTermDepositDetail renders without error" duration="37"/>
    <testCase name="MiniTermDepositDetail Indicates new data" duration="10"/>
  </file>
  <file path="/Users/work/Documents/retailcore-mfe-investment-management/src/__tests__/modals/SelectRequirements.test.tsx">
    <testCase name="SelectRequirements should render the modal layout with the given header and subtext" duration="163"/>
    <testCase name="SelectRequirements should render the children components passed to it" duration="44"/>
    <testCase name="SelectRequirements should render the select button when hideBtn is false" duration="51"/>
    <testCase name="SelectRequirements should render the modal layout without subtext" duration="40"/>
    <testCase name="SelectRequirements should render the modal layout without children components" duration="43"/>
    <testCase name="SelectRequirements should render the modal layout without a cancel button" duration="33"/>
  </file>
  <file path="/Users/work/Documents/retailcore-mfe-investment-management/src/__tests__/modals/Rejection.test.tsx">
    <testCase name="handleSuccess should set options for ProductSearch component when userIsSuccess is true and branchMembersData is not null or undefined" duration="13"/>
    <testCase name="handleSuccess should not call setUsers when userIsSuccess is false" duration="4"/>
    <testCase name="handleSuccess should call setUsers with an empty array when branchMembersData is an empty array" duration="5"/>
    <testCase name="Rejection should render the Rejection modal with the correct UI and props" duration="477"/>
    <testCase name="Rejection should display the correct title and labels for the form inputs" duration="104"/>
  </file>
  <file path="/Users/work/Documents/retailcore-mfe-investment-management/src/__tests__/customer-eligibility-criteria.test.tsx">
    <testCase name="ProductInformation Renders without error" duration="284"/>
    <testCase name="handleCheckedRequirements should add document to toggled requirements when it is not already in the list" duration="4"/>
    <testCase name="handleCheckedRequirements should remove document from toggled requirements when it is already in the list" duration="4"/>
    <testCase name="handleSelectAllChange should set toggledRequirements to an empty array and set selectAll to false when selectAll is true" duration="4"/>
    <testCase name="handleSelectAllChange should set toggledRequirements to all documents and set selectAll to true when selectAll is false" duration="12"/>
    <testCase name="requirementDeleteHandler should filter out the item to delete from the selected requirements array" duration="3"/>
    <testCase name="requirementDeleteHandler should update the state with the new array" duration="3"/>
  </file>
  <file path="/Users/work/Documents/retailcore-mfe-investment-management/src/__tests__/components/investment/dashboard/TableComponent.test.tsx">
    <testCase name="handleDropdown should return an array of options based on the status, isChecker, locked, and permissions parameters" duration="52"/>
    <testCase name="handleDropdown should filter out &quot;deactivate&quot; and &quot;activate&quot; options if user does not have &quot;CREATE_PRODUCT&quot; permission" duration="47"/>
    <testCase name="handleDropdown should filter out &quot;modify&quot; option if user does not have &quot;CREATE_PRODUCT&quot; permission and is not a checker" duration="4"/>
    <testCase name="handleDropdown should return an array with only &quot;view&quot; option if locked parameter is true and &quot;view&quot; option exists" duration="22"/>
    <testCase name="handleDropdown should return an empty array if locked parameter is true and &quot;view&quot; option does not exist" duration="3"/>
    <testCase name="handleDropdown should return an array with only &quot;view&quot; option if isChecker parameter is true and &quot;view&quot; option exists" duration="3"/>
    <testCase name="handleHeaders should filter out &apos;created_by&apos; when isChecker is true" duration="3"/>
    <testCase name="handleHeaders should filter out &apos;approved_By&apos; when isChecker is false" duration="2"/>
    <testCase name="handleDownload should generate CSV for requests category" duration="12"/>
    <testCase name="handleDownload should generate CSV for product category" duration="3"/>
    <testCase name="handleDownload should not generate CSV if downloadData is empty" duration="3"/>
    <testCase name="initiateDownload should download all products when category is &quot;all products&quot;" duration="3"/>
    <testCase name="initiateDownload should download all requests when category is &quot;requests&quot;" duration="3"/>
    <testCase name="initiateDownload should include selected filter value in download query" duration="3"/>
    <testCase name="initiateDownload should not include filter value in download query when no selected filter value is provided" duration="2"/>
    <testCase name="initiateDownload should not call download functions when category is not &quot;all products&quot; or &quot;requests&quot;" duration="2"/>
    <testCase name="initiateDownload should call download functions with empty query object" duration="3"/>
    <testCase name="initiateDownload should set page size to 1000000 in download query" duration="3"/>
    <testCase name="getSearchResult should call setSearchResults with an empty array when value is empty" duration="3"/>
    <testCase name="getSearchResult should call getProducts with the correct parameters when category is AllProducts" duration="4"/>
    <testCase name="getSearchResult should call getRequests with the correct parameters when category is Requests" duration="3"/>
    <testCase name="getSearchResult should call setSearchResults with an empty array when value is null" duration="13"/>
    <testCase name="getSearchResult should not call setSearchResults when category is not a valid StatusCategoryType" duration="2"/>
    <testCase name="getSearchResult should call getProducts/getRequests with filter_by as undefined when selected is null" duration="2"/>
    <testCase name="getSearchResult should call setSearchResults with an empty array when getProducts/getRequests returns an error" duration="3"/>
    <testCase name="getSearchResult should call getProducts/getRequests with the correct parameters when value is a string with special characters" duration="3"/>
    <testCase name="getSearchResult should call setSearchResults with an empty array when value is a string with only spaces" duration="3"/>
  </file>
  <file path="/Users/work/Documents/retailcore-mfe-investment-management/src/__tests__/forms/CustomComboSelect.test.tsx">
    <testCase name="CustomComboSelect sets the input value when an option is selected" duration="352"/>
    <testCase name="CustomComboSelect handles default value correctly" duration="29"/>
    <testCase name="CustomComboSelect renders &quot;No data&quot; when there are no options" duration="37"/>
    <testCase name="CustomComboSelect Renders without errors" duration="12"/>
    <testCase name="handleDefault should set the selected item to the corresponding value in options when defaultValue matches an item name in options" duration="4"/>
    <testCase name="handleDefault should handle case sensitivity when matching defaultValue to item names in options" duration="3"/>
    <testCase name="classNames should return an empty string when no arguments are passed" duration="3"/>
    <testCase name="classNames should return a single class name when only one argument is passed" duration="21"/>
    <testCase name="classNames should return a concatenated string of class names when multiple arguments are passed" duration="3"/>
    <testCase name="classNames should handle very long class names and a large number of arguments without crashing" duration="3"/>
    <testCase name="classNames should handle special characters and unicode characters in class names" duration="3"/>
  </file>
  <file path="/Users/work/Documents/retailcore-mfe-investment-management/src/__tests__/forms/Checkbox.test.tsx">
    <testCase name="Checkbox renders without crashing" duration="31"/>
    <testCase name="Checkbox matches snapshot" duration="17"/>
    <testCase name="Checkbox displays the label" duration="13"/>
    <testCase name="Checkbox initially renders unchecked" duration="16"/>
    <testCase name="Checkbox renders checked when checked prop is true" duration="7"/>
    <testCase name="Checkbox calls onChange when clicked" duration="15"/>
    <testCase name="Checkbox should not call onChange if not provided when handleChange is invoked" duration="8"/>
  </file>
  <file path="/Users/work/Documents/retailcore-mfe-investment-management/src/__tests__/components/Button.test.tsx">
    <testCase name="Button renders without crashing" duration="38"/>
    <testCase name="Button renders children" duration="14"/>
    <testCase name="Button applies custom className" duration="14"/>
    <testCase name="Button can show loader" duration="18"/>
    <testCase name="Button can hide loader" duration="5"/>
    <testCase name="Button can render button elements" duration="8"/>
    <testCase name="Button calls onClick handler" duration="9"/>
  </file>
  <file path="/Users/work/Documents/retailcore-mfe-investment-management/src/__tests__/utils/handleColorState.test.tsx">
    <testCase name="handleColorState should return the correct color state for the value &quot;approved&quot;" duration="31"/>
    <testCase name="handleColorState should return the correct color state for the value &quot;A&quot;" duration="4"/>
    <testCase name="handleColorState should return the correct color state for the value &quot;in-review&quot;" duration="4"/>
    <testCase name="handleColorState should return the correct color state for the value &quot;P&quot;" duration="4"/>
    <testCase name="handleColorState should return the correct color state for the value &quot;in-issue&quot;" duration="3"/>
    <testCase name="handleColorState should return the correct color state for the value &quot;R&quot;" duration="3"/>
    <testCase name="handleColorState should return the correct color state for the value &quot;draft&quot;" duration="3"/>
    <testCase name="handleColorState should return the correct color state for the value &quot;D&quot;" duration="10"/>
    <testCase name="handleColorState should return the correct color state for the value &quot;I&quot;" duration="4"/>
  </file>
  <file path="/Users/work/Documents/retailcore-mfe-investment-management/src/__tests__/components/Loader.test.tsx">
    <testCase name="Breadcrumbs renders without crashing" duration="34"/>
    <testCase name="Breadcrumbs matches snapshot" duration="14"/>
    <testCase name="Loader should render Loader component when isOpen is true" duration="118"/>
    <testCase name="Loader should not render Loader component when isOpen is false" duration="6"/>
    <testCase name="Loader should not throw an error when setIsOpen is not provided" duration="33"/>
    <testCase name="Loader should spin the AiOutlineLoading icon when Loader component is rendered" duration="50"/>
    <testCase name="Loader should display the text prop in the Loader component" duration="44"/>
  </file>
  <file path="/Users/work/Documents/retailcore-mfe-investment-management/src/__tests__/components/StatusCard.test.tsx">
    <testCase name="StatusCard Renders without error" duration="274"/>
    <testCase name="StatusButton Renders without error" duration="10"/>
    <testCase name="StatusButton Shows spinner while loading" duration="8"/>
    <testCase name="sortOptions Sorts and returns expected options in &apos;all products&apos; category" duration="5"/>
    <testCase name="sortOptions Sorts and returns expected options in &apos;requests&apos; category" duration="3"/>
    <testCase name="StatusCategoryButton should handle button click and apply styles" duration="10"/>
    <testCase name="handleActiveType Sets status to &quot;&quot; when activeType === all " duration="3"/>
    <testCase name="handleActiveType Sets status according to various activeTypes" duration="5"/>
    <testCase name="filterDefaultOptions should return an array of objects filtered from" duration="20"/>
    <testCase name="filterDefaultOptions should not contain objects withroperty equal  or" duration="2"/>
    <testCase name="filterDefaultOptions should contain objects withroperty equal  or only" duration="3"/>
    <testCase name="filterDefaultOptions should contain objects withroperty equal  only" duration="6"/>
    <testCase name="filterDefaultOptions should contain objects withroperty equal to only" duration="3"/>
    <testCase name="StatusButton should render button element with correct type and styling" duration="7"/>
    <testCase name="StatusButton should display correct count when isLoading is false" duration="6"/>
    <testCase name="StatusButton should display spinner when isLoading is true" duration="12"/>
    <testCase name="StatusButton should render button element with correct type and styling when count returns undefined" duration="12"/>
    <testCase name="StatusButton should render button element with correct type and styling when count returns null" duration="16"/>
    <testCase name="StatusButton should render button element with correct type and styling when analyticsData is undefined" duration="6"/>
    <testCase name="StatusButton should render button element with correct type and styling" duration="5"/>
    <testCase name="StatusButton should display correct count based on provided analytics data" duration="5"/>
    <testCase name="StatusButton should display spinner animation when isLoading is true" duration="8"/>
    <testCase name="StatusButton should handle missing or invalid item prop" duration="10"/>
    <testCase name="StatusButton should handle missing or invalid analyticsData prop" duration="12"/>
    <testCase name="StatusButton should handle missing or invalid setActiveType prop" duration="5"/>
    <testCase name="count should return the correct count for each status type" duration="6"/>
    <testCase name="count should return 0 when the input item type is not recognized" duration="2"/>
    <testCase name="count should return 0 when the analyticsData is null" duration="27"/>
    <testCase name="count should return 0 when the analyticsData is undefined" duration="3"/>
    <testCase name="count should return 0 when the input item type is null" duration="3"/>
    <testCase name="count should return 0 when the input item type is undefined" duration="3"/>
    <testCase name="count should return 0 when the input item type is an empty string" duration="2"/>
    <testCase name="handleClick should set the category state to the selected item type" duration="3"/>
    <testCase name="handleClick should set the selected state to the first item of ProductOptions if category is AllProducts" duration="2"/>
    <testCase name="handleClick should set the selected state to the first item of RequestOptions if category is not AllProducts" duration="3"/>
    <testCase name="handlePermission should handle permission for all investment product and request options" duration="2"/>
    <testCase name="handlePermission should handle permission for individual investment product and request options" duration="2"/>
    <testCase name="handlePermission should handle permission for viewing all investment product records" duration="2"/>
    <testCase name="handlePermission should handle permission for viewing all investment product requests" duration="2"/>
    <testCase name="handlePermission should handle permission for creating investment products" duration="3"/>
  </file>
  <file path="/Users/work/Documents/retailcore-mfe-investment-management/src/__tests__/modals/BookingDetail.test.tsx">
    <testCase name="code snippet should render" duration="850"/>
    <testCase name="BookingDetailLayout should render the product name and investment status" duration="55"/>
    <testCase name="BookingDetailLayout should display customer name and account number" duration="62"/>
    <testCase name="BookingDetailLayout should show investment ID and principal" duration="73"/>
    <testCase name="BookingDetailLayout should display &quot;-&quot; when product name is not available" duration="52"/>
    <testCase name="BookingDetailLayout should display &quot;-&quot; when investment ID is not available" duration="37"/>
    <testCase name="BookingDetailLayout should display &quot;-&quot; when principal is not available" duration="57"/>
  </file>
  <file path="/Users/work/Documents/retailcore-mfe-investment-management/src/__tests__/forms/InfoLabel.test.tsx">
    <testCase name="InfoLabel Renders without errors" duration="49"/>
  </file>
  <file path="/Users/work/Documents/retailcore-mfe-investment-management/src/__tests__/components/Pages/management/book-investment/FacilityDetails.test.tsx">
    <testCase name="handleProductDetails should set the minimum tenor value when productDetail is not null and pricingConfiguration is not null" duration="13"/>
    <testCase name="handleProductDetails Should set values if interestRangeConfigModel is 0" duration="5"/>
    <testCase name="handleProductDetails Should set values if interestRangeConfigModel is 1" duration="11"/>
    <testCase name="handleProductDetails should set the maximum tenor value when productDetail is not null and pricingConfiguration is not null" duration="4"/>
    <testCase name="handleProductDetails should set the minimum principal value when productDetail is not null and pricingConfiguration is not null" duration="3"/>
    <testCase name="handleProductDetails should not set any values when productDetail is null" duration="3"/>
    <testCase name="handleSearch should set investmentProductId and investmentProductName when data is provided" duration="4"/>
    <testCase name="handleSearch should trigger investmentProductId validation" duration="3"/>
    <testCase name="handleSearch should update formData with new investmentProductId value" duration="3"/>
    <testCase name="handleSearch should handle undefined or null data parameter" duration="4"/>
    <testCase name="handleSearch should handle undefined or null value parameter" duration="3"/>
    <testCase name="handleInterestRateValues should set intMin and intMax based on principal value when productDetail has interestRateRangeType of 0" duration="4"/>
    <testCase name="handleInterestRateValues should set intMin and intMax based on tenor value when productDetail has interestRateRangeType of 1" duration="14"/>
    <testCase name="handleInterestRateValues should set intMin and intMax based on interestRateMin and interestRateMax values when productDetail has interestRateRangeType of 2" duration="3"/>
    <testCase name="handleInterestRateValues should do nothing when productDetail is undefined" duration="18"/>
    <testCase name="handleInterestRateValues should do nothing when productDetail has no pricingConfiguration" duration="2"/>
    <testCase name="handleInterestRateValues should do nothing when productDetail has pricingConfiguration but no interestRateConfigModels" duration="2"/>
    <testCase name="FacilityDetails should render" duration="217"/>
  </file>
  <file path="/Users/work/Documents/retailcore-mfe-investment-management/src/__tests__/forms/ComboSelect.test.tsx">
    <testCase name="ComboSelect renders without crashing" duration="43"/>
    <testCase name="ComboSelect matches snapshot" duration="16"/>
    <testCase name="ComboSelect should open the dropdown when the button is clicked" duration="58"/>
    <testCase name="ComboSelect should update selected options when all products and their members are selected" duration="29"/>
    <testCase name="ComboSelect should update selected options when a product and its members are deselected" duration="26"/>
    <testCase name="ComboSelect should update selected options when all products and their members are deselected" duration="67"/>
    <testCase name="ComboSelect should filter the options correctly when searching for a product" duration="31"/>
    <testCase name="ComboSelect should update selected options when a product and its members are selected" duration="29"/>
    <testCase name="closeDropdown should set isOpen state to false when called with setIsOpen(false)" duration="8"/>
    <testCase name="closeDropdown should not throw an error when called with setIsOpen(undefined)" duration="4"/>
    <testCase name="closeDropdown should not throw an error when called with setIsOpen(null)" duration="3"/>
    <testCase name="closeDropdown should not throw an error when called with setIsOpen(0)" duration="8"/>
    <testCase name="closeDropdown should not throw an error when called with setIsOpen(&quot;&quot;)" duration="3"/>
    <testCase name="closeDropdown should not throw an error when called with setIsOpen({})" duration="3"/>
    <testCase name="handleChange should add a new product to selOptions if it doesnt exist" duration="3"/>
    <testCase name="handleChange should remove a product from selOptions if it already exists" duration="2"/>
    <testCase name="productContainsMember should return true when the product contains the member" duration="2"/>
    <testCase name="productContainsMember should return false when the product does not contain the member" duration="3"/>
    <testCase name="productContainsMember should return false when the product is empty" duration="3"/>
    <testCase name="productContainsMember should return false when the member is empty" duration="3"/>
    <testCase name="productContainsMember should return false when the member is null" duration="3"/>
    <testCase name="addNewProduct should return a new array with the new product added to the end of the input array" duration="8"/>
    <testCase name="addNewProduct should not modify the input array" duration="3"/>
    <testCase name="addNewProduct should work with an empty input array" duration="2"/>
    <testCase name="createProduct should return an object with &quot;product&quot; and &quot;members&quot; properties when valid id and members are provided" duration="10"/>
    <testCase name="createProduct should return an object with an empty &quot;members&quot; array when no members are provided" duration="2"/>
    <testCase name="createProduct should handle special characters and spaces in id and member names" duration="2"/>
    <testCase name="createProduct should handle a large number of members" duration="3"/>
    <testCase name="createProduct should handle empty strings as id and member names" duration="7"/>
    <testCase name="handleMemberToggle should add member to product when member is not selected" duration="3"/>
    <testCase name="handleMemberToggle should remove member from product when member is already selected" duration="9"/>
    <testCase name="handleMemberToggle should add product and member to selected options when product is not selected" duration="2"/>
    <testCase name="handleMemberToggle should add member to product when product is already selected but with no members" duration="2"/>
    <testCase name="handleMemberToggle should add member to product when product is already selected with other members" duration="2"/>
    <testCase name="addMemberToProduct should add a member to a product with no existing members" duration="7"/>
    <testCase name="addMemberToProduct should add a member to a product with existing members" duration="2"/>
    <testCase name="addMemberToProduct should return the original products array if memberId is undefined" duration="2"/>
    <testCase name="addMemberToProduct should return the original products array if memberId is already in the product" duration="3"/>
    <testCase name="removeMemberFromProduct should remove a member from a product with multiple members" duration="3"/>
    <testCase name="removeMemberFromProduct should remove a member from a product with only one member" duration="3"/>
    <testCase name="removeMemberFromProduct should handle removing a non-existent member from a product" duration="2"/>
  </file>
  <file path="/Users/work/Documents/retailcore-mfe-investment-management/src/__tests__/pricing-config.test.tsx">
    <testCase name="PricingConfig renders without errors" duration="290"/>
    <testCase name="validateSlab should return true when type is 0 and lastSlab.principalMax equals principalMax" duration="4"/>
    <testCase name="validateSlab should return true when type is 1 and lastSlab.tenorMax equals tenorMax" duration="3"/>
    <testCase name="validateSlab should return false when type is not 0 or 1" duration="4"/>
    <testCase name="validateSlab should return false when values.interestRateConfigModels is empty" duration="6"/>
    <testCase name="validateSlab should return false when type is not a number" duration="10"/>
    <testCase name="validateSlab should return false when lastSlab is undefined" duration="3"/>
  </file>
  <file path="/Users/work/Documents/retailcore-mfe-investment-management/src/__tests__/actionHandler.test.ts">
    <testCase name="actionHandler should call setAction, setDetail, and setSubText with expected values" duration="40"/>
    <testCase name="actionHandler should update previousData.current with expected values" duration="5"/>
    <testCase name="actionHandler should call setConfirmText, setSubText, and setIsConfirmOpen with expected values when action is DEACTIVATE" duration="6"/>
    <testCase name="actionHandler should not throw an error when action is undefined or null" duration="4"/>
    <testCase name="actionHandler should not throw an error when items is undefined or null" duration="4"/>
    <testCase name="actionHandler should call setConfirmText and setIsConfirmOpen with expected values when action is ACTIVATE" duration="4"/>
    <testCase name="actionHandler should call setConfirmText and setIsConfirmOpen with expected values when action is WITHDRAW_DELETE" duration="3"/>
    <testCase name="actionHandler should call setConfirmText and setIsConfirmOpen with expected values when action is DELETE_REQUESTS" duration="6"/>
    <testCase name="actionHandler should call setConfirmText and setIsConfirmOpen with expected values when action is WITHDARW_MODIFY" duration="3"/>
    <testCase name="actionHandler should call setConfirmText and setIsConfirmOpen with expected values when action is MODIFY" duration="5"/>
    <testCase name="actionHandler should call setConfirmText and setIsConfirmOpen with expected values when action is DELETE_DRAFT" duration="3"/>
    <testCase name="actionHandler should call navigate with expected values when action is CONTINUE_REQUEST" duration="10"/>
    <testCase name="actionHandler should call setDetailOpen or navigate with expected values when action is VIEW or REVIEW" duration="3"/>
    <testCase name="actionHandler should not call any functions and return early" duration="4"/>
    <testCase name="actionHandler should not call any functions and return early" duration="3"/>
    <testCase name="actionHandler should not call any functions and return early" duration="3"/>
    <testCase name="actionHandler should call navigate when action is CONTINUE_REQUEST" duration="3"/>
    <testCase name="actionHandler should set previousData.current with expected values" duration="2"/>
    <testCase name="actionHandler should call setAction with expected value" duration="2"/>
    <testCase name="actionHandler should handle &quot;review&quot; action with AllProducts category" duration="2"/>
    <testCase name="actionHandler should handle &quot;review&quot; action with specific category" duration="13"/>
  </file>
  <file path="/Users/work/Documents/retailcore-mfe-investment-management/src/__tests__/components/Breadcrumbs.test.tsx">
    <testCase name="Breadcrumbs renders without crashing" duration="34"/>
    <testCase name="Breadcrumbs matches snapshot" duration="23"/>
    <testCase name="Breadcrumbs displays breadcrumb links" duration="21"/>
    <testCase name="Breadcrumbs Can click on links" duration="10"/>
  </file>
  <file path="/Users/work/Documents/retailcore-mfe-investment-management/src/__tests__/forms/GlInput.test.tsx">
    <testCase name="EntriesAndEventsSearchResults render, call requests and change value without error" duration="337"/>
    <testCase name="EntriesAndEventsSearchResults should close on clickaway" duration="68"/>
  </file>
  <file path="/Users/work/Documents/retailcore-mfe-investment-management/src/__tests__/components/Pages/term-deposit/forms/toggle-input-children.test.tsx">
    <testCase name="ToggleInputChildren should render the label and a switch component when rendered" duration="89"/>
    <testCase name="ToggleInputChildren should toggle the switch component on click" duration="39"/>
    <testCase name="ToggleInputChildren should set the default value of the switch component if defaultValue prop is not null" duration="48"/>
    <testCase name="ToggleInputChildren should not set the default value of the switch component if defaultValue prop is null" duration="30"/>
    <testCase name="ToggleInputChildren should call setValue and trigger with the correct inputName when the switch component is toggled" duration="19"/>
  </file>
  <file path="/Users/work/Documents/retailcore-mfe-investment-management/src/__tests__/components/forms/MultiSelectForm2.tsx">
    <testCase name="handleChange should add a new value to selectedOptions array when it doesnt already exist" duration="14"/>
    <testCase name="handleChange should remove a value from selectedOptions array when it already exists" duration="3"/>
    <testCase name="handleChange should handle null or undefined value parameter" duration="4"/>
    <testCase name="handleChange should handle null or undefined setSelectedOptions parameter" duration="63"/>
    <testCase name="handleChange should handle null or undefined id parameter" duration="4"/>
    <testCase name="closeDropdown should set isOpen state to false when called with setIsOpen(false)" duration="3"/>
    <testCase name="closeDropdown should not throw an error when called with setIsOpen" duration="3"/>
    <testCase name="closeDropdown should not have any side effects other than setting isOpen state to false" duration="6"/>
    <testCase name="closeDropdown should not affect any other state or props" duration="11"/>
    <testCase name="MultiSelectForm2 should render a search input with the provided placeholder prop" duration="62"/>
    <testCase name="MultiSelectForm2 should render a list of options with checkboxes" duration="10"/>
    <testCase name="MultiSelectForm2 should render a default placeholder when no placeholder prop is provided" duration="11"/>
    <testCase name="handleClick should register inputName when called" duration="3"/>
    <testCase name="handleClick should set value for inputName to selectedOptions when called" duration="2"/>
    <testCase name="handleClick should call handleSelected with inputName and selectedOptions when called" duration="3"/>
    <testCase name="MultiSelectForm2 renders error message when there are errors" duration="14"/>
  </file>
  <file path="/Users/work/Documents/retailcore-mfe-investment-management/src/__tests__/components/summary/IndexComponent.test.tsx">
    <testCase name="IndexComponent Renders without crashing" duration="95"/>
  </file>
  <file path="/Users/work/Documents/retailcore-mfe-investment-management/src/__tests__/liquidity-setup.test.tsx">
    <testCase name="LiquiditySetup Renders without error" duration="292"/>
    <testCase name="handleSelected should set partOptionCharges and earlyOptionCharges when inputName is &quot;part_SpecificCharges&quot; or &quot;early_SpecificCharges&quot; respectively" duration="6"/>
    <testCase name="handleSelected should set value of &quot;part_SpecificCharges&quot; or &quot;early_SpecificCharges&quot; to selectedOptions when inputName is &quot;part_SpecificCharges&quot; or &quot;early_SpecificCharges&quot; respectively" duration="5"/>
    <testCase name="handleSelected should not set partOptionCharges, earlyOptionCharges, or value when inputName is not &quot;part_SpecificCharges&quot; or &quot;early_SpecificCharges&quot;" duration="4"/>
    <testCase name="handleSelected should not set partOptionCharges, earlyOptionCharges, or value when selectedOptions is null or undefined" duration="5"/>
    <testCase name="onProceed should set early_SpecificCharges and part_SpecificCharges in formData and call proceed function when all parameters are defined" duration="9"/>
    <testCase name="onProceed should set early_SpecificCharges and part_SpecificCharges in formData as undefined when earlyOptionCharges and partOptionCharges are undefined" duration="3"/>
    <testCase name="onProceed should set early_SpecificCharges and part_SpecificCharges in formData as null when earlyOptionCharges and partOptionCharges are null" duration="10"/>
    <testCase name="onProceed should set early_SpecificCharges and part_SpecificCharges in formData as null when formData is null" duration="4"/>
  </file>
  <file path="/Users/work/Documents/retailcore-mfe-investment-management/src/__tests__/modals/PricingConfigurationComponent.test.tsx">
    <testCase name="PricingConfigurationComponent should render the component with interest rate range type 0" duration="50"/>
    <testCase name="PricingConfigurationComponent should render the component with interest rate range type 1" duration="10"/>
    <testCase name="PricingConfigurationComponent should render the component with interest rate range type 2" duration="7"/>
    <testCase name="PricingConfigurationComponent should render the component with undefined product data" duration="7"/>
    <testCase name="PricingConfigurationComponent should render the component with undefined pricing configuration" duration="8"/>
    <testCase name="PricingConfigurationComponent should render the component with undefined interest rate range type" duration="14"/>
  </file>
  <file path="/Users/work/Documents/retailcore-mfe-investment-management/src/__tests__/forms/Select.test.tsx">
    <testCase name="Select renders without crashing" duration="56"/>
    <testCase name="Select matches snapshot" duration="22"/>
    <testCase name="Select shows the selected option" duration="19"/>
    <testCase name="Select opens the dropdown when clicked" duration="51"/>
    <testCase name="Select calls onChange when option selected" duration="124"/>
  </file>
  <file path="/Users/work/Documents/retailcore-mfe-investment-management/src/__tests__/layouts/Layout.test.tsx">
    <testCase name="Layout renders AuthGuard and Outlet components" duration="280"/>
    <testCase name="handleRole should handle cases where is_superuser property is not a boolean" duration="5"/>
    <testCase name="handleRole should handle cases where is_superuser property is not a boolean" duration="7"/>
    <testCase name="handleRole should handle cases where is_superuser property is not present in user object" duration="6"/>
    <testCase name="checkPermissions should not redirect and set permissions when user has all required investment permissions" duration="5"/>
    <testCase name="checkPermissions should not redirect and set permissions when user has some required investment permissions" duration="4"/>
    <testCase name="checkPermissions should redirect to specific URL when user has no required investment permissions" duration="7"/>
    <testCase name="checkPermissions should redirect to specific URL when user has null permissions" duration="3"/>
  </file>
  <file path="/Users/work/Documents/retailcore-mfe-investment-management/src/__tests__/components/modals/Liquidation.test.tsx">
    <testCase name="Liquidation should render the component with default props" duration="484"/>
    <testCase name="Liquidation should close the modal when the cancel button is clicked" duration="291"/>
    <testCase name="handleLiquidationCalculationPayload should calculate liquidation amount based on principal amount and selected liquidation unit when type is &quot;early&quot; and values is not provided" duration="4"/>
    <testCase name="handleLiquidationCalculationPayload should calculate liquidation amount based on provided amount and selected liquidation unit when type is not &quot;early&quot; and values is provided" duration="4"/>
    <testCase name="handleLiquidationCalculationPayload should calculate liquidation amount as 0 when type is not &quot;early&quot; and values is not provided" duration="4"/>
    <testCase name="handleLiquidationCalculationPayload should not calculate liquidation amount and not throw an error when detail object is invalid and productDetails is provided" duration="13"/>
    <testCase name="handleLiquidationCalculationPayload should calculate liquidation amount as 0 when type is not &quot;early&quot; and values is not a number" duration="4"/>
    <testCase name="handleLiquidationCalculationPayload should calculate liquidation amount based on principal amount and first liquidation unit when type is &quot;early&quot; and selection is not a valid index for liquidationUnitEnum" duration="11"/>
  </file>
  <file path="/Users/work/Documents/retailcore-mfe-investment-management/src/__tests__/components/FormTooltip.test.tsx">
    <testCase name="FormToolTip Renders without errors" duration="43"/>
  </file>
  <file path="/Users/work/Documents/retailcore-mfe-investment-management/src/__tests__/components/Pages/management/book-investment/TransactionSettings.test.tsx">
    <testCase name="TransactionSettings Render" duration="277"/>
    <testCase name="TransactionSettings should render &apos;accountForLiquidation&apos; select input with correct options" duration="107"/>
    <testCase name="TransactionSettings should render &apos;accountForLiquidation&apos; select input without any options" duration="103"/>
    <testCase name="handleAccountForLiquidation should generate accountData and call setCustomerData when profileIsSuccess is true" duration="5"/>
    <testCase name="handleAccountForLiquidation should update formData and call setValue when accountData exists and formData.transactionSettingModel.accountForLiquidation does not exist" duration="4"/>
    <testCase name="handleAccountForLiquidation should not update formData or call setValue when accountData does not exist or formData.transactionSettingModel.accountForLiquidation exists" duration="3"/>
    <testCase name="handleAccountForLiquidation should not update formData or call setValue when profileIsSuccess is false" duration="3"/>
  </file>
  <file path="/Users/work/Documents/retailcore-mfe-investment-management/src/__tests__/components/AppWrapper.test.tsx">
    <testCase name="AppWrapper Component renders children within the Provider component" duration="40"/>
  </file>
  <file path="/Users/work/Documents/retailcore-mfe-investment-management/src/__tests__/components/Pages/management/book-investment/CustomerInfoCard.test.tsx">
    <testCase name="CustomerInfoCard should render CustomerInfoCard without crashing" duration="42"/>
    <testCase name="CustomerInfoCard should display the title &quot;Customer’s Information&quot;" duration="22"/>
    <testCase name="CustomerInfoCard should display all customer information titles and data" duration="38"/>
    <testCase name="CustomerInfoCard should not display customer name as a link for non-customerName Info components" duration="23"/>
    <testCase name="Info should render the component with the correct title and data" duration="7"/>
    <testCase name="Info should render the component with the correct type if provided" duration="7"/>
    <testCase name="Info should render the component without type if not provided" duration="10"/>
    <testCase name="Info should render the component with empty type" duration="14"/>
  </file>
  <file path="/Users/work/Documents/retailcore-mfe-investment-management/src/__tests__/components/QuickLinks.test.tsx">
    <testCase name="QuickLinks should renderWithProviders a container with a title and a list of links" duration="123"/>
    <testCase name="QuickLinks component renderWithProviderss QuickLinks component with suggested links" duration="33"/>
    <testCase name="QuickLinks component closes the suggested links section when close button is clicked" duration="23"/>
    <testCase name="QuickLinks component should renderWithProviders a message when isOpen state is true" duration="17"/>
    <testCase name="QuickLinks component should renderWithProviders default link when useGetLinksQuery hook returns null" duration="27"/>
    <testCase name="QuickLinks component sets links state when quickLinks is available" duration="27"/>
    <testCase name="QuickLinks component closes the suggested links section when close button is clicked" duration="45"/>
    <testCase name="handleLinksUpdate should set default link when quickLinks is empty" duration="15"/>
    <testCase name="handleLinksUpdate should add suggested link when it doesnt exist in quickLinks" duration="5"/>
    <testCase name="handleLinksUpdate should update link when it exists in quickLinks" duration="5"/>
    <testCase name="handleLinksUpdate should do nothing when isLinksQuerySuccessful is false" duration="7"/>
    <testCase name="handleLinksUpdate should do nothing when quickLinks is undefined" duration="8"/>
  </file>
  <file path="/Users/work/Documents/retailcore-mfe-investment-management/src/__tests__/components/management/ProductInfoInvestmentCalc.test.tsx">
    <testCase name="ProductInfoInvestmentCalc should display correct product name and description" duration="61"/>
    <testCase name="ProductInfoInvestmentCalc should mot display correct product name and description" duration="17"/>
  </file>
  <file path="/Users/work/Documents/retailcore-mfe-investment-management/src/__tests__/utils/sortTabStatus.test.tsx">
    <testCase name="sortTabStatus should return the id of the status object when the category is &quot;Requests&quot; and the value matches a status object type" duration="172"/>
    <testCase name="sortTabStatus should return the id of the status object when the category is &quot;StatusTypes&quot; and the value matches a status object type" duration="4"/>
  </file>
  <file path="/Users/work/Documents/retailcore-mfe-investment-management/src/__tests__/utils/handleProductDownloadSuccess.test.ts">
    <testCase name="code snippet should call handleDownload with mapped productDownloadData results" duration="17"/>
    <testCase name="code snippet should call handleDownload with mapped requestsDownloadData results" duration="52"/>
    <testCase name="code snippet should not call handleDownload when productDownloadIsSuccess is false and category is StatusCategoryType.AllProducts" duration="51"/>
    <testCase name="code snippet should not call handleDownload when requestsDownloadIsSuccess is false and category is StatusCategoryType.Requests" duration="6"/>
    <testCase name="code snippet should call handleDownload with an empty array when productDownloadData is undefined and category is StatusCategoryType.AllProducts" duration="51"/>
    <testCase name="code snippet should call handleDownload with an empty array when requestsDownloadData is null and category is StatusCategoryType.Requests" duration="8"/>
  </file>
  <file path="/Users/work/Documents/retailcore-mfe-investment-management/src/__tests__/components/BookInvestmentButton.test.tsx">
    <testCase name="code snippet should render a button component with children passed as props" duration="74"/>
    <testCase name="code snippet should toggle the display of a dropdown menu when the button is clicked" duration="44"/>
    <testCase name="code snippet should display a list of investment options in the dropdown menu" duration="104"/>
    <testCase name="code snippet Should call goToUrl when user is permitted" duration="104"/>
    <testCase name="code snippet Should not call goToUrl when user is not permitted" duration="97"/>
  </file>
  <file path="/Users/work/Documents/retailcore-mfe-investment-management/src/__tests__/utils/test-util.test.tsx">
    <testCase name="renderWithProviders should render the UI with the Provider wrapper and the passed options" duration="31"/>
    <testCase name="renderWithProviders should return the store and the rendered UI" duration="14"/>
  </file>
  <file path="/Users/work/Documents/retailcore-mfe-investment-management/src/__tests__/ProductPricingAndLiqiudity.test.tsx">
    <testCase name="ProductPricingAndLiquidity should render the component with the correct data" duration="44"/>
    <testCase name="ProductPricingAndLiquidity should display the applicable tenor" duration="13"/>
    <testCase name="ProductPricingAndLiquidity should display the applicable principal" duration="18"/>
    <testCase name="ProductPricingAndLiquidity should handle missing or null data gracefully" duration="25"/>
    <testCase name="ProductPricingAndLiquidity should render a div element with class &apos;flex flex-col&apos; when productData?.data?.pricingConfiguration.interestRateRangeType equals 1" duration="12"/>
    <testCase name="ProductPricingAndLiquidity should render the component without errors when productData is defined and liquidation.early_AllowEarlyLiquidation is truthy" duration="12"/>
  </file>
  <file path="/Users/work/Documents/retailcore-mfe-investment-management/src/__tests__/utils/handleDropdown.test.tsx">
    <testCase name="handleDropdown should return an array of dropdown options when valid status and type are provided" duration="11"/>
    <testCase name="handleDropdown should return an empty array when an invalid status is provided" duration="4"/>
    <testCase name="handleDropdown should return an empty array when either status or type is falsy" duration="3"/>
    <testCase name="handleDropdown should return an array of options based on status and type" duration="3"/>
    <testCase name="handleDropdown should filter options based on permissions if CREATE_PRODUCT is not included" duration="2"/>
    <testCase name="handleDropdown should return an empty array if status is not found in firstLevel" duration="3"/>
    <testCase name="handleDropdown should return an empty array when either &quot;status&quot; or &quot;type&quot; is falsy" duration="3"/>
    <testCase name="handleDropdown should return an array of options based on &quot;status&quot; and &quot;type&quot;" duration="3"/>
    <testCase name="handleDropdown should filter options based on permissions if &quot;CREATE_PRODUCT&quot; is not included" duration="4"/>
    <testCase name="handleDropdown should return an empty array if &quot;selectedType&quot; is falsy" duration="2"/>
    <testCase name="handleDropdown should return an empty array if &quot;status&quot; is not found in &quot;DropDownOptions&quot;" duration="2"/>
    <testCase name="handleDropdown should return an empty array if &quot;type&quot; is not found in &quot;creationMap&quot;" duration="10"/>
    <testCase name="handleDropdown should return an empty array when status is falsy" duration="3"/>
    <testCase name="handleDropdown should return an empty array when type is falsy" duration="3"/>
    <testCase name="handleDropdown should return an array of options when type is in creationMap" duration="2"/>
    <testCase name="handleDropdown should return an array of options when type is not in creationMap" duration="3"/>
    <testCase name="handleDropdown returns an empty array if status or type is missing" duration="3"/>
    <testCase name="handleDropdown returns an empty array if selectedType is missing" duration="3"/>
    <testCase name="handleDropdown returns selectedType[status] if conditions are met" duration="3"/>
    <testCase name="handleDropdown returns filtered array if conditions are not met" duration="2"/>
  </file>
</testExecutions>