<?xml version="1.0" encoding="UTF-8"?>
<testExecutions version="1">
  <file path="/Users/work/Documents/retailcore-mfe-investment-management/src/__tests__/components/Pages/term-deposit/forms/accounting-entries-and-events.test.tsx">
    <testCase name="AccountingEntriesAndEvents Renders without error" duration="306">
      <failure message="Error: Warning: Middleware for RTK-Query API at reducerPath &quot;accountApi&quot; has not been added to the store."><![CDATA[Error: Warning: Middleware for RTK-Query API at reducerPath "accountApi" has not been added to the store.
You must add the middleware for RTK-Query to function correctly!
    at middlewareWarning (/Users/work/Documents/retailcore-mfe-investment-management/node_modules/@reduxjs/toolkit/src/query/core/buildInitiate.ts:311:15)
    at /Users/work/Documents/retailcore-mfe-investment-management/node_modules/@reduxjs/toolkit/src/query/core/buildInitiate.ts:357:9
    at /Users/work/Documents/retailcore-mfe-investment-management/node_modules/redux-thunk/lib/index.js:23:18
    at /Users/work/Documents/retailcore-mfe-investment-management/node_modules/@reduxjs/toolkit/src/query/react/buildHooks.ts:768:27
    at invokePassiveEffectCreate (/Users/work/Documents/retailcore-mfe-investment-management/node_modules/react-dom/cjs/react-dom.development.js:23487:20)
    at HTMLUnknownElement.callCallback (/Users/work/Documents/retailcore-mfe-investment-management/node_modules/react-dom/cjs/react-dom.development.js:3945:14)
    at HTMLUnknownElement.callTheUserObjectsOperation (/Users/work/Documents/retailcore-mfe-investment-management/node_modules/jsdom/lib/jsdom/living/generated/EventListener.js:26:30)
    at innerInvokeEventListeners (/Users/work/Documents/retailcore-mfe-investment-management/node_modules/jsdom/lib/jsdom/living/events/EventTarget-impl.js:338:25)
    at invokeEventListeners (/Users/work/Documents/retailcore-mfe-investment-management/node_modules/jsdom/lib/jsdom/living/events/EventTarget-impl.js:274:3)
    at HTMLUnknownElementImpl._dispatch (/Users/work/Documents/retailcore-mfe-investment-management/node_modules/jsdom/lib/jsdom/living/events/EventTarget-impl.js:221:9)
    at HTMLUnknownElementImpl.dispatchEvent (/Users/work/Documents/retailcore-mfe-investment-management/node_modules/jsdom/lib/jsdom/living/events/EventTarget-impl.js:94:17)
    at HTMLUnknownElement.dispatchEvent (/Users/work/Documents/retailcore-mfe-investment-management/node_modules/jsdom/lib/jsdom/living/generated/EventTarget.js:231:34)
    at Object.invokeGuardedCallbackDev (/Users/work/Documents/retailcore-mfe-investment-management/node_modules/react-dom/cjs/react-dom.development.js:3994:16)
    at invokeGuardedCallback (/Users/work/Documents/retailcore-mfe-investment-management/node_modules/react-dom/cjs/react-dom.development.js:4056:31)
    at flushPassiveEffectsImpl (/Users/work/Documents/retailcore-mfe-investment-management/node_modules/react-dom/cjs/react-dom.development.js:23574:9)
    at unstable_runWithPriority (/Users/work/Documents/retailcore-mfe-investment-management/node_modules/scheduler/cjs/scheduler.development.js:468:12)
    at runWithPriority$1 (/Users/work/Documents/retailcore-mfe-investment-management/node_modules/react-dom/cjs/react-dom.development.js:11276:10)
    at flushPassiveEffects (/Users/work/Documents/retailcore-mfe-investment-management/node_modules/react-dom/cjs/react-dom.development.js:23447:14)
    at Object.<anonymous>.flushWork (/Users/work/Documents/retailcore-mfe-investment-management/node_modules/react-dom/cjs/react-dom-test-utils.development.js:992:10)
    at act (/Users/work/Documents/retailcore-mfe-investment-management/node_modules/react-dom/cjs/react-dom-test-utils.development.js:1107:9)
    at render (/Users/work/Documents/retailcore-mfe-investment-management/node_modules/@testing-library/react/dist/pure.js:97:26)
    at renderWithProviders (/Users/work/Documents/retailcore-mfe-investment-management/src/utils/test-util.tsx:22:28)
    at Object.<anonymous> (/Users/work/Documents/retailcore-mfe-investment-management/src/__tests__/components/Pages/term-deposit/forms/accounting-entries-and-events.test.tsx:17:28)
    at Promise.then.completed (/Users/work/Documents/retailcore-mfe-investment-management/node_modules/jest-circus/build/utils.js:391:28)
    at new Promise (<anonymous>)
    at callAsyncCircusFn (/Users/work/Documents/retailcore-mfe-investment-management/node_modules/jest-circus/build/utils.js:316:10)
    at _callCircusTest (/Users/work/Documents/retailcore-mfe-investment-management/node_modules/jest-circus/build/run.js:218:40)
    at processTicksAndRejections (node:internal/process/task_queues:95:5)
    at _runTest (/Users/work/Documents/retailcore-mfe-investment-management/node_modules/jest-circus/build/run.js:155:3)
    at _runTestsForDescribeBlock (/Users/work/Documents/retailcore-mfe-investment-management/node_modules/jest-circus/build/run.js:66:9)
    at _runTestsForDescribeBlock (/Users/work/Documents/retailcore-mfe-investment-management/node_modules/jest-circus/build/run.js:60:9)
    at run (/Users/work/Documents/retailcore-mfe-investment-management/node_modules/jest-circus/build/run.js:25:3)
    at runAndTransformResultsToJestFormat (/Users/work/Documents/retailcore-mfe-investment-management/node_modules/jest-circus/build/legacy-code-todo-rewrite/jestAdapterInit.js:170:21)
    at jestAdapter (/Users/work/Documents/retailcore-mfe-investment-management/node_modules/jest-circus/build/legacy-code-todo-rewrite/jestAdapter.js:82:19)
    at runTestInternal (/Users/work/Documents/retailcore-mfe-investment-management/node_modules/jest-runner/build/runTest.js:389:16)
    at runTest (/Users/work/Documents/retailcore-mfe-investment-management/node_modules/jest-runner/build/runTest.js:475:34)
    at TestRunner.runTests (/Users/work/Documents/retailcore-mfe-investment-management/node_modules/jest-runner/build/index.js:101:12)
    at TestScheduler.scheduleTests (/Users/work/Documents/retailcore-mfe-investment-management/node_modules/@jest/core/build/TestScheduler.js:333:13)
    at runJest (/Users/work/Documents/retailcore-mfe-investment-management/node_modules/@jest/core/build/runJest.js:404:19)
    at _run10000 (/Users/work/Documents/retailcore-mfe-investment-management/node_modules/@jest/core/build/cli/index.js:320:7)
    at runCLI (/Users/work/Documents/retailcore-mfe-investment-management/node_modules/@jest/core/build/cli/index.js:173:3)
    at Object.run (/Users/work/Documents/retailcore-mfe-investment-management/node_modules/jest-cli/build/cli/index.js:155:37)]]></failure>
    </testCase>
  </file>
</testExecutions>