<?xml version="1.0" encoding="UTF-8"?>
<testExecutions version="1">
  <file path="/Users/work/Documents/retailcore-mfe-investment-management/src/__tests__/components/Pages/management/book-investment/FacilityDetails.test.tsx">
    <testCase name="handleProductDetails should set the minimum tenor value when productDetail is not null and pricingConfiguration is not null" duration="15"/>
    <testCase name="handleProductDetails Should set values if interestRangeConfigModel is 0" duration="3"/>
    <testCase name="handleProductDetails Should set values if interestRangeConfigModel is 1" duration="4"/>
    <testCase name="handleProductDetails should set the maximum tenor value when productDetail is not null and pricingConfiguration is not null" duration="6"/>
    <testCase name="handleProductDetails should set the minimum principal value when productDetail is not null and pricingConfiguration is not null" duration="2"/>
    <testCase name="handleProductDetails should not set any values when productDetail is null" duration="3"/>
    <testCase name="handleSearch should set investmentProductId and investmentProductName when data is provided" duration="6"/>
    <testCase name="handleSearch should trigger investmentProductId validation" duration="5"/>
    <testCase name="handleSearch should update formData with new investmentProductId value" duration="13"/>
    <testCase name="handleSearch should handle undefined or null data parameter" duration="3"/>
    <testCase name="handleSearch should handle undefined or null value parameter" duration="2"/>
    <testCase name="handleInterestRateValues should set intMin and intMax based on principal value when productDetail has interestRateRangeType of 0" duration="6"/>
    <testCase name="handleInterestRateValues should set intMin and intMax based on tenor value when productDetail has interestRateRangeType of 1" duration="2"/>
    <testCase name="handleInterestRateValues should set intMin and intMax based on interestRateMin and interestRateMax values when productDetail has interestRateRangeType of 2" duration="2"/>
    <testCase name="handleInterestRateValues should do nothing when productDetail is undefined" duration="1"/>
    <testCase name="handleInterestRateValues should do nothing when productDetail has no pricingConfiguration" duration="2"/>
    <testCase name="handleInterestRateValues should do nothing when productDetail has pricingConfiguration but no interestRateConfigModels" duration="2"/>
    <testCase name="FacilityDetails should render" duration="228"/>
  </file>
  <file path="/Users/work/Documents/retailcore-mfe-investment-management/src/__tests__/pages/management/book-investment/FormComponent.test.tsx">
    <testCase name="code snippet should render the customer information form when step is 1" duration="644"/>
    <testCase name="code snippet should render the customer information form when step is 2" duration="204"/>
    <testCase name="code snippet should allow the user to input customer information" duration="153"/>
    <testCase name="code snippet should handle invalid input data correctly" duration="133"/>
  </file>
  <file path="/Users/work/Documents/retailcore-mfe-investment-management/src/__tests__/App.test.tsx">
    <testCase name="Test App Component If App is rendered wihout issues" duration="36"/>
  </file>
  <file path="/Users/work/Documents/retailcore-mfe-investment-management/src/__tests__/pages/management/book-investment/IndexComponent.test.tsx">
    <testCase name="IndexComponent should render the component without crashing" duration="370"/>
    <testCase name="IndexComponent should display the correct title and breadcrumbs based on the investmentType parameter" duration="108"/>
    <testCase name="IndexComponent should render the correct form step based on the step state" duration="101"/>
  </file>
  <file path="/Users/work/Documents/retailcore-mfe-investment-management/src/__tests__/Sterling-investment.tsx">
    <testCase name="microfrontend bootstraps the app" duration="8"/>
    <testCase name="microfrontend mounts and unmounts" duration="20"/>
  </file>
</testExecutions>