<?xml version="1.0" encoding="UTF-8"?>
<testExecutions version="1">
  <file path="/Users/work/Documents/retailcore-mfe-investment-management/src/__tests__/IndexComponent.test.tsx">
    <testCase name="IndexComponent Renders without error" duration="1097"/>
    <testCase name="IndexComponent should display the TopBar component" duration="260"/>
    <testCase name="handleToggle should set isChecker to true and hideCreate to true when selected option includes &quot;approved&quot;" duration="3"/>
    <testCase name="handleToggle should set isChecker to true and hideCreate to true when selected option includes &quot;sent&quot;" duration="4"/>
    <testCase name="handleToggle should set isChecker to false and hideCreate to false when selected option does not include &quot;approved&quot; or &quot;sent&quot;" duration="3"/>
    <testCase name="handleToggle should not throw an error and change values to &apos;false&apos; when selected values when selected value is null" duration="23"/>
    <testCase name="handleToggle should not throw an error and change values to &apos;false&apos; when selected values does not have a text property" duration="2"/>
    <testCase name="handleToggle should not throw an error and change values to &apos;false&apos; when selected values when selected value has a null text property" duration="5"/>
    <testCase name="handleChange should update query object with selected filter and reset page to 1" duration="51"/>
    <testCase name="handleChange should set status_In property of query object to null when activeType is &quot;all&quot;" duration="2"/>
    <testCase name="handleChange should update query object when activeType is not a valid string" duration="9"/>
    <testCase name="handleChange should update query object when category is not a valid string" duration="12"/>
    <testCase name="handleRefresh should call getProducts and prodStatRefetch with updated query when category is AllProducts" duration="2"/>
    <testCase name="handleRefresh should call getRequests and requestRefetch with updated query when category is Requests" duration="2"/>
    <testCase name="handleRefresh should call getRequests and RequestRefetch when category is undefined" duration="2"/>
    <testCase name="handleRefresh should call getProducts and getStatRefresh when StatusCategory type === &apos;all products&apos; " duration="7"/>
    <testCase name="handleSearch Should call setQuery with the provided values" duration="2"/>
    <testCase name="IndexComponent handles search input change and sets search state" duration="551"/>
    <testCase name="IndexComponent handles search and calls appropriate functions" duration="262"/>
  </file>
  <file path="/Users/work/Documents/retailcore-mfe-investment-management/src/__tests__/pages/investment/term-deposit/create-term-deposit/IndexComponent.test.tsx">
    <testCase name="IndexComponent renders" duration="854"/>
    <testCase name="IndexComponent Changes values" duration="619"/>
    <testCase name="IndexComponent Show modal when clicking save to Draft" duration="1533"/>
    <testCase name="IndexComponent Shows disabled button when form is not valid" duration="1222"/>
    <testCase name="IndexComponent Should not have disabled button when fom is valid" duration="1098"/>
    <testCase name="handleDetailsSuccess Works" duration="4"/>
    <testCase name="FormComponeent Should render if step === 1" duration="609"/>
    <testCase name="FormComponeent Should render if step === 2" duration="565"/>
    <testCase name="FormComponeent Should render if step === 3" duration="861"/>
    <testCase name="FormComponeent Should render if step === 4" duration="940"/>
    <testCase name="FormComponeent Should render if step === 5" duration="297"/>
    <testCase name="handleNext should call setStep when theres more steps ahead" duration="26"/>
    <testCase name="handleNext should not setStep when there are no steps ahead" duration="5"/>
    <testCase name="handlePrev should call setStep when there are steps behind" duration="4"/>
    <testCase name="handlePrev should not call setStep when user is at the first step" duration="124"/>
    <testCase name="handleDraft should set setIsConfirmOpen to false when called" duration="2"/>
    <testCase name="handleDraft should call modifyProduct with isDraft set to true when process is &quot;modify&quot;" duration="6"/>
    <testCase name="handleDraft should call createProduct with isDraft set to true when process is &quot;create&quot; or &quot;clone&quot;" duration="3"/>
    <testCase name="handleDraft should not call any functions when process is undefined" duration="58"/>
  </file>
  <file path="/Users/work/Documents/retailcore-mfe-investment-management/src/__tests__/components/Pages/term-deposit/forms/toggle-input-children.test.tsx">
    <testCase name="ToggleInputChildren should render the label and a switch component when rendered" duration="693"/>
    <testCase name="ToggleInputChildren should toggle the switch component on click" duration="77"/>
    <testCase name="ToggleInputChildren should set the default value of the switch component if defaultValue prop is not null" duration="55"/>
    <testCase name="ToggleInputChildren should not set the default value of the switch component if defaultValue prop is null" duration="57"/>
    <testCase name="ToggleInputChildren should call setValue and trigger with the correct inputName when the switch component is toggled" duration="32"/>
  </file>
  <file path="/Users/work/Documents/retailcore-mfe-investment-management/src/__tests__/components/summary/IndexComponent.test.tsx">
    <testCase name="IndexComponent Renders without crashing" duration="199"/>
  </file>
  <file path="/Users/work/Documents/retailcore-mfe-investment-management/src/__tests__/forms/CustomComboSelect.test.tsx">
    <testCase name="CustomComboSelect sets the input value when an option is selected" duration="807"/>
    <testCase name="CustomComboSelect handles default value correctly" duration="30"/>
    <testCase name="CustomComboSelect renders &quot;No data&quot; when there are no options" duration="21"/>
    <testCase name="CustomComboSelect Renders without errors" duration="33"/>
    <testCase name="handleDefault should set the selected item to the corresponding value in options when defaultValue matches an item name in options" duration="27"/>
    <testCase name="handleDefault should handle case sensitivity when matching defaultValue to item names in options" duration="5"/>
    <testCase name="classNames should return an empty string when no arguments are passed" duration="23"/>
    <testCase name="classNames should return a single class name when only one argument is passed" duration="2"/>
    <testCase name="classNames should return a concatenated string of class names when multiple arguments are passed" duration="4"/>
    <testCase name="classNames should handle very long class names and a large number of arguments without crashing" duration="2"/>
    <testCase name="classNames should handle special characters and unicode characters in class names" duration="7"/>
  </file>
  <file path="/Users/work/Documents/retailcore-mfe-investment-management/src/__tests__/components/FormStepComponent.test.tsx">
    <testCase name="FormStepComponent should render the correct number of form step items when formStepItems is not empty" duration="77"/>
    <testCase name="FormStepComponent should render the correct label for each form step item when formStepItems is not empty" duration="23"/>
    <testCase name="FormStepComponent should render the correct index for each form step item when formStepItems is not empty" duration="11"/>
    <testCase name="FormStepComponent should handle empty formStepItems array and render default form step item" duration="15"/>
    <testCase name="FormStepComponent should handle step value greater than the number of formStepItems and render last form step item" duration="15"/>
    <testCase name="FormStepComponent should handle step value less than 1 and render first form step item" duration="17"/>
  </file>
  <file path="/Users/work/Documents/retailcore-mfe-investment-management/src/__tests__/components/Loader.test.tsx">
    <testCase name="Breadcrumbs renders without crashing" duration="45"/>
    <testCase name="Breadcrumbs matches snapshot" duration="21"/>
    <testCase name="Loader should render Loader component when isOpen is true" duration="183"/>
    <testCase name="Loader should not render Loader component when isOpen is false" duration="26"/>
    <testCase name="Loader should not throw an error when setIsOpen is not provided" duration="70"/>
    <testCase name="Loader should spin the AiOutlineLoading icon when Loader component is rendered" duration="115"/>
    <testCase name="Loader should display the text prop in the Loader component" duration="118"/>
  </file>
  <file path="/Users/work/Documents/retailcore-mfe-investment-management/src/__tests__/components/product-information.test.tsx">
    <testCase name="ProductInformation should render the form without errors" duration="333"/>
    <testCase name="ProductInformation Changes values" duration="389"/>
    <testCase name="ProductInformation should handle input and display character count" duration="171"/>
    <testCase name="ProductInformation should update character count for product name in real-time" duration="89"/>
    <testCase name="ProductInformation should display negative character count message for product name with more than 50 characters" duration="78"/>
    <testCase name="ProductInformation Should show error when invalid name is typed" duration="310"/>
    <testCase name="ProductInformation Should show error when description is too short" duration="131"/>
    <testCase name="handleValidatingName should trigger productName and clear errors when nameIsSuccess is true and charLeft is less than 47" duration="22"/>
    <testCase name="handleValidatingName should assign error to productName and set setIsNameOkay to false when nameIsError is true" duration="3"/>
    <testCase name="handleValidatingName should not trigger productName and clear errors when nameIsSuccess is true but charLeft is greater than or equal to 47" duration="3"/>
    <testCase name="handleValidatingName should not assign error to productName when nameIsError is true but nameError is undefined" duration="14"/>
    <testCase name="handleValidatingName should not throw an error when setIsNameOkay is undefined" duration="3"/>
    <testCase name="InputDiv should render a div element with class &apos;w-full flex flex-col gap-2&apos;" duration="30"/>
    <testCase name="InputDiv should render the children passed as props inside the div element" duration="12"/>
    <testCase name="InputDiv should accept any valid React element as children" duration="5"/>
    <testCase name="InputDiv should render an empty div element if no children are passed as props" duration="11"/>
    <testCase name="InputDiv should not render any additional elements or components" duration="5"/>
    <testCase name="handleName should update character count, clear errors, set current name, and handle validation" duration="13"/>
    <testCase name="handleName should set character count based on name length" duration="5"/>
    <testCase name="handleName should clear errors on productName field" duration="17"/>
    <testCase name="handleName should set current name to watchName" duration="13"/>
    <testCase name="handleName should set disabled to true if watchName length is less than or equal to 3" duration="2"/>
    <testCase name="handleName should compare watchName to formData.oldValue" duration="11"/>
    <testCase name="handleName should validate name with productId if provided" duration="3"/>
    <testCase name="handleSlogan should call setSloganCharLeft with the correct remainder value when watchSlogan is not null" duration="2"/>
    <testCase name="handleSlogan should call setIsSloganOkay with true when watchSlogan is not null and has length greater than 0" duration="9"/>
    <testCase name="handleSlogan should call setIsSloganOkay with false when watchSlogan is null or has length 0" duration="2"/>
    <testCase name="handleSlogan should call setSloganCharLeft with defaultSloganLength when watchSlogan is an empty string" duration="15"/>
    <testCase name="handleSlogan should call setSloganCharLeft with a negative remainder value when watchSlogan is a string with length greater than defaultSloganLength" duration="4"/>
    <testCase name="ProductInformation should render the form with the correct inputs and labels" duration="145"/>
    <testCase name="ProductInformation should populate the form with default values from formData prop" duration="140"/>
    <testCase name="ProductInformation should update the form values when formData prop changes" duration="100"/>
    <testCase name="ProductInformation should handle empty form data prop" duration="94"/>
    <testCase name="ProductInformation should handle missing or invalid form inputs" duration="166"/>
    <testCase name="ProductInformation should handle long product names and slogans" duration="122"/>
    <testCase name="handleName should handle name with debounce" duration="3"/>
    <testCase name="handleName should handle name without debounce" duration="15"/>
    <testCase name="onProceed should set the start and end date of the form data to the formatted date strings when they exist" duration="11"/>
    <testCase name="onProceed should call the proceed function" duration="3"/>
    <testCase name="onProceed should not set the start and end date of the form data when d parameter is missing startDate or endDate fields" duration="2"/>
  </file>
  <file path="/Users/work/Documents/retailcore-mfe-investment-management/src/__tests__/components/Dropdown.test.tsx">
    <testCase name="Dropdown renders without crashing" duration="75"/>
    <testCase name="Dropdown matches snapshot" duration="48"/>
    <testCase name="Dropdown selects the right icon" duration="20"/>
    <testCase name="Dropdown renders right icon when button is clicked" duration="179"/>
    <testCase name="Dropdown applies active class to the selected option" duration="85"/>
    <testCase name="handleIcons should return the correct React component for each input value" duration="10"/>
    <testCase name="handleIcons should handle all valid input values" duration="2"/>
    <testCase name="TestDrop should render a button with children passed as props" duration="18"/>
    <testCase name="TestDrop should render a dropdown menu on button click" duration="111"/>
    <testCase name="TestDrop should render menu items based on options passed as props" duration="73"/>
    <testCase name="TestDrop should not render dropdown menu when trigger button is not clicked" duration="16"/>
    <testCase name="TestDrop should not render menu items when options prop is not passed" duration="61"/>
  </file>
  <file path="/Users/work/Documents/retailcore-mfe-investment-management/src/__tests__/MessagesComponent.test.tsx">
    <testCase name="MessagesComponent renders confirm message without error" duration="167"/>
    <testCase name="MessagesComponent calls handleConfirm and calls setIsConfirmOpen with false when Confirm button is clicked" duration="113"/>
    <testCase name="MessagesComponent calls setIsConfirmOpen with false when cancel button is clicked" duration="81"/>
    <testCase name="MessagesComponent Renders success message" duration="80"/>
    <testCase name="MessagesComponent returns user to dashboard when user clicks on the dashboard link" duration="104"/>
    <testCase name="MessagesComponent Renders Failure message" duration="98"/>
    <testCase name="MessagesComponent Renders Detail component" duration="232"/>
    <testCase name="MessagesComponent Renders Deactivation modals" duration="127"/>
    <testCase name="MessagesComponent Renders loading while deleteLoading == true" duration="40"/>
    <testCase name="MessagesComponent Renders loading while deleteLoading == true" duration="65"/>
  </file>
  <file path="/Users/work/Documents/retailcore-mfe-investment-management/src/__tests__/components/summary/Actions.test.tsx">
    <testCase name="Actions should renderWithProviders a div element with specific class and styling" duration="48"/>
    <testCase name="Actions should call the corresponding functions when Cancel, Modify, or Submit buttons are clicked" duration="38"/>
    <testCase name="Actions should call the corresponding functions when Print, Share, or Return to dashboard buttons are clicked" duration="36"/>
    <testCase name="Actions should set the confirm text to &quot;Product creation approve&quot; when sub_type is not provided and action is &quot;approve&quot;" duration="47"/>
    <testCase name="Actions should set the confirm text to &quot;Product creation reject&quot; when sub_type is not provided and action is &quot;reject&quot;" duration="14"/>
    <testCase name="Actions should set the confirm text to &quot;Product activation approve&quot; when sub_type is &quot;activation&quot; and action is &quot;approve&quot;" duration="16"/>
    <testCase name="Actions Should call initiate verdict" duration="85"/>
  </file>
  <file path="/Users/work/Documents/retailcore-mfe-investment-management/src/__tests__/forms/FormDate.test.tsx">
    <testCase name="FormDate component should update date on date change" duration="104"/>
    <testCase name="FormDate component should display error message when there is an error" duration="17"/>
  </file>
  <file path="/Users/work/Documents/retailcore-mfe-investment-management/src/__tests__/components/table/index.test.tsx">
    <testCase name="handleProductsDropdown should return an array of dropdown options based on the status parameter" duration="15"/>
    <testCase name="handleProductsDropdown should filter out options based on the isChecker parameter" duration="3"/>
    <testCase name="handleProductsDropdown should filter out options based on the permissions parameter" duration="3"/>
    <testCase name="TableComponent should render a table with headers and rows" duration="96"/>
    <testCase name="TableComponent should display a loading indicator when data is being fetched" duration="14"/>
    <testCase name="TextCellContent renders text content and dot correctly" duration="5"/>
    <testCase name="TextCellContent renders &quot;-&quot; when value is falsy" duration="8"/>
    <testCase name="TextCellContent should render nothing when value is null or undefined" duration="13"/>
    <testCase name="ProductNameCellContent renders product code correctly" duration="5"/>
    <testCase name="ProductNameCellContent renders &quot;-&quot; when product code is falsy" duration="11"/>
    <testCase name="UpdatedOnCellContent should render the date and time in the correct format" duration="9"/>
    <testCase name="UpdatedOnCellContent should render nothing when value is null or undefined" duration="25"/>
    <testCase name="UpdatedOnCellContent should render nothing when value is not a valid date" duration="71"/>
    <testCase name="UpdatedOnCellContent should render nothing when value is not a string or a date object" duration="4"/>
    <testCase name="UpdatedOnCellContent should render the date and time in the correct format for a different timezone" duration="19"/>
    <testCase name="StateCellContent should render a span element with the given value as its text content" duration="4"/>
    <testCase name="StateCellContent should apply a class to the span element based on the value passed to the function" duration="3"/>
    <testCase name="StatusCellContent should render a span element with the specific class based on the value passed as props" duration="18"/>
    <testCase name="StatusCellContent should call handleUserView function to determine the text content of the span element" duration="7"/>
    <testCase name="StatusCellContent should call handleColorState function to determine the background color of the span element" duration="17"/>
    <testCase name="StatusCellContent should render a span element with the default class and value as text content when the value passed as props does not match any of the cases in handleUserView and handleColorState" duration="13"/>
    <testCase name="StatusCellContent should default the isChecker prop to false if it is not a boolean" duration="3"/>
    <testCase name="StatusCellContent should render a FaEye icon next to the text content" duration="3"/>
    <testCase name="ActionsCellContent should render a DropdownButton component with the given dropDownOptions and onClick props" duration="54"/>
    <testCase name="ActionsCellContent should render a DropdownButton component with empty options when dropDownOptions prop is not provided" duration="108"/>
    <testCase name="handleUpdated should return null when key is &quot;state&quot; and newState is equal to value" duration="4"/>
    <testCase name="handleProductsDropdown should return an array of options based on the status and user permissions" duration="10"/>
    <testCase name="handleProductsDropdown should filter out &quot;deactivate&quot; and &quot;activate&quot; options if user does not have RE_OR_DEACTIVATE_INVESTMENT_PRODUCT permission" duration="1"/>
    <testCase name="handleProductsDropdown should filter out &quot;modify&quot; and &quot;clone&quot; options if user does not have CREATE_INVESTMENT_PRODUCT permission" duration="10"/>
    <testCase name="handleProductsDropdown should return an empty array if status is falsy" duration="2"/>
    <testCase name="handleProductsDropdown should return an empty array if DropDownOptions[status] is falsy" duration="32"/>
    <testCase name="handleUpdated should return null when key is &quot;state&quot; and newState is equal to value" duration="1"/>
    <testCase name="handleProductsDropdown should return an array of options based on the status and user permissions" duration="1"/>
    <testCase name="handleProductsDropdown should filter out &quot;deactivate&quot; and &quot;activate&quot; options if user does not have RE_OR_DEACTIVATE_INVESTMENT_PRODUCT permission" duration="5"/>
    <testCase name="handleProductsDropdown should filter out &quot;modify&quot; and &quot;clone&quot; options if user does not have CREATE_INVESTMENT_PRODUCT permission" duration="3"/>
    <testCase name="handleProductsDropdown should return an empty array if status is falsy" duration="2"/>
    <testCase name="handleProductsDropdown should return an empty array if DropDownOptions[status] is falsy" duration="2"/>
    <testCase name="handleUpdated should return time of update if value was updated" duration="2"/>
    <testCase name="handleUpdated should not return time of update if value was not updated" duration="1"/>
    <testCase name="handleUpdated should handle change of state value" duration="4"/>
    <testCase name="handleUpdated should handle non change of state value" duration="2"/>
    <testCase name="handleUpdated Should return nothing when value is null" duration="2"/>
    <testCase name="statusHandler should set success text and open success modal when isSuccess is true" duration="2"/>
    <testCase name="statusHandler should set success text and open success modal when activateSuccess is true and role is superadmin or admin" duration="2"/>
    <testCase name="statusHandler should set failed text, subtext and open failed modal when isError is true" duration="5"/>
    <testCase name="statusHandler should not set any text or open any modal when none of the boolean flags are true" duration="3"/>
    <testCase name="statusHandler should set failed text and open failed modal when isError is true and error object is null" duration="2"/>
    <testCase name="statusHandler should set failed text and open failed modal when activateIsError is true and activateError object is null" duration="2"/>
  </file>
  <file path="/Users/work/Documents/retailcore-mfe-investment-management/src/__tests__/components/SideLabelSearchSelect.test.tsx">
    <testCase name="InputDivs should render a div with a label and a child div" duration="34"/>
    <testCase name="InputDivs should display a RedDot component next to the label" duration="7"/>
    <testCase name="InputDivs should accept a label prop and render it as text" duration="27"/>
    <testCase name="InputDivs should render without a label when label prop is not provided" duration="7"/>
    <testCase name="InputDivs should render without a child div when children prop is not provided" duration="6"/>
    <testCase name="InputDivs should render an empty label when label prop is an empty string" duration="24"/>
    <testCase name="SideLabelSearchSelect should render the component with default props and input options" duration="175"/>
    <testCase name="SideLabelSearchSelect should handle empty input field correctly" duration="67"/>
    <testCase name="SideLabelSearchSelect should handle long input field values correctly" duration="56"/>
    <testCase name="SideLabelSearchSelect should handle special characters in input field values correctly" duration="27"/>
  </file>
  <file path="/Users/work/Documents/retailcore-mfe-investment-management/src/__tests__/modals/Rejection.test.tsx">
    <testCase name="handleSuccess should set options for ProductSearch component when userIsSuccess is true and branchMembersData is not null or undefined" duration="15"/>
    <testCase name="handleSuccess should not call setUsers when userIsSuccess is false" duration="3"/>
    <testCase name="handleSuccess should call setUsers with an empty array when branchMembersData is an empty array" duration="6"/>
    <testCase name="Rejection should render the Rejection modal with the correct UI and props" duration="628"/>
    <testCase name="Rejection should display the correct title and labels for the form inputs" duration="356"/>
  </file>
  <file path="/Users/work/Documents/retailcore-mfe-investment-management/src/__tests__/forms/Checkbox.test.tsx">
    <testCase name="Checkbox renders without crashing" duration="149"/>
    <testCase name="Checkbox matches snapshot" duration="40"/>
    <testCase name="Checkbox displays the label" duration="7"/>
    <testCase name="Checkbox initially renders unchecked" duration="22"/>
    <testCase name="Checkbox renders checked when checked prop is true" duration="9"/>
    <testCase name="Checkbox calls onChange when clicked" duration="16"/>
    <testCase name="Checkbox should not call onChange if not provided when handleChange is invoked" duration="11"/>
  </file>
  <file path="/Users/work/Documents/retailcore-mfe-investment-management/src/__tests__/forms/ComboSelect.test.tsx">
    <testCase name="ComboSelect renders without crashing" duration="54"/>
    <testCase name="ComboSelect matches snapshot" duration="17"/>
    <testCase name="ComboSelect should open the dropdown when the button is clicked" duration="48"/>
    <testCase name="ComboSelect should update selected options when all products and their members are selected" duration="36"/>
    <testCase name="ComboSelect should update selected options when a product and its members are deselected" duration="31"/>
    <testCase name="ComboSelect should update selected options when all products and their members are deselected" duration="55"/>
    <testCase name="ComboSelect should filter the options correctly when searching for a product" duration="31"/>
    <testCase name="ComboSelect should update selected options when a product and its members are selected" duration="44"/>
    <testCase name="closeDropdown should set isOpen state to false when called with setIsOpen(false)" duration="3"/>
    <testCase name="closeDropdown should not throw an error when called with setIsOpen(undefined)" duration="2"/>
    <testCase name="closeDropdown should not throw an error when called with setIsOpen(null)" duration="2"/>
    <testCase name="closeDropdown should not throw an error when called with setIsOpen(0)" duration="2"/>
    <testCase name="closeDropdown should not throw an error when called with setIsOpen(&quot;&quot;)" duration="2"/>
    <testCase name="closeDropdown should not throw an error when called with setIsOpen({})" duration="3"/>
    <testCase name="handleChange should add a new product to selOptions if it doesnt exist" duration="2"/>
    <testCase name="handleChange should remove a product from selOptions if it already exists" duration="2"/>
    <testCase name="productContainsMember should return true when the product contains the member" duration="2"/>
    <testCase name="productContainsMember should return false when the product does not contain the member" duration="2"/>
    <testCase name="productContainsMember should return false when the product is empty" duration="2"/>
    <testCase name="productContainsMember should return false when the member is empty" duration="5"/>
    <testCase name="productContainsMember should return false when the member is null" duration="22"/>
    <testCase name="addNewProduct should return a new array with the new product added to the end of the input array" duration="2"/>
    <testCase name="addNewProduct should not modify the input array" duration="6"/>
    <testCase name="addNewProduct should work with an empty input array" duration="2"/>
    <testCase name="createProduct should return an object with &quot;product&quot; and &quot;members&quot; properties when valid id and members are provided" duration="2"/>
    <testCase name="createProduct should return an object with an empty &quot;members&quot; array when no members are provided" duration="2"/>
    <testCase name="createProduct should handle special characters and spaces in id and member names" duration="2"/>
    <testCase name="createProduct should handle a large number of members" duration="2"/>
    <testCase name="createProduct should handle empty strings as id and member names" duration="1"/>
    <testCase name="handleMemberToggle should add member to product when member is not selected" duration="2"/>
    <testCase name="handleMemberToggle should remove member from product when member is already selected" duration="3"/>
    <testCase name="handleMemberToggle should add product and member to selected options when product is not selected" duration="2"/>
    <testCase name="handleMemberToggle should add member to product when product is already selected but with no members" duration="2"/>
    <testCase name="handleMemberToggle should add member to product when product is already selected with other members" duration="2"/>
    <testCase name="addMemberToProduct should add a member to a product with no existing members" duration="2"/>
    <testCase name="addMemberToProduct should add a member to a product with existing members" duration="1"/>
    <testCase name="addMemberToProduct should return the original products array if memberId is undefined" duration="1"/>
    <testCase name="addMemberToProduct should return the original products array if memberId is already in the product" duration="7"/>
    <testCase name="removeMemberFromProduct should remove a member from a product with multiple members" duration="2"/>
    <testCase name="removeMemberFromProduct should remove a member from a product with only one member" duration="1"/>
    <testCase name="removeMemberFromProduct should handle removing a non-existent member from a product" duration="1"/>
  </file>
  <file path="/Users/work/Documents/retailcore-mfe-investment-management/src/__tests__/components/Pages/term-deposit/forms/preview.test.tsx">
    <testCase name="Preview Renders without crashing" duration="409"/>
    <testCase name="handleSuccess Sets success message if isSuccess and role === superadmin" duration="4"/>
    <testCase name="handleSuccess Sets success message if isSuccess is false and role === superadmin" duration="3"/>
    <testCase name="handleSuccess Sets success message if role !== superadmin" duration="3"/>
    <testCase name="handleErrorMessage Sets error message if isError === true" duration="4"/>
    <testCase name="handleErrorMessage Sets error message if isError === false" duration="3"/>
    <testCase name="handleSubmit Should call modifyProduct if process === modify" duration="2"/>
    <testCase name="handleSubmit Should call modifyRequest if process === withdraw_modify" duration="2"/>
    <testCase name="handleSubmit Should call createProduct if process === create" duration="13"/>
    <testCase name="handleSubmit Should call createProduct if process === continue" duration="2"/>
    <testCase name="handleSubmit Should call createProduct if process === clone" duration="2"/>
    <testCase name="handleCancel Sets correct message when process === create" duration="10"/>
    <testCase name="handleCancel Sets correct message when process === modify" duration="11"/>
    <testCase name="handleCancel Sets correct message when process === continue" duration="2"/>
  </file>
  <file path="/Users/work/Documents/retailcore-mfe-investment-management/src/__tests__/components/StatusCard.test.tsx">
    <testCase name="StatusCard Renders without error" duration="82"/>
    <testCase name="StatusButton Renders without error" duration="7"/>
    <testCase name="StatusButton Shows spinner while loading" duration="6"/>
    <testCase name="sortOptions Sorts and returns expected options in &apos;all products&apos; category" duration="4"/>
    <testCase name="sortOptions Sorts and returns expected options in &apos;requests&apos; category" duration="3"/>
    <testCase name="StatusCategoryButton should handle button click and apply styles" duration="31"/>
    <testCase name="handleActiveType Sets status to &quot;&quot; when activeType === all " duration="2"/>
    <testCase name="handleActiveType Sets status according to various activeTypes" duration="3"/>
    <testCase name="filterDefaultOptions should return an array of objects filtered from" duration="5"/>
    <testCase name="filterDefaultOptions should not contain objects withroperty equal  or" duration="3"/>
    <testCase name="filterDefaultOptions should contain objects withroperty equal  or only" duration="2"/>
    <testCase name="filterDefaultOptions should contain objects withroperty equal  only" duration="4"/>
    <testCase name="filterDefaultOptions should contain objects withroperty equal to only" duration="11"/>
    <testCase name="StatusButton should render button element with correct type and styling" duration="7"/>
    <testCase name="StatusButton should display correct count when isLoading is false" duration="7"/>
    <testCase name="StatusButton should display spinner when isLoading is true" duration="5"/>
    <testCase name="StatusButton should render button element with correct type and styling when count returns undefined" duration="11"/>
    <testCase name="StatusButton should render button element with correct type and styling when count returns null" duration="7"/>
    <testCase name="StatusButton should render button element with correct type and styling when analyticsData is undefined" duration="8"/>
    <testCase name="StatusButton should render button element with correct type and styling" duration="5"/>
    <testCase name="StatusButton should display correct count based on provided analytics data" duration="16"/>
    <testCase name="StatusButton should display spinner animation when isLoading is true" duration="9"/>
    <testCase name="StatusButton should handle missing or invalid item prop" duration="10"/>
    <testCase name="StatusButton should handle missing or invalid analyticsData prop" duration="5"/>
    <testCase name="StatusButton should handle missing or invalid setActiveType prop" duration="6"/>
    <testCase name="count should return the correct count for each status type" duration="4"/>
    <testCase name="count should return 0 when the input item type is not recognized" duration="2"/>
    <testCase name="count should return 0 when the analyticsData is null" duration="2"/>
    <testCase name="count should return 0 when the analyticsData is undefined" duration="7"/>
    <testCase name="count should return 0 when the input item type is null" duration="2"/>
    <testCase name="count should return 0 when the input item type is undefined" duration="4"/>
    <testCase name="count should return 0 when the input item type is an empty string" duration="4"/>
    <testCase name="handleClick should set the category state to the selected item type" duration="3"/>
    <testCase name="handleClick should set the selected state to the first item of ProductOptions if category is AllProducts" duration="2"/>
    <testCase name="handleClick should set the selected state to the first item of RequestOptions if category is not AllProducts" duration="3"/>
    <testCase name="handlePermission should set filtered product options to ProductOptions when user has relevant permissions" duration="8"/>
    <testCase name="handlePermission should disable created_by_anyone and approved_system_wide options in filtered product options when user does not have relevant permissions" duration="2"/>
    <testCase name="handlePermission should set filtered request options to RequestOptions when user has relevant permissions" duration="2"/>
    <testCase name="handlePermission should do nothing when permissions is empty" duration="2"/>
    <testCase name="handlePermission should disable all options in filtered product options when user does not have any relevant permissions" duration="4"/>
    <testCase name="handlePermission should disable all options in filtered request options when user does not have any relevant permissions" duration="1"/>
  </file>
  <file path="/Users/work/Documents/retailcore-mfe-investment-management/src/__tests__/pricing-config.test.tsx">
    <testCase name="PricingConfig renders without errors" duration="366"/>
  </file>
  <file path="/Users/work/Documents/retailcore-mfe-investment-management/src/__tests__/components/forms/MultiSelect.test.tsx">
    <testCase name="MultiSelect renders without crashing" duration="30"/>
    <testCase name="MultiSelect opens and closes dropdown when clicked" duration="49"/>
    <testCase name="MultiSelect should toggle dropdown when button is clicked" duration="80"/>
    <testCase name="MultiSelect should select/deselect option when checkbox is clicked" duration="56"/>
    <testCase name="MultiSelect should render correctly with an empty options array" duration="21"/>
    <testCase name="MultiSelect should check select all" duration="44"/>
    <testCase name="MultiSelect should update checkbox state when props change" duration="39"/>
    <testCase name="closeDropdown should set isOpen state to false when setIsOpen is called with false" duration="3"/>
    <testCase name="closeDropdown should handle setIsOpen being called with a boolean value" duration="3"/>
    <testCase name="handleChange should add a new option to selectedOptions array when it does not exist" duration="2"/>
    <testCase name="handleChange should remove an option from selectedOptions array when it already exists" duration="7"/>
    <testCase name="handleChange should call setSelectedOptions with the same array when an option is already selected" duration="9"/>
  </file>
  <file path="/Users/work/Documents/retailcore-mfe-investment-management/src/__tests__/liquidity-setup.test.tsx">
    <testCase name="LiquiditySetup Renders without error" duration="325"/>
    <testCase name="handleSelected should set partOptionCharges and earlyOptionCharges when inputName is &quot;part_SpecificCharges&quot; or &quot;early_SpecificCharges&quot; respectively" duration="4"/>
    <testCase name="handleSelected should set value of &quot;part_SpecificCharges&quot; or &quot;early_SpecificCharges&quot; to selectedOptions when inputName is &quot;part_SpecificCharges&quot; or &quot;early_SpecificCharges&quot; respectively" duration="5"/>
    <testCase name="handleSelected should not set partOptionCharges, earlyOptionCharges, or value when inputName is not &quot;part_SpecificCharges&quot; or &quot;early_SpecificCharges&quot;" duration="3"/>
    <testCase name="handleSelected should not set partOptionCharges, earlyOptionCharges, or value when selectedOptions is null or undefined" duration="6"/>
    <testCase name="onProceed should set early_SpecificCharges and part_SpecificCharges in formData and call proceed function when all parameters are defined" duration="10"/>
    <testCase name="onProceed should set early_SpecificCharges and part_SpecificCharges in formData as undefined when earlyOptionCharges and partOptionCharges are undefined" duration="2"/>
    <testCase name="onProceed should set early_SpecificCharges and part_SpecificCharges in formData as null when earlyOptionCharges and partOptionCharges are null" duration="3"/>
    <testCase name="onProceed should set early_SpecificCharges and part_SpecificCharges in formData as null when formData is null" duration="2"/>
  </file>
  <file path="/Users/work/Documents/retailcore-mfe-investment-management/src/__tests__/components/Button.test.tsx">
    <testCase name="Button renders without crashing" duration="26"/>
    <testCase name="Button renders children" duration="11"/>
    <testCase name="Button applies custom className" duration="6"/>
    <testCase name="Button can show loader" duration="8"/>
    <testCase name="Button can hide loader" duration="4"/>
    <testCase name="Button can render button elements" duration="4"/>
    <testCase name="Button calls onClick handler" duration="16"/>
  </file>
  <file path="/Users/work/Documents/retailcore-mfe-investment-management/src/__tests__/forms/DateSelect.test.tsx">
    <testCase name="DateSelect renders without errors" duration="120"/>
    <testCase name="DateSelect Shows datePicker on button click" duration="363"/>
    <testCase name="closeDropdown should set isOpen state to false when called with setIsOpen function" duration="3"/>
    <testCase name="closeDropdown should not throw an error when called with setIsOpen function" duration="3"/>
    <testCase name="closeDropdown should not modify any other state or props" duration="3"/>
    <testCase name="handleClick should set the duration to the value of the clicked item" duration="5"/>
    <testCase name="handleClick should set both start and end dates to null when duration is falsy" duration="3"/>
    <testCase name="handleClick should handle gracefully if the item value is not a number" duration="15"/>
    <testCase name="onChange should set start and end date in state object when given an array of dates" duration="3"/>
    <testCase name="onChange should handle null values for start and end dates" duration="2"/>
    <testCase name="onChange should update the state object with new start and end dates" duration="2"/>
    <testCase name="onChange should handle invalid input types" duration="6"/>
    <testCase name="onChange should handle invalid input values" duration="1"/>
    <testCase name="onChange should handle unexpected input formats" duration="2"/>
    <testCase name="closeDropdown should set isOpen state to false when called with setIsOpen function" duration="2"/>
    <testCase name="closeDropdown should not have any side effects other than setting isOpen state to false" duration="2"/>
  </file>
  <file path="/Users/work/Documents/retailcore-mfe-investment-management/src/__tests__/components/Breadcrumbs.test.tsx">
    <testCase name="Breadcrumbs renders without crashing" duration="30"/>
    <testCase name="Breadcrumbs matches snapshot" duration="30"/>
    <testCase name="Breadcrumbs displays breadcrumb links" duration="16"/>
    <testCase name="Breadcrumbs Can click on links" duration="8"/>
  </file>
  <file path="/Users/work/Documents/retailcore-mfe-investment-management/src/__tests__/modals/RequestDeactivation.test.tsx">
    <testCase name="RequestDeactivation should render the component without crashing" duration="277"/>
    <testCase name="RequestDeactivation should display the deactivation request form" duration="62"/>
    <testCase name="RequestDeactivation should allow user to input reason for deactivation" duration="54"/>
    <testCase name="RequestDeactivation should display an error message when the deactivation request fails" duration="40"/>
    <testCase name="RequestDeactivation should allow user to upload supporting documents" duration="64"/>
  </file>
  <file path="/Users/work/Documents/retailcore-mfe-investment-management/src/__tests__/components/Pages/term-deposit/forms/accounting-entries-and-events.test.tsx">
    <testCase name="AccountingEntriesAndEvents Renders without error" duration="358"/>
    <testCase name="AccountingEntriesAndEvents Should change gli inputs value" duration="76"/>
    <testCase name="handleClear should set clearFields state to true when handleClear is called" duration="3"/>
    <testCase name="handleClear should set mapOptions state to an empty array when handleClear is called" duration="10"/>
    <testCase name="handleClear should call reset function when handleClear is called" duration="6"/>
    <testCase name="handleClear should set clearFields state to false when handleClear is called and clearFields state is already true" duration="6"/>
    <testCase name="handleClear should not call setMapOptions function when handleClear is called and mapOptions state is already an empty array" duration="3"/>
    <testCase name="onProceed should call the &quot;proceed&quot; function" duration="3"/>
    <testCase name="onProceed should throw an error when &quot;proceed&quot; is not a function" duration="15"/>
    <testCase name="onProceed should throw an error when &quot;proceed&quot; function throws an error" duration="5"/>
    <testCase name="onProceed should call the &quot;proceed&quot; function each time &quot;onProceed&quot; is called" duration="2"/>
    <testCase name="handleClick should update GlInput value when clicking on a valid submenu" duration="3"/>
    <testCase name="handleClick should add a new object to mapOptions array when clicking on a valid submenu" duration="11"/>
    <testCase name="handleClick should update corresponding object in mapOptions array when clicking on a submenu that is already mapped" duration="2"/>
    <testCase name="handleClick should not update GlInput value when clicking on an invalid submenu" duration="2"/>
    <testCase name="handleClick should not add a new object to mapOptions array when clicking on an invalid submenu" duration="2"/>
  </file>
  <file path="/Users/work/Documents/retailcore-mfe-investment-management/src/__tests__/forms/InfoLabel.test.tsx">
    <testCase name="InfoLabel Renders without errors" duration="52"/>
  </file>
  <file path="/Users/work/Documents/retailcore-mfe-investment-management/src/__tests__/forms/FormUpload.test.tsx">
    <testCase name="FormUpload renders without crashing" duration="37"/>
    <testCase name="FormUpload matches snapshot" duration="34"/>
    <testCase name="FormUpload should reset all state variables when handleReset is called" duration="9"/>
    <testCase name="handleFileChange should select a file and set the file type correctly" duration="5"/>
    <testCase name="handleFileChange should set an error message when the file size exceeds the maximum allowed size" duration="3"/>
    <testCase name="handleFileChange should set an error message when no file is selected" duration="8"/>
    <testCase name="handleFileChange should display an error message when selecting a file with an invalid extension" duration="14"/>
    <testCase name="FormUpload should display error message when selecting a file with an unsupported file type" duration="42"/>
    <testCase name="handleDrag should set dragActive to true when dragenter event is triggered" duration="2"/>
    <testCase name="handleDrag should set dragActive to true when dragover event is triggered" duration="2"/>
    <testCase name="handleDrag should set dragActive to false when dragleave event is triggered" duration="22"/>
    <testCase name="handleReset should reset upload data to an empty array" duration="2"/>
    <testCase name="handleReset should set status to null" duration="1"/>
    <testCase name="handleDrop should read and process a valid file when dropped" duration="5"/>
    <testCase name="handleDrop should process a file with a valid file type when dropped" duration="2"/>
    <testCase name="handleDrop should read and process a file with a valid file type when dropped" duration="3"/>
    <testCase name="handleDrop should process a file with a valid file type when dropped" duration="2"/>
    <testCase name="handleDrop should process a file with a valid file type when dropped" duration="2"/>
    <testCase name="handleDrop should set an error message when the file type is not supported" duration="2"/>
    <testCase name="handleDrop should set the base64 image correctly when the file is read" duration="2"/>
  </file>
  <file path="/Users/work/Documents/retailcore-mfe-investment-management/src/__tests__/pages/investment/term-deposit/create-term-deposit/Summary.test.tsx">
    <testCase name="Container should render a div element with the correct class" duration="34"/>
    <testCase name="Container should render the children passed to it" duration="13"/>
    <testCase name="Container should render without any children" duration="5"/>
    <testCase name="Container should render without any children" duration="5"/>
    <testCase name="Container should render without any children" duration="5"/>
    <testCase name="Summary should render the component without crashing" duration="279"/>
    <testCase name="Summary should display the correct title and breadcrumbs" duration="151"/>
  </file>
  <file path="/Users/work/Documents/retailcore-mfe-investment-management/src/__tests__/forms/BorderlessSelect.test.tsx">
    <testCase name="BorderlessSelect Renders without error" duration="68"/>
    <testCase name="BorderlessSelect Shows options when input is clicked" duration="57"/>
    <testCase name="BorderlessSelect indicates that input is required" duration="15"/>
    <testCase name="BorderlessSelect indicates error" duration="18"/>
    <testCase name="BorderlessSelect changes value when clicked and hides options" duration="31"/>
  </file>
  <file path="/Users/work/Documents/retailcore-mfe-investment-management/src/__tests__/customer-eligibility-criteria.test.tsx">
    <testCase name="ProductInformation Renders without error" duration="234"/>
  </file>
  <file path="/Users/work/Documents/retailcore-mfe-investment-management/src/__tests__/ProductDetail.test.tsx">
    <testCase name="ProductDetail Renders without crashing" duration="117"/>
    <testCase name="ProductDetail Renders without crashing" duration="47"/>
    <testCase name="ProductDetail should render data rows correctly" duration="19"/>
    <testCase name="ProductDetail should handle no previous data available" duration="34"/>
    <testCase name="DebitCreditable should render product details correctly" duration="64"/>
    <testCase name="DebitCreditable should display an empty table when dataTab prop is an empty array" duration="13"/>
    <testCase name="DebitCreditable should display the correct S|N value for each row" duration="10"/>
  </file>
  <file path="/Users/work/Documents/retailcore-mfe-investment-management/src/__tests__/modals/ProductDetail.test.tsx">
    <testCase name="ProductDetail Should show product data when available" duration="260"/>
    <testCase name="ProductDetail Show spinner when loading" duration="101"/>
    <testCase name="ProductDetail Shows nothng when setOpen is false" duration="46"/>
  </file>
  <file path="/Users/work/Documents/retailcore-mfe-investment-management/src/__tests__/App.test.tsx">
    <testCase name="Test App Component If App is rendered wihout issues" duration="31"/>
  </file>
  <file path="/Users/work/Documents/retailcore-mfe-investment-management/src/__tests__/forms/Select.test.tsx">
    <testCase name="Select renders without crashing" duration="71"/>
    <testCase name="Select matches snapshot" duration="26"/>
    <testCase name="Select shows the selected option" duration="11"/>
    <testCase name="Select opens the dropdown when clicked" duration="49"/>
    <testCase name="Select calls onChange when option selected" duration="300"/>
  </file>
  <file path="/Users/work/Documents/retailcore-mfe-investment-management/src/__tests__/components/forms/MinMaxInput.test.tsx">
    <testCase name="MinMaxInput should render an input field with default value and placeholder" duration="170"/>
    <testCase name="MinMaxInput should allow user input and trigger change event" duration="42"/>
    <testCase name="MinMaxInput should clear errors when input value changes" duration="11"/>
    <testCase name="MinMaxInput should display red border when there is an error" duration="12"/>
    <testCase name="MinMaxInput should not display red border when there is no error" duration="11"/>
    <testCase name="MinMaxInput should display default placeholder if not provided" duration="6"/>
    <testCase name="MinMaxInput renders without errors" duration="103"/>
    <testCase name="MinMaxInput handles value change" duration="38"/>
  </file>
  <file path="/Users/work/Documents/retailcore-mfe-investment-management/src/__tests__/components/forms/GlInput.tsx">
    <testCase name="closeDropdown should set isOpen state to false when called with a valid setIsOpen function" duration="15"/>
    <testCase name="EntriesAndEventsSearchResults should render a search input field with a search icon" duration="531"/>
    <testCase name="EntriesAndEventsSearchResults should allow user to input search query" duration="60"/>
    <testCase name="EntriesAndEventsSearchResults should display a dropdown menu when search input field is clicked" duration="75"/>
    <testCase name="EntriesAndEventsSearchResults should display an empty dropdown menu when there are no GL classes" duration="21"/>
    <testCase name="EntriesAndEventsSearchResults should display an empty list of ledgers when a GL class has no ledgers" duration="98"/>
    <testCase name="EntriesAndEventsSearchResults should display an error message when there is an error fetching GL classes or ledgers" duration="121"/>
    <testCase name="EntriesAndEventsSearchResults renders with default props" duration="49"/>
    <testCase name="EntriesAndEventsSearchResults handles input change and displays results" duration="60"/>
    <testCase name="EntriesAndEventsSearchResults handles click on a result and triggers functions" duration="26"/>
  </file>
  <file path="/Users/work/Documents/retailcore-mfe-investment-management/src/__tests__/Sterling-investment.tsx">
    <testCase name="microfrontend bootstraps the app" duration="10"/>
    <testCase name="microfrontend mounts and unmounts" duration="27"/>
  </file>
  <file path="/Users/work/Documents/retailcore-mfe-investment-management/src/__tests__/components/investment/dashboard/TableComponent.test.tsx">
    <testCase name="handleDropdown should return an array of options based on the status, isChecker, locked, and permissions parameters" duration="9"/>
    <testCase name="handleDropdown should filter out &quot;deactivate&quot; and &quot;activate&quot; options if user does not have &quot;CREATE_PRODUCT&quot; permission" duration="3"/>
    <testCase name="handleDropdown should filter out &quot;modify&quot; option if user does not have &quot;CREATE_PRODUCT&quot; permission and is not a checker" duration="2"/>
    <testCase name="handleDropdown should return an array with only &quot;view&quot; option if locked parameter is true and &quot;view&quot; option exists" duration="2"/>
    <testCase name="handleDropdown should return an empty array if locked parameter is true and &quot;view&quot; option does not exist" duration="2"/>
    <testCase name="handleDropdown should return an array with only &quot;view&quot; option if isChecker parameter is true and &quot;view&quot; option exists" duration="2"/>
    <testCase name="handleHeaders should filter out &apos;created_by&apos; when isChecker is true" duration="2"/>
    <testCase name="handleHeaders should filter out &apos;approved_By&apos; when isChecker is false" duration="4"/>
    <testCase name="handleDownload should generate CSV for requests category" duration="14"/>
    <testCase name="handleDownload should generate CSV for product category" duration="4"/>
    <testCase name="handleDownload should not generate CSV if downloadData is empty" duration="2"/>
  </file>
  <file path="/Users/work/Documents/retailcore-mfe-investment-management/src/__tests__/components/forms/MultiSelectForm2.tsx">
    <testCase name="handleChange should add a new value to selectedOptions array when it doesnt already exist" duration="16"/>
    <testCase name="handleChange should remove a value from selectedOptions array when it already exists" duration="2"/>
    <testCase name="handleChange should handle null or undefined value parameter" duration="3"/>
    <testCase name="handleChange should handle null or undefined setSelectedOptions parameter" duration="7"/>
    <testCase name="handleChange should handle null or undefined id parameter" duration="2"/>
    <testCase name="closeDropdown should set isOpen state to false when called with setIsOpen(false)" duration="4"/>
    <testCase name="closeDropdown should not throw an error when called with setIsOpen" duration="3"/>
    <testCase name="closeDropdown should not have any side effects other than setting isOpen state to false" duration="3"/>
    <testCase name="closeDropdown should not affect any other state or props" duration="3"/>
    <testCase name="MultiSelectForm2 should render a search input with the provided placeholder prop" duration="32"/>
    <testCase name="MultiSelectForm2 should render a list of options with checkboxes" duration="14"/>
    <testCase name="MultiSelectForm2 should render a default placeholder when no placeholder prop is provided" duration="9"/>
    <testCase name="handleClick should register inputName when called" duration="8"/>
    <testCase name="handleClick should set value for inputName to selectedOptions when called" duration="2"/>
    <testCase name="handleClick should call handleSelected with inputName and selectedOptions when called" duration="3"/>
    <testCase name="MultiSelectForm2 renders error message when there are errors" duration="11"/>
  </file>
</testExecutions>