<?xml version="1.0" encoding="UTF-8"?>
<testExecutions version="1">
  <file path="/Users/work/Documents/retailcore-mfe-investment-management/src/__tests__/MessagesComponent.test.tsx">
    <testCase name="MessagesComponent renders confirm message without error" duration="462"/>
    <testCase name="MessagesComponent calls handleConfirm and calls setIsConfirmOpen with false when Confirm button is clicked" duration="334"/>
    <testCase name="MessagesComponent calls setIsConfirmOpen with false when cancel button is clicked" duration="153"/>
    <testCase name="MessagesComponent Renders success message" duration="125"/>
    <testCase name="MessagesComponent returns user to dashboard when user clicks on the dashboard link" duration="148"/>
    <testCase name="MessagesComponent Renders Failure message" duration="221"/>
    <testCase name="MessagesComponent Renders Detail component" duration="167"/>
    <testCase name="MessagesComponent Renders Deactivation modals" duration="136"/>
    <testCase name="MessagesComponent Renders loading while deleteLoading == true" duration="72"/>
    <testCase name="MessagesComponent Renders loading while deleteLoading == true" duration="80"/>
  </file>
</testExecutions>