<?xml version="1.0" encoding="UTF-8"?>
<testExecutions version="1">
  <file path="/Users/work/Documents/retailcore-mfe-investment-management/src/__tests__/modals/PartLiquidation.test.tsx">
    <testCase name="PartLiquidation should render the component with default props" duration="210"/>
    <testCase name="PartLiquidation should close the modal when the cancel button is clicked" duration="108"/>
    <testCase name="PartLiquidation should display the entered value in the amount input" duration="101"/>
  </file>
</testExecutions>