<?xml version="1.0" encoding="UTF-8"?>
<testExecutions version="1">
  <file path="/Users/user/Documents/GitHub/retailcore-mfe-investment-management/src/__tests__/components/ui/CascadingDropdown.test.tsx">
    <testCase name="CascadingDropdown should render a dropdown button with a label and a list of items" duration="134"/>
    <testCase name="CascadingDropdown should display the list of items when the dropdown button is clicked" duration="30"/>
    <testCase name="CascadingDropdown should allow the user to click on an item and navigate to its link" duration="22"/>
    <testCase name="CascadingDropdown should render a dropdown button with a default label when no label is provided" duration="16"/>
    <testCase name="CascadingDropdown should render a dropdown button with default classes when no classes are provided" duration="14"/>
    <testCase name="CascadingDropdown should render a dropdown button with no items when no items are provided" duration="30"/>
    <testCase name="CascadingDropdown renders label and items correctly" duration="24"/>
  </file>
  <file path="/Users/user/Documents/GitHub/retailcore-mfe-investment-management/src/__tests__/forms/DateSelect.test.tsx">
    <testCase name="DateSelect renders without errors" duration="469"/>
    <testCase name="DateSelect Shows datePicker on button click" duration="634"/>
    <testCase name="closeDropdown should set isOpen state to false when called with setIsOpen function" duration="30"/>
    <testCase name="closeDropdown should not throw an error when called with setIsOpen function" duration="8"/>
    <testCase name="closeDropdown should not modify any other state or props" duration="3"/>
    <testCase name="handleClick should set the duration to the value of the clicked item" duration="6"/>
    <testCase name="handleClick should set both start and end dates to null when duration is falsy" duration="23"/>
    <testCase name="handleClick should handle gracefully if the item value is not a number" duration="3"/>
    <testCase name="onChange should set start and end date in state object when given an array of dates" duration="3"/>
    <testCase name="onChange should handle null values for start and end dates" duration="4"/>
    <testCase name="onChange should update the state object with new start and end dates" duration="3"/>
    <testCase name="onChange should handle invalid input types" duration="6"/>
    <testCase name="onChange should handle invalid input values" duration="3"/>
    <testCase name="onChange should handle unexpected input formats" duration="27"/>
    <testCase name="closeDropdown should set isOpen state to false when called with setIsOpen function" duration="13"/>
    <testCase name="closeDropdown should not have any side effects other than setting isOpen state to false" duration="3"/>
  </file>
  <file path="/Users/user/Documents/GitHub/retailcore-mfe-investment-management/src/__tests__/components/forms/MultiSelect.test.tsx">
    <testCase name="MultiSelect renders without crashing" duration="53"/>
    <testCase name="MultiSelect opens and closes dropdown when clicked" duration="82"/>
    <testCase name="MultiSelect should toggle dropdown when button is clicked" duration="162"/>
    <testCase name="MultiSelect should select/deselect option when checkbox is clicked" duration="111"/>
    <testCase name="MultiSelect should render correctly with an empty options array" duration="78"/>
    <testCase name="MultiSelect should check select all" duration="46"/>
    <testCase name="MultiSelect should update checkbox state when props change" duration="65"/>
    <testCase name="closeDropdown should set isOpen state to false when setIsOpen is called with false" duration="20"/>
    <testCase name="closeDropdown should handle setIsOpen being called with a boolean value" duration="3"/>
    <testCase name="handleChange should add a new option to selectedOptions array when it does not exist" duration="3"/>
    <testCase name="handleChange should remove an option from selectedOptions array when it already exists" duration="10"/>
    <testCase name="handleChange should call setSelectedOptions with the same array when an option is already selected" duration="15"/>
  </file>
  <file path="/Users/user/Documents/GitHub/retailcore-mfe-investment-management/src/__tests__/components/product-information.test.tsx">
    <testCase name="ProductInformation should render the form without errors" duration="501"/>
    <testCase name="ProductInformation Changes values" duration="567"/>
    <testCase name="ProductInformation should handle input and display character count" duration="206"/>
    <testCase name="ProductInformation should update character count for product name in real-time" duration="407"/>
    <testCase name="ProductInformation should display negative character count message for product name with more than 50 characters" duration="150"/>
    <testCase name="ProductInformation Should show error when invalid name is typed" duration="476"/>
    <testCase name="ProductInformation Should show error when description is too short" duration="108"/>
    <testCase name="handleValidatingName should trigger productName and clear errors when nameIsSuccess is true and charLeft is less than 47" duration="18"/>
    <testCase name="handleValidatingName should assign error to productName and set setIsNameOkay to false when nameIsError is true" duration="4"/>
    <testCase name="handleValidatingName should not trigger productName and clear errors when nameIsSuccess is true but charLeft is greater than or equal to 47" duration="16"/>
    <testCase name="handleValidatingName should not assign error to productName when nameIsError is true but nameError is undefined" duration="3"/>
    <testCase name="handleValidatingName should not throw an error when setIsNameOkay is undefined" duration="3"/>
    <testCase name="InputDiv should render a div element with class &apos;w-full flex flex-col gap-2&apos;" duration="21"/>
    <testCase name="InputDiv should render the children passed as props inside the div element" duration="5"/>
    <testCase name="InputDiv should accept any valid React element as children" duration="17"/>
    <testCase name="InputDiv should render an empty div element if no children are passed as props" duration="7"/>
    <testCase name="InputDiv should not render any additional elements or components" duration="16"/>
    <testCase name="handleName should update character count, clear errors, set current name, and handle validation" duration="3"/>
    <testCase name="handleName should set character count based on name length" duration="6"/>
    <testCase name="handleName should clear errors on productName field" duration="3"/>
    <testCase name="handleName should set current name to watchName" duration="3"/>
    <testCase name="handleName should set disabled to true if watchName length is less than or equal to 3" duration="4"/>
    <testCase name="handleName should compare watchName to formData.oldValue" duration="5"/>
    <testCase name="handleName should validate name with productId if provided" duration="3"/>
    <testCase name="handleSlogan should call setSloganCharLeft with the correct remainder value when watchSlogan is not null" duration="3"/>
    <testCase name="handleSlogan should call setIsSloganOkay with true when watchSlogan is not null and has length greater than 0" duration="2"/>
    <testCase name="handleSlogan should call setIsSloganOkay with false when watchSlogan is null or has length 0" duration="26"/>
    <testCase name="handleSlogan should call setSloganCharLeft with defaultSloganLength when watchSlogan is an empty string" duration="2"/>
    <testCase name="handleSlogan should call setSloganCharLeft with a negative remainder value when watchSlogan is a string with length greater than defaultSloganLength" duration="2"/>
    <testCase name="ProductInformation should render the form with the correct inputs and labels" duration="197"/>
    <testCase name="ProductInformation should populate the form with default values from formData prop" duration="158"/>
    <testCase name="ProductInformation should update the form values when formData prop changes" duration="147"/>
    <testCase name="ProductInformation should handle empty form data prop" duration="130"/>
    <testCase name="ProductInformation should handle missing or invalid form inputs" duration="185"/>
    <testCase name="ProductInformation should handle long product names and slogans" duration="180"/>
    <testCase name="handleName should handle name with debounce" duration="3"/>
    <testCase name="handleName should handle name without debounce" duration="15"/>
  </file>
  <file path="/Users/user/Documents/GitHub/retailcore-mfe-investment-management/src/__tests__/IndexComponent.test.tsx">
    <testCase name="IndexComponent Renders without error" duration="764"/>
    <testCase name="IndexComponent should display the TopBar component" duration="291"/>
    <testCase name="handleToggle should set isChecker to true and hideCreate to true when selected option includes &quot;approved&quot;" duration="6"/>
    <testCase name="handleToggle should set isChecker to true and hideCreate to true when selected option includes &quot;sent&quot;" duration="6"/>
    <testCase name="handleToggle should set isChecker to false and hideCreate to false when selected option does not include &quot;approved&quot; or &quot;sent&quot;" duration="3"/>
    <testCase name="handleToggle should not throw an error and change values to &apos;false&apos; when selected values when selected value is null" duration="14"/>
    <testCase name="handleToggle should not throw an error and change values to &apos;false&apos; when selected values does not have a text property" duration="3"/>
    <testCase name="handleToggle should not throw an error and change values to &apos;false&apos; when selected values when selected value has a null text property" duration="14"/>
    <testCase name="handleChange should update query object with selected filter and reset page to 1" duration="3"/>
    <testCase name="handleChange should set status_In property of query object to null when activeType is &quot;all&quot;" duration="12"/>
    <testCase name="handleChange should update query object when activeType is not a valid string" duration="77"/>
    <testCase name="handleChange should update query object when category is not a valid string" duration="9"/>
    <testCase name="handleRefresh should call getProducts and prodStatRefetch with updated query when category is AllProducts" duration="5"/>
    <testCase name="handleRefresh should call getRequests and requestRefetch with updated query when category is Requests" duration="31"/>
    <testCase name="handleRefresh should call getRequests and RequestRefetch when category is undefined" duration="3"/>
    <testCase name="handleRefresh should call getProducts and getStatRefresh when StatusCategory type === &apos;all products&apos; " duration="3"/>
    <testCase name="handleSearch Should call setQuery with the provided values" duration="2"/>
    <testCase name="IndexComponent handles search input change and sets search state" duration="233"/>
    <testCase name="IndexComponent handles search and calls appropriate functions" duration="208"/>
  </file>
  <file path="/Users/user/Documents/GitHub/retailcore-mfe-investment-management/src/__tests__/forms/Select.test.tsx">
    <testCase name="Select renders without crashing" duration="98"/>
    <testCase name="Select matches snapshot" duration="54"/>
    <testCase name="Select shows the selected option" duration="23"/>
    <testCase name="Select opens the dropdown when clicked" duration="102"/>
    <testCase name="Select calls onChange when option selected" duration="193"/>
  </file>
  <file path="/Users/user/Documents/GitHub/retailcore-mfe-investment-management/src/__tests__/forms/ComboSelect.test.tsx">
    <testCase name="ComboSelect renders without crashing" duration="67"/>
    <testCase name="ComboSelect matches snapshot" duration="53"/>
    <testCase name="ComboSelect should open the dropdown when the button is clicked" duration="116"/>
    <testCase name="ComboSelect should update selected options when all products and their members are selected" duration="94"/>
    <testCase name="ComboSelect should update selected options when a product and its members are deselected" duration="76"/>
    <testCase name="ComboSelect should update selected options when all products and their members are deselected" duration="49"/>
    <testCase name="ComboSelect should filter the options correctly when searching for a product" duration="40"/>
    <testCase name="ComboSelect should update selected options when a product and its members are selected" duration="63"/>
    <testCase name="closeDropdown should set isOpen state to false when called with setIsOpen(false)" duration="9"/>
    <testCase name="closeDropdown should not throw an error when called with setIsOpen(undefined)" duration="5"/>
    <testCase name="closeDropdown should not throw an error when called with setIsOpen(null)" duration="2"/>
    <testCase name="closeDropdown should not throw an error when called with setIsOpen(0)" duration="3"/>
    <testCase name="closeDropdown should not throw an error when called with setIsOpen(&quot;&quot;)" duration="23"/>
    <testCase name="closeDropdown should not throw an error when called with setIsOpen({})" duration="8"/>
    <testCase name="handleChange should add a new product to selOptions if it doesnt exist" duration="3"/>
    <testCase name="handleChange should remove a product from selOptions if it already exists" duration="14"/>
    <testCase name="productContainsMember should return true when the product contains the member" duration="2"/>
    <testCase name="productContainsMember should return false when the product does not contain the member" duration="2"/>
    <testCase name="productContainsMember should return false when the product is empty" duration="3"/>
    <testCase name="productContainsMember should return false when the member is empty" duration="7"/>
    <testCase name="productContainsMember should return false when the member is null" duration="2"/>
    <testCase name="addNewProduct should return a new array with the new product added to the end of the input array" duration="2"/>
    <testCase name="addNewProduct should not modify the input array" duration="5"/>
    <testCase name="addNewProduct should work with an empty input array" duration="13"/>
    <testCase name="createProduct should return an object with &quot;product&quot; and &quot;members&quot; properties when valid id and members are provided" duration="3"/>
    <testCase name="createProduct should return an object with an empty &quot;members&quot; array when no members are provided" duration="2"/>
    <testCase name="createProduct should handle special characters and spaces in id and member names" duration="2"/>
    <testCase name="createProduct should handle a large number of members" duration="26"/>
    <testCase name="createProduct should handle empty strings as id and member names" duration="3"/>
    <testCase name="handleMemberToggle should add member to product when member is not selected" duration="12"/>
    <testCase name="handleMemberToggle should remove member from product when member is already selected" duration="2"/>
    <testCase name="handleMemberToggle should add product and member to selected options when product is not selected" duration="9"/>
    <testCase name="handleMemberToggle should add member to product when product is already selected but with no members" duration="3"/>
    <testCase name="handleMemberToggle should add member to product when product is already selected with other members" duration="7"/>
    <testCase name="addMemberToProduct should add a member to a product with no existing members" duration="2"/>
    <testCase name="addMemberToProduct should add a member to a product with existing members" duration="8"/>
    <testCase name="addMemberToProduct should return the original products array if memberId is undefined" duration="3"/>
    <testCase name="addMemberToProduct should return the original products array if memberId is already in the product" duration="2"/>
    <testCase name="removeMemberFromProduct should remove a member from a product with multiple members" duration="2"/>
    <testCase name="removeMemberFromProduct should remove a member from a product with only one member" duration="3"/>
    <testCase name="removeMemberFromProduct should handle removing a non-existent member from a product" duration="3"/>
  </file>
  <file path="/Users/user/Documents/GitHub/retailcore-mfe-investment-management/src/__tests__/pages/investment/term-deposit/create-term-deposit/Summary.test.tsx">
    <testCase name="Container should render a div element with the correct class" duration="54"/>
    <testCase name="Container should render the children passed to it" duration="11"/>
    <testCase name="Container should render without any children" duration="29"/>
    <testCase name="Container should render without any children" duration="8"/>
    <testCase name="Container should render without any children" duration="13"/>
    <testCase name="Summary should render the component without crashing" duration="408"/>
    <testCase name="Summary should display the correct title and breadcrumbs" duration="209"/>
  </file>
  <file path="/Users/user/Documents/GitHub/retailcore-mfe-investment-management/src/__tests__/components/summary/IndexComponent.test.tsx">
    <testCase name="IndexComponent Renders without crashing" duration="238"/>
  </file>
  <file path="/Users/user/Documents/GitHub/retailcore-mfe-investment-management/src/__tests__/forms/InfoLabel.test.tsx">
    <testCase name="InfoLabel Renders without errors" duration="95"/>
  </file>
  <file path="/Users/user/Documents/GitHub/retailcore-mfe-investment-management/src/__tests__/modals/ProductDetail.test.tsx">
    <testCase name="ProductDetail Should show product data when available" duration="403"/>
    <testCase name="ProductDetail Show spinner when loading" duration="161"/>
    <testCase name="ProductDetail Shows nothng when setOpen is false" duration="42"/>
  </file>
  <file path="/Users/user/Documents/GitHub/retailcore-mfe-investment-management/src/__tests__/components/Dropdown.test.tsx">
    <testCase name="Dropdown renders without crashing" duration="70"/>
    <testCase name="Dropdown matches snapshot" duration="75"/>
    <testCase name="Dropdown selects the right icon" duration="24"/>
    <testCase name="Dropdown renders right icon when button is clicked" duration="153"/>
    <testCase name="Dropdown applies active class to the selected option" duration="99"/>
    <testCase name="handleIcons should return the correct React component for each input value" duration="8"/>
    <testCase name="handleIcons should handle all valid input values" duration="9"/>
    <testCase name="TestDrop should render a button with children passed as props" duration="30"/>
    <testCase name="TestDrop should render a dropdown menu on button click" duration="100"/>
    <testCase name="TestDrop should render menu items based on options passed as props" duration="92"/>
    <testCase name="TestDrop should not render dropdown menu when trigger button is not clicked" duration="23"/>
    <testCase name="TestDrop should not render menu items when options prop is not passed" duration="64"/>
  </file>
  <file path="/Users/user/Documents/GitHub/retailcore-mfe-investment-management/src/__tests__/components/summary/Actions.test.tsx">
    <testCase name="Actions should renderWithProviders a div element with specific class and styling" duration="123"/>
    <testCase name="Actions should call the corresponding functions when Cancel, Modify, or Submit buttons are clicked" duration="56"/>
    <testCase name="Actions should call the corresponding functions when Print, Share, or Return to dashboard buttons are clicked" duration="38"/>
    <testCase name="Actions should set the confirm text to &quot;Product creation approve&quot; when sub_type is not provided and action is &quot;approve&quot;" duration="16"/>
    <testCase name="Actions should set the confirm text to &quot;Product creation reject&quot; when sub_type is not provided and action is &quot;reject&quot;" duration="22"/>
    <testCase name="Actions should set the confirm text to &quot;Product activation approve&quot; when sub_type is &quot;activation&quot; and action is &quot;approve&quot;" duration="81"/>
    <testCase name="Actions Should call initiate verdict" duration="132"/>
  </file>
  <file path="/Users/user/Documents/GitHub/retailcore-mfe-investment-management/src/__tests__/modals/Rejection.test.tsx">
    <testCase name="handleSuccess should set options for ProductSearch component when userIsSuccess is true and branchMembersData is not null or undefined" duration="25"/>
    <testCase name="handleSuccess should not call setUsers when userIsSuccess is false" duration="3"/>
    <testCase name="handleSuccess should call setUsers with an empty array when branchMembersData is an empty array" duration="4"/>
    <testCase name="Rejection should render the Rejection modal with the correct UI and props" duration="914"/>
    <testCase name="Rejection should display the correct title and labels for the form inputs" duration="242"/>
  </file>
  <file path="/Users/user/Documents/GitHub/retailcore-mfe-investment-management/src/__tests__/forms/FormDate.test.tsx">
    <testCase name="FormDate component should update date on date change" duration="288"/>
    <testCase name="FormDate component should display error message when there is an error" duration="137"/>
  </file>
  <file path="/Users/user/Documents/GitHub/retailcore-mfe-investment-management/src/__tests__/pages/investment/term-deposit/create-term-deposit/IndexComponent.test.tsx">
    <testCase name="IndexComponent renders" duration="428"/>
  </file>
  <file path="/Users/user/Documents/GitHub/retailcore-mfe-investment-management/src/__tests__/Sterling-investment.tsx">
    <testCase name="microfrontend bootstraps the app" duration="24"/>
    <testCase name="microfrontend mounts and unmounts" duration="53"/>
  </file>
  <file path="/Users/user/Documents/GitHub/retailcore-mfe-investment-management/src/__tests__/liquidity-setup.test.tsx">
    <testCase name="LiquiditySetup Renders without error" duration="261"/>
  </file>
  <file path="/Users/user/Documents/GitHub/retailcore-mfe-investment-management/src/__tests__/App.test.tsx">
    <testCase name="Test App Component If App is rendered wihout issues" duration="75"/>
  </file>
  <file path="/Users/user/Documents/GitHub/retailcore-mfe-investment-management/src/__tests__/pricing-config.test.tsx">
    <testCase name="PricingConfig renders without errors" duration="477"/>
  </file>
  <file path="/Users/user/Documents/GitHub/retailcore-mfe-investment-management/src/__tests__/components/SideLabelSearchSelect.test.tsx">
    <testCase name="InputDivs should render a div with a label and a child div" duration="67"/>
    <testCase name="InputDivs should display a RedDot component next to the label" duration="14"/>
    <testCase name="InputDivs should accept a label prop and render it as text" duration="14"/>
    <testCase name="InputDivs should render without a label when label prop is not provided" duration="14"/>
    <testCase name="InputDivs should render without a child div when children prop is not provided" duration="19"/>
    <testCase name="InputDivs should render an empty label when label prop is an empty string" duration="26"/>
    <testCase name="SideLabelSearchSelect should render the component with default props and input options" duration="219"/>
    <testCase name="SideLabelSearchSelect should handle empty input field correctly" duration="72"/>
    <testCase name="SideLabelSearchSelect should handle long input field values correctly" duration="94"/>
    <testCase name="SideLabelSearchSelect should handle special characters in input field values correctly" duration="84"/>
  </file>
  <file path="/Users/user/Documents/GitHub/retailcore-mfe-investment-management/src/__tests__/components/forms/MinMaxInput.test.tsx">
    <testCase name="MinMaxInput should render an input field with default value and placeholder" duration="44"/>
    <testCase name="MinMaxInput should allow user input and trigger change event" duration="26"/>
    <testCase name="MinMaxInput should clear errors when input value changes" duration="16"/>
    <testCase name="MinMaxInput should display red border when there is an error" duration="21"/>
    <testCase name="MinMaxInput should not display red border when there is no error" duration="56"/>
    <testCase name="MinMaxInput should display default placeholder if not provided" duration="20"/>
    <testCase name="MinMaxInput renders without errors" duration="82"/>
    <testCase name="MinMaxInput handles value change" duration="100"/>
  </file>
  <file path="/Users/user/Documents/GitHub/retailcore-mfe-investment-management/src/__tests__/components/Pages/term-deposit/forms/toggle-input-children.test.tsx">
    <testCase name="ToggleInputChildren should render the label and a switch component when rendered" duration="105"/>
    <testCase name="ToggleInputChildren should toggle the switch component on click" duration="59"/>
    <testCase name="ToggleInputChildren should set the default value of the switch component if defaultValue prop is not null" duration="34"/>
    <testCase name="ToggleInputChildren should not set the default value of the switch component if defaultValue prop is null" duration="29"/>
    <testCase name="ToggleInputChildren should call setValue and trigger with the correct inputName when the switch component is toggled" duration="43"/>
  </file>
  <file path="/Users/user/Documents/GitHub/retailcore-mfe-investment-management/src/__tests__/components/Pages/term-deposit/forms/accounting-entries-and-events.test.tsx">
    <testCase name="AccountingEntriesAndEvents Renders without error" duration="224"/>
    <testCase name="AccountingEntriesAndEvents Should change gli inputs value" duration="124"/>
  </file>
  <file path="/Users/user/Documents/GitHub/retailcore-mfe-investment-management/src/__tests__/components/StatusCard.test.tsx">
    <testCase name="StatusCard Renders without error" duration="151"/>
    <testCase name="StatusButton Renders without error" duration="8"/>
    <testCase name="StatusButton Shows spinner while loading" duration="51"/>
    <testCase name="sortOptions Sorts and returns expected options in &apos;all products&apos; category" duration="7"/>
    <testCase name="sortOptions Sorts and returns expected options in &apos;requests&apos; category" duration="13"/>
    <testCase name="StatusCategoryButton should handle button click and apply styles" duration="24"/>
    <testCase name="handleActiveType Sets status to &quot;&quot; when activeType === all " duration="4"/>
    <testCase name="handleActiveType Sets status according to various activeTypes" duration="16"/>
    <testCase name="filterDefaultOptions should return an array of objects filtered from" duration="3"/>
    <testCase name="filterDefaultOptions should not contain objects withroperty equal  or" duration="3"/>
    <testCase name="filterDefaultOptions should contain objects withroperty equal  or only" duration="12"/>
    <testCase name="filterDefaultOptions should contain objects withroperty equal  only" duration="2"/>
    <testCase name="filterDefaultOptions should contain objects withroperty equal to only" duration="5"/>
    <testCase name="StatusButton should render button element with correct type and styling" duration="9"/>
    <testCase name="StatusButton should display correct count when isLoading is false" duration="29"/>
    <testCase name="StatusButton should display spinner when isLoading is true" duration="22"/>
    <testCase name="StatusButton should render button element with correct type and styling when count returns undefined" duration="35"/>
    <testCase name="StatusButton should render button element with correct type and styling when count returns null" duration="9"/>
    <testCase name="StatusButton should render button element with correct type and styling when analyticsData is undefined" duration="15"/>
    <testCase name="StatusButton should render button element with correct type and styling" duration="9"/>
    <testCase name="StatusButton should display correct count based on provided analytics data" duration="5"/>
    <testCase name="StatusButton should display spinner animation when isLoading is true" duration="24"/>
    <testCase name="StatusButton should handle missing or invalid item prop" duration="5"/>
    <testCase name="StatusButton should handle missing or invalid analyticsData prop" duration="16"/>
    <testCase name="StatusButton should handle missing or invalid setActiveType prop" duration="13"/>
    <testCase name="count should return the correct count for each status type" duration="17"/>
    <testCase name="count should return 0 when the input item type is not recognized" duration="3"/>
    <testCase name="count should return 0 when the analyticsData is null" duration="4"/>
    <testCase name="count should return 0 when the analyticsData is undefined" duration="14"/>
    <testCase name="count should return 0 when the input item type is null" duration="2"/>
    <testCase name="count should return 0 when the input item type is undefined" duration="3"/>
    <testCase name="count should return 0 when the input item type is an empty string" duration="2"/>
    <testCase name="handleClick should set the category state to the selected item type" duration="10"/>
    <testCase name="handleClick should set the selected state to the first item of ProductOptions if category is AllProducts" duration="3"/>
    <testCase name="handleClick should set the selected state to the first item of RequestOptions if category is not AllProducts" duration="2"/>
    <testCase name="handlePermission should set filtered product options to ProductOptions when user has relevant permissions" duration="3"/>
    <testCase name="handlePermission should disable created_by_anyone and approved_system_wide options in filtered product options when user does not have relevant permissions" duration="4"/>
    <testCase name="handlePermission should set filtered request options to RequestOptions when user has relevant permissions" duration="3"/>
    <testCase name="handlePermission should do nothing when permissions is empty" duration="8"/>
    <testCase name="handlePermission should disable all options in filtered product options when user does not have any relevant permissions" duration="4"/>
    <testCase name="handlePermission should disable all options in filtered request options when user does not have any relevant permissions" duration="23"/>
  </file>
  <file path="/Users/user/Documents/GitHub/retailcore-mfe-investment-management/src/__tests__/ProductDetail.test.tsx">
    <testCase name="ProductDetail Renders without crashing" duration="292"/>
    <testCase name="ProductDetail Renders without crashing" duration="83"/>
    <testCase name="ProductDetail should render data rows correctly" duration="32"/>
    <testCase name="ProductDetail should handle no previous data available" duration="133"/>
    <testCase name="DebitCreditable should render product details correctly" duration="134"/>
    <testCase name="DebitCreditable should display an empty table when dataTab prop is an empty array" duration="25"/>
    <testCase name="DebitCreditable should display the correct S|N value for each row" duration="11"/>
  </file>
  <file path="/Users/user/Documents/GitHub/retailcore-mfe-investment-management/src/__tests__/components/TopBar.test.tsx">
    <testCase name="Tabs should renderWithProviders a list of tabs with titles and urls" duration="140"/>
    <testCase name="should set active tab and update search term" duration="116"/>
    <testCase name="renderWithProviderss TopBar component" duration="62"/>
    <testCase name="getSearchResult should call getProducts with correct parameters and set search results" duration="45"/>
    <testCase name="getSearchResult should set search results to empty array when given empty string value" duration="110"/>
    <testCase name="Tabs should renderWithProviders tabs with correct titles and styles" duration="95"/>
    <testCase name="Tabs should update active tab and navigate to correct URL when a tab is clicked" duration="140"/>
    <testCase name="TopBar should renderWithProviders the top bar component without errors" duration="49"/>
    <testCase name="TopBar should display the Product Factory title" duration="40"/>
    <testCase name="TopBar should display the Create new product button" duration="20"/>
    <testCase name="TopBar should disable the Create new product button when permissions are not provided" duration="120"/>
  </file>
  <file path="/Users/user/Documents/GitHub/retailcore-mfe-investment-management/src/__tests__/forms/CustomComboSelect.test.tsx">
    <testCase name="CustomComboSelect sets the input value when an option is selected" duration="583"/>
    <testCase name="CustomComboSelect handles default value correctly" duration="216"/>
    <testCase name="CustomComboSelect renders &quot;No data&quot; when there are no options" duration="94"/>
    <testCase name="CustomComboSelect Renders without errors" duration="55"/>
    <testCase name="handleDefault should set the selected item to the corresponding value in options when defaultValue matches an item name in options" duration="11"/>
    <testCase name="handleDefault should handle case sensitivity when matching defaultValue to item names in options" duration="85"/>
    <testCase name="classNames should return an empty string when no arguments are passed" duration="6"/>
    <testCase name="classNames should return a single class name when only one argument is passed" duration="3"/>
    <testCase name="classNames should return a concatenated string of class names when multiple arguments are passed" duration="31"/>
    <testCase name="classNames should handle very long class names and a large number of arguments without crashing" duration="3"/>
    <testCase name="classNames should handle special characters and unicode characters in class names" duration="3"/>
  </file>
  <file path="/Users/user/Documents/GitHub/retailcore-mfe-investment-management/src/__tests__/components/SearchInput.test.tsx">
    <testCase name="handleInputChange should call setInputValue with the event target value" duration="36"/>
    <testCase name="SearchInput should render search input field with default props" duration="57"/>
    <testCase name="SearchInput applies custom CSS classes" duration="20"/>
    <testCase name="SearchInput should update input field when user inputs a search term" duration="34"/>
    <testCase name="SearchInput should update input field when user inputs a search term and isTruncated is true" duration="19"/>
    <testCase name="closeBox should set search results to an empty array" duration="23"/>
    <testCase name="closeBox should set show box state to false" duration="5"/>
    <testCase name="closeBox should handle setSearchResults parameter not being a function" duration="45"/>
    <testCase name="closeBox should handle setShowBox parameter not being a function" duration="4"/>
    <testCase name="closeBox should handle multiple calls in a row" duration="5"/>
    <testCase name="SearchValues should call handleClick when search item is clicked" duration="41"/>
    <testCase name="SearchItem should render a div element with an empty className" duration="7"/>
    <testCase name="SearchItem should render a span element with the specified className when type is &quot;general&quot;" duration="48"/>
    <testCase name="SearchItem should render a div element when item.products.length &gt; 0" duration="38"/>
    <testCase name="SearchItem should render a div element when item is undefined" duration="10"/>
  </file>
  <file path="/Users/user/Documents/GitHub/retailcore-mfe-investment-management/src/__tests__/forms/Checkbox.test.tsx">
    <testCase name="Checkbox renders without crashing" duration="118"/>
    <testCase name="Checkbox matches snapshot" duration="24"/>
    <testCase name="Checkbox displays the label" duration="32"/>
    <testCase name="Checkbox initially renders unchecked" duration="26"/>
    <testCase name="Checkbox renders checked when checked prop is true" duration="21"/>
    <testCase name="Checkbox calls onChange when clicked" duration="39"/>
    <testCase name="Checkbox should not call onChange if not provided when handleChange is invoked" duration="16"/>
  </file>
  <file path="/Users/user/Documents/GitHub/retailcore-mfe-investment-management/src/__tests__/modals/Status.test.tsx">
    <testCase name="Success Modal renders without crashing" duration="67"/>
    <testCase name="Success Modal matches snapshot" duration="19"/>
    <testCase name="Success Modal can close modal pathname !== /product-management" duration="550"/>
    <testCase name="Success Modal can close modal when canclose is true" duration="344"/>
    <testCase name="Prompt Modal renders without crashing" duration="17"/>
    <testCase name="Prompt Modal matches snapshot" duration="7"/>
    <testCase name="Prompt Modal can close modal pathname !== /product-management" duration="61"/>
    <testCase name="Prompt Modal can close modal when canclose is true" duration="87"/>
    <testCase name="Failed Modal matches snapshot" duration="16"/>
    <testCase name="Failed Modal can close modal pathname !== /product-management" duration="55"/>
    <testCase name="Failed Modal can close modal when canclose is true" duration="104"/>
  </file>
  <file path="/Users/user/Documents/GitHub/retailcore-mfe-investment-management/src/__tests__/MinMaxInput.test.tsx">
    <testCase name="MinMaxInput Renders without error" duration="59"/>
    <testCase name="MinMaxInput Renders error" duration="57"/>
    <testCase name="MinMaxInput Shows button if &apos;hasButton&apos; is true" duration="60"/>
    <testCase name="MinMaxInput Shows percent sign (%) if &apos;isPercent&apos; is true" duration="49"/>
    <testCase name="MinMaxInput sets default value" duration="25"/>
  </file>
  <file path="/Users/user/Documents/GitHub/retailcore-mfe-investment-management/src/__tests__/MultiSelect.test.tsx">
    <testCase name="MultiSelect Renders without error" duration="115"/>
    <testCase name="MultiSelect Renders options" duration="119"/>
  </file>
  <file path="/Users/user/Documents/GitHub/retailcore-mfe-investment-management/src/__tests__/components/FormStepComponent.test.tsx">
    <testCase name="FormStepComponent should render the correct number of form step items when formStepItems is not empty" duration="57"/>
    <testCase name="FormStepComponent should render the correct label for each form step item when formStepItems is not empty" duration="50"/>
    <testCase name="FormStepComponent should render the correct index for each form step item when formStepItems is not empty" duration="48"/>
    <testCase name="FormStepComponent should handle empty formStepItems array and render default form step item" duration="9"/>
    <testCase name="FormStepComponent should handle step value greater than the number of formStepItems and render last form step item" duration="30"/>
    <testCase name="FormStepComponent should handle step value less than 1 and render first form step item" duration="47"/>
  </file>
  <file path="/Users/user/Documents/GitHub/retailcore-mfe-investment-management/src/__tests__/components/QuickLinks.test.tsx">
    <testCase name="QuickLinks should renderWithProviders a container with a title and a list of links" duration="209"/>
    <testCase name="QuickLinks component renderWithProviderss QuickLinks component with suggested links" duration="40"/>
    <testCase name="QuickLinks component closes the suggested links section when close button is clicked" duration="71"/>
    <testCase name="QuickLinks component should renderWithProviders a message when isOpen state is true" duration="40"/>
    <testCase name="QuickLinks component should renderWithProviders default link when useGetLinksQuery hook returns null" duration="83"/>
    <testCase name="QuickLinks component sets links state when quickLinks is available" duration="50"/>
    <testCase name="QuickLinks component closes the suggested links section when close button is clicked" duration="124"/>
    <testCase name="handleLinksUpdate should set default link when quickLinks is empty" duration="28"/>
    <testCase name="handleLinksUpdate should add suggested link when it doesnt exist in quickLinks" duration="5"/>
    <testCase name="handleLinksUpdate should update link when it exists in quickLinks" duration="5"/>
    <testCase name="handleLinksUpdate should do nothing when isLinksQuerySuccessful is false" duration="14"/>
    <testCase name="handleLinksUpdate should do nothing when quickLinks is undefined" duration="3"/>
  </file>
  <file path="/Users/user/Documents/GitHub/retailcore-mfe-investment-management/src/__tests__/components/assets/images/excel.test.tsx">
    <testCase name="ModifySvg Renders without error" duration="58"/>
  </file>
  <file path="/Users/user/Documents/GitHub/retailcore-mfe-investment-management/src/__tests__/components/Pages/term-deposit/forms/preview.test.tsx">
    <testCase name="Preview Renders without crashing" duration="394"/>
  </file>
  <file path="/Users/user/Documents/GitHub/retailcore-mfe-investment-management/src/__tests__/components/forms/MultiSelectForm.tsx">
    <testCase name="MultiSelectForm should render a label with the provided labelName prop" duration="130"/>
    <testCase name="MultiSelectForm should render a button with the provided placeholder prop" duration="20"/>
    <testCase name="MultiSelectForm should open a dropdown with options when the button is clicked" duration="122"/>
    <testCase name="MultiSelectForm should handle the case where no options are provided" duration="77"/>
    <testCase name="MultiSelectForm should handle the case where no labelName prop is provided" duration="36"/>
    <testCase name="MultiSelectForm should handle the case where no inputName prop is provided" duration="53"/>
    <testCase name="handleChange should add a new value to selectedOptions array when it doesnt already exist" duration="10"/>
    <testCase name="handleChange should remove a value from selectedOptions array when it already exists" duration="3"/>
    <testCase name="handleChange should handle null or undefined value parameter" duration="3"/>
    <testCase name="handleChange should handle null or undefined setSelectedOptions parameter" duration="39"/>
    <testCase name="handleChange should handle null or undefined id parameter" duration="4"/>
    <testCase name="closeDropdown should set isOpen state to false when called with setIsOpen(false)" duration="3"/>
    <testCase name="closeDropdown should not throw an error when called with setIsOpen" duration="115"/>
    <testCase name="closeDropdown should not have any side effects other than setting isOpen state to false" duration="3"/>
    <testCase name="closeDropdown should not affect any other state or props" duration="3"/>
  </file>
  <file path="/Users/user/Documents/GitHub/retailcore-mfe-investment-management/src/__tests__/components/Breadcrumbs.test.tsx">
    <testCase name="Breadcrumbs renders without crashing" duration="89"/>
    <testCase name="Breadcrumbs matches snapshot" duration="41"/>
    <testCase name="Breadcrumbs displays breadcrumb links" duration="51"/>
    <testCase name="Breadcrumbs Can click on links" duration="10"/>
  </file>
  <file path="/Users/user/Documents/GitHub/retailcore-mfe-investment-management/src/__tests__/modals/SelectRequirements.test.tsx">
    <testCase name="SelectRequirements should render the modal layout with the given header and subtext" duration="316"/>
    <testCase name="SelectRequirements should render the children components passed to it" duration="82"/>
    <testCase name="SelectRequirements should render the select button when hideBtn is false" duration="218"/>
    <testCase name="SelectRequirements should render the modal layout without subtext" duration="76"/>
    <testCase name="SelectRequirements should render the modal layout without children components" duration="156"/>
    <testCase name="SelectRequirements should render the modal layout without a cancel button" duration="76"/>
  </file>
  <file path="/Users/user/Documents/GitHub/retailcore-mfe-investment-management/src/__tests__/components/investment/dashboard/TableComponent.test.tsx">
    <testCase name="handleDropdown should return an array of options based on the status, isChecker, locked, and permissions parameters" duration="26"/>
    <testCase name="handleDropdown should filter out &quot;deactivate&quot; and &quot;activate&quot; options if user does not have &quot;CREATE_PRODUCT&quot; permission" duration="3"/>
    <testCase name="handleDropdown should filter out &quot;modify&quot; option if user does not have &quot;CREATE_PRODUCT&quot; permission and is not a checker" duration="12"/>
    <testCase name="handleDropdown should return an array with only &quot;view&quot; option if locked parameter is true and &quot;view&quot; option exists" duration="13"/>
    <testCase name="handleDropdown should return an empty array if locked parameter is true and &quot;view&quot; option does not exist" duration="13"/>
    <testCase name="handleDropdown should return an array with only &quot;view&quot; option if isChecker parameter is true and &quot;view&quot; option exists" duration="3"/>
    <testCase name="handleHeaders should filter out &apos;created_by&apos; when isChecker is true" duration="8"/>
    <testCase name="handleHeaders should filter out &apos;approved_By&apos; when isChecker is false" duration="19"/>
    <testCase name="handleDownload should generate CSV for requests category" duration="6"/>
    <testCase name="handleDownload should generate CSV for product category" duration="11"/>
    <testCase name="handleDownload should not generate CSV if downloadData is empty" duration="2"/>
  </file>
  <file path="/Users/user/Documents/GitHub/retailcore-mfe-investment-management/src/__tests__/modals/Layout.test.tsx">
    <testCase name="Layout renders children and opens and closes the modal" duration="145"/>
    <testCase name="Layout should not render children when isOpen is false" duration="16"/>
    <testCase name="Layout should render dialog with correct data-testid" duration="334"/>
  </file>
  <file path="/Users/user/Documents/GitHub/retailcore-mfe-investment-management/src/__tests__/components/table/index.test.tsx">
    <testCase name="handleProductsDropdown should return an array of dropdown options based on the status parameter" duration="27"/>
    <testCase name="handleProductsDropdown should filter out options based on the isChecker parameter" duration="3"/>
    <testCase name="handleProductsDropdown should filter out options based on the permissions parameter" duration="34"/>
    <testCase name="TableComponent should render a table with headers and rows" duration="294"/>
    <testCase name="TableComponent should display a loading indicator when data is being fetched" duration="32"/>
    <testCase name="TextCellContent renders text content and dot correctly" duration="37"/>
    <testCase name="TextCellContent renders &quot;-&quot; when value is falsy" duration="158"/>
    <testCase name="TextCellContent should render nothing when value is null or undefined" duration="6"/>
    <testCase name="ProductNameCellContent renders product code correctly" duration="16"/>
    <testCase name="ProductNameCellContent renders &quot;-&quot; when product code is falsy" duration="19"/>
    <testCase name="UpdatedOnCellContent should render the date and time in the correct format" duration="9"/>
    <testCase name="UpdatedOnCellContent should render nothing when value is null or undefined" duration="20"/>
    <testCase name="UpdatedOnCellContent should render nothing when value is not a valid date" duration="387"/>
    <testCase name="UpdatedOnCellContent should render nothing when value is not a string or a date object" duration="23"/>
    <testCase name="UpdatedOnCellContent should render the date and time in the correct format for a different timezone" duration="6"/>
    <testCase name="StateCellContent should render a span element with the given value as its text content" duration="35"/>
    <testCase name="StateCellContent should apply a class to the span element based on the value passed to the function" duration="43"/>
    <testCase name="StatusCellContent should render a span element with the specific class based on the value passed as props" duration="39"/>
    <testCase name="StatusCellContent should call handleUserView function to determine the text content of the span element" duration="12"/>
    <testCase name="StatusCellContent should call handleColorState function to determine the background color of the span element" duration="87"/>
    <testCase name="StatusCellContent should render a span element with the default class and value as text content when the value passed as props does not match any of the cases in handleUserView and handleColorState" duration="57"/>
    <testCase name="StatusCellContent should default the isChecker prop to false if it is not a boolean" duration="15"/>
    <testCase name="StatusCellContent should render a FaEye icon next to the text content" duration="66"/>
    <testCase name="ActionsCellContent should render a DropdownButton component with the given dropDownOptions and onClick props" duration="99"/>
    <testCase name="ActionsCellContent should render a DropdownButton component with empty options when dropDownOptions prop is not provided" duration="512"/>
    <testCase name="handleUpdated should return null when key is &quot;state&quot; and newState is equal to value" duration="2"/>
    <testCase name="handleProductsDropdown should return an array of options based on the status and user permissions" duration="15"/>
    <testCase name="handleProductsDropdown should filter out &quot;deactivate&quot; and &quot;activate&quot; options if user does not have RE_OR_DEACTIVATE_INVESTMENT_PRODUCT permission" duration="3"/>
    <testCase name="handleProductsDropdown should filter out &quot;modify&quot; and &quot;clone&quot; options if user does not have CREATE_INVESTMENT_PRODUCT permission" duration="3"/>
    <testCase name="handleProductsDropdown should return an empty array if status is falsy" duration="2"/>
    <testCase name="handleProductsDropdown should return an empty array if DropDownOptions[status] is falsy" duration="13"/>
    <testCase name="handleUpdated should return null when key is &quot;state&quot; and newState is equal to value" duration="3"/>
    <testCase name="handleProductsDropdown should return an array of options based on the status and user permissions" duration="2"/>
    <testCase name="handleProductsDropdown should filter out &quot;deactivate&quot; and &quot;activate&quot; options if user does not have RE_OR_DEACTIVATE_INVESTMENT_PRODUCT permission" duration="5"/>
    <testCase name="handleProductsDropdown should filter out &quot;modify&quot; and &quot;clone&quot; options if user does not have CREATE_INVESTMENT_PRODUCT permission" duration="3"/>
    <testCase name="handleProductsDropdown should return an empty array if status is falsy" duration="2"/>
    <testCase name="handleProductsDropdown should return an empty array if DropDownOptions[status] is falsy" duration="3"/>
    <testCase name="handleUpdated should return time of update if value was updated" duration="6"/>
    <testCase name="handleUpdated should not return time of update if value was not updated" duration="4"/>
    <testCase name="handleUpdated should handle change of state value" duration="3"/>
    <testCase name="handleUpdated should handle non change of state value" duration="164"/>
    <testCase name="handleUpdated Should return nothing when value is null" duration="4"/>
  </file>
  <file path="/Users/user/Documents/GitHub/retailcore-mfe-investment-management/src/__tests__/forms/FormUpload.test.tsx">
    <testCase name="FormUpload renders without crashing" duration="144"/>
    <testCase name="FormUpload matches snapshot" duration="40"/>
    <testCase name="FormUpload should reset all state variables when handleReset is called" duration="55"/>
    <testCase name="handleFileChange should select a file and set the file type correctly" duration="8"/>
    <testCase name="handleFileChange should set an error message when the file size exceeds the maximum allowed size" duration="47"/>
    <testCase name="handleFileChange should set an error message when no file is selected" duration="4"/>
    <testCase name="handleFileChange should display an error message when selecting a file with an invalid extension" duration="41"/>
    <testCase name="FormUpload should display error message when selecting a file with an unsupported file type" duration="105"/>
    <testCase name="handleDrag should set dragActive to true when dragenter event is triggered" duration="3"/>
    <testCase name="handleDrag should set dragActive to true when dragover event is triggered" duration="2"/>
    <testCase name="handleDrag should set dragActive to false when dragleave event is triggered" duration="35"/>
    <testCase name="handleReset should reset upload data to an empty array" duration="3"/>
    <testCase name="handleReset should set status to null" duration="4"/>
    <testCase name="handleDrop should read and process a valid file when dropped" duration="35"/>
    <testCase name="handleDrop should process a file with a valid file type when dropped" duration="3"/>
    <testCase name="handleDrop should read and process a file with a valid file type when dropped" duration="6"/>
    <testCase name="handleDrop should process a file with a valid file type when dropped" duration="68"/>
    <testCase name="handleDrop should process a file with a valid file type when dropped" duration="2"/>
    <testCase name="handleDrop should set an error message when the file type is not supported" duration="2"/>
    <testCase name="handleDrop should set the base64 image correctly when the file is read" duration="33"/>
  </file>
  <file path="/Users/user/Documents/GitHub/retailcore-mfe-investment-management/src/__tests__/forms/BorderlessSelect.test.tsx">
    <testCase name="BorderlessSelect Renders without error" duration="242"/>
    <testCase name="BorderlessSelect Shows options when input is clicked" duration="263"/>
    <testCase name="BorderlessSelect indicates that input is required" duration="88"/>
    <testCase name="BorderlessSelect indicates error" duration="103"/>
    <testCase name="BorderlessSelect changes value when clicked and hides options" duration="192"/>
  </file>
  <file path="/Users/user/Documents/GitHub/retailcore-mfe-investment-management/src/__tests__/modals/RequestDeactivation.test.tsx">
    <testCase name="RequestDeactivation should render the component without crashing" duration="548"/>
    <testCase name="RequestDeactivation should display the deactivation request form" duration="93"/>
    <testCase name="RequestDeactivation should allow user to input reason for deactivation" duration="103"/>
    <testCase name="RequestDeactivation should display an error message when the deactivation request fails" duration="72"/>
    <testCase name="RequestDeactivation should allow user to upload supporting documents" duration="105"/>
  </file>
  <file path="/Users/user/Documents/GitHub/retailcore-mfe-investment-management/src/__tests__/components/MultiRangeSlider.test.tsx">
    <testCase name="Slider renders without crashing" duration="61"/>
    <testCase name="Slider matches snapshot" duration="15"/>
  </file>
  <file path="/Users/user/Documents/GitHub/retailcore-mfe-investment-management/src/__tests__/components/Button.test.tsx">
    <testCase name="Button renders without crashing" duration="54"/>
    <testCase name="Button renders children" duration="23"/>
    <testCase name="Button applies custom className" duration="7"/>
    <testCase name="Button can show loader" duration="25"/>
    <testCase name="Button can hide loader" duration="22"/>
    <testCase name="Button can render button elements" duration="7"/>
    <testCase name="Button calls onClick handler" duration="24"/>
  </file>
  <file path="/Users/user/Documents/GitHub/retailcore-mfe-investment-management/src/__tests__/root.component.test.tsx">
    <testCase name="Root component should be in the document" duration="47"/>
  </file>
  <file path="/Users/user/Documents/GitHub/retailcore-mfe-investment-management/src/__tests__/components/assets/images/Step.test.tsx">
    <testCase name="Step Renders without error" duration="61"/>
  </file>
  <file path="/Users/user/Documents/GitHub/retailcore-mfe-investment-management/src/__tests__/components/Loader.test.tsx">
    <testCase name="Breadcrumbs renders without crashing" duration="41"/>
    <testCase name="Breadcrumbs matches snapshot" duration="18"/>
    <testCase name="Loader should render Loader component when isOpen is true" duration="371"/>
    <testCase name="Loader should not render Loader component when isOpen is false" duration="21"/>
    <testCase name="Loader should not throw an error when setIsOpen is not provided" duration="76"/>
    <testCase name="Loader should spin the AiOutlineLoading icon when Loader component is rendered" duration="81"/>
    <testCase name="Loader should display the text prop in the Loader component" duration="51"/>
  </file>
  <file path="/Users/user/Documents/GitHub/retailcore-mfe-investment-management/src/__tests__/customer-eligibility-criteria.test.tsx">
    <testCase name="ProductInformation Renders without error" duration="232"/>
  </file>
  <file path="/Users/user/Documents/GitHub/retailcore-mfe-investment-management/src/__tests__/components/DownloadButton.tsx">
    <testCase name="DownloadButton should call handleDownload function when button is clicked" duration="102"/>
    <testCase name="DownloadButton should display the text Download" duration="24"/>
    <testCase name="DownloadButton should not throw an error when handleDownload is not provided" duration="14"/>
    <testCase name="DownloadButton should have the correct class name, type attribute, text color, background color, and gap between icon and text" duration="24"/>
  </file>
  <file path="/Users/user/Documents/GitHub/retailcore-mfe-investment-management/src/__tests__/components/ShareButton.test.tsx">
    <testCase name="ShareButton renders without crashing" duration="44"/>
    <testCase name="ShareButton triggers the share action when clicked" duration="16"/>
  </file>
  <file path="/Users/user/Documents/GitHub/retailcore-mfe-investment-management/src/__tests__/layouts/Layout.test.tsx">
    <testCase name="Layout renders AuthGuard and Outlet components" duration="54"/>
    <testCase name="handleRole should handle cases where is_superuser property is not a boolean" duration="5"/>
    <testCase name="handleRole should handle cases where is_superuser property is not a boolean" duration="12"/>
    <testCase name="handleRole should handle cases where is_superuser property is not present in user object" duration="5"/>
  </file>
  <file path="/Users/user/Documents/GitHub/retailcore-mfe-investment-management/src/__tests__/utils/handleColorState.test.tsx">
    <testCase name="handleColorState should return the correct color state for the value &quot;approved&quot;" duration="28"/>
    <testCase name="handleColorState should return the correct color state for the value &quot;A&quot;" duration="5"/>
    <testCase name="handleColorState should return the correct color state for the value &quot;in-review&quot;" duration="4"/>
    <testCase name="handleColorState should return the correct color state for the value &quot;P&quot;" duration="5"/>
    <testCase name="handleColorState should return the correct color state for the value &quot;in-issue&quot;" duration="25"/>
    <testCase name="handleColorState should return the correct color state for the value &quot;R&quot;" duration="23"/>
    <testCase name="handleColorState should return the correct color state for the value &quot;draft&quot;" duration="14"/>
    <testCase name="handleColorState should return the correct color state for the value &quot;D&quot;" duration="20"/>
    <testCase name="handleColorState should return the correct color state for the value &quot;I&quot;" duration="6"/>
  </file>
  <file path="/Users/user/Documents/GitHub/retailcore-mfe-investment-management/src/__tests__/components/PreLoader.test.tsx">
    <testCase name="renders the PreLoader component" duration="65"/>
  </file>
  <file path="/Users/user/Documents/GitHub/retailcore-mfe-investment-management/src/__tests__/components/forms/MultiSelectForm2.tsx">
    <testCase name="handleChange should add a new value to selectedOptions array when it doesnt already exist" duration="24"/>
    <testCase name="handleChange should remove a value from selectedOptions array when it already exists" duration="4"/>
    <testCase name="handleChange should handle null or undefined value parameter" duration="4"/>
    <testCase name="handleChange should handle null or undefined setSelectedOptions parameter" duration="49"/>
    <testCase name="handleChange should handle null or undefined id parameter" duration="14"/>
    <testCase name="closeDropdown should set isOpen state to false when called with setIsOpen(false)" duration="5"/>
    <testCase name="closeDropdown should not throw an error when called with setIsOpen" duration="3"/>
    <testCase name="closeDropdown should not have any side effects other than setting isOpen state to false" duration="19"/>
    <testCase name="closeDropdown should not affect any other state or props" duration="4"/>
    <testCase name="MultiSelectForm2 should render a search input with the provided placeholder prop" duration="63"/>
    <testCase name="MultiSelectForm2 should render a list of options with checkboxes" duration="13"/>
    <testCase name="MultiSelectForm2 should render a default placeholder when no placeholder prop is provided" duration="18"/>
    <testCase name="handleClick should register inputName when called" duration="11"/>
    <testCase name="handleClick should set value for inputName to selectedOptions when called" duration="10"/>
    <testCase name="handleClick should call handleSelected with inputName and selectedOptions when called" duration="17"/>
    <testCase name="MultiSelectForm2 renders error message when there are errors" duration="41"/>
  </file>
  <file path="/Users/user/Documents/GitHub/retailcore-mfe-investment-management/src/__tests__/components/forms/GlInput.tsx">
    <testCase name="closeDropdown should set isOpen state to false when called with a valid setIsOpen function" duration="41"/>
    <testCase name="EntriesAndEventsSearchResults should render a search input field with a search icon" duration="131"/>
    <testCase name="EntriesAndEventsSearchResults should allow user to input search query" duration="54"/>
    <testCase name="EntriesAndEventsSearchResults should display a dropdown menu when search input field is clicked" duration="34"/>
    <testCase name="EntriesAndEventsSearchResults should display an empty dropdown menu when there are no GL classes" duration="46"/>
    <testCase name="EntriesAndEventsSearchResults should display an empty list of ledgers when a GL class has no ledgers" duration="43"/>
    <testCase name="EntriesAndEventsSearchResults should display an error message when there is an error fetching GL classes or ledgers" duration="48"/>
    <testCase name="EntriesAndEventsSearchResults renders with default props" duration="25"/>
    <testCase name="EntriesAndEventsSearchResults handles input change and displays results" duration="65"/>
    <testCase name="EntriesAndEventsSearchResults handles click on a result and triggers functions" duration="28"/>
  </file>
  <file path="/Users/user/Documents/GitHub/retailcore-mfe-investment-management/src/__tests__/modals/Confirm.test.tsx">
    <testCase name="Confirm renders without crashing" duration="34"/>
    <testCase name="Confirm should render a modal with the given text and subtext" duration="245"/>
    <testCase name="Confirm should render a cancel buttons  and a confirm button" duration="65"/>
    <testCase name="Confirm closes modal when cancel button 1 clicked" duration="85"/>
    <testCase name="Confirm Calls onCancel when cancel button 2 clicked" duration="66"/>
    <testCase name="Confirm should call onConfirm when confirm button is clicked" duration="72"/>
  </file>
  <file path="/Users/user/Documents/GitHub/retailcore-mfe-investment-management/src/__tests__/utils/capitalizeFirstLetter.test.tsx">
    <testCase name="capitalizeFirstLetter should capitalize the first letter of a string with one word" duration="21"/>
    <testCase name="capitalizeFirstLetter should capitalize the first letter of the first word in a string with multiple words" duration="3"/>
    <testCase name="capitalizeFirstLetter should return an empty string if the input is an empty string" duration="5"/>
    <testCase name="capitalizeFirstLetter should return the input if its not a string" duration="5"/>
    <testCase name="capitalizeFirstLetter should capitalize the first letter of a string with only one letter" duration="9"/>
    <testCase name="capitalizeFirstLetter should capitalize the first letter of a string with non-alphabetic characters after the first letter" duration="4"/>
    <testCase name="capitalizeFirstLetter should capitalize the first letter of a string with numbers as the first letter" duration="7"/>
    <testCase name="capitalizeFirstLetter should capitalize the first letter of a string with a non-ASCII character as the first letter" duration="25"/>
    <testCase name="capitalizeFirstLetter should capitalize the first letter of a string with a non-ASCII character after the first letter" duration="3"/>
    <testCase name="capitalizeFirstLetter should capitalize the first letter of a string with multiple spaces between words" duration="3"/>
    <testCase name="capitalizeFirstLetter should capitalize the first letter of a non-empty string" duration="2"/>
    <testCase name="capitalizeFirstLetter should not modify an empty string" duration="21"/>
    <testCase name="capitalizeFirstLetter should return the input if it&apos;s not a string" duration="3"/>
    <testCase name="capitalizeFirstLetter should capitalize the first letter of a single-word string" duration="14"/>
    <testCase name="capitalizeFirstLetter should capitalize the first letter of each word in a sentence" duration="23"/>
    <testCase name="capitalizeFirstLetter should not modify a string with only non-alphabetic characters" duration="5"/>
    <testCase name="capitalizeFirstLetter should handle mixed case strings" duration="4"/>
    <testCase name="capitalizeFirstLetter should return a string with the first letter capitalized when input is a non-empty string" duration="3"/>
    <testCase name="capitalizeFirstLetter should return an empty string when input is an empty string" duration="14"/>
    <testCase name="capitalizeFirstLetter should return the input when it is not a string" duration="3"/>
    <testCase name="capitalizeFirstLetter should return the input when it is null" duration="2"/>
    <testCase name="capitalizeFirstLetter should return the input when it is undefined" duration="2"/>
    <testCase name="capitalizeFirstLetter should return the input when it is a number" duration="5"/>
  </file>
  <file path="/Users/user/Documents/GitHub/retailcore-mfe-investment-management/src/__tests__/components/ProductSearch.test.tsx">
    <testCase name="search input calls setSearchTerm function with debounce on input change" duration="131"/>
    <testCase name="classNames should concatenate all truthy class names into a single string" duration="4"/>
    <testCase name="classNames should ignore all falsy class names" duration="4"/>
    <testCase name="classNames should handle multiple truthy and falsy class names" duration="11"/>
    <testCase name="classNames should handle empty input" duration="3"/>
    <testCase name="classNames should handle input with only one truthy class name" duration="5"/>
    <testCase name="ProductSearch renders without crashing" duration="94"/>
    <testCase name="ProductSearch shows placeholder text" duration="13"/>
    <testCase name="ProductSearch filters options by search query" duration="23"/>
    <testCase name="ProductSearch renders the component with placeholder" duration="12"/>
    <testCase name="ProductSearch displays options when typing in the input" duration="70"/>
    <testCase name="ProductSearch applies the correct class when an option is active" duration="59"/>
    <testCase name="ProductSearch applies the correct class when an option is selected" duration="52"/>
  </file>
  <file path="/Users/user/Documents/GitHub/retailcore-mfe-investment-management/src/__tests__/components/FormTooltip.test.tsx">
    <testCase name="FormToolTip Renders without errors" duration="52"/>
  </file>
  <file path="/Users/user/Documents/GitHub/retailcore-mfe-investment-management/src/__tests__/components/AppWrapper.test.tsx">
    <testCase name="AppWrapper Component renders children within the Provider component" duration="70"/>
  </file>
  <file path="/Users/user/Documents/GitHub/retailcore-mfe-investment-management/src/__tests__/modals/Approved.test.tsx">
    <testCase name="ApprovedSuccess Modal renders without crashing" duration="45"/>
    <testCase name="ApprovedSuccess Modal matches snapshot" duration="15"/>
    <testCase name="ApprovedSuccess Modal closes modal when cancel clicked" duration="598"/>
    <testCase name="ApprovedSuccess Modal calls onConfirm when form submitted" duration="147"/>
  </file>
  <file path="/Users/user/Documents/GitHub/retailcore-mfe-investment-management/src/__tests__/utils/requestType.test.tsx">
    <testCase name="getRequestType should return &quot;bulk creation&quot; when type is &quot;BULK_CREATE&quot;" duration="12"/>
    <testCase name="getRequestType should return &quot;creation&quot; when type is &quot;CREATE&quot;" duration="3"/>
    <testCase name="getRequestType should return &quot;deactivation&quot; when type is &quot;DEACTIVATE&quot;" duration="3"/>
    <testCase name="getRequestType should return &quot;reactivation&quot; when type is &quot;REACTIVATE&quot;" duration="7"/>
    <testCase name="getRequestType should return &quot;modification&quot; when type is &quot;CHANGE&quot;" duration="3"/>
    <testCase name="getRequestType should return &quot;configuration&quot; when type is &quot;CONFIGURATION&quot;" duration="7"/>
  </file>
  <file path="/Users/user/Documents/GitHub/retailcore-mfe-investment-management/src/__tests__/components/CreateButton.test.tsx">
    <testCase name="closeButton should set isOpen state to false" duration="20"/>
    <testCase name="closeButton should set secondActive, thirdActive, and fourthActive states to empty strings" duration="4"/>
    <testCase name="closeButton should not return any value" duration="27"/>
    <testCase name="closeButton should require function parameters" duration="4"/>
    <testCase name="closeButton should not throw any errors" duration="13"/>
    <testCase name="goToUrl should navigate to the provided URL" duration="20"/>
    <testCase name="goToUrl should throw an error when url is null" duration="3"/>
    <testCase name="goToUrl should throw an error when navigate function is not a function" duration="32"/>
    <testCase name="goToUrl should handle relative URLs" duration="18"/>
    <testCase name="CreateButton should render the component without crashing" duration="81"/>
    <testCase name="CreateButton should open the dropdown menu when the button is clicked" duration="45"/>
    <testCase name="CreateButton should close the dropdown menu when clicked outside" duration="23"/>
  </file>
  <file path="/Users/user/Documents/GitHub/retailcore-mfe-investment-management/src/__tests__/MiniTermDepositDetail.test.tsx">
    <testCase name="MiniTermDepositDetail renders without error" duration="59"/>
    <testCase name="MiniTermDepositDetail Indicates new data" duration="11"/>
  </file>
  <file path="/Users/user/Documents/GitHub/retailcore-mfe-investment-management/src/__tests__/ReviewStatus.test.tsx">
    <testCase name="ReviewStatus Renders without error" duration="140"/>
    <testCase name="ReviewStatus Render for rejection case" duration="41"/>
  </file>
  <file path="/Users/user/Documents/GitHub/retailcore-mfe-investment-management/src/__tests__/components/assets/images/CancelSvg.test.tsx">
    <testCase name="CancelSvg Renders without error" duration="49"/>
  </file>
  <file path="/Users/user/Documents/GitHub/retailcore-mfe-investment-management/src/__tests__/utils/lowerObjectKeys.test.tsx">
    <testCase name="lowerObjectKeys should return an empty array when given an empty array" duration="22"/>
    <testCase name="lowerObjectKeys should return an array of objects with lowerd keys when given an array of objects with lowercase keys" duration="16"/>
    <testCase name="lowerObjectKeys should throw an error when given a non-array input" duration="9"/>
    <testCase name="lowerObjectKeys should return an array of objects with lowerd keys when given an array of objects with mixed case keys" duration="6"/>
    <testCase name="lowerObjectKeys should return an array of objects with lowerd keys when given an array of objects with only one key" duration="4"/>
    <testCase name="lowerObjectKeys should return an array of objects with lowerd keys when given an array of objects with only non-string keys" duration="20"/>
    <testCase name="lowerObjectKeys should handle objects without own properties" duration="4"/>
  </file>
  <file path="/Users/user/Documents/GitHub/retailcore-mfe-investment-management/src/__tests__/components/BottomBarLoader.test.tsx">
    <testCase name="renders the BottomBarLoader component" duration="85"/>
  </file>
  <file path="/Users/user/Documents/GitHub/retailcore-mfe-investment-management/src/__tests__/components/ActivityLog.tsx">
    <testCase name="renders the ActivityLog component with loading state" duration="47"/>
    <testCase name="renders the ActivityLog component with no activities" duration="14"/>
    <testCase name="renders the ActivityLog component with activities" duration="17"/>
  </file>
  <file path="/Users/user/Documents/GitHub/retailcore-mfe-investment-management/src/__tests__/components/ui/Icon.test.tsx">
    <testCase name="Icons should render an Icon component with the given props" duration="48"/>
  </file>
  <file path="/Users/user/Documents/GitHub/retailcore-mfe-investment-management/src/__tests__/layouts/AuthGuard.test.tsx">
    <testCase name="AuthGuard shows content if authenticated" duration="66"/>
    <testCase name="should return children when isAuthenticated is true" duration="6"/>
  </file>
  <file path="/Users/user/Documents/GitHub/retailcore-mfe-investment-management/src/__tests__/components/assets/images/ModifySvg.test.tsx">
    <testCase name="ModifySvg Renders without error" duration="52"/>
  </file>
  <file path="/Users/user/Documents/GitHub/retailcore-mfe-investment-management/src/__tests__/utils/handleUserView.test.tsx">
    <testCase name="handleUserView should return &quot;in-review&quot; when value is &quot;P&quot; and checker is false" duration="22"/>
    <testCase name="handleUserView should return &quot;pending&quot; when value is &quot;P&quot; and checker is true" duration="4"/>
    <testCase name="handleUserView should return &quot;draft&quot; when value is &quot;D&quot;" duration="5"/>
    <testCase name="handleUserView should return &quot;approved&quot; when value is &quot;A&quot;" duration="5"/>
    <testCase name="handleUserView should return &quot;in-issue&quot; when value is &quot;I&quot; and checker is false" duration="3"/>
    <testCase name="handleUserView should return &quot;rejected&quot; when value is &quot;I&quot; and checker is true" duration="19"/>
    <testCase name="handleUserView should return &quot;in-issue&quot; when value is &quot;R&quot; and checker is false" duration="12"/>
    <testCase name="handleUserView should return &quot;rejected&quot; when value is &quot;R&quot; and checker is true" duration="3"/>
    <testCase name="handleUserView should return valye when value is &quot;T&quot; and checker is true" duration="19"/>
  </file>
  <file path="/Users/user/Documents/GitHub/retailcore-mfe-investment-management/src/__tests__/utils/handleDropdown.test.tsx">
    <testCase name="handleDropdown should return an array of dropdown options when valid status and type are provided" duration="19"/>
    <testCase name="handleDropdown should return an empty array when an invalid status is provided" duration="12"/>
    <testCase name="handleDropdown should return an empty array when either status or type is falsy" duration="4"/>
    <testCase name="handleDropdown should return an array of options based on status and type" duration="8"/>
    <testCase name="handleDropdown should filter options based on permissions if CREATE_PRODUCT is not included" duration="3"/>
    <testCase name="handleDropdown should return an empty array if status is not found in firstLevel" duration="4"/>
    <testCase name="handleDropdown should return an empty array when either &quot;status&quot; or &quot;type&quot; is falsy" duration="6"/>
    <testCase name="handleDropdown should return an array of options based on &quot;status&quot; and &quot;type&quot;" duration="7"/>
    <testCase name="handleDropdown should filter options based on permissions if &quot;CREATE_PRODUCT&quot; is not included" duration="8"/>
    <testCase name="handleDropdown should return an empty array if &quot;selectedType&quot; is falsy" duration="3"/>
    <testCase name="handleDropdown should return an empty array if &quot;status&quot; is not found in &quot;DropDownOptions&quot;" duration="38"/>
    <testCase name="handleDropdown should return an empty array if &quot;type&quot; is not found in &quot;creationMap&quot;" duration="3"/>
    <testCase name="handleDropdown should return an empty array when status is falsy" duration="5"/>
    <testCase name="handleDropdown should return an empty array when type is falsy" duration="33"/>
    <testCase name="handleDropdown should return an array of options when type is in creationMap" duration="14"/>
    <testCase name="handleDropdown should return an array of options when type is not in creationMap" duration="5"/>
  </file>
  <file path="/Users/user/Documents/GitHub/retailcore-mfe-investment-management/src/__tests__/utils/test-util.test.tsx">
    <testCase name="renderWithProviders should render the UI with the Provider wrapper and the passed options" duration="43"/>
    <testCase name="renderWithProviders should return the store and the rendered UI" duration="39"/>
  </file>
  <file path="/Users/user/Documents/GitHub/retailcore-mfe-investment-management/src/__tests__/components/SelectedRequirementsTable.test.tsx">
    <testCase name="SelectedRequirementsTable Renders without errors" duration="97"/>
    <testCase name="SelectedRequirementsTable Renders selected requirement list" duration="28"/>
    <testCase name="SelectedRequirementsTable Shows message when list is empty" duration="20"/>
  </file>
  <file path="/Users/user/Documents/GitHub/retailcore-mfe-investment-management/src/__tests__/utils/convertToDays.tsx">
    <testCase name="convertToDays should return the input duration when type is 1" duration="15"/>
    <testCase name="convertToDays should use the current date as a starting point for calculations" duration="10"/>
    <testCase name="convertToDays should throw an error when an invalid duration type is provided" duration="23"/>
    <testCase name="convertToDays should return 0 when duration is 0 and type is 2, 3 or 4" duration="21"/>
    <testCase name="convertToDays should return NaN when duration is NaN and type is 2, 3 or 4" duration="5"/>
  </file>
  <file path="/Users/user/Documents/GitHub/retailcore-mfe-investment-management/src/__tests__/utils/ucObjectKeys.test.tsx">
    <testCase name="ucObjectKeys should throw an error when the input is not an array" duration="22"/>
    <testCase name="ucObjectKeys should handle an array with non-object elements as input" duration="28"/>
    <testCase name="ucObjectKeys should capitalize the keys of an array of objects with different keys" duration="4"/>
    <testCase name="ucObjectKeys should capitalize the keys of an array of objects with same keys" duration="5"/>
  </file>
  <file path="/Users/user/Documents/GitHub/retailcore-mfe-investment-management/src/__tests__/utils/convertKeysToLowerCase.test.tsx">
    <testCase name="convertKeysToLowerCase should convert all keys in a simple object to lowercase" duration="13"/>
    <testCase name="convertKeysToLowerCase should convert all keys in a nested object to lowercase" duration="3"/>
    <testCase name="convertKeysToLowerCase should return an empty object when given an empty object" duration="3"/>
    <testCase name="convertKeysToLowerCase should convert keys with one character to lowercase" duration="4"/>
    <testCase name="convertKeysToLowerCase should convert keys with all characters already lowercase" duration="9"/>
    <testCase name="convertKeysToLowerCase should convert keys with all characters already uppercase" duration="5"/>
  </file>
  <file path="/Users/user/Documents/GitHub/retailcore-mfe-investment-management/src/__tests__/components/assets/images/SubmitSvg.test.tsx">
    <testCase name="SubmitSvg Renders without error" duration="52"/>
  </file>
  <file path="/Users/user/Documents/GitHub/retailcore-mfe-investment-management/src/__tests__/utils/downloadFile.test.tsx">
    <testCase name="downloadUsingFetch should download file" duration="30"/>
  </file>
  <file path="/Users/user/Documents/GitHub/retailcore-mfe-investment-management/src/__tests__/utils/countDuplicates.test.tsx">
    <testCase name="countDuplicates should return 0 when there are no duplicates in the array" duration="18"/>
    <testCase name="countDuplicates should return the correct number of duplicates when there are duplicates in the array" duration="3"/>
    <testCase name="countDuplicates should handle arrays with multiple types of elements" duration="14"/>
    <testCase name="countDuplicates should return 0 when the array is empty" duration="6"/>
    <testCase name="countDuplicates should handle arrays with only one element" duration="3"/>
    <testCase name="countDuplicates should handle arrays with only duplicate elements" duration="16"/>
  </file>
  <file path="/Users/user/Documents/GitHub/retailcore-mfe-investment-management/src/__tests__/utils/sortTabStatus.test.tsx">
    <testCase name="sortTabStatus should return the id of the status object when the category is &quot;Requests&quot; and the value matches a status object type" duration="147"/>
    <testCase name="sortTabStatus should return the id of the status object when the category is &quot;StatusTypes&quot; and the value matches a status object type" duration="5"/>
  </file>
  <file path="/Users/user/Documents/GitHub/retailcore-mfe-investment-management/src/__tests__/utils/checkEmpty.test.tsx">
    <testCase name="checkEmpty should return an empty array when all objects have all required properties" duration="12"/>
    <testCase name="checkEmpty should return an array with objects that have missing required properties" duration="20"/>
    <testCase name="checkEmpty should return an empty array when uploadData is empty" duration="4"/>
    <testCase name="checkEmpty should return an array with objects that have all required properties when uploadData contains only such objects" duration="5"/>
    <testCase name="checkEmpty should return an array with objects that have missing required properties when uploadData contains only such objects" duration="16"/>
    <testCase name="checkEmpty should return an array with objects that have missing required properties when uploadData contains objects with missing and objects with all required properties" duration="3"/>
  </file>
  <file path="/Users/user/Documents/GitHub/retailcore-mfe-investment-management/src/__tests__/utils/capitalizeObjectKeys.test.tsx">
    <testCase name="capitalizeObjectKeys should return an empty array when given an empty array" duration="42"/>
    <testCase name="capitalizeObjectKeys should return an array of objects with capitalized keys when given an array of objects with lowercase keys" duration="4"/>
    <testCase name="capitalizeObjectKeys should throw an error when given a non-array input" duration="29"/>
    <testCase name="capitalizeObjectKeys should return an array of objects with capitalized keys when given an array of objects with mixed case keys" duration="6"/>
    <testCase name="capitalizeObjectKeys should return an array of objects with capitalized keys when given an array of objects with only one key" duration="12"/>
    <testCase name="capitalizeObjectKeys should return an array of objects with capitalized keys when given an array of objects with only non-string keys" duration="3"/>
    <testCase name="capitalizeObjectKeys should handle objects without own properties" duration="8"/>
  </file>
  <file path="/Users/user/Documents/GitHub/retailcore-mfe-investment-management/src/__tests__/utils/isNewLocation.test.tsx">
    <testCase name="isNewLocation should return false when oldData is null" duration="23"/>
    <testCase name="isNewLocation should return false when oldData is undefined" duration="4"/>
    <testCase name="isNewLocation should return false when all properties match" duration="4"/>
    <testCase name="isNewLocation should return true when at least one property does not match" duration="4"/>
    <testCase name="isNewLocation should return true when newData is null" duration="3"/>
    <testCase name="isNewLocation should return true when oldData is null and newData is defined" duration="4"/>
    <testCase name="isNewLocation should return false when oldData and newData are both null" duration="34"/>
  </file>
  <file path="/Users/user/Documents/GitHub/retailcore-mfe-investment-management/src/__tests__/utils/parseQueryParams.test.tsx">
    <testCase name="parseQueryParams should return an instance of URLSearchParams when called with valid query params" duration="19"/>
    <testCase name="parseQueryParams should append all non-array query params to the URLSearchParams instance" duration="4"/>
    <testCase name="parseQueryParams should append all items in an array query param to the URLSearchParams instance" duration="22"/>
    <testCase name="parseQueryParams should set boolean query params to their corresponding key in the URLSearchParams instance" duration="4"/>
    <testCase name="parseQueryParams should handle an empty query params object" duration="3"/>
    <testCase name="parseQueryParams should handle a query params object with null or undefined values" duration="16"/>
  </file>
  <file path="/Users/user/Documents/GitHub/retailcore-mfe-investment-management/src/__tests__/utils/cleanObject.test.tsx">
    <testCase name="cleanObject should return an empty object when passed an empty object" duration="21"/>
    <testCase name="cleanObject should return an object with all non-null, non-undefined, and non-empty string values" duration="5"/>
    <testCase name="cleanObject should return an object with all non-null, non-undefined, and non-empty values of different types" duration="26"/>
  </file>
  <file path="/Users/user/Documents/GitHub/retailcore-mfe-investment-management/src/__tests__/utils/formatCurrency.test.tsx">
    <testCase name="formatCurrency should format a price with default parameters" duration="23"/>
    <testCase name="formatCurrency should format a price with custom fraction and currency parameters" duration="4"/>
    <testCase name="formatCurrency should format a price with custom fraction, currency, and price parameters" duration="16"/>
    <testCase name="formatCurrency should format a price with a price of 0" duration="6"/>
    <testCase name="formatCurrency should format a price with a negative price" duration="8"/>
    <testCase name="currencyFormatter should format a positive integer value with default currency and symbol" duration="5"/>
    <testCase name="currencyFormatter should format a negative float value with specified currency and symbol" duration="6"/>
    <testCase name="currencyFormatter should format a zero value with specified currency and symbol" duration="24"/>
    <testCase name="currencyFormatter should format a value with more than two decimal places" duration="5"/>
    <testCase name="currencyFormatter should format a value with less than two decimal places" duration="18"/>
  </file>
  <file path="/Users/user/Documents/GitHub/retailcore-mfe-investment-management/src/__tests__/utils/getPercentage.test.tsx">
    <testCase name="getPercentage should return the correct percentage when total and success are positive integers" duration="11"/>
    <testCase name="getPercentage should return 100 when success is equal to total" duration="3"/>
    <testCase name="getPercentage should return 0 when success is equal to 0" duration="3"/>
    <testCase name="getPercentage should return the correct percentage when success is less than total" duration="5"/>
  </file>
  <file path="/Users/user/Documents/GitHub/retailcore-mfe-investment-management/src/__tests__/utils/removeNullFromObj.test.tsx">
    <testCase name="removeNullEmptyKeys should return an empty object when the input object is empty" duration="12"/>
    <testCase name="removeNullEmptyKeys should return the same object when it has no null, undefined, empty string, or empty array values" duration="3"/>
  </file>
</testExecutions>