<?xml version="1.0" encoding="UTF-8"?>
<testExecutions version="1">
  <file path="/Users/work/Documents/retailcore-mfe-investment-management/src/__tests__/components/QuickLinks.test.tsx">
    <testCase name="QuickLinks should renderWithProviders a container with a title and a list of links" duration="214"/>
    <testCase name="QuickLinks component renderWithProviderss QuickLinks component with suggested links" duration="21"/>
    <testCase name="QuickLinks component closes the suggested links section when close button is clicked" duration="30"/>
    <testCase name="should renderWithProviders a message when isOpen state is true" duration="23"/>
  </file>
</testExecutions>