<?xml version="1.0" encoding="UTF-8"?>
<testExecutions version="1">
  <file path="/Users/work/Documents/retailcore-mfe-investment-management/src/__tests__/pages/investment/term-deposit/create-term-deposit/IndexComponent.test.tsx">
    <testCase name="IndexComponent renders" duration="485"/>
    <testCase name="IndexComponent Changes values" duration="270"/>
    <testCase name="IndexComponent values should not exceed limit when user tries to type beyond limit" duration="3338"/>
    <testCase name="IndexComponent Show modal when clicking save to Draft" duration="178"/>
    <testCase name="IndexComponent Shows disabled button when form is not valid" duration="70"/>
    <testCase name="IndexComponent Should not have disabled button when fom is valid" duration="281"/>
  </file>
</testExecutions>