<?xml version="1.0" encoding="UTF-8"?>
<testExecutions version="1">
  <file path="/Users/work/Documents/retailcore-mfe-investment-management/src/__tests__/components/AccountSearch.test.tsx">
    <testCase name="AccountSearch should render a Combobox component with a search input and options list" duration="201"/>
    <testCase name="AccountSearch should display the selected item name in the input field" duration="42"/>
    <testCase name="AccountSearch should render a Combobox component without options" duration="51"/>
    <testCase name="AccountSearch should render a Combobox component without a placeholder" duration="31"/>
  </file>
  <file path="/Users/work/Documents/retailcore-mfe-investment-management/src/__tests__/Sterling-investment.tsx">
    <testCase name="microfrontend bootstraps the app" duration="17"/>
    <testCase name="microfrontend mounts and unmounts" duration="32"/>
  </file>
  <file path="/Users/work/Documents/retailcore-mfe-investment-management/src/__tests__/App.test.tsx">
    <testCase name="Test App Component If App is rendered wihout issues" duration="26"/>
  </file>
</testExecutions>