<?xml version="1.0" encoding="UTF-8"?>
<testExecutions version="1">
  <file path="/Users/work/Documents/retailcore-mfe-investment-management/src/__tests__/components/Pages/term-deposit/forms/gl_mapping_events/AddedChargeList.test.tsx">
    <testCase name="AddedChargeList should render a div with class &apos;flex flex-col w-full mt-6&apos;" duration="76"/>
    <testCase name="AddedChargeList should update the applicableCharges value when removing a charge" duration="61"/>
  </file>
</testExecutions>