<?xml version="1.0" encoding="UTF-8"?>
<testExecutions version="1">
  <file path="/Users/work/Documents/retailcore-mfe-investment-management/src/__tests__/pages/investment/term-deposit/create-term-deposit/IndexComponent.test.tsx">
    <testCase name="IndexComponent renders" duration="392"/>
    <testCase name="IndexComponent Changes values" duration="370"/>
    <testCase name="IndexComponent Show modal when clicking save to Draft" duration="284"/>
    <testCase name="IndexComponent Shows disabled button when form is not valid" duration="132"/>
    <testCase name="IndexComponent Should not have disabled button when fom is valid" duration="276"/>
    <testCase name="handleDetailsSuccess Works" duration="4"/>
    <testCase name="FormComponeent Should render if step === 1" duration="145"/>
    <testCase name="FormComponeent Should render if step === 2" duration="260"/>
    <testCase name="FormComponeent Should render if step === 3" duration="343"/>
    <testCase name="FormComponeent Should render if step === 4" duration="340"/>
    <testCase name="FormComponeent Should render if step === 5" duration="180"/>
    <testCase name="handleNext should call setStep when theres more steps ahead" duration="2"/>
    <testCase name="handleNext should not setStep when there are no steps ahead" duration="5"/>
    <testCase name="handlePrev should call setStep when there are steps behind" duration="3"/>
    <testCase name="handlePrev should not call setStep when user is at the first step" duration="8"/>
  </file>
</testExecutions>