<?xml version="1.0" encoding="UTF-8"?>
<testExecutions version="1">
  <file path="/Users/work/Documents/retailcore-mfe-investment-management/src/__tests__/components/summary/PreviewChargesAndTaxes.test.tsx">
    <testCase name="default should render the component without crashing" duration="647"/>
  </file>
  <file path="/Users/work/Documents/retailcore-mfe-investment-management/src/__tests__/components/Pages/management/book-investment/CustomerInfoCard.test.tsx">
    <testCase name="CustomerInfoCard should render CustomerInfoCard without crashing" duration="250"/>
    <testCase name="CustomerInfoCard should display the title &quot;Customerâ€™s Information&quot;" duration="81"/>
    <testCase name="CustomerInfoCard should display all customer information titles and data" duration="136"/>
    <testCase name="CustomerInfoCard should not display customer name as a link for non-customerName Info components" duration="39"/>
    <testCase name="Info should render the component with the correct title and data" duration="41">
      <failure message="TestingLibraryElementError: Unable to find an element with the text: Temitope Yusuf Chukwuma. This could be because the text is broken up by multiple elements. In this case, you can provide a function for your text matcher to make your matcher more flexible."><![CDATA[TestingLibraryElementError: Unable to find an element with the text: Temitope Yusuf Chukwuma. This could be because the text is broken up by multiple elements. In this case, you can provide a function for your text matcher to make your matcher more flexible.

Ignored nodes: comments, script, style
<body>
  <div>
    <div
      class="flex flex-col gap-[1px]"
    >
      <h4
        class="text-base font-semibold text-[#636363]"
      >
        Customer Name
      </h4>
      <div
        class="text-sm font-normal text-[#636363] flex gap-2 items-center"
      />
    </div>
  </div>
</body>
    at Object.getElementError (/Users/work/Documents/retailcore-mfe-investment-management/node_modules/@testing-library/dom/dist/config.js:37:19)
    at /Users/work/Documents/retailcore-mfe-investment-management/node_modules/@testing-library/dom/dist/query-helpers.js:76:38
    at /Users/work/Documents/retailcore-mfe-investment-management/node_modules/@testing-library/dom/dist/query-helpers.js:52:17
    at getByText (/Users/work/Documents/retailcore-mfe-investment-management/node_modules/@testing-library/dom/dist/query-helpers.js:95:19)
    at Object.<anonymous> (/Users/work/Documents/retailcore-mfe-investment-management/src/__tests__/components/Pages/management/book-investment/CustomerInfoCard.test.tsx:48:23)
    at Promise.then.completed (/Users/work/Documents/retailcore-mfe-investment-management/node_modules/jest-circus/build/utils.js:391:28)
    at new Promise (<anonymous>)
    at callAsyncCircusFn (/Users/work/Documents/retailcore-mfe-investment-management/node_modules/jest-circus/build/utils.js:316:10)
    at _callCircusTest (/Users/work/Documents/retailcore-mfe-investment-management/node_modules/jest-circus/build/run.js:218:40)
    at processTicksAndRejections (node:internal/process/task_queues:95:5)
    at _runTest (/Users/work/Documents/retailcore-mfe-investment-management/node_modules/jest-circus/build/run.js:155:3)
    at _runTestsForDescribeBlock (/Users/work/Documents/retailcore-mfe-investment-management/node_modules/jest-circus/build/run.js:66:9)
    at _runTestsForDescribeBlock (/Users/work/Documents/retailcore-mfe-investment-management/node_modules/jest-circus/build/run.js:60:9)
    at run (/Users/work/Documents/retailcore-mfe-investment-management/node_modules/jest-circus/build/run.js:25:3)
    at runAndTransformResultsToJestFormat (/Users/work/Documents/retailcore-mfe-investment-management/node_modules/jest-circus/build/legacy-code-todo-rewrite/jestAdapterInit.js:170:21)
    at jestAdapter (/Users/work/Documents/retailcore-mfe-investment-management/node_modules/jest-circus/build/legacy-code-todo-rewrite/jestAdapter.js:82:19)
    at runTestInternal (/Users/work/Documents/retailcore-mfe-investment-management/node_modules/jest-runner/build/runTest.js:389:16)
    at runTest (/Users/work/Documents/retailcore-mfe-investment-management/node_modules/jest-runner/build/runTest.js:475:34)
    at Object.worker (/Users/work/Documents/retailcore-mfe-investment-management/node_modules/jest-runner/build/testWorker.js:133:12)]]></failure>
    </testCase>
    <testCase name="Info should render the component with the correct type if provided" duration="44">
      <failure message="TestingLibraryElementError: Unable to find an element with the text: Temitope Yusuf Chukwuma. This could be because the text is broken up by multiple elements. In this case, you can provide a function for your text matcher to make your matcher more flexible."><![CDATA[TestingLibraryElementError: Unable to find an element with the text: Temitope Yusuf Chukwuma. This could be because the text is broken up by multiple elements. In this case, you can provide a function for your text matcher to make your matcher more flexible.

Ignored nodes: comments, script, style
<body>
  <div>
    <div
      class="flex flex-col gap-[1px]"
    >
      <h4
        class="text-base font-semibold text-[#636363]"
      >
        Customer Name
      </h4>
      <div
        class="text-sm font-normal text-[#636363] flex gap-2 items-center"
      />
      <span
        class="text-xs font-normal text-[#2FB755] hover:underline"
        role="button"
        tabindex="0"
      >
        View all customer information
      </span>
    </div>
  </div>
</body>
    at Object.getElementError (/Users/work/Documents/retailcore-mfe-investment-management/node_modules/@testing-library/dom/dist/config.js:37:19)
    at /Users/work/Documents/retailcore-mfe-investment-management/node_modules/@testing-library/dom/dist/query-helpers.js:76:38
    at /Users/work/Documents/retailcore-mfe-investment-management/node_modules/@testing-library/dom/dist/query-helpers.js:52:17
    at getByText (/Users/work/Documents/retailcore-mfe-investment-management/node_modules/@testing-library/dom/dist/query-helpers.js:95:19)
    at Object.<anonymous> (/Users/work/Documents/retailcore-mfe-investment-management/src/__tests__/components/Pages/management/book-investment/CustomerInfoCard.test.tsx:55:23)
    at Promise.then.completed (/Users/work/Documents/retailcore-mfe-investment-management/node_modules/jest-circus/build/utils.js:391:28)
    at new Promise (<anonymous>)
    at callAsyncCircusFn (/Users/work/Documents/retailcore-mfe-investment-management/node_modules/jest-circus/build/utils.js:316:10)
    at _callCircusTest (/Users/work/Documents/retailcore-mfe-investment-management/node_modules/jest-circus/build/run.js:218:40)
    at processTicksAndRejections (node:internal/process/task_queues:95:5)
    at _runTest (/Users/work/Documents/retailcore-mfe-investment-management/node_modules/jest-circus/build/run.js:155:3)
    at _runTestsForDescribeBlock (/Users/work/Documents/retailcore-mfe-investment-management/node_modules/jest-circus/build/run.js:66:9)
    at _runTestsForDescribeBlock (/Users/work/Documents/retailcore-mfe-investment-management/node_modules/jest-circus/build/run.js:60:9)
    at run (/Users/work/Documents/retailcore-mfe-investment-management/node_modules/jest-circus/build/run.js:25:3)
    at runAndTransformResultsToJestFormat (/Users/work/Documents/retailcore-mfe-investment-management/node_modules/jest-circus/build/legacy-code-todo-rewrite/jestAdapterInit.js:170:21)
    at jestAdapter (/Users/work/Documents/retailcore-mfe-investment-management/node_modules/jest-circus/build/legacy-code-todo-rewrite/jestAdapter.js:82:19)
    at runTestInternal (/Users/work/Documents/retailcore-mfe-investment-management/node_modules/jest-runner/build/runTest.js:389:16)
    at runTest (/Users/work/Documents/retailcore-mfe-investment-management/node_modules/jest-runner/build/runTest.js:475:34)
    at Object.worker (/Users/work/Documents/retailcore-mfe-investment-management/node_modules/jest-runner/build/testWorker.js:133:12)]]></failure>
    </testCase>
    <testCase name="Info should render the component without type if not provided" duration="25">
      <failure message="TestingLibraryElementError: Unable to find an element with the text: TD- BYZX. This could be because the text is broken up by multiple elements. In this case, you can provide a function for your text matcher to make your matcher more flexible."><![CDATA[TestingLibraryElementError: Unable to find an element with the text: TD- BYZX. This could be because the text is broken up by multiple elements. In this case, you can provide a function for your text matcher to make your matcher more flexible.

Ignored nodes: comments, script, style
<body>
  <div>
    <div
      class="flex flex-col gap-[1px]"
    >
      <h4
        class="text-base font-semibold text-[#636363]"
      >
        Customer ID
      </h4>
      <div
        class="text-sm font-normal text-[#636363] flex gap-2 items-center"
      />
    </div>
  </div>
</body>
    at Object.getElementError (/Users/work/Documents/retailcore-mfe-investment-management/node_modules/@testing-library/dom/dist/config.js:37:19)
    at /Users/work/Documents/retailcore-mfe-investment-management/node_modules/@testing-library/dom/dist/query-helpers.js:76:38
    at /Users/work/Documents/retailcore-mfe-investment-management/node_modules/@testing-library/dom/dist/query-helpers.js:52:17
    at getByText (/Users/work/Documents/retailcore-mfe-investment-management/node_modules/@testing-library/dom/dist/query-helpers.js:95:19)
    at Object.<anonymous> (/Users/work/Documents/retailcore-mfe-investment-management/src/__tests__/components/Pages/management/book-investment/CustomerInfoCard.test.tsx:63:23)
    at Promise.then.completed (/Users/work/Documents/retailcore-mfe-investment-management/node_modules/jest-circus/build/utils.js:391:28)
    at new Promise (<anonymous>)
    at callAsyncCircusFn (/Users/work/Documents/retailcore-mfe-investment-management/node_modules/jest-circus/build/utils.js:316:10)
    at _callCircusTest (/Users/work/Documents/retailcore-mfe-investment-management/node_modules/jest-circus/build/run.js:218:40)
    at processTicksAndRejections (node:internal/process/task_queues:95:5)
    at _runTest (/Users/work/Documents/retailcore-mfe-investment-management/node_modules/jest-circus/build/run.js:155:3)
    at _runTestsForDescribeBlock (/Users/work/Documents/retailcore-mfe-investment-management/node_modules/jest-circus/build/run.js:66:9)
    at _runTestsForDescribeBlock (/Users/work/Documents/retailcore-mfe-investment-management/node_modules/jest-circus/build/run.js:60:9)
    at run (/Users/work/Documents/retailcore-mfe-investment-management/node_modules/jest-circus/build/run.js:25:3)
    at runAndTransformResultsToJestFormat (/Users/work/Documents/retailcore-mfe-investment-management/node_modules/jest-circus/build/legacy-code-todo-rewrite/jestAdapterInit.js:170:21)
    at jestAdapter (/Users/work/Documents/retailcore-mfe-investment-management/node_modules/jest-circus/build/legacy-code-todo-rewrite/jestAdapter.js:82:19)
    at runTestInternal (/Users/work/Documents/retailcore-mfe-investment-management/node_modules/jest-runner/build/runTest.js:389:16)
    at runTest (/Users/work/Documents/retailcore-mfe-investment-management/node_modules/jest-runner/build/runTest.js:475:34)
    at Object.worker (/Users/work/Documents/retailcore-mfe-investment-management/node_modules/jest-runner/build/testWorker.js:133:12)]]></failure>
    </testCase>
    <testCase name="Info should render the component with empty type" duration="19">
      <failure message="TestingLibraryElementError: Unable to find an element with the text: Temitope Yusuf Chukwuma. This could be because the text is broken up by multiple elements. In this case, you can provide a function for your text matcher to make your matcher more flexible."><![CDATA[TestingLibraryElementError: Unable to find an element with the text: Temitope Yusuf Chukwuma. This could be because the text is broken up by multiple elements. In this case, you can provide a function for your text matcher to make your matcher more flexible.

Ignored nodes: comments, script, style
<body>
  <div>
    <div
      class="flex flex-col gap-[1px]"
    >
      <h4
        class="text-base font-semibold text-[#636363]"
      >
        Customer Name
      </h4>
      <div
        class="text-sm font-normal text-[#636363] flex gap-2 items-center"
      />
    </div>
  </div>
</body>
    at Object.getElementError (/Users/work/Documents/retailcore-mfe-investment-management/node_modules/@testing-library/dom/dist/config.js:37:19)
    at /Users/work/Documents/retailcore-mfe-investment-management/node_modules/@testing-library/dom/dist/query-helpers.js:76:38
    at /Users/work/Documents/retailcore-mfe-investment-management/node_modules/@testing-library/dom/dist/query-helpers.js:52:17
    at getByText (/Users/work/Documents/retailcore-mfe-investment-management/node_modules/@testing-library/dom/dist/query-helpers.js:95:19)
    at Object.<anonymous> (/Users/work/Documents/retailcore-mfe-investment-management/src/__tests__/components/Pages/management/book-investment/CustomerInfoCard.test.tsx:69:23)
    at Promise.then.completed (/Users/work/Documents/retailcore-mfe-investment-management/node_modules/jest-circus/build/utils.js:391:28)
    at new Promise (<anonymous>)
    at callAsyncCircusFn (/Users/work/Documents/retailcore-mfe-investment-management/node_modules/jest-circus/build/utils.js:316:10)
    at _callCircusTest (/Users/work/Documents/retailcore-mfe-investment-management/node_modules/jest-circus/build/run.js:218:40)
    at processTicksAndRejections (node:internal/process/task_queues:95:5)
    at _runTest (/Users/work/Documents/retailcore-mfe-investment-management/node_modules/jest-circus/build/run.js:155:3)
    at _runTestsForDescribeBlock (/Users/work/Documents/retailcore-mfe-investment-management/node_modules/jest-circus/build/run.js:66:9)
    at _runTestsForDescribeBlock (/Users/work/Documents/retailcore-mfe-investment-management/node_modules/jest-circus/build/run.js:60:9)
    at run (/Users/work/Documents/retailcore-mfe-investment-management/node_modules/jest-circus/build/run.js:25:3)
    at runAndTransformResultsToJestFormat (/Users/work/Documents/retailcore-mfe-investment-management/node_modules/jest-circus/build/legacy-code-todo-rewrite/jestAdapterInit.js:170:21)
    at jestAdapter (/Users/work/Documents/retailcore-mfe-investment-management/node_modules/jest-circus/build/legacy-code-todo-rewrite/jestAdapter.js:82:19)
    at runTestInternal (/Users/work/Documents/retailcore-mfe-investment-management/node_modules/jest-runner/build/runTest.js:389:16)
    at runTest (/Users/work/Documents/retailcore-mfe-investment-management/node_modules/jest-runner/build/runTest.js:475:34)
    at Object.worker (/Users/work/Documents/retailcore-mfe-investment-management/node_modules/jest-runner/build/testWorker.js:133:12)]]></failure>
    </testCase>
  </file>
  <file path="/Users/work/Documents/retailcore-mfe-investment-management/src/__tests__/components/Pages/term-deposit/forms/gl_mapping_events/ChargesAndTaxes.test.tsx">
    <testCase name="code snippet should toggle between Charges and Taxes tabs when clicked" duration="514">
      <failure message="TestingLibraryElementError: Unable to find an element with the text: Charges &amp; Taxes. This could be because the text is broken up by multiple elements. In this case, you can provide a function for your text matcher to make your matcher more flexible."><![CDATA[TestingLibraryElementError: Unable to find an element with the text: Charges & Taxes. This could be because the text is broken up by multiple elements. In this case, you can provide a function for your text matcher to make your matcher more flexible.

Ignored nodes: comments, script, style
<body>
  <div>
    <div>
      <div
        class="bg-[#fff] border border-[#EEEEEE] rounded-[6px]"
      >
        <div
          class=" flex justify-between items-center px-6 py-[14px]"
          role="button"
          tabindex="0"
        >
          <span
            class="text-[18px] flex  gap-[1px] text-[#636363] font-semibold flex-row items-center"
          >
            <span />
            Header
             Charges & Taxes
          </span>
        </div>
      </div>
    </div>
  </div>
</body>
    at Object.getElementError (/Users/work/Documents/retailcore-mfe-investment-management/node_modules/@testing-library/dom/dist/config.js:37:19)
    at /Users/work/Documents/retailcore-mfe-investment-management/node_modules/@testing-library/dom/dist/query-helpers.js:76:38
    at /Users/work/Documents/retailcore-mfe-investment-management/node_modules/@testing-library/dom/dist/query-helpers.js:52:17
    at getByText (/Users/work/Documents/retailcore-mfe-investment-management/node_modules/@testing-library/dom/dist/query-helpers.js:95:19)
    at Object.<anonymous> (/Users/work/Documents/retailcore-mfe-investment-management/src/__tests__/components/Pages/term-deposit/forms/gl_mapping_events/ChargesAndTaxes.test.tsx:57:32)
    at Promise.then.completed (/Users/work/Documents/retailcore-mfe-investment-management/node_modules/jest-circus/build/utils.js:391:28)
    at new Promise (<anonymous>)
    at callAsyncCircusFn (/Users/work/Documents/retailcore-mfe-investment-management/node_modules/jest-circus/build/utils.js:316:10)
    at _callCircusTest (/Users/work/Documents/retailcore-mfe-investment-management/node_modules/jest-circus/build/run.js:218:40)
    at processTicksAndRejections (node:internal/process/task_queues:95:5)
    at _runTest (/Users/work/Documents/retailcore-mfe-investment-management/node_modules/jest-circus/build/run.js:155:3)
    at _runTestsForDescribeBlock (/Users/work/Documents/retailcore-mfe-investment-management/node_modules/jest-circus/build/run.js:66:9)
    at _runTestsForDescribeBlock (/Users/work/Documents/retailcore-mfe-investment-management/node_modules/jest-circus/build/run.js:60:9)
    at run (/Users/work/Documents/retailcore-mfe-investment-management/node_modules/jest-circus/build/run.js:25:3)
    at runAndTransformResultsToJestFormat (/Users/work/Documents/retailcore-mfe-investment-management/node_modules/jest-circus/build/legacy-code-todo-rewrite/jestAdapterInit.js:170:21)
    at jestAdapter (/Users/work/Documents/retailcore-mfe-investment-management/node_modules/jest-circus/build/legacy-code-todo-rewrite/jestAdapter.js:82:19)
    at runTestInternal (/Users/work/Documents/retailcore-mfe-investment-management/node_modules/jest-runner/build/runTest.js:389:16)
    at runTest (/Users/work/Documents/retailcore-mfe-investment-management/node_modules/jest-runner/build/runTest.js:475:34)
    at Object.worker (/Users/work/Documents/retailcore-mfe-investment-management/node_modules/jest-runner/build/testWorker.js:133:12)]]></failure>
    </testCase>
    <testCase name="code snippet should not display any charges or taxes when none are available" duration="258"/>
  </file>
  <file path="/Users/work/Documents/retailcore-mfe-investment-management/src/__tests__/MessagesComponent.test.tsx">
    <testCase name="MessagesComponent renders confirm message without error" duration="681"/>
    <testCase name="MessagesComponent calls handleConfirm and calls setIsConfirmOpen with false when Confirm button is clicked" duration="438"/>
    <testCase name="MessagesComponent calls setIsConfirmOpen with false when cancel button is clicked" duration="216"/>
    <testCase name="MessagesComponent Renders success message" duration="94"/>
    <testCase name="MessagesComponent Renders Failure message" duration="192"/>
    <testCase name="MessagesComponent Renders Detail component" duration="801"/>
    <testCase name="MessagesComponent Renders Deactivation modals" duration="227"/>
    <testCase name="MessagesComponent Renders loading while deleteLoading == true" duration="51"/>
    <testCase name="MessagesComponent Renders loading while deleteLoading == true" duration="101"/>
  </file>
  <file path="/Users/work/Documents/retailcore-mfe-investment-management/src/__tests__/pages/management/IndexComponent.test.tsx">
    <testCase name="Dashboard should render Investment Management dashboard with Overview tab selected by default" duration="3116"/>
    <testCase name="Dashboard should render Investment Management dashboard with Book Investment button" duration="1604"/>
    <testCase name="Dashboard should allow user to switch between Overview, Corporate and Individual tabs" duration="1407"/>
  </file>
  <file path="/Users/work/Documents/retailcore-mfe-investment-management/src/__tests__/pages/investment/term-deposit/create-term-deposit/IndexComponent.test.tsx">
    <testCase name="IndexComponent Show modal when clicking save to Draft" duration="1103"/>
    <testCase name="IndexComponent Shows disabled button when form is not valid" duration="436"/>
    <testCase name="IndexComponent Should not have disabled button when fom is valid" duration="959"/>
    <testCase name="FormComponeent Should render if step === 1" duration="866"/>
    <testCase name="FormComponeent Should render if step === 2" duration="593"/>
    <testCase name="FormComponeent Should render if step === 3" duration="671"/>
    <testCase name="FormComponeent Should render if step === 4" duration="587"/>
    <testCase name="FormComponeent Should render if step === 5" duration="821"/>
    <testCase name="handleNext should call setStep when theres more steps ahead" duration="17"/>
    <testCase name="handleNext should not setStep when there are no steps ahead" duration="7"/>
    <testCase name="handlePrev should call setStep when there are steps behind" duration="3"/>
    <testCase name="handlePrev should not call setStep when user is at the first step" duration="5"/>
    <testCase name="handleDraft should set setIsConfirmOpen to false when called" duration="4"/>
    <testCase name="handleDraft should call modifyProduct with isDraft set to true when process is &quot;modify&quot;" duration="12"/>
    <testCase name="handleDraft should call createProduct with isDraft set to true when process is &quot;create&quot; or &quot;clone&quot;" duration="6"/>
    <testCase name="handleDraft should not call any functions when process is undefined" duration="5"/>
    <testCase name="handleDetailsSuccess should set activeId.current to the id of productDetails when it exists" duration="5"/>
    <testCase name="handleDetailsSuccess should set activeId.current to the id of productDetails when it exists 2" duration="11"/>
    <testCase name="handleDetailsSuccess should update previousData.current with relevant fields from productDetails when process is &quot;modify&quot;" duration="21"/>
    <testCase name="handleDetailsSuccess should update productData with relevant fields from productDetails" duration="6"/>
    <testCase name="handleDetailsSuccess should set pricingConfigurationCopy to an empty object before sorting when it is null" duration="25"/>
    <testCase name="handleDetailsSuccess should not sort pricingConfigurationCopy when interestRateConfigModels is null" duration="4"/>
    <testCase name="handlePreviousData should return an object with all properties from prevProductData and productDetails" duration="131"/>
    <testCase name="handlePreviousData should sort the interestRateConfigModels array in pricingConfigurationCopy by min value" duration="4"/>
    <testCase name="handlePreviousData should return an object with all properties from prevProductData and productDetails when pricingConfigurationCopy is null" duration="16"/>
    <testCase name="handleRequestIsSuccess should update product data when requestIsSuccess is true and metaInfo exists" duration="18"/>
    <testCase name="handleRequestIsSuccess should update product data when requestIsSuccess is true and metaInfo exists and process == withdraw_modify" duration="4"/>
    <testCase name="handleMessage should set success text to &quot;Product Setup saved to draft&quot; and open success modal when isSuccess is true" duration="64"/>
    <testCase name="handleMessage should set success text to &quot;Product Setup saved to draft&quot; and open success modal when modifySuccess is true" duration="33"/>
    <testCase name="handleMessage should set success text to &quot;Product Setup saved to draft&quot; and open success modal when modifyRequestSuccess is true" duration="6"/>
    <testCase name="handleMessage should set failed text to &quot;Unable to save as draft&quot; and set failed subtext to error message when isError is true" duration="5"/>
    <testCase name="handleMessage should set failed text to &quot;Unable to save as draft&quot; and set failed subtext to error message when modifyRequestIsError is true" duration="18"/>
    <testCase name="handleMessage should set failed subtext to empty string when error message is undefined" duration="7"/>
    <testCase name="handleNav should call handleNext when step is less than the length of termDepositFormSteps" duration="59"/>
    <testCase name="handleNav should call navigate with the appropriate URL when step is equal to the length of termDepositFormSteps" duration="3"/>
    <testCase name="handleNav should handle error when navigate function throws an error" duration="37"/>
    <testCase name="handleNav should not include id parameter in URL when id is not provided" duration="7"/>
    <testCase name="handleNav should include id parameter in URL when id is provided" duration="4"/>
  </file>
  <file path="/Users/work/Documents/retailcore-mfe-investment-management/src/__tests__/components/Pages/management/overview/index.test.tsx">
    <testCase name="updateInvestmentTabs should return an array of objects with updated amount and totalValue properties" duration="115"/>
    <testCase name="updateInvestmentTabs should update amount property with the total value of investments for each tab" duration="38"/>
    <testCase name="updateInvestmentTabs should update totalValue property with the total count of investments for each tab" duration="5"/>
    <testCase name="updateInvestmentTabs should return an empty array when the input tabs array is empty" duration="68"/>
    <testCase name="updateInvestmentTabs should return an array of objects with amount property set to 0.00 and totalValue property set to 0 total investments when the input tabs array is empty" duration="6"/>
    <testCase name="updateInvestmentTabs should return an array of objects with the same length as the input tabs array" duration="4"/>
    <testCase name="Overview should render Overview component without crashing" duration="3440"/>
    <testCase name="Overview should display investment tabs with correct titles and icons" duration="1831"/>
    <testCase name="Overview should display investment amounts and total values correctly formatted" duration="1171"/>
  </file>
  <file path="/Users/work/Documents/retailcore-mfe-investment-management/src/__tests__/modals/ProductDetail.test.tsx">
    <testCase name="ProductDetail Show spinner when loading" duration="1175"/>
    <testCase name="ProductDetail Show spinner when loading" duration="258"/>
    <testCase name="ProductDetail Close button calls setIsOpen" duration="546"/>
    <testCase name="ProductDetail Modify button calls handleClick" duration="395"/>
    <testCase name="ProductDetail deactivate button calls handleClick" duration="470"/>
    <testCase name="ProductDetail Shows nothng when setOpen is false" duration="264"/>
  </file>
  <file path="/Users/work/Documents/retailcore-mfe-investment-management/src/__tests__/components/product-information.test.tsx">
    <testCase name="ProductInformation should render the form without errors" duration="1022"/>
    <testCase name="ProductInformation Changes values" duration="712"/>
    <testCase name="ProductInformation should handle input and display character count" duration="188"/>
    <testCase name="ProductInformation should update character count for product name in real-time" duration="315"/>
    <testCase name="ProductInformation should display negative character count message for product name with more than 50 characters" duration="215"/>
    <testCase name="ProductInformation Should show error when invalid name is typed" duration="1401"/>
    <testCase name="ProductInformation Should show error when description is too short" duration="513"/>
    <testCase name="handleValidatingName should trigger productName and clear errors when nameIsSuccess is true and charLeft is less than 47" duration="5"/>
    <testCase name="handleValidatingName should assign error to productName and set setIsNameOkay to false when nameIsError is true" duration="144"/>
    <testCase name="handleValidatingName should not trigger productName and clear errors when nameIsSuccess is true but charLeft is greater than or equal to 47" duration="6"/>
    <testCase name="handleValidatingName should not assign error to productName when nameIsError is true but nameError is undefined" duration="42"/>
    <testCase name="handleValidatingName should not throw an error when setIsNameOkay is undefined" duration="42"/>
    <testCase name="InputDiv should render a div element with class &apos;w-full flex flex-col gap-2&apos;" duration="18"/>
    <testCase name="InputDiv should render the children passed as props inside the div element" duration="122"/>
    <testCase name="InputDiv should accept any valid React element as children" duration="12"/>
    <testCase name="InputDiv should render an empty div element if no children are passed as props" duration="7"/>
    <testCase name="InputDiv should not render any additional elements or components" duration="72"/>
    <testCase name="handleName should update character count, clear errors, set current name, and handle validation" duration="25"/>
    <testCase name="handleName should set character count based on name length" duration="4"/>
    <testCase name="handleName should clear errors on productName field" duration="3"/>
    <testCase name="handleName should set current name to watchName" duration="20"/>
    <testCase name="handleName should set disabled to true if watchName length is less than or equal to 3" duration="4"/>
    <testCase name="handleName should compare watchName to formData.oldValue" duration="4"/>
    <testCase name="handleName should validate name with productId if provided" duration="8"/>
    <testCase name="handleSlogan should call setSloganCharLeft with the correct remainder value when watchSlogan is not null" duration="3"/>
    <testCase name="handleSlogan should call setIsSloganOkay with true when watchSlogan is not null and has length greater than 0" duration="3"/>
    <testCase name="handleSlogan should call setIsSloganOkay with false when watchSlogan is null or has length 0" duration="16"/>
    <testCase name="handleSlogan should call setSloganCharLeft with defaultSloganLength when watchSlogan is an empty string" duration="3"/>
    <testCase name="handleSlogan should call setSloganCharLeft with a negative remainder value when watchSlogan is a string with length greater than defaultSloganLength" duration="30"/>
    <testCase name="ProductInformation should render the form with the correct inputs and labels" duration="259"/>
    <testCase name="ProductInformation should populate the form with default values from formData prop" duration="404"/>
    <testCase name="ProductInformation should update the form values when formData prop changes" duration="187"/>
    <testCase name="ProductInformation should handle missing or invalid form inputs" duration="425"/>
    <testCase name="ProductInformation should handle long product names and slogans" duration="161"/>
    <testCase name="handleName should handle name with debounce" duration="32"/>
    <testCase name="handleName should handle name without debounce" duration="4"/>
    <testCase name="onProceed should set the start and end date of the form data to the formatted date strings when they exist" duration="47"/>
    <testCase name="onProceed should call the proceed function" duration="26"/>
    <testCase name="onProceed should not set the start and end date of the form data when d parameter is missing startDate or endDate fields" duration="6"/>
  </file>
  <file path="/Users/work/Documents/retailcore-mfe-investment-management/src/__tests__/pages/investment/term-deposit/create-term-deposit/Summary.test.tsx">
    <testCase name="Container should render a div element with the correct class" duration="86"/>
    <testCase name="Container should render the children passed to it" duration="19"/>
    <testCase name="Container should render without any children" duration="12"/>
    <testCase name="Container should render without any children" duration="11"/>
    <testCase name="Container should render without any children" duration="41"/>
  </file>
  <file path="/Users/work/Documents/retailcore-mfe-investment-management/src/__tests__/pages/investment/IndexComponent.test.tsx">
    <testCase name="IndexComponent Renders without error" duration="1437"/>
    <testCase name="IndexComponent should display the TopBar component" duration="508"/>
    <testCase name="handleToggle should set isChecker to true and hideCreate to true when selected option includes &quot;approved&quot;" duration="7"/>
    <testCase name="handleToggle should set isChecker to true and hideCreate to true when selected option includes &quot;sent&quot;" duration="8"/>
    <testCase name="handleToggle should set isChecker to false and hideCreate to false when selected option does not include &quot;approved&quot; or &quot;sent&quot;" duration="25"/>
    <testCase name="handleToggle should not throw an error and change values to &apos;false&apos; when selected values when selected value is null" duration="6"/>
    <testCase name="handleToggle should not throw an error and change values to &apos;false&apos; when selected values does not have a text property" duration="21"/>
    <testCase name="handleToggle should not throw an error and change values to &apos;false&apos; when selected values when selected value has a null text property" duration="8"/>
    <testCase name="handleChange should update query object with selected filter and reset page to 1" duration="6"/>
    <testCase name="handleChange should set status_In property of query object to null when activeType is &quot;all&quot;" duration="5"/>
    <testCase name="handleChange should update query object when activeType is not a valid string" duration="17"/>
    <testCase name="handleChange should update query object when category is not a valid string" duration="8"/>
    <testCase name="handleRefresh should call getProducts and prodStatRefetch with updated query when category is AllProducts" duration="16"/>
    <testCase name="handleRefresh should call getRequests and requestRefetch with updated query when category is Requests" duration="4"/>
    <testCase name="handleRefresh should call getRequests and RequestRefetch when category is undefined" duration="4"/>
    <testCase name="handleRefresh should call getProducts and getStatRefresh when StatusCategory type === &apos;all products&apos; " duration="4"/>
    <testCase name="handleSearch Should call setQuery with the provided values" duration="6"/>
    <testCase name="IndexComponent handles search input change and sets search state" duration="495"/>
    <testCase name="IndexComponent handles search and calls appropriate functions" duration="520"/>
    <testCase name="handleRequestStatus should set request data to an empty array when query page is 1" duration="3"/>
    <testCase name="handleRequestStatus should map over request results and add request status and type names to each item in request data" duration="3"/>
    <testCase name="handleRequestStatus should concatenate new request data to previous request data using setRequestData" duration="22"/>
    <testCase name="handleRequestStatus should not set request data to an empty array when query page is not 1" duration="8"/>
    <testCase name="handleRequestStatus should not add request status and type names when request results is empty" duration="9"/>
    <testCase name="handleRequestStatus should not concatenate new request data when request results is empty" duration="5"/>
    <testCase name="handleProductStatus should set product data to an empty array when query page is 1" duration="4"/>
    <testCase name="handleProductStatus should concatenate fetched data results to previous product data, mapping each result to include state and productType properties" duration="8"/>
    <testCase name="handleProductStatus should set hasMore to true if there is a next page in the fetched data" duration="3"/>
    <testCase name="handleProductStatus should not modify product data when query page is not 1" duration="3"/>
    <testCase name="handleProductStatus should not modify product data when data fetch is not successful" duration="5"/>
    <testCase name="handleProductStatus should not modify product data when fetched data results are empty" duration="4"/>
  </file>
  <file path="/Users/work/Documents/retailcore-mfe-investment-management/src/__tests__/components/Pages/management/SummaryComponent.test.tsx">
    <testCase name="Summary should render the component without crashing" duration="535"/>
  </file>
  <file path="/Users/work/Documents/retailcore-mfe-investment-management/src/__tests__/components/Pages/management/book-investment/TransactionSettings.test.tsx">
    <testCase name="TransactionSettings Render" duration="598"/>
    <testCase name="TransactionSettings should render &apos;accountForLiquidation&apos; select input with correct options" duration="352"/>
    <testCase name="TransactionSettings should render &apos;accountForLiquidation&apos; select input without any options" duration="222"/>
    <testCase name="handleAccountForLiquidation should generate accountData and call setCustomerData when profileIsSuccess is true" duration="5"/>
    <testCase name="handleAccountForLiquidation should update formData and call setValue when accountData exists and formData.transactionSettingModel.accountForLiquidation does not exist" duration="21"/>
    <testCase name="handleAccountForLiquidation should not update formData or call setValue when accountData does not exist or formData.transactionSettingModel.accountForLiquidation exists" duration="14"/>
    <testCase name="handleAccountForLiquidation should not update formData or call setValue when profileIsSuccess is false" duration="5"/>
  </file>
  <file path="/Users/work/Documents/retailcore-mfe-investment-management/src/__tests__/modals/RequestDeactivation.test.tsx">
    <testCase name="RequestDeactivation should render the component without crashing" duration="612"/>
    <testCase name="RequestDeactivation should display the deactivation request form" duration="111"/>
    <testCase name="RequestDeactivation should allow user to input reason for deactivation" duration="1028"/>
    <testCase name="RequestDeactivation should display an error message when the deactivation request fails" duration="113"/>
    <testCase name="RequestDeactivation should display an error message when the deactivation request fails" duration="95"/>
    <testCase name="RequestDeactivation should display an error message when the deactivation request fails" duration="99"/>
    <testCase name="RequestDeactivation should allow user to upload supporting documents" duration="84"/>
  </file>
  <file path="/Users/work/Documents/retailcore-mfe-investment-management/src/__tests__/pages/management/book-investment/FormComponent.test.tsx">
    <testCase name="code snippet should render the customer information form when step is 1" duration="2218"/>
    <testCase name="code snippet should render the customer information form when step is 2" duration="114"/>
    <testCase name="code snippet should allow the user to input customer information" duration="720"/>
    <testCase name="code snippet should handle invalid input data correctly" duration="718"/>
  </file>
  <file path="/Users/work/Documents/retailcore-mfe-investment-management/src/__tests__/forms/CustomComboSelect.test.tsx">
    <testCase name="CustomComboSelect sets the input value when an option is selected" duration="437"/>
    <testCase name="CustomComboSelect handles default value correctly" duration="74"/>
    <testCase name="CustomComboSelect renders &quot;No data&quot; when there are no options" duration="63"/>
    <testCase name="CustomComboSelect Renders without errors" duration="41"/>
    <testCase name="handleDefault should set the selected item to the corresponding value in options when defaultValue matches an item name in options" duration="39"/>
    <testCase name="handleDefault should handle case sensitivity when matching defaultValue to item names in options" duration="13"/>
    <testCase name="classNames should return an empty string when no arguments are passed" duration="36"/>
    <testCase name="classNames should return a single class name when only one argument is passed" duration="14"/>
    <testCase name="classNames should return a concatenated string of class names when multiple arguments are passed" duration="14"/>
    <testCase name="classNames should handle very long class names and a large number of arguments without crashing" duration="20"/>
    <testCase name="classNames should handle special characters and unicode characters in class names" duration="7"/>
  </file>
  <file path="/Users/work/Documents/retailcore-mfe-investment-management/src/__tests__/forms/DateSelect.test.tsx">
    <testCase name="DateSelect renders without errors" duration="890"/>
    <testCase name="DateSelect Shows datePicker on button click" duration="1196"/>
    <testCase name="closeDropdown should set isOpen state to false when called with setIsOpen function" duration="6"/>
    <testCase name="closeDropdown should not throw an error when called with setIsOpen function" duration="10"/>
    <testCase name="closeDropdown should not modify any other state or props" duration="5"/>
    <testCase name="handleClick should set the duration to the value of the clicked item" duration="19"/>
    <testCase name="handleClick should set both start and end dates to null when duration is falsy" duration="5"/>
    <testCase name="handleClick should handle gracefully if the item value is not a number" duration="54"/>
    <testCase name="onChange should set start and end date in state object when given an array of dates" duration="106"/>
    <testCase name="onChange should handle null values for start and end dates" duration="15"/>
    <testCase name="onChange should update the state object with new start and end dates" duration="6"/>
    <testCase name="onChange should handle invalid input types" duration="4"/>
    <testCase name="onChange should handle invalid input values" duration="4"/>
    <testCase name="onChange should handle unexpected input formats" duration="4"/>
    <testCase name="closeDropdown should set isOpen state to false when called with setIsOpen function" duration="4"/>
    <testCase name="closeDropdown should not have any side effects other than setting isOpen state to false" duration="55"/>
  </file>
  <file path="/Users/work/Documents/retailcore-mfe-investment-management/src/__tests__/forms/Select.test.tsx">
    <testCase name="Select renders without crashing" duration="205"/>
    <testCase name="Select matches snapshot" duration="92"/>
    <testCase name="Select shows the selected option" duration="90"/>
    <testCase name="Select opens the dropdown when clicked" duration="222"/>
    <testCase name="Select calls onChange when option selected" duration="277"/>
  </file>
  <file path="/Users/work/Documents/retailcore-mfe-investment-management/src/__tests__/forms/ComboSelect.test.tsx">
    <testCase name="ComboSelect renders without crashing" duration="77"/>
    <testCase name="ComboSelect matches snapshot" duration="63"/>
    <testCase name="ComboSelect should open the dropdown when the button is clicked" duration="114"/>
    <testCase name="ComboSelect should update selected options when all products and their members are selected" duration="108"/>
    <testCase name="ComboSelect should update selected options when a product and its members are deselected" duration="83"/>
    <testCase name="ComboSelect should update selected options when all products and their members are deselected" duration="67"/>
    <testCase name="ComboSelect should filter the options correctly when searching for a product" duration="57"/>
    <testCase name="ComboSelect should update selected options when a product and its members are selected" duration="123"/>
    <testCase name="closeDropdown should set isOpen state to false when called with setIsOpen(false)" duration="5"/>
    <testCase name="closeDropdown should not throw an error when called with setIsOpen(undefined)" duration="5"/>
    <testCase name="closeDropdown should not throw an error when called with setIsOpen(null)" duration="17"/>
    <testCase name="closeDropdown should not throw an error when called with setIsOpen(0)" duration="4"/>
    <testCase name="closeDropdown should not throw an error when called with setIsOpen(&quot;&quot;)" duration="29"/>
    <testCase name="closeDropdown should not throw an error when called with setIsOpen({})" duration="12"/>
    <testCase name="handleChange should add a new product to selOptions if it doesnt exist" duration="13"/>
    <testCase name="handleChange should remove a product from selOptions if it already exists" duration="4"/>
    <testCase name="productContainsMember should return true when the product contains the member" duration="4"/>
    <testCase name="productContainsMember should return false when the product does not contain the member" duration="14"/>
    <testCase name="productContainsMember should return false when the product is empty" duration="4"/>
    <testCase name="productContainsMember should return false when the member is empty" duration="3"/>
    <testCase name="productContainsMember should return false when the member is null" duration="3"/>
    <testCase name="addNewProduct should return a new array with the new product added to the end of the input array" duration="4"/>
    <testCase name="addNewProduct should not modify the input array" duration="13"/>
    <testCase name="addNewProduct should work with an empty input array" duration="11"/>
    <testCase name="createProduct should return an object with &quot;product&quot; and &quot;members&quot; properties when valid id and members are provided" duration="4"/>
    <testCase name="createProduct should return an object with an empty &quot;members&quot; array when no members are provided" duration="6"/>
    <testCase name="createProduct should handle special characters and spaces in id and member names" duration="28"/>
    <testCase name="createProduct should handle a large number of members" duration="4"/>
    <testCase name="createProduct should handle empty strings as id and member names" duration="3"/>
    <testCase name="handleMemberToggle should add member to product when member is not selected" duration="8"/>
    <testCase name="handleMemberToggle should remove member from product when member is already selected" duration="3"/>
    <testCase name="handleMemberToggle should add product and member to selected options when product is not selected" duration="4"/>
    <testCase name="handleMemberToggle should add member to product when product is already selected but with no members" duration="19"/>
    <testCase name="handleMemberToggle should add member to product when product is already selected with other members" duration="4"/>
    <testCase name="addMemberToProduct should add a member to a product with no existing members" duration="24"/>
    <testCase name="addMemberToProduct should add a member to a product with existing members" duration="4"/>
    <testCase name="addMemberToProduct should return the original products array if memberId is undefined" duration="4"/>
    <testCase name="addMemberToProduct should return the original products array if memberId is already in the product" duration="17"/>
    <testCase name="removeMemberFromProduct should remove a member from a product with multiple members" duration="3"/>
    <testCase name="removeMemberFromProduct should remove a member from a product with only one member" duration="4"/>
    <testCase name="removeMemberFromProduct should handle removing a non-existent member from a product" duration="3"/>
  </file>
  <file path="/Users/work/Documents/retailcore-mfe-investment-management/src/__tests__/components/modals/Liquidation.test.tsx">
    <testCase name="Liquidation should render the component with default props" duration="509"/>
    <testCase name="Liquidation should close the modal when the cancel button is clicked" duration="389"/>
    <testCase name="handleLiquidationCalculationPayload should calculate liquidation amount based on principal amount and selected liquidation unit when type is &quot;early&quot; and values is not provided" duration="8"/>
    <testCase name="handleLiquidationCalculationPayload should calculate liquidation amount based on provided amount and selected liquidation unit when type is not &quot;early&quot; and values is provided" duration="10"/>
    <testCase name="handleLiquidationCalculationPayload should calculate liquidation amount as 0 when type is not &quot;early&quot; and values is not provided" duration="41"/>
    <testCase name="handleLiquidationCalculationPayload should not calculate liquidation amount and not throw an error when detail object is invalid and productDetails is provided" duration="9"/>
    <testCase name="handleLiquidationCalculationPayload should calculate liquidation amount as 0 when type is not &quot;early&quot; and values is not a number" duration="22"/>
    <testCase name="handleLiquidationCalculationPayload should calculate liquidation amount based on principal amount and first liquidation unit when type is &quot;early&quot; and selection is not a valid index for liquidationUnitEnum" duration="5"/>
  </file>
  <file path="/Users/work/Documents/retailcore-mfe-investment-management/src/__tests__/components/Pages/management/manage-investment/IndexComponent.test.tsx">
    <testCase name="code snippet should render the Investment Management page with the correct title and breadcrumbs" duration="869"/>
    <testCase name="code snippet should display the Investment PRODUCTS section with the Individual Investments and Corporate Investments subsections" duration="476"/>
  </file>
  <file path="/Users/work/Documents/retailcore-mfe-investment-management/src/__tests__/components/Button.test.tsx">
    <testCase name="Button renders without crashing" duration="265"/>
    <testCase name="Button renders children" duration="22"/>
    <testCase name="Button applies custom className" duration="9"/>
    <testCase name="Button can show loader" duration="65"/>
    <testCase name="Button can hide loader" duration="25"/>
    <testCase name="Button can render button elements" duration="8"/>
    <testCase name="Button calls onClick handler" duration="44"/>
  </file>
  <file path="/Users/work/Documents/retailcore-mfe-investment-management/src/__tests__/pages/management/book-investment/IndexComponent.test.tsx">
    <testCase name="IndexComponent should render the component without crashing" duration="924"/>
    <testCase name="IndexComponent should display the correct title and breadcrumbs based on the investmentType parameter" duration="300"/>
    <testCase name="IndexComponent should render the correct form step based on the step state" duration="294"/>
    <testCase name="handleDraft should set isConfirmOpen to false when called" duration="34"/>
    <testCase name="handleDraft should call modifyProduct with updated form data and isDraft set to true when process is modify" duration="6"/>
    <testCase name="handleDraft should call createInvestment with form data and isDraft set to true when process is create or clone" duration="22"/>
    <testCase name="handleLinks should return the input &quot;links&quot; array unmodified when &quot;process&quot; is not &quot;restructure&quot;" duration="19"/>
    <testCase name="handleLinks should update the title of the object with id=2 to &quot;Restructure Investment&quot; when &quot;process&quot; is &quot;restructure&quot;" duration="4"/>
    <testCase name="handleLinks should return the input &quot;links&quot; array unmodified when &quot;links&quot; array does not contain an object with id=2 and &quot;process&quot; is &quot;restructure&quot;" duration="28"/>
    <testCase name="handleLinks should update the title of the first object with id=2 to &quot;Restructure Investment&quot; when &quot;process&quot; is &quot;restructure&quot; and there are multiple objects with id=2" duration="7"/>
    <testCase name="handleNav should navigate to summary page when current step is equal to total number of steps" duration="17"/>
    <testCase name="handleNav should throw an error when setStep parameter is not a function" duration="4"/>
  </file>
  <file path="/Users/work/Documents/retailcore-mfe-investment-management/src/__tests__/components/summary/IndexComponent.test.tsx">
    <testCase name="IndexComponent Renders without crashing" duration="668"/>
  </file>
  <file path="/Users/work/Documents/retailcore-mfe-investment-management/src/__tests__/components/Pages/management/book-investment/CustomerInformation.test.tsx">
    <testCase name="onProceed should call preCreateInvestment when formData.id is falsy" duration="43"/>
    <testCase name="onProceed should call preModifyRequest when formData.id is truthy" duration="30"/>
    <testCase name="CustomerInformation Should render" duration="537"/>
  </file>
  <file path="/Users/work/Documents/retailcore-mfe-investment-management/src/__tests__/components/Dropdown.test.tsx">
    <testCase name="Dropdown renders without crashing" duration="109"/>
    <testCase name="Dropdown matches snapshot" duration="95"/>
    <testCase name="Dropdown selects the right icon" duration="48"/>
    <testCase name="Dropdown renders right icon when button is clicked" duration="305"/>
    <testCase name="Dropdown applies active class to the selected option" duration="138"/>
    <testCase name="handleIcons should return the correct React component for each input value" duration="7"/>
    <testCase name="handleIcons should handle all valid input values" duration="31"/>
    <testCase name="TestDrop should render a button with children passed as props" duration="33"/>
    <testCase name="TestDrop should render a dropdown menu on button click" duration="194"/>
    <testCase name="TestDrop should render menu items based on options passed as props" duration="166"/>
    <testCase name="TestDrop should not render dropdown menu when trigger button is not clicked" duration="94"/>
    <testCase name="TestDrop should not render menu items when options prop is not passed" duration="83"/>
  </file>
  <file path="/Users/work/Documents/retailcore-mfe-investment-management/src/__tests__/modals/BookingDetail.test.tsx">
    <testCase name="code snippet should render" duration="938"/>
    <testCase name="BookingDetailLayout should render the product name and investment status" duration="237"/>
    <testCase name="BookingDetailLayout should display customer name and account number" duration="184"/>
    <testCase name="BookingDetailLayout should show investment ID and principal" duration="118"/>
    <testCase name="BookingDetailLayout should display &quot;-&quot; when product name is not available" duration="89"/>
    <testCase name="BookingDetailLayout should display &quot;-&quot; when investment ID is not available" duration="184"/>
    <testCase name="BookingDetailLayout should display &quot;-&quot; when principal is not available" duration="97"/>
  </file>
  <file path="/Users/work/Documents/retailcore-mfe-investment-management/src/__tests__/components/Pages/term-deposit/forms/gl_mapping_events/ProductToGLMapping.test.tsx">
    <testCase name="ProductToGLMapping Should render" duration="511"/>
  </file>
  <file path="/Users/work/Documents/retailcore-mfe-investment-management/src/__tests__/customer-eligibility-criteria.test.tsx">
    <testCase name="ProductInformation Renders without error" duration="750"/>
    <testCase name="handleCheckedRequirements should add document to toggled requirements when it is not already in the list" duration="6"/>
    <testCase name="handleCheckedRequirements should remove document from toggled requirements when it is already in the list" duration="24"/>
    <testCase name="handleSelectAllChange should set toggledRequirements to an empty array and set selectAll to false when selectAll is true" duration="5"/>
    <testCase name="handleSelectAllChange should set toggledRequirements to all documents and set selectAll to true when selectAll is false" duration="24"/>
    <testCase name="requirementDeleteHandler should filter out the item to delete from the selected requirements array" duration="7"/>
    <testCase name="requirementDeleteHandler should update the state with the new array" duration="20"/>
    <testCase name="addDocument should add a new document when the new document is not empty and does not already exist in the list" duration="7"/>
    <testCase name="addDocument should do nothing when the new document is empty" duration="38"/>
  </file>
  <file path="/Users/work/Documents/retailcore-mfe-investment-management/src/__tests__/modals/Status.test.tsx">
    <testCase name="Success Modal renders without crashing" duration="127"/>
    <testCase name="Success Modal matches snapshot" duration="53"/>
    <testCase name="Success Modal can close modal pathname !== /product-management" duration="238"/>
    <testCase name="Success Modal can close modal when canclose is true" duration="88"/>
    <testCase name="Prompt Modal renders without crashing" duration="8"/>
    <testCase name="Prompt Modal matches snapshot" duration="43"/>
    <testCase name="Prompt Modal can close modal pathname !== /product-management" duration="108"/>
    <testCase name="Prompt Modal can close modal when canclose is true" duration="49"/>
    <testCase name="Failed Modal matches snapshot" duration="20"/>
    <testCase name="Failed Modal can close modal pathname !== /product-management" duration="72"/>
    <testCase name="Failed Modal can close modal when canclose is true" duration="89"/>
    <testCase name="Success should render a success message with given text" duration="87"/>
    <testCase name="Success should render a check circle icon" duration="116"/>
    <testCase name="Success should render a &quot;Return to dashboard&quot; button" duration="52"/>
    <testCase name="Success should render a success message with long text" duration="81"/>
    <testCase name="Success should render a success message with special characters in text" duration="66"/>
    <testCase name="handleNavigations should return individualDashboard when specific category is individual&quot;" duration="4"/>
    <testCase name="handleNavigations should return individualDashboard when process is &quot;create&quot; and pathname includes &quot;management&quot; and &quot;individual&quot;" duration="12"/>
    <testCase name="handleNavigations should return factoryDashboard when process is &quot;create&quot; and pathname does not include &quot;management&quot; and &quot;individual&quot;" duration="4"/>
    <testCase name="handleNavigations should return individualDashboard when process is &quot;modify&quot; and pathname includes &quot;management&quot; and &quot;individual&quot;" duration="4"/>
    <testCase name="handleNavigations should not return undefined when process is not &quot;create&quot;, &quot;modify&quot;, &quot;continue&quot;, or &quot;withdraw_modify&quot;" duration="26"/>
  </file>
  <file path="/Users/work/Documents/retailcore-mfe-investment-management/src/__tests__/components/table/index.test.tsx">
    <testCase name="TableComponent should render a table with headers and rows" duration="589"/>
    <testCase name="TableComponent should display a loading indicator when data is being fetched" duration="104"/>
    <testCase name="TextCellContent renders text content and dot correctly" duration="40"/>
    <testCase name="TextCellContent should render nothing when value is null or undefined" duration="16"/>
    <testCase name="ProductNameCellContent renders product code correctly" duration="28"/>
    <testCase name="ProductNameCellContent renders &quot;-&quot; when product code is falsy" duration="9"/>
    <testCase name="UpdatedOnCellContent should render the date and time in the correct format" duration="28"/>
    <testCase name="UpdatedOnCellContent should render nothing when value is null or undefined" duration="7"/>
    <testCase name="UpdatedOnCellContent should render nothing when value is not a valid date" duration="152"/>
    <testCase name="UpdatedOnCellContent should render nothing when value is not a string or a date object" duration="21"/>
    <testCase name="UpdatedOnCellContent should render the date and time in the correct format for a different timezone" duration="7"/>
    <testCase name="StateCellContent should render a span element with the given value as its text content" duration="12"/>
    <testCase name="StateCellContent should apply a class to the span element based on the value passed to the function" duration="18"/>
    <testCase name="StatusCellContent should render a span element with the specific class based on the value passed as props" duration="19"/>
    <testCase name="StatusCellContent should call handleUserView function to determine the text content of the span element" duration="10"/>
    <testCase name="StatusCellContent should call handleColorState function to determine the background color of the span element" duration="60"/>
    <testCase name="StatusCellContent should render a span element with the default class and value as text content when the value passed as props does not match any of the cases in handleUserView and handleColorState" duration="18"/>
    <testCase name="StatusCellContent should default the isChecker prop to false if it is not a boolean" duration="9"/>
    <testCase name="StatusCellContent should render a FaEye icon next to the text content" duration="14"/>
    <testCase name="ActionsCellContent should render a DropdownButton component with the given dropDownOptions and onClick props" duration="51"/>
    <testCase name="ActionsCellContent should render a DropdownButton component with empty options when dropDownOptions prop is not provided" duration="172"/>
    <testCase name="handleUpdated should return null when key is &quot;state&quot; and newState is equal to value" duration="4"/>
    <testCase name="handleProductsDropdown should return an array of options based on the status and user permissions" duration="5"/>
    <testCase name="handleProductsDropdown should filter out &quot;deactivate&quot; and &quot;activate&quot; options if user does not have RE_OR_DEACTIVATE_INVESTMENT_PRODUCT permission" duration="11"/>
    <testCase name="handleProductsDropdown should filter out &quot;modify&quot; and &quot;clone&quot; options if user does not have CREATE_INVESTMENT_PRODUCT permission" duration="3"/>
    <testCase name="handleProductsDropdown should return an empty array if status is falsy" duration="8"/>
    <testCase name="handleProductsDropdown should return an empty array if DropDownOptions[status] is falsy" duration="4"/>
    <testCase name="handleUpdated should return null when key is &quot;state&quot; and newState is equal to value" duration="5"/>
    <testCase name="handleProductsDropdown should return an array of dropdown options based on the provided status and other parameters" duration="27"/>
    <testCase name="handleProductsDropdown should return an empty array if status is falsy" duration="22"/>
    <testCase name="handleProductsDropdown should return an array of &quot;view&quot; option if isChecker is true and statusType is Investments" duration="4"/>
    <testCase name="handleUpdated should return time of update if value was updated" duration="4"/>
    <testCase name="handleUpdated should not return time of update if value was not updated" duration="14"/>
    <testCase name="handleUpdated should handle change of state value" duration="10"/>
    <testCase name="handleUpdated should handle non change of state value" duration="15"/>
    <testCase name="handleUpdated Should return nothing when value is null" duration="4"/>
    <testCase name="statusHandler should handle earlyEditLiquidateSuccess and early " duration="4"/>
    <testCase name="statusHandler should set success text and open success modal when isSuccess is true" duration="19"/>
    <testCase name="statusHandler should set success text and open success modal when activateSuccess is true and role is superadmin or admin" duration="4"/>
    <testCase name="statusHandler should handle modifyRequestError" duration="7"/>
    <testCase name="statusHandler should handle deleteInvestmentRequestError" duration="4"/>
    <testCase name="statusHandler shluld handle earlyLiquidateSuccess" duration="4"/>
    <testCase name="statusHandler shluld handle activateSuccess" duration="34"/>
    <testCase name="statusHandler should handle partLiquidateSuccess" duration="4"/>
    <testCase name="statusHandler should handle earlyLiquidateIsError" duration="3"/>
    <testCase name="statusHandler should handle partLiquidateIsError" duration="4"/>
    <testCase name="statusHandler should handle deleteInvestmentRequestSuccess" duration="4"/>
    <testCase name="statusHandler should set failed text, subtext and open failed modal when isError is true" duration="4"/>
    <testCase name="statusHandler should set failed text and open failed modal when isError is true and error object is null" duration="4"/>
    <testCase name="statusHandler should set failed text and open failed modal when activateIsError is true and activateError object is null" duration="4"/>
    <testCase name="liquidationHandler should call the appropriate liquidation function based on the type parameter when metaInfo is null or undefined" duration="5"/>
  </file>
  <file path="/Users/work/Documents/retailcore-mfe-investment-management/src/__tests__/components/Breadcrumbs.test.tsx">
    <testCase name="Breadcrumbs renders without crashing" duration="67"/>
    <testCase name="Breadcrumbs matches snapshot" duration="35"/>
    <testCase name="Breadcrumbs displays breadcrumb links" duration="54"/>
    <testCase name="Breadcrumbs Can click on links" duration="39"/>
  </file>
  <file path="/Users/work/Documents/retailcore-mfe-investment-management/src/__tests__/components/modals/CustomerDetail.test.tsx">
    <testCase name="TabHeader should render TabHeader component without crashing" duration="80"/>
    <testCase name="TabHeader should display the title passed as prop" duration="33"/>
    <testCase name="TabHeader should display the right caret icon when title is not active" duration="21"/>
    <testCase name="TabContent should render correct number of items" duration="27"/>
    <testCase name="TabContent should render correct labels for each item" duration="22"/>
    <testCase name="TabContent should render correct values for each item" duration="12"/>
    <testCase name="TabContent should handle empty content array" duration="18"/>
    <testCase name="CustomerDetail should toggle tab content when tab header is clicked" duration="444"/>
    <testCase name="CustomerDetail should handle case when valid ID is not provided" duration="110"/>
    <testCase name="CustomerDetail should handle case when tab content data is not provided" duration="129"/>
  </file>
  <file path="/Users/work/Documents/retailcore-mfe-investment-management/src/__tests__/components/investment/dashboard/TableComponent.test.tsx">
    <testCase name="handleDropdown should return an array of options based on the status, isChecker, locked, and permissions parameters" duration="28"/>
    <testCase name="handleDropdown should filter out &quot;deactivate&quot; and &quot;activate&quot; options if user does not have &quot;CREATE_PRODUCT&quot; permission" duration="26"/>
    <testCase name="handleDropdown should filter out &quot;modify&quot; option if user does not have &quot;CREATE_PRODUCT&quot; permission and is not a checker" duration="6"/>
    <testCase name="handleDropdown should return an array with only &quot;view&quot; option if locked parameter is true and &quot;view&quot; option exists" duration="8"/>
    <testCase name="handleDropdown should return an empty array if locked parameter is true and &quot;view&quot; option does not exist" duration="5"/>
    <testCase name="handleDropdown should return an array with only &quot;view&quot; option if isChecker parameter is true and &quot;view&quot; option exists" duration="14"/>
    <testCase name="handleHeaders should filter out &apos;created_by&apos; when isChecker is true" duration="10"/>
    <testCase name="handleHeaders should filter out &apos;approved_By&apos; when isChecker is false" duration="22"/>
    <testCase name="handleDownload should generate CSV for requests category" duration="21"/>
    <testCase name="handleDownload should generate CSV for product category" duration="13"/>
    <testCase name="handleDownload should not generate CSV if downloadData is empty" duration="5"/>
    <testCase name="initiateDownload should download all products when category is &quot;all products&quot;" duration="4"/>
    <testCase name="initiateDownload should download all requests when category is &quot;requests&quot;" duration="5"/>
    <testCase name="initiateDownload should include selected filter value in download query" duration="13"/>
    <testCase name="initiateDownload should not include filter value in download query when no selected filter value is provided" duration="11"/>
    <testCase name="initiateDownload should not call download functions when category is not &quot;all products&quot; or &quot;requests&quot;" duration="12"/>
    <testCase name="initiateDownload should call download functions with empty query object" duration="5"/>
    <testCase name="initiateDownload should set page size to 1000000 in download query" duration="3"/>
    <testCase name="getSearchResult should call setSearchResults with an empty array when value is empty" duration="15"/>
    <testCase name="getSearchResult should call getProducts with the correct parameters when category is AllProducts" duration="5"/>
    <testCase name="getSearchResult should call getRequests with the correct parameters when category is Requests" duration="9"/>
    <testCase name="getSearchResult should call setSearchResults with an empty array when value is null" duration="23"/>
    <testCase name="getSearchResult should not call setSearchResults when category is not a valid StatusCategoryType" duration="4"/>
    <testCase name="getSearchResult should call getProducts/getRequests with filter_by as undefined when selected is null" duration="3"/>
    <testCase name="getSearchResult should call setSearchResults with an empty array when getProducts/getRequests returns an error" duration="14"/>
    <testCase name="getSearchResult should call getProducts/getRequests with the correct parameters when value is a string with special characters" duration="6"/>
    <testCase name="getSearchResult should call setSearchResults with an empty array when value is a string with only spaces" duration="15"/>
  </file>
  <file path="/Users/work/Documents/retailcore-mfe-investment-management/src/__tests__/components/forms/MultiSelect.test.tsx">
    <testCase name="MultiSelect renders without crashing" duration="84"/>
    <testCase name="MultiSelect opens and closes dropdown when clicked" duration="241"/>
    <testCase name="MultiSelect should toggle dropdown when button is clicked" duration="554"/>
    <testCase name="MultiSelect should select/deselect option when checkbox is clicked" duration="96"/>
    <testCase name="MultiSelect should render correctly with an empty options array" duration="143"/>
    <testCase name="MultiSelect should check select all" duration="63"/>
    <testCase name="MultiSelect should update checkbox state when props change" duration="60"/>
    <testCase name="closeDropdown should set isOpen state to false when setIsOpen is called with false" duration="12"/>
    <testCase name="closeDropdown should handle setIsOpen being called with a boolean value" duration="5"/>
    <testCase name="handleChange should add a new option to selectedOptions array when it does not exist" duration="36"/>
    <testCase name="handleChange should remove an option from selectedOptions array when it already exists" duration="9"/>
    <testCase name="handleChange should call setSelectedOptions with the same array when an option is already selected" duration="5"/>
  </file>
  <file path="/Users/work/Documents/retailcore-mfe-investment-management/src/__tests__/forms/GlInput.test.tsx">
    <testCase name="EntriesAndEventsSearchResults render, call requests and change value without error" duration="318"/>
    <testCase name="EntriesAndEventsSearchResults should close on clickaway" duration="93"/>
  </file>
  <file path="/Users/work/Documents/retailcore-mfe-investment-management/src/__tests__/components/Pages/term-deposit/forms/preview.test.tsx">
    <testCase name="Preview Renders without crashing" duration="581"/>
    <testCase name="handleSuccess Sets success message if isSuccess and role === superadmin" duration="27"/>
    <testCase name="handleSuccess Sets success message if isSuccess is false and role === superadmin" duration="11"/>
    <testCase name="handleSuccess Sets success message if role !== superadmin" duration="5"/>
    <testCase name="handleErrorMessage Sets error message if isError === true" duration="14"/>
    <testCase name="handleErrorMessage Sets error message if isError === false" duration="5"/>
    <testCase name="handleSubmit Should call modifyProduct if process === modify" duration="26"/>
    <testCase name="handleSubmit Should call modifyRequest if process === withdraw_modify" duration="9"/>
    <testCase name="handleSubmit Should call createProduct if process === create" duration="7"/>
    <testCase name="handleSubmit Should call createProduct if process === continue" duration="4"/>
    <testCase name="handleSubmit Should call createProduct if process === clone" duration="15"/>
    <testCase name="handleCancel Sets correct message when process === create" duration="4"/>
    <testCase name="handleCancel Sets correct message when process === modify" duration="50"/>
    <testCase name="handleCancel Sets correct message when process === continue" duration="5"/>
  </file>
  <file path="/Users/work/Documents/retailcore-mfe-investment-management/src/__tests__/App.test.tsx">
    <testCase name="Test App Component If App is rendered wihout issues" duration="93"/>
  </file>
  <file path="/Users/work/Documents/retailcore-mfe-investment-management/src/__tests__/components/Pages/term-deposit/forms/gl_mapping_events/ChargeAndTaxMultiselect.test.tsx">
    <testCase name="default should open search input field when search button is clicked" duration="294"/>
    <testCase name="default should render without options when availableOptions is undefined or null" duration="51"/>
  </file>
  <file path="/Users/work/Documents/retailcore-mfe-investment-management/src/__tests__/components/Pages/management/Individual/index.test.tsx">
    <testCase name="IndexComponent Renders without error" duration="1028"/>
    <testCase name="handleToggle should set isChecker to true and hideCreate to true when selected option includes &quot;approved&quot;" duration="51"/>
    <testCase name="handleToggle should set isChecker to true and hideCreate to true when selected option includes &quot;sent&quot;" duration="5"/>
    <testCase name="handleToggle should set isChecker to false and hideCreate to false when selected option does not include &quot;approved&quot; or &quot;sent&quot;" duration="13"/>
    <testCase name="handleToggle should not throw an error and change values to &apos;false&apos; when selected values when selected value is null" duration="12"/>
    <testCase name="handleToggle should not throw an error and change values to &apos;false&apos; when selected values does not have a text property" duration="5"/>
    <testCase name="handleToggle should not throw an error and change values to &apos;false&apos; when selected values when selected value has a null text property" duration="14"/>
    <testCase name="handleChange should update query object with selected filter and reset page to 1" duration="6"/>
    <testCase name="handleChange should set status_In property of query object to null when activeType is &quot;all&quot;" duration="25"/>
    <testCase name="handleChange should update query object when activeType is not a valid string" duration="5"/>
    <testCase name="handleChange should update query object when category is not a valid string" duration="27"/>
    <testCase name="handleRefresh should call getProducts and prodStatRefetch with updated query when category is Investments" duration="4"/>
    <testCase name="handleRefresh should call getRequests and requestRefetch with updated query when category is Requests" duration="6"/>
    <testCase name="handleRefresh should call getRequests and RequestRefetch when category is undefined" duration="26"/>
    <testCase name="handleSearch Should call setQuery with the provided values" duration="19"/>
    <testCase name="handleProductStatus should set product data to an empty array when query page is 1" duration="7"/>
    <testCase name="handleProductStatus should concatenate fetched data results to previous product data, mapping each result to include state and productType properties" duration="42"/>
    <testCase name="handleProductStatus should set hasMore to true if there is a next page in the fetched data" duration="4"/>
    <testCase name="handleProductStatus should not modify product data when query page is not 1" duration="5"/>
    <testCase name="handleProductStatus should not modify product data when data fetch is not successful" duration="11"/>
    <testCase name="handleProductStatus should not modify product data when fetched data results are empty" duration="5"/>
  </file>
  <file path="/Users/work/Documents/retailcore-mfe-investment-management/src/__tests__/components/ProductSearch.test.tsx">
    <testCase name="search input calls setSearchTerm function with debounce on input change" duration="150"/>
    <testCase name="classNames should concatenate all truthy class names into a single string" duration="7"/>
    <testCase name="classNames should ignore all falsy class names" duration="7"/>
    <testCase name="classNames should handle multiple truthy and falsy class names" duration="19"/>
    <testCase name="classNames should handle empty input" duration="5"/>
    <testCase name="classNames should handle input with only one truthy class name" duration="5"/>
    <testCase name="ProductSearch renders without crashing" duration="102"/>
    <testCase name="ProductSearch shows placeholder text" duration="54"/>
    <testCase name="ProductSearch filters options by search query" duration="27"/>
    <testCase name="ProductSearch renders the component with placeholder" duration="17"/>
    <testCase name="ProductSearch displays options when typing in the input" duration="74"/>
    <testCase name="ProductSearch applies the correct class when an option is active" duration="45"/>
    <testCase name="ProductSearch applies the correct class when an option is selected" duration="73"/>
  </file>
  <file path="/Users/work/Documents/retailcore-mfe-investment-management/src/__tests__/components/StatusCard.test.tsx">
    <testCase name="StatusCard Renders without error" duration="532"/>
    <testCase name="StatusButton Renders without error" duration="17"/>
    <testCase name="StatusButton Shows spinner while loading" duration="23"/>
    <testCase name="sortOptions Sorts and returns expected options in &apos;all products&apos; category" duration="14"/>
    <testCase name="sortOptions Sorts and returns expected options in &apos;requests&apos; category" duration="5"/>
    <testCase name="StatusCategoryButton should handle button click and apply styles" duration="68"/>
    <testCase name="handleActiveType Sets status to &quot;&quot; when activeType === all " duration="5"/>
    <testCase name="handleActiveType Sets status according to various activeTypes" duration="21"/>
    <testCase name="filterDefaultOptions should return an array of objects filtered from" duration="17"/>
    <testCase name="filterDefaultOptions should not contain objects withroperty equal  or" duration="5"/>
    <testCase name="filterDefaultOptions should contain objects withroperty equal  or only" duration="4"/>
    <testCase name="filterDefaultOptions should contain objects withroperty equal  only" duration="4"/>
    <testCase name="filterDefaultOptions should contain objects withroperty equal to only" duration="4"/>
    <testCase name="StatusButton should render button element with correct type and styling" duration="53"/>
    <testCase name="StatusButton should display correct count when isLoading is false" duration="22"/>
    <testCase name="StatusButton should display spinner when isLoading is true" duration="20"/>
    <testCase name="StatusButton should render button element with correct type and styling when count returns undefined" duration="20"/>
    <testCase name="StatusButton should render button element with correct type and styling when count returns null" duration="25"/>
    <testCase name="StatusButton should render button element with correct type and styling when analyticsData is undefined" duration="14"/>
    <testCase name="StatusButton should render button element with correct type and styling" duration="22"/>
    <testCase name="StatusButton should display correct count based on provided analytics data" duration="7"/>
    <testCase name="StatusButton should display spinner animation when isLoading is true" duration="21"/>
    <testCase name="StatusButton should handle missing or invalid item prop" duration="16"/>
    <testCase name="StatusButton should handle missing or invalid analyticsData prop" duration="7"/>
    <testCase name="StatusButton should handle missing or invalid setActiveType prop" duration="18"/>
    <testCase name="count should return the correct count for each status type" duration="5"/>
    <testCase name="count should return 0 when the input item type is not recognized" duration="4"/>
    <testCase name="count should return 0 when the analyticsData is null" duration="4"/>
    <testCase name="count should return 0 when the analyticsData is undefined" duration="4"/>
    <testCase name="count should return 0 when the input item type is null" duration="21"/>
    <testCase name="count should return 0 when the input item type is undefined" duration="4"/>
    <testCase name="count should return 0 when the input item type is an empty string" duration="23"/>
    <testCase name="handleClick should set the category state to the selected item type" duration="5"/>
    <testCase name="handleClick should set the selected state to the first item of ProductOptions if category is AllProducts" duration="21"/>
    <testCase name="handleClick should set the selected state to the first item of RequestOptions if category is not AllProducts" duration="4"/>
    <testCase name="handlePermission should handle permission for all investment product and request options" duration="5"/>
    <testCase name="handlePermission should handle permission for individual investment product and request options" duration="26"/>
    <testCase name="handlePermission should handle permission for viewing all investment product records" duration="6"/>
    <testCase name="handlePermission should handle permission for viewing all investment product requests" duration="26"/>
    <testCase name="handlePermission should handle permission for creating investment products" duration="4"/>
  </file>
  <file path="/Users/work/Documents/retailcore-mfe-investment-management/src/__tests__/components/forms/MinMaxInput.test.tsx">
    <testCase name="MinMaxInput should render an input field with default value and placeholder" duration="146"/>
    <testCase name="MinMaxInput should allow user input and trigger change event" duration="39"/>
    <testCase name="MinMaxInput should clear errors when input value changes" duration="20"/>
    <testCase name="MinMaxInput should display red border when there is an error" duration="17"/>
    <testCase name="MinMaxInput should not display red border when there is no error" duration="23"/>
    <testCase name="MinMaxInput should display default placeholder if not provided" duration="9"/>
    <testCase name="MinMaxInput renders without errors" duration="379"/>
    <testCase name="MinMaxInput handles value change" duration="11"/>
  </file>
  <file path="/Users/work/Documents/retailcore-mfe-investment-management/src/__tests__/forms/InfoLabel.test.tsx">
    <testCase name="InfoLabel Renders without errors" duration="80"/>
  </file>
  <file path="/Users/work/Documents/retailcore-mfe-investment-management/src/__tests__/forms/Checkbox.test.tsx">
    <testCase name="Checkbox renders without crashing" duration="198"/>
    <testCase name="Checkbox matches snapshot" duration="40"/>
    <testCase name="Checkbox displays the label" duration="27"/>
    <testCase name="Checkbox initially renders unchecked" duration="14"/>
    <testCase name="Checkbox renders checked when checked prop is true" duration="23"/>
    <testCase name="Checkbox calls onChange when clicked" duration="34"/>
    <testCase name="Checkbox should not call onChange if not provided when handleChange is invoked" duration="31"/>
  </file>
  <file path="/Users/work/Documents/retailcore-mfe-investment-management/src/__tests__/pricing-config.test.tsx">
    <testCase name="PricingConfig renders without errors" duration="489"/>
    <testCase name="validateSlab should return true when type is 0 and lastSlab.principalMax equals principalMax" duration="33"/>
    <testCase name="validateSlab should return true when type is 1 and lastSlab.tenorMax equals tenorMax" duration="7"/>
    <testCase name="validateSlab should return false when type is not 0 or 1" duration="21"/>
    <testCase name="validateSlab should return false when values.interestRateConfigModels is empty" duration="5"/>
    <testCase name="validateSlab should return false when type is not a number" duration="30"/>
    <testCase name="validateSlab should return false when lastSlab is undefined" duration="10"/>
  </file>
  <file path="/Users/work/Documents/retailcore-mfe-investment-management/src/__tests__/components/QuickLinks.test.tsx">
    <testCase name="QuickLinks should renderWithProviders a container with a title and a list of links" duration="226"/>
    <testCase name="QuickLinks component renderWithProviderss QuickLinks component with suggested links" duration="93"/>
    <testCase name="QuickLinks component closes the suggested links section when close button is clicked" duration="118"/>
    <testCase name="QuickLinks component should renderWithProviders a message when isOpen state is true" duration="54"/>
    <testCase name="QuickLinks component should renderWithProviders default link when useGetLinksQuery hook returns null" duration="67"/>
    <testCase name="QuickLinks component sets links state when quickLinks is available" duration="78"/>
    <testCase name="QuickLinks component closes the suggested links section when close button is clicked" duration="53"/>
    <testCase name="handleLinksUpdate should set default link when quickLinks is empty" duration="5"/>
    <testCase name="handleLinksUpdate should add suggested link when it doesnt exist in quickLinks" duration="15"/>
    <testCase name="handleLinksUpdate should update link when it exists in quickLinks" duration="14"/>
    <testCase name="handleLinksUpdate should do nothing when isLinksQuerySuccessful is false" duration="25"/>
    <testCase name="handleLinksUpdate should do nothing when quickLinks is undefined" duration="5"/>
  </file>
  <file path="/Users/work/Documents/retailcore-mfe-investment-management/src/__tests__/components/forms/MultiSelectForm.tsx">
    <testCase name="MultiSelectForm should render a label with the provided labelName prop" duration="290"/>
    <testCase name="MultiSelectForm should render a button with the provided placeholder prop" duration="24"/>
    <testCase name="MultiSelectForm should open a dropdown with options when the button is clicked" duration="324"/>
    <testCase name="MultiSelectForm should handle the case where no options are provided" duration="57"/>
    <testCase name="MultiSelectForm should handle the case where no labelName prop is provided" duration="24"/>
    <testCase name="MultiSelectForm should handle the case where no inputName prop is provided" duration="20"/>
    <testCase name="handleChange should add a new value to selectedOptions array when it doesnt already exist" duration="64"/>
    <testCase name="handleChange should remove a value from selectedOptions array when it already exists" duration="25"/>
    <testCase name="handleChange should handle null or undefined value parameter" duration="14"/>
    <testCase name="handleChange should handle null or undefined setSelectedOptions parameter" duration="16"/>
    <testCase name="handleChange should handle null or undefined id parameter" duration="4"/>
    <testCase name="closeDropdown should set isOpen state to false when called with setIsOpen(false)" duration="23"/>
    <testCase name="closeDropdown should not throw an error when called with setIsOpen" duration="4"/>
    <testCase name="closeDropdown should not have any side effects other than setting isOpen state to false" duration="14"/>
    <testCase name="closeDropdown should not affect any other state or props" duration="7"/>
    <testCase name="MultiSelectForm renders component with default values" duration="45"/>
    <testCase name="MultiSelectForm opens and closes the dropdown on button click" duration="112"/>
    <testCase name="MultiSelectForm handles checkbox change" duration="113"/>
    <testCase name="MultiSelectForm handles &quot;Select All&quot; checkbox change" duration="84"/>
    <testCase name="MultiSelectForm handles clearing selected options" duration="93"/>
  </file>
  <file path="/Users/work/Documents/retailcore-mfe-investment-management/src/__tests__/components/Pages/term-deposit/forms/toggle-input-children.test.tsx">
    <testCase name="ToggleInputChildren should render the label and a switch component when rendered" duration="182"/>
    <testCase name="ToggleInputChildren should toggle the switch component on click" duration="53"/>
    <testCase name="ToggleInputChildren should set the default value of the switch component if defaultValue prop is not null" duration="24"/>
    <testCase name="ToggleInputChildren should not set the default value of the switch component if defaultValue prop is null" duration="73"/>
    <testCase name="ToggleInputChildren should call setValue and trigger with the correct inputName when the switch component is toggled" duration="26"/>
  </file>
  <file path="/Users/work/Documents/retailcore-mfe-investment-management/src/__tests__/modals/Rejection.test.tsx">
    <testCase name="handleSuccess should set options for ProductSearch component when userIsSuccess is true and branchMembersData is not null or undefined" duration="42"/>
    <testCase name="handleSuccess should not call setUsers when userIsSuccess is false" duration="22"/>
    <testCase name="handleSuccess should call setUsers with an empty array when branchMembersData is an empty array" duration="6"/>
    <testCase name="Rejection should render the Rejection modal with the correct UI and props" duration="534"/>
    <testCase name="Rejection should display the correct title and labels for the form inputs" duration="189"/>
  </file>
  <file path="/Users/work/Documents/retailcore-mfe-investment-management/src/__tests__/components/Loader.test.tsx">
    <testCase name="Breadcrumbs renders without crashing" duration="65"/>
    <testCase name="Breadcrumbs matches snapshot" duration="21"/>
    <testCase name="Loader should render Loader component when isOpen is true" duration="226"/>
    <testCase name="Loader should not render Loader component when isOpen is false" duration="30"/>
    <testCase name="Loader should not throw an error when setIsOpen is not provided" duration="74"/>
    <testCase name="Loader should spin the AiOutlineLoading icon when Loader component is rendered" duration="73"/>
    <testCase name="Loader should display the text prop in the Loader component" duration="69"/>
  </file>
  <file path="/Users/work/Documents/retailcore-mfe-investment-management/src/__tests__/Sterling-investment.tsx">
    <testCase name="microfrontend bootstraps the app" duration="67"/>
    <testCase name="microfrontend mounts and unmounts" duration="55"/>
  </file>
  <file path="/Users/work/Documents/retailcore-mfe-investment-management/src/__tests__/forms/FormUpload.test.tsx">
    <testCase name="FormUpload renders without crashing" duration="119"/>
    <testCase name="FormUpload matches snapshot" duration="100"/>
    <testCase name="FormUpload should reset all state variables when handleReset is called" duration="11"/>
    <testCase name="handleFileChange should select a file and set the file type correctly" duration="62"/>
    <testCase name="handleFileChange should set an error message when the file size exceeds the maximum allowed size" duration="8"/>
    <testCase name="handleFileChange should set an error message when no file is selected" duration="15"/>
    <testCase name="handleFileChange should display an error message when selecting a file with an invalid extension" duration="6"/>
    <testCase name="FormUpload should display error message when selecting a file with an unsupported file type" duration="65"/>
    <testCase name="handleDrag should set dragActive to true when dragenter event is triggered" duration="17"/>
    <testCase name="handleDrag should set dragActive to true when dragover event is triggered" duration="26"/>
    <testCase name="handleDrag should set dragActive to false when dragleave event is triggered" duration="24"/>
    <testCase name="handleReset should reset upload data to an empty array" duration="23"/>
    <testCase name="handleReset should set status to null" duration="4"/>
    <testCase name="handleDrop should read and process a valid file when dropped" duration="12"/>
    <testCase name="handleDrop should process a file with a valid file type when dropped" duration="5"/>
    <testCase name="handleDrop should read and process a file with a valid file type when dropped" duration="40"/>
    <testCase name="handleDrop should process a file with a valid file type when dropped" duration="4"/>
    <testCase name="handleDrop should process a file with a valid file type when dropped" duration="5"/>
    <testCase name="handleDrop should set an error message when the file type is not supported" duration="37"/>
    <testCase name="handleDrop should set the base64 image correctly when the file is read" duration="6"/>
  </file>
  <file path="/Users/work/Documents/retailcore-mfe-investment-management/src/__tests__/ProductDetail.test.tsx">
    <testCase name="ProductDetail Renders without crashing when values prev details and detail are the same" duration="1012"/>
    <testCase name="ProductDetail Renders when values are different" duration="247"/>
    <testCase name="ProductDetail should render data rows correctly" duration="49"/>
    <testCase name="ProductDetail should handle no previous data available" duration="580"/>
    <testCase name="DebitCreditable should render product details correctly" duration="250"/>
    <testCase name="DebitCreditable should display an empty table when dataTab prop is an empty array" duration="26"/>
    <testCase name="DebitCreditable should display the correct S|N value for each row" duration="23"/>
  </file>
  <file path="/Users/work/Documents/retailcore-mfe-investment-management/src/__tests__/components/summary/Actions.test.tsx">
    <testCase name="Actions should renderWithProviders a div element with specific class and styling" duration="186"/>
    <testCase name="Actions should call the corresponding functions when Cancel, Modify, or Submit buttons are clicked" duration="57"/>
    <testCase name="Actions should call the corresponding functions when Print, Share, or Return to dashboard buttons are clicked" duration="104"/>
    <testCase name="Actions should set the confirm text to &quot;Product creation approve&quot; when sub_type is not provided and action is &quot;approve&quot;" duration="60"/>
    <testCase name="Actions should set the confirm text to &quot;Product creation reject&quot; when sub_type is not provided and action is &quot;reject&quot;" duration="24"/>
    <testCase name="Actions should set the confirm text to &quot;Product activation approve&quot; when sub_type is &quot;activation&quot; and action is &quot;approve&quot;" duration="66"/>
    <testCase name="Actions Should call initiate verdict" duration="244"/>
    <testCase name="handleConfirm should call approveProduct when action is &quot;approve&quot;" duration="20"/>
    <testCase name="handleConfirm should approve investment for individual" duration="6"/>
    <testCase name="handleConfirm should approve cancel for individual" duration="38"/>
    <testCase name="handleConfirm should set setRejection to true when action is &quot;reject&quot;" duration="7"/>
    <testCase name="handleConfirm should navigate to &quot;/product-factory/investment?category=requests&quot; when action is &quot;cancel&quot;" duration="17"/>
    <testCase name="handleConfirm should do nothing when &quot;action&quot; parameter is not provided" duration="11"/>
    <testCase name="handleMessages should set success text and open success modal when rejectSuccess is true" duration="10"/>
    <testCase name="handleMessages should set success text and open success modal when approveSuccess is true" duration="4"/>
    <testCase name="handleMessages should not set any text or open any modal when rejectSuccess and approveSuccess are both false" duration="32"/>
    <testCase name="handleMessages should not set any text or open any modal when rejectError and approveError are both null" duration="4"/>
    <testCase name="handleMessages should set failed text and subtext when rejectError and approveError are both defined" duration="39"/>
    <testCase name="handleMessages should set failed text and subtext when rejectError is defined and approveError is null" duration="4"/>
    <testCase name="handleMessages Should handle investmentRejectSuccess" duration="53"/>
    <testCase name="handleMessages Should handle investmentApproveSuccess" duration="3"/>
    <testCase name="handleMessages Should handle investmentApproveIsError" duration="9"/>
    <testCase name="handleMessages Should handle investmentRejectIsError" duration="3"/>
    <testCase name="handlePermissionType should return &quot;BOOK_INVESTMENT&quot; when type is &quot;individual&quot; and process_type is &quot;booking&quot;" duration="3"/>
    <testCase name="handlePermissionType should return &quot;LIQUIDATE_INVESTMENT&quot; when type is &quot;individual&quot; and process_type is not &quot;booking&quot;" duration="16"/>
    <testCase name="handlePermissionType should return &quot;CREATE_INVESTMENT_PRODUCT&quot; when type is &quot;investment&quot;" duration="4"/>
    <testCase name="handlePermissionType should return undefined when type is not &quot;individual&quot; or &quot;investment&quot;" duration="3"/>
  </file>
  <file path="/Users/work/Documents/retailcore-mfe-investment-management/src/__tests__/components/Pages/management/book-investment/Preview.test.tsx">
    <testCase name="Preview Renders without crashing" duration="923"/>
    <testCase name="handleSuccess Sets success message if isSuccess and role === superadmin" duration="10"/>
    <testCase name="handleSuccess Sets success message if isSuccess is false and role === superadmin" duration="18"/>
    <testCase name="handleSuccess Sets success message if role !== superadmin" duration="5"/>
    <testCase name="handleErrorMessage Sets error message if isError === true" duration="5"/>
    <testCase name="handleErrorMessage Sets error message if isError === false" duration="9"/>
    <testCase name="handleSubmit Should call modifyProduct if process === modify" duration="5"/>
    <testCase name="handleSubmit Should call modifyRequest if process === withdraw_modify" duration="9"/>
    <testCase name="handleSubmit Should call createProduct if process === create" duration="7"/>
    <testCase name="handleSubmit Should call createProduct if process === continue" duration="59"/>
    <testCase name="handleSubmit Should call createProduct if process === clone" duration="29"/>
    <testCase name="handleCancel Sets correct message when process === create" duration="40"/>
    <testCase name="handleCancel Sets correct message when process === modify" duration="4"/>
    <testCase name="handleCancel Sets correct message when process === continue" duration="64"/>
  </file>
  <file path="/Users/work/Documents/retailcore-mfe-investment-management/src/__tests__/liquidity-setup.test.tsx">
    <testCase name="LiquiditySetup Renders without error" duration="687"/>
    <testCase name="handleSelected should set partOptionCharges and earlyOptionCharges when inputName is &quot;part_SpecificCharges&quot; or &quot;early_SpecificCharges&quot; respectively" duration="15"/>
    <testCase name="handleSelected should set value of &quot;part_SpecificCharges&quot; or &quot;early_SpecificCharges&quot; to selectedOptions when inputName is &quot;part_SpecificCharges&quot; or &quot;early_SpecificCharges&quot; respectively" duration="6"/>
    <testCase name="handleSelected should not set partOptionCharges, earlyOptionCharges, or value when inputName is not &quot;part_SpecificCharges&quot; or &quot;early_SpecificCharges&quot;" duration="80"/>
    <testCase name="handleSelected should not set partOptionCharges, earlyOptionCharges, or value when selectedOptions is null or undefined" duration="64"/>
    <testCase name="onProceed should set early_SpecificCharges and part_SpecificCharges in formData and call proceed function when all parameters are defined" duration="4"/>
    <testCase name="onProceed should set early_SpecificCharges and part_SpecificCharges in formData as undefined when earlyOptionCharges and partOptionCharges are undefined" duration="4"/>
    <testCase name="onProceed should set early_SpecificCharges and part_SpecificCharges in formData as null when earlyOptionCharges and partOptionCharges are null" duration="39"/>
    <testCase name="onProceed should set early_SpecificCharges and part_SpecificCharges in formData as null when formData is null" duration="17"/>
  </file>
  <file path="/Users/work/Documents/retailcore-mfe-investment-management/src/__tests__/root.component.test.tsx">
    <testCase name="Root component should be in the document" duration="95"/>
  </file>
  <file path="/Users/work/Documents/retailcore-mfe-investment-management/src/__tests__/components/Pages/management/manage-investment/TableComponent.test.tsx">
    <testCase name="handleDropdown should return an array of options based on the status, isChecker, locked, and permissions parameters" duration="41"/>
    <testCase name="handleDropdown should filter out &quot;deactivate&quot; and &quot;activate&quot; options if user does not have &quot;CREATE_PRODUCT&quot; permission" duration="21"/>
    <testCase name="handleDropdown should filter out &quot;modify&quot; option if user does not have &quot;CREATE_PRODUCT&quot; permission and is not a checker" duration="18"/>
    <testCase name="handleDropdown should return an array with only &quot;view&quot; option if locked parameter is true and &quot;view&quot; option exists" duration="30"/>
    <testCase name="handleDropdown should return an empty array if locked parameter is true and &quot;view&quot; option does not exist" duration="25"/>
    <testCase name="handleDropdown should return an array with only &quot;view&quot; option if isChecker parameter is true and &quot;view&quot; option exists" duration="10"/>
    <testCase name="handleHeaders should filter out &apos;created_by&apos; when isChecker is true" duration="38"/>
    <testCase name="handleHeaders should filter out &apos;approved_By&apos; when isChecker is false" duration="4"/>
    <testCase name="handleDownload should generate CSV for requests category" duration="33"/>
    <testCase name="handleDownload should generate CSV for product category" duration="5"/>
    <testCase name="handleDownload should not generate CSV if downloadData is empty" duration="4"/>
    <testCase name="initiateDownload should download all products when category is &quot;all products&quot;" duration="5"/>
    <testCase name="initiateDownload should download all requests when category is &quot;requests&quot;" duration="5"/>
    <testCase name="initiateDownload should include selected filter value in download query" duration="21"/>
    <testCase name="initiateDownload should not include filter value in download query when no selected filter value is provided" duration="4"/>
    <testCase name="initiateDownload should not call download functions when category is not &quot;all products&quot; or &quot;requests&quot;" duration="21"/>
    <testCase name="initiateDownload should call download functions with empty query object" duration="8"/>
    <testCase name="getSearchResult should call setSearchResults with an empty array when value is empty" duration="4"/>
    <testCase name="getSearchResult should call getRequests with the correct parameters when category is Requests" duration="46"/>
    <testCase name="getSearchResult should call setSearchResults with an empty array when value is null" duration="4"/>
    <testCase name="getSearchResult should not call setSearchResults when category is not a valid StatusCategoryType" duration="47"/>
    <testCase name="getSearchResult should call setSearchResults with an empty array when getProducts/getRequests returns an error" duration="3"/>
    <testCase name="getSearchResult should call getProducts/getRequests with the correct parameters when value is a string with special characters" duration="3"/>
    <testCase name="getSearchResult should call setSearchResults with an empty array when value is a string with only spaces" duration="15"/>
  </file>
  <file path="/Users/work/Documents/retailcore-mfe-investment-management/src/__tests__/forms/BorderlessSelect.test.tsx">
    <testCase name="BorderlessSelect Renders without error" duration="196"/>
    <testCase name="BorderlessSelect Shows options when input is clicked" duration="394"/>
    <testCase name="BorderlessSelect indicates that input is required" duration="79"/>
    <testCase name="BorderlessSelect indicates error" duration="98"/>
    <testCase name="BorderlessSelect changes value when clicked and hides options" duration="67"/>
  </file>
  <file path="/Users/work/Documents/retailcore-mfe-investment-management/src/__tests__/forms/FormDate.test.tsx">
    <testCase name="FormDate component should update date on date change" duration="197"/>
    <testCase name="FormDate component should display error message when there is an error" duration="29"/>
  </file>
  <file path="/Users/work/Documents/retailcore-mfe-investment-management/src/__tests__/components/ShareButton.test.tsx">
    <testCase name="ShareButton renders without crashing" duration="139"/>
    <testCase name="ShareButton triggers the share action when clicked" duration="95"/>
  </file>
  <file path="/Users/work/Documents/retailcore-mfe-investment-management/src/__tests__/components/SideLabelSearchSelect.test.tsx">
    <testCase name="InputDivs should render a div with a label and a child div" duration="172"/>
    <testCase name="InputDivs should display a RedDot component next to the label" duration="30"/>
    <testCase name="InputDivs should accept a label prop and render it as text" duration="80"/>
    <testCase name="InputDivs should render without a label when label prop is not provided" duration="13"/>
    <testCase name="InputDivs should render without a child div when children prop is not provided" duration="22"/>
    <testCase name="InputDivs should render an empty label when label prop is an empty string" duration="14"/>
    <testCase name="SideLabelSearchSelect should render the component with default props and input options" duration="126"/>
  </file>
  <file path="/Users/work/Documents/retailcore-mfe-investment-management/src/__tests__/MiniTermDepositDetail.test.tsx">
    <testCase name="MiniTermDepositDetail renders without error" duration="164"/>
    <testCase name="MiniTermDepositDetail Indicates new data" duration="28"/>
  </file>
  <file path="/Users/work/Documents/retailcore-mfe-investment-management/src/__tests__/components/BookInvestmentButton.test.tsx">
    <testCase name="code snippet should render a button component with children passed as props" duration="87"/>
    <testCase name="code snippet should toggle the display of a dropdown menu when the button is clicked" duration="158"/>
    <testCase name="code snippet should display a list of investment options in the dropdown menu" duration="144"/>
    <testCase name="code snippet Should call goToUrl when user is permitted" duration="200"/>
    <testCase name="code snippet Should not call goToUrl when user is not permitted" duration="156"/>
  </file>
  <file path="/Users/work/Documents/retailcore-mfe-investment-management/src/__tests__/modals/Approved.test.tsx">
    <testCase name="ApprovedSuccess Modal renders without crashing" duration="52"/>
    <testCase name="ApprovedSuccess Modal matches snapshot" duration="22"/>
    <testCase name="ApprovedSuccess Modal closes modal when cancel clicked" duration="271"/>
    <testCase name="ApprovedSuccess Modal calls onConfirm when form submitted" duration="62"/>
  </file>
  <file path="/Users/work/Documents/retailcore-mfe-investment-management/src/__tests__/components/management/ProductInfoInvestmentCalc.test.tsx">
    <testCase name="ProductInfoInvestmentCalc should display correct product name and description" duration="474"/>
    <testCase name="ProductInfoInvestmentCalc should mot display correct product name and description" duration="184"/>
  </file>
  <file path="/Users/work/Documents/retailcore-mfe-investment-management/src/__tests__/components/FormStepComponent.test.tsx">
    <testCase name="FormStepComponent should render the correct number of form step items when formStepItems is not empty" duration="785"/>
    <testCase name="FormStepComponent should render the correct label for each form step item when formStepItems is not empty" duration="121"/>
    <testCase name="FormStepComponent should render the correct index for each form step item when formStepItems is not empty" duration="67"/>
    <testCase name="FormStepComponent should handle empty formStepItems array and render default form step item" duration="29"/>
    <testCase name="FormStepComponent should handle step value greater than the number of formStepItems and render last form step item" duration="71"/>
    <testCase name="FormStepComponent should handle step value less than 1 and render first form step item" duration="29"/>
  </file>
  <file path="/Users/work/Documents/retailcore-mfe-investment-management/src/__tests__/components/SearchInput.test.tsx">
    <testCase name="handleInputChange should call setInputValue with the event target value" duration="74"/>
    <testCase name="SearchInput should render search input field with default props" duration="210"/>
    <testCase name="SearchInput applies custom CSS classes" duration="47"/>
    <testCase name="SearchInput should update input field when user inputs a search term" duration="38"/>
    <testCase name="SearchInput should update input field when user inputs a search term and isTruncated is true" duration="55"/>
    <testCase name="closeBox should set search results to an empty array" duration="8"/>
    <testCase name="closeBox should set show box state to false" duration="91"/>
    <testCase name="closeBox should handle setSearchResults parameter not being a function" duration="164"/>
    <testCase name="closeBox should handle setShowBox parameter not being a function" duration="12"/>
    <testCase name="closeBox should handle multiple calls in a row" duration="19"/>
    <testCase name="SearchValues should call handleClick when search item is clicked" duration="53"/>
    <testCase name="SearchItem should render a span element with the specified className when type is &quot;general&quot;" duration="57"/>
    <testCase name="SearchItem should render a div element when item.products.length &gt; 0" duration="52"/>
    <testCase name="SearchItem should render a div element when item is undefined" duration="9"/>
  </file>
  <file path="/Users/work/Documents/retailcore-mfe-investment-management/src/__tests__/modals/Layout.test.tsx">
    <testCase name="Layout renders children and opens and closes the modal" duration="249"/>
    <testCase name="Layout should not render children when isOpen is false" duration="13"/>
    <testCase name="Layout should render dialog with correct data-testid" duration="56"/>
  </file>
  <file path="/Users/work/Documents/retailcore-mfe-investment-management/src/__tests__/components/Pages/management/certificate/PdfPreviewComponent.test.tsx">
    <testCase name="PdfPreviewComponent should render without errors" duration="284"/>
  </file>
  <file path="/Users/work/Documents/retailcore-mfe-investment-management/src/__tests__/components/CreateButton.test.tsx">
    <testCase name="closeButton should set isOpen state to false" duration="83"/>
    <testCase name="closeButton should set secondActive, thirdActive, and fourthActive states to empty strings" duration="9"/>
    <testCase name="closeButton should not return any value" duration="6"/>
    <testCase name="closeButton should require function parameters" duration="43"/>
    <testCase name="closeButton should not throw any errors" duration="5"/>
    <testCase name="goToUrl should navigate to the provided URL" duration="8"/>
    <testCase name="goToUrl should throw an error when url is null" duration="5"/>
    <testCase name="goToUrl should throw an error when navigate function is not a function" duration="64"/>
    <testCase name="goToUrl should handle relative URLs" duration="5"/>
    <testCase name="CreateButton should render the component without crashing" duration="100"/>
    <testCase name="CreateButton should open the dropdown menu when the button is clicked" duration="62"/>
    <testCase name="CreateButton should open the dropdown children" duration="301"/>
    <testCase name="CreateButton should close the dropdown menu when clicked outside" duration="215"/>
  </file>
  <file path="/Users/work/Documents/retailcore-mfe-investment-management/src/__tests__/components/forms/MultiSelectForm2.tsx">
    <testCase name="handleChange should add a new value to selectedOptions array when it doesnt already exist" duration="29"/>
    <testCase name="handleChange should remove a value from selectedOptions array when it already exists" duration="17"/>
    <testCase name="handleChange should handle null or undefined value parameter" duration="6"/>
    <testCase name="handleChange should handle null or undefined setSelectedOptions parameter" duration="88"/>
    <testCase name="handleChange should handle null or undefined id parameter" duration="45"/>
    <testCase name="closeDropdown should set isOpen state to false when called with setIsOpen(false)" duration="9"/>
    <testCase name="closeDropdown should not throw an error when called with setIsOpen" duration="51"/>
    <testCase name="closeDropdown should not have any side effects other than setting isOpen state to false" duration="8"/>
    <testCase name="closeDropdown should not affect any other state or props" duration="33"/>
    <testCase name="MultiSelectForm2 should render a search input with the provided placeholder prop" duration="101"/>
    <testCase name="MultiSelectForm2 should render a list of options with checkboxes" duration="41"/>
    <testCase name="MultiSelectForm2 should render a default placeholder when no placeholder prop is provided" duration="51"/>
    <testCase name="handleClick should register inputName when called" duration="9"/>
    <testCase name="handleClick should set value for inputName to selectedOptions when called" duration="5"/>
    <testCase name="handleClick should call handleSelected with inputName and selectedOptions when called" duration="10"/>
    <testCase name="MultiSelectForm2 renders error message when there are errors" duration="156"/>
  </file>
  <file path="/Users/work/Documents/retailcore-mfe-investment-management/src/__tests__/modals/Confirm.test.tsx">
    <testCase name="Confirm renders without crashing" duration="102"/>
    <testCase name="Confirm should render a modal with the given text and subtext" duration="445"/>
    <testCase name="Confirm should render a cancel buttons  and a confirm button" duration="187"/>
    <testCase name="Confirm closes modal when cancel button 1 clicked" duration="319"/>
    <testCase name="Confirm Calls onCancel when cancel button 2 clicked" duration="179"/>
    <testCase name="Confirm should call onConfirm when confirm button is clicked" duration="238"/>
  </file>
  <file path="/Users/work/Documents/retailcore-mfe-investment-management/src/__tests__/components/Pages/management/book-investment/FacilityDetails.test.tsx">
    <testCase name="handleProductDetails should set the minimum tenor value when productDetail is not null and pricingConfiguration is not null" duration="85"/>
    <testCase name="handleProductDetails Should set values if interestRangeConfigModel is 0" duration="12"/>
    <testCase name="handleProductDetails Should set values if interestRangeConfigModel is 1" duration="19"/>
    <testCase name="handleProductDetails should set the maximum tenor value when productDetail is not null and pricingConfiguration is not null" duration="10"/>
    <testCase name="handleProductDetails should set the minimum principal value when productDetail is not null and pricingConfiguration is not null" duration="19"/>
    <testCase name="handleProductDetails should not set any values when productDetail is null" duration="7"/>
    <testCase name="handleSearch should set investmentProductId and investmentProductName when data is provided" duration="49"/>
    <testCase name="handleSearch should trigger investmentProductId validation" duration="5"/>
    <testCase name="handleSearch should update formData with new investmentProductId value" duration="16"/>
    <testCase name="handleSearch should handle undefined or null data parameter" duration="7"/>
    <testCase name="handleSearch should handle undefined or null value parameter" duration="19"/>
    <testCase name="handleInterestRateValues should set intMin and intMax based on principal value when productDetail has interestRateRangeType of 0" duration="10"/>
    <testCase name="handleInterestRateValues should set intMin and intMax based on tenor value when productDetail has interestRateRangeType of 1" duration="7"/>
    <testCase name="handleInterestRateValues should set intMin and intMax based on interestRateMin and interestRateMax values when productDetail has interestRateRangeType of 2" duration="76"/>
    <testCase name="handleInterestRateValues should do nothing when productDetail is undefined" duration="6"/>
    <testCase name="handleInterestRateValues should do nothing when productDetail has no pricingConfiguration" duration="4"/>
    <testCase name="handleInterestRateValues should do nothing when productDetail has pricingConfiguration but no interestRateConfigModels" duration="14"/>
  </file>
  <file path="/Users/work/Documents/retailcore-mfe-investment-management/src/__tests__/components/Toast.test.tsx">
    <testCase name="customToast should call toast.info with the correct arguments" duration="214"/>
    <testCase name="customToast should display toast notification with the correct position" duration="10"/>
    <testCase name="Msg Function returns the correct JSX with the given text" duration="256"/>
    <testCase name="errorToast should display an error toast with the given text" duration="48"/>
    <testCase name="errorToast should use the &apos;toast.error&apos; method to display the toast" duration="28"/>
    <testCase name="errorToast should render the &apos;Msg&apos; component with the given text" duration="6"/>
  </file>
  <file path="/Users/work/Documents/retailcore-mfe-investment-management/src/__tests__/ProductPricingAndLiqiudity.test.tsx">
    <testCase name="ProductPricingAndLiquidity should display the applicable tenor" duration="673"/>
    <testCase name="ProductPricingAndLiquidity should display the applicable principal" duration="103"/>
    <testCase name="ProductPricingAndLiquidity should render a div element with class &apos;flex flex-col&apos; when productData?.data?.pricingConfiguration.interestRateRangeType equals 1" duration="179"/>
    <testCase name="ProductPricingAndLiquidity should render the component without errors when productData is defined and liquidation.early_AllowEarlyLiquidation is truthy" duration="179"/>
  </file>
  <file path="/Users/work/Documents/retailcore-mfe-investment-management/src/__tests__/components/ui/CascadingDropdown.test.tsx">
    <testCase name="CascadingDropdown should render a dropdown button with a label and a list of items" duration="118"/>
    <testCase name="CascadingDropdown should display the list of items when the dropdown button is clicked" duration="261"/>
    <testCase name="CascadingDropdown should allow the user to click on an item and navigate to its link" duration="61"/>
    <testCase name="CascadingDropdown should render a dropdown button with a default label when no label is provided" duration="18"/>
    <testCase name="CascadingDropdown should render a dropdown button with default classes when no classes are provided" duration="13"/>
    <testCase name="CascadingDropdown should render a dropdown button with no items when no items are provided" duration="41"/>
    <testCase name="CascadingDropdown renders label and items correctly" duration="13"/>
  </file>
  <file path="/Users/work/Documents/retailcore-mfe-investment-management/src/__tests__/components/SelectedRequirementsTable.test.tsx">
    <testCase name="SelectedRequirementsTable Renders without errors" duration="99"/>
    <testCase name="SelectedRequirementsTable Renders selected requirement list" duration="55"/>
    <testCase name="SelectedRequirementsTable Shows message when list is empty" duration="70"/>
  </file>
  <file path="/Users/work/Documents/retailcore-mfe-investment-management/src/__tests__/components/BottomBarLoader.test.tsx">
    <testCase name="renders the BottomBarLoader component" duration="192"/>
  </file>
  <file path="/Users/work/Documents/retailcore-mfe-investment-management/src/__tests__/components/DownloadButton.tsx">
    <testCase name="DownloadButton should call handleDownload function when button is clicked" duration="225"/>
    <testCase name="DownloadButton should display the text Download" duration="19"/>
    <testCase name="DownloadButton should not throw an error when handleDownload is not provided" duration="19"/>
    <testCase name="DownloadButton should have the correct class name, type attribute, text color, background color, and gap between icon and text" duration="50"/>
  </file>
  <file path="/Users/work/Documents/retailcore-mfe-investment-management/src/__tests__/modals/SelectRequirements.test.tsx">
    <testCase name="SelectRequirements should render the modal layout with the given header and subtext" duration="452"/>
    <testCase name="SelectRequirements should render the children components passed to it" duration="91"/>
    <testCase name="SelectRequirements should render the select button when hideBtn is false" duration="103"/>
    <testCase name="SelectRequirements should render the modal layout without subtext" duration="225"/>
    <testCase name="SelectRequirements should render the modal layout without children components" duration="222"/>
    <testCase name="SelectRequirements should render the modal layout without a cancel button" duration="172"/>
  </file>
  <file path="/Users/work/Documents/retailcore-mfe-investment-management/src/__tests__/components/forms/GlInput.test.tsx">
    <testCase name="closeDropdown should set isOpen state to false when called with a valid setIsOpen function" duration="128"/>
    <testCase name="EntriesAndEventsSearchResults should render a search input field with a search icon" duration="228"/>
    <testCase name="EntriesAndEventsSearchResults should allow user to input search query" duration="77"/>
    <testCase name="EntriesAndEventsSearchResults should display a dropdown menu when search input field is clicked" duration="104"/>
    <testCase name="EntriesAndEventsSearchResults should display an empty dropdown menu when there are no GL classes" duration="68"/>
    <testCase name="EntriesAndEventsSearchResults should display an empty list of ledgers when a GL class has no ledgers" duration="58"/>
    <testCase name="EntriesAndEventsSearchResults should display an error message when there is an error fetching GL classes or ledgers" duration="57"/>
    <testCase name="EntriesAndEventsSearchResults renders with default props" duration="18"/>
    <testCase name="EntriesAndEventsSearchResults handles input change and displays results" duration="48"/>
    <testCase name="EntriesAndEventsSearchResults handles click on a result and triggers functions" duration="28"/>
  </file>
  <file path="/Users/work/Documents/retailcore-mfe-investment-management/src/__tests__/modals/PricingConfigurationComponent.test.tsx">
    <testCase name="PricingConfigurationComponent should render the component with interest rate range type 0" duration="61"/>
    <testCase name="PricingConfigurationComponent should render the component with interest rate range type 1" duration="184"/>
    <testCase name="PricingConfigurationComponent should render the component with interest rate range type 2" duration="95"/>
    <testCase name="PricingConfigurationComponent should render the component with undefined product data" duration="37"/>
    <testCase name="PricingConfigurationComponent should render the component with undefined pricing configuration" duration="33"/>
    <testCase name="PricingConfigurationComponent should render the component with undefined interest rate range type" duration="68"/>
  </file>
  <file path="/Users/work/Documents/retailcore-mfe-investment-management/src/__tests__/utils/formatCurrency.test.tsx">
    <testCase name="formatCurrency should format a price with default parameters" duration="124"/>
    <testCase name="formatCurrency should format a price with custom fraction and currency parameters" duration="15"/>
    <testCase name="formatCurrency should format a price with custom fraction, currency, and price parameters" duration="9"/>
    <testCase name="formatCurrency should format a price with a price of 0" duration="9"/>
    <testCase name="formatCurrency should format a price with a negative price" duration="78"/>
    <testCase name="currencyFormatter should format a positive integer value with default currency and symbol" duration="4"/>
    <testCase name="currencyFormatter should format a negative float value with specified currency and symbol" duration="30"/>
    <testCase name="currencyFormatter should format a zero value with specified currency and symbol" duration="6"/>
    <testCase name="currencyFormatter should format a value with more than two decimal places" duration="41"/>
    <testCase name="currencyFormatter should format a value with more than two decimal places" duration="12"/>
    <testCase name="currencyFormatter should format a value with less than two decimal places" duration="7"/>
  </file>
  <file path="/Users/work/Documents/retailcore-mfe-investment-management/src/__tests__/components/assets/images/CancelSvg.test.tsx">
    <testCase name="CancelSvg Renders without error" duration="79"/>
  </file>
  <file path="/Users/work/Documents/retailcore-mfe-investment-management/src/__tests__/components/MultiRangeSlider.test.tsx">
    <testCase name="Slider renders without crashing" duration="108"/>
    <testCase name="Slider matches snapshot" duration="8"/>
  </file>
  <file path="/Users/work/Documents/retailcore-mfe-investment-management/src/__tests__/components/TopBar.test.tsx">
    <testCase name="Tabs should renderWithProviders a list of tabs with titles and urls" duration="228"/>
    <testCase name="should set active tab and update search term" duration="70"/>
    <testCase name="renderWithProviderss TopBar component" duration="84"/>
    <testCase name="getSearchResult should call getProducts with correct parameters and set search results" duration="13"/>
    <testCase name="getSearchResult should set search results to empty array when given empty string value" duration="5"/>
    <testCase name="Tabs should renderWithProviders tabs with correct titles and styles" duration="34"/>
    <testCase name="Tabs should update active tab and navigate to correct URL when a tab is clicked" duration="215"/>
    <testCase name="TopBar should renderWithProviders the top bar component without errors" duration="14"/>
    <testCase name="TopBar should display the Product Factory title" duration="85"/>
    <testCase name="TopBar should display the Create new product button" duration="100"/>
    <testCase name="TopBar should disable the Create new product button when permissions are not provided" duration="57"/>
  </file>
  <file path="/Users/work/Documents/retailcore-mfe-investment-management/src/__tests__/components/ui/Icon.test.tsx">
    <testCase name="Icons should render an Icon component with the given props" duration="99"/>
  </file>
  <file path="/Users/work/Documents/retailcore-mfe-investment-management/src/__tests__/utils/handleCurrencyName.tsx">
    <testCase name="handleCurrencyName returns the currency name for a valid id" duration="72"/>
    <testCase name="handleCurrencyName returns null for an invalid id" duration="20"/>
  </file>
  <file path="/Users/work/Documents/retailcore-mfe-investment-management/src/__tests__/OptionsList.test.tsx">
    <testCase name="code snippet should render option with text label and optional value" duration="462"/>
    <testCase name="code snippet should not render any options when options prop is undefined" duration="8"/>
    <testCase name="code snippet should not render any options when options prop is null" duration="22"/>
    <testCase name="code snippet should not render any options when options prop is an empty array" duration="32"/>
  </file>
  <file path="/Users/work/Documents/retailcore-mfe-investment-management/src/__tests__/utils/optionsDataHandler.test.ts">
    <testCase name="optionsDataHandler should set the query object with the productType_In property when label is &quot;product type&quot;" duration="32"/>
    <testCase name="optionsDataHandler should set the query object with the requestType_In property when label is &quot;type&quot;" duration="5"/>
    <testCase name="optionsDataHandler should set the query object with the initiator_In property when label is &quot;initiator&quot;" duration="14"/>
    <testCase name="optionsDataHandler should not set any properties in the query object when label is not provided" duration="17"/>
    <testCase name="optionsDataHandler should not set any properties in the query object when value is not provided" duration="10"/>
    <testCase name="optionsDataHandler should not set any properties in the query object when setQuery is not provided" duration="13"/>
  </file>
  <file path="/Users/work/Documents/retailcore-mfe-investment-management/src/__tests__/handleFormRefs.test.ts">
    <testCase name="handleFormRef should set the formRef to &quot;productform&quot; when step is 1" duration="35"/>
    <testCase name="handleFormRef should set the formRef to &quot;customereligibilitycriteria&quot; when step is 2" duration="15"/>
    <testCase name="handleFormRef should set the formRef to &quot;pricingconfig&quot; when step is 3" duration="34"/>
    <testCase name="handleFormRef should set the formRef to &quot;pricingconfig&quot; when step is 3" duration="30"/>
    <testCase name="handleFormRef should set the formRef to &quot;pricingconfig&quot; when step is 3" duration="5"/>
    <testCase name="handleFormRef should set the formRef to &quot;productform&quot; when step is null" duration="4"/>
    <testCase name="handleFormRef should set the formRef to &quot;productform&quot; when step is undefined" duration="177"/>
    <testCase name="handleFormRef should set the formRef to &quot;productform&quot; when step is not a number" duration="9"/>
  </file>
  <file path="/Users/work/Documents/retailcore-mfe-investment-management/src/__tests__/components/assets/images/Step.test.tsx">
    <testCase name="Step Renders without error" duration="122"/>
  </file>
  <file path="/Users/work/Documents/retailcore-mfe-investment-management/src/__tests__/components/Pages/term-deposit/forms/gl_mapping_events/AddedChargeList.test.tsx">
    <testCase name="default should render" duration="158"/>
    <testCase name="default should render selectedCharges is an empty array when selectedCharges is empty" duration="27"/>
  </file>
  <file path="/Users/work/Documents/retailcore-mfe-investment-management/src/__tests__/utils/test-util.test.tsx">
    <testCase name="renderWithProviders should render the UI with the Provider wrapper and the passed options" duration="154"/>
    <testCase name="renderWithProviders should return the store and the rendered UI" duration="72"/>
  </file>
  <file path="/Users/work/Documents/retailcore-mfe-investment-management/src/__tests__/utils/ucObjectKeys.test.tsx">
    <testCase name="ucObjectKeys should throw an error when the input is not an array" duration="49"/>
    <testCase name="ucObjectKeys should handle an array with non-object elements as input" duration="42"/>
    <testCase name="ucObjectKeys should capitalize the keys of an array of objects with different keys" duration="5"/>
    <testCase name="ucObjectKeys should capitalize the keys of an array of objects with same keys" duration="23"/>
  </file>
  <file path="/Users/work/Documents/retailcore-mfe-investment-management/src/__tests__/utils/getPercentage.test.tsx">
    <testCase name="getPercentage should return the correct percentage when total and success are positive integers" duration="51"/>
    <testCase name="getPercentage should return 100 when success is equal to total" duration="29"/>
    <testCase name="getPercentage should return 0 when success is equal to 0" duration="9"/>
    <testCase name="getPercentage should return the correct percentage when success is less than total" duration="17"/>
  </file>
  <file path="/Users/work/Documents/retailcore-mfe-investment-management/src/__tests__/utils/convertToDays.tsx">
    <testCase name="convertToDays should return the input duration when type is 1" duration="63"/>
    <testCase name="convertToDays should use the current date as a starting point for calculations" duration="7"/>
    <testCase name="convertToDays should throw an error when an invalid duration type is provided" duration="52"/>
    <testCase name="convertToDays should return 0 when duration is 0 and type is 2, 3 or 4" duration="27"/>
    <testCase name="convertToDays should return NaN when duration is NaN and type is 2, 3 or 4" duration="6"/>
  </file>
  <file path="/Users/work/Documents/retailcore-mfe-investment-management/src/__tests__/components/assets/images/excel.test.tsx">
    <testCase name="ModifySvg Renders without error" duration="84"/>
  </file>
  <file path="/Users/work/Documents/retailcore-mfe-investment-management/src/__tests__/utils/handleDropdown.test.tsx">
    <testCase name="handleDropdown should return an array of dropdown options when valid status and type are provided" duration="31"/>
    <testCase name="handleDropdown should return an empty array when an invalid status is provided" duration="8"/>
    <testCase name="handleDropdown should return an empty array when either status or type is falsy" duration="9"/>
    <testCase name="handleDropdown should return an array of options based on status and type" duration="8"/>
    <testCase name="handleDropdown should filter options based on permissions if CREATE_PRODUCT is not included" duration="5"/>
    <testCase name="handleDropdown should return an empty array if status is not found in firstLevel" duration="14"/>
    <testCase name="handleDropdown should return an empty array when either &quot;status&quot; or &quot;type&quot; is falsy" duration="5"/>
    <testCase name="handleDropdown should return an array of options based on &quot;status&quot; and &quot;type&quot;" duration="28"/>
    <testCase name="handleDropdown should filter options based on permissions if &quot;CREATE_PRODUCT&quot; is not included" duration="5"/>
    <testCase name="handleDropdown should return an empty array if &quot;selectedType&quot; is falsy" duration="4"/>
    <testCase name="handleDropdown should return an empty array if &quot;status&quot; is not found in &quot;DropDownOptions&quot;" duration="6"/>
    <testCase name="handleDropdown should return an empty array if &quot;type&quot; is not found in &quot;creationMap&quot;" duration="7"/>
    <testCase name="handleDropdown should return an empty array when status is falsy" duration="28"/>
    <testCase name="handleDropdown should return an empty array when type is falsy" duration="4"/>
    <testCase name="handleDropdown should return an array of options when type is in creationMap" duration="4"/>
    <testCase name="handleDropdown should return an array of options when type is not in creationMap" duration="5"/>
    <testCase name="handleDropdown returns an empty array if status or type is missing" duration="26"/>
    <testCase name="handleDropdown returns an empty array if selectedType is missing" duration="6"/>
    <testCase name="handleDropdown returns selectedType[status] if conditions are met" duration="4"/>
    <testCase name="handleDropdown returns filtered array if conditions are not met" duration="13"/>
  </file>
  <file path="/Users/work/Documents/retailcore-mfe-investment-management/src/__tests__/layouts/Layout.test.tsx">
    <testCase name="Layout renders AuthGuard and Outlet components" duration="394"/>
    <testCase name="handleRole should handle cases where is_superuser property is not a boolean" duration="8"/>
    <testCase name="handleRole should handle cases where is_superuser property is not a boolean" duration="7"/>
    <testCase name="handleRole should handle cases where is_superuser property is not present in user object" duration="13"/>
    <testCase name="checkPermissions should not redirect and set permissions when user has all required investment permissions" duration="5"/>
    <testCase name="checkPermissions should not redirect and set permissions when user has some required investment permissions" duration="39"/>
    <testCase name="checkPermissions should redirect to specific URL when user has no required investment permissions" duration="20"/>
    <testCase name="checkPermissions should redirect to specific URL when user has null permissions" duration="14"/>
  </file>
  <file path="/Users/work/Documents/retailcore-mfe-investment-management/src/__tests__/utils/cleanObject.test.tsx">
    <testCase name="cleanObject should return an empty object when passed an empty object" duration="298"/>
    <testCase name="cleanObject should return an object with all non-null, non-undefined, and non-empty string values" duration="39"/>
    <testCase name="cleanObject should return an object with all non-null, non-undefined, and non-empty values of different types" duration="52"/>
  </file>
  <file path="/Users/work/Documents/retailcore-mfe-investment-management/src/__tests__/MinMaxInput.test.tsx">
    <testCase name="MinMaxInput Renders without error" duration="435"/>
    <testCase name="MinMaxInput Renders error" duration="105"/>
    <testCase name="MinMaxInput Shows button if &apos;hasButton&apos; is true" duration="98"/>
    <testCase name="MinMaxInput Shows percent sign (%) if &apos;isPercent&apos; is true" duration="88"/>
    <testCase name="MinMaxInput sets default value" duration="8"/>
  </file>
  <file path="/Users/work/Documents/retailcore-mfe-investment-management/src/__tests__/utils/checkEmpty.test.tsx">
    <testCase name="checkEmpty should return an empty array when all objects have all required properties" duration="42"/>
    <testCase name="checkEmpty should return an array with objects that have missing required properties" duration="5"/>
    <testCase name="checkEmpty should return an empty array when uploadData is empty" duration="27"/>
    <testCase name="checkEmpty should return an array with objects that have all required properties when uploadData contains only such objects" duration="14"/>
    <testCase name="checkEmpty should return an array with objects that have missing required properties when uploadData contains only such objects" duration="23"/>
    <testCase name="checkEmpty should return an array with objects that have missing required properties when uploadData contains objects with missing and objects with all required properties" duration="9"/>
  </file>
  <file path="/Users/work/Documents/retailcore-mfe-investment-management/src/__tests__/utils/downloadFile.test.tsx">
    <testCase name="downloadUsingFetch should download file" duration="36"/>
  </file>
  <file path="/Users/work/Documents/retailcore-mfe-investment-management/src/__tests__/components/AppWrapper.test.tsx">
    <testCase name="AppWrapper Component renders children within the Provider component" duration="83"/>
  </file>
  <file path="/Users/work/Documents/retailcore-mfe-investment-management/src/__tests__/confirmationHandler.test.ts">
    <testCase name="confirmationHandler should call deleteRequest function when action includes &quot;delete&quot;" duration="129"/>
    <testCase name="confirmationHandler should set isDeactivationOpen to true when action is &quot;deactivate&quot;" duration="30"/>
    <testCase name="confirmationHandler should call activateProduct function when action is &quot;activate&quot;" duration="22"/>
    <testCase name="confirmationHandler should not call deleteRequest function when action does not include &quot;delete&quot;" duration="5"/>
    <testCase name="confirmationHandler should not set isDeactivationOpen to true when action is not &quot;deactivate&quot;" duration="15"/>
    <testCase name="confirmationHandler should not call activateProduct function when action is not &quot;activate&quot;" duration="4"/>
    <testCase name="confirmationHandler should handle MODIFY action with permission" duration="6"/>
    <testCase name="confirmationHandler should handle MODIFY action without permission" duration="21"/>
    <testCase name="confirmationHandler should handle WITHDARW_MODIFY action with permission" duration="22"/>
    <testCase name="confirmationHandler should handle WITHDARW_MODIFY action without permission" duration="29"/>
  </file>
  <file path="/Users/work/Documents/retailcore-mfe-investment-management/src/__tests__/actionHandler.test.ts">
    <testCase name="actionHandler should call setAction, setDetail, and setSubText with expected values" duration="57"/>
    <testCase name="actionHandler should update previousData.current with expected values" duration="9"/>
    <testCase name="actionHandler should call setConfirmText, setSubText, and setIsConfirmOpen with expected values when action is DEACTIVATE" duration="15"/>
    <testCase name="actionHandler should not throw an error when action is undefined or null" duration="21"/>
    <testCase name="actionHandler should not throw an error when items is undefined or null" duration="12"/>
    <testCase name="actionHandler should call setConfirmText and setIsConfirmOpen with expected values when action is ACTIVATE" duration="5"/>
    <testCase name="actionHandler should call setConfirmText and setIsConfirmOpen with expected values when action is WITHDRAW_DELETE" duration="20"/>
    <testCase name="actionHandler should call setConfirmText and setIsConfirmOpen with expected values when action is DELETE_REQUESTS" duration="5"/>
    <testCase name="actionHandler should call setConfirmText and setIsConfirmOpen with expected values when action is WITHDARW_MODIFY" duration="41"/>
    <testCase name="actionHandler should call setConfirmText and setIsConfirmOpen with expected values when action is MODIFY" duration="29"/>
    <testCase name="actionHandler should call setConfirmText and setIsConfirmOpen with expected values when action is DELETE_DRAFT" duration="7"/>
    <testCase name="actionHandler should call navigate with expected values when action is CONTINUE_REQUEST" duration="6"/>
    <testCase name="actionHandler should call setDetailOpen or navigate with expected values when action is VIEW or REVIEW" duration="4"/>
    <testCase name="actionHandler should not call any functions and return early" duration="19"/>
    <testCase name="actionHandler should not call any functions and return early" duration="5"/>
    <testCase name="actionHandler should not call any functions and return early" duration="13"/>
    <testCase name="actionHandler should call navigate when action is CONTINUE_REQUEST" duration="4"/>
    <testCase name="actionHandler should set previousData.current with expected values" duration="3"/>
    <testCase name="actionHandler should call setAction with expected value" duration="12"/>
    <testCase name="actionHandler should handle &quot;review&quot; action with AllProducts category" duration="64"/>
    <testCase name="actionHandler should handle &quot;review&quot; action with specific category" duration="8"/>
  </file>
  <file path="/Users/work/Documents/retailcore-mfe-investment-management/src/__tests__/MultiSelect.test.tsx">
    <testCase name="MultiSelect Renders without error" duration="87"/>
    <testCase name="MultiSelect Renders options" duration="65"/>
  </file>
  <file path="/Users/work/Documents/retailcore-mfe-investment-management/src/__tests__/ReviewStatus.test.tsx">
    <testCase name="ReviewStatus Renders without error" duration="75"/>
    <testCase name="ReviewStatus Render for rejection case" duration="21"/>
  </file>
  <file path="/Users/work/Documents/retailcore-mfe-investment-management/src/__tests__/utils/sortTabStatus.test.tsx">
    <testCase name="sortTabStatus should return the id of the status object when the category is &quot;Requests&quot; and the value matches a status object type" duration="50"/>
    <testCase name="sortTabStatus should return the id of the status object when the category is &quot;StatusTypes&quot; and the value matches a status object type" duration="9"/>
  </file>
  <file path="/Users/work/Documents/retailcore-mfe-investment-management/src/__tests__/components/assets/images/ModifySvg.test.tsx">
    <testCase name="ModifySvg Renders without error" duration="87"/>
  </file>
  <file path="/Users/work/Documents/retailcore-mfe-investment-management/src/__tests__/layouts/AuthGuard.test.tsx">
    <testCase name="AuthGuard shows content if authenticated" duration="130"/>
    <testCase name="should return children when isAuthenticated is true" duration="62"/>
  </file>
  <file path="/Users/work/Documents/retailcore-mfe-investment-management/src/__tests__/components/assets/images/SubmitSvg.test.tsx">
    <testCase name="SubmitSvg Renders without error" duration="145"/>
  </file>
  <file path="/Users/work/Documents/retailcore-mfe-investment-management/src/__tests__/components/PreLoader.test.tsx">
    <testCase name="renders the PreLoader component" duration="218"/>
  </file>
  <file path="/Users/work/Documents/retailcore-mfe-investment-management/src/__tests__/components/summary/handleVerdict.test.ts">
    <testCase name="handleVerdict should call setConfirmText with &quot;Do you want to approve product creation?&quot; if value === approve and sub_type == null" duration="27"/>
    <testCase name="handleVerdict should call setConfirmText with &quot;Do you want to reject product creation?&quot; if value === reject and sub_type == null" duration="27"/>
    <testCase name="handleVerdict should call setConfirmText with &quot;Do you want to approve product activation&quot; if value === approve and sub_type == &apos;activate&apos;" duration="15"/>
    <testCase name="handleVerdict should call setConfirmText with &quot;Do you want to reject product activation&quot; if value === reject and sub_type == &apos;activate&apos;" duration="12"/>
    <testCase name="handleVerdict should call setConfirmText with &quot;Do you want to approve product deactivation&quot; if value === approve and sub_type == &apos;deactivation&apos;" duration="5"/>
    <testCase name="handleVerdict should call setConfirmText with &quot;Do you want to reject product activation&quot; if value === reject and sub_type == &apos;activate&apos;" duration="10"/>
    <testCase name="handleVerdict should call setConfirmText with &quot;Do you want to approve product modification?&quot; if value === approve and sub_type == &apos;modify&apos;" duration="8"/>
    <testCase name="handleVerdict should call setConfirmText with &quot;Do you want to reject product activation &quot;if value === reject and sub_type == &apos;modify&apos;" duration="5"/>
    <testCase name="handleVerdict should call setConfirmText with &quot;Do you want to cancel product creation?&quot; if value === cancel and process == &apos;create&apos;" duration="19"/>
    <testCase name="handleVerdict should call setConfirmText with &quot;Do you want to cancel product creation?&quot; if value === cancel and process == &apos;clone&apos;" duration="6"/>
    <testCase name="handleVerdict should call setConfirmText with &quot;Do you want to cancel product creation?&quot; if value === cancel and process == &apos;continue&apos;" duration="6"/>
    <testCase name="handleVerdict should call setConfirmText with &quot;Do you want to cancel product modification?&quot; if value === cancel and process == &apos;modify&apos;" duration="5"/>
    <testCase name="handleVerdict should call setConfirmText with &quot;Do you want to cancel product modification?&quot; if value === cancel and process == &apos;withdraw_modify&apos;" duration="55"/>
    <testCase name="handleVerdict should call setConfirmText with &quot;Do you want to cancel process?&quot; if value === cancel and process == &apos;verdict&apos;" duration="5"/>
  </file>
  <file path="/Users/work/Documents/retailcore-mfe-investment-management/src/__tests__/components/ActivityLog.tsx">
    <testCase name="renders the ActivityLog component with loading state" duration="83"/>
    <testCase name="renders the ActivityLog component with no activities" duration="22"/>
    <testCase name="renders the ActivityLog component with activities" duration="250"/>
  </file>
  <file path="/Users/work/Documents/retailcore-mfe-investment-management/src/__tests__/utils/lowerObjectKeys.test.tsx">
    <testCase name="lowerObjectKeys should return an empty array when given an empty array" duration="28"/>
    <testCase name="lowerObjectKeys should return an array of objects with lowerd keys when given an array of objects with lowercase keys" duration="12"/>
    <testCase name="lowerObjectKeys should throw an error when given a non-array input" duration="23"/>
    <testCase name="lowerObjectKeys should return an array of objects with lowerd keys when given an array of objects with mixed case keys" duration="13"/>
    <testCase name="lowerObjectKeys should return an array of objects with lowerd keys when given an array of objects with only one key" duration="5"/>
    <testCase name="lowerObjectKeys should return an array of objects with lowerd keys when given an array of objects with only non-string keys" duration="18"/>
    <testCase name="lowerObjectKeys should handle objects without own properties" duration="6"/>
  </file>
  <file path="/Users/work/Documents/retailcore-mfe-investment-management/src/__tests__/pages/management/book-investment/handleFormRef.test.ts">
    <testCase name="handleFormRef should set the form reference to &quot;customerInformation&quot; when step is 1" duration="36"/>
    <testCase name="handleFormRef should set the form reference to &quot;facilityDetails&quot; when step is 2" duration="15"/>
    <testCase name="handleFormRef should set the form reference to &quot;transactionSettings&quot; when step is 3" duration="11"/>
    <testCase name="handleFormRef should set the form reference to &quot;customerInformation&quot; when step is null" duration="5"/>
    <testCase name="handleFormRef should set the form reference to &quot;customerInformation&quot; when step is undefined" duration="12"/>
    <testCase name="handleFormRef should set the form reference to &quot;customerInformation&quot; when step is not a number" duration="5"/>
  </file>
  <file path="/Users/work/Documents/retailcore-mfe-investment-management/src/__tests__/utils/handleUserView.test.tsx">
    <testCase name="handleUserView should return &quot;in-review&quot; when value is &quot;P&quot; and checker is false" duration="38"/>
    <testCase name="handleUserView should return &quot;pending&quot; when value is &quot;P&quot; and checker is true" duration="21"/>
    <testCase name="handleUserView should return &quot;draft&quot; when value is &quot;D&quot;" duration="7"/>
    <testCase name="handleUserView should return &quot;approved&quot; when value is &quot;A&quot;" duration="10"/>
    <testCase name="handleUserView should return &quot;in-issue&quot; when value is &quot;I&quot; and checker is false" duration="4"/>
    <testCase name="handleUserView should return &quot;rejected&quot; when value is &quot;I&quot; and checker is true" duration="18"/>
    <testCase name="handleUserView should return &quot;in-issue&quot; when value is &quot;R&quot; and checker is false" duration="15"/>
    <testCase name="handleUserView should return &quot;rejected&quot; when value is &quot;R&quot; and checker is true" duration="25"/>
    <testCase name="handleUserView should return valye when value is &quot;T&quot; and checker is true" duration="31"/>
  </file>
  <file path="/Users/work/Documents/retailcore-mfe-investment-management/src/__tests__/utils/countDuplicates.test.tsx">
    <testCase name="countDuplicates should return 0 when there are no duplicates in the array" duration="25"/>
    <testCase name="countDuplicates should return the correct number of duplicates when there are duplicates in the array" duration="6"/>
    <testCase name="countDuplicates should handle arrays with multiple types of elements" duration="6"/>
    <testCase name="countDuplicates should return 0 when the array is empty" duration="22"/>
    <testCase name="countDuplicates should handle arrays with only one element" duration="24"/>
    <testCase name="countDuplicates should handle arrays with only duplicate elements" duration="6"/>
  </file>
  <file path="/Users/work/Documents/retailcore-mfe-investment-management/src/__tests__/utils/removeNullFromObj.test.tsx">
    <testCase name="removeNullEmptyKeys should return an empty object when the input object is empty" duration="59"/>
    <testCase name="removeNullEmptyKeys should return the same object when it has no null, undefined, empty string, or empty array values" duration="17"/>
  </file>
  <file path="/Users/work/Documents/retailcore-mfe-investment-management/src/__tests__/utils/context.test.tsx">
    <testCase name="useOverviewContext should return the overview state from the OverviewContext" duration="52"/>
    <testCase name="useOverviewContext should throw an error if the overview state is undefined" duration="30"/>
    <testCase name="useOverviewContext should throw an error if the OverviewContext is not provided" duration="17"/>
    <testCase name="useOverviewContext should handle null values for overviewTabStats" duration="9"/>
    <testCase name="useOverviewContext should set the overviewTabStats using setOverviewTabStats" duration="12"/>
    <testCase name="useOverviewContext should call getStats to retrieve the overviewTabStats" duration="8"/>
  </file>
  <file path="/Users/work/Documents/retailcore-mfe-investment-management/src/__tests__/handleDraft.test.ts">
    <testCase name="handleDraft should set setIsConfirmOpen to false when called" duration="31"/>
    <testCase name="handleDraft should set modifyProduct if process == &apos;modify&apos;" duration="5"/>
    <testCase name="handleDraft should set createProduct if process == &apos;create&apos;" duration="52"/>
    <testCase name="handleDraft should set createProduct if process == &apos;clone&apos;" duration="5"/>
    <testCase name="handleDraft should set modifyProduct if process == &apos;continue&apos;" duration="13"/>
    <testCase name="handleDraft should set modifyProduct if process == &apos;withdraw_modify&apos;" duration="5"/>
  </file>
  <file path="/Users/work/Documents/retailcore-mfe-investment-management/src/__tests__/components/FormTooltip.test.tsx">
    <testCase name="FormToolTip Renders without errors" duration="210"/>
  </file>
  <file path="/Users/work/Documents/retailcore-mfe-investment-management/src/__tests__/utils/capitalizeFirstLetter.test.tsx">
    <testCase name="capitalizeFirstLetter should capitalize the first letter of a string with one word" duration="30"/>
    <testCase name="capitalizeFirstLetter should capitalize the first letter of the first word in a string with multiple words" duration="14"/>
    <testCase name="capitalizeFirstLetter should return an empty string if the input is an empty string" duration="5"/>
    <testCase name="capitalizeFirstLetter should return the input if its not a string" duration="26"/>
    <testCase name="capitalizeFirstLetter should capitalize the first letter of a string with only one letter" duration="6"/>
    <testCase name="capitalizeFirstLetter should capitalize the first letter of a string with non-alphabetic characters after the first letter" duration="10"/>
    <testCase name="capitalizeFirstLetter should capitalize the first letter of a string with numbers as the first letter" duration="13"/>
    <testCase name="capitalizeFirstLetter should capitalize the first letter of a string with a non-ASCII character as the first letter" duration="5"/>
    <testCase name="capitalizeFirstLetter should capitalize the first letter of a string with a non-ASCII character after the first letter" duration="23"/>
    <testCase name="capitalizeFirstLetter should capitalize the first letter of a string with multiple spaces between words" duration="8"/>
    <testCase name="capitalizeFirstLetter should capitalize the first letter of a non-empty string" duration="8"/>
    <testCase name="capitalizeFirstLetter should not modify an empty string" duration="4"/>
    <testCase name="capitalizeFirstLetter should capitalize the first letter of a single-word string" duration="4"/>
    <testCase name="capitalizeFirstLetter should capitalize the first letter of each word in a sentence" duration="8"/>
    <testCase name="capitalizeFirstLetter should not modify a string with only non-alphabetic characters" duration="7"/>
    <testCase name="capitalizeFirstLetter should handle mixed case strings" duration="3"/>
    <testCase name="capitalizeFirstLetter should return a string with the first letter capitalized when input is a non-empty string" duration="8"/>
    <testCase name="capitalizeFirstLetter should return an empty string when input is an empty string" duration="3"/>
    <testCase name="capitalizeFirstLetter should return the input when it is null" duration="17"/>
    <testCase name="capitalizeFirstLetter should return the input when it is undefined" duration="3"/>
    <testCase name="capitalizeFirstLetter should return the input when it is a number" duration="3"/>
  </file>
  <file path="/Users/work/Documents/retailcore-mfe-investment-management/src/__tests__/utils/requestType.test.tsx">
    <testCase name="getRequestType should return &quot;bulk creation&quot; when type is &quot;BULK_CREATE&quot;" duration="66"/>
    <testCase name="getRequestType should return &quot;creation&quot; when type is &quot;CREATE&quot;" duration="25"/>
    <testCase name="getRequestType should return &quot;deactivation&quot; when type is &quot;DEACTIVATE&quot;" duration="73"/>
    <testCase name="getRequestType should return &quot;reactivation&quot; when type is &quot;REACTIVATE&quot;" duration="30"/>
    <testCase name="getRequestType should return &quot;modification&quot; when type is &quot;CHANGE&quot;" duration="7"/>
    <testCase name="getRequestType should return &quot;configuration&quot; when type is &quot;CONFIGURATION&quot;" duration="5"/>
  </file>
  <file path="/Users/work/Documents/retailcore-mfe-investment-management/src/__tests__/utils/isNewLocation.test.tsx">
    <testCase name="isNewLocation should return false when oldData is null" duration="22"/>
    <testCase name="isNewLocation should return false when oldData is undefined" duration="43"/>
    <testCase name="isNewLocation should return false when all properties match" duration="17"/>
    <testCase name="isNewLocation should return true when at least one property does not match" duration="9"/>
    <testCase name="isNewLocation should return true when newData is null" duration="5"/>
    <testCase name="isNewLocation should return true when oldData is null and newData is defined" duration="8"/>
    <testCase name="isNewLocation should return false when oldData and newData are both null" duration="12"/>
  </file>
  <file path="/Users/work/Documents/retailcore-mfe-investment-management/src/__tests__/utils/handleProductDownloadSuccess.test.ts">
    <testCase name="code snippet should call handleDownload with mapped productDownloadData results" duration="51"/>
    <testCase name="code snippet should call handleDownload with mapped requestsDownloadData results" duration="20"/>
    <testCase name="code snippet should not call handleDownload when productDownloadIsSuccess is false and category is StatusCategoryType.AllProducts" duration="12"/>
    <testCase name="code snippet should not call handleDownload when requestsDownloadIsSuccess is false and category is StatusCategoryType.Requests" duration="8"/>
    <testCase name="code snippet should call handleDownload with an empty array when productDownloadData is undefined and category is StatusCategoryType.AllProducts" duration="4"/>
    <testCase name="code snippet should call handleDownload with an empty array when requestsDownloadData is null and category is StatusCategoryType.Requests" duration="4"/>
  </file>
  <file path="/Users/work/Documents/retailcore-mfe-investment-management/src/__tests__/utils/convertKeysToLowerCase.test.tsx">
    <testCase name="convertKeysToLowerCase should convert all keys in a simple object to lowercase" duration="35"/>
    <testCase name="convertKeysToLowerCase should convert all keys in a nested object to lowercase" duration="8"/>
    <testCase name="convertKeysToLowerCase should return an empty object when given an empty object" duration="30"/>
    <testCase name="convertKeysToLowerCase should convert keys with one character to lowercase" duration="6"/>
    <testCase name="convertKeysToLowerCase should convert keys with all characters already lowercase" duration="5"/>
    <testCase name="convertKeysToLowerCase should convert keys with all characters already uppercase" duration="4"/>
  </file>
  <file path="/Users/work/Documents/retailcore-mfe-investment-management/src/__tests__/utils/handleColorState.test.tsx">
    <testCase name="handleColorState should return the correct color state for the value &quot;approved&quot;" duration="35"/>
    <testCase name="handleColorState should return the correct color state for the value &quot;A&quot;" duration="15"/>
    <testCase name="handleColorState should return the correct color state for the value &quot;in-review&quot;" duration="5"/>
    <testCase name="handleColorState should return the correct color state for the value &quot;P&quot;" duration="17"/>
    <testCase name="handleColorState should return the correct color state for the value &quot;in-issue&quot;" duration="4"/>
    <testCase name="handleColorState should return the correct color state for the value &quot;R&quot;" duration="14"/>
    <testCase name="handleColorState should return the correct color state for the value &quot;draft&quot;" duration="19"/>
    <testCase name="handleColorState should return the correct color state for the value &quot;D&quot;" duration="30"/>
    <testCase name="handleColorState should return the correct color state for the value &quot;I&quot;" duration="6"/>
  </file>
  <file path="/Users/work/Documents/retailcore-mfe-investment-management/src/__tests__/utils/capitalizeObjectKeys.test.tsx">
    <testCase name="capitalizeObjectKeys should return an empty array when given an empty array" duration="28"/>
    <testCase name="capitalizeObjectKeys should return an array of objects with capitalized keys when given an array of objects with lowercase keys" duration="12"/>
    <testCase name="capitalizeObjectKeys should throw an error when given a non-array input" duration="30"/>
    <testCase name="capitalizeObjectKeys should return an array of objects with capitalized keys when given an array of objects with mixed case keys" duration="5"/>
    <testCase name="capitalizeObjectKeys should return an array of objects with capitalized keys when given an array of objects with only one key" duration="6"/>
    <testCase name="capitalizeObjectKeys should return an array of objects with capitalized keys when given an array of objects with only non-string keys" duration="4"/>
    <testCase name="capitalizeObjectKeys should handle objects without own properties" duration="34"/>
  </file>
  <file path="/Users/work/Documents/retailcore-mfe-investment-management/src/__tests__/utils/parseQueryParams.test.tsx">
    <testCase name="parseQueryParams should return an instance of URLSearchParams when called with valid query params" duration="39"/>
    <testCase name="parseQueryParams should append all non-array query params to the URLSearchParams instance" duration="18"/>
    <testCase name="parseQueryParams should append all items in an array query param to the URLSearchParams instance" duration="39"/>
    <testCase name="parseQueryParams should set boolean query params to their corresponding key in the URLSearchParams instance" duration="14"/>
    <testCase name="parseQueryParams should handle an empty query params object" duration="7"/>
    <testCase name="parseQueryParams should handle a query params object with null or undefined values" duration="11"/>
  </file>
  <file path="/Users/work/Documents/retailcore-mfe-investment-management/src/__tests__/utils/checkDocuments.test.tsx">
  </file>
</testExecutions>