<?xml version="1.0" encoding="UTF-8"?>
<testExecutions version="1">
  <file path="/Users/work/Documents/retailcore-mfe-investment-management/src/__tests__/components/Pages/term-deposit/forms/toggle-input-children.test.tsx">
    <testCase name="ToggleInputChildren should render the label and a switch component when rendered" duration="112"/>
    <testCase name="ToggleInputChildren should toggle the switch component on click" duration="22"/>
    <testCase name="ToggleInputChildren should set the default value of the switch component if defaultValue prop is not null" duration="31"/>
    <testCase name="ToggleInputChildren should not set the default value of the switch component if defaultValue prop is null" duration="21"/>
    <testCase name="ToggleInputChildren should call setValue and trigger with the correct inputName when the switch component is toggled" duration="34"/>
  </file>
</testExecutions>