<?xml version="1.0" encoding="UTF-8"?>
<testExecutions version="1">
  <file path="/Users/work/Documents/retailcore-mfe-investment-management/src/__tests__/ProductDetail.test.tsx">
    <testCase name="ProductDetail Renders without crashing" duration="687"/>
    <testCase name="ProductDetail should render data rows correctly" duration="9"/>
    <testCase name="ProductDetail should render product details correctly" duration="302"/>
  </file>
  <file path="/Users/work/Documents/retailcore-mfe-investment-management/src/__tests__/modals/ProductDetail.test.tsx">
  </file>
</testExecutions>