<?xml version="1.0" encoding="UTF-8"?>
<testExecutions version="1">
  <file path="/Users/work/Documents/retailcore-mfe-investment-management/src/__tests__/pages/management/book-investment/FormComponent.test.tsx">
  </file>
  <file path="/Users/work/Documents/retailcore-mfe-investment-management/src/__tests__/components/Pages/management/book-investment/TransactionSettings.test.tsx">
    <testCase name="TransactionSettings Render" duration="837"/>
    <testCase name="TransactionSettings should render &apos;accountForLiquidation&apos; select input with correct options" duration="270"/>
    <testCase name="TransactionSettings should render &apos;accountForLiquidation&apos; select input without any options" duration="138"/>
    <testCase name="handleAccountForLiquidation should generate accountData and call setCustomerData when profileIsSuccess is true" duration="5"/>
    <testCase name="handleAccountForLiquidation should update formData and call setValue when accountData exists and formData.transactionSettingModel.accountForLiquidation does not exist" duration="13"/>
    <testCase name="handleAccountForLiquidation should not update formData or call setValue when accountData does not exist or formData.transactionSettingModel.accountForLiquidation exists" duration="6"/>
    <testCase name="handleAccountForLiquidation should not update formData or call setValue when profileIsSuccess is false" duration="3"/>
  </file>
  <file path="/Users/work/Documents/retailcore-mfe-investment-management/src/__tests__/components/Pages/management/overview/index.test.tsx">
    <testCase name="updateInvestmentTabs should return an array of objects with updated amount and totalValue properties" duration="44"/>
    <testCase name="updateInvestmentTabs should update amount property with the total value of investments for each tab" duration="5"/>
    <testCase name="updateInvestmentTabs should update totalValue property with the total count of investments for each tab" duration="9"/>
    <testCase name="updateInvestmentTabs should return an empty array when the input tabs array is empty" duration="4"/>
    <testCase name="updateInvestmentTabs should return an array of objects with amount property set to 0.00 and totalValue property set to 0 total investments when the input tabs array is empty" duration="4"/>
    <testCase name="updateInvestmentTabs should return an array of objects with the same length as the input tabs array" duration="4"/>
    <testCase name="Overview should render Overview component without crashing" duration="1620"/>
    <testCase name="Overview should display investment tabs with correct titles and icons" duration="757"/>
    <testCase name="Overview should display investment amounts and total values correctly formatted" duration="756"/>
  </file>
  <file path="/Users/work/Documents/retailcore-mfe-investment-management/src/__tests__/pages/investment/term-deposit/create-term-deposit/IndexComponent.test.tsx">
    <testCase name="IndexComponent Show modal when clicking save to Draft" duration="658"/>
    <testCase name="IndexComponent Shows disabled button when form is not valid" duration="277"/>
    <testCase name="IndexComponent Should not have disabled button when fom is valid" duration="272"/>
    <testCase name="FormComponeent Should render if step === 1" duration="184"/>
    <testCase name="FormComponeent Should render if step === 2" duration="245"/>
    <testCase name="FormComponeent Should render if step === 3" duration="388"/>
    <testCase name="FormComponeent Should render if step === 4" duration="212"/>
    <testCase name="FormComponeent Should render if step === 5" duration="95"/>
    <testCase name="handleNext should call setStep when theres more steps ahead" duration="7"/>
    <testCase name="handleNext should not setStep when there are no steps ahead" duration="3"/>
    <testCase name="handlePrev should call setStep when there are steps behind" duration="13"/>
    <testCase name="handlePrev should not call setStep when user is at the first step" duration="2"/>
    <testCase name="handleDraft should set setIsConfirmOpen to false when called" duration="3"/>
    <testCase name="handleDraft should call modifyProduct with isDraft set to true when process is &quot;modify&quot;" duration="8"/>
    <testCase name="handleDraft should call createProduct with isDraft set to true when process is &quot;create&quot; or &quot;clone&quot;" duration="3"/>
    <testCase name="handleDraft should not call any functions when process is undefined" duration="3"/>
    <testCase name="handleDetailsSuccess should set activeId.current to the id of productDetails when it exists" duration="11"/>
    <testCase name="handleDetailsSuccess should set activeId.current to the id of productDetails when it exists 2" duration="3"/>
    <testCase name="handleDetailsSuccess should update previousData.current with relevant fields from productDetails when process is &quot;modify&quot;" duration="40"/>
    <testCase name="handleDetailsSuccess should update productData with relevant fields from productDetails" duration="3"/>
    <testCase name="handleDetailsSuccess should set pricingConfigurationCopy to an empty object before sorting when it is null" duration="3"/>
    <testCase name="handleDetailsSuccess should not sort pricingConfigurationCopy when interestRateConfigModels is null" duration="3"/>
    <testCase name="handlePreviousData should return an object with all properties from prevProductData and productDetails" duration="39"/>
    <testCase name="handlePreviousData should sort the interestRateConfigModels array in pricingConfigurationCopy by min value" duration="2"/>
    <testCase name="handlePreviousData should return an object with all properties from prevProductData and productDetails when pricingConfigurationCopy is null" duration="14"/>
    <testCase name="handleRequestIsSuccess should update product data when requestIsSuccess is true and metaInfo exists" duration="4"/>
    <testCase name="handleRequestIsSuccess should update product data when requestIsSuccess is true and metaInfo exists and process == withdraw_modify" duration="3"/>
    <testCase name="handleMessage should set success text to &quot;Product Setup saved to draft&quot; and open success modal when isSuccess is true" duration="25"/>
    <testCase name="handleMessage should set success text to &quot;Product Setup saved to draft&quot; and open success modal when modifySuccess is true" duration="4"/>
    <testCase name="handleMessage should set success text to &quot;Product Setup saved to draft&quot; and open success modal when modifyRequestSuccess is true" duration="3"/>
    <testCase name="handleMessage should set failed text to &quot;Unable to save as draft&quot; and set failed subtext to error message when isError is true" duration="3"/>
    <testCase name="handleMessage should set failed text to &quot;Unable to save as draft&quot; and set failed subtext to error message when modifyRequestIsError is true" duration="4"/>
    <testCase name="handleMessage should set failed subtext to empty string when error message is undefined" duration="4"/>
    <testCase name="handleNav should call handleNext when step is less than the length of termDepositFormSteps" duration="3"/>
    <testCase name="handleNav should call navigate with the appropriate URL when step is equal to the length of termDepositFormSteps" duration="6"/>
    <testCase name="handleNav should handle error when navigate function throws an error" duration="10"/>
    <testCase name="handleNav should not include id parameter in URL when id is not provided" duration="8"/>
    <testCase name="handleNav should include id parameter in URL when id is provided" duration="5"/>
  </file>
  <file path="/Users/work/Documents/retailcore-mfe-investment-management/src/__tests__/components/product-information.test.tsx">
    <testCase name="ProductInformation should render the form without errors" duration="238"/>
    <testCase name="ProductInformation Changes values" duration="295"/>
    <testCase name="ProductInformation should handle input and display character count" duration="139"/>
    <testCase name="ProductInformation should update character count for product name in real-time" duration="84"/>
    <testCase name="ProductInformation should display negative character count message for product name with more than 50 characters" duration="110"/>
    <testCase name="ProductInformation Should show error when invalid name is typed" duration="262"/>
    <testCase name="ProductInformation Should show error when description is too short" duration="86"/>
    <testCase name="handleValidatingName should trigger productName and clear errors when nameIsSuccess is true and charLeft is less than 47" duration="28"/>
    <testCase name="handleValidatingName should assign error to productName and set setIsNameOkay to false when nameIsError is true" duration="5"/>
    <testCase name="handleValidatingName should not trigger productName and clear errors when nameIsSuccess is true but charLeft is greater than or equal to 47" duration="4"/>
    <testCase name="handleValidatingName should not assign error to productName when nameIsError is true but nameError is undefined" duration="2"/>
    <testCase name="handleValidatingName should not throw an error when setIsNameOkay is undefined" duration="5"/>
    <testCase name="InputDiv should render a div element with class &apos;w-full flex flex-col gap-2&apos;" duration="7"/>
    <testCase name="InputDiv should render the children passed as props inside the div element" duration="15"/>
    <testCase name="InputDiv should accept any valid React element as children" duration="7"/>
    <testCase name="InputDiv should render an empty div element if no children are passed as props" duration="5"/>
    <testCase name="InputDiv should not render any additional elements or components" duration="5"/>
    <testCase name="handleName should update character count, clear errors, set current name, and handle validation" duration="12"/>
    <testCase name="handleName should set character count based on name length" duration="6"/>
    <testCase name="handleName should clear errors on productName field" duration="3"/>
    <testCase name="handleName should set current name to watchName" duration="11"/>
    <testCase name="handleName should set disabled to true if watchName length is less than or equal to 3" duration="4"/>
    <testCase name="handleName should compare watchName to formData.oldValue" duration="6"/>
    <testCase name="handleName should validate name with productId if provided" duration="7"/>
    <testCase name="handleSlogan should call setSloganCharLeft with the correct remainder value when watchSlogan is not null" duration="3"/>
    <testCase name="handleSlogan should call setIsSloganOkay with true when watchSlogan is not null and has length greater than 0" duration="3"/>
    <testCase name="handleSlogan should call setIsSloganOkay with false when watchSlogan is null or has length 0" duration="5"/>
    <testCase name="handleSlogan should call setSloganCharLeft with defaultSloganLength when watchSlogan is an empty string" duration="4"/>
    <testCase name="handleSlogan should call setSloganCharLeft with a negative remainder value when watchSlogan is a string with length greater than defaultSloganLength" duration="2"/>
    <testCase name="ProductInformation should render the form with the correct inputs and labels" duration="156"/>
    <testCase name="ProductInformation should populate the form with default values from formData prop" duration="121"/>
    <testCase name="ProductInformation should update the form values when formData prop changes" duration="91"/>
    <testCase name="ProductInformation should handle missing or invalid form inputs" duration="133"/>
    <testCase name="ProductInformation should handle long product names and slogans" duration="110"/>
    <testCase name="handleName should handle name with debounce" duration="3"/>
    <testCase name="handleName should handle name without debounce" duration="3"/>
    <testCase name="onProceed should set the start and end date of the form data to the formatted date strings when they exist" duration="16"/>
    <testCase name="onProceed should call the proceed function" duration="6"/>
    <testCase name="onProceed should not set the start and end date of the form data when d parameter is missing startDate or endDate fields" duration="3"/>
  </file>
  <file path="/Users/work/Documents/retailcore-mfe-investment-management/src/__tests__/pages/management/IndexComponent.test.tsx">
    <testCase name="Dashboard should render Investment Management dashboard with Overview tab selected by default" duration="1397"/>
    <testCase name="Dashboard should render Investment Management dashboard with Book Investment button" duration="824"/>
    <testCase name="Dashboard should allow user to switch between Overview, Corporate and Individual tabs" duration="677"/>
  </file>
  <file path="/Users/work/Documents/retailcore-mfe-investment-management/src/__tests__/pages/investment/IndexComponent.test.tsx">
    <testCase name="IndexComponent Renders without error" duration="1317"/>
    <testCase name="IndexComponent should display the TopBar component" duration="453"/>
    <testCase name="handleToggle should set isChecker to true and hideCreate to true when selected option includes &quot;approved&quot;" duration="11"/>
    <testCase name="handleToggle should set isChecker to true and hideCreate to true when selected option includes &quot;sent&quot;" duration="4"/>
    <testCase name="handleToggle should set isChecker to false and hideCreate to false when selected option does not include &quot;approved&quot; or &quot;sent&quot;" duration="25"/>
    <testCase name="handleToggle should not throw an error and change values to &apos;false&apos; when selected values when selected value is null" duration="8"/>
    <testCase name="handleToggle should not throw an error and change values to &apos;false&apos; when selected values does not have a text property" duration="7"/>
    <testCase name="handleToggle should not throw an error and change values to &apos;false&apos; when selected values when selected value has a null text property" duration="4"/>
    <testCase name="handleChange should update query object with selected filter and reset page to 1" duration="10"/>
    <testCase name="handleChange should set status_In property of query object to null when activeType is &quot;all&quot;" duration="17"/>
    <testCase name="handleChange should update query object when activeType is not a valid string" duration="17"/>
    <testCase name="handleChange should update query object when category is not a valid string" duration="10"/>
    <testCase name="handleRefresh should call getProducts and prodStatRefetch with updated query when category is AllProducts" duration="4"/>
    <testCase name="handleRefresh should call getRequests and requestRefetch with updated query when category is Requests" duration="4"/>
    <testCase name="handleRefresh should call getRequests and RequestRefetch when category is undefined" duration="7"/>
    <testCase name="handleRefresh should call getProducts and getStatRefresh when StatusCategory type === &apos;all products&apos; " duration="5"/>
    <testCase name="handleSearch Should call setQuery with the provided values" duration="5"/>
    <testCase name="IndexComponent handles search input change and sets search state" duration="475"/>
    <testCase name="IndexComponent handles search and calls appropriate functions" duration="329"/>
    <testCase name="handleRequestStatus should set request data to an empty array when query page is 1" duration="3"/>
    <testCase name="handleRequestStatus should map over request results and add request status and type names to each item in request data" duration="36"/>
    <testCase name="handleRequestStatus should concatenate new request data to previous request data using setRequestData" duration="3"/>
    <testCase name="handleRequestStatus should not set request data to an empty array when query page is not 1" duration="2"/>
    <testCase name="handleRequestStatus should not add request status and type names when request results is empty" duration="11"/>
    <testCase name="handleRequestStatus should not concatenate new request data when request results is empty" duration="3"/>
    <testCase name="handleProductStatus should set product data to an empty array when query page is 1" duration="23"/>
    <testCase name="handleProductStatus should concatenate fetched data results to previous product data, mapping each result to include state and productType properties" duration="20"/>
    <testCase name="handleProductStatus should set hasMore to true if there is a next page in the fetched data" duration="3"/>
    <testCase name="handleProductStatus should not modify product data when query page is not 1" duration="3"/>
    <testCase name="handleProductStatus should not modify product data when data fetch is not successful" duration="12"/>
    <testCase name="handleProductStatus should not modify product data when fetched data results are empty" duration="2"/>
  </file>
  <file path="/Users/work/Documents/retailcore-mfe-investment-management/src/__tests__/components/Pages/management/Individual/index.test.tsx">
    <testCase name="IndexComponent Renders without error" duration="1290"/>
    <testCase name="handleToggle should set isChecker to true and hideCreate to true when selected option includes &quot;approved&quot;" duration="12"/>
    <testCase name="handleToggle should set isChecker to true and hideCreate to true when selected option includes &quot;sent&quot;" duration="16"/>
    <testCase name="handleToggle should set isChecker to false and hideCreate to false when selected option does not include &quot;approved&quot; or &quot;sent&quot;" duration="4"/>
    <testCase name="handleToggle should not throw an error and change values to &apos;false&apos; when selected values when selected value is null" duration="7"/>
    <testCase name="handleToggle should not throw an error and change values to &apos;false&apos; when selected values does not have a text property" duration="4"/>
    <testCase name="handleToggle should not throw an error and change values to &apos;false&apos; when selected values when selected value has a null text property" duration="3"/>
    <testCase name="handleChange should update query object with selected filter and reset page to 1" duration="45"/>
    <testCase name="handleChange should set status_In property of query object to null when activeType is &quot;all&quot;" duration="4"/>
    <testCase name="handleChange should update query object when activeType is not a valid string" duration="11"/>
    <testCase name="handleChange should update query object when category is not a valid string" duration="4"/>
    <testCase name="handleRefresh should call getProducts and prodStatRefetch with updated query when category is Investments" duration="25"/>
    <testCase name="handleRefresh should call getRequests and requestRefetch with updated query when category is Requests" duration="3"/>
    <testCase name="handleRefresh should call getRequests and RequestRefetch when category is undefined" duration="3"/>
    <testCase name="handleSearch Should call setQuery with the provided values" duration="27"/>
    <testCase name="handleProductStatus should set product data to an empty array when query page is 1" duration="9"/>
    <testCase name="handleProductStatus should concatenate fetched data results to previous product data, mapping each result to include state and productType properties" duration="3"/>
    <testCase name="handleProductStatus should set hasMore to true if there is a next page in the fetched data" duration="29"/>
    <testCase name="handleProductStatus should not modify product data when query page is not 1" duration="13"/>
    <testCase name="handleProductStatus should not modify product data when data fetch is not successful" duration="4"/>
    <testCase name="handleProductStatus should not modify product data when fetched data results are empty" duration="7"/>
  </file>
  <file path="/Users/work/Documents/retailcore-mfe-investment-management/src/__tests__/forms/Checkbox.test.tsx">
    <testCase name="Checkbox renders without crashing" duration="63"/>
    <testCase name="Checkbox matches snapshot" duration="43"/>
    <testCase name="Checkbox displays the label" duration="18"/>
    <testCase name="Checkbox initially renders unchecked" duration="24"/>
    <testCase name="Checkbox renders checked when checked prop is true" duration="35"/>
    <testCase name="Checkbox calls onChange when clicked" duration="21"/>
    <testCase name="Checkbox should not call onChange if not provided when handleChange is invoked" duration="11"/>
  </file>
  <file path="/Users/work/Documents/retailcore-mfe-investment-management/src/__tests__/components/Pages/term-deposit/forms/preview.test.tsx">
    <testCase name="Preview Renders without crashing" duration="433"/>
    <testCase name="handleSuccess Sets success message if isSuccess and role === superadmin" duration="5"/>
    <testCase name="handleSuccess Sets success message if isSuccess is false and role === superadmin" duration="9"/>
    <testCase name="handleSuccess Sets success message if role !== superadmin" duration="5"/>
    <testCase name="handleErrorMessage Sets error message if isError === true" duration="21"/>
    <testCase name="handleErrorMessage Sets error message if isError === false" duration="23"/>
    <testCase name="handleSubmit Should call modifyProduct if process === modify" duration="3"/>
    <testCase name="handleSubmit Should call modifyRequest if process === withdraw_modify" duration="16"/>
    <testCase name="handleSubmit Should call createProduct if process === create" duration="4"/>
    <testCase name="handleSubmit Should call createProduct if process === continue" duration="6"/>
    <testCase name="handleSubmit Should call createProduct if process === clone" duration="10"/>
    <testCase name="handleCancel Sets correct message when process === create" duration="3"/>
    <testCase name="handleCancel Sets correct message when process === modify" duration="3"/>
    <testCase name="handleCancel Sets correct message when process === continue" duration="14"/>
  </file>
  <file path="/Users/work/Documents/retailcore-mfe-investment-management/src/__tests__/components/modals/Liquidation.test.tsx">
    <testCase name="Liquidation should render the component with default props" duration="262"/>
    <testCase name="Liquidation should close the modal when the cancel button is clicked" duration="250"/>
  </file>
  <file path="/Users/work/Documents/retailcore-mfe-investment-management/src/__tests__/MessagesComponent.test.tsx">
    <testCase name="MessagesComponent renders confirm message without error" duration="235"/>
    <testCase name="MessagesComponent calls handleConfirm and calls setIsConfirmOpen with false when Confirm button is clicked" duration="197"/>
    <testCase name="MessagesComponent calls setIsConfirmOpen with false when cancel button is clicked" duration="185"/>
    <testCase name="MessagesComponent Renders success message" duration="189"/>
    <testCase name="MessagesComponent Renders Failure message" duration="203"/>
    <testCase name="MessagesComponent Renders Detail component" duration="335"/>
    <testCase name="MessagesComponent Renders Deactivation modals" duration="106"/>
    <testCase name="MessagesComponent Renders loading while deleteLoading == true" duration="61"/>
    <testCase name="MessagesComponent Renders loading while deleteLoading == true" duration="97"/>
  </file>
  <file path="/Users/work/Documents/retailcore-mfe-investment-management/src/__tests__/Sterling-investment.tsx">
    <testCase name="microfrontend bootstraps the app" duration="14"/>
    <testCase name="microfrontend mounts and unmounts" duration="56"/>
  </file>
  <file path="/Users/work/Documents/retailcore-mfe-investment-management/src/__tests__/components/Pages/management/SummaryComponent.test.tsx">
    <testCase name="Summary should render the component without crashing" duration="358"/>
  </file>
  <file path="/Users/work/Documents/retailcore-mfe-investment-management/src/__tests__/liquidity-setup.test.tsx">
    <testCase name="LiquiditySetup Renders without error" duration="262"/>
    <testCase name="handleSelected should set partOptionCharges and earlyOptionCharges when inputName is &quot;part_SpecificCharges&quot; or &quot;early_SpecificCharges&quot; respectively" duration="6"/>
    <testCase name="handleSelected should set value of &quot;part_SpecificCharges&quot; or &quot;early_SpecificCharges&quot; to selectedOptions when inputName is &quot;part_SpecificCharges&quot; or &quot;early_SpecificCharges&quot; respectively" duration="3"/>
    <testCase name="handleSelected should not set partOptionCharges, earlyOptionCharges, or value when inputName is not &quot;part_SpecificCharges&quot; or &quot;early_SpecificCharges&quot;" duration="5"/>
    <testCase name="handleSelected should not set partOptionCharges, earlyOptionCharges, or value when selectedOptions is null or undefined" duration="3"/>
    <testCase name="onProceed should set early_SpecificCharges and part_SpecificCharges in formData and call proceed function when all parameters are defined" duration="4"/>
    <testCase name="onProceed should set early_SpecificCharges and part_SpecificCharges in formData as undefined when earlyOptionCharges and partOptionCharges are undefined" duration="9"/>
    <testCase name="onProceed should set early_SpecificCharges and part_SpecificCharges in formData as null when earlyOptionCharges and partOptionCharges are null" duration="4"/>
    <testCase name="onProceed should set early_SpecificCharges and part_SpecificCharges in formData as null when formData is null" duration="7"/>
  </file>
  <file path="/Users/work/Documents/retailcore-mfe-investment-management/src/__tests__/components/table/index.test.tsx">
    <testCase name="TableComponent should render a table with headers and rows" duration="296"/>
    <testCase name="TableComponent should display a loading indicator when data is being fetched" duration="37"/>
    <testCase name="TextCellContent renders text content and dot correctly" duration="24"/>
    <testCase name="TextCellContent renders &quot;-&quot; when value is falsy" duration="49"/>
    <testCase name="TextCellContent should render nothing when value is null or undefined" duration="18"/>
    <testCase name="ProductNameCellContent renders product code correctly" duration="6"/>
    <testCase name="ProductNameCellContent renders &quot;-&quot; when product code is falsy" duration="9"/>
    <testCase name="UpdatedOnCellContent should render the date and time in the correct format" duration="14"/>
    <testCase name="UpdatedOnCellContent should render nothing when value is null or undefined" duration="9"/>
    <testCase name="UpdatedOnCellContent should render nothing when value is not a valid date" duration="36"/>
    <testCase name="UpdatedOnCellContent should render nothing when value is not a string or a date object" duration="9"/>
    <testCase name="UpdatedOnCellContent should render the date and time in the correct format for a different timezone" duration="7"/>
    <testCase name="StateCellContent should render a span element with the given value as its text content" duration="9"/>
    <testCase name="StateCellContent should apply a class to the span element based on the value passed to the function" duration="13"/>
    <testCase name="StatusCellContent should render a span element with the specific class based on the value passed as props" duration="6"/>
    <testCase name="StatusCellContent should call handleUserView function to determine the text content of the span element" duration="8"/>
    <testCase name="StatusCellContent should call handleColorState function to determine the background color of the span element" duration="17"/>
    <testCase name="StatusCellContent should render a span element with the default class and value as text content when the value passed as props does not match any of the cases in handleUserView and handleColorState" duration="6"/>
    <testCase name="StatusCellContent should default the isChecker prop to false if it is not a boolean" duration="6"/>
    <testCase name="StatusCellContent should render a FaEye icon next to the text content" duration="9"/>
    <testCase name="ActionsCellContent should render a DropdownButton component with the given dropDownOptions and onClick props" duration="42"/>
    <testCase name="ActionsCellContent should render a DropdownButton component with empty options when dropDownOptions prop is not provided" duration="97"/>
    <testCase name="handleUpdated should return null when key is &quot;state&quot; and newState is equal to value" duration="3"/>
    <testCase name="handleProductsDropdown should return an array of options based on the status and user permissions" duration="3"/>
    <testCase name="handleProductsDropdown should filter out &quot;deactivate&quot; and &quot;activate&quot; options if user does not have RE_OR_DEACTIVATE_INVESTMENT_PRODUCT permission" duration="9"/>
    <testCase name="handleProductsDropdown should filter out &quot;modify&quot; and &quot;clone&quot; options if user does not have CREATE_INVESTMENT_PRODUCT permission" duration="3"/>
    <testCase name="handleProductsDropdown should return an empty array if status is falsy" duration="3"/>
    <testCase name="handleProductsDropdown should return an empty array if DropDownOptions[status] is falsy" duration="3"/>
    <testCase name="handleUpdated should return null when key is &quot;state&quot; and newState is equal to value" duration="6"/>
    <testCase name="handleProductsDropdown should return an array of dropdown options based on the provided status and other parameters" duration="3"/>
    <testCase name="handleProductsDropdown should return an empty array if status is falsy" duration="3"/>
    <testCase name="handleProductsDropdown should return an array of &quot;view&quot; option if isChecker is true and statusType is Investments" duration="3"/>
    <testCase name="handleUpdated should return time of update if value was updated" duration="5"/>
    <testCase name="handleUpdated should not return time of update if value was not updated" duration="3"/>
    <testCase name="handleUpdated should handle change of state value" duration="2"/>
    <testCase name="handleUpdated should handle non change of state value" duration="2"/>
    <testCase name="handleUpdated Should return nothing when value is null" duration="4"/>
    <testCase name="statusHandler should set success text and open success modal when isSuccess is true" duration="4"/>
    <testCase name="statusHandler should set success text and open success modal when activateSuccess is true and role is superadmin or admin" duration="9"/>
    <testCase name="statusHandler should set failed text, subtext and open failed modal when isError is true" duration="3"/>
    <testCase name="statusHandler should not set any text or open any modal when none of the boolean flags are true" duration="7"/>
    <testCase name="statusHandler should set failed text and open failed modal when isError is true and error object is null" duration="3"/>
    <testCase name="statusHandler should set failed text and open failed modal when activateIsError is true and activateError object is null" duration="3"/>
  </file>
  <file path="/Users/work/Documents/retailcore-mfe-investment-management/src/__tests__/forms/ComboSelect.test.tsx">
    <testCase name="ComboSelect renders without crashing" duration="45"/>
    <testCase name="ComboSelect matches snapshot" duration="21"/>
    <testCase name="ComboSelect should open the dropdown when the button is clicked" duration="96"/>
    <testCase name="ComboSelect should update selected options when all products and their members are selected" duration="54"/>
    <testCase name="ComboSelect should update selected options when a product and its members are deselected" duration="42"/>
    <testCase name="ComboSelect should update selected options when all products and their members are deselected" duration="35"/>
    <testCase name="ComboSelect should filter the options correctly when searching for a product" duration="33"/>
    <testCase name="ComboSelect should update selected options when a product and its members are selected" duration="74"/>
    <testCase name="closeDropdown should set isOpen state to false when called with setIsOpen(false)" duration="3"/>
    <testCase name="closeDropdown should not throw an error when called with setIsOpen(undefined)" duration="4"/>
    <testCase name="closeDropdown should not throw an error when called with setIsOpen(null)" duration="6"/>
    <testCase name="closeDropdown should not throw an error when called with setIsOpen(0)" duration="3"/>
    <testCase name="closeDropdown should not throw an error when called with setIsOpen(&quot;&quot;)" duration="3"/>
    <testCase name="closeDropdown should not throw an error when called with setIsOpen({})" duration="4"/>
    <testCase name="handleChange should add a new product to selOptions if it doesnt exist" duration="3"/>
    <testCase name="handleChange should remove a product from selOptions if it already exists" duration="2"/>
    <testCase name="productContainsMember should return true when the product contains the member" duration="2"/>
    <testCase name="productContainsMember should return false when the product does not contain the member" duration="5"/>
    <testCase name="productContainsMember should return false when the product is empty" duration="2"/>
    <testCase name="productContainsMember should return false when the member is empty" duration="3"/>
    <testCase name="productContainsMember should return false when the member is null" duration="3"/>
    <testCase name="addNewProduct should return a new array with the new product added to the end of the input array" duration="13"/>
    <testCase name="addNewProduct should not modify the input array" duration="3"/>
    <testCase name="addNewProduct should work with an empty input array" duration="6"/>
    <testCase name="createProduct should return an object with &quot;product&quot; and &quot;members&quot; properties when valid id and members are provided" duration="2"/>
    <testCase name="createProduct should return an object with an empty &quot;members&quot; array when no members are provided" duration="2"/>
    <testCase name="createProduct should handle special characters and spaces in id and member names" duration="10"/>
    <testCase name="createProduct should handle a large number of members" duration="5"/>
    <testCase name="createProduct should handle empty strings as id and member names" duration="3"/>
    <testCase name="handleMemberToggle should add member to product when member is not selected" duration="3"/>
    <testCase name="handleMemberToggle should remove member from product when member is already selected" duration="3"/>
    <testCase name="handleMemberToggle should add product and member to selected options when product is not selected" duration="2"/>
    <testCase name="handleMemberToggle should add member to product when product is already selected but with no members" duration="2"/>
    <testCase name="handleMemberToggle should add member to product when product is already selected with other members" duration="2"/>
    <testCase name="addMemberToProduct should add a member to a product with no existing members" duration="6"/>
    <testCase name="addMemberToProduct should add a member to a product with existing members" duration="2"/>
    <testCase name="addMemberToProduct should return the original products array if memberId is undefined" duration="2"/>
    <testCase name="addMemberToProduct should return the original products array if memberId is already in the product" duration="2"/>
    <testCase name="removeMemberFromProduct should remove a member from a product with multiple members" duration="6"/>
    <testCase name="removeMemberFromProduct should remove a member from a product with only one member" duration="3"/>
    <testCase name="removeMemberFromProduct should handle removing a non-existent member from a product" duration="2"/>
  </file>
  <file path="/Users/work/Documents/retailcore-mfe-investment-management/src/__tests__/components/summary/Actions.test.tsx">
    <testCase name="Actions should renderWithProviders a div element with specific class and styling" duration="71"/>
    <testCase name="Actions should call the corresponding functions when Cancel, Modify, or Submit buttons are clicked" duration="43"/>
    <testCase name="Actions should call the corresponding functions when Print, Share, or Return to dashboard buttons are clicked" duration="22"/>
    <testCase name="Actions should set the confirm text to &quot;Product creation approve&quot; when sub_type is not provided and action is &quot;approve&quot;" duration="17"/>
    <testCase name="Actions should set the confirm text to &quot;Product creation reject&quot; when sub_type is not provided and action is &quot;reject&quot;" duration="16"/>
    <testCase name="Actions should set the confirm text to &quot;Product activation approve&quot; when sub_type is &quot;activation&quot; and action is &quot;approve&quot;" duration="16"/>
    <testCase name="Actions Should call initiate verdict" duration="104"/>
    <testCase name="handleConfirm should call approveProduct when action is &quot;approve&quot;" duration="9"/>
    <testCase name="handleConfirm should set setRejection to true when action is &quot;reject&quot;" duration="20"/>
    <testCase name="handleConfirm should navigate to &quot;/product-factory/investment?category=requests&quot; when action is &quot;cancel&quot;" duration="3"/>
    <testCase name="handleConfirm should do nothing when &quot;action&quot; parameter is not provided" duration="6"/>
    <testCase name="handleMessages should set success text and open success modal when rejectSuccess is true" duration="7"/>
    <testCase name="handleMessages should set success text and open success modal when approveSuccess is true" duration="3"/>
    <testCase name="handleMessages should not set any text or open any modal when rejectSuccess and approveSuccess are both false" duration="3"/>
    <testCase name="handleMessages should not set any text or open any modal when rejectError and approveError are both null" duration="3"/>
    <testCase name="handleMessages should set failed text and subtext when rejectError and approveError are both defined" duration="4"/>
    <testCase name="handleMessages should set failed text and subtext when rejectError is defined and approveError is null" duration="8"/>
  </file>
  <file path="/Users/work/Documents/retailcore-mfe-investment-management/src/__tests__/customer-eligibility-criteria.test.tsx">
    <testCase name="ProductInformation Renders without error" duration="353"/>
    <testCase name="handleCheckedRequirements should add document to toggled requirements when it is not already in the list" duration="9"/>
    <testCase name="handleCheckedRequirements should remove document from toggled requirements when it is already in the list" duration="4"/>
    <testCase name="handleSelectAllChange should set toggledRequirements to an empty array and set selectAll to false when selectAll is true" duration="4"/>
    <testCase name="handleSelectAllChange should set toggledRequirements to all documents and set selectAll to true when selectAll is false" duration="6"/>
    <testCase name="requirementDeleteHandler should filter out the item to delete from the selected requirements array" duration="3"/>
    <testCase name="requirementDeleteHandler should update the state with the new array" duration="11"/>
  </file>
  <file path="/Users/work/Documents/retailcore-mfe-investment-management/src/__tests__/components/forms/MultiSelect.test.tsx">
    <testCase name="MultiSelect renders without crashing" duration="37"/>
    <testCase name="MultiSelect opens and closes dropdown when clicked" duration="42"/>
    <testCase name="MultiSelect should toggle dropdown when button is clicked" duration="70"/>
    <testCase name="MultiSelect should select/deselect option when checkbox is clicked" duration="41"/>
    <testCase name="MultiSelect should render correctly with an empty options array" duration="31"/>
    <testCase name="MultiSelect should check select all" duration="54"/>
    <testCase name="MultiSelect should update checkbox state when props change" duration="30"/>
    <testCase name="closeDropdown should set isOpen state to false when setIsOpen is called with false" duration="11"/>
    <testCase name="closeDropdown should handle setIsOpen being called with a boolean value" duration="4"/>
    <testCase name="handleChange should add a new option to selectedOptions array when it does not exist" duration="3"/>
    <testCase name="handleChange should remove an option from selectedOptions array when it already exists" duration="14"/>
    <testCase name="handleChange should call setSelectedOptions with the same array when an option is already selected" duration="3"/>
  </file>
  <file path="/Users/work/Documents/retailcore-mfe-investment-management/src/__tests__/modals/RequestDeactivation.test.tsx">
    <testCase name="RequestDeactivation should render the component without crashing" duration="228"/>
    <testCase name="RequestDeactivation should display the deactivation request form" duration="60"/>
    <testCase name="RequestDeactivation should allow user to input reason for deactivation" duration="120"/>
    <testCase name="RequestDeactivation should display an error message when the deactivation request fails" duration="48"/>
    <testCase name="RequestDeactivation should allow user to upload supporting documents" duration="81"/>
  </file>
  <file path="/Users/work/Documents/retailcore-mfe-investment-management/src/__tests__/pages/investment/term-deposit/create-term-deposit/Summary.test.tsx">
    <testCase name="Container should render a div element with the correct class" duration="33"/>
    <testCase name="Container should render the children passed to it" duration="7"/>
    <testCase name="Container should render without any children" duration="8"/>
    <testCase name="Container should render without any children" duration="16"/>
    <testCase name="Container should render without any children" duration="9"/>
    <testCase name="Summary should render the component without crashing" duration="326"/>
    <testCase name="Summary should display the correct title and breadcrumbs" duration="279"/>
  </file>
  <file path="/Users/work/Documents/retailcore-mfe-investment-management/src/__tests__/forms/DateSelect.test.tsx">
    <testCase name="DateSelect renders without errors" duration="256"/>
    <testCase name="DateSelect Shows datePicker on button click" duration="361"/>
    <testCase name="closeDropdown should set isOpen state to false when called with setIsOpen function" duration="4"/>
    <testCase name="closeDropdown should not throw an error when called with setIsOpen function" duration="8"/>
    <testCase name="closeDropdown should not modify any other state or props" duration="4"/>
    <testCase name="handleClick should set the duration to the value of the clicked item" duration="8"/>
    <testCase name="handleClick should set both start and end dates to null when duration is falsy" duration="4"/>
    <testCase name="handleClick should handle gracefully if the item value is not a number" duration="8"/>
    <testCase name="onChange should set start and end date in state object when given an array of dates" duration="3"/>
    <testCase name="onChange should handle null values for start and end dates" duration="3"/>
    <testCase name="onChange should update the state object with new start and end dates" duration="8"/>
    <testCase name="onChange should handle invalid input types" duration="5"/>
    <testCase name="onChange should handle invalid input values" duration="2"/>
    <testCase name="onChange should handle unexpected input formats" duration="3"/>
    <testCase name="closeDropdown should set isOpen state to false when called with setIsOpen function" duration="4"/>
    <testCase name="closeDropdown should not have any side effects other than setting isOpen state to false" duration="3"/>
  </file>
  <file path="/Users/work/Documents/retailcore-mfe-investment-management/src/__tests__/components/Pages/management/manage-investment/IndexComponent.test.tsx">
    <testCase name="code snippet should render the Investment Management page with the correct title and breadcrumbs" duration="443"/>
    <testCase name="code snippet should display the Investment PRODUCTS section with the Individual Investments and Corporate Investments subsections" duration="171"/>
    <testCase name="code snippet should toggle the display of the Individual Investments and Corporate Investments subsections when clicking on their respective headers" duration="234"/>
  </file>
  <file path="/Users/work/Documents/retailcore-mfe-investment-management/src/__tests__/modals/Rejection.test.tsx">
    <testCase name="handleSuccess should set options for ProductSearch component when userIsSuccess is true and branchMembersData is not null or undefined" duration="21"/>
    <testCase name="handleSuccess should not call setUsers when userIsSuccess is false" duration="4"/>
    <testCase name="handleSuccess should call setUsers with an empty array when branchMembersData is an empty array" duration="4"/>
    <testCase name="Rejection should render the Rejection modal with the correct UI and props" duration="319"/>
    <testCase name="Rejection should display the correct title and labels for the form inputs" duration="111"/>
  </file>
  <file path="/Users/work/Documents/retailcore-mfe-investment-management/src/__tests__/pricing-config.test.tsx">
    <testCase name="PricingConfig renders without errors" duration="333"/>
    <testCase name="validateSlab should return true when type is 0 and lastSlab.principalMax equals principalMax" duration="11"/>
    <testCase name="validateSlab should return true when type is 1 and lastSlab.tenorMax equals tenorMax" duration="3"/>
    <testCase name="validateSlab should return false when type is not 0 or 1" duration="3"/>
    <testCase name="validateSlab should return false when values.interestRateConfigModels is empty" duration="11"/>
    <testCase name="validateSlab should return false when type is not a number" duration="3"/>
    <testCase name="validateSlab should return false when lastSlab is undefined" duration="3"/>
  </file>
  <file path="/Users/work/Documents/retailcore-mfe-investment-management/src/__tests__/forms/Select.test.tsx">
    <testCase name="Select renders without crashing" duration="59"/>
    <testCase name="Select matches snapshot" duration="38"/>
    <testCase name="Select shows the selected option" duration="25"/>
    <testCase name="Select opens the dropdown when clicked" duration="51"/>
    <testCase name="Select calls onChange when option selected" duration="128"/>
  </file>
  <file path="/Users/work/Documents/retailcore-mfe-investment-management/src/__tests__/components/SideLabelSearchSelect.test.tsx">
    <testCase name="InputDivs should render a div with a label and a child div" duration="41"/>
    <testCase name="InputDivs should display a RedDot component next to the label" duration="8"/>
    <testCase name="InputDivs should accept a label prop and render it as text" duration="9"/>
    <testCase name="InputDivs should render without a label when label prop is not provided" duration="9"/>
    <testCase name="InputDivs should render without a child div when children prop is not provided" duration="9"/>
    <testCase name="InputDivs should render an empty label when label prop is an empty string" duration="9"/>
    <testCase name="SideLabelSearchSelect should render the component with default props and input options" duration="188"/>
    <testCase name="SideLabelSearchSelect should handle empty input field correctly" duration="82"/>
    <testCase name="SideLabelSearchSelect should handle long input field values correctly" duration="47"/>
    <testCase name="SideLabelSearchSelect should handle special characters in input field values correctly" duration="55"/>
  </file>
  <file path="/Users/work/Documents/retailcore-mfe-investment-management/src/__tests__/components/Dropdown.test.tsx">
    <testCase name="Dropdown renders without crashing" duration="59"/>
    <testCase name="Dropdown matches snapshot" duration="22"/>
    <testCase name="Dropdown selects the right icon" duration="15"/>
    <testCase name="Dropdown renders right icon when button is clicked" duration="118"/>
    <testCase name="Dropdown applies active class to the selected option" duration="79"/>
    <testCase name="handleIcons should return the correct React component for each input value" duration="10"/>
    <testCase name="handleIcons should handle all valid input values" duration="4"/>
    <testCase name="TestDrop should render a button with children passed as props" duration="15"/>
    <testCase name="TestDrop should render a dropdown menu on button click" duration="74"/>
    <testCase name="TestDrop should render menu items based on options passed as props" duration="95"/>
    <testCase name="TestDrop should not render dropdown menu when trigger button is not clicked" duration="13"/>
    <testCase name="TestDrop should not render menu items when options prop is not passed" duration="54"/>
  </file>
  <file path="/Users/work/Documents/retailcore-mfe-investment-management/src/__tests__/components/Pages/term-deposit/forms/accounting-entries-and-events.test.tsx">
    <testCase name="AccountingEntriesAndEvents Renders without error" duration="327"/>
    <testCase name="AccountingEntriesAndEvents Should change gli inputs value" duration="103"/>
    <testCase name="handleClear should set clearFields state to true when handleClear is called" duration="5"/>
    <testCase name="handleClear should set mapOptions state to an empty array when handleClear is called" duration="5"/>
    <testCase name="handleClear should call reset function when handleClear is called" duration="5"/>
    <testCase name="handleClear should set clearFields state to false when handleClear is called and clearFields state is already true" duration="3"/>
    <testCase name="handleClear should not call setMapOptions function when handleClear is called and mapOptions state is already an empty array" duration="7"/>
    <testCase name="onProceed should call the &quot;proceed&quot; function" duration="3"/>
    <testCase name="onProceed should throw an error when &quot;proceed&quot; is not a function" duration="20"/>
    <testCase name="onProceed should throw an error when &quot;proceed&quot; function throws an error" duration="5"/>
    <testCase name="onProceed should call the &quot;proceed&quot; function each time &quot;onProceed&quot; is called" duration="3"/>
    <testCase name="handleClick should update GlInput value when clicking on a valid submenu" duration="3"/>
    <testCase name="handleClick should add a new object to mapOptions array when clicking on a valid submenu" duration="5"/>
    <testCase name="handleClick should update corresponding object in mapOptions array when clicking on a submenu that is already mapped" duration="8"/>
    <testCase name="handleClick should not update GlInput value when clicking on an invalid submenu" duration="10"/>
    <testCase name="handleClick should not add a new object to mapOptions array when clicking on an invalid submenu" duration="2"/>
  </file>
  <file path="/Users/work/Documents/retailcore-mfe-investment-management/src/__tests__/components/Loader.test.tsx">
    <testCase name="Breadcrumbs renders without crashing" duration="35"/>
    <testCase name="Breadcrumbs matches snapshot" duration="24"/>
    <testCase name="Loader should render Loader component when isOpen is true" duration="160"/>
    <testCase name="Loader should not render Loader component when isOpen is false" duration="8"/>
    <testCase name="Loader should not throw an error when setIsOpen is not provided" duration="43"/>
    <testCase name="Loader should spin the AiOutlineLoading icon when Loader component is rendered" duration="64"/>
    <testCase name="Loader should display the text prop in the Loader component" duration="53"/>
  </file>
  <file path="/Users/work/Documents/retailcore-mfe-investment-management/src/__tests__/components/StatusCard.test.tsx">
    <testCase name="StatusCard Renders without error" duration="99"/>
    <testCase name="StatusButton Renders without error" duration="10"/>
    <testCase name="StatusButton Shows spinner while loading" duration="8"/>
    <testCase name="sortOptions Sorts and returns expected options in &apos;all products&apos; category" duration="7"/>
    <testCase name="sortOptions Sorts and returns expected options in &apos;requests&apos; category" duration="3"/>
    <testCase name="StatusCategoryButton should handle button click and apply styles" duration="15"/>
    <testCase name="handleActiveType Sets status to &quot;&quot; when activeType === all " duration="4"/>
    <testCase name="handleActiveType Sets status according to various activeTypes" duration="5"/>
    <testCase name="filterDefaultOptions should return an array of objects filtered from" duration="6"/>
    <testCase name="filterDefaultOptions should not contain objects withroperty equal  or" duration="5"/>
    <testCase name="filterDefaultOptions should contain objects withroperty equal  or only" duration="3"/>
    <testCase name="filterDefaultOptions should contain objects withroperty equal  only" duration="3"/>
    <testCase name="filterDefaultOptions should contain objects withroperty equal to only" duration="17"/>
    <testCase name="StatusButton should render button element with correct type and styling" duration="28"/>
    <testCase name="StatusButton should display correct count when isLoading is false" duration="13"/>
    <testCase name="StatusButton should display spinner when isLoading is true" duration="6"/>
    <testCase name="StatusButton should render button element with correct type and styling when count returns undefined" duration="11"/>
    <testCase name="StatusButton should render button element with correct type and styling when count returns null" duration="9"/>
    <testCase name="StatusButton should render button element with correct type and styling when analyticsData is undefined" duration="19"/>
    <testCase name="StatusButton should render button element with correct type and styling" duration="8"/>
    <testCase name="StatusButton should display correct count based on provided analytics data" duration="10"/>
    <testCase name="StatusButton should display spinner animation when isLoading is true" duration="13"/>
    <testCase name="StatusButton should handle missing or invalid item prop" duration="5"/>
    <testCase name="StatusButton should handle missing or invalid analyticsData prop" duration="7"/>
    <testCase name="StatusButton should handle missing or invalid setActiveType prop" duration="5"/>
    <testCase name="count should return the correct count for each status type" duration="3"/>
    <testCase name="count should return 0 when the input item type is not recognized" duration="4"/>
    <testCase name="count should return 0 when the analyticsData is null" duration="3"/>
    <testCase name="count should return 0 when the analyticsData is undefined" duration="6"/>
    <testCase name="count should return 0 when the input item type is null" duration="3"/>
    <testCase name="count should return 0 when the input item type is undefined" duration="3"/>
    <testCase name="count should return 0 when the input item type is an empty string" duration="8"/>
    <testCase name="handleClick should set the category state to the selected item type" duration="5"/>
    <testCase name="handleClick should set the selected state to the first item of ProductOptions if category is AllProducts" duration="2"/>
    <testCase name="handleClick should set the selected state to the first item of RequestOptions if category is not AllProducts" duration="2"/>
    <testCase name="handlePermission should handle permission for all investment product and request options" duration="2"/>
    <testCase name="handlePermission should handle permission for individual investment product and request options" duration="3"/>
    <testCase name="handlePermission should handle permission for viewing all investment product records" duration="4"/>
    <testCase name="handlePermission should handle permission for viewing all investment product requests" duration="3"/>
    <testCase name="handlePermission should handle permission for creating investment products" duration="3"/>
  </file>
  <file path="/Users/work/Documents/retailcore-mfe-investment-management/src/__tests__/components/Pages/management/book-investment/Preview.test.tsx">
    <testCase name="Preview Renders without crashing" duration="308"/>
    <testCase name="handleSuccess Sets success message if isSuccess and role === superadmin" duration="9"/>
    <testCase name="handleSuccess Sets success message if isSuccess is false and role === superadmin" duration="4"/>
    <testCase name="handleSuccess Sets success message if role !== superadmin" duration="4"/>
    <testCase name="handleErrorMessage Sets error message if isError === true" duration="7"/>
    <testCase name="handleErrorMessage Sets error message if isError === false" duration="6"/>
    <testCase name="handleSubmit Should call modifyProduct if process === modify" duration="6"/>
    <testCase name="handleSubmit Should call modifyRequest if process === withdraw_modify" duration="10"/>
    <testCase name="handleSubmit Should call createProduct if process === create" duration="3"/>
    <testCase name="handleSubmit Should call createProduct if process === continue" duration="3"/>
    <testCase name="handleSubmit Should call createProduct if process === clone" duration="4"/>
    <testCase name="handleCancel Sets correct message when process === create" duration="3"/>
    <testCase name="handleCancel Sets correct message when process === modify" duration="7"/>
    <testCase name="handleCancel Sets correct message when process === continue" duration="5"/>
  </file>
  <file path="/Users/work/Documents/retailcore-mfe-investment-management/src/__tests__/modals/BookingDetail.test.tsx">
    <testCase name="code snippet should render" duration="552"/>
    <testCase name="BookingDetailLayout should render the product name and investment status" duration="84"/>
    <testCase name="BookingDetailLayout should display customer name and account number" duration="81"/>
    <testCase name="BookingDetailLayout should show investment ID and principal" duration="80"/>
    <testCase name="BookingDetailLayout should display &quot;-&quot; when product name is not available" duration="84"/>
    <testCase name="BookingDetailLayout should display &quot;-&quot; when investment ID is not available" duration="66"/>
    <testCase name="BookingDetailLayout should display &quot;-&quot; when principal is not available" duration="67"/>
  </file>
  <file path="/Users/work/Documents/retailcore-mfe-investment-management/src/__tests__/forms/FormUpload.test.tsx">
    <testCase name="FormUpload renders without crashing" duration="49"/>
    <testCase name="FormUpload matches snapshot" duration="39"/>
    <testCase name="FormUpload should reset all state variables when handleReset is called" duration="7"/>
    <testCase name="handleFileChange should select a file and set the file type correctly" duration="11"/>
    <testCase name="handleFileChange should set an error message when the file size exceeds the maximum allowed size" duration="8"/>
    <testCase name="handleFileChange should set an error message when no file is selected" duration="5"/>
    <testCase name="handleFileChange should display an error message when selecting a file with an invalid extension" duration="5"/>
    <testCase name="FormUpload should display error message when selecting a file with an unsupported file type" duration="37"/>
    <testCase name="handleDrag should set dragActive to true when dragenter event is triggered" duration="3"/>
    <testCase name="handleDrag should set dragActive to true when dragover event is triggered" duration="3"/>
    <testCase name="handleDrag should set dragActive to false when dragleave event is triggered" duration="20"/>
    <testCase name="handleReset should reset upload data to an empty array" duration="3"/>
    <testCase name="handleReset should set status to null" duration="3"/>
    <testCase name="handleDrop should read and process a valid file when dropped" duration="4"/>
    <testCase name="handleDrop should process a file with a valid file type when dropped" duration="7"/>
    <testCase name="handleDrop should read and process a file with a valid file type when dropped" duration="4"/>
    <testCase name="handleDrop should process a file with a valid file type when dropped" duration="2"/>
    <testCase name="handleDrop should process a file with a valid file type when dropped" duration="10"/>
    <testCase name="handleDrop should set an error message when the file type is not supported" duration="15"/>
    <testCase name="handleDrop should set the base64 image correctly when the file is read" duration="5"/>
  </file>
  <file path="/Users/work/Documents/retailcore-mfe-investment-management/src/__tests__/pages/management/book-investment/IndexComponent.test.tsx">
  </file>
  <file path="/Users/work/Documents/retailcore-mfe-investment-management/src/__tests__/ProductDetail.test.tsx">
    <testCase name="ProductDetail Renders without crashing" duration="216"/>
    <testCase name="ProductDetail Renders without crashing" duration="100"/>
    <testCase name="ProductDetail should render data rows correctly" duration="15"/>
    <testCase name="ProductDetail should handle no previous data available" duration="66"/>
    <testCase name="DebitCreditable should render product details correctly" duration="82"/>
    <testCase name="DebitCreditable should display an empty table when dataTab prop is an empty array" duration="9"/>
    <testCase name="DebitCreditable should display the correct S|N value for each row" duration="20"/>
  </file>
  <file path="/Users/work/Documents/retailcore-mfe-investment-management/src/__tests__/components/Pages/management/book-investment/FacilityDetails.test.tsx">
  </file>
  <file path="/Users/work/Documents/retailcore-mfe-investment-management/src/__tests__/components/Breadcrumbs.test.tsx">
    <testCase name="Breadcrumbs renders without crashing" duration="45"/>
    <testCase name="Breadcrumbs matches snapshot" duration="18"/>
    <testCase name="Breadcrumbs displays breadcrumb links" duration="22"/>
    <testCase name="Breadcrumbs Can click on links" duration="12"/>
  </file>
  <file path="/Users/work/Documents/retailcore-mfe-investment-management/src/__tests__/forms/BorderlessSelect.test.tsx">
    <testCase name="BorderlessSelect Renders without error" duration="83"/>
    <testCase name="BorderlessSelect Shows options when input is clicked" duration="71"/>
    <testCase name="BorderlessSelect indicates that input is required" duration="15"/>
    <testCase name="BorderlessSelect indicates error" duration="17"/>
    <testCase name="BorderlessSelect changes value when clicked and hides options" duration="43"/>
  </file>
  <file path="/Users/work/Documents/retailcore-mfe-investment-management/src/__tests__/components/forms/GlInput.tsx">
    <testCase name="closeDropdown should set isOpen state to false when called with a valid setIsOpen function" duration="18"/>
    <testCase name="EntriesAndEventsSearchResults should render a search input field with a search icon" duration="188"/>
    <testCase name="EntriesAndEventsSearchResults should allow user to input search query" duration="33"/>
    <testCase name="EntriesAndEventsSearchResults should display a dropdown menu when search input field is clicked" duration="44"/>
    <testCase name="EntriesAndEventsSearchResults should display an empty dropdown menu when there are no GL classes" duration="154"/>
    <testCase name="EntriesAndEventsSearchResults should display an empty list of ledgers when a GL class has no ledgers" duration="46"/>
    <testCase name="EntriesAndEventsSearchResults should display an error message when there is an error fetching GL classes or ledgers" duration="71"/>
    <testCase name="EntriesAndEventsSearchResults renders with default props" duration="37"/>
    <testCase name="EntriesAndEventsSearchResults handles input change and displays results" duration="22"/>
    <testCase name="EntriesAndEventsSearchResults handles click on a result and triggers functions" duration="23"/>
  </file>
  <file path="/Users/work/Documents/retailcore-mfe-investment-management/src/__tests__/components/Pages/management/book-investment/CustomerInformation.test.tsx">
    <testCase name="updateCustomerData should set customers data based on response data" duration="20"/>
    <testCase name="updateCustomerData should set form data customerId based on customerData" duration="8"/>
    <testCase name="updateCustomerData should not update customers data or form data when isSuccess is false" duration="5"/>
    <testCase name="handleAccountNumberAndData should set customerData state when accountNumber and data are both truthy" duration="8"/>
    <testCase name="handleAccountNumberAndData should update formData state with customerId and customerProfile properties" duration="5"/>
    <testCase name="handleAccountNumberAndData should set customerId, customerName, and customerAccount fields of the form" duration="12"/>
    <testCase name="handleAccountNumberAndData should not modify any state or form fields when accountNumber is falsy" duration="4"/>
    <testCase name="handleAccountNumberAndData should set customerData state to null when data is falsy" duration="20"/>
    <testCase name="handleAccountNumberAndData should set customerData state to null when no object is found in data" duration="9"/>
  </file>
  <file path="/Users/work/Documents/retailcore-mfe-investment-management/src/__tests__/components/Pages/term-deposit/forms/toggle-input-children.test.tsx">
    <testCase name="ToggleInputChildren should render the label and a switch component when rendered" duration="135"/>
    <testCase name="ToggleInputChildren should toggle the switch component on click" duration="23"/>
    <testCase name="ToggleInputChildren should set the default value of the switch component if defaultValue prop is not null" duration="20"/>
    <testCase name="ToggleInputChildren should not set the default value of the switch component if defaultValue prop is null" duration="27"/>
    <testCase name="ToggleInputChildren should call setValue and trigger with the correct inputName when the switch component is toggled" duration="18"/>
  </file>
  <file path="/Users/work/Documents/retailcore-mfe-investment-management/src/__tests__/components/forms/MinMaxInput.test.tsx">
    <testCase name="MinMaxInput should render an input field with default value and placeholder" duration="46"/>
    <testCase name="MinMaxInput should allow user input and trigger change event" duration="20"/>
    <testCase name="MinMaxInput should clear errors when input value changes" duration="16"/>
    <testCase name="MinMaxInput should display red border when there is an error" duration="16"/>
    <testCase name="MinMaxInput should not display red border when there is no error" duration="7"/>
    <testCase name="MinMaxInput should display default placeholder if not provided" duration="8"/>
    <testCase name="MinMaxInput renders without errors" duration="32"/>
    <testCase name="MinMaxInput handles value change" duration="19"/>
  </file>
  <file path="/Users/work/Documents/retailcore-mfe-investment-management/src/__tests__/components/summary/IndexComponent.test.tsx">
    <testCase name="IndexComponent Renders without crashing" duration="106"/>
  </file>
  <file path="/Users/work/Documents/retailcore-mfe-investment-management/src/__tests__/forms/FormDate.test.tsx">
    <testCase name="FormDate component should update date on date change" duration="84"/>
    <testCase name="FormDate component should display error message when there is an error" duration="21"/>
  </file>
  <file path="/Users/work/Documents/retailcore-mfe-investment-management/src/__tests__/components/Pages/management/manage-investment/TableComponent.test.tsx">
    <testCase name="handleDropdown should return an array of options based on the status, isChecker, locked, and permissions parameters" duration="94"/>
    <testCase name="handleDropdown should filter out &quot;deactivate&quot; and &quot;activate&quot; options if user does not have &quot;CREATE_PRODUCT&quot; permission" duration="3"/>
    <testCase name="handleDropdown should filter out &quot;modify&quot; option if user does not have &quot;CREATE_PRODUCT&quot; permission and is not a checker" duration="3"/>
    <testCase name="handleDropdown should return an array with only &quot;view&quot; option if locked parameter is true and &quot;view&quot; option exists" duration="3"/>
    <testCase name="handleDropdown should return an empty array if locked parameter is true and &quot;view&quot; option does not exist" duration="3"/>
    <testCase name="handleDropdown should return an array with only &quot;view&quot; option if isChecker parameter is true and &quot;view&quot; option exists" duration="3"/>
    <testCase name="handleHeaders should filter out &apos;created_by&apos; when isChecker is true" duration="2"/>
    <testCase name="handleHeaders should filter out &apos;approved_By&apos; when isChecker is false" duration="9"/>
    <testCase name="handleDownload should generate CSV for requests category" duration="6"/>
    <testCase name="handleDownload should generate CSV for product category" duration="10"/>
    <testCase name="handleDownload should not generate CSV if downloadData is empty" duration="3"/>
    <testCase name="initiateDownload should download all products when category is &quot;all products&quot;" duration="5"/>
    <testCase name="initiateDownload should download all requests when category is &quot;requests&quot;" duration="2"/>
    <testCase name="initiateDownload should include selected filter value in download query" duration="3"/>
    <testCase name="initiateDownload should not include filter value in download query when no selected filter value is provided" duration="3"/>
    <testCase name="initiateDownload should not call download functions when category is not &quot;all products&quot; or &quot;requests&quot;" duration="5"/>
    <testCase name="initiateDownload should call download functions with empty query object" duration="2"/>
    <testCase name="getSearchResult should call setSearchResults with an empty array when value is empty" duration="4"/>
    <testCase name="getSearchResult should call getRequests with the correct parameters when category is Requests" duration="2"/>
    <testCase name="getSearchResult should call setSearchResults with an empty array when value is null" duration="15"/>
    <testCase name="getSearchResult should not call setSearchResults when category is not a valid StatusCategoryType" duration="3"/>
    <testCase name="getSearchResult should call setSearchResults with an empty array when getProducts/getRequests returns an error" duration="3"/>
    <testCase name="getSearchResult should call getProducts/getRequests with the correct parameters when value is a string with special characters" duration="5"/>
    <testCase name="getSearchResult should call setSearchResults with an empty array when value is a string with only spaces" duration="3"/>
  </file>
  <file path="/Users/work/Documents/retailcore-mfe-investment-management/src/__tests__/forms/CustomComboSelect.test.tsx">
    <testCase name="CustomComboSelect sets the input value when an option is selected" duration="153"/>
    <testCase name="CustomComboSelect handles default value correctly" duration="22"/>
    <testCase name="CustomComboSelect renders &quot;No data&quot; when there are no options" duration="26"/>
    <testCase name="CustomComboSelect Renders without errors" duration="20"/>
    <testCase name="handleDefault should set the selected item to the corresponding value in options when defaultValue matches an item name in options" duration="3"/>
    <testCase name="handleDefault should handle case sensitivity when matching defaultValue to item names in options" duration="7"/>
    <testCase name="classNames should return an empty string when no arguments are passed" duration="3"/>
    <testCase name="classNames should return a single class name when only one argument is passed" duration="7"/>
    <testCase name="classNames should return a concatenated string of class names when multiple arguments are passed" duration="4"/>
    <testCase name="classNames should handle very long class names and a large number of arguments without crashing" duration="2"/>
    <testCase name="classNames should handle special characters and unicode characters in class names" duration="4"/>
  </file>
  <file path="/Users/work/Documents/retailcore-mfe-investment-management/src/__tests__/forms/InfoLabel.test.tsx">
    <testCase name="InfoLabel Renders without errors" duration="69"/>
  </file>
  <file path="/Users/work/Documents/retailcore-mfe-investment-management/src/__tests__/components/Button.test.tsx">
    <testCase name="Button renders without crashing" duration="33"/>
    <testCase name="Button renders children" duration="16"/>
    <testCase name="Button applies custom className" duration="11"/>
    <testCase name="Button can show loader" duration="12"/>
    <testCase name="Button can hide loader" duration="7"/>
    <testCase name="Button can render button elements" duration="11"/>
    <testCase name="Button calls onClick handler" duration="13"/>
  </file>
  <file path="/Users/work/Documents/retailcore-mfe-investment-management/src/__tests__/components/forms/MultiSelectForm2.tsx">
    <testCase name="handleChange should add a new value to selectedOptions array when it doesnt already exist" duration="16"/>
    <testCase name="handleChange should remove a value from selectedOptions array when it already exists" duration="3"/>
    <testCase name="handleChange should handle null or undefined value parameter" duration="3"/>
    <testCase name="handleChange should handle null or undefined setSelectedOptions parameter" duration="18"/>
    <testCase name="handleChange should handle null or undefined id parameter" duration="10"/>
    <testCase name="closeDropdown should set isOpen state to false when called with setIsOpen(false)" duration="3"/>
    <testCase name="closeDropdown should not throw an error when called with setIsOpen" duration="3"/>
    <testCase name="closeDropdown should not have any side effects other than setting isOpen state to false" duration="206"/>
    <testCase name="closeDropdown should not affect any other state or props" duration="3"/>
    <testCase name="MultiSelectForm2 should render a search input with the provided placeholder prop" duration="82"/>
    <testCase name="MultiSelectForm2 should render a list of options with checkboxes" duration="10"/>
    <testCase name="MultiSelectForm2 should render a default placeholder when no placeholder prop is provided" duration="29"/>
    <testCase name="handleClick should register inputName when called" duration="2"/>
    <testCase name="handleClick should set value for inputName to selectedOptions when called" duration="2"/>
    <testCase name="handleClick should call handleSelected with inputName and selectedOptions when called" duration="5"/>
    <testCase name="MultiSelectForm2 renders error message when there are errors" duration="12"/>
  </file>
  <file path="/Users/work/Documents/retailcore-mfe-investment-management/src/__tests__/components/investment/dashboard/TableComponent.test.tsx">
    <testCase name="handleDropdown should return an array of options based on the status, isChecker, locked, and permissions parameters" duration="17"/>
    <testCase name="handleDropdown should filter out &quot;deactivate&quot; and &quot;activate&quot; options if user does not have &quot;CREATE_PRODUCT&quot; permission" duration="6"/>
    <testCase name="handleDropdown should filter out &quot;modify&quot; option if user does not have &quot;CREATE_PRODUCT&quot; permission and is not a checker" duration="4"/>
    <testCase name="handleDropdown should return an array with only &quot;view&quot; option if locked parameter is true and &quot;view&quot; option exists" duration="5"/>
    <testCase name="handleDropdown should return an empty array if locked parameter is true and &quot;view&quot; option does not exist" duration="4"/>
    <testCase name="handleDropdown should return an array with only &quot;view&quot; option if isChecker parameter is true and &quot;view&quot; option exists" duration="3"/>
    <testCase name="handleHeaders should filter out &apos;created_by&apos; when isChecker is true" duration="20"/>
    <testCase name="handleHeaders should filter out &apos;approved_By&apos; when isChecker is false" duration="3"/>
    <testCase name="handleDownload should generate CSV for requests category" duration="25"/>
    <testCase name="handleDownload should generate CSV for product category" duration="3"/>
    <testCase name="handleDownload should not generate CSV if downloadData is empty" duration="2"/>
    <testCase name="initiateDownload should download all products when category is &quot;all products&quot;" duration="8"/>
    <testCase name="initiateDownload should download all requests when category is &quot;requests&quot;" duration="3"/>
    <testCase name="initiateDownload should include selected filter value in download query" duration="23"/>
    <testCase name="initiateDownload should not include filter value in download query when no selected filter value is provided" duration="3"/>
    <testCase name="initiateDownload should not call download functions when category is not &quot;all products&quot; or &quot;requests&quot;" duration="5"/>
    <testCase name="initiateDownload should call download functions with empty query object" duration="13"/>
    <testCase name="initiateDownload should set page size to 1000000 in download query" duration="3"/>
    <testCase name="getSearchResult should call setSearchResults with an empty array when value is empty" duration="3"/>
    <testCase name="getSearchResult should call getProducts with the correct parameters when category is AllProducts" duration="9"/>
    <testCase name="getSearchResult should call getRequests with the correct parameters when category is Requests" duration="3"/>
    <testCase name="getSearchResult should call setSearchResults with an empty array when value is null" duration="6"/>
    <testCase name="getSearchResult should not call setSearchResults when category is not a valid StatusCategoryType" duration="6"/>
    <testCase name="getSearchResult should call getProducts/getRequests with filter_by as undefined when selected is null" duration="3"/>
    <testCase name="getSearchResult should call setSearchResults with an empty array when getProducts/getRequests returns an error" duration="7"/>
    <testCase name="getSearchResult should call getProducts/getRequests with the correct parameters when value is a string with special characters" duration="15"/>
    <testCase name="getSearchResult should call setSearchResults with an empty array when value is a string with only spaces" duration="4"/>
  </file>
  <file path="/Users/work/Documents/retailcore-mfe-investment-management/src/__tests__/App.test.tsx">
    <testCase name="Test App Component If App is rendered wihout issues" duration="39"/>
  </file>
  <file path="/Users/work/Documents/retailcore-mfe-investment-management/src/__tests__/components/FormStepComponent.test.tsx">
    <testCase name="FormStepComponent should render the correct number of form step items when formStepItems is not empty" duration="96"/>
    <testCase name="FormStepComponent should render the correct label for each form step item when formStepItems is not empty" duration="48"/>
    <testCase name="FormStepComponent should render the correct index for each form step item when formStepItems is not empty" duration="18"/>
    <testCase name="FormStepComponent should handle empty formStepItems array and render default form step item" duration="16"/>
    <testCase name="FormStepComponent should handle step value greater than the number of formStepItems and render last form step item" duration="18"/>
    <testCase name="FormStepComponent should handle step value less than 1 and render first form step item" duration="28"/>
  </file>
</testExecutions>